CONFIG 1057
benchmark_file: slurm/data/20241118_210504/benchmarks/adder_n18.lss
decoder_latency_or_dist_filename: slurm/data/20241118_210504/decoder_dists.json
distance: 21
lightweight_setting: 2
max_parallel_processes: predict
missed_speculation_modifier: 1.4
poison_policy: successors
rng: 8
scheduling_method: aligned
speculation_accuracy: 0.9
speculation_latency: 1
speculation_mode: separate
2024-11-18 21:36:41 | Loading benchmark slurm/data/20241118_210504/benchmarks/adder_n18.lss...
2024-11-18 21:36:42 | Starting simulation
PREDICTION STEP BEGIN---------------------------------
Predicted max parallel processes: 156

PREDICTION STEP END-----------------------------------

2024-11-18 21:37:12 | Simulation update: decoder round 1, completed instructions: 0/2002, actively running or decoding instructions: 3, waiting windows: 0/0. Max active instruction index: 18
2024-11-18 21:37:22 | Simulation update: decoder round 3485, completed instructions: 433/2002, actively running or decoding instructions: 8, waiting windows: 1714/3474. Max active instruction index: 421
2024-11-18 21:37:32 | Simulation update: decoder round 6915, completed instructions: 818/2002, actively running or decoding instructions: 14, waiting windows: 3359/6988. Max active instruction index: 814
2024-11-18 21:37:42 | Simulation update: decoder round 11164, completed instructions: 1400/2002, actively running or decoding instructions: 10, waiting windows: 5020/10668. Max active instruction index: 1423
2024-11-18 21:37:48 | Finished simulation
2024-11-18 21:37:48 | Finished saving output. Done! Total elapsed time: 0:01:06.738968
