CONFIG 1099
benchmark_file: slurm/data/20241118_210504/benchmarks/fermi_hubbard_2_2.lss
decoder_latency_or_dist_filename: slurm/data/20241118_210504/decoder_dists.json
distance: 21
lightweight_setting: 2
max_parallel_processes: None
missed_speculation_modifier: 1.4
poison_policy: successors
rng: 0
scheduling_method: parallel
speculation_accuracy: 0.9
speculation_latency: 1
speculation_mode: None
2024-11-18 21:37:10 | Loading benchmark slurm/data/20241118_210504/benchmarks/fermi_hubbard_2_2.lss...
2024-11-18 21:37:11 | Starting simulation
2024-11-18 21:37:13 | Simulation update: decoder round 1, completed instructions: 0/14751, actively running or decoding instructions: 13, waiting windows: 0/0. Max active instruction index: 30
2024-11-18 21:37:23 | Simulation update: decoder round 947, completed instructions: 53/14751, actively running or decoding instructions: 3, waiting windows: 412/642. Max active instruction index: 50
2024-11-18 21:37:33 | Simulation update: decoder round 1885, completed instructions: 65/14751, actively running or decoding instructions: 4, waiting windows: 687/1219. Max active instruction index: 62
2024-11-18 21:37:43 | Simulation update: decoder round 2824, completed instructions: 72/14751, actively running or decoding instructions: 2, waiting windows: 998/1828. Max active instruction index: 71
2024-11-18 21:37:53 | Simulation update: decoder round 3774, completed instructions: 83/14751, actively running or decoding instructions: 4, waiting windows: 1295/2434. Max active instruction index: 79
2024-11-18 21:38:03 | Simulation update: decoder round 4726, completed instructions: 94/14751, actively running or decoding instructions: 4, waiting windows: 1611/3059. Max active instruction index: 90
2024-11-18 21:38:13 | Simulation update: decoder round 5675, completed instructions: 105/14751, actively running or decoding instructions: 4, waiting windows: 1912/3672. Max active instruction index: 101
2024-11-18 21:38:23 | Simulation update: decoder round 6633, completed instructions: 116/14751, actively running or decoding instructions: 4, waiting windows: 2211/4286. Max active instruction index: 112
2024-11-18 21:38:33 | Simulation update: decoder round 7587, completed instructions: 126/14751, actively running or decoding instructions: 2, waiting windows: 2545/4930. Max active instruction index: 122
2024-11-18 21:38:43 | Simulation update: decoder round 8544, completed instructions: 137/14751, actively running or decoding instructions: 3, waiting windows: 2850/5562. Max active instruction index: 133
2024-11-18 21:38:53 | Simulation update: decoder round 9497, completed instructions: 147/14751, actively running or decoding instructions: 4, waiting windows: 3150/6166. Max active instruction index: 144
2024-11-18 21:39:03 | Simulation update: decoder round 10451, completed instructions: 160/14751, actively running or decoding instructions: 4, waiting windows: 3454/6773. Max active instruction index: 156
2024-11-18 21:39:13 | Simulation update: decoder round 11404, completed instructions: 170/14751, actively running or decoding instructions: 3, waiting windows: 3774/7417. Max active instruction index: 166
2024-11-18 21:39:23 | Simulation update: decoder round 12376, completed instructions: 180/14751, actively running or decoding instructions: 3, waiting windows: 4071/8026. Max active instruction index: 182
2024-11-18 21:39:33 | Simulation update: decoder round 13329, completed instructions: 192/14751, actively running or decoding instructions: 3, waiting windows: 4391/8658. Max active instruction index: 188
2024-11-18 21:39:43 | Simulation update: decoder round 14293, completed instructions: 202/14751, actively running or decoding instructions: 2, waiting windows: 4698/9287. Max active instruction index: 199
2024-11-18 21:39:53 | Simulation update: decoder round 15255, completed instructions: 220/14751, actively running or decoding instructions: 2, waiting windows: 5013/9911. Max active instruction index: 216
2024-11-18 21:40:03 | Simulation update: decoder round 16200, completed instructions: 231/14751, actively running or decoding instructions: 3, waiting windows: 5326/10543. Max active instruction index: 227
2024-11-18 21:40:13 | Simulation update: decoder round 17172, completed instructions: 241/14751, actively running or decoding instructions: 3, waiting windows: 5648/11187. Max active instruction index: 238
2024-11-18 21:40:23 | Simulation update: decoder round 18147, completed instructions: 253/14751, actively running or decoding instructions: 4, waiting windows: 5967/11823. Max active instruction index: 254
2024-11-18 21:40:33 | Simulation update: decoder round 19119, completed instructions: 264/14751, actively running or decoding instructions: 4, waiting windows: 6282/12467. Max active instruction index: 266
2024-11-18 21:40:43 | Simulation update: decoder round 20097, completed instructions: 276/14751, actively running or decoding instructions: 5, waiting windows: 6585/13091. Max active instruction index: 277
2024-11-18 21:40:53 | Simulation update: decoder round 21079, completed instructions: 288/14751, actively running or decoding instructions: 4, waiting windows: 6902/13729. Max active instruction index: 284
2024-11-18 21:41:03 | Simulation update: decoder round 22062, completed instructions: 299/14751, actively running or decoding instructions: 4, waiting windows: 7225/14366. Max active instruction index: 295
2024-11-18 21:41:13 | Simulation update: decoder round 23020, completed instructions: 308/14751, actively running or decoding instructions: 2, waiting windows: 7552/15012. Max active instruction index: 305
2024-11-18 21:41:23 | Simulation update: decoder round 24001, completed instructions: 321/14751, actively running or decoding instructions: 3, waiting windows: 7855/15641. Max active instruction index: 317
2024-11-18 21:41:33 | Simulation update: decoder round 24991, completed instructions: 332/14751, actively running or decoding instructions: 2, waiting windows: 8197/16313. Max active instruction index: 328
2024-11-18 21:41:43 | Simulation update: decoder round 25971, completed instructions: 350/14751, actively running or decoding instructions: 3, waiting windows: 8508/16940. Max active instruction index: 346
2024-11-18 21:41:53 | Simulation update: decoder round 26960, completed instructions: 362/14751, actively running or decoding instructions: 3, waiting windows: 8828/17600. Max active instruction index: 358
2024-11-18 21:42:03 | Simulation update: decoder round 27950, completed instructions: 373/14751, actively running or decoding instructions: 3, waiting windows: 9155/18260. Max active instruction index: 369
2024-11-18 21:42:13 | Simulation update: decoder round 28943, completed instructions: 383/14751, actively running or decoding instructions: 3, waiting windows: 9480/18913. Max active instruction index: 385
2024-11-18 21:42:23 | Simulation update: decoder round 29916, completed instructions: 395/14751, actively running or decoding instructions: 2, waiting windows: 9806/19557. Max active instruction index: 391
2024-11-18 21:42:33 | Simulation update: decoder round 30904, completed instructions: 406/14751, actively running or decoding instructions: 3, waiting windows: 10130/20217. Max active instruction index: 402
2024-11-18 21:42:43 | Simulation update: decoder round 31903, completed instructions: 417/14751, actively running or decoding instructions: 4, waiting windows: 10455/20862. Max active instruction index: 413
2024-11-18 21:42:53 | Simulation update: decoder round 32897, completed instructions: 427/14751, actively running or decoding instructions: 2, waiting windows: 10779/21522. Max active instruction index: 423
2024-11-18 21:43:03 | Simulation update: decoder round 33893, completed instructions: 439/14751, actively running or decoding instructions: 3, waiting windows: 11108/22184. Max active instruction index: 439
2024-11-18 21:43:13 | Simulation update: decoder round 34891, completed instructions: 450/14751, actively running or decoding instructions: 4, waiting windows: 11429/22833. Max active instruction index: 450
2024-11-18 21:43:23 | Simulation update: decoder round 35895, completed instructions: 464/14751, actively running or decoding instructions: 2, waiting windows: 11753/23485. Max active instruction index: 461
2024-11-18 21:43:33 | Simulation update: decoder round 36882, completed instructions: 475/14751, actively running or decoding instructions: 2, waiting windows: 12067/24120. Max active instruction index: 472
2024-11-18 21:43:43 | Simulation update: decoder round 37892, completed instructions: 488/14751, actively running or decoding instructions: 4, waiting windows: 12387/24760. Max active instruction index: 484
2024-11-18 21:43:53 | Simulation update: decoder round 38893, completed instructions: 500/14751, actively running or decoding instructions: 4, waiting windows: 12708/25414. Max active instruction index: 500
2024-11-18 21:44:03 | Simulation update: decoder round 39901, completed instructions: 515/14751, actively running or decoding instructions: 2, waiting windows: 13037/26067. Max active instruction index: 511
2024-11-18 21:44:13 | Simulation update: decoder round 40902, completed instructions: 525/14751, actively running or decoding instructions: 4, waiting windows: 13341/26700. Max active instruction index: 522
2024-11-18 21:44:23 | Simulation update: decoder round 41910, completed instructions: 536/14751, actively running or decoding instructions: 3, waiting windows: 13674/27349. Max active instruction index: 537
2024-11-18 21:44:33 | Simulation update: decoder round 42919, completed instructions: 547/14751, actively running or decoding instructions: 3, waiting windows: 14000/28022. Max active instruction index: 543
2024-11-18 21:44:43 | Simulation update: decoder round 43906, completed instructions: 557/14751, actively running or decoding instructions: 2, waiting windows: 14329/28680. Max active instruction index: 553
2024-11-18 21:44:53 | Simulation update: decoder round 44919, completed instructions: 566/14751, actively running or decoding instructions: 3, waiting windows: 14653/29339. Max active instruction index: 563
2024-11-18 21:45:03 | Simulation update: decoder round 45932, completed instructions: 579/14751, actively running or decoding instructions: 3, waiting windows: 15001/30017. Max active instruction index: 575
2024-11-18 21:45:13 | Simulation update: decoder round 46949, completed instructions: 613/14751, actively running or decoding instructions: 9, waiting windows: 15338/30691. Max active instruction index: 607
2024-11-18 21:45:23 | Simulation update: decoder round 47969, completed instructions: 629/14751, actively running or decoding instructions: 4, waiting windows: 15692/31410. Max active instruction index: 623
2024-11-18 21:45:33 | Simulation update: decoder round 48988, completed instructions: 644/14751, actively running or decoding instructions: 4, waiting windows: 16040/32117. Max active instruction index: 638
2024-11-18 21:45:43 | Simulation update: decoder round 50007, completed instructions: 659/14751, actively running or decoding instructions: 2, waiting windows: 16405/32857. Max active instruction index: 653
2024-11-18 21:45:53 | Simulation update: decoder round 51028, completed instructions: 673/14751, actively running or decoding instructions: 2, waiting windows: 16758/33576. Max active instruction index: 668
2024-11-18 21:46:03 | Simulation update: decoder round 52027, completed instructions: 690/14751, actively running or decoding instructions: 3, waiting windows: 17117/34286. Max active instruction index: 684
2024-11-18 21:46:13 | Simulation update: decoder round 53052, completed instructions: 704/14751, actively running or decoding instructions: 4, waiting windows: 17456/34988. Max active instruction index: 699
2024-11-18 21:46:23 | Simulation update: decoder round 54082, completed instructions: 720/14751, actively running or decoding instructions: 2, waiting windows: 17820/35717. Max active instruction index: 714
