CONFIG 1155
benchmark_file: slurm/data/20241118_210504/benchmarks/adder_n18.lss
decoder_latency_or_dist_filename: slurm/data/20241118_210504/decoder_dists.json
distance: 21
lightweight_setting: 2
max_parallel_processes: None
missed_speculation_modifier: 1.4
poison_policy: successors
rng: 2
scheduling_method: parallel
speculation_accuracy: 0.9
speculation_latency: 1
speculation_mode: None
2024-11-18 21:37:12 | Loading benchmark slurm/data/20241118_210504/benchmarks/adder_n18.lss...
2024-11-18 21:37:12 | Starting simulation
2024-11-18 21:37:12 | Simulation update: decoder round 1, completed instructions: 0/2002, actively running or decoding instructions: 3, waiting windows: 0/0. Max active instruction index: 18
2024-11-18 21:37:22 | Simulation update: decoder round 3390, completed instructions: 323/2002, actively running or decoding instructions: 9, waiting windows: 1688/3271. Max active instruction index: 327
2024-11-18 21:37:32 | Simulation update: decoder round 7078, completed instructions: 523/2002, actively running or decoding instructions: 10, waiting windows: 3402/6798. Max active instruction index: 515
2024-11-18 21:37:42 | Simulation update: decoder round 10311, completed instructions: 802/2002, actively running or decoding instructions: 15, waiting windows: 4960/10080. Max active instruction index: 814
2024-11-18 21:37:52 | Simulation update: decoder round 14077, completed instructions: 1211/2002, actively running or decoding instructions: 15, waiting windows: 6593/13537. Max active instruction index: 1238
2024-11-18 21:38:02 | Simulation update: decoder round 20747, completed instructions: 1699/2002, actively running or decoding instructions: 8, waiting windows: 8370/17487. Max active instruction index: 1695
2024-11-18 21:38:05 | Finished simulation
2024-11-18 21:38:05 | Finished saving output. Done! Total elapsed time: 0:00:53.491476
