CONFIG 1159
benchmark_file: slurm/data/20241118_210504/benchmarks/qpeexact_5.lss
decoder_latency_or_dist_filename: slurm/data/20241118_210504/decoder_dists.json
distance: 21
lightweight_setting: 2
max_parallel_processes: None
missed_speculation_modifier: 1.4
poison_policy: successors
rng: 2
scheduling_method: parallel
speculation_accuracy: 0.9
speculation_latency: 1
speculation_mode: None
2024-11-18 21:37:12 | Loading benchmark slurm/data/20241118_210504/benchmarks/qpeexact_5.lss...
2024-11-18 21:37:13 | Starting simulation
2024-11-18 21:37:15 | Simulation update: decoder round 1, completed instructions: 0/14570, actively running or decoding instructions: 1, waiting windows: 0/0. Max active instruction index: 0
2024-11-18 21:37:25 | Simulation update: decoder round 6317, completed instructions: 78/14570, actively running or decoding instructions: 2, waiting windows: 278/552. Max active instruction index: 74
2024-11-18 21:37:35 | Simulation update: decoder round 13078, completed instructions: 161/14570, actively running or decoding instructions: 4, waiting windows: 546/1120. Max active instruction index: 157
2024-11-18 21:37:45 | Simulation update: decoder round 20394, completed instructions: 245/14570, actively running or decoding instructions: 2, waiting windows: 824/1708. Max active instruction index: 243
2024-11-18 21:37:55 | Simulation update: decoder round 28428, completed instructions: 338/14570, actively running or decoding instructions: 2, waiting windows: 1163/2421. Max active instruction index: 334
2024-11-18 21:38:05 | Simulation update: decoder round 37469, completed instructions: 450/14570, actively running or decoding instructions: 4, waiting windows: 1516/3173. Max active instruction index: 446
2024-11-18 21:38:15 | Simulation update: decoder round 47685, completed instructions: 575/14570, actively running or decoding instructions: 3, waiting windows: 2001/4152. Max active instruction index: 566
2024-11-18 21:38:25 | Simulation update: decoder round 58909, completed instructions: 713/14570, actively running or decoding instructions: 2, waiting windows: 3012/6225. Max active instruction index: 704
2024-11-18 21:38:35 | Simulation update: decoder round 73418, completed instructions: 883/14570, actively running or decoding instructions: 2, waiting windows: 4268/8798. Max active instruction index: 875
2024-11-18 21:38:45 | Simulation update: decoder round 92029, completed instructions: 1130/14570, actively running or decoding instructions: 7, waiting windows: 5960/12240. Max active instruction index: 1667
2024-11-18 21:38:55 | Simulation update: decoder round 92834, completed instructions: 1165/14570, actively running or decoding instructions: 10, waiting windows: 6075/12471. Max active instruction index: 1698
2024-11-18 21:39:05 | Simulation update: decoder round 93643, completed instructions: 1189/14570, actively running or decoding instructions: 4, waiting windows: 6210/12749. Max active instruction index: 1719
2024-11-18 21:39:15 | Simulation update: decoder round 94455, completed instructions: 1208/14570, actively running or decoding instructions: 5, waiting windows: 6316/12986. Max active instruction index: 1737
2024-11-18 21:39:25 | Simulation update: decoder round 95270, completed instructions: 1230/14570, actively running or decoding instructions: 5, waiting windows: 6440/13243. Max active instruction index: 1763
2024-11-18 21:39:35 | Simulation update: decoder round 96093, completed instructions: 1250/14570, actively running or decoding instructions: 6, waiting windows: 6562/13494. Max active instruction index: 1775
2024-11-18 21:39:45 | Simulation update: decoder round 96914, completed instructions: 1275/14570, actively running or decoding instructions: 5, waiting windows: 6700/13775. Max active instruction index: 1802
2024-11-18 21:39:55 | Simulation update: decoder round 97742, completed instructions: 1291/14570, actively running or decoding instructions: 5, waiting windows: 6820/14037. Max active instruction index: 1815
2024-11-18 21:40:05 | Simulation update: decoder round 98563, completed instructions: 1319/14570, actively running or decoding instructions: 5, waiting windows: 6962/14314. Max active instruction index: 1842
2024-11-18 21:40:15 | Simulation update: decoder round 99384, completed instructions: 1337/14570, actively running or decoding instructions: 4, waiting windows: 7087/14582. Max active instruction index: 1869
2024-11-18 21:40:25 | Simulation update: decoder round 100209, completed instructions: 1359/14570, actively running or decoding instructions: 7, waiting windows: 7187/14802. Max active instruction index: 1883
2024-11-18 21:40:35 | Simulation update: decoder round 101042, completed instructions: 1378/14570, actively running or decoding instructions: 5, waiting windows: 7308/15054. Max active instruction index: 1909
2024-11-18 21:40:45 | Simulation update: decoder round 101878, completed instructions: 1403/14570, actively running or decoding instructions: 3, waiting windows: 7442/15323. Max active instruction index: 1931
2024-11-18 21:40:55 | Simulation update: decoder round 102717, completed instructions: 1428/14570, actively running or decoding instructions: 5, waiting windows: 7572/15595. Max active instruction index: 1955
2024-11-18 21:41:05 | Simulation update: decoder round 103555, completed instructions: 1454/14570, actively running or decoding instructions: 5, waiting windows: 7705/15867. Max active instruction index: 1980
2024-11-18 21:41:15 | Simulation update: decoder round 104397, completed instructions: 1481/14570, actively running or decoding instructions: 5, waiting windows: 7845/16155. Max active instruction index: 2008
2024-11-18 21:41:25 | Simulation update: decoder round 105241, completed instructions: 1508/14570, actively running or decoding instructions: 4, waiting windows: 7985/16444. Max active instruction index: 2033
2024-11-18 21:41:35 | Simulation update: decoder round 106088, completed instructions: 1524/14570, actively running or decoding instructions: 4, waiting windows: 8123/16732. Max active instruction index: 2045
2024-11-18 21:41:45 | Simulation update: decoder round 106936, completed instructions: 1551/14570, actively running or decoding instructions: 3, waiting windows: 8261/17022. Max active instruction index: 2077
2024-11-18 21:41:55 | Simulation update: decoder round 107790, completed instructions: 1576/14570, actively running or decoding instructions: 4, waiting windows: 8403/17311. Max active instruction index: 2103
2024-11-18 21:42:05 | Simulation update: decoder round 108650, completed instructions: 1593/14570, actively running or decoding instructions: 5, waiting windows: 8515/17565. Max active instruction index: 2115
2024-11-18 21:42:15 | Simulation update: decoder round 109509, completed instructions: 1621/14570, actively running or decoding instructions: 6, waiting windows: 8645/17835. Max active instruction index: 2137
2024-11-18 21:42:25 | Simulation update: decoder round 110372, completed instructions: 1645/14570, actively running or decoding instructions: 6, waiting windows: 8776/18105. Max active instruction index: 2163
2024-11-18 21:42:35 | Simulation update: decoder round 111236, completed instructions: 1665/14570, actively running or decoding instructions: 6, waiting windows: 8912/18381. Max active instruction index: 2189
2024-11-18 21:42:45 | Simulation update: decoder round 112103, completed instructions: 1692/14570, actively running or decoding instructions: 6, waiting windows: 9029/18631. Max active instruction index: 2211
2024-11-18 21:42:55 | Simulation update: decoder round 112971, completed instructions: 1711/14570, actively running or decoding instructions: 6, waiting windows: 9163/18906. Max active instruction index: 2225
2024-11-18 21:43:05 | Simulation update: decoder round 113840, completed instructions: 1735/14570, actively running or decoding instructions: 3, waiting windows: 9306/19203. Max active instruction index: 2249
2024-11-18 21:43:15 | Simulation update: decoder round 114710, completed instructions: 1762/14570, actively running or decoding instructions: 5, waiting windows: 9430/19483. Max active instruction index: 2289
2024-11-18 21:43:25 | Simulation update: decoder round 115589, completed instructions: 1794/14570, actively running or decoding instructions: 5, waiting windows: 9565/19753. Max active instruction index: 2321
2024-11-18 21:43:35 | Simulation update: decoder round 116472, completed instructions: 1813/14570, actively running or decoding instructions: 3, waiting windows: 9696/20034. Max active instruction index: 2329
2024-11-18 21:43:45 | Simulation update: decoder round 117356, completed instructions: 1839/14570, actively running or decoding instructions: 4, waiting windows: 9847/20329. Max active instruction index: 2359
2024-11-18 21:43:55 | Simulation update: decoder round 118241, completed instructions: 1864/14570, actively running or decoding instructions: 5, waiting windows: 9996/20636. Max active instruction index: 2385
2024-11-18 21:44:05 | Simulation update: decoder round 119124, completed instructions: 1889/14570, actively running or decoding instructions: 5, waiting windows: 10142/20940. Max active instruction index: 2417
2024-11-18 21:44:15 | Simulation update: decoder round 120007, completed instructions: 1907/14570, actively running or decoding instructions: 4, waiting windows: 10280/21237. Max active instruction index: 2418
2024-11-18 21:44:25 | Simulation update: decoder round 120894, completed instructions: 1931/14570, actively running or decoding instructions: 4, waiting windows: 10424/21539. Max active instruction index: 2443
2024-11-18 21:44:35 | Simulation update: decoder round 121790, completed instructions: 1957/14570, actively running or decoding instructions: 5, waiting windows: 10559/21829. Max active instruction index: 2469
2024-11-18 21:44:45 | Simulation update: decoder round 122687, completed instructions: 1988/14570, actively running or decoding instructions: 6, waiting windows: 10683/22097. Max active instruction index: 2493
2024-11-18 21:44:55 | Simulation update: decoder round 123585, completed instructions: 2016/14570, actively running or decoding instructions: 4, waiting windows: 10838/22397. Max active instruction index: 2520
2024-11-18 21:45:05 | Simulation update: decoder round 124492, completed instructions: 2041/14570, actively running or decoding instructions: 5, waiting windows: 10955/22667. Max active instruction index: 2546
2024-11-18 21:45:15 | Simulation update: decoder round 125403, completed instructions: 2070/14570, actively running or decoding instructions: 5, waiting windows: 11106/22953. Max active instruction index: 2573
2024-11-18 21:45:25 | Simulation update: decoder round 126322, completed instructions: 2096/14570, actively running or decoding instructions: 4, waiting windows: 11232/23224. Max active instruction index: 2599
2024-11-18 21:45:35 | Simulation update: decoder round 127239, completed instructions: 2124/14570, actively running or decoding instructions: 4, waiting windows: 11376/23522. Max active instruction index: 2626
2024-11-18 21:45:45 | Simulation update: decoder round 128156, completed instructions: 2150/14570, actively running or decoding instructions: 4, waiting windows: 11530/23836. Max active instruction index: 2651
2024-11-18 21:45:55 | Simulation update: decoder round 129077, completed instructions: 2174/14570, actively running or decoding instructions: 4, waiting windows: 11679/24151. Max active instruction index: 2676
2024-11-18 21:46:05 | Simulation update: decoder round 129986, completed instructions: 2199/14570, actively running or decoding instructions: 5, waiting windows: 11815/24441. Max active instruction index: 2703
2024-11-18 21:46:15 | Simulation update: decoder round 130916, completed instructions: 2230/14570, actively running or decoding instructions: 6, waiting windows: 11958/24743. Max active instruction index: 2752
2024-11-18 21:46:25 | Simulation update: decoder round 131853, completed instructions: 2247/14570, actively running or decoding instructions: 4, waiting windows: 12095/25038. Max active instruction index: 2766
