CONFIG 1184
benchmark_file: slurm/data/20241118_210504/benchmarks/H2.lss
decoder_latency_or_dist_filename: slurm/data/20241118_210504/decoder_dists.json
distance: 21
lightweight_setting: 2
max_parallel_processes: None
missed_speculation_modifier: 1.4
poison_policy: successors
rng: 4
scheduling_method: parallel
speculation_accuracy: 0.9
speculation_latency: 1
speculation_mode: None
2024-11-18 21:37:14 | Loading benchmark slurm/data/20241118_210504/benchmarks/H2.lss...
2024-11-18 21:37:15 | Starting simulation
2024-11-18 21:37:18 | Simulation update: decoder round 1, completed instructions: 0/28635, actively running or decoding instructions: 11, waiting windows: 0/0. Max active instruction index: 32
2024-11-18 21:37:28 | Simulation update: decoder round 377, completed instructions: 56/28635, actively running or decoding instructions: 8, waiting windows: 162/213. Max active instruction index: 52
2024-11-18 21:37:38 | Simulation update: decoder round 697, completed instructions: 66/28635, actively running or decoding instructions: 8, waiting windows: 265/396. Max active instruction index: 60
2024-11-18 21:37:48 | Simulation update: decoder round 1008, completed instructions: 66/28635, actively running or decoding instructions: 2, waiting windows: 348/564. Max active instruction index: 60
2024-11-18 21:37:58 | Simulation update: decoder round 1315, completed instructions: 73/28635, actively running or decoding instructions: 3, waiting windows: 437/743. Max active instruction index: 68
2024-11-18 21:38:08 | Simulation update: decoder round 1619, completed instructions: 73/28635, actively running or decoding instructions: 3, waiting windows: 519/908. Max active instruction index: 68
2024-11-18 21:38:18 | Simulation update: decoder round 1927, completed instructions: 82/28635, actively running or decoding instructions: 4, waiting windows: 601/1071. Max active instruction index: 76
2024-11-18 21:38:28 | Simulation update: decoder round 2235, completed instructions: 82/28635, actively running or decoding instructions: 4, waiting windows: 688/1249. Max active instruction index: 76
2024-11-18 21:38:38 | Simulation update: decoder round 2542, completed instructions: 88/28635, actively running or decoding instructions: 2, waiting windows: 777/1424. Max active instruction index: 83
2024-11-18 21:38:48 | Simulation update: decoder round 2840, completed instructions: 88/28635, actively running or decoding instructions: 2, waiting windows: 848/1579. Max active instruction index: 83
2024-11-18 21:38:58 | Simulation update: decoder round 3147, completed instructions: 97/28635, actively running or decoding instructions: 4, waiting windows: 934/1747. Max active instruction index: 91
2024-11-18 21:39:08 | Simulation update: decoder round 3457, completed instructions: 99/28635, actively running or decoding instructions: 3, waiting windows: 1027/1927. Max active instruction index: 99
2024-11-18 21:39:18 | Simulation update: decoder round 3757, completed instructions: 105/28635, actively running or decoding instructions: 3, waiting windows: 1107/2097. Max active instruction index: 99
2024-11-18 21:39:28 | Simulation update: decoder round 4060, completed instructions: 111/28635, actively running or decoding instructions: 2, waiting windows: 1203/2277. Max active instruction index: 106
2024-11-18 21:39:38 | Simulation update: decoder round 4365, completed instructions: 111/28635, actively running or decoding instructions: 2, waiting windows: 1266/2431. Max active instruction index: 106
2024-11-18 21:39:48 | Simulation update: decoder round 4669, completed instructions: 120/28635, actively running or decoding instructions: 4, waiting windows: 1363/2607. Max active instruction index: 114
2024-11-18 21:39:58 | Simulation update: decoder round 4975, completed instructions: 120/28635, actively running or decoding instructions: 3, waiting windows: 1449/2775. Max active instruction index: 114
2024-11-18 21:40:08 | Simulation update: decoder round 5280, completed instructions: 127/28635, actively running or decoding instructions: 3, waiting windows: 1540/2957. Max active instruction index: 121
2024-11-18 21:40:18 | Simulation update: decoder round 5584, completed instructions: 134/28635, actively running or decoding instructions: 3, waiting windows: 1624/3130. Max active instruction index: 129
2024-11-18 21:40:28 | Simulation update: decoder round 5888, completed instructions: 134/28635, actively running or decoding instructions: 2, waiting windows: 1700/3295. Max active instruction index: 129
2024-11-18 21:40:38 | Simulation update: decoder round 6190, completed instructions: 143/28635, actively running or decoding instructions: 4, waiting windows: 1780/3457. Max active instruction index: 137
2024-11-18 21:40:49 | Simulation update: decoder round 6495, completed instructions: 143/28635, actively running or decoding instructions: 2, waiting windows: 1877/3637. Max active instruction index: 137
2024-11-18 21:40:59 | Simulation update: decoder round 6801, completed instructions: 150/28635, actively running or decoding instructions: 3, waiting windows: 1957/3809. Max active instruction index: 144
2024-11-18 21:41:09 | Simulation update: decoder round 7107, completed instructions: 151/28635, actively running or decoding instructions: 2, waiting windows: 2056/3989. Max active instruction index: 151
2024-11-18 21:41:19 | Simulation update: decoder round 7412, completed instructions: 157/28635, actively running or decoding instructions: 2, waiting windows: 2135/4161. Max active instruction index: 151
2024-11-18 21:41:29 | Simulation update: decoder round 7719, completed instructions: 164/28635, actively running or decoding instructions: 3, waiting windows: 2223/4343. Max active instruction index: 158
2024-11-18 21:41:39 | Simulation update: decoder round 8026, completed instructions: 164/28635, actively running or decoding instructions: 3, waiting windows: 2317/4521. Max active instruction index: 158
2024-11-18 21:41:49 | Simulation update: decoder round 8334, completed instructions: 171/28635, actively running or decoding instructions: 3, waiting windows: 2400/4695. Max active instruction index: 165
2024-11-18 21:41:59 | Simulation update: decoder round 8642, completed instructions: 177/28635, actively running or decoding instructions: 3, waiting windows: 2487/4877. Max active instruction index: 172
2024-11-18 21:42:09 | Simulation update: decoder round 8949, completed instructions: 177/28635, actively running or decoding instructions: 3, waiting windows: 2566/5042. Max active instruction index: 172
2024-11-18 21:42:19 | Simulation update: decoder round 9256, completed instructions: 186/28635, actively running or decoding instructions: 4, waiting windows: 2646/5205. Max active instruction index: 180
2024-11-18 21:42:29 | Simulation update: decoder round 9563, completed instructions: 186/28635, actively running or decoding instructions: 4, waiting windows: 2742/5385. Max active instruction index: 180
2024-11-18 21:42:39 | Simulation update: decoder round 9870, completed instructions: 193/28635, actively running or decoding instructions: 2, waiting windows: 2825/5557. Max active instruction index: 187
2024-11-18 21:42:49 | Simulation update: decoder round 10177, completed instructions: 195/28635, actively running or decoding instructions: 3, waiting windows: 2915/5737. Max active instruction index: 195
2024-11-18 21:42:59 | Simulation update: decoder round 10484, completed instructions: 201/28635, actively running or decoding instructions: 3, waiting windows: 3000/5917. Max active instruction index: 195
2024-11-18 21:43:09 | Simulation update: decoder round 10792, completed instructions: 209/28635, actively running or decoding instructions: 3, waiting windows: 3086/6089. Max active instruction index: 203
2024-11-18 21:43:19 | Simulation update: decoder round 11100, completed instructions: 209/28635, actively running or decoding instructions: 3, waiting windows: 3178/6269. Max active instruction index: 203
2024-11-18 21:43:29 | Simulation update: decoder round 11406, completed instructions: 216/28635, actively running or decoding instructions: 3, waiting windows: 3265/6451. Max active instruction index: 210
2024-11-18 21:43:39 | Simulation update: decoder round 11711, completed instructions: 216/28635, actively running or decoding instructions: 1, waiting windows: 3350/6619. Max active instruction index: -1
2024-11-18 21:43:49 | Simulation update: decoder round 12019, completed instructions: 223/28635, actively running or decoding instructions: 3, waiting windows: 3438/6803. Max active instruction index: 217
2024-11-18 21:43:59 | Simulation update: decoder round 12328, completed instructions: 230/28635, actively running or decoding instructions: 2, waiting windows: 3534/6985. Max active instruction index: 224
2024-11-18 21:44:09 | Simulation update: decoder round 12641, completed instructions: 230/28635, actively running or decoding instructions: 2, waiting windows: 3619/7155. Max active instruction index: 224
2024-11-18 21:44:19 | Simulation update: decoder round 12955, completed instructions: 237/28635, actively running or decoding instructions: 3, waiting windows: 3695/7330. Max active instruction index: 232
2024-11-18 21:44:29 | Simulation update: decoder round 13269, completed instructions: 245/28635, actively running or decoding instructions: 5, waiting windows: 3775/7499. Max active instruction index: 246
2024-11-18 21:44:39 | Simulation update: decoder round 13583, completed instructions: 246/28635, actively running or decoding instructions: 4, waiting windows: 3869/7678. Max active instruction index: 240
2024-11-18 21:44:49 | Simulation update: decoder round 13896, completed instructions: 253/28635, actively running or decoding instructions: 3, waiting windows: 3962/7862. Max active instruction index: 247
2024-11-18 21:44:59 | Simulation update: decoder round 14208, completed instructions: 253/28635, actively running or decoding instructions: 2, waiting windows: 4052/8040. Max active instruction index: 247
2024-11-18 21:45:09 | Simulation update: decoder round 14522, completed instructions: 260/28635, actively running or decoding instructions: 3, waiting windows: 4143/8224. Max active instruction index: 254
2024-11-18 21:45:19 | Simulation update: decoder round 14836, completed instructions: 260/28635, actively running or decoding instructions: 3, waiting windows: 4233/8404. Max active instruction index: 254
2024-11-18 21:45:29 | Simulation update: decoder round 15151, completed instructions: 267/28635, actively running or decoding instructions: 2, waiting windows: 4325/8586. Max active instruction index: 261
2024-11-18 21:45:39 | Simulation update: decoder round 15466, completed instructions: 273/28635, actively running or decoding instructions: 2, waiting windows: 4412/8765. Max active instruction index: 268
2024-11-18 21:45:49 | Simulation update: decoder round 15781, completed instructions: 273/28635, actively running or decoding instructions: 2, waiting windows: 4481/8930. Max active instruction index: 268
2024-11-18 21:45:59 | Simulation update: decoder round 16096, completed instructions: 282/28635, actively running or decoding instructions: 4, waiting windows: 4575/9107. Max active instruction index: 276
2024-11-18 21:46:09 | Simulation update: decoder round 16411, completed instructions: 283/28635, actively running or decoding instructions: 2, waiting windows: 4671/9289. Max active instruction index: 283
2024-11-18 21:46:19 | Simulation update: decoder round 16725, completed instructions: 288/28635, actively running or decoding instructions: 2, waiting windows: 4748/9458. Max active instruction index: 283
2024-11-18 21:46:29 | Simulation update: decoder round 17040, completed instructions: 297/28635, actively running or decoding instructions: 4, waiting windows: 4841/9637. Max active instruction index: 291
2024-11-18 21:46:39 | Simulation update: decoder round 17355, completed instructions: 304/28635, actively running or decoding instructions: 4, waiting windows: 4933/9820. Max active instruction index: 305
2024-11-18 21:46:49 | Simulation update: decoder round 17669, completed instructions: 305/28635, actively running or decoding instructions: 2, waiting windows: 5021/9999. Max active instruction index: 299
2024-11-18 21:46:59 | Simulation update: decoder round 17984, completed instructions: 311/28635, actively running or decoding instructions: 2, waiting windows: 5110/10178. Max active instruction index: 306
2024-11-18 21:47:09 | Simulation update: decoder round 18299, completed instructions: 311/28635, actively running or decoding instructions: 2, waiting windows: 5182/10343. Max active instruction index: 306
2024-11-18 21:47:19 | Simulation update: decoder round 18614, completed instructions: 320/28635, actively running or decoding instructions: 4, waiting windows: 5280/10520. Max active instruction index: 314
2024-11-18 21:47:29 | Simulation update: decoder round 18929, completed instructions: 320/28635, actively running or decoding instructions: 2, waiting windows: 5372/10700. Max active instruction index: 314
2024-11-18 21:47:39 | Simulation update: decoder round 19243, completed instructions: 327/28635, actively running or decoding instructions: 3, waiting windows: 5458/10884. Max active instruction index: 321
2024-11-18 21:47:49 | Simulation update: decoder round 19559, completed instructions: 335/28635, actively running or decoding instructions: 3, waiting windows: 5547/11068. Max active instruction index: 329
2024-11-18 21:47:59 | Simulation update: decoder round 19875, completed instructions: 335/28635, actively running or decoding instructions: 3, waiting windows: 5643/11248. Max active instruction index: 329
2024-11-18 21:48:09 | Simulation update: decoder round 20192, completed instructions: 343/28635, actively running or decoding instructions: 3, waiting windows: 5731/11432. Max active instruction index: 337
2024-11-18 21:48:19 | Simulation update: decoder round 20511, completed instructions: 349/28635, actively running or decoding instructions: 3, waiting windows: 5819/11615. Max active instruction index: 350
2024-11-18 21:48:29 | Simulation update: decoder round 20827, completed instructions: 350/28635, actively running or decoding instructions: 2, waiting windows: 5904/11794. Max active instruction index: 344
2024-11-18 21:48:39 | Simulation update: decoder round 21144, completed instructions: 357/28635, actively running or decoding instructions: 2, waiting windows: 5998/11978. Max active instruction index: 351
2024-11-18 21:48:49 | Simulation update: decoder round 21462, completed instructions: 359/28635, actively running or decoding instructions: 3, waiting windows: 6089/12160. Max active instruction index: 359
2024-11-18 21:48:59 | Simulation update: decoder round 21779, completed instructions: 365/28635, actively running or decoding instructions: 3, waiting windows: 6191/12352. Max active instruction index: 359
2024-11-18 21:49:09 | Simulation update: decoder round 22088, completed instructions: 372/28635, actively running or decoding instructions: 3, waiting windows: 6269/12524. Max active instruction index: 366
2024-11-18 21:49:19 | Simulation update: decoder round 22407, completed instructions: 372/28635, actively running or decoding instructions: 3, waiting windows: 6358/12704. Max active instruction index: 366
2024-11-18 21:49:29 | Simulation update: decoder round 22726, completed instructions: 379/28635, actively running or decoding instructions: 3, waiting windows: 6461/12900. Max active instruction index: 373
2024-11-18 21:49:39 | Simulation update: decoder round 23046, completed instructions: 385/28635, actively running or decoding instructions: 2, waiting windows: 6547/13083. Max active instruction index: 380
2024-11-18 21:49:49 | Simulation update: decoder round 23367, completed instructions: 385/28635, actively running or decoding instructions: 2, waiting windows: 6623/13248. Max active instruction index: 380
2024-11-18 21:49:59 | Simulation update: decoder round 23688, completed instructions: 394/28635, actively running or decoding instructions: 4, waiting windows: 6706/13425. Max active instruction index: 388
2024-11-18 21:50:09 | Simulation update: decoder round 24008, completed instructions: 401/28635, actively running or decoding instructions: 4, waiting windows: 6814/13620. Max active instruction index: 402
2024-11-18 21:50:20 | Simulation update: decoder round 24328, completed instructions: 402/28635, actively running or decoding instructions: 3, waiting windows: 6899/13799. Max active instruction index: 396
2024-11-18 21:50:30 | Simulation update: decoder round 24649, completed instructions: 409/28635, actively running or decoding instructions: 3, waiting windows: 6994/13983. Max active instruction index: 403
2024-11-18 21:50:40 | Simulation update: decoder round 24970, completed instructions: 415/28635, actively running or decoding instructions: 3, waiting windows: 7095/14178. Max active instruction index: 410
2024-11-18 21:50:50 | Simulation update: decoder round 25289, completed instructions: 415/28635, actively running or decoding instructions: 2, waiting windows: 7160/14343. Max active instruction index: 410
2024-11-18 21:51:00 | Simulation update: decoder round 25608, completed instructions: 424/28635, actively running or decoding instructions: 4, waiting windows: 7254/14521. Max active instruction index: 418
2024-11-18 21:51:10 | Simulation update: decoder round 25927, completed instructions: 425/28635, actively running or decoding instructions: 2, waiting windows: 7340/14701. Max active instruction index: 425
2024-11-18 21:51:20 | Simulation update: decoder round 26248, completed instructions: 431/28635, actively running or decoding instructions: 2, waiting windows: 7437/14883. Max active instruction index: 425
2024-11-18 21:51:30 | Simulation update: decoder round 26569, completed instructions: 438/28635, actively running or decoding instructions: 2, waiting windows: 7536/15077. Max active instruction index: 432
2024-11-18 21:51:40 | Simulation update: decoder round 26889, completed instructions: 445/28635, actively running or decoding instructions: 4, waiting windows: 7626/15262. Max active instruction index: 446
2024-11-18 21:51:50 | Simulation update: decoder round 27210, completed instructions: 446/28635, actively running or decoding instructions: 3, waiting windows: 7710/15443. Max active instruction index: 440
