CONFIG 1210
benchmark_file: slurm/data/20241118_210504/benchmarks/qpeexact_5.lss
decoder_latency_or_dist_filename: slurm/data/20241118_210504/decoder_dists.json
distance: 21
lightweight_setting: 2
max_parallel_processes: None
missed_speculation_modifier: 1.4
poison_policy: successors
rng: 5
scheduling_method: parallel
speculation_accuracy: 0.9
speculation_latency: 1
speculation_mode: None
2024-11-18 21:37:27 | Loading benchmark slurm/data/20241118_210504/benchmarks/qpeexact_5.lss...
2024-11-18 21:37:28 | Starting simulation
2024-11-18 21:37:30 | Simulation update: decoder round 1, completed instructions: 0/14570, actively running or decoding instructions: 1, waiting windows: 0/0. Max active instruction index: 0
2024-11-18 21:37:40 | Simulation update: decoder round 7633, completed instructions: 94/14570, actively running or decoding instructions: 3, waiting windows: 347/700. Max active instruction index: 90
2024-11-18 21:37:50 | Simulation update: decoder round 16002, completed instructions: 199/14570, actively running or decoding instructions: 3, waiting windows: 664/1367. Max active instruction index: 195
2024-11-18 21:38:00 | Simulation update: decoder round 25299, completed instructions: 307/14570, actively running or decoding instructions: 4, waiting windows: 1012/2100. Max active instruction index: 303
2024-11-18 21:38:10 | Simulation update: decoder round 35961, completed instructions: 439/14570, actively running or decoding instructions: 4, waiting windows: 1431/2991. Max active instruction index: 435
2024-11-18 21:38:20 | Simulation update: decoder round 48334, completed instructions: 598/14570, actively running or decoding instructions: 2, waiting windows: 2077/4303. Max active instruction index: 589
2024-11-18 21:38:30 | Simulation update: decoder round 62833, completed instructions: 771/14570, actively running or decoding instructions: 4, waiting windows: 3365/6960. Max active instruction index: 763
2024-11-18 21:38:40 | Simulation update: decoder round 84337, completed instructions: 1029/14570, actively running or decoding instructions: 2, waiting windows: 5209/10730. Max active instruction index: 1021
2024-11-18 21:38:50 | Simulation update: decoder round 92042, completed instructions: 1158/14570, actively running or decoding instructions: 15, waiting windows: 5956/12233. Max active instruction index: 1698
2024-11-18 21:39:00 | Simulation update: decoder round 93104, completed instructions: 1193/14570, actively running or decoding instructions: 5, waiting windows: 6132/12590. Max active instruction index: 1737
2024-11-18 21:39:10 | Simulation update: decoder round 94060, completed instructions: 1220/14570, actively running or decoding instructions: 5, waiting windows: 6290/12918. Max active instruction index: 1763
2024-11-18 21:39:20 | Simulation update: decoder round 95012, completed instructions: 1246/14570, actively running or decoding instructions: 6, waiting windows: 6436/13225. Max active instruction index: 1789
2024-11-18 21:39:30 | Simulation update: decoder round 95944, completed instructions: 1273/14570, actively running or decoding instructions: 5, waiting windows: 6581/13526. Max active instruction index: 1826
2024-11-18 21:39:40 | Simulation update: decoder round 96912, completed instructions: 1298/14570, actively running or decoding instructions: 6, waiting windows: 6723/13833. Max active instruction index: 1855
2024-11-18 21:39:50 | Simulation update: decoder round 97903, completed instructions: 1323/14570, actively running or decoding instructions: 6, waiting windows: 6875/14153. Max active instruction index: 1882
2024-11-18 21:40:00 | Simulation update: decoder round 98899, completed instructions: 1351/14570, actively running or decoding instructions: 5, waiting windows: 7047/14489. Max active instruction index: 1909
2024-11-18 21:40:10 | Simulation update: decoder round 99977, completed instructions: 1383/14570, actively running or decoding instructions: 6, waiting windows: 7207/14837. Max active instruction index: 1931
2024-11-18 21:40:20 | Simulation update: decoder round 101060, completed instructions: 1413/14570, actively running or decoding instructions: 4, waiting windows: 7391/15211. Max active instruction index: 1955
2024-11-18 21:40:30 | Simulation update: decoder round 102154, completed instructions: 1445/14570, actively running or decoding instructions: 6, waiting windows: 7561/15567. Max active instruction index: 1994
2024-11-18 21:40:40 | Simulation update: decoder round 103255, completed instructions: 1473/14570, actively running or decoding instructions: 5, waiting windows: 7714/15881. Max active instruction index: 2021
2024-11-18 21:40:50 | Simulation update: decoder round 104354, completed instructions: 1510/14570, actively running or decoding instructions: 6, waiting windows: 7882/16240. Max active instruction index: 2063
2024-11-18 21:41:00 | Simulation update: decoder round 105467, completed instructions: 1538/14570, actively running or decoding instructions: 5, waiting windows: 8045/16575. Max active instruction index: 2085
2024-11-18 21:41:10 | Simulation update: decoder round 106451, completed instructions: 1563/14570, actively running or decoding instructions: 3, waiting windows: 8206/16912. Max active instruction index: 2115
2024-11-18 21:41:20 | Simulation update: decoder round 107419, completed instructions: 1594/14570, actively running or decoding instructions: 5, waiting windows: 8371/17244. Max active instruction index: 2137
2024-11-18 21:41:30 | Simulation update: decoder round 108378, completed instructions: 1620/14570, actively running or decoding instructions: 5, waiting windows: 8524/17569. Max active instruction index: 2163
2024-11-18 21:41:40 | Simulation update: decoder round 109413, completed instructions: 1643/14570, actively running or decoding instructions: 4, waiting windows: 8682/17907. Max active instruction index: 2202
2024-11-18 21:41:50 | Simulation update: decoder round 110450, completed instructions: 1683/14570, actively running or decoding instructions: 5, waiting windows: 8862/18261. Max active instruction index: 2225
2024-11-18 21:42:00 | Simulation update: decoder round 111542, completed instructions: 1707/14570, actively running or decoding instructions: 4, waiting windows: 9014/18609. Max active instruction index: 2249
2024-11-18 21:42:10 | Simulation update: decoder round 112679, completed instructions: 1747/14570, actively running or decoding instructions: 4, waiting windows: 9205/18982. Max active instruction index: 2289
2024-11-18 21:42:20 | Simulation update: decoder round 113829, completed instructions: 1779/14570, actively running or decoding instructions: 4, waiting windows: 9385/19358. Max active instruction index: 2321
2024-11-18 21:42:30 | Simulation update: decoder round 114982, completed instructions: 1811/14570, actively running or decoding instructions: 4, waiting windows: 9566/19737. Max active instruction index: 2359
2024-11-18 21:42:40 | Simulation update: decoder round 116142, completed instructions: 1851/14570, actively running or decoding instructions: 4, waiting windows: 9760/20138. Max active instruction index: 2393
2024-11-18 21:42:50 | Simulation update: decoder round 117311, completed instructions: 1875/14570, actively running or decoding instructions: 4, waiting windows: 9951/20536. Max active instruction index: 2418
2024-11-18 21:43:00 | Simulation update: decoder round 118426, completed instructions: 1910/14570, actively running or decoding instructions: 4, waiting windows: 10137/20920. Max active instruction index: 2451
2024-11-18 21:43:10 | Simulation update: decoder round 119462, completed instructions: 1942/14570, actively running or decoding instructions: 6, waiting windows: 10282/21242. Max active instruction index: 2493
2024-11-18 21:43:20 | Simulation update: decoder round 120480, completed instructions: 1971/14570, actively running or decoding instructions: 4, waiting windows: 10442/21555. Max active instruction index: 2520
2024-11-18 21:43:30 | Simulation update: decoder round 121512, completed instructions: 2001/14570, actively running or decoding instructions: 4, waiting windows: 10604/21900. Max active instruction index: 2546
2024-11-18 21:43:40 | Simulation update: decoder round 122622, completed instructions: 2031/14570, actively running or decoding instructions: 7, waiting windows: 10747/22199. Max active instruction index: 2573
2024-11-18 21:43:50 | Simulation update: decoder round 123694, completed instructions: 2059/14570, actively running or decoding instructions: 4, waiting windows: 10927/22566. Max active instruction index: 2613
2024-11-18 21:44:00 | Simulation update: decoder round 124877, completed instructions: 2091/14570, actively running or decoding instructions: 5, waiting windows: 11084/22928. Max active instruction index: 2638
2024-11-18 21:44:10 | Simulation update: decoder round 126095, completed instructions: 2129/14570, actively running or decoding instructions: 6, waiting windows: 11263/23286. Max active instruction index: 2676
2024-11-18 21:44:20 | Simulation update: decoder round 127317, completed instructions: 2168/14570, actively running or decoding instructions: 7, waiting windows: 11447/23656. Max active instruction index: 2726
2024-11-18 21:44:30 | Simulation update: decoder round 128537, completed instructions: 2197/14570, actively running or decoding instructions: 5, waiting windows: 11644/24071. Max active instruction index: 2740
2024-11-18 21:44:40 | Simulation update: decoder round 129772, completed instructions: 2233/14570, actively running or decoding instructions: 4, waiting windows: 11834/24473. Max active instruction index: 2779
2024-11-18 21:44:50 | Simulation update: decoder round 131003, completed instructions: 2269/14570, actively running or decoding instructions: 5, waiting windows: 12045/24897. Max active instruction index: 2823
2024-11-18 21:45:00 | Simulation update: decoder round 132128, completed instructions: 2298/14570, actively running or decoding instructions: 5, waiting windows: 12200/25244. Max active instruction index: 2838
2024-11-18 21:45:10 | Simulation update: decoder round 133225, completed instructions: 2325/14570, actively running or decoding instructions: 4, waiting windows: 12369/25596. Max active instruction index: 2866
2024-11-18 21:45:20 | Simulation update: decoder round 134292, completed instructions: 2356/14570, actively running or decoding instructions: 3, waiting windows: 12538/25932. Max active instruction index: 2906
2024-11-18 21:45:30 | Simulation update: decoder round 135400, completed instructions: 2394/14570, actively running or decoding instructions: 4, waiting windows: 12705/26285. Max active instruction index: 2933
2024-11-18 21:45:40 | Simulation update: decoder round 136581, completed instructions: 2433/14570, actively running or decoding instructions: 8, waiting windows: 12864/26636. Max active instruction index: 2967
2024-11-18 21:45:50 | Simulation update: decoder round 137762, completed instructions: 2460/14570, actively running or decoding instructions: 5, waiting windows: 13020/26970. Max active instruction index: 2983
2024-11-18 21:46:00 | Simulation update: decoder round 139036, completed instructions: 2499/14570, actively running or decoding instructions: 4, waiting windows: 13203/27339. Max active instruction index: 3006
2024-11-18 21:46:10 | Simulation update: decoder round 140331, completed instructions: 2536/14570, actively running or decoding instructions: 4, waiting windows: 13364/27687. Max active instruction index: 3029
2024-11-18 21:46:20 | Simulation update: decoder round 141628, completed instructions: 2579/14570, actively running or decoding instructions: 6, waiting windows: 13533/28043. Max active instruction index: 3053
2024-11-18 21:46:30 | Simulation update: decoder round 142936, completed instructions: 2611/14570, actively running or decoding instructions: 8, waiting windows: 13675/28360. Max active instruction index: 3081
