CONFIG 1223
benchmark_file: slurm/data/20241118_210504/benchmarks/adder_n18.lss
decoder_latency_or_dist_filename: slurm/data/20241118_210504/decoder_dists.json
distance: 21
lightweight_setting: 2
max_parallel_processes: None
missed_speculation_modifier: 1.4
poison_policy: successors
rng: 6
scheduling_method: parallel
speculation_accuracy: 0.9
speculation_latency: 1
speculation_mode: None
2024-11-18 21:37:28 | Loading benchmark slurm/data/20241118_210504/benchmarks/adder_n18.lss...
2024-11-18 21:37:28 | Starting simulation
2024-11-18 21:37:28 | Simulation update: decoder round 1, completed instructions: 0/2002, actively running or decoding instructions: 3, waiting windows: 0/0. Max active instruction index: 18
2024-11-18 21:37:38 | Simulation update: decoder round 3388, completed instructions: 324/2002, actively running or decoding instructions: 9, waiting windows: 1654/3213. Max active instruction index: 327
2024-11-18 21:37:48 | Simulation update: decoder round 7004, completed instructions: 522/2002, actively running or decoding instructions: 8, waiting windows: 3372/6737. Max active instruction index: 515
2024-11-18 21:37:58 | Simulation update: decoder round 10192, completed instructions: 818/2002, actively running or decoding instructions: 19, waiting windows: 4930/9970. Max active instruction index: 814
2024-11-18 21:38:08 | Simulation update: decoder round 13855, completed instructions: 1140/2002, actively running or decoding instructions: 11, waiting windows: 6476/13303. Max active instruction index: 1150
2024-11-18 21:38:18 | Simulation update: decoder round 19745, completed instructions: 1634/2002, actively running or decoding instructions: 10, waiting windows: 8199/17097. Max active instruction index: 1621
2024-11-18 21:38:23 | Finished simulation
2024-11-18 21:38:23 | Finished saving output. Done! Total elapsed time: 0:00:55.123341
