CONFIG 1270
benchmark_file: slurm/data/20241118_210504/benchmarks/carleman_2_4.lss
decoder_latency_or_dist_filename: slurm/data/20241118_210504/decoder_dists.json
distance: 21
lightweight_setting: 2
max_parallel_processes: None
missed_speculation_modifier: 1.4
poison_policy: successors
rng: 9
scheduling_method: parallel
speculation_accuracy: 0.9
speculation_latency: 1
speculation_mode: None
2024-11-18 21:37:44 | Loading benchmark slurm/data/20241118_210504/benchmarks/carleman_2_4.lss...
2024-11-18 21:37:45 | Starting simulation
2024-11-18 21:37:47 | Simulation update: decoder round 1, completed instructions: 0/12153, actively running or decoding instructions: 21, waiting windows: 0/0. Max active instruction index: 191
2024-11-18 21:37:57 | Simulation update: decoder round 587, completed instructions: 406/12153, actively running or decoding instructions: 23, waiting windows: 688/1115. Max active instruction index: 403
2024-11-18 21:38:07 | Simulation update: decoder round 1072, completed instructions: 449/12153, actively running or decoding instructions: 10, waiting windows: 1078/1899. Max active instruction index: 506
2024-11-18 21:38:17 | Simulation update: decoder round 1565, completed instructions: 567/12153, actively running or decoding instructions: 20, waiting windows: 1433/2717. Max active instruction index: 558
2024-11-18 21:38:27 | Simulation update: decoder round 2052, completed instructions: 670/12153, actively running or decoding instructions: 23, waiting windows: 1849/3532. Max active instruction index: 694
2024-11-18 21:38:37 | Simulation update: decoder round 2545, completed instructions: 746/12153, actively running or decoding instructions: 21, waiting windows: 2182/4339. Max active instruction index: 793
2024-11-18 21:38:47 | Simulation update: decoder round 3046, completed instructions: 925/12153, actively running or decoding instructions: 39, waiting windows: 2638/5218. Max active instruction index: 945
2024-11-18 21:38:57 | Simulation update: decoder round 3550, completed instructions: 955/12153, actively running or decoding instructions: 3, waiting windows: 2940/5983. Max active instruction index: 952
2024-11-18 21:39:07 | Simulation update: decoder round 4051, completed instructions: 1154/12153, actively running or decoding instructions: 31, waiting windows: 3356/6898. Max active instruction index: 1178
2024-11-18 21:39:17 | Simulation update: decoder round 4552, completed instructions: 1333/12153, actively running or decoding instructions: 35, waiting windows: 3880/7853. Max active instruction index: 1348
2024-11-18 21:39:27 | Simulation update: decoder round 5066, completed instructions: 1357/12153, actively running or decoding instructions: 9, waiting windows: 4188/8684. Max active instruction index: 1365
2024-11-18 21:39:37 | Simulation update: decoder round 5569, completed instructions: 1606/12153, actively running or decoding instructions: 39, waiting windows: 4721/9712. Max active instruction index: 1703
2024-11-18 21:39:47 | Simulation update: decoder round 6089, completed instructions: 1755/12153, actively running or decoding instructions: 27, waiting windows: 5164/10679. Max active instruction index: 1788
2024-11-18 21:39:57 | Simulation update: decoder round 6608, completed instructions: 1857/12153, actively running or decoding instructions: 25, waiting windows: 5575/11630. Max active instruction index: 1926
2024-11-18 21:40:07 | Simulation update: decoder round 7136, completed instructions: 2060/12153, actively running or decoding instructions: 24, waiting windows: 6018/12668. Max active instruction index: 2098
2024-11-18 21:40:17 | Simulation update: decoder round 7680, completed instructions: 2245/12153, actively running or decoding instructions: 27, waiting windows: 6496/13674. Max active instruction index: 2290
2024-11-18 21:40:27 | Simulation update: decoder round 8223, completed instructions: 2408/12153, actively running or decoding instructions: 32, waiting windows: 6991/14683. Max active instruction index: 2454
2024-11-18 21:40:37 | Simulation update: decoder round 8776, completed instructions: 2496/12153, actively running or decoding instructions: 14, waiting windows: 7396/15673. Max active instruction index: 2563
2024-11-18 21:40:47 | Simulation update: decoder round 9340, completed instructions: 2632/12153, actively running or decoding instructions: 22, waiting windows: 7840/16686. Max active instruction index: 2631
2024-11-18 21:40:57 | Simulation update: decoder round 9910, completed instructions: 2820/12153, actively running or decoding instructions: 27, waiting windows: 8313/17752. Max active instruction index: 2868
2024-11-18 21:41:07 | Simulation update: decoder round 10497, completed instructions: 2995/12153, actively running or decoding instructions: 34, waiting windows: 8847/18854. Max active instruction index: 3027
2024-11-18 21:41:17 | Simulation update: decoder round 11086, completed instructions: 3165/12153, actively running or decoding instructions: 31, waiting windows: 9435/19960. Max active instruction index: 3206
2024-11-18 21:41:27 | Simulation update: decoder round 11689, completed instructions: 3227/12153, actively running or decoding instructions: 15, waiting windows: 9835/20985. Max active instruction index: 3237
2024-11-18 21:41:37 | Simulation update: decoder round 12291, completed instructions: 3348/12153, actively running or decoding instructions: 15, waiting windows: 10380/22131. Max active instruction index: 3806
2024-11-18 21:41:47 | Simulation update: decoder round 12901, completed instructions: 3481/12153, actively running or decoding instructions: 21, waiting windows: 10919/23287. Max active instruction index: 3489
2024-11-18 21:41:57 | Simulation update: decoder round 13506, completed instructions: 3600/12153, actively running or decoding instructions: 22, waiting windows: 11460/24410. Max active instruction index: 3583
2024-11-18 21:42:07 | Simulation update: decoder round 14131, completed instructions: 3765/12153, actively running or decoding instructions: 27, waiting windows: 12044/25590. Max active instruction index: 3764
2024-11-18 21:42:17 | Simulation update: decoder round 14767, completed instructions: 3866/12153, actively running or decoding instructions: 26, waiting windows: 12598/26748. Max active instruction index: 3961
2024-11-18 21:42:27 | Simulation update: decoder round 15403, completed instructions: 4013/12153, actively running or decoding instructions: 19, waiting windows: 13076/27888. Max active instruction index: 4047
2024-11-18 21:42:37 | Simulation update: decoder round 16065, completed instructions: 4212/12153, actively running or decoding instructions: 26, waiting windows: 13638/29080. Max active instruction index: 4401
2024-11-18 21:42:47 | Simulation update: decoder round 16733, completed instructions: 4299/12153, actively running or decoding instructions: 14, waiting windows: 14202/30261. Max active instruction index: 4279
2024-11-18 21:42:57 | Simulation update: decoder round 17389, completed instructions: 4451/12153, actively running or decoding instructions: 28, waiting windows: 14825/31481. Max active instruction index: 4458
2024-11-18 21:43:07 | Simulation update: decoder round 18074, completed instructions: 4601/12153, actively running or decoding instructions: 19, waiting windows: 15334/32694. Max active instruction index: 4888
2024-11-18 21:43:17 | Simulation update: decoder round 18764, completed instructions: 4734/12153, actively running or decoding instructions: 21, waiting windows: 15927/33973. Max active instruction index: 4709
2024-11-18 21:43:27 | Simulation update: decoder round 19473, completed instructions: 4804/12153, actively running or decoding instructions: 11, waiting windows: 16511/35212. Max active instruction index: 4774
2024-11-18 21:43:37 | Simulation update: decoder round 20166, completed instructions: 5026/12153, actively running or decoding instructions: 35, waiting windows: 17148/36524. Max active instruction index: 5112
2024-11-18 21:43:47 | Simulation update: decoder round 20908, completed instructions: 5174/12153, actively running or decoding instructions: 25, waiting windows: 17689/37790. Max active instruction index: 5270
2024-11-18 21:43:57 | Simulation update: decoder round 21675, completed instructions: 5247/12153, actively running or decoding instructions: 17, waiting windows: 18287/39040. Max active instruction index: 5366
2024-11-18 21:44:07 | Simulation update: decoder round 22447, completed instructions: 5293/12153, actively running or decoding instructions: 12, waiting windows: 18887/40282. Max active instruction index: 5221
2024-11-18 21:44:17 | Simulation update: decoder round 23241, completed instructions: 5348/12153, actively running or decoding instructions: 12, waiting windows: 19529/41597. Max active instruction index: 5391
2024-11-18 21:44:27 | Simulation update: decoder round 24039, completed instructions: 5437/12153, actively running or decoding instructions: 14, waiting windows: 20137/42922. Max active instruction index: 5408
2024-11-18 21:44:37 | Simulation update: decoder round 24840, completed instructions: 5481/12153, actively running or decoding instructions: 7, waiting windows: 20751/44173. Max active instruction index: 5462
2024-11-18 21:44:47 | Simulation update: decoder round 25662, completed instructions: 5583/12153, actively running or decoding instructions: 8, waiting windows: 21373/45481. Max active instruction index: 5570
2024-11-18 21:44:57 | Simulation update: decoder round 26495, completed instructions: 5676/12153, actively running or decoding instructions: 16, waiting windows: 22056/46842. Max active instruction index: 5668
2024-11-18 21:45:07 | Simulation update: decoder round 27335, completed instructions: 5758/12153, actively running or decoding instructions: 12, waiting windows: 22690/48147. Max active instruction index: 5746
2024-11-18 21:45:17 | Simulation update: decoder round 28161, completed instructions: 5837/12153, actively running or decoding instructions: 21, waiting windows: 23294/49408. Max active instruction index: 5826
2024-11-18 21:45:27 | Simulation update: decoder round 29025, completed instructions: 5882/12153, actively running or decoding instructions: 8, waiting windows: 23904/50695. Max active instruction index: 5869
2024-11-18 21:45:37 | Simulation update: decoder round 29890, completed instructions: 6001/12153, actively running or decoding instructions: 12, waiting windows: 24561/52072. Max active instruction index: 5989
2024-11-18 21:45:47 | Simulation update: decoder round 30764, completed instructions: 6189/12153, actively running or decoding instructions: 24, waiting windows: 25287/53568. Max active instruction index: 6179
2024-11-18 21:45:57 | Simulation update: decoder round 31634, completed instructions: 6332/12153, actively running or decoding instructions: 23, waiting windows: 25981/55011. Max active instruction index: 6310
2024-11-18 21:46:07 | Simulation update: decoder round 32563, completed instructions: 6416/12153, actively running or decoding instructions: 5, waiting windows: 26656/56466. Max active instruction index: 6418
2024-11-18 21:46:17 | Simulation update: decoder round 33501, completed instructions: 6640/12153, actively running or decoding instructions: 17, waiting windows: 27431/58060. Max active instruction index: 6663
2024-11-18 21:46:27 | Simulation update: decoder round 34440, completed instructions: 6755/12153, actively running or decoding instructions: 13, waiting windows: 28118/59574. Max active instruction index: 6740
