CONFIG 128
benchmark_file: slurm/data/20241118_210504/benchmarks/fermi_hubbard_2_2.lss
decoder_latency_or_dist_filename: slurm/data/20241118_210504/decoder_dists.json
distance: 21
lightweight_setting: 2
max_parallel_processes: None
missed_speculation_modifier: 1.4
poison_policy: successors
rng: 3
scheduling_method: sliding
speculation_accuracy: 0.9
speculation_latency: 1
speculation_mode: separate
2024-11-18 21:05:31 | Loading benchmark slurm/data/20241118_210504/benchmarks/fermi_hubbard_2_2.lss...
2024-11-18 21:05:32 | Starting simulation
2024-11-18 21:05:34 | Simulation update: decoder round 1, completed instructions: 0/14751, actively running or decoding instructions: 13, waiting windows: 0/0. Max active instruction index: 30
2024-11-18 21:05:44 | Simulation update: decoder round 956, completed instructions: 60/14751, actively running or decoding instructions: 3, waiting windows: 95/645. Max active instruction index: 56
2024-11-18 21:05:54 | Simulation update: decoder round 1920, completed instructions: 77/14751, actively running or decoding instructions: 2, waiting windows: 95/1276. Max active instruction index: 73
2024-11-18 21:06:04 | Simulation update: decoder round 2844, completed instructions: 94/14751, actively running or decoding instructions: 2, waiting windows: 98/1896. Max active instruction index: 90
2024-11-18 21:06:14 | Simulation update: decoder round 3783, completed instructions: 116/14751, actively running or decoding instructions: 2, waiting windows: 94/2517. Max active instruction index: 112
2024-11-18 21:06:24 | Simulation update: decoder round 4720, completed instructions: 137/14751, actively running or decoding instructions: 3, waiting windows: 88/3139. Max active instruction index: 133
2024-11-18 21:06:34 | Simulation update: decoder round 5655, completed instructions: 153/14751, actively running or decoding instructions: 3, waiting windows: 91/3765. Max active instruction index: 150
2024-11-18 21:06:44 | Simulation update: decoder round 6589, completed instructions: 170/14751, actively running or decoding instructions: 2, waiting windows: 92/4377. Max active instruction index: 166
2024-11-18 21:06:54 | Simulation update: decoder round 7520, completed instructions: 192/14751, actively running or decoding instructions: 2, waiting windows: 100/5004. Max active instruction index: 188
2024-11-18 21:07:04 | Simulation update: decoder round 8464, completed instructions: 209/14751, actively running or decoding instructions: 2, waiting windows: 101/5626. Max active instruction index: 205
2024-11-18 21:07:14 | Simulation update: decoder round 9386, completed instructions: 231/14751, actively running or decoding instructions: 2, waiting windows: 88/6234. Max active instruction index: 227
2024-11-18 21:07:24 | Simulation update: decoder round 10336, completed instructions: 254/14751, actively running or decoding instructions: 2, waiting windows: 97/6860. Max active instruction index: 250
2024-11-18 21:07:34 | Simulation update: decoder round 11301, completed instructions: 273/14751, actively running or decoding instructions: 4, waiting windows: 89/7479. Max active instruction index: 273
2024-11-18 21:07:44 | Simulation update: decoder round 12259, completed instructions: 293/14751, actively running or decoding instructions: 3, waiting windows: 97/8113. Max active instruction index: 289
2024-11-18 21:07:54 | Simulation update: decoder round 13231, completed instructions: 308/14751, actively running or decoding instructions: 2, waiting windows: 98/8765. Max active instruction index: 305
2024-11-18 21:08:04 | Simulation update: decoder round 14198, completed instructions: 331/14751, actively running or decoding instructions: 2, waiting windows: 100/9395. Max active instruction index: 328
2024-11-18 21:08:14 | Simulation update: decoder round 15176, completed instructions: 355/14751, actively running or decoding instructions: 4, waiting windows: 100/10023. Max active instruction index: 357
2024-11-18 21:08:24 | Simulation update: decoder round 16134, completed instructions: 377/14751, actively running or decoding instructions: 3, waiting windows: 92/10658. Max active instruction index: 374
2024-11-18 21:08:34 | Simulation update: decoder round 17109, completed instructions: 395/14751, actively running or decoding instructions: 2, waiting windows: 95/11287. Max active instruction index: 391
2024-11-18 21:08:44 | Simulation update: decoder round 18093, completed instructions: 410/14751, actively running or decoding instructions: 3, waiting windows: 88/11932. Max active instruction index: 407
2024-11-18 21:08:54 | Simulation update: decoder round 19070, completed instructions: 427/14751, actively running or decoding instructions: 2, waiting windows: 102/12589. Max active instruction index: 423
2024-11-18 21:09:04 | Simulation update: decoder round 20051, completed instructions: 448/14751, actively running or decoding instructions: 2, waiting windows: 91/13237. Max active instruction index: 444
2024-11-18 21:09:14 | Simulation update: decoder round 21026, completed instructions: 467/14751, actively running or decoding instructions: 3, waiting windows: 99/13897. Max active instruction index: 467
2024-11-18 21:09:24 | Simulation update: decoder round 22002, completed instructions: 493/14751, actively running or decoding instructions: 3, waiting windows: 93/14535. Max active instruction index: 489
2024-11-18 21:09:34 | Simulation update: decoder round 22987, completed instructions: 515/14751, actively running or decoding instructions: 3, waiting windows: 96/15187. Max active instruction index: 511
2024-11-18 21:09:44 | Simulation update: decoder round 23947, completed instructions: 537/14751, actively running or decoding instructions: 3, waiting windows: 90/15823. Max active instruction index: 533
2024-11-18 21:09:54 | Simulation update: decoder round 24931, completed instructions: 557/14751, actively running or decoding instructions: 3, waiting windows: 98/16483. Max active instruction index: 553
2024-11-18 21:10:04 | Simulation update: decoder round 25919, completed instructions: 572/14751, actively running or decoding instructions: 4, waiting windows: 98/17146. Max active instruction index: 574
2024-11-18 21:10:14 | Simulation update: decoder round 26911, completed instructions: 588/14751, actively running or decoding instructions: 2, waiting windows: 90/17797. Max active instruction index: 585
2024-11-18 21:10:24 | Simulation update: decoder round 27904, completed instructions: 630/14751, actively running or decoding instructions: 2, waiting windows: 100/18502. Max active instruction index: 630
2024-11-18 21:10:34 | Simulation update: decoder round 28900, completed instructions: 659/14751, actively running or decoding instructions: 2, waiting windows: 108/19215. Max active instruction index: 653
2024-11-18 21:10:44 | Simulation update: decoder round 29902, completed instructions: 689/14751, actively running or decoding instructions: 4, waiting windows: 99/19934. Max active instruction index: 690
2024-11-18 21:10:54 | Simulation update: decoder round 30888, completed instructions: 719/14751, actively running or decoding instructions: 4, waiting windows: 103/20639. Max active instruction index: 720
2024-11-18 21:11:04 | Simulation update: decoder round 31908, completed instructions: 743/14751, actively running or decoding instructions: 3, waiting windows: 101/21367. Max active instruction index: 743
2024-11-18 21:11:14 | Simulation update: decoder round 32933, completed instructions: 772/14751, actively running or decoding instructions: 4, waiting windows: 110/22088. Max active instruction index: 766
2024-11-18 21:11:24 | Simulation update: decoder round 33959, completed instructions: 800/14751, actively running or decoding instructions: 2, waiting windows: 97/22826. Max active instruction index: 795
2024-11-18 21:11:34 | Simulation update: decoder round 34991, completed instructions: 830/14751, actively running or decoding instructions: 3, waiting windows: 107/23564. Max active instruction index: 824
2024-11-18 21:11:44 | Simulation update: decoder round 36026, completed instructions: 860/14751, actively running or decoding instructions: 4, waiting windows: 101/24295. Max active instruction index: 854
2024-11-18 21:11:54 | Simulation update: decoder round 37069, completed instructions: 891/14751, actively running or decoding instructions: 3, waiting windows: 103/25041. Max active instruction index: 886
2024-11-18 21:12:04 | Simulation update: decoder round 38115, completed instructions: 922/14751, actively running or decoding instructions: 4, waiting windows: 94/25770. Max active instruction index: 916
2024-11-18 21:12:14 | Simulation update: decoder round 39134, completed instructions: 953/14751, actively running or decoding instructions: 3, waiting windows: 105/26515. Max active instruction index: 947
2024-11-18 21:12:24 | Simulation update: decoder round 40188, completed instructions: 983/14751, actively running or decoding instructions: 3, waiting windows: 97/27268. Max active instruction index: 977
2024-11-18 21:12:34 | Simulation update: decoder round 41249, completed instructions: 1012/14751, actively running or decoding instructions: 4, waiting windows: 110/28034. Max active instruction index: 1006
2024-11-18 21:12:44 | Simulation update: decoder round 42313, completed instructions: 1041/14751, actively running or decoding instructions: 2, waiting windows: 91/28784. Max active instruction index: 1036
2024-11-18 21:12:54 | Simulation update: decoder round 43380, completed instructions: 1065/14751, actively running or decoding instructions: 3, waiting windows: 99/29541. Max active instruction index: 1065
2024-11-18 21:13:04 | Simulation update: decoder round 44451, completed instructions: 1092/14751, actively running or decoding instructions: 2, waiting windows: 102/30318. Max active instruction index: 1086
2024-11-18 21:13:14 | Simulation update: decoder round 45529, completed instructions: 1123/14751, actively running or decoding instructions: 2, waiting windows: 105/31096. Max active instruction index: 1117
2024-11-18 21:13:24 | Simulation update: decoder round 46614, completed instructions: 1160/14751, actively running or decoding instructions: 2, waiting windows: 104/31871. Max active instruction index: 1155
2024-11-18 21:13:34 | Simulation update: decoder round 47671, completed instructions: 1183/14751, actively running or decoding instructions: 2, waiting windows: 98/32610. Max active instruction index: 1178
2024-11-18 21:13:44 | Simulation update: decoder round 48766, completed instructions: 1222/14751, actively running or decoding instructions: 4, waiting windows: 101/33390. Max active instruction index: 1216
2024-11-18 21:13:54 | Simulation update: decoder round 49865, completed instructions: 1250/14751, actively running or decoding instructions: 3, waiting windows: 108/34183. Max active instruction index: 1244
2024-11-18 21:14:04 | Simulation update: decoder round 50974, completed instructions: 1271/14751, actively running or decoding instructions: 2, waiting windows: 97/34965. Max active instruction index: 1266
2024-11-18 21:14:14 | Simulation update: decoder round 52085, completed instructions: 1301/14751, actively running or decoding instructions: 3, waiting windows: 110/35744. Max active instruction index: 1296
2024-11-18 21:14:24 | Simulation update: decoder round 53199, completed instructions: 1335/14751, actively running or decoding instructions: 4, waiting windows: 99/36524. Max active instruction index: 1335
2024-11-18 21:14:34 | Simulation update: decoder round 54315, completed instructions: 1419/14751, actively running or decoding instructions: 5, waiting windows: 114/37389. Max active instruction index: 1411
2024-11-18 21:14:44 | Simulation update: decoder round 55443, completed instructions: 1480/14751, actively running or decoding instructions: 7, waiting windows: 122/38290. Max active instruction index: 1482
2024-11-18 21:14:54 | Simulation update: decoder round 56533, completed instructions: 1531/14751, actively running or decoding instructions: 4, waiting windows: 125/39195. Max active instruction index: 1550
2024-11-18 21:15:04 | Simulation update: decoder round 57676, completed instructions: 1615/14751, actively running or decoding instructions: 8, waiting windows: 115/40100. Max active instruction index: 1619
2024-11-18 21:15:14 | Simulation update: decoder round 58830, completed instructions: 1688/14751, actively running or decoding instructions: 5, waiting windows: 115/41059. Max active instruction index: 1717
2024-11-18 21:15:24 | Simulation update: decoder round 59998, completed instructions: 1757/14751, actively running or decoding instructions: 6, waiting windows: 122/42030. Max active instruction index: 1778
2024-11-18 21:15:34 | Simulation update: decoder round 61187, completed instructions: 1814/14751, actively running or decoding instructions: 3, waiting windows: 109/42994. Max active instruction index: 1844
2024-11-18 21:15:44 | Simulation update: decoder round 62377, completed instructions: 1879/14751, actively running or decoding instructions: 5, waiting windows: 125/43997. Max active instruction index: 1916
2024-11-18 21:15:54 | Simulation update: decoder round 63589, completed instructions: 1952/14751, actively running or decoding instructions: 4, waiting windows: 123/44990. Max active instruction index: 2020
2024-11-18 21:16:04 | Simulation update: decoder round 64778, completed instructions: 2030/14751, actively running or decoding instructions: 6, waiting windows: 114/45936. Max active instruction index: 2106
2024-11-18 21:16:14 | Simulation update: decoder round 66021, completed instructions: 2114/14751, actively running or decoding instructions: 4, waiting windows: 118/46974. Max active instruction index: 2176
2024-11-18 21:16:24 | Simulation update: decoder round 67284, completed instructions: 2190/14751, actively running or decoding instructions: 5, waiting windows: 114/47993. Max active instruction index: 2260
2024-11-18 21:16:34 | Simulation update: decoder round 68563, completed instructions: 2259/14751, actively running or decoding instructions: 5, waiting windows: 107/49022. Max active instruction index: 2334
2024-11-18 21:16:44 | Simulation update: decoder round 69854, completed instructions: 2326/14751, actively running or decoding instructions: 3, waiting windows: 118/50094. Max active instruction index: 2402
2024-11-18 21:16:54 | Simulation update: decoder round 71156, completed instructions: 2399/14751, actively running or decoding instructions: 3, waiting windows: 123/51186. Max active instruction index: 2466
2024-11-18 21:17:04 | Simulation update: decoder round 72427, completed instructions: 2481/14751, actively running or decoding instructions: 7, waiting windows: 108/52220. Max active instruction index: 2550
2024-11-18 21:17:14 | Simulation update: decoder round 73766, completed instructions: 2549/14751, actively running or decoding instructions: 5, waiting windows: 111/53302. Max active instruction index: 2638
2024-11-18 21:17:24 | Simulation update: decoder round 75130, completed instructions: 2626/14751, actively running or decoding instructions: 5, waiting windows: 99/54387. Max active instruction index: 2724
2024-11-18 21:17:34 | Simulation update: decoder round 76510, completed instructions: 2717/14751, actively running or decoding instructions: 5, waiting windows: 123/55514. Max active instruction index: 2823
2024-11-18 21:17:44 | Simulation update: decoder round 77905, completed instructions: 2811/14751, actively running or decoding instructions: 5, waiting windows: 112/56661. Max active instruction index: 2898
2024-11-18 21:17:54 | Simulation update: decoder round 79330, completed instructions: 2886/14751, actively running or decoding instructions: 3, waiting windows: 104/57811. Max active instruction index: 2980
2024-11-18 21:18:04 | Simulation update: decoder round 80778, completed instructions: 2979/14751, actively running or decoding instructions: 3, waiting windows: 113/58999. Max active instruction index: 3043
2024-11-18 21:18:14 | Simulation update: decoder round 82036, completed instructions: 3027/14751, actively running or decoding instructions: 2, waiting windows: 113/59989. Max active instruction index: 2950
2024-11-18 21:18:24 | Simulation update: decoder round 83336, completed instructions: 3083/14751, actively running or decoding instructions: 3, waiting windows: 122/60996. Max active instruction index: 3075
2024-11-18 21:18:34 | Simulation update: decoder round 84656, completed instructions: 3130/14751, actively running or decoding instructions: 4, waiting windows: 115/62018. Max active instruction index: 3122
2024-11-18 21:18:44 | Simulation update: decoder round 85988, completed instructions: 3168/14751, actively running or decoding instructions: 4, waiting windows: 114/63034. Max active instruction index: 3160
2024-11-18 21:18:54 | Simulation update: decoder round 87319, completed instructions: 3205/14751, actively running or decoding instructions: 3, waiting windows: 118/64077. Max active instruction index: 3197
2024-11-18 21:19:04 | Simulation update: decoder round 88665, completed instructions: 3254/14751, actively running or decoding instructions: 3, waiting windows: 116/65099. Max active instruction index: 3246
2024-11-18 21:19:14 | Simulation update: decoder round 89962, completed instructions: 3301/14751, actively running or decoding instructions: 3, waiting windows: 109/66101. Max active instruction index: 3293
2024-11-18 21:19:24 | Simulation update: decoder round 91323, completed instructions: 3339/14751, actively running or decoding instructions: 2, waiting windows: 102/67161. Max active instruction index: 3331
2024-11-18 21:19:34 | Simulation update: decoder round 92702, completed instructions: 3397/14751, actively running or decoding instructions: 3, waiting windows: 112/68235. Max active instruction index: 3389
2024-11-18 21:19:44 | Simulation update: decoder round 94093, completed instructions: 3445/14751, actively running or decoding instructions: 2, waiting windows: 105/69303. Max active instruction index: 3437
2024-11-18 21:19:54 | Simulation update: decoder round 95505, completed instructions: 3493/14751, actively running or decoding instructions: 4, waiting windows: 99/70364. Max active instruction index: 3486
2024-11-18 21:20:04 | Simulation update: decoder round 96920, completed instructions: 3532/14751, actively running or decoding instructions: 2, waiting windows: 114/71457. Max active instruction index: 3524
2024-11-18 21:20:14 | Simulation update: decoder round 98284, completed instructions: 3578/14751, actively running or decoding instructions: 2, waiting windows: 104/72497. Max active instruction index: 3571
2024-11-18 21:20:24 | Simulation update: decoder round 99722, completed instructions: 3634/14751, actively running or decoding instructions: 2, waiting windows: 99/73605. Max active instruction index: 3627
2024-11-18 21:20:34 | Simulation update: decoder round 101180, completed instructions: 3692/14751, actively running or decoding instructions: 4, waiting windows: 116/74736. Max active instruction index: 3684
2024-11-18 21:20:44 | Simulation update: decoder round 102652, completed instructions: 3742/14751, actively running or decoding instructions: 3, waiting windows: 116/75883. Max active instruction index: 3742
2024-11-18 21:20:54 | Simulation update: decoder round 104140, completed instructions: 3785/14751, actively running or decoding instructions: 3, waiting windows: 108/77031. Max active instruction index: 3787
2024-11-18 21:21:04 | Simulation update: decoder round 105643, completed instructions: 3844/14751, actively running or decoding instructions: 3, waiting windows: 109/78182. Max active instruction index: 3836
2024-11-18 21:21:14 | Simulation update: decoder round 107160, completed instructions: 3891/14751, actively running or decoding instructions: 3, waiting windows: 105/79332. Max active instruction index: 3884
2024-11-18 21:21:24 | Simulation update: decoder round 108616, completed instructions: 3932/14751, actively running or decoding instructions: 2, waiting windows: 112/80446. Max active instruction index: 3932
2024-11-18 21:21:34 | Simulation update: decoder round 110158, completed instructions: 3986/14751, actively running or decoding instructions: 2, waiting windows: 111/81630. Max active instruction index: 3979
2024-11-18 21:21:44 | Simulation update: decoder round 111713, completed instructions: 4057/14751, actively running or decoding instructions: 3, waiting windows: 121/82863. Max active instruction index: 4049
2024-11-18 21:21:54 | Simulation update: decoder round 113282, completed instructions: 4104/14751, actively running or decoding instructions: 2, waiting windows: 116/84148. Max active instruction index: 4096
2024-11-18 21:22:04 | Simulation update: decoder round 114884, completed instructions: 4152/14751, actively running or decoding instructions: 2, waiting windows: 118/85440. Max active instruction index: 4144
2024-11-18 21:22:14 | Simulation update: decoder round 116497, completed instructions: 4198/14751, actively running or decoding instructions: 2, waiting windows: 103/86754. Max active instruction index: 4191
2024-11-18 21:22:24 | Simulation update: decoder round 118117, completed instructions: 4256/14751, actively running or decoding instructions: 3, waiting windows: 120/88088. Max active instruction index: 4248
2024-11-18 21:22:35 | Simulation update: decoder round 119748, completed instructions: 4302/14751, actively running or decoding instructions: 2, waiting windows: 107/89430. Max active instruction index: 4295
2024-11-18 21:22:45 | Simulation update: decoder round 121416, completed instructions: 4371/14751, actively running or decoding instructions: 3, waiting windows: 118/90794. Max active instruction index: 4363
2024-11-18 21:22:55 | Simulation update: decoder round 123111, completed instructions: 4428/14751, actively running or decoding instructions: 4, waiting windows: 117/92175. Max active instruction index: 4421
2024-11-18 21:23:05 | Simulation update: decoder round 124827, completed instructions: 4487/14751, actively running or decoding instructions: 2, waiting windows: 125/93557. Max active instruction index: 4479
2024-11-18 21:23:15 | Simulation update: decoder round 126564, completed instructions: 4552/14751, actively running or decoding instructions: 4, waiting windows: 106/94969. Max active instruction index: 4545
2024-11-18 21:23:25 | Simulation update: decoder round 128321, completed instructions: 4609/14751, actively running or decoding instructions: 3, waiting windows: 117/96401. Max active instruction index: 4601
2024-11-18 21:23:35 | Simulation update: decoder round 130105, completed instructions: 4667/14751, actively running or decoding instructions: 2, waiting windows: 111/97876. Max active instruction index: 4666
2024-11-18 21:23:45 | Simulation update: decoder round 131932, completed instructions: 4733/14751, actively running or decoding instructions: 2, waiting windows: 114/99366. Max active instruction index: 4725
2024-11-18 21:23:55 | Simulation update: decoder round 133661, completed instructions: 4778/14751, actively running or decoding instructions: 2, waiting windows: 112/100773. Max active instruction index: 4771
2024-11-18 21:24:05 | Simulation update: decoder round 135528, completed instructions: 4827/14751, actively running or decoding instructions: 2, waiting windows: 109/102283. Max active instruction index: 4819
2024-11-18 21:24:15 | Simulation update: decoder round 137417, completed instructions: 4885/14751, actively running or decoding instructions: 2, waiting windows: 113/103845. Max active instruction index: 4877
2024-11-18 21:24:25 | Simulation update: decoder round 139334, completed instructions: 4934/14751, actively running or decoding instructions: 4, waiting windows: 99/105396. Max active instruction index: 4934
2024-11-18 21:24:35 | Simulation update: decoder round 141270, completed instructions: 5022/14751, actively running or decoding instructions: 4, waiting windows: 128/107041. Max active instruction index: 5017
2024-11-18 21:24:45 | Simulation update: decoder round 143223, completed instructions: 5081/14751, actively running or decoding instructions: 3, waiting windows: 130/108724. Max active instruction index: 5066
2024-11-18 21:24:55 | Simulation update: decoder round 145207, completed instructions: 5147/14751, actively running or decoding instructions: 2, waiting windows: 122/110454. Max active instruction index: 5132
2024-11-18 21:25:05 | Simulation update: decoder round 147094, completed instructions: 5205/14751, actively running or decoding instructions: 3, waiting windows: 126/112091. Max active instruction index: 5190
2024-11-18 21:25:15 | Simulation update: decoder round 149147, completed instructions: 5281/14751, actively running or decoding instructions: 2, waiting windows: 132/113869. Max active instruction index: 5266
2024-11-18 21:25:25 | Simulation update: decoder round 151237, completed instructions: 5348/14751, actively running or decoding instructions: 2, waiting windows: 130/115678. Max active instruction index: 5333
2024-11-18 21:25:35 | Simulation update: decoder round 153364, completed instructions: 5407/14751, actively running or decoding instructions: 2, waiting windows: 127/117514. Max active instruction index: 5392
2024-11-18 21:25:45 | Simulation update: decoder round 155540, completed instructions: 5474/14751, actively running or decoding instructions: 2, waiting windows: 118/119380. Max active instruction index: 5459
2024-11-18 21:25:55 | Simulation update: decoder round 157778, completed instructions: 5559/14751, actively running or decoding instructions: 4, waiting windows: 121/121307. Max active instruction index: 5545
2024-11-18 21:26:05 | Simulation update: decoder round 159901, completed instructions: 5628/14751, actively running or decoding instructions: 2, waiting windows: 128/123148. Max active instruction index: 5613
2024-11-18 21:26:15 | Simulation update: decoder round 162254, completed instructions: 5706/14751, actively running or decoding instructions: 2, waiting windows: 118/125155. Max active instruction index: 5691
2024-11-18 21:26:25 | Simulation update: decoder round 164649, completed instructions: 5801/14751, actively running or decoding instructions: 4, waiting windows: 126/127225. Max active instruction index: 5795
2024-11-18 21:26:35 | Simulation update: decoder round 167119, completed instructions: 5879/14751, actively running or decoding instructions: 4, waiting windows: 134/129326. Max active instruction index: 5864
2024-11-18 21:26:45 | Simulation update: decoder round 169649, completed instructions: 5985/14751, actively running or decoding instructions: 17, waiting windows: 145/131523. Max active instruction index: 5993
2024-11-18 21:26:56 | Simulation update: decoder round 172354, completed instructions: 6404/14751, actively running or decoding instructions: 9, waiting windows: 134/134211. Max active instruction index: 6413
2024-11-18 21:27:06 | Simulation update: decoder round 175708, completed instructions: 6925/14751, actively running or decoding instructions: 6, waiting windows: 125/137543. Max active instruction index: 6995
2024-11-18 21:27:16 | Simulation update: decoder round 179143, completed instructions: 7505/14751, actively running or decoding instructions: 17, waiting windows: 143/140993. Max active instruction index: 7551
2024-11-18 21:27:26 | Simulation update: decoder round 182869, completed instructions: 8173/14751, actively running or decoding instructions: 12, waiting windows: 138/144878. Max active instruction index: 8252
2024-11-18 21:27:36 | Simulation update: decoder round 187177, completed instructions: 8997/14751, actively running or decoding instructions: 4, waiting windows: 108/148949. Max active instruction index: 8889
2024-11-18 21:27:46 | Simulation update: decoder round 199683, completed instructions: 10354/14751, actively running or decoding instructions: 6, waiting windows: 40/154558. Max active instruction index: 10337
2024-11-18 21:27:56 | Simulation update: decoder round 229860, completed instructions: 12353/14751, actively running or decoding instructions: 4, waiting windows: 31/161116. Max active instruction index: 12418
2024-11-18 21:28:06 | Simulation update: decoder round 283577, completed instructions: 14251/14751, actively running or decoding instructions: 3, waiting windows: 18/166995. Max active instruction index: 14227
2024-11-18 21:28:08 | Finished simulation
2024-11-18 21:28:08 | Finished saving output. Done! Total elapsed time: 0:22:37.110957
