CONFIG 1297
benchmark_file: slurm/data/20241118_210504/benchmarks/adder_n18.lss
decoder_latency_or_dist_filename: slurm/data/20241118_210504/decoder_dists.json
distance: 21
lightweight_setting: 2
max_parallel_processes: None
missed_speculation_modifier: 1.4
poison_policy: successors
rng: 0
scheduling_method: aligned
speculation_accuracy: 0.9
speculation_latency: 1
speculation_mode: None
2024-11-18 21:38:01 | Loading benchmark slurm/data/20241118_210504/benchmarks/adder_n18.lss...
2024-11-18 21:38:01 | Starting simulation
2024-11-18 21:38:01 | Simulation update: decoder round 1, completed instructions: 0/2002, actively running or decoding instructions: 3, waiting windows: 0/0. Max active instruction index: 18
2024-11-18 21:38:11 | Simulation update: decoder round 3387, completed instructions: 292/2002, actively running or decoding instructions: 7, waiting windows: 1635/3192. Max active instruction index: 298
2024-11-18 21:38:21 | Simulation update: decoder round 6976, completed instructions: 463/2002, actively running or decoding instructions: 4, waiting windows: 3322/6636. Max active instruction index: 413
2024-11-18 21:38:31 | Simulation update: decoder round 10511, completed instructions: 700/2002, actively running or decoding instructions: 17, waiting windows: 5008/10043. Max active instruction index: 717
2024-11-18 21:38:41 | Simulation update: decoder round 13822, completed instructions: 982/2002, actively running or decoding instructions: 11, waiting windows: 6486/13245. Max active instruction index: 977
2024-11-18 21:38:51 | Simulation update: decoder round 18240, completed instructions: 1436/2002, actively running or decoding instructions: 15, waiting windows: 8171/16871. Max active instruction index: 1432
2024-11-18 21:39:00 | Finished simulation
2024-11-18 21:39:00 | Finished saving output. Done! Total elapsed time: 0:00:58.754886
