CONFIG 1306
benchmark_file: slurm/data/20241118_210504/benchmarks/adder_n28.lss
decoder_latency_or_dist_filename: slurm/data/20241118_210504/decoder_dists.json
distance: 21
lightweight_setting: 2
max_parallel_processes: None
missed_speculation_modifier: 1.4
poison_policy: successors
rng: 0
scheduling_method: aligned
speculation_accuracy: 0.9
speculation_latency: 1
speculation_mode: None
2024-11-18 21:38:01 | Loading benchmark slurm/data/20241118_210504/benchmarks/adder_n28.lss...
2024-11-18 21:38:01 | Starting simulation
2024-11-18 21:38:02 | Simulation update: decoder round 1, completed instructions: 0/2839, actively running or decoding instructions: 7, waiting windows: 0/0. Max active instruction index: 30
2024-11-18 21:38:12 | Simulation update: decoder round 2151, completed instructions: 211/2839, actively running or decoding instructions: 7, waiting windows: 1663/3047. Max active instruction index: 206
2024-11-18 21:38:22 | Simulation update: decoder round 4304, completed instructions: 311/2839, actively running or decoding instructions: 9, waiting windows: 3047/5876. Max active instruction index: 311
2024-11-18 21:38:32 | Simulation update: decoder round 6568, completed instructions: 433/2839, actively running or decoding instructions: 7, waiting windows: 4470/8824. Max active instruction index: 425
2024-11-18 21:38:42 | Simulation update: decoder round 8822, completed instructions: 638/2839, actively running or decoding instructions: 15, waiting windows: 5996/11884. Max active instruction index: 688
2024-11-18 21:38:52 | Simulation update: decoder round 11116, completed instructions: 827/2839, actively running or decoding instructions: 12, waiting windows: 7522/15110. Max active instruction index: 839
2024-11-18 21:39:02 | Simulation update: decoder round 13771, completed instructions: 1103/2839, actively running or decoding instructions: 9, waiting windows: 9140/18523. Max active instruction index: 1336
2024-11-18 21:39:12 | Simulation update: decoder round 16915, completed instructions: 1360/2839, actively running or decoding instructions: 14, waiting windows: 10873/22197. Max active instruction index: 1364
2024-11-18 21:39:22 | Simulation update: decoder round 20167, completed instructions: 1700/2839, actively running or decoding instructions: 13, waiting windows: 12440/25570. Max active instruction index: 1697
2024-11-18 21:39:32 | Simulation update: decoder round 24085, completed instructions: 2083/2839, actively running or decoding instructions: 12, waiting windows: 14023/29010. Max active instruction index: 2078
2024-11-18 21:39:42 | Simulation update: decoder round 31565, completed instructions: 2613/2839, actively running or decoding instructions: 7, waiting windows: 15927/33243. Max active instruction index: 2587
2024-11-18 21:39:44 | Finished simulation
2024-11-18 21:39:44 | Finished saving output. Done! Total elapsed time: 0:01:42.785383
