CONFIG 1317
benchmark_file: slurm/data/20241118_210504/benchmarks/carleman_2_4.lss
decoder_latency_or_dist_filename: slurm/data/20241118_210504/decoder_dists.json
distance: 21
lightweight_setting: 2
max_parallel_processes: None
missed_speculation_modifier: 1.4
poison_policy: successors
rng: 1
scheduling_method: aligned
speculation_accuracy: 0.9
speculation_latency: 1
speculation_mode: None
2024-11-18 21:38:18 | Loading benchmark slurm/data/20241118_210504/benchmarks/carleman_2_4.lss...
2024-11-18 21:38:19 | Starting simulation
2024-11-18 21:38:20 | Simulation update: decoder round 1, completed instructions: 0/12153, actively running or decoding instructions: 21, waiting windows: 0/0. Max active instruction index: 191
2024-11-18 21:38:30 | Simulation update: decoder round 536, completed instructions: 406/12153, actively running or decoding instructions: 26, waiting windows: 665/1049. Max active instruction index: 403
2024-11-18 21:38:40 | Simulation update: decoder round 978, completed instructions: 406/12153, actively running or decoding instructions: 9, waiting windows: 952/1700. Max active instruction index: 403
2024-11-18 21:38:50 | Simulation update: decoder round 1420, completed instructions: 567/12153, actively running or decoding instructions: 22, waiting windows: 1334/2493. Max active instruction index: 558
2024-11-18 21:39:00 | Simulation update: decoder round 1868, completed instructions: 630/12153, actively running or decoding instructions: 15, waiting windows: 1673/3208. Max active instruction index: 631
2024-11-18 21:39:10 | Simulation update: decoder round 2306, completed instructions: 746/12153, actively running or decoding instructions: 30, waiting windows: 1980/3959. Max active instruction index: 793
2024-11-18 21:39:20 | Simulation update: decoder round 2757, completed instructions: 896/12153, actively running or decoding instructions: 32, waiting windows: 2412/4760. Max active instruction index: 913
2024-11-18 21:39:30 | Simulation update: decoder round 3207, completed instructions: 951/12153, actively running or decoding instructions: 17, waiting windows: 2663/5460. Max active instruction index: 946
2024-11-18 21:39:40 | Simulation update: decoder round 3655, completed instructions: 1154/12153, actively running or decoding instructions: 36, waiting windows: 3154/6327. Max active instruction index: 1178
2024-11-18 21:39:50 | Simulation update: decoder round 4116, completed instructions: 1236/12153, actively running or decoding instructions: 21, waiting windows: 3452/7089. Max active instruction index: 1262
2024-11-18 21:40:00 | Simulation update: decoder round 4578, completed instructions: 1355/12153, actively running or decoding instructions: 29, waiting windows: 3797/7920. Max active instruction index: 1349
2024-11-18 21:40:10 | Simulation update: decoder round 5037, completed instructions: 1538/12153, actively running or decoding instructions: 34, waiting windows: 4287/8833. Max active instruction index: 1638
2024-11-18 21:40:20 | Simulation update: decoder round 5506, completed instructions: 1652/12153, actively running or decoding instructions: 33, waiting windows: 4648/9709. Max active instruction index: 1703
2024-11-18 21:40:30 | Simulation update: decoder round 5979, completed instructions: 1811/12153, actively running or decoding instructions: 27, waiting windows: 5037/10609. Max active instruction index: 1848
2024-11-18 21:40:40 | Simulation update: decoder round 6446, completed instructions: 2056/12153, actively running or decoding instructions: 39, waiting windows: 5605/11626. Max active instruction index: 2098
2024-11-18 21:40:50 | Simulation update: decoder round 6939, completed instructions: 2199/12153, actively running or decoding instructions: 27, waiting windows: 5950/12537. Max active instruction index: 2236
2024-11-18 21:41:00 | Simulation update: decoder round 7443, completed instructions: 2296/12153, actively running or decoding instructions: 22, waiting windows: 6283/13393. Max active instruction index: 2314
2024-11-18 21:41:10 | Simulation update: decoder round 7935, completed instructions: 2462/12153, actively running or decoding instructions: 26, waiting windows: 6712/14332. Max active instruction index: 2510
2024-11-18 21:41:20 | Simulation update: decoder round 8444, completed instructions: 2631/12153, actively running or decoding instructions: 29, waiting windows: 7153/15291. Max active instruction index: 2631
2024-11-18 21:41:30 | Simulation update: decoder round 8965, completed instructions: 2733/12153, actively running or decoding instructions: 18, waiting windows: 7590/16191. Max active instruction index: 2820
2024-11-18 21:41:40 | Simulation update: decoder round 9477, completed instructions: 2851/12153, actively running or decoding instructions: 22, waiting windows: 7981/17110. Max active instruction index: 2873
2024-11-18 21:41:50 | Simulation update: decoder round 10003, completed instructions: 2996/12153, actively running or decoding instructions: 24, waiting windows: 8419/18083. Max active instruction index: 3027
2024-11-18 21:42:00 | Simulation update: decoder round 10533, completed instructions: 3187/12153, actively running or decoding instructions: 30, waiting windows: 8954/19108. Max active instruction index: 3207
2024-11-18 21:42:10 | Simulation update: decoder round 11074, completed instructions: 3222/12153, actively running or decoding instructions: 10, waiting windows: 9316/20015. Max active instruction index: 3237
2024-11-18 21:42:20 | Simulation update: decoder round 11597, completed instructions: 3348/12153, actively running or decoding instructions: 17, waiting windows: 9786/21021. Max active instruction index: 3806
2024-11-18 21:42:30 | Simulation update: decoder round 12139, completed instructions: 3481/12153, actively running or decoding instructions: 25, waiting windows: 10300/22067. Max active instruction index: 3489
2024-11-18 21:42:40 | Simulation update: decoder round 12690, completed instructions: 3600/12153, actively running or decoding instructions: 24, waiting windows: 10813/23103. Max active instruction index: 3583
2024-11-18 21:42:51 | Simulation update: decoder round 13238, completed instructions: 3626/12153, actively running or decoding instructions: 7, waiting windows: 11216/24041. Max active instruction index: 3617
2024-11-18 21:43:01 | Simulation update: decoder round 13799, completed instructions: 3765/12153, actively running or decoding instructions: 20, waiting windows: 11699/25096. Max active instruction index: 3764
2024-11-18 21:43:11 | Simulation update: decoder round 14368, completed instructions: 3962/12153, actively running or decoding instructions: 31, waiting windows: 12320/26227. Max active instruction index: 3985
2024-11-18 21:43:21 | Simulation update: decoder round 14956, completed instructions: 4031/12153, actively running or decoding instructions: 22, waiting windows: 12716/27229. Max active instruction index: 4094
2024-11-18 21:43:31 | Simulation update: decoder round 15540, completed instructions: 4163/12153, actively running or decoding instructions: 15, waiting windows: 13160/28248. Max active instruction index: 4277
2024-11-18 21:43:41 | Simulation update: decoder round 16142, completed instructions: 4253/12153, actively running or decoding instructions: 5, waiting windows: 13658/29322. Max active instruction index: 4247
2024-11-18 21:43:51 | Simulation update: decoder round 16753, completed instructions: 4334/12153, actively running or decoding instructions: 12, waiting windows: 14190/30396. Max active instruction index: 4358
2024-11-18 21:44:01 | Simulation update: decoder round 17370, completed instructions: 4510/12153, actively running or decoding instructions: 22, waiting windows: 14685/31532. Max active instruction index: 4696
2024-11-18 21:44:11 | Simulation update: decoder round 17976, completed instructions: 4602/12153, actively running or decoding instructions: 18, waiting windows: 15208/32626. Max active instruction index: 4888
2024-11-18 21:44:21 | Simulation update: decoder round 18607, completed instructions: 4736/12153, actively running or decoding instructions: 24, waiting windows: 15756/33795. Max active instruction index: 4765
2024-11-18 21:44:31 | Simulation update: decoder round 19254, completed instructions: 4804/12153, actively running or decoding instructions: 10, waiting windows: 16277/34906. Max active instruction index: 4774
2024-11-18 21:44:41 | Simulation update: decoder round 19899, completed instructions: 4987/12153, actively running or decoding instructions: 33, waiting windows: 16937/36131. Max active instruction index: 5112
2024-11-18 21:44:51 | Simulation update: decoder round 20549, completed instructions: 5110/12153, actively running or decoding instructions: 17, waiting windows: 17385/37241. Max active instruction index: 5194
2024-11-18 21:45:01 | Simulation update: decoder round 21232, completed instructions: 5247/12153, actively running or decoding instructions: 16, waiting windows: 17899/38390. Max active instruction index: 5366
2024-11-18 21:45:11 | Simulation update: decoder round 21926, completed instructions: 5293/12153, actively running or decoding instructions: 11, waiting windows: 18421/39515. Max active instruction index: 5221
2024-11-18 21:45:21 | Simulation update: decoder round 22606, completed instructions: 5348/12153, actively running or decoding instructions: 11, waiting windows: 19005/40669. Max active instruction index: 5391
2024-11-18 21:45:31 | Simulation update: decoder round 23318, completed instructions: 5437/12153, actively running or decoding instructions: 9, waiting windows: 19528/41820. Max active instruction index: 5408
2024-11-18 21:45:41 | Simulation update: decoder round 24041, completed instructions: 5567/12153, actively running or decoding instructions: 21, waiting windows: 20135/43005. Max active instruction index: 5652
2024-11-18 21:45:51 | Simulation update: decoder round 24773, completed instructions: 5634/12153, actively running or decoding instructions: 14, waiting windows: 20693/44189. Max active instruction index: 5678
2024-11-18 21:46:01 | Simulation update: decoder round 25493, completed instructions: 5707/12153, actively running or decoding instructions: 18, waiting windows: 21252/45355. Max active instruction index: 5691
2024-11-18 21:46:11 | Simulation update: decoder round 26251, completed instructions: 5753/12153, actively running or decoding instructions: 13, waiting windows: 21780/46480. Max active instruction index: 5746
2024-11-18 21:46:21 | Simulation update: decoder round 27009, completed instructions: 5837/12153, actively running or decoding instructions: 19, waiting windows: 22341/47648. Max active instruction index: 5826
2024-11-18 21:46:31 | Simulation update: decoder round 27755, completed instructions: 5881/12153, actively running or decoding instructions: 11, waiting windows: 22875/48763. Max active instruction index: 5869
2024-11-18 21:46:41 | Simulation update: decoder round 28522, completed instructions: 6011/12153, actively running or decoding instructions: 23, waiting windows: 23465/50011. Max active instruction index: 5996
2024-11-18 21:46:51 | Simulation update: decoder round 29306, completed instructions: 6149/12153, actively running or decoding instructions: 28, waiting windows: 24135/51302. Max active instruction index: 6135
2024-11-18 21:47:01 | Simulation update: decoder round 30106, completed instructions: 6195/12153, actively running or decoding instructions: 12, waiting windows: 24682/52559. Max active instruction index: 6179
2024-11-18 21:47:11 | Simulation update: decoder round 30886, completed instructions: 6332/12153, actively running or decoding instructions: 24, waiting windows: 25302/53862. Max active instruction index: 6310
2024-11-18 21:47:21 | Simulation update: decoder round 31710, completed instructions: 6415/12153, actively running or decoding instructions: 8, waiting windows: 25924/55160. Max active instruction index: 6418
2024-11-18 21:47:31 | Simulation update: decoder round 32540, completed instructions: 6609/12153, actively running or decoding instructions: 10, waiting windows: 26593/56567. Max active instruction index: 6627
2024-11-18 21:47:41 | Simulation update: decoder round 33362, completed instructions: 6755/12153, actively running or decoding instructions: 13, waiting windows: 27242/57947. Max active instruction index: 6740
2024-11-18 21:47:51 | Simulation update: decoder round 34245, completed instructions: 6858/12153, actively running or decoding instructions: 17, waiting windows: 27948/59345. Max active instruction index: 6835
2024-11-18 21:48:01 | Simulation update: decoder round 35147, completed instructions: 6912/12153, actively running or decoding instructions: 10, waiting windows: 28556/60715. Max active instruction index: 6894
2024-11-18 21:48:11 | Simulation update: decoder round 36030, completed instructions: 7117/12153, actively running or decoding instructions: 13, waiting windows: 29267/62168. Max active instruction index: 7120
2024-11-18 21:48:21 | Simulation update: decoder round 36954, completed instructions: 7407/12153, actively running or decoding instructions: 38, waiting windows: 30056/63762. Max active instruction index: 7435
2024-11-18 21:48:31 | Simulation update: decoder round 37948, completed instructions: 7492/12153, actively running or decoding instructions: 16, waiting windows: 30672/65235. Max active instruction index: 7560
2024-11-18 21:48:41 | Simulation update: decoder round 38952, completed instructions: 7595/12153, actively running or decoding instructions: 5, waiting windows: 31429/66815. Max active instruction index: 7502
2024-11-18 21:48:51 | Simulation update: decoder round 39928, completed instructions: 7784/12153, actively running or decoding instructions: 27, waiting windows: 32248/68463. Max active instruction index: 7898
2024-11-18 21:49:01 | Simulation update: decoder round 40991, completed instructions: 7858/12153, actively running or decoding instructions: 4, waiting windows: 32981/70088. Max active instruction index: 7756
2024-11-18 21:49:11 | Simulation update: decoder round 42067, completed instructions: 8118/12153, actively running or decoding instructions: 20, waiting windows: 33843/71897. Max active instruction index: 8187
2024-11-18 21:49:21 | Simulation update: decoder round 43172, completed instructions: 8288/12153, actively running or decoding instructions: 24, waiting windows: 34656/73615. Max active instruction index: 8348
2024-11-18 21:49:31 | Simulation update: decoder round 44371, completed instructions: 8657/12153, actively running or decoding instructions: 33, waiting windows: 35513/75556. Max active instruction index: 8792
2024-11-18 21:49:41 | Simulation update: decoder round 45731, completed instructions: 8774/12153, actively running or decoding instructions: 17, waiting windows: 36396/77430. Max active instruction index: 8759
2024-11-18 21:49:51 | Simulation update: decoder round 47103, completed instructions: 8849/12153, actively running or decoding instructions: 11, waiting windows: 37249/79263. Max active instruction index: 8829
2024-11-18 21:50:01 | Simulation update: decoder round 48453, completed instructions: 9224/12153, actively running or decoding instructions: 31, waiting windows: 38151/81269. Max active instruction index: 9202
2024-11-18 21:50:11 | Simulation update: decoder round 50029, completed instructions: 9665/12153, actively running or decoding instructions: 38, waiting windows: 39247/83636. Max active instruction index: 9712
2024-11-18 21:50:21 | Simulation update: decoder round 51943, completed instructions: 10171/12153, actively running or decoding instructions: 33, waiting windows: 40426/86247. Max active instruction index: 10273
2024-11-18 21:50:31 | Simulation update: decoder round 54530, completed instructions: 10723/12153, actively running or decoding instructions: 11, waiting windows: 41651/89151. Max active instruction index: 10693
2024-11-18 21:50:41 | Simulation update: decoder round 57740, completed instructions: 11250/12153, actively running or decoding instructions: 18, waiting windows: 43081/92337. Max active instruction index: 11379
2024-11-18 21:50:50 | Finished simulation
2024-11-18 21:50:50 | Finished saving output. Done! Total elapsed time: 0:12:32.524588
