CONFIG 138
benchmark_file: slurm/data/20241118_210504/benchmarks/adder_n18.lss
decoder_latency_or_dist_filename: slurm/data/20241118_210504/decoder_dists.json
distance: 21
lightweight_setting: 2
max_parallel_processes: None
missed_speculation_modifier: 1.4
poison_policy: successors
rng: 3
scheduling_method: sliding
speculation_accuracy: 0.9
speculation_latency: 1
speculation_mode: separate
2024-11-18 21:05:43 | Loading benchmark slurm/data/20241118_210504/benchmarks/adder_n18.lss...
2024-11-18 21:05:43 | Starting simulation
2024-11-18 21:05:43 | Simulation update: decoder round 1, completed instructions: 0/2002, actively running or decoding instructions: 3, waiting windows: 0/0. Max active instruction index: 18
2024-11-18 21:05:53 | Simulation update: decoder round 3432, completed instructions: 491/2002, actively running or decoding instructions: 6, waiting windows: 141/3444. Max active instruction index: 477
2024-11-18 21:06:03 | Simulation update: decoder round 6725, completed instructions: 986/2002, actively running or decoding instructions: 9, waiting windows: 120/6826. Max active instruction index: 987
2024-11-18 21:06:13 | Simulation update: decoder round 12702, completed instructions: 1798/2002, actively running or decoding instructions: 5, waiting windows: 65/10713. Max active instruction index: 1780
2024-11-18 21:06:15 | Finished simulation
2024-11-18 21:06:15 | Finished saving output. Done! Total elapsed time: 0:00:31.870840
