CONFIG 1394
benchmark_file: slurm/data/20241118_210504/benchmarks/adder_n28.lss
decoder_latency_or_dist_filename: slurm/data/20241118_210504/decoder_dists.json
distance: 21
lightweight_setting: 2
max_parallel_processes: None
missed_speculation_modifier: 1.4
poison_policy: successors
rng: 5
scheduling_method: aligned
speculation_accuracy: 0.9
speculation_latency: 1
speculation_mode: None
2024-11-18 21:39:08 | Loading benchmark slurm/data/20241118_210504/benchmarks/adder_n28.lss...
2024-11-18 21:39:08 | Starting simulation
2024-11-18 21:39:09 | Simulation update: decoder round 1, completed instructions: 0/2839, actively running or decoding instructions: 7, waiting windows: 0/0. Max active instruction index: 30
2024-11-18 21:39:19 | Simulation update: decoder round 2423, completed instructions: 229/2839, actively running or decoding instructions: 4, waiting windows: 1802/3359. Max active instruction index: 206
2024-11-18 21:39:29 | Simulation update: decoder round 4904, completed instructions: 345/2839, actively running or decoding instructions: 4, waiting windows: 3412/6627. Max active instruction index: 397
2024-11-18 21:39:39 | Simulation update: decoder round 7483, completed instructions: 474/2839, actively running or decoding instructions: 8, waiting windows: 5061/10008. Max active instruction index: 477
2024-11-18 21:39:49 | Simulation update: decoder round 9935, completed instructions: 698/2839, actively running or decoding instructions: 13, waiting windows: 6790/13520. Max active instruction index: 737
2024-11-18 21:39:59 | Simulation update: decoder round 12652, completed instructions: 928/2839, actively running or decoding instructions: 12, waiting windows: 8484/17122. Max active instruction index: 936
2024-11-18 21:40:09 | Simulation update: decoder round 16003, completed instructions: 1245/2839, actively running or decoding instructions: 5, waiting windows: 10374/21158. Max active instruction index: 1261
2024-11-18 21:40:19 | Simulation update: decoder round 19695, completed instructions: 1637/2839, actively running or decoding instructions: 10, waiting windows: 12281/25211. Max active instruction index: 1648
2024-11-18 21:40:29 | Simulation update: decoder round 24125, completed instructions: 2096/2839, actively running or decoding instructions: 11, waiting windows: 14097/29165. Max active instruction index: 2105
2024-11-18 21:40:39 | Simulation update: decoder round 33048, completed instructions: 2678/2839, actively running or decoding instructions: 8, waiting windows: 16263/33954. Max active instruction index: 2659
2024-11-18 21:40:40 | Finished simulation
2024-11-18 21:40:40 | Finished saving output. Done! Total elapsed time: 0:01:31.743537
