CONFIG 1416
benchmark_file: slurm/data/20241118_210504/benchmarks/rz_seq_10.lss
decoder_latency_or_dist_filename: slurm/data/20241118_210504/decoder_dists.json
distance: 21
lightweight_setting: 2
max_parallel_processes: None
missed_speculation_modifier: 1.4
poison_policy: successors
rng: 7
scheduling_method: aligned
speculation_accuracy: 0.9
speculation_latency: 1
speculation_mode: None
2024-11-18 21:39:42 | Loading benchmark slurm/data/20241118_210504/benchmarks/rz_seq_10.lss...
2024-11-18 21:39:43 | Starting simulation
2024-11-18 21:39:43 | Simulation update: decoder round 1, completed instructions: 0/5486, actively running or decoding instructions: 1, waiting windows: 0/0. Max active instruction index: 1
2024-11-18 21:39:53 | Simulation update: decoder round 70546, completed instructions: 865/5486, actively running or decoding instructions: 3, waiting windows: 2742/6034. Max active instruction index: 861
2024-11-18 21:40:03 | Simulation update: decoder round 141504, completed instructions: 1732/5486, actively running or decoding instructions: 3, waiting windows: 5494/12119. Max active instruction index: 1728
2024-11-18 21:40:13 | Simulation update: decoder round 211914, completed instructions: 2592/5486, actively running or decoding instructions: 3, waiting windows: 8208/18129. Max active instruction index: 2588
2024-11-18 21:40:23 | Simulation update: decoder round 281931, completed instructions: 3447/5486, actively running or decoding instructions: 3, waiting windows: 10991/24288. Max active instruction index: 3444
2024-11-18 21:40:33 | Simulation update: decoder round 350907, completed instructions: 4299/5486, actively running or decoding instructions: 3, waiting windows: 13748/30392. Max active instruction index: 4295
2024-11-18 21:40:43 | Simulation update: decoder round 421523, completed instructions: 5177/5486, actively running or decoding instructions: 3, waiting windows: 16499/36493. Max active instruction index: 5174
2024-11-18 21:40:47 | Finished simulation
2024-11-18 21:40:47 | Finished saving output. Done! Total elapsed time: 0:01:05.071345
