CONFIG 142
benchmark_file: slurm/data/20241118_210504/benchmarks/qpeexact_5.lss
decoder_latency_or_dist_filename: slurm/data/20241118_210504/decoder_dists.json
distance: 21
lightweight_setting: 2
max_parallel_processes: None
missed_speculation_modifier: 1.4
poison_policy: successors
rng: 3
scheduling_method: sliding
speculation_accuracy: 0.9
speculation_latency: 1
speculation_mode: separate
2024-11-18 21:05:44 | Loading benchmark slurm/data/20241118_210504/benchmarks/qpeexact_5.lss...
2024-11-18 21:05:45 | Starting simulation
2024-11-18 21:05:46 | Simulation update: decoder round 1, completed instructions: 0/14570, actively running or decoding instructions: 1, waiting windows: 0/0. Max active instruction index: 0
2024-11-18 21:05:56 | Simulation update: decoder round 6316, completed instructions: 133/14570, actively running or decoding instructions: 3, waiting windows: 15/578. Max active instruction index: 129
2024-11-18 21:06:06 | Simulation update: decoder round 13500, completed instructions: 272/14570, actively running or decoding instructions: 2, waiting windows: 8/1144. Max active instruction index: 269
2024-11-18 21:06:16 | Simulation update: decoder round 22045, completed instructions: 465/14570, actively running or decoding instructions: 3, waiting windows: 10/1898. Max active instruction index: 462
2024-11-18 21:06:26 | Simulation update: decoder round 32433, completed instructions: 691/14570, actively running or decoding instructions: 2, waiting windows: 27/3373. Max active instruction index: 682
2024-11-18 21:06:36 | Simulation update: decoder round 46701, completed instructions: 984/14570, actively running or decoding instructions: 4, waiting windows: 26/6019. Max active instruction index: 975
2024-11-18 21:06:46 | Simulation update: decoder round 53855, completed instructions: 1159/14570, actively running or decoding instructions: 8, waiting windows: 50/7453. Max active instruction index: 1698
2024-11-18 21:06:56 | Simulation update: decoder round 54640, completed instructions: 1204/14570, actively running or decoding instructions: 6, waiting windows: 52/7717. Max active instruction index: 1762
2024-11-18 21:07:06 | Simulation update: decoder round 55431, completed instructions: 1238/14570, actively running or decoding instructions: 5, waiting windows: 45/7966. Max active instruction index: 1775
2024-11-18 21:07:16 | Simulation update: decoder round 56224, completed instructions: 1279/14570, actively running or decoding instructions: 4, waiting windows: 53/8244. Max active instruction index: 1828
2024-11-18 21:07:26 | Simulation update: decoder round 57023, completed instructions: 1318/14570, actively running or decoding instructions: 3, waiting windows: 48/8498. Max active instruction index: 1869
2024-11-18 21:07:36 | Simulation update: decoder round 57816, completed instructions: 1357/14570, actively running or decoding instructions: 3, waiting windows: 50/8774. Max active instruction index: 1909
2024-11-18 21:07:46 | Simulation update: decoder round 58616, completed instructions: 1401/14570, actively running or decoding instructions: 3, waiting windows: 52/9045. Max active instruction index: 1943
2024-11-18 21:07:56 | Simulation update: decoder round 59423, completed instructions: 1432/14570, actively running or decoding instructions: 3, waiting windows: 47/9324. Max active instruction index: 1980
2024-11-18 21:08:06 | Simulation update: decoder round 60229, completed instructions: 1479/14570, actively running or decoding instructions: 7, waiting windows: 53/9583. Max active instruction index: 2044
2024-11-18 21:08:16 | Simulation update: decoder round 61054, completed instructions: 1519/14570, actively running or decoding instructions: 4, waiting windows: 47/9853. Max active instruction index: 2077
2024-11-18 21:08:26 | Simulation update: decoder round 61871, completed instructions: 1558/14570, actively running or decoding instructions: 3, waiting windows: 50/10129. Max active instruction index: 2115
2024-11-18 21:08:36 | Simulation update: decoder round 62693, completed instructions: 1594/14570, actively running or decoding instructions: 4, waiting windows: 44/10407. Max active instruction index: 2149
2024-11-18 21:08:46 | Simulation update: decoder round 63519, completed instructions: 1634/14570, actively running or decoding instructions: 4, waiting windows: 50/10679. Max active instruction index: 2189
2024-11-18 21:08:56 | Simulation update: decoder round 64344, completed instructions: 1684/14570, actively running or decoding instructions: 6, waiting windows: 54/10976. Max active instruction index: 2248
2024-11-18 21:09:06 | Simulation update: decoder round 65187, completed instructions: 1722/14570, actively running or decoding instructions: 5, waiting windows: 49/11251. Max active instruction index: 2275
2024-11-18 21:09:16 | Simulation update: decoder round 66024, completed instructions: 1755/14570, actively running or decoding instructions: 3, waiting windows: 42/11496. Max active instruction index: 2307
2024-11-18 21:09:26 | Simulation update: decoder round 66866, completed instructions: 1794/14570, actively running or decoding instructions: 5, waiting windows: 45/11772. Max active instruction index: 2347
2024-11-18 21:09:36 | Simulation update: decoder round 67713, completed instructions: 1824/14570, actively running or decoding instructions: 6, waiting windows: 46/12051. Max active instruction index: 2372
2024-11-18 21:09:46 | Simulation update: decoder round 68564, completed instructions: 1862/14570, actively running or decoding instructions: 4, waiting windows: 45/12330. Max active instruction index: 2405
2024-11-18 21:09:56 | Simulation update: decoder round 69432, completed instructions: 1899/14570, actively running or decoding instructions: 3, waiting windows: 53/12631. Max active instruction index: 2443
2024-11-18 21:10:06 | Simulation update: decoder round 70286, completed instructions: 1937/14570, actively running or decoding instructions: 5, waiting windows: 45/12905. Max active instruction index: 2481
2024-11-18 21:10:16 | Simulation update: decoder round 71147, completed instructions: 1983/14570, actively running or decoding instructions: 3, waiting windows: 41/13190. Max active instruction index: 2533
2024-11-18 21:10:26 | Simulation update: decoder round 72014, completed instructions: 2026/14570, actively running or decoding instructions: 5, waiting windows: 52/13479. Max active instruction index: 2585
2024-11-18 21:10:36 | Simulation update: decoder round 72889, completed instructions: 2065/14570, actively running or decoding instructions: 3, waiting windows: 46/13739. Max active instruction index: 2613
2024-11-18 21:10:46 | Simulation update: decoder round 73771, completed instructions: 2106/14570, actively running or decoding instructions: 3, waiting windows: 47/14011. Max active instruction index: 2664
2024-11-18 21:10:56 | Simulation update: decoder round 74661, completed instructions: 2155/14570, actively running or decoding instructions: 3, waiting windows: 44/14299. Max active instruction index: 2703
2024-11-18 21:11:06 | Simulation update: decoder round 75546, completed instructions: 2202/14570, actively running or decoding instructions: 3, waiting windows: 49/14578. Max active instruction index: 2753
2024-11-18 21:11:16 | Simulation update: decoder round 76435, completed instructions: 2238/14570, actively running or decoding instructions: 3, waiting windows: 49/14867. Max active instruction index: 2779
2024-11-18 21:11:26 | Simulation update: decoder round 77329, completed instructions: 2286/14570, actively running or decoding instructions: 4, waiting windows: 46/15183. Max active instruction index: 2824
2024-11-18 21:11:36 | Simulation update: decoder round 78237, completed instructions: 2328/14570, actively running or decoding instructions: 6, waiting windows: 40/15465. Max active instruction index: 2866
2024-11-18 21:11:46 | Simulation update: decoder round 79128, completed instructions: 2366/14570, actively running or decoding instructions: 4, waiting windows: 43/15763. Max active instruction index: 2906
2024-11-18 21:11:56 | Simulation update: decoder round 80043, completed instructions: 2408/14570, actively running or decoding instructions: 3, waiting windows: 40/16030. Max active instruction index: 2951
2024-11-18 21:12:06 | Simulation update: decoder round 80964, completed instructions: 2451/14570, actively running or decoding instructions: 3, waiting windows: 42/16289. Max active instruction index: 2975
2024-11-18 21:12:16 | Simulation update: decoder round 81890, completed instructions: 2491/14570, actively running or decoding instructions: 5, waiting windows: 32/16528. Max active instruction index: 3005
2024-11-18 21:12:26 | Simulation update: decoder round 82827, completed instructions: 2541/14570, actively running or decoding instructions: 4, waiting windows: 29/16786. Max active instruction index: 3029
2024-11-18 21:12:36 | Simulation update: decoder round 83781, completed instructions: 2596/14570, actively running or decoding instructions: 4, waiting windows: 42/17039. Max active instruction index: 3060
2024-11-18 21:12:46 | Simulation update: decoder round 84727, completed instructions: 2643/14570, actively running or decoding instructions: 5, waiting windows: 39/17310. Max active instruction index: 3089
2024-11-18 21:12:56 | Simulation update: decoder round 85681, completed instructions: 2692/14570, actively running or decoding instructions: 5, waiting windows: 41/17575. Max active instruction index: 3113
2024-11-18 21:13:06 | Simulation update: decoder round 86638, completed instructions: 2734/14570, actively running or decoding instructions: 5, waiting windows: 26/17843. Max active instruction index: 3142
2024-11-18 21:13:16 | Simulation update: decoder round 87610, completed instructions: 2786/14570, actively running or decoding instructions: 4, waiting windows: 36/18130. Max active instruction index: 3165
2024-11-18 21:13:26 | Simulation update: decoder round 88594, completed instructions: 2850/14570, actively running or decoding instructions: 5, waiting windows: 44/18433. Max active instruction index: 3196
2024-11-18 21:13:36 | Simulation update: decoder round 89555, completed instructions: 2868/14570, actively running or decoding instructions: 2, waiting windows: 34/18690. Max active instruction index: 2123
2024-11-18 21:13:46 | Simulation update: decoder round 90523, completed instructions: 2887/14570, actively running or decoding instructions: 2, waiting windows: 43/18941. Max active instruction index: 2171
2024-11-18 21:13:56 | Simulation update: decoder round 91485, completed instructions: 2911/14570, actively running or decoding instructions: 2, waiting windows: 38/19219. Max active instruction index: 2231
2024-11-18 21:14:06 | Simulation update: decoder round 92455, completed instructions: 2931/14570, actively running or decoding instructions: 4, waiting windows: 37/19490. Max active instruction index: 2281
2024-11-18 21:14:16 | Simulation update: decoder round 93441, completed instructions: 2955/14570, actively running or decoding instructions: 4, waiting windows: 39/19757. Max active instruction index: 2335
2024-11-18 21:14:26 | Simulation update: decoder round 94420, completed instructions: 2969/14570, actively running or decoding instructions: 2, waiting windows: 38/20034. Max active instruction index: 2366
2024-11-18 21:14:36 | Simulation update: decoder round 95403, completed instructions: 2993/14570, actively running or decoding instructions: 3, waiting windows: 37/20313. Max active instruction index: 2425
2024-11-18 21:14:46 | Simulation update: decoder round 96387, completed instructions: 3015/14570, actively running or decoding instructions: 3, waiting windows: 41/20586. Max active instruction index: 2476
2024-11-18 21:14:56 | Simulation update: decoder round 97365, completed instructions: 3031/14570, actively running or decoding instructions: 2, waiting windows: 43/20869. Max active instruction index: 2514
2024-11-18 21:15:06 | Simulation update: decoder round 98372, completed instructions: 3051/14570, actively running or decoding instructions: 4, waiting windows: 38/21161. Max active instruction index: 2578
2024-11-18 21:15:16 | Simulation update: decoder round 99368, completed instructions: 3070/14570, actively running or decoding instructions: 3, waiting windows: 41/21437. Max active instruction index: 2607
2024-11-18 21:15:26 | Simulation update: decoder round 100366, completed instructions: 3088/14570, actively running or decoding instructions: 3, waiting windows: 42/21729. Max active instruction index: 2659
2024-11-18 21:15:36 | Simulation update: decoder round 101369, completed instructions: 3102/14570, actively running or decoding instructions: 2, waiting windows: 36/21988. Max active instruction index: 2684
2024-11-18 21:15:46 | Simulation update: decoder round 102375, completed instructions: 3123/14570, actively running or decoding instructions: 2, waiting windows: 35/22268. Max active instruction index: 2734
2024-11-18 21:15:56 | Simulation update: decoder round 103389, completed instructions: 3147/14570, actively running or decoding instructions: 2, waiting windows: 38/22551. Max active instruction index: 2793
2024-11-18 21:16:06 | Simulation update: decoder round 104414, completed instructions: 3169/14570, actively running or decoding instructions: 4, waiting windows: 37/22824. Max active instruction index: 2846
2024-11-18 21:16:16 | Simulation update: decoder round 105429, completed instructions: 3189/14570, actively running or decoding instructions: 4, waiting windows: 35/23087. Max active instruction index: 2901
2024-11-18 21:16:26 | Simulation update: decoder round 106451, completed instructions: 3213/14570, actively running or decoding instructions: 2, waiting windows: 38/23381. Max active instruction index: 2945
2024-11-18 21:16:36 | Simulation update: decoder round 107165, completed instructions: 3303/14570, actively running or decoding instructions: 8, waiting windows: 45/23640. Max active instruction index: 3331
2024-11-18 21:16:46 | Simulation update: decoder round 107794, completed instructions: 3356/14570, actively running or decoding instructions: 4, waiting windows: 51/23876. Max active instruction index: 3398
2024-11-18 21:16:56 | Simulation update: decoder round 108421, completed instructions: 3404/14570, actively running or decoding instructions: 7, waiting windows: 47/24093. Max active instruction index: 3445
2024-11-18 21:17:06 | Simulation update: decoder round 109053, completed instructions: 3452/14570, actively running or decoding instructions: 8, waiting windows: 48/24284. Max active instruction index: 3492
2024-11-18 21:17:16 | Simulation update: decoder round 109689, completed instructions: 3513/14570, actively running or decoding instructions: 7, waiting windows: 43/24480. Max active instruction index: 3538
2024-11-18 21:17:26 | Simulation update: decoder round 110328, completed instructions: 3565/14570, actively running or decoding instructions: 6, waiting windows: 49/24697. Max active instruction index: 3605
2024-11-18 21:17:36 | Simulation update: decoder round 110969, completed instructions: 3620/14570, actively running or decoding instructions: 7, waiting windows: 46/24903. Max active instruction index: 3650
2024-11-18 21:17:46 | Simulation update: decoder round 111625, completed instructions: 3664/14570, actively running or decoding instructions: 7, waiting windows: 30/25096. Max active instruction index: 3717
2024-11-18 21:17:56 | Simulation update: decoder round 112281, completed instructions: 3731/14570, actively running or decoding instructions: 6, waiting windows: 47/25325. Max active instruction index: 3760
2024-11-18 21:18:06 | Simulation update: decoder round 112937, completed instructions: 3786/14570, actively running or decoding instructions: 6, waiting windows: 53/25563. Max active instruction index: 3812
2024-11-18 21:18:16 | Simulation update: decoder round 113595, completed instructions: 3831/14570, actively running or decoding instructions: 4, waiting windows: 37/25794. Max active instruction index: 3865
2024-11-18 21:18:27 | Simulation update: decoder round 114259, completed instructions: 3881/14570, actively running or decoding instructions: 5, waiting windows: 54/26033. Max active instruction index: 3903
2024-11-18 21:18:37 | Simulation update: decoder round 114927, completed instructions: 3947/14570, actively running or decoding instructions: 8, waiting windows: 55/26262. Max active instruction index: 3974
2024-11-18 21:18:47 | Simulation update: decoder round 115609, completed instructions: 4005/14570, actively running or decoding instructions: 6, waiting windows: 53/26508. Max active instruction index: 4020
2024-11-18 21:18:57 | Simulation update: decoder round 116286, completed instructions: 4056/14570, actively running or decoding instructions: 5, waiting windows: 44/26732. Max active instruction index: 4085
2024-11-18 21:19:07 | Simulation update: decoder round 116966, completed instructions: 4124/14570, actively running or decoding instructions: 5, waiting windows: 52/26980. Max active instruction index: 4142
2024-11-18 21:19:17 | Simulation update: decoder round 117636, completed instructions: 4187/14570, actively running or decoding instructions: 9, waiting windows: 45/27189. Max active instruction index: 4209
2024-11-18 21:19:27 | Simulation update: decoder round 118322, completed instructions: 4242/14570, actively running or decoding instructions: 6, waiting windows: 49/27437. Max active instruction index: 4252
2024-11-18 21:19:37 | Simulation update: decoder round 119020, completed instructions: 4309/14570, actively running or decoding instructions: 9, waiting windows: 50/27687. Max active instruction index: 4325
2024-11-18 21:19:47 | Simulation update: decoder round 119723, completed instructions: 4355/14570, actively running or decoding instructions: 7, waiting windows: 46/27929. Max active instruction index: 4384
2024-11-18 21:19:57 | Simulation update: decoder round 120427, completed instructions: 4410/14570, actively running or decoding instructions: 5, waiting windows: 45/28180. Max active instruction index: 4421
2024-11-18 21:20:07 | Simulation update: decoder round 121133, completed instructions: 4469/14570, actively running or decoding instructions: 8, waiting windows: 44/28424. Max active instruction index: 4483
2024-11-18 21:20:17 | Simulation update: decoder round 121846, completed instructions: 4527/14570, actively running or decoding instructions: 6, waiting windows: 49/28686. Max active instruction index: 4543
2024-11-18 21:20:27 | Simulation update: decoder round 122574, completed instructions: 4592/14570, actively running or decoding instructions: 5, waiting windows: 53/28945. Max active instruction index: 4609
2024-11-18 21:20:37 | Simulation update: decoder round 123310, completed instructions: 4645/14570, actively running or decoding instructions: 7, waiting windows: 45/29179. Max active instruction index: 4654
2024-11-18 21:20:47 | Simulation update: decoder round 124037, completed instructions: 4713/14570, actively running or decoding instructions: 6, waiting windows: 49/29443. Max active instruction index: 4723
2024-11-18 21:20:57 | Simulation update: decoder round 124773, completed instructions: 4779/14570, actively running or decoding instructions: 5, waiting windows: 51/29699. Max active instruction index: 4790
2024-11-18 21:21:07 | Simulation update: decoder round 125511, completed instructions: 4839/14570, actively running or decoding instructions: 7, waiting windows: 45/29934. Max active instruction index: 4850
2024-11-18 21:21:17 | Simulation update: decoder round 126260, completed instructions: 4901/14570, actively running or decoding instructions: 5, waiting windows: 50/30182. Max active instruction index: 4928
2024-11-18 21:21:27 | Simulation update: decoder round 127017, completed instructions: 4951/14570, actively running or decoding instructions: 4, waiting windows: 50/30449. Max active instruction index: 4961
2024-11-18 21:21:37 | Simulation update: decoder round 127767, completed instructions: 5009/14570, actively running or decoding instructions: 5, waiting windows: 45/30719. Max active instruction index: 5026
2024-11-18 21:21:47 | Simulation update: decoder round 128529, completed instructions: 5083/14570, actively running or decoding instructions: 9, waiting windows: 54/30962. Max active instruction index: 5115
2024-11-18 21:21:57 | Simulation update: decoder round 129293, completed instructions: 5135/14570, actively running or decoding instructions: 7, waiting windows: 47/31215. Max active instruction index: 5164
2024-11-18 21:22:07 | Simulation update: decoder round 130080, completed instructions: 5207/14570, actively running or decoding instructions: 6, waiting windows: 46/31434. Max active instruction index: 5241
2024-11-18 21:22:17 | Simulation update: decoder round 130861, completed instructions: 5273/14570, actively running or decoding instructions: 6, waiting windows: 56/31713. Max active instruction index: 5292
2024-11-18 21:22:27 | Simulation update: decoder round 131645, completed instructions: 5342/14570, actively running or decoding instructions: 8, waiting windows: 53/31980. Max active instruction index: 5361
2024-11-18 21:22:37 | Simulation update: decoder round 132444, completed instructions: 5403/14570, actively running or decoding instructions: 7, waiting windows: 42/32239. Max active instruction index: 5439
2024-11-18 21:22:47 | Simulation update: decoder round 133250, completed instructions: 5463/14570, actively running or decoding instructions: 7, waiting windows: 45/32459. Max active instruction index: 5489
2024-11-18 21:22:57 | Simulation update: decoder round 134065, completed instructions: 5518/14570, actively running or decoding instructions: 4, waiting windows: 36/32706. Max active instruction index: 5524
2024-11-18 21:23:07 | Simulation update: decoder round 134891, completed instructions: 5559/14570, actively running or decoding instructions: 5, waiting windows: 35/32933. Max active instruction index: 5563
2024-11-18 21:23:17 | Simulation update: decoder round 135717, completed instructions: 5573/14570, actively running or decoding instructions: 3, waiting windows: 28/33125. Max active instruction index: 5569
2024-11-18 21:23:27 | Simulation update: decoder round 136542, completed instructions: 5596/14570, actively running or decoding instructions: 3, waiting windows: 33/33310. Max active instruction index: 5591
2024-11-18 21:23:37 | Simulation update: decoder round 137372, completed instructions: 5612/14570, actively running or decoding instructions: 2, waiting windows: 35/33510. Max active instruction index: 5607
2024-11-18 21:23:47 | Simulation update: decoder round 138201, completed instructions: 5633/14570, actively running or decoding instructions: 4, waiting windows: 36/33699. Max active instruction index: 5633
2024-11-18 21:23:57 | Simulation update: decoder round 139050, completed instructions: 5649/14570, actively running or decoding instructions: 2, waiting windows: 36/33899. Max active instruction index: 5644
2024-11-18 21:24:07 | Simulation update: decoder round 139883, completed instructions: 5675/14570, actively running or decoding instructions: 7, waiting windows: 35/34097. Max active instruction index: 5674
2024-11-18 21:24:17 | Simulation update: decoder round 140718, completed instructions: 5708/14570, actively running or decoding instructions: 2, waiting windows: 39/34333. Max active instruction index: 5700
2024-11-18 21:24:27 | Simulation update: decoder round 141560, completed instructions: 5724/14570, actively running or decoding instructions: 4, waiting windows: 39/34566. Max active instruction index: 5716
2024-11-18 21:24:37 | Simulation update: decoder round 142398, completed instructions: 5745/14570, actively running or decoding instructions: 4, waiting windows: 41/34813. Max active instruction index: 5742
2024-11-18 21:24:47 | Simulation update: decoder round 143256, completed instructions: 5762/14570, actively running or decoding instructions: 3, waiting windows: 43/35049. Max active instruction index: 5754
2024-11-18 21:24:57 | Simulation update: decoder round 144097, completed instructions: 5780/14570, actively running or decoding instructions: 3, waiting windows: 39/35289. Max active instruction index: 5772
2024-11-18 21:25:07 | Simulation update: decoder round 144946, completed instructions: 5797/14570, actively running or decoding instructions: 4, waiting windows: 43/35514. Max active instruction index: 5789
2024-11-18 21:25:17 | Simulation update: decoder round 145797, completed instructions: 5814/14570, actively running or decoding instructions: 2, waiting windows: 39/35749. Max active instruction index: 5806
2024-11-18 21:25:27 | Simulation update: decoder round 146651, completed instructions: 5836/14570, actively running or decoding instructions: 3, waiting windows: 42/35987. Max active instruction index: 5828
2024-11-18 21:25:37 | Simulation update: decoder round 147515, completed instructions: 5851/14570, actively running or decoding instructions: 2, waiting windows: 35/36229. Max active instruction index: 5844
2024-11-18 21:25:47 | Simulation update: decoder round 148370, completed instructions: 5869/14570, actively running or decoding instructions: 2, waiting windows: 42/36470. Max active instruction index: 5861
2024-11-18 21:25:57 | Simulation update: decoder round 149219, completed instructions: 5890/14570, actively running or decoding instructions: 2, waiting windows: 42/36718. Max active instruction index: 5882
2024-11-18 21:26:07 | Simulation update: decoder round 150077, completed instructions: 5906/14570, actively running or decoding instructions: 3, waiting windows: 45/36968. Max active instruction index: 5898
2024-11-18 21:26:17 | Simulation update: decoder round 150940, completed instructions: 5923/14570, actively running or decoding instructions: 2, waiting windows: 41/37216. Max active instruction index: 5915
2024-11-18 21:26:27 | Simulation update: decoder round 151810, completed instructions: 5941/14570, actively running or decoding instructions: 4, waiting windows: 38/37445. Max active instruction index: 5933
2024-11-18 21:26:37 | Simulation update: decoder round 152685, completed instructions: 5958/14570, actively running or decoding instructions: 2, waiting windows: 41/37699. Max active instruction index: 5950
2024-11-18 21:26:47 | Simulation update: decoder round 153549, completed instructions: 5977/14570, actively running or decoding instructions: 4, waiting windows: 32/37938. Max active instruction index: 5973
2024-11-18 21:26:57 | Simulation update: decoder round 154418, completed instructions: 5993/14570, actively running or decoding instructions: 4, waiting windows: 34/38173. Max active instruction index: 5989
2024-11-18 21:27:07 | Simulation update: decoder round 155289, completed instructions: 6013/14570, actively running or decoding instructions: 4, waiting windows: 33/38411. Max active instruction index: 6006
2024-11-18 21:27:17 | Simulation update: decoder round 156165, completed instructions: 6036/14570, actively running or decoding instructions: 4, waiting windows: 39/38649. Max active instruction index: 6028
2024-11-18 21:27:27 | Simulation update: decoder round 157047, completed instructions: 6050/14570, actively running or decoding instructions: 2, waiting windows: 34/38896. Max active instruction index: 6043
2024-11-18 21:27:37 | Simulation update: decoder round 157922, completed instructions: 6073/14570, actively running or decoding instructions: 4, waiting windows: 35/39131. Max active instruction index: 6066
2024-11-18 21:27:47 | Simulation update: decoder round 158797, completed instructions: 6091/14570, actively running or decoding instructions: 2, waiting windows: 43/39373. Max active instruction index: 6083
2024-11-18 21:27:57 | Simulation update: decoder round 159672, completed instructions: 6108/14570, actively running or decoding instructions: 3, waiting windows: 42/39622. Max active instruction index: 6101
2024-11-18 21:28:07 | Simulation update: decoder round 160568, completed instructions: 6130/14570, actively running or decoding instructions: 3, waiting windows: 44/39864. Max active instruction index: 6128
2024-11-18 21:28:17 | Simulation update: decoder round 161461, completed instructions: 6146/14570, actively running or decoding instructions: 2, waiting windows: 38/40110. Max active instruction index: 6139
2024-11-18 21:28:27 | Simulation update: decoder round 162351, completed instructions: 6165/14570, actively running or decoding instructions: 2, waiting windows: 41/40338. Max active instruction index: 6157
2024-11-18 21:28:37 | Simulation update: decoder round 163209, completed instructions: 6182/14570, actively running or decoding instructions: 4, waiting windows: 34/40573. Max active instruction index: 6179
2024-11-18 21:28:47 | Simulation update: decoder round 164106, completed instructions: 6204/14570, actively running or decoding instructions: 3, waiting windows: 40/40831. Max active instruction index: 6196
2024-11-18 21:28:57 | Simulation update: decoder round 165013, completed instructions: 6227/14570, actively running or decoding instructions: 3, waiting windows: 41/41084. Max active instruction index: 6219
2024-11-18 21:29:07 | Simulation update: decoder round 165905, completed instructions: 6242/14570, actively running or decoding instructions: 2, waiting windows: 39/41341. Max active instruction index: 6234
2024-11-18 21:29:17 | Simulation update: decoder round 166805, completed instructions: 6263/14570, actively running or decoding instructions: 4, waiting windows: 39/41583. Max active instruction index: 6261
2024-11-18 21:29:27 | Simulation update: decoder round 167714, completed instructions: 6282/14570, actively running or decoding instructions: 2, waiting windows: 39/41827. Max active instruction index: 6274
2024-11-18 21:29:37 | Simulation update: decoder round 168631, completed instructions: 6298/14570, actively running or decoding instructions: 3, waiting windows: 37/42068. Max active instruction index: 6290
2024-11-18 21:29:47 | Simulation update: decoder round 169538, completed instructions: 6315/14570, actively running or decoding instructions: 2, waiting windows: 41/42312. Max active instruction index: 6307
2024-11-18 21:29:57 | Simulation update: decoder round 170445, completed instructions: 6338/14570, actively running or decoding instructions: 3, waiting windows: 36/42557. Max active instruction index: 6331
2024-11-18 21:30:07 | Simulation update: decoder round 171362, completed instructions: 6359/14570, actively running or decoding instructions: 3, waiting windows: 38/42811. Max active instruction index: 6352
2024-11-18 21:30:17 | Simulation update: decoder round 172280, completed instructions: 6379/14570, actively running or decoding instructions: 4, waiting windows: 38/43050. Max active instruction index: 6375
2024-11-18 21:30:27 | Simulation update: decoder round 173208, completed instructions: 6398/14570, actively running or decoding instructions: 3, waiting windows: 41/43316. Max active instruction index: 6390
2024-11-18 21:30:37 | Simulation update: decoder round 174124, completed instructions: 6441/14570, actively running or decoding instructions: 3, waiting windows: 43/43597. Max active instruction index: 6977
2024-11-18 21:30:47 | Simulation update: decoder round 175048, completed instructions: 6489/14570, actively running or decoding instructions: 5, waiting windows: 46/43889. Max active instruction index: 7025
2024-11-18 21:30:57 | Simulation update: decoder round 175976, completed instructions: 6540/14570, actively running or decoding instructions: 3, waiting windows: 50/44195. Max active instruction index: 7077
2024-11-18 21:31:07 | Simulation update: decoder round 176934, completed instructions: 6584/14570, actively running or decoding instructions: 4, waiting windows: 48/44513. Max active instruction index: 7114
2024-11-18 21:31:17 | Simulation update: decoder round 177873, completed instructions: 6631/14570, actively running or decoding instructions: 5, waiting windows: 53/44818. Max active instruction index: 7164
2024-11-18 21:31:27 | Simulation update: decoder round 178820, completed instructions: 6677/14570, actively running or decoding instructions: 4, waiting windows: 48/45112. Max active instruction index: 7204
2024-11-18 21:31:37 | Simulation update: decoder round 179772, completed instructions: 6721/14570, actively running or decoding instructions: 7, waiting windows: 38/45414. Max active instruction index: 7268
2024-11-18 21:31:47 | Simulation update: decoder round 180741, completed instructions: 6775/14570, actively running or decoding instructions: 4, waiting windows: 49/45740. Max active instruction index: 7313
2024-11-18 21:31:57 | Simulation update: decoder round 181706, completed instructions: 6819/14570, actively running or decoding instructions: 3, waiting windows: 44/46064. Max active instruction index: 7347
2024-11-18 21:32:07 | Simulation update: decoder round 182675, completed instructions: 6870/14570, actively running or decoding instructions: 4, waiting windows: 50/46398. Max active instruction index: 7397
2024-11-18 21:32:17 | Simulation update: decoder round 183654, completed instructions: 6924/14570, actively running or decoding instructions: 4, waiting windows: 48/46724. Max active instruction index: 7454
2024-11-18 21:32:27 | Simulation update: decoder round 184646, completed instructions: 6964/14570, actively running or decoding instructions: 4, waiting windows: 46/47058. Max active instruction index: 7491
2024-11-18 21:32:37 | Simulation update: decoder round 185649, completed instructions: 7013/14570, actively running or decoding instructions: 5, waiting windows: 40/47395. Max active instruction index: 7537
2024-11-18 21:32:47 | Simulation update: decoder round 186642, completed instructions: 7059/14570, actively running or decoding instructions: 4, waiting windows: 52/47727. Max active instruction index: 7586
2024-11-18 21:32:57 | Simulation update: decoder round 187649, completed instructions: 7109/14570, actively running or decoding instructions: 4, waiting windows: 47/48067. Max active instruction index: 7636
2024-11-18 21:33:07 | Simulation update: decoder round 188679, completed instructions: 7158/14570, actively running or decoding instructions: 5, waiting windows: 47/48405. Max active instruction index: 7692
2024-11-18 21:33:17 | Simulation update: decoder round 189705, completed instructions: 7203/14570, actively running or decoding instructions: 3, waiting windows: 46/48739. Max active instruction index: 7717
2024-11-18 21:33:27 | Simulation update: decoder round 190742, completed instructions: 7254/14570, actively running or decoding instructions: 3, waiting windows: 46/49083. Max active instruction index: 7775
2024-11-18 21:33:37 | Simulation update: decoder round 191786, completed instructions: 7314/14570, actively running or decoding instructions: 4, waiting windows: 44/49427. Max active instruction index: 7837
2024-11-18 21:33:47 | Simulation update: decoder round 192855, completed instructions: 7361/14570, actively running or decoding instructions: 5, waiting windows: 49/49762. Max active instruction index: 7886
2024-11-18 21:33:57 | Simulation update: decoder round 193913, completed instructions: 7405/14570, actively running or decoding instructions: 7, waiting windows: 39/50088. Max active instruction index: 7927
2024-11-18 21:34:07 | Simulation update: decoder round 194980, completed instructions: 7457/14570, actively running or decoding instructions: 3, waiting windows: 55/50436. Max active instruction index: 7975
2024-11-18 21:34:17 | Simulation update: decoder round 196054, completed instructions: 7515/14570, actively running or decoding instructions: 7, waiting windows: 44/50778. Max active instruction index: 8027
2024-11-18 21:34:27 | Simulation update: decoder round 197146, completed instructions: 7569/14570, actively running or decoding instructions: 4, waiting windows: 47/51122. Max active instruction index: 8083
2024-11-18 21:34:37 | Simulation update: decoder round 198260, completed instructions: 7616/14570, actively running or decoding instructions: 4, waiting windows: 51/51468. Max active instruction index: 8139
2024-11-18 21:34:47 | Simulation update: decoder round 199368, completed instructions: 7672/14570, actively running or decoding instructions: 4, waiting windows: 47/51831. Max active instruction index: 8187
2024-11-18 21:34:57 | Simulation update: decoder round 200494, completed instructions: 7731/14570, actively running or decoding instructions: 6, waiting windows: 51/52194. Max active instruction index: 8236
2024-11-18 21:35:07 | Simulation update: decoder round 201625, completed instructions: 7790/14570, actively running or decoding instructions: 7, waiting windows: 48/52541. Max active instruction index: 8285
2024-11-18 21:35:17 | Simulation update: decoder round 202766, completed instructions: 7848/14570, actively running or decoding instructions: 3, waiting windows: 50/52930. Max active instruction index: 8350
2024-11-18 21:35:27 | Simulation update: decoder round 203944, completed instructions: 7911/14570, actively running or decoding instructions: 5, waiting windows: 50/53313. Max active instruction index: 8402
2024-11-18 21:35:37 | Simulation update: decoder round 205113, completed instructions: 7955/14570, actively running or decoding instructions: 4, waiting windows: 50/53702. Max active instruction index: 8437
2024-11-18 21:35:47 | Simulation update: decoder round 206296, completed instructions: 8008/14570, actively running or decoding instructions: 4, waiting windows: 44/54073. Max active instruction index: 8495
2024-11-18 21:35:57 | Simulation update: decoder round 207489, completed instructions: 8061/14570, actively running or decoding instructions: 4, waiting windows: 49/54460. Max active instruction index: 8559
2024-11-18 21:36:07 | Simulation update: decoder round 208696, completed instructions: 8142/14570, actively running or decoding instructions: 8, waiting windows: 41/54864. Max active instruction index: 8658
2024-11-18 21:36:17 | Simulation update: decoder round 209948, completed instructions: 8200/14570, actively running or decoding instructions: 4, waiting windows: 52/55277. Max active instruction index: 8706
2024-11-18 21:36:27 | Simulation update: decoder round 211139, completed instructions: 8252/14570, actively running or decoding instructions: 4, waiting windows: 49/55648. Max active instruction index: 8766
2024-11-18 21:36:37 | Simulation update: decoder round 212390, completed instructions: 8299/14570, actively running or decoding instructions: 3, waiting windows: 46/56073. Max active instruction index: 8810
2024-11-18 21:36:47 | Simulation update: decoder round 213664, completed instructions: 8350/14570, actively running or decoding instructions: 3, waiting windows: 51/56459. Max active instruction index: 8865
2024-11-18 21:36:57 | Simulation update: decoder round 214949, completed instructions: 8406/14570, actively running or decoding instructions: 5, waiting windows: 46/56883. Max active instruction index: 8924
2024-11-18 21:37:07 | Simulation update: decoder round 216279, completed instructions: 8461/14570, actively running or decoding instructions: 4, waiting windows: 43/57327. Max active instruction index: 8976
2024-11-18 21:37:17 | Simulation update: decoder round 217584, completed instructions: 8517/14570, actively running or decoding instructions: 5, waiting windows: 41/57715. Max active instruction index: 9045
2024-11-18 21:37:27 | Simulation update: decoder round 218903, completed instructions: 8566/14570, actively running or decoding instructions: 3, waiting windows: 39/58153. Max active instruction index: 9096
2024-11-18 21:37:37 | Simulation update: decoder round 220246, completed instructions: 8626/14570, actively running or decoding instructions: 4, waiting windows: 35/58576. Max active instruction index: 9158
2024-11-18 21:37:47 | Simulation update: decoder round 221605, completed instructions: 8693/14570, actively running or decoding instructions: 4, waiting windows: 49/59017. Max active instruction index: 9226
2024-11-18 21:37:57 | Simulation update: decoder round 223008, completed instructions: 8754/14570, actively running or decoding instructions: 4, waiting windows: 46/59464. Max active instruction index: 9282
2024-11-18 21:38:07 | Simulation update: decoder round 224411, completed instructions: 8809/14570, actively running or decoding instructions: 3, waiting windows: 42/59898. Max active instruction index: 9336
2024-11-18 21:38:17 | Simulation update: decoder round 225833, completed instructions: 8881/14570, actively running or decoding instructions: 5, waiting windows: 39/60343. Max active instruction index: 9404
2024-11-18 21:38:27 | Simulation update: decoder round 227279, completed instructions: 8937/14570, actively running or decoding instructions: 3, waiting windows: 49/60804. Max active instruction index: 9494
2024-11-18 21:38:37 | Simulation update: decoder round 228731, completed instructions: 8994/14570, actively running or decoding instructions: 4, waiting windows: 45/61283. Max active instruction index: 9587
2024-11-18 21:38:47 | Simulation update: decoder round 230233, completed instructions: 9056/14570, actively running or decoding instructions: 5, waiting windows: 45/61741. Max active instruction index: 9697
2024-11-18 21:38:57 | Simulation update: decoder round 231735, completed instructions: 9116/14570, actively running or decoding instructions: 5, waiting windows: 48/62243. Max active instruction index: 9804
2024-11-18 21:39:07 | Simulation update: decoder round 233261, completed instructions: 9177/14570, actively running or decoding instructions: 6, waiting windows: 38/62719. Max active instruction index: 9920
2024-11-18 21:39:17 | Simulation update: decoder round 234797, completed instructions: 9245/14570, actively running or decoding instructions: 6, waiting windows: 48/63230. Max active instruction index: 10031
2024-11-18 21:39:27 | Simulation update: decoder round 236359, completed instructions: 9309/14570, actively running or decoding instructions: 4, waiting windows: 45/63743. Max active instruction index: 10158
2024-11-18 21:39:37 | Simulation update: decoder round 237989, completed instructions: 9367/14570, actively running or decoding instructions: 6, waiting windows: 48/64263. Max active instruction index: 10284
2024-11-18 21:39:47 | Simulation update: decoder round 239599, completed instructions: 9433/14570, actively running or decoding instructions: 4, waiting windows: 47/64792. Max active instruction index: 10397
2024-11-18 21:39:57 | Simulation update: decoder round 241256, completed instructions: 9500/14570, actively running or decoding instructions: 3, waiting windows: 48/65329. Max active instruction index: 10520
2024-11-18 21:40:07 | Simulation update: decoder round 242949, completed instructions: 9556/14570, actively running or decoding instructions: 2, waiting windows: 43/65849. Max active instruction index: 9028
2024-11-18 21:40:17 | Simulation update: decoder round 244674, completed instructions: 9591/14570, actively running or decoding instructions: 4, waiting windows: 33/66334. Max active instruction index: 9107
2024-11-18 21:40:27 | Simulation update: decoder round 246450, completed instructions: 9625/14570, actively running or decoding instructions: 2, waiting windows: 41/66798. Max active instruction index: 9165
2024-11-18 21:40:37 | Simulation update: decoder round 248218, completed instructions: 9657/14570, actively running or decoding instructions: 2, waiting windows: 40/67296. Max active instruction index: 9231
2024-11-18 21:40:47 | Simulation update: decoder round 249993, completed instructions: 9695/14570, actively running or decoding instructions: 2, waiting windows: 39/67801. Max active instruction index: 9304
2024-11-18 21:40:57 | Simulation update: decoder round 251783, completed instructions: 9728/14570, actively running or decoding instructions: 3, waiting windows: 39/68322. Max active instruction index: 9370
2024-11-18 21:41:07 | Simulation update: decoder round 253614, completed instructions: 9788/14570, actively running or decoding instructions: 4, waiting windows: 33/68806. Max active instruction index: 9484
2024-11-18 21:41:17 | Simulation update: decoder round 255512, completed instructions: 9877/14570, actively running or decoding instructions: 4, waiting windows: 35/69290. Max active instruction index: 9608
2024-11-18 21:41:27 | Simulation update: decoder round 257486, completed instructions: 9983/14570, actively running or decoding instructions: 3, waiting windows: 29/69812. Max active instruction index: 9742
2024-11-18 21:41:37 | Simulation update: decoder round 259526, completed instructions: 10098/14570, actively running or decoding instructions: 5, waiting windows: 27/70329. Max active instruction index: 9907
2024-11-18 21:41:47 | Simulation update: decoder round 261652, completed instructions: 10229/14570, actively running or decoding instructions: 6, waiting windows: 42/70843. Max active instruction index: 10073
2024-11-18 21:41:57 | Simulation update: decoder round 263852, completed instructions: 10339/14570, actively running or decoding instructions: 4, waiting windows: 33/71441. Max active instruction index: 10236
2024-11-18 21:42:07 | Simulation update: decoder round 266164, completed instructions: 10458/14570, actively running or decoding instructions: 4, waiting windows: 39/72034. Max active instruction index: 10388
2024-11-18 21:42:17 | Simulation update: decoder round 268479, completed instructions: 10577/14570, actively running or decoding instructions: 3, waiting windows: 30/72624. Max active instruction index: 10552
2024-11-18 21:42:27 | Simulation update: decoder round 271059, completed instructions: 10746/14570, actively running or decoding instructions: 3, waiting windows: 36/73300. Max active instruction index: 10738
2024-11-18 21:42:37 | Simulation update: decoder round 273804, completed instructions: 10873/14570, actively running or decoding instructions: 3, waiting windows: 34/73962. Max active instruction index: 10865
2024-11-18 21:42:47 | Simulation update: decoder round 276721, completed instructions: 11032/14570, actively running or decoding instructions: 3, waiting windows: 40/74692. Max active instruction index: 11027
2024-11-18 21:42:57 | Simulation update: decoder round 279851, completed instructions: 11217/14570, actively running or decoding instructions: 6, waiting windows: 37/75507. Max active instruction index: 11216
2024-11-18 21:43:07 | Simulation update: decoder round 283316, completed instructions: 11340/14570, actively running or decoding instructions: 3, waiting windows: 35/76374. Max active instruction index: 11330
2024-11-18 21:43:17 | Simulation update: decoder round 286996, completed instructions: 11416/14570, actively running or decoding instructions: 2, waiting windows: 27/77232. Max active instruction index: 11407
2024-11-18 21:43:27 | Simulation update: decoder round 290863, completed instructions: 11505/14570, actively running or decoding instructions: 3, waiting windows: 33/78123. Max active instruction index: 11495
2024-11-18 21:43:37 | Simulation update: decoder round 294924, completed instructions: 11587/14570, actively running or decoding instructions: 4, waiting windows: 27/79048. Max active instruction index: 11578
2024-11-18 21:43:47 | Simulation update: decoder round 299219, completed instructions: 11671/14570, actively running or decoding instructions: 4, waiting windows: 32/80017. Max active instruction index: 11661
2024-11-18 21:43:57 | Simulation update: decoder round 303733, completed instructions: 11763/14570, actively running or decoding instructions: 3, waiting windows: 33/81054. Max active instruction index: 11753
2024-11-18 21:44:07 | Simulation update: decoder round 308530, completed instructions: 11942/14570, actively running or decoding instructions: 4, waiting windows: 42/82149. Max active instruction index: 11936
2024-11-18 21:44:17 | Simulation update: decoder round 313856, completed instructions: 12232/14570, actively running or decoding instructions: 4, waiting windows: 37/83437. Max active instruction index: 12263
2024-11-18 21:44:27 | Simulation update: decoder round 320081, completed instructions: 12550/14570, actively running or decoding instructions: 5, waiting windows: 28/84926. Max active instruction index: 12579
2024-11-18 21:44:37 | Simulation update: decoder round 327857, completed instructions: 12952/14570, actively running or decoding instructions: 4, waiting windows: 27/86825. Max active instruction index: 12987
2024-11-18 21:44:47 | Simulation update: decoder round 342902, completed instructions: 13565/14570, actively running or decoding instructions: 2, waiting windows: 22/89436. Max active instruction index: 13554
2024-11-18 21:44:53 | Finished simulation
2024-11-18 21:44:54 | Finished saving output. Done! Total elapsed time: 0:39:10.502051
