CONFIG 1428
benchmark_file: slurm/data/20241118_210504/benchmarks/adder_n28.lss
decoder_latency_or_dist_filename: slurm/data/20241118_210504/decoder_dists.json
distance: 21
lightweight_setting: 2
max_parallel_processes: None
missed_speculation_modifier: 1.4
poison_policy: successors
rng: 7
scheduling_method: aligned
speculation_accuracy: 0.9
speculation_latency: 1
speculation_mode: None
2024-11-18 21:39:59 | Loading benchmark slurm/data/20241118_210504/benchmarks/adder_n28.lss...
2024-11-18 21:39:59 | Starting simulation
2024-11-18 21:39:59 | Simulation update: decoder round 1, completed instructions: 0/2839, actively running or decoding instructions: 7, waiting windows: 0/0. Max active instruction index: 30
2024-11-18 21:40:09 | Simulation update: decoder round 2175, completed instructions: 228/2839, actively running or decoding instructions: 9, waiting windows: 1667/3060. Max active instruction index: 223
2024-11-18 21:40:19 | Simulation update: decoder round 4389, completed instructions: 312/2839, actively running or decoding instructions: 6, waiting windows: 3065/5948. Max active instruction index: 314
2024-11-18 21:40:29 | Simulation update: decoder round 6693, completed instructions: 433/2839, actively running or decoding instructions: 8, waiting windows: 4531/8939. Max active instruction index: 425
2024-11-18 21:40:39 | Simulation update: decoder round 8958, completed instructions: 653/2839, actively running or decoding instructions: 9, waiting windows: 6102/12137. Max active instruction index: 737
2024-11-18 21:40:49 | Simulation update: decoder round 11328, completed instructions: 852/2839, actively running or decoding instructions: 8, waiting windows: 7602/15348. Max active instruction index: 897
2024-11-18 21:40:59 | Simulation update: decoder round 14007, completed instructions: 1136/2839, actively running or decoding instructions: 17, waiting windows: 9240/18711. Max active instruction index: 1336
2024-11-18 21:41:09 | Simulation update: decoder round 17234, completed instructions: 1438/2839, actively running or decoding instructions: 17, waiting windows: 11000/22491. Max active instruction index: 1441
2024-11-18 21:41:19 | Simulation update: decoder round 20458, completed instructions: 1823/2839, actively running or decoding instructions: 13, waiting windows: 12493/25773. Max active instruction index: 1819
2024-11-18 21:41:29 | Simulation update: decoder round 24965, completed instructions: 2274/2839, actively running or decoding instructions: 15, waiting windows: 14197/29484. Max active instruction index: 2277
2024-11-18 21:41:39 | Finished simulation
2024-11-18 21:41:39 | Finished saving output. Done! Total elapsed time: 0:01:39.982943
