CONFIG 194
benchmark_file: slurm/data/20241118_210504/benchmarks/adder_n28.lss
decoder_latency_or_dist_filename: slurm/data/20241118_210504/decoder_dists.json
distance: 21
lightweight_setting: 2
max_parallel_processes: predict
missed_speculation_modifier: 1.4
poison_policy: successors
rng: 4
scheduling_method: sliding
speculation_accuracy: 0.9
speculation_latency: 1
speculation_mode: separate
2024-11-18 21:06:32 | Loading benchmark slurm/data/20241118_210504/benchmarks/adder_n28.lss...
2024-11-18 21:06:33 | Starting simulation
PREDICTION STEP BEGIN---------------------------------
Predicted max parallel processes: 232

PREDICTION STEP END-----------------------------------

2024-11-18 21:07:21 | Simulation update: decoder round 1, completed instructions: 0/2839, actively running or decoding instructions: 7, waiting windows: 0/0. Max active instruction index: 30
2024-11-18 21:07:31 | Simulation update: decoder round 2074, completed instructions: 277/2839, actively running or decoding instructions: 9, waiting windows: 188/2888. Max active instruction index: 281
2024-11-18 21:07:41 | Simulation update: decoder round 4269, completed instructions: 468/2839, actively running or decoding instructions: 8, waiting windows: 198/5810. Max active instruction index: 467
2024-11-18 21:07:51 | Simulation update: decoder round 6426, completed instructions: 791/2839, actively running or decoding instructions: 11, waiting windows: 188/8924. Max active instruction index: 825
2024-11-18 21:08:01 | Simulation update: decoder round 9040, completed instructions: 1204/2839, actively running or decoding instructions: 13, waiting windows: 172/12348. Max active instruction index: 1199
2024-11-18 21:08:11 | Simulation update: decoder round 12103, completed instructions: 1742/2839, actively running or decoding instructions: 12, waiting windows: 149/15847. Max active instruction index: 1790
2024-11-18 21:08:21 | Simulation update: decoder round 17125, completed instructions: 2520/2839, actively running or decoding instructions: 5, waiting windows: 68/19638. Max active instruction index: 2494
2024-11-18 21:08:23 | Finished simulation
2024-11-18 21:08:23 | Finished saving output. Done! Total elapsed time: 0:01:50.790198
