CONFIG 244
benchmark_file: slurm/data/20241118_210504/benchmarks/qpeexact_5.lss
decoder_latency_or_dist_filename: slurm/data/20241118_210504/decoder_dists.json
distance: 21
lightweight_setting: 2
max_parallel_processes: None
missed_speculation_modifier: 1.4
poison_policy: successors
rng: 6
scheduling_method: sliding
speculation_accuracy: 0.9
speculation_latency: 1
speculation_mode: separate
2024-11-18 21:06:50 | Loading benchmark slurm/data/20241118_210504/benchmarks/qpeexact_5.lss...
2024-11-18 21:06:51 | Starting simulation
2024-11-18 21:06:52 | Simulation update: decoder round 1, completed instructions: 0/14570, actively running or decoding instructions: 1, waiting windows: 0/0. Max active instruction index: 0
2024-11-18 21:07:02 | Simulation update: decoder round 6479, completed instructions: 137/14570, actively running or decoding instructions: 2, waiting windows: 7/558. Max active instruction index: 134
2024-11-18 21:07:12 | Simulation update: decoder round 13897, completed instructions: 296/14570, actively running or decoding instructions: 4, waiting windows: 13/1177. Max active instruction index: 292
2024-11-18 21:07:22 | Simulation update: decoder round 22831, completed instructions: 478/14570, actively running or decoding instructions: 4, waiting windows: 14/1928. Max active instruction index: 474
2024-11-18 21:07:32 | Simulation update: decoder round 33462, completed instructions: 702/14570, actively running or decoding instructions: 4, waiting windows: 22/3530. Max active instruction index: 698
2024-11-18 21:07:42 | Simulation update: decoder round 48827, completed instructions: 1009/14570, actively running or decoding instructions: 2, waiting windows: 25/6281. Max active instruction index: 1000
2024-11-18 21:07:52 | Simulation update: decoder round 53998, completed instructions: 1172/14570, actively running or decoding instructions: 6, waiting windows: 46/7347. Max active instruction index: 1711
2024-11-18 21:08:02 | Simulation update: decoder round 54850, completed instructions: 1204/14570, actively running or decoding instructions: 3, waiting windows: 46/7616. Max active instruction index: 1737
2024-11-18 21:08:12 | Simulation update: decoder round 55722, completed instructions: 1242/14570, actively running or decoding instructions: 3, waiting windows: 38/7874. Max active instruction index: 1775
2024-11-18 21:08:22 | Simulation update: decoder round 56585, completed instructions: 1281/14570, actively running or decoding instructions: 4, waiting windows: 43/8151. Max active instruction index: 1827
2024-11-18 21:08:32 | Simulation update: decoder round 57451, completed instructions: 1334/14570, actively running or decoding instructions: 3, waiting windows: 49/8436. Max active instruction index: 1869
2024-11-18 21:08:42 | Simulation update: decoder round 58317, completed instructions: 1368/14570, actively running or decoding instructions: 6, waiting windows: 38/8711. Max active instruction index: 1909
2024-11-18 21:08:52 | Simulation update: decoder round 59183, completed instructions: 1417/14570, actively running or decoding instructions: 5, waiting windows: 41/9006. Max active instruction index: 1943
2024-11-18 21:09:02 | Simulation update: decoder round 60059, completed instructions: 1454/14570, actively running or decoding instructions: 4, waiting windows: 49/9310. Max active instruction index: 1980
2024-11-18 21:09:12 | Simulation update: decoder round 60933, completed instructions: 1501/14570, actively running or decoding instructions: 4, waiting windows: 44/9590. Max active instruction index: 2033
2024-11-18 21:09:22 | Simulation update: decoder round 61807, completed instructions: 1547/14570, actively running or decoding instructions: 4, waiting windows: 45/9869. Max active instruction index: 2085
2024-11-18 21:09:32 | Simulation update: decoder round 62687, completed instructions: 1591/14570, actively running or decoding instructions: 6, waiting windows: 51/10148. Max active instruction index: 2129
2024-11-18 21:09:42 | Simulation update: decoder round 63570, completed instructions: 1637/14570, actively running or decoding instructions: 3, waiting windows: 49/10447. Max active instruction index: 2176
2024-11-18 21:09:52 | Simulation update: decoder round 64462, completed instructions: 1674/14570, actively running or decoding instructions: 4, waiting windows: 45/10735. Max active instruction index: 2211
2024-11-18 21:10:02 | Simulation update: decoder round 65366, completed instructions: 1721/14570, actively running or decoding instructions: 4, waiting windows: 50/11034. Max active instruction index: 2249
2024-11-18 21:10:12 | Simulation update: decoder round 66271, completed instructions: 1762/14570, actively running or decoding instructions: 4, waiting windows: 41/11333. Max active instruction index: 2289
2024-11-18 21:10:22 | Simulation update: decoder round 67183, completed instructions: 1806/14570, actively running or decoding instructions: 5, waiting windows: 40/11619. Max active instruction index: 2329
2024-11-18 21:10:32 | Simulation update: decoder round 68100, completed instructions: 1853/14570, actively running or decoding instructions: 5, waiting windows: 54/11911. Max active instruction index: 2392
2024-11-18 21:10:42 | Simulation update: decoder round 69024, completed instructions: 1901/14570, actively running or decoding instructions: 3, waiting windows: 41/12227. Max active instruction index: 2430
2024-11-18 21:10:52 | Simulation update: decoder round 69959, completed instructions: 1948/14570, actively running or decoding instructions: 4, waiting windows: 52/12529. Max active instruction index: 2492
2024-11-18 21:11:03 | Simulation update: decoder round 70901, completed instructions: 1993/14570, actively running or decoding instructions: 5, waiting windows: 37/12805. Max active instruction index: 2520
2024-11-18 21:11:13 | Simulation update: decoder round 71849, completed instructions: 2036/14570, actively running or decoding instructions: 4, waiting windows: 47/13102. Max active instruction index: 2573
2024-11-18 21:11:23 | Simulation update: decoder round 72801, completed instructions: 2082/14570, actively running or decoding instructions: 4, waiting windows: 46/13418. Max active instruction index: 2613
2024-11-18 21:11:33 | Simulation update: decoder round 73764, completed instructions: 2129/14570, actively running or decoding instructions: 4, waiting windows: 44/13714. Max active instruction index: 2664
2024-11-18 21:11:43 | Simulation update: decoder round 74728, completed instructions: 2181/14570, actively running or decoding instructions: 4, waiting windows: 49/14020. Max active instruction index: 2715
2024-11-18 21:11:53 | Simulation update: decoder round 75698, completed instructions: 2231/14570, actively running or decoding instructions: 5, waiting windows: 48/14340. Max active instruction index: 2767
2024-11-18 21:12:03 | Simulation update: decoder round 76667, completed instructions: 2277/14570, actively running or decoding instructions: 7, waiting windows: 55/14681. Max active instruction index: 2823
2024-11-18 21:12:13 | Simulation update: decoder round 77649, completed instructions: 2325/14570, actively running or decoding instructions: 5, waiting windows: 49/14994. Max active instruction index: 2866
2024-11-18 21:12:23 | Simulation update: decoder round 78639, completed instructions: 2373/14570, actively running or decoding instructions: 4, waiting windows: 48/15286. Max active instruction index: 2906
2024-11-18 21:12:33 | Simulation update: decoder round 79634, completed instructions: 2424/14570, actively running or decoding instructions: 4, waiting windows: 44/15598. Max active instruction index: 2959
2024-11-18 21:12:43 | Simulation update: decoder round 80624, completed instructions: 2473/14570, actively running or decoding instructions: 5, waiting windows: 31/15873. Max active instruction index: 2990
2024-11-18 21:12:53 | Simulation update: decoder round 81641, completed instructions: 2521/14570, actively running or decoding instructions: 4, waiting windows: 42/16177. Max active instruction index: 3013
2024-11-18 21:13:03 | Simulation update: decoder round 82670, completed instructions: 2574/14570, actively running or decoding instructions: 4, waiting windows: 32/16441. Max active instruction index: 3045
2024-11-18 21:13:13 | Simulation update: decoder round 83713, completed instructions: 2615/14570, actively running or decoding instructions: 6, waiting windows: 33/16702. Max active instruction index: 3067
2024-11-18 21:13:23 | Simulation update: decoder round 84759, completed instructions: 2660/14570, actively running or decoding instructions: 4, waiting windows: 35/16976. Max active instruction index: 3089
2024-11-18 21:13:33 | Simulation update: decoder round 85818, completed instructions: 2714/14570, actively running or decoding instructions: 4, waiting windows: 39/17278. Max active instruction index: 3120
2024-11-18 21:13:43 | Simulation update: decoder round 86890, completed instructions: 2766/14570, actively running or decoding instructions: 3, waiting windows: 40/17593. Max active instruction index: 3150
2024-11-18 21:13:53 | Simulation update: decoder round 87967, completed instructions: 2843/14570, actively running or decoding instructions: 8, waiting windows: 42/17896. Max active instruction index: 3253
2024-11-18 21:14:03 | Simulation update: decoder round 89032, completed instructions: 2868/14570, actively running or decoding instructions: 2, waiting windows: 37/18191. Max active instruction index: 2123
2024-11-18 21:14:13 | Simulation update: decoder round 90105, completed instructions: 2899/14570, actively running or decoding instructions: 4, waiting windows: 35/18479. Max active instruction index: 2197
2024-11-18 21:14:23 | Simulation update: decoder round 91177, completed instructions: 2920/14570, actively running or decoding instructions: 3, waiting windows: 43/18790. Max active instruction index: 2260
2024-11-18 21:14:33 | Simulation update: decoder round 92260, completed instructions: 2943/14570, actively running or decoding instructions: 3, waiting windows: 42/19090. Max active instruction index: 2301
2024-11-18 21:14:43 | Simulation update: decoder round 93346, completed instructions: 2960/14570, actively running or decoding instructions: 2, waiting windows: 39/19401. Max active instruction index: 2345
2024-11-18 21:14:53 | Simulation update: decoder round 94437, completed instructions: 2981/14570, actively running or decoding instructions: 2, waiting windows: 34/19697. Max active instruction index: 2399
2024-11-18 21:15:03 | Simulation update: decoder round 95531, completed instructions: 3005/14570, actively running or decoding instructions: 3, waiting windows: 40/20010. Max active instruction index: 2457
2024-11-18 21:15:13 | Simulation update: decoder round 96632, completed instructions: 3021/14570, actively running or decoding instructions: 2, waiting windows: 46/20330. Max active instruction index: 2500
2024-11-18 21:15:23 | Simulation update: decoder round 97737, completed instructions: 3043/14570, actively running or decoding instructions: 3, waiting windows: 38/20634. Max active instruction index: 2553
2024-11-18 21:15:33 | Simulation update: decoder round 98847, completed instructions: 3064/14570, actively running or decoding instructions: 2, waiting windows: 39/20935. Max active instruction index: 2593
2024-11-18 21:15:43 | Simulation update: decoder round 99955, completed instructions: 3086/14570, actively running or decoding instructions: 2, waiting windows: 43/21255. Max active instruction index: 2645
2024-11-18 21:15:53 | Simulation update: decoder round 101069, completed instructions: 3110/14570, actively running or decoding instructions: 3, waiting windows: 37/21566. Max active instruction index: 2710
2024-11-18 21:16:03 | Simulation update: decoder round 102189, completed instructions: 3136/14570, actively running or decoding instructions: 3, waiting windows: 40/21876. Max active instruction index: 2761
2024-11-18 21:16:13 | Simulation update: decoder round 103313, completed instructions: 3153/14570, actively running or decoding instructions: 2, waiting windows: 40/22189. Max active instruction index: 2807
2024-11-18 21:16:23 | Simulation update: decoder round 104446, completed instructions: 3175/14570, actively running or decoding instructions: 2, waiting windows: 35/22487. Max active instruction index: 2860
2024-11-18 21:16:33 | Simulation update: decoder round 105576, completed instructions: 3198/14570, actively running or decoding instructions: 2, waiting windows: 40/22809. Max active instruction index: 2913
2024-11-18 21:16:43 | Simulation update: decoder round 106712, completed instructions: 3244/14570, actively running or decoding instructions: 13, waiting windows: 58/23143. Max active instruction index: 3248
2024-11-18 21:16:53 | Simulation update: decoder round 107374, completed instructions: 3321/14570, actively running or decoding instructions: 5, waiting windows: 47/23378. Max active instruction index: 3355
2024-11-18 21:17:03 | Simulation update: decoder round 108042, completed instructions: 3365/14570, actively running or decoding instructions: 7, waiting windows: 46/23609. Max active instruction index: 3421
2024-11-18 21:17:13 | Simulation update: decoder round 108717, completed instructions: 3432/14570, actively running or decoding instructions: 7, waiting windows: 55/23836. Max active instruction index: 3469
2024-11-18 21:17:23 | Simulation update: decoder round 109396, completed instructions: 3477/14570, actively running or decoding instructions: 5, waiting windows: 41/24048. Max active instruction index: 3516
2024-11-18 21:17:33 | Simulation update: decoder round 110080, completed instructions: 3532/14570, actively running or decoding instructions: 5, waiting windows: 52/24260. Max active instruction index: 3560
2024-11-18 21:17:43 | Simulation update: decoder round 110763, completed instructions: 3576/14570, actively running or decoding instructions: 5, waiting windows: 46/24484. Max active instruction index: 3613
2024-11-18 21:17:53 | Simulation update: decoder round 111452, completed instructions: 3638/14570, actively running or decoding instructions: 7, waiting windows: 50/24725. Max active instruction index: 3673
2024-11-18 21:18:03 | Simulation update: decoder round 112148, completed instructions: 3693/14570, actively running or decoding instructions: 6, waiting windows: 43/24955. Max active instruction index: 3738
2024-11-18 21:18:13 | Simulation update: decoder round 112846, completed instructions: 3743/14570, actively running or decoding instructions: 6, waiting windows: 52/25195. Max active instruction index: 3783
2024-11-18 21:18:23 | Simulation update: decoder round 113548, completed instructions: 3798/14570, actively running or decoding instructions: 7, waiting windows: 49/25412. Max active instruction index: 3872
2024-11-18 21:18:33 | Simulation update: decoder round 114253, completed instructions: 3853/14570, actively running or decoding instructions: 6, waiting windows: 50/25672. Max active instruction index: 3903
2024-11-18 21:18:43 | Simulation update: decoder round 114965, completed instructions: 3918/14570, actively running or decoding instructions: 8, waiting windows: 49/25925. Max active instruction index: 3974
2024-11-18 21:18:53 | Simulation update: decoder round 115683, completed instructions: 3984/14570, actively running or decoding instructions: 7, waiting windows: 55/26167. Max active instruction index: 4041
2024-11-18 21:19:03 | Simulation update: decoder round 116410, completed instructions: 4047/14570, actively running or decoding instructions: 8, waiting windows: 43/26381. Max active instruction index: 4087
2024-11-18 21:19:13 | Simulation update: decoder round 117140, completed instructions: 4098/14570, actively running or decoding instructions: 8, waiting windows: 38/26607. Max active instruction index: 4155
2024-11-18 21:19:23 | Simulation update: decoder round 117874, completed instructions: 4165/14570, actively running or decoding instructions: 7, waiting windows: 45/26846. Max active instruction index: 4199
2024-11-18 21:19:33 | Simulation update: decoder round 118609, completed instructions: 4231/14570, actively running or decoding instructions: 6, waiting windows: 49/27106. Max active instruction index: 4271
2024-11-18 21:19:43 | Simulation update: decoder round 119332, completed instructions: 4290/14570, actively running or decoding instructions: 5, waiting windows: 44/27342. Max active instruction index: 4331
2024-11-18 21:19:53 | Simulation update: decoder round 120080, completed instructions: 4341/14570, actively running or decoding instructions: 4, waiting windows: 52/27601. Max active instruction index: 4385
2024-11-18 21:20:03 | Simulation update: decoder round 120836, completed instructions: 4401/14570, actively running or decoding instructions: 4, waiting windows: 44/27841. Max active instruction index: 4439
2024-11-18 21:20:13 | Simulation update: decoder round 121596, completed instructions: 4471/14570, actively running or decoding instructions: 6, waiting windows: 46/28091. Max active instruction index: 4506
2024-11-18 21:20:23 | Simulation update: decoder round 122361, completed instructions: 4529/14570, actively running or decoding instructions: 5, waiting windows: 55/28355. Max active instruction index: 4593
2024-11-18 21:20:33 | Simulation update: decoder round 123132, completed instructions: 4589/14570, actively running or decoding instructions: 6, waiting windows: 48/28610. Max active instruction index: 4616
2024-11-18 21:20:43 | Simulation update: decoder round 123909, completed instructions: 4656/14570, actively running or decoding instructions: 4, waiting windows: 45/28890. Max active instruction index: 4691
2024-11-18 21:20:53 | Simulation update: decoder round 124693, completed instructions: 4721/14570, actively running or decoding instructions: 4, waiting windows: 48/29181. Max active instruction index: 4750
2024-11-18 21:21:03 | Simulation update: decoder round 125487, completed instructions: 4797/14570, actively running or decoding instructions: 7, waiting windows: 51/29449. Max active instruction index: 4819
2024-11-18 21:21:13 | Simulation update: decoder round 126284, completed instructions: 4860/14570, actively running or decoding instructions: 5, waiting windows: 49/29711. Max active instruction index: 4890
2024-11-18 21:21:23 | Simulation update: decoder round 127085, completed instructions: 4916/14570, actively running or decoding instructions: 4, waiting windows: 54/30001. Max active instruction index: 4952
2024-11-18 21:21:33 | Simulation update: decoder round 127897, completed instructions: 5002/14570, actively running or decoding instructions: 8, waiting windows: 53/30277. Max active instruction index: 5017
2024-11-18 21:21:43 | Simulation update: decoder round 128713, completed instructions: 5071/14570, actively running or decoding instructions: 7, waiting windows: 47/30551. Max active instruction index: 5078
2024-11-18 21:21:53 | Simulation update: decoder round 129536, completed instructions: 5134/14570, actively running or decoding instructions: 7, waiting windows: 47/30837. Max active instruction index: 5147
2024-11-18 21:22:03 | Simulation update: decoder round 130370, completed instructions: 5206/14570, actively running or decoding instructions: 6, waiting windows: 46/31121. Max active instruction index: 5224
2024-11-18 21:22:13 | Simulation update: decoder round 131212, completed instructions: 5274/14570, actively running or decoding instructions: 5, waiting windows: 45/31384. Max active instruction index: 5270
2024-11-18 21:22:23 | Simulation update: decoder round 132061, completed instructions: 5349/14570, actively running or decoding instructions: 5, waiting windows: 56/31696. Max active instruction index: 5353
2024-11-18 21:22:33 | Simulation update: decoder round 132923, completed instructions: 5405/14570, actively running or decoding instructions: 6, waiting windows: 52/31978. Max active instruction index: 5422
2024-11-18 21:22:43 | Simulation update: decoder round 133798, completed instructions: 5459/14570, actively running or decoding instructions: 5, waiting windows: 35/32231. Max active instruction index: 5478
2024-11-18 21:22:53 | Simulation update: decoder round 134680, completed instructions: 5513/14570, actively running or decoding instructions: 6, waiting windows: 41/32452. Max active instruction index: 5514
2024-11-18 21:23:03 | Simulation update: decoder round 135572, completed instructions: 5542/14570, actively running or decoding instructions: 2, waiting windows: 35/32673. Max active instruction index: 5524
2024-11-18 21:23:13 | Simulation update: decoder round 136467, completed instructions: 5564/14570, actively running or decoding instructions: 2, waiting windows: 32/32892. Max active instruction index: 5559
2024-11-18 21:23:23 | Simulation update: decoder round 137364, completed instructions: 5580/14570, actively running or decoding instructions: 2, waiting windows: 32/33097. Max active instruction index: 5575
2024-11-18 21:23:33 | Simulation update: decoder round 138267, completed instructions: 5602/14570, actively running or decoding instructions: 4, waiting windows: 31/33297. Max active instruction index: 5597
2024-11-18 21:23:43 | Simulation update: decoder round 139167, completed instructions: 5621/14570, actively running or decoding instructions: 4, waiting windows: 38/33519. Max active instruction index: 5622
2024-11-18 21:23:53 | Simulation update: decoder round 140075, completed instructions: 5639/14570, actively running or decoding instructions: 2, waiting windows: 32/33733. Max active instruction index: 5634
2024-11-18 21:24:03 | Simulation update: decoder round 140987, completed instructions: 5654/14570, actively running or decoding instructions: 2, waiting windows: 33/33953. Max active instruction index: 5649
2024-11-18 21:24:13 | Simulation update: decoder round 141906, completed instructions: 5684/14570, actively running or decoding instructions: 3, waiting windows: 31/34173. Max active instruction index: 5678
2024-11-18 21:24:23 | Simulation update: decoder round 142829, completed instructions: 5713/14570, actively running or decoding instructions: 2, waiting windows: 42/34441. Max active instruction index: 5705
2024-11-18 21:24:33 | Simulation update: decoder round 143753, completed instructions: 5729/14570, actively running or decoding instructions: 5, waiting windows: 36/34693. Max active instruction index: 5726
2024-11-18 21:24:43 | Simulation update: decoder round 144669, completed instructions: 5746/14570, actively running or decoding instructions: 4, waiting windows: 35/34945. Max active instruction index: 5738
2024-11-18 21:24:53 | Simulation update: decoder round 145590, completed instructions: 5761/14570, actively running or decoding instructions: 2, waiting windows: 34/35199. Max active instruction index: 5754
2024-11-18 21:25:03 | Simulation update: decoder round 146512, completed instructions: 5781/14570, actively running or decoding instructions: 3, waiting windows: 42/35450. Max active instruction index: 5777
2024-11-18 21:25:13 | Simulation update: decoder round 147444, completed instructions: 5803/14570, actively running or decoding instructions: 4, waiting windows: 42/35698. Max active instruction index: 5795
2024-11-18 21:25:23 | Simulation update: decoder round 148375, completed instructions: 5826/14570, actively running or decoding instructions: 4, waiting windows: 41/35942. Max active instruction index: 5818
2024-11-18 21:25:33 | Simulation update: decoder round 149309, completed instructions: 5841/14570, actively running or decoding instructions: 2, waiting windows: 38/36212. Max active instruction index: 5833
2024-11-18 21:25:43 | Simulation update: decoder round 150245, completed instructions: 5863/14570, actively running or decoding instructions: 4, waiting windows: 41/36483. Max active instruction index: 5860
2024-11-18 21:25:53 | Simulation update: decoder round 151187, completed instructions: 5881/14570, actively running or decoding instructions: 4, waiting windows: 35/36744. Max active instruction index: 5877
2024-11-18 21:26:03 | Simulation update: decoder round 152131, completed instructions: 5906/14570, actively running or decoding instructions: 3, waiting windows: 39/37018. Max active instruction index: 5898
2024-11-18 21:26:13 | Simulation update: decoder round 153076, completed instructions: 5929/14570, actively running or decoding instructions: 3, waiting windows: 43/37280. Max active instruction index: 5921
2024-11-18 21:26:23 | Simulation update: decoder round 154022, completed instructions: 5951/14570, actively running or decoding instructions: 4, waiting windows: 44/37553. Max active instruction index: 5949
2024-11-18 21:26:33 | Simulation update: decoder round 154973, completed instructions: 5968/14570, actively running or decoding instructions: 3, waiting windows: 34/37819. Max active instruction index: 5961
2024-11-18 21:26:43 | Simulation update: decoder round 155937, completed instructions: 5990/14570, actively running or decoding instructions: 3, waiting windows: 37/38078. Max active instruction index: 5983
2024-11-18 21:26:53 | Simulation update: decoder round 156914, completed instructions: 6008/14570, actively running or decoding instructions: 2, waiting windows: 37/38335. Max active instruction index: 6000
2024-11-18 21:27:03 | Simulation update: decoder round 157896, completed instructions: 6025/14570, actively running or decoding instructions: 2, waiting windows: 44/38598. Max active instruction index: 6017
2024-11-18 21:27:13 | Simulation update: decoder round 158879, completed instructions: 6041/14570, actively running or decoding instructions: 2, waiting windows: 41/38882. Max active instruction index: 6033
2024-11-18 21:27:23 | Simulation update: decoder round 159868, completed instructions: 6063/14570, actively running or decoding instructions: 3, waiting windows: 37/39149. Max active instruction index: 6055
2024-11-18 21:27:33 | Simulation update: decoder round 160862, completed instructions: 6084/14570, actively running or decoding instructions: 4, waiting windows: 45/39428. Max active instruction index: 6082
2024-11-18 21:27:43 | Simulation update: decoder round 161856, completed instructions: 6103/14570, actively running or decoding instructions: 2, waiting windows: 41/39699. Max active instruction index: 6095
2024-11-18 21:27:53 | Simulation update: decoder round 162856, completed instructions: 6121/14570, actively running or decoding instructions: 2, waiting windows: 43/39979. Max active instruction index: 6113
2024-11-18 21:28:03 | Simulation update: decoder round 163866, completed instructions: 6138/14570, actively running or decoding instructions: 3, waiting windows: 41/40259. Max active instruction index: 6134
2024-11-18 21:28:13 | Simulation update: decoder round 164877, completed instructions: 6158/14570, actively running or decoding instructions: 2, waiting windows: 35/40527. Max active instruction index: 6151
2024-11-18 21:28:23 | Simulation update: decoder round 165859, completed instructions: 6175/14570, actively running or decoding instructions: 3, waiting windows: 37/40788. Max active instruction index: 6168
2024-11-18 21:28:33 | Simulation update: decoder round 166871, completed instructions: 6199/14570, actively running or decoding instructions: 2, waiting windows: 41/41077. Max active instruction index: 6191
2024-11-18 21:28:43 | Simulation update: decoder round 167886, completed instructions: 6214/14570, actively running or decoding instructions: 2, waiting windows: 32/41361. Max active instruction index: 6207
2024-11-18 21:28:53 | Simulation update: decoder round 168906, completed instructions: 6232/14570, actively running or decoding instructions: 2, waiting windows: 40/41649. Max active instruction index: 6224
2024-11-18 21:29:03 | Simulation update: decoder round 169933, completed instructions: 6252/14570, actively running or decoding instructions: 3, waiting windows: 42/41944. Max active instruction index: 6245
2024-11-18 21:29:13 | Simulation update: decoder round 170969, completed instructions: 6275/14570, actively running or decoding instructions: 4, waiting windows: 36/42210. Max active instruction index: 6268
2024-11-18 21:29:23 | Simulation update: decoder round 172003, completed instructions: 6293/14570, actively running or decoding instructions: 4, waiting windows: 38/42473. Max active instruction index: 6285
2024-11-18 21:29:33 | Simulation update: decoder round 173038, completed instructions: 6309/14570, actively running or decoding instructions: 2, waiting windows: 42/42762. Max active instruction index: 6301
2024-11-18 21:29:43 | Simulation update: decoder round 174084, completed instructions: 6332/14570, actively running or decoding instructions: 3, waiting windows: 36/43037. Max active instruction index: 6325
2024-11-18 21:29:53 | Simulation update: decoder round 175135, completed instructions: 6351/14570, actively running or decoding instructions: 2, waiting windows: 43/43318. Max active instruction index: 6347
2024-11-18 21:30:03 | Simulation update: decoder round 176186, completed instructions: 6376/14570, actively running or decoding instructions: 5, waiting windows: 35/43603. Max active instruction index: 6374
2024-11-18 21:30:13 | Simulation update: decoder round 177236, completed instructions: 6393/14570, actively running or decoding instructions: 2, waiting windows: 43/43906. Max active instruction index: 6385
2024-11-18 21:30:23 | Simulation update: decoder round 178288, completed instructions: 6424/14570, actively running or decoding instructions: 6, waiting windows: 46/44197. Max active instruction index: 6965
2024-11-18 21:30:33 | Simulation update: decoder round 179342, completed instructions: 6475/14570, actively running or decoding instructions: 4, waiting windows: 46/44552. Max active instruction index: 7011
2024-11-18 21:30:43 | Simulation update: decoder round 180402, completed instructions: 6525/14570, actively running or decoding instructions: 5, waiting windows: 42/44894. Max active instruction index: 7057
2024-11-18 21:30:53 | Simulation update: decoder round 181468, completed instructions: 6584/14570, actively running or decoding instructions: 5, waiting windows: 51/45247. Max active instruction index: 7114
2024-11-18 21:31:03 | Simulation update: decoder round 182546, completed instructions: 6635/14570, actively running or decoding instructions: 5, waiting windows: 48/45585. Max active instruction index: 7164
2024-11-18 21:31:13 | Simulation update: decoder round 183633, completed instructions: 6689/14570, actively running or decoding instructions: 3, waiting windows: 48/45931. Max active instruction index: 7216
2024-11-18 21:31:23 | Simulation update: decoder round 184726, completed instructions: 6743/14570, actively running or decoding instructions: 5, waiting windows: 44/46276. Max active instruction index: 7269
2024-11-18 21:31:33 | Simulation update: decoder round 185825, completed instructions: 6794/14570, actively running or decoding instructions: 3, waiting windows: 50/46649. Max active instruction index: 7327
2024-11-18 21:31:43 | Simulation update: decoder round 186935, completed instructions: 6850/14570, actively running or decoding instructions: 4, waiting windows: 41/47007. Max active instruction index: 7383
2024-11-18 21:31:53 | Simulation update: decoder round 188059, completed instructions: 6915/14570, actively running or decoding instructions: 7, waiting windows: 39/47338. Max active instruction index: 7454
2024-11-18 21:32:03 | Simulation update: decoder round 189190, completed instructions: 6971/14570, actively running or decoding instructions: 4, waiting windows: 47/47729. Max active instruction index: 7499
2024-11-18 21:32:13 | Simulation update: decoder round 190334, completed instructions: 7020/14570, actively running or decoding instructions: 3, waiting windows: 48/48116. Max active instruction index: 7549
2024-11-18 21:32:23 | Simulation update: decoder round 191485, completed instructions: 7066/14570, actively running or decoding instructions: 5, waiting windows: 42/48484. Max active instruction index: 7598
2024-11-18 21:32:33 | Simulation update: decoder round 192643, completed instructions: 7128/14570, actively running or decoding instructions: 5, waiting windows: 42/48872. Max active instruction index: 7657
2024-11-18 21:32:43 | Simulation update: decoder round 193817, completed instructions: 7192/14570, actively running or decoding instructions: 4, waiting windows: 44/49258. Max active instruction index: 7717
2024-11-18 21:32:53 | Simulation update: decoder round 195008, completed instructions: 7257/14570, actively running or decoding instructions: 5, waiting windows: 47/49653. Max active instruction index: 7788
2024-11-18 21:33:03 | Simulation update: decoder round 196206, completed instructions: 7298/14570, actively running or decoding instructions: 5, waiting windows: 36/50005. Max active instruction index: 7820
2024-11-18 21:33:13 | Simulation update: decoder round 197414, completed instructions: 7352/14570, actively running or decoding instructions: 3, waiting windows: 50/50392. Max active instruction index: 7862
2024-11-18 21:33:23 | Simulation update: decoder round 198632, completed instructions: 7408/14570, actively running or decoding instructions: 4, waiting windows: 40/50778. Max active instruction index: 7913
2024-11-18 21:33:33 | Simulation update: decoder round 199864, completed instructions: 7466/14570, actively running or decoding instructions: 3, waiting windows: 37/51159. Max active instruction index: 7975
2024-11-18 21:33:43 | Simulation update: decoder round 201117, completed instructions: 7533/14570, actively running or decoding instructions: 6, waiting windows: 44/51539. Max active instruction index: 8039
2024-11-18 21:33:53 | Simulation update: decoder round 202382, completed instructions: 7599/14570, actively running or decoding instructions: 4, waiting windows: 44/51942. Max active instruction index: 8113
2024-11-18 21:34:03 | Simulation update: decoder round 203662, completed instructions: 7659/14570, actively running or decoding instructions: 6, waiting windows: 37/52343. Max active instruction index: 8175
2024-11-18 21:34:13 | Simulation update: decoder round 204955, completed instructions: 7723/14570, actively running or decoding instructions: 5, waiting windows: 42/52762. Max active instruction index: 8227
2024-11-18 21:34:23 | Simulation update: decoder round 206266, completed instructions: 7791/14570, actively running or decoding instructions: 4, waiting windows: 50/53182. Max active instruction index: 8285
2024-11-18 21:34:33 | Simulation update: decoder round 207584, completed instructions: 7855/14570, actively running or decoding instructions: 5, waiting windows: 50/53637. Max active instruction index: 8353
2024-11-18 21:34:43 | Simulation update: decoder round 208920, completed instructions: 7912/14570, actively running or decoding instructions: 4, waiting windows: 52/54079. Max active instruction index: 8402
2024-11-18 21:34:53 | Simulation update: decoder round 210279, completed instructions: 7974/14570, actively running or decoding instructions: 6, waiting windows: 48/54517. Max active instruction index: 8469
2024-11-18 21:35:03 | Simulation update: decoder round 211649, completed instructions: 8033/14570, actively running or decoding instructions: 3, waiting windows: 46/54959. Max active instruction index: 8527
2024-11-18 21:35:13 | Simulation update: decoder round 213010, completed instructions: 8120/14570, actively running or decoding instructions: 10, waiting windows: 62/55407. Max active instruction index: 8638
2024-11-18 21:35:23 | Simulation update: decoder round 214403, completed instructions: 8174/14570, actively running or decoding instructions: 4, waiting windows: 45/55853. Max active instruction index: 8696
2024-11-18 21:35:33 | Simulation update: decoder round 215746, completed instructions: 8228/14570, actively running or decoding instructions: 7, waiting windows: 33/56262. Max active instruction index: 8749
2024-11-18 21:35:43 | Simulation update: decoder round 217181, completed instructions: 8294/14570, actively running or decoding instructions: 4, waiting windows: 50/56731. Max active instruction index: 8810
2024-11-18 21:35:53 | Simulation update: decoder round 218650, completed instructions: 8356/14570, actively running or decoding instructions: 5, waiting windows: 44/57162. Max active instruction index: 8876
2024-11-18 21:36:03 | Simulation update: decoder round 220126, completed instructions: 8418/14570, actively running or decoding instructions: 4, waiting windows: 38/57627. Max active instruction index: 8946
2024-11-18 21:36:13 | Simulation update: decoder round 221616, completed instructions: 8473/14570, actively running or decoding instructions: 4, waiting windows: 42/58125. Max active instruction index: 8988
2024-11-18 21:36:23 | Simulation update: decoder round 223139, completed instructions: 8538/14570, actively running or decoding instructions: 6, waiting windows: 42/58575. Max active instruction index: 9057
2024-11-18 21:36:33 | Simulation update: decoder round 224687, completed instructions: 8604/14570, actively running or decoding instructions: 4, waiting windows: 48/59047. Max active instruction index: 9124
2024-11-18 21:36:43 | Simulation update: decoder round 226232, completed instructions: 8670/14570, actively running or decoding instructions: 5, waiting windows: 44/59534. Max active instruction index: 9182
2024-11-18 21:36:53 | Simulation update: decoder round 227808, completed instructions: 8732/14570, actively running or decoding instructions: 7, waiting windows: 38/60011. Max active instruction index: 9252
2024-11-18 21:37:03 | Simulation update: decoder round 229417, completed instructions: 8804/14570, actively running or decoding instructions: 4, waiting windows: 45/60523. Max active instruction index: 9318
2024-11-18 21:37:13 | Simulation update: decoder round 231050, completed instructions: 8877/14570, actively running or decoding instructions: 3, waiting windows: 40/61014. Max active instruction index: 9396
2024-11-18 21:37:23 | Simulation update: decoder round 232707, completed instructions: 8947/14570, actively running or decoding instructions: 4, waiting windows: 50/61538. Max active instruction index: 9494
2024-11-18 21:37:33 | Simulation update: decoder round 234387, completed instructions: 9018/14570, actively running or decoding instructions: 5, waiting windows: 47/62078. Max active instruction index: 9641
2024-11-18 21:37:43 | Simulation update: decoder round 236093, completed instructions: 9092/14570, actively running or decoding instructions: 4, waiting windows: 40/62642. Max active instruction index: 9768
2024-11-18 21:37:53 | Simulation update: decoder round 237827, completed instructions: 9162/14570, actively running or decoding instructions: 4, waiting windows: 51/63204. Max active instruction index: 9880
2024-11-18 21:38:03 | Simulation update: decoder round 239581, completed instructions: 9234/14570, actively running or decoding instructions: 7, waiting windows: 46/63766. Max active instruction index: 10009
2024-11-18 21:38:13 | Simulation update: decoder round 241367, completed instructions: 9307/14570, actively running or decoding instructions: 5, waiting windows: 44/64325. Max active instruction index: 10158
2024-11-18 21:38:23 | Simulation update: decoder round 243196, completed instructions: 9383/14570, actively running or decoding instructions: 8, waiting windows: 41/64861. Max active instruction index: 10306
2024-11-18 21:38:33 | Simulation update: decoder round 245054, completed instructions: 9459/14570, actively running or decoding instructions: 3, waiting windows: 50/65439. Max active instruction index: 10458
2024-11-18 21:38:43 | Simulation update: decoder round 246957, completed instructions: 9538/14570, actively running or decoding instructions: 5, waiting windows: 47/66040. Max active instruction index: 10600
2024-11-18 21:38:53 | Simulation update: decoder round 248913, completed instructions: 9580/14570, actively running or decoding instructions: 4, waiting windows: 35/66585. Max active instruction index: 9085
2024-11-18 21:39:03 | Simulation update: decoder round 250899, completed instructions: 9625/14570, actively running or decoding instructions: 2, waiting windows: 39/67150. Max active instruction index: 9165
2024-11-18 21:39:13 | Simulation update: decoder round 252898, completed instructions: 9672/14570, actively running or decoding instructions: 3, waiting windows: 45/67723. Max active instruction index: 9259
2024-11-18 21:39:23 | Simulation update: decoder round 254933, completed instructions: 9716/14570, actively running or decoding instructions: 4, waiting windows: 43/68271. Max active instruction index: 9357
2024-11-18 21:39:33 | Simulation update: decoder round 257002, completed instructions: 9785/14570, actively running or decoding instructions: 5, waiting windows: 36/68820. Max active instruction index: 9477
2024-11-18 21:39:43 | Simulation update: decoder round 259155, completed instructions: 9922/14570, actively running or decoding instructions: 5, waiting windows: 28/69368. Max active instruction index: 9663
2024-11-18 21:39:53 | Simulation update: decoder round 261394, completed instructions: 10040/14570, actively running or decoding instructions: 6, waiting windows: 36/69930. Max active instruction index: 9822
2024-11-18 21:40:03 | Simulation update: decoder round 263717, completed instructions: 10168/14570, actively running or decoding instructions: 4, waiting windows: 44/70541. Max active instruction index: 10003
2024-11-18 21:40:13 | Simulation update: decoder round 266149, completed instructions: 10304/14570, actively running or decoding instructions: 3, waiting windows: 39/71151. Max active instruction index: 10183
2024-11-18 21:40:23 | Simulation update: decoder round 268678, completed instructions: 10435/14570, actively running or decoding instructions: 3, waiting windows: 44/71789. Max active instruction index: 10359
2024-11-18 21:40:33 | Simulation update: decoder round 271319, completed instructions: 10569/14570, actively running or decoding instructions: 4, waiting windows: 37/72520. Max active instruction index: 10551
2024-11-18 21:40:43 | Simulation update: decoder round 274132, completed instructions: 10737/14570, actively running or decoding instructions: 4, waiting windows: 34/73266. Max active instruction index: 10737
2024-11-18 21:40:53 | Simulation update: decoder round 276999, completed instructions: 10910/14570, actively running or decoding instructions: 5, waiting windows: 31/73972. Max active instruction index: 10907
2024-11-18 21:41:03 | Simulation update: decoder round 280215, completed instructions: 11103/14570, actively running or decoding instructions: 5, waiting windows: 34/74801. Max active instruction index: 11100
2024-11-18 21:41:13 | Simulation update: decoder round 283695, completed instructions: 11288/14570, actively running or decoding instructions: 2, waiting windows: 30/75723. Max active instruction index: 11278
2024-11-18 21:41:23 | Simulation update: decoder round 287494, completed instructions: 11366/14570, actively running or decoding instructions: 4, waiting windows: 36/76601. Max active instruction index: 11361
2024-11-18 21:41:33 | Simulation update: decoder round 291472, completed instructions: 11450/14570, actively running or decoding instructions: 2, waiting windows: 35/77515. Max active instruction index: 11440
2024-11-18 21:41:43 | Simulation update: decoder round 295647, completed instructions: 11538/14570, actively running or decoding instructions: 2, waiting windows: 31/78509. Max active instruction index: 11528
2024-11-18 21:41:53 | Simulation update: decoder round 300088, completed instructions: 11640/14570, actively running or decoding instructions: 3, waiting windows: 38/79495. Max active instruction index: 11630
2024-11-18 21:42:03 | Simulation update: decoder round 304736, completed instructions: 11727/14570, actively running or decoding instructions: 2, waiting windows: 29/80558. Max active instruction index: 11718
2024-11-18 21:42:13 | Simulation update: decoder round 309644, completed instructions: 11859/14570, actively running or decoding instructions: 5, waiting windows: 37/81708. Max active instruction index: 11850
2024-11-18 21:42:23 | Simulation update: decoder round 315078, completed instructions: 12158/14570, actively running or decoding instructions: 4, waiting windows: 37/82999. Max active instruction index: 12163
2024-11-18 21:42:33 | Simulation update: decoder round 321404, completed instructions: 12488/14570, actively running or decoding instructions: 3, waiting windows: 30/84522. Max active instruction index: 12493
2024-11-18 21:42:43 | Simulation update: decoder round 329317, completed instructions: 12928/14570, actively running or decoding instructions: 3, waiting windows: 31/86456. Max active instruction index: 12972
2024-11-18 21:42:53 | Simulation update: decoder round 343988, completed instructions: 13524/14570, actively running or decoding instructions: 2, waiting windows: 16/89069. Max active instruction index: 13514
2024-11-18 21:43:00 | Finished simulation
2024-11-18 21:43:00 | Finished saving output. Done! Total elapsed time: 0:36:10.458425
