CONFIG 308
benchmark_file: slurm/data/20241118_210504/benchmarks/adder_n18.lss
decoder_latency_or_dist_filename: slurm/data/20241118_210504/decoder_dists.json
distance: 21
lightweight_setting: 2
max_parallel_processes: None
missed_speculation_modifier: 1.4
poison_policy: successors
rng: 8
scheduling_method: sliding
speculation_accuracy: 0.9
speculation_latency: 1
speculation_mode: separate
2024-11-18 21:06:50 | Loading benchmark slurm/data/20241118_210504/benchmarks/adder_n18.lss...
2024-11-18 21:06:50 | Starting simulation
2024-11-18 21:06:50 | Simulation update: decoder round 1, completed instructions: 0/2002, actively running or decoding instructions: 3, waiting windows: 0/0. Max active instruction index: 18
2024-11-18 21:07:00 | Simulation update: decoder round 3446, completed instructions: 483/2002, actively running or decoding instructions: 7, waiting windows: 155/3472. Max active instruction index: 484
2024-11-18 21:07:10 | Simulation update: decoder round 6761, completed instructions: 958/2002, actively running or decoding instructions: 8, waiting windows: 143/6894. Max active instruction index: 973
2024-11-18 21:07:20 | Simulation update: decoder round 12734, completed instructions: 1818/2002, actively running or decoding instructions: 8, waiting windows: 61/10868. Max active instruction index: 1819
2024-11-18 21:07:21 | Finished simulation
2024-11-18 21:07:21 | Finished saving output. Done! Total elapsed time: 0:00:31.383454
