CONFIG 342
benchmark_file: slurm/data/20241118_210504/benchmarks/adder_n18.lss
decoder_latency_or_dist_filename: slurm/data/20241118_210504/decoder_dists.json
distance: 21
lightweight_setting: 2
max_parallel_processes: None
missed_speculation_modifier: 1.4
poison_policy: successors
rng: 9
scheduling_method: sliding
speculation_accuracy: 0.9
speculation_latency: 1
speculation_mode: separate
2024-11-18 21:06:52 | Loading benchmark slurm/data/20241118_210504/benchmarks/adder_n18.lss...
2024-11-18 21:06:52 | Starting simulation
2024-11-18 21:06:52 | Simulation update: decoder round 1, completed instructions: 0/2002, actively running or decoding instructions: 3, waiting windows: 0/0. Max active instruction index: 18
2024-11-18 21:07:02 | Simulation update: decoder round 3341, completed instructions: 459/2002, actively running or decoding instructions: 9, waiting windows: 154/3317. Max active instruction index: 453
2024-11-18 21:07:12 | Simulation update: decoder round 6646, completed instructions: 867/2002, actively running or decoding instructions: 9, waiting windows: 123/6645. Max active instruction index: 880
2024-11-18 21:07:22 | Simulation update: decoder round 11372, completed instructions: 1573/2002, actively running or decoding instructions: 7, waiting windows: 74/10292. Max active instruction index: 1576
2024-11-18 21:07:26 | Finished simulation
2024-11-18 21:07:26 | Finished saving output. Done! Total elapsed time: 0:00:34.240785
