CONFIG 347
benchmark_file: slurm/data/20241118_210504/benchmarks/adder_n28.lss
decoder_latency_or_dist_filename: slurm/data/20241118_210504/decoder_dists.json
distance: 21
lightweight_setting: 2
max_parallel_processes: None
missed_speculation_modifier: 1.4
poison_policy: successors
rng: 9
scheduling_method: sliding
speculation_accuracy: 0.9
speculation_latency: 1
speculation_mode: separate
2024-11-18 21:06:51 | Loading benchmark slurm/data/20241118_210504/benchmarks/adder_n28.lss...
2024-11-18 21:06:52 | Starting simulation
2024-11-18 21:06:52 | Simulation update: decoder round 1, completed instructions: 0/2839, actively running or decoding instructions: 7, waiting windows: 0/0. Max active instruction index: 30
2024-11-18 21:07:02 | Simulation update: decoder round 2193, completed instructions: 308/2839, actively running or decoding instructions: 7, waiting windows: 196/3095. Max active instruction index: 311
2024-11-18 21:07:12 | Simulation update: decoder round 4501, completed instructions: 638/2839, actively running or decoding instructions: 12, waiting windows: 236/6291. Max active instruction index: 688
2024-11-18 21:07:22 | Simulation update: decoder round 7039, completed instructions: 1075/2839, actively running or decoding instructions: 12, waiting windows: 205/9823. Max active instruction index: 1080
2024-11-18 21:07:32 | Simulation update: decoder round 10235, completed instructions: 1622/2839, actively running or decoding instructions: 13, waiting windows: 156/13576. Max active instruction index: 1631
2024-11-18 21:07:42 | Simulation update: decoder round 14338, completed instructions: 2353/2839, actively running or decoding instructions: 12, waiting windows: 116/17276. Max active instruction index: 2348
2024-11-18 21:07:46 | Finished simulation
2024-11-18 21:07:46 | Finished saving output. Done! Total elapsed time: 0:00:54.844751
