CONFIG 579
benchmark_file: slurm/data/20241118_210504/benchmarks/fermi_hubbard_2_2.lss
decoder_latency_or_dist_filename: slurm/data/20241118_210504/decoder_dists.json
distance: 21
lightweight_setting: 2
max_parallel_processes: predict
missed_speculation_modifier: 1.4
poison_policy: successors
rng: 5
scheduling_method: parallel
speculation_accuracy: 0.9
speculation_latency: 1
speculation_mode: separate
2024-11-18 21:08:48 | Loading benchmark slurm/data/20241118_210504/benchmarks/fermi_hubbard_2_2.lss...
2024-11-18 21:08:49 | Starting simulation
PREDICTION STEP BEGIN---------------------------------
Predicted max parallel processes: 141

PREDICTION STEP END-----------------------------------

2024-11-18 21:29:40 | Simulation update: decoder round 1, completed instructions: 0/14751, actively running or decoding instructions: 13, waiting windows: 0/0. Max active instruction index: 30
2024-11-18 21:29:50 | Simulation update: decoder round 946, completed instructions: 56/14751, actively running or decoding instructions: 3, waiting windows: 390/643. Max active instruction index: 56
2024-11-18 21:30:00 | Simulation update: decoder round 1894, completed instructions: 76/14751, actively running or decoding instructions: 3, waiting windows: 693/1270. Max active instruction index: 73
2024-11-18 21:30:10 | Simulation update: decoder round 2846, completed instructions: 94/14751, actively running or decoding instructions: 3, waiting windows: 999/1896. Max active instruction index: 90
2024-11-18 21:30:20 | Simulation update: decoder round 3800, completed instructions: 110/14751, actively running or decoding instructions: 3, waiting windows: 1315/2521. Max active instruction index: 106
2024-11-18 21:30:30 | Simulation update: decoder round 4749, completed instructions: 126/14751, actively running or decoding instructions: 3, waiting windows: 1639/3165. Max active instruction index: 122
2024-11-18 21:30:40 | Simulation update: decoder round 5706, completed instructions: 141/14751, actively running or decoding instructions: 2, waiting windows: 1935/3781. Max active instruction index: 138
2024-11-18 21:30:50 | Simulation update: decoder round 6668, completed instructions: 160/14751, actively running or decoding instructions: 4, waiting windows: 2244/4406. Max active instruction index: 156
2024-11-18 21:31:00 | Simulation update: decoder round 7623, completed instructions: 174/14751, actively running or decoding instructions: 3, waiting windows: 2551/5036. Max active instruction index: 171
2024-11-18 21:31:10 | Simulation update: decoder round 8583, completed instructions: 192/14751, actively running or decoding instructions: 3, waiting windows: 2875/5672. Max active instruction index: 188
2024-11-18 21:31:20 | Simulation update: decoder round 9544, completed instructions: 209/14751, actively running or decoding instructions: 3, waiting windows: 3192/6320. Max active instruction index: 205
2024-11-18 21:31:30 | Simulation update: decoder round 10510, completed instructions: 230/14751, actively running or decoding instructions: 3, waiting windows: 3509/6953. Max active instruction index: 231
2024-11-18 21:31:40 | Simulation update: decoder round 11476, completed instructions: 244/14751, actively running or decoding instructions: 3, waiting windows: 3823/7587. Max active instruction index: 244
2024-11-18 21:31:50 | Simulation update: decoder round 12456, completed instructions: 259/14751, actively running or decoding instructions: 2, waiting windows: 4143/8231. Max active instruction index: 255
2024-11-18 21:32:00 | Simulation update: decoder round 13435, completed instructions: 278/14751, actively running or decoding instructions: 3, waiting windows: 4447/8854. Max active instruction index: 278
2024-11-18 21:32:10 | Simulation update: decoder round 14420, completed instructions: 298/14751, actively running or decoding instructions: 5, waiting windows: 4767/9505. Max active instruction index: 299
2024-11-18 21:32:20 | Simulation update: decoder round 15407, completed instructions: 314/14751, actively running or decoding instructions: 3, waiting windows: 5096/10160. Max active instruction index: 311
2024-11-18 21:32:30 | Simulation update: decoder round 16323, completed instructions: 338/14751, actively running or decoding instructions: 4, waiting windows: 5392/10761. Max active instruction index: 334
2024-11-18 21:32:40 | Simulation update: decoder round 17315, completed instructions: 358/14751, actively running or decoding instructions: 4, waiting windows: 5700/11388. Max active instruction index: 358
2024-11-18 21:32:50 | Simulation update: decoder round 18307, completed instructions: 378/14751, actively running or decoding instructions: 3, waiting windows: 6019/12047. Max active instruction index: 374
2024-11-18 21:33:00 | Simulation update: decoder round 19305, completed instructions: 395/14751, actively running or decoding instructions: 3, waiting windows: 6351/12705. Max active instruction index: 391
2024-11-18 21:33:10 | Simulation update: decoder round 20303, completed instructions: 406/14751, actively running or decoding instructions: 4, waiting windows: 6670/13346. Max active instruction index: 402
2024-11-18 21:33:20 | Simulation update: decoder round 21300, completed instructions: 427/14751, actively running or decoding instructions: 2, waiting windows: 7008/14022. Max active instruction index: 423
2024-11-18 21:33:30 | Simulation update: decoder round 22300, completed instructions: 436/14751, actively running or decoding instructions: 3, waiting windows: 7321/14672. Max active instruction index: 433
2024-11-18 21:33:40 | Simulation update: decoder round 23310, completed instructions: 453/14751, actively running or decoding instructions: 2, waiting windows: 7641/15317. Max active instruction index: 450
2024-11-18 21:33:50 | Simulation update: decoder round 24323, completed instructions: 464/14751, actively running or decoding instructions: 2, waiting windows: 7970/15976. Max active instruction index: 461
2024-11-18 21:34:00 | Simulation update: decoder round 25331, completed instructions: 481/14751, actively running or decoding instructions: 3, waiting windows: 8297/16636. Max active instruction index: 478
2024-11-18 21:34:10 | Simulation update: decoder round 26343, completed instructions: 498/14751, actively running or decoding instructions: 3, waiting windows: 8636/17308. Max active instruction index: 494
2024-11-18 21:34:20 | Simulation update: decoder round 27351, completed instructions: 519/14751, actively running or decoding instructions: 2, waiting windows: 8971/17982. Max active instruction index: 516
2024-11-18 21:34:30 | Simulation update: decoder round 28363, completed instructions: 537/14751, actively running or decoding instructions: 3, waiting windows: 9291/18632. Max active instruction index: 533
2024-11-18 21:34:40 | Simulation update: decoder round 29379, completed instructions: 557/14751, actively running or decoding instructions: 3, waiting windows: 9621/19308. Max active instruction index: 553
2024-11-18 21:34:50 | Simulation update: decoder round 30396, completed instructions: 572/14751, actively running or decoding instructions: 3, waiting windows: 9948/19978. Max active instruction index: 574
2024-11-18 21:35:00 | Simulation update: decoder round 31416, completed instructions: 613/14751, actively running or decoding instructions: 9, waiting windows: 10290/20655. Max active instruction index: 607
2024-11-18 21:35:10 | Simulation update: decoder round 32440, completed instructions: 630/14751, actively running or decoding instructions: 3, waiting windows: 10653/21394. Max active instruction index: 630
2024-11-18 21:35:20 | Simulation update: decoder round 33467, completed instructions: 652/14751, actively running or decoding instructions: 2, waiting windows: 11010/22117. Max active instruction index: 646
2024-11-18 21:35:30 | Simulation update: decoder round 34469, completed instructions: 682/14751, actively running or decoding instructions: 3, waiting windows: 11372/22849. Max active instruction index: 676
2024-11-18 21:35:40 | Simulation update: decoder round 35472, completed instructions: 707/14751, actively running or decoding instructions: 4, waiting windows: 11714/23552. Max active instruction index: 707
2024-11-18 21:35:50 | Simulation update: decoder round 36417, completed instructions: 735/14751, actively running or decoding instructions: 4, waiting windows: 12045/24226. Max active instruction index: 729
2024-11-18 21:36:00 | Simulation update: decoder round 37444, completed instructions: 757/14751, actively running or decoding instructions: 4, waiting windows: 12402/24960. Max active instruction index: 751
2024-11-18 21:36:10 | Simulation update: decoder round 38473, completed instructions: 787/14751, actively running or decoding instructions: 3, waiting windows: 12761/25684. Max active instruction index: 781
2024-11-18 21:36:20 | Simulation update: decoder round 39510, completed instructions: 816/14751, actively running or decoding instructions: 2, waiting windows: 13128/26434. Max active instruction index: 810
2024-11-18 21:36:30 | Simulation update: decoder round 40546, completed instructions: 837/14751, actively running or decoding instructions: 2, waiting windows: 13483/27177. Max active instruction index: 831
2024-11-18 21:36:40 | Simulation update: decoder round 41591, completed instructions: 868/14751, actively running or decoding instructions: 2, waiting windows: 13848/27913. Max active instruction index: 862
2024-11-18 21:36:50 | Simulation update: decoder round 42641, completed instructions: 891/14751, actively running or decoding instructions: 3, waiting windows: 14217/28666. Max active instruction index: 886
2024-11-18 21:37:00 | Simulation update: decoder round 43699, completed instructions: 921/14751, actively running or decoding instructions: 4, waiting windows: 14590/29421. Max active instruction index: 922
2024-11-18 21:37:10 | Simulation update: decoder round 44756, completed instructions: 936/14751, actively running or decoding instructions: 3, waiting windows: 14950/30178. Max active instruction index: 931
2024-11-18 21:37:20 | Simulation update: decoder round 45779, completed instructions: 959/14751, actively running or decoding instructions: 2, waiting windows: 15302/30892. Max active instruction index: 954
2024-11-18 21:37:30 | Simulation update: decoder round 46815, completed instructions: 983/14751, actively running or decoding instructions: 4, waiting windows: 15681/31632. Max active instruction index: 977
2024-11-18 21:37:40 | Simulation update: decoder round 47855, completed instructions: 1011/14751, actively running or decoding instructions: 3, waiting windows: 16039/32378. Max active instruction index: 1006
2024-11-18 21:37:50 | Simulation update: decoder round 48890, completed instructions: 1035/14751, actively running or decoding instructions: 3, waiting windows: 16409/33122. Max active instruction index: 1029
2024-11-18 21:38:00 | Simulation update: decoder round 49934, completed instructions: 1057/14751, actively running or decoding instructions: 2, waiting windows: 16767/33856. Max active instruction index: 1051
2024-11-18 21:38:10 | Simulation update: decoder round 50975, completed instructions: 1078/14751, actively running or decoding instructions: 3, waiting windows: 17133/34614. Max active instruction index: 1072
2024-11-18 21:38:20 | Simulation update: decoder round 52018, completed instructions: 1100/14751, actively running or decoding instructions: 4, waiting windows: 17505/35357. Max active instruction index: 1094
2024-11-18 21:38:30 | Simulation update: decoder round 53078, completed instructions: 1123/14751, actively running or decoding instructions: 4, waiting windows: 17855/36081. Max active instruction index: 1117
2024-11-18 21:38:40 | Simulation update: decoder round 54132, completed instructions: 1145/14751, actively running or decoding instructions: 4, waiting windows: 18208/36801. Max active instruction index: 1140
2024-11-18 21:38:50 | Simulation update: decoder round 55117, completed instructions: 1176/14751, actively running or decoding instructions: 2, waiting windows: 18564/37512. Max active instruction index: 1170
2024-11-18 21:39:00 | Simulation update: decoder round 56176, completed instructions: 1207/14751, actively running or decoding instructions: 4, waiting windows: 18932/38275. Max active instruction index: 1201
2024-11-18 21:39:10 | Simulation update: decoder round 57251, completed instructions: 1236/14751, actively running or decoding instructions: 2, waiting windows: 19318/39038. Max active instruction index: 1230
2024-11-18 21:39:20 | Simulation update: decoder round 58319, completed instructions: 1257/14751, actively running or decoding instructions: 2, waiting windows: 19692/39810. Max active instruction index: 1256
2024-11-18 21:39:30 | Simulation update: decoder round 59389, completed instructions: 1288/14751, actively running or decoding instructions: 3, waiting windows: 20081/40589. Max active instruction index: 1282
2024-11-18 21:39:40 | Simulation update: decoder round 60473, completed instructions: 1310/14751, actively running or decoding instructions: 4, waiting windows: 20439/41346. Max active instruction index: 1304
2024-11-18 21:39:50 | Simulation update: decoder round 61553, completed instructions: 1333/14751, actively running or decoding instructions: 3, waiting windows: 20823/42133. Max active instruction index: 1327
2024-11-18 21:40:00 | Simulation update: decoder round 62635, completed instructions: 1388/14751, actively running or decoding instructions: 6, waiting windows: 21233/42955. Max active instruction index: 1393
2024-11-18 21:40:10 | Simulation update: decoder round 63706, completed instructions: 1453/14751, actively running or decoding instructions: 5, waiting windows: 21675/43847. Max active instruction index: 1445
2024-11-18 21:40:20 | Simulation update: decoder round 64795, completed instructions: 1514/14751, actively running or decoding instructions: 4, waiting windows: 22091/44730. Max active instruction index: 1506
2024-11-18 21:40:30 | Simulation update: decoder round 65890, completed instructions: 1573/14751, actively running or decoding instructions: 5, waiting windows: 22499/45599. Max active instruction index: 1575
2024-11-18 21:40:40 | Simulation update: decoder round 66994, completed instructions: 1651/14751, actively running or decoding instructions: 4, waiting windows: 22956/46520. Max active instruction index: 1643
2024-11-18 21:40:50 | Simulation update: decoder round 68117, completed instructions: 1709/14751, actively running or decoding instructions: 4, waiting windows: 23400/47455. Max active instruction index: 1707
2024-11-18 21:41:00 | Simulation update: decoder round 69259, completed instructions: 1785/14751, actively running or decoding instructions: 4, waiting windows: 23868/48407. Max active instruction index: 1778
2024-11-18 21:41:10 | Simulation update: decoder round 70409, completed instructions: 1849/14751, actively running or decoding instructions: 5, waiting windows: 24317/49354. Max active instruction index: 1844
2024-11-18 21:41:20 | Simulation update: decoder round 71572, completed instructions: 1915/14751, actively running or decoding instructions: 3, waiting windows: 24786/50329. Max active instruction index: 1908
2024-11-18 21:41:30 | Simulation update: decoder round 72755, completed instructions: 1978/14751, actively running or decoding instructions: 5, waiting windows: 25241/51285. Max active instruction index: 1978
2024-11-18 21:41:40 | Simulation update: decoder round 73850, completed instructions: 2044/14751, actively running or decoding instructions: 4, waiting windows: 25674/52171. Max active instruction index: 2038
2024-11-18 21:41:50 | Simulation update: decoder round 75071, completed instructions: 2107/14751, actively running or decoding instructions: 5, waiting windows: 26139/53164. Max active instruction index: 2112
2024-11-18 21:42:00 | Simulation update: decoder round 76303, completed instructions: 2173/14751, actively running or decoding instructions: 4, waiting windows: 26631/54156. Max active instruction index: 2166
2024-11-18 21:42:10 | Simulation update: decoder round 77546, completed instructions: 2249/14751, actively running or decoding instructions: 4, waiting windows: 27136/55186. Max active instruction index: 2243
2024-11-18 21:42:20 | Simulation update: decoder round 78810, completed instructions: 2314/14751, actively running or decoding instructions: 4, waiting windows: 27641/56238. Max active instruction index: 2309
2024-11-18 21:42:30 | Simulation update: decoder round 80088, completed instructions: 2393/14751, actively running or decoding instructions: 5, waiting windows: 28145/57290. Max active instruction index: 2402
2024-11-18 21:42:40 | Simulation update: decoder round 81378, completed instructions: 2464/14751, actively running or decoding instructions: 5, waiting windows: 28662/58363. Max active instruction index: 2466
2024-11-18 21:42:50 | Simulation update: decoder round 82695, completed instructions: 2530/14751, actively running or decoding instructions: 5, waiting windows: 29178/59440. Max active instruction index: 2532
2024-11-18 21:43:00 | Simulation update: decoder round 84030, completed instructions: 2591/14751, actively running or decoding instructions: 6, waiting windows: 29699/60507. Max active instruction index: 2602
2024-11-18 21:43:10 | Simulation update: decoder round 85382, completed instructions: 2668/14751, actively running or decoding instructions: 5, waiting windows: 30218/61577. Max active instruction index: 2672
2024-11-18 21:43:20 | Simulation update: decoder round 86752, completed instructions: 2746/14751, actively running or decoding instructions: 5, waiting windows: 30761/62700. Max active instruction index: 2758
2024-11-18 21:43:30 | Simulation update: decoder round 88148, completed instructions: 2821/14751, actively running or decoding instructions: 4, waiting windows: 31301/63834. Max active instruction index: 2824
2024-11-18 21:43:40 | Simulation update: decoder round 89562, completed instructions: 2895/14751, actively running or decoding instructions: 5, waiting windows: 31852/64983. Max active instruction index: 2898
2024-11-18 21:43:50 | Simulation update: decoder round 91012, completed instructions: 2979/14751, actively running or decoding instructions: 6, waiting windows: 32404/66135. Max active instruction index: 2992
2024-11-18 21:44:00 | Simulation update: decoder round 92486, completed instructions: 3049/14751, actively running or decoding instructions: 4, waiting windows: 32960/67272. Max active instruction index: 3043
2024-11-18 21:44:10 | Simulation update: decoder round 93674, completed instructions: 3092/14751, actively running or decoding instructions: 2, waiting windows: 33396/68179. Max active instruction index: 3084
2024-11-18 21:44:20 | Simulation update: decoder round 94969, completed instructions: 3130/14751, actively running or decoding instructions: 2, waiting windows: 33888/69178. Max active instruction index: 3129
2024-11-18 21:44:30 | Simulation update: decoder round 96278, completed instructions: 3178/14751, actively running or decoding instructions: 3, waiting windows: 34389/70197. Max active instruction index: 3170
2024-11-18 21:44:40 | Simulation update: decoder round 97588, completed instructions: 3215/14751, actively running or decoding instructions: 3, waiting windows: 34889/71224. Max active instruction index: 3207
2024-11-18 21:44:50 | Simulation update: decoder round 98928, completed instructions: 3244/14751, actively running or decoding instructions: 4, waiting windows: 35369/72220. Max active instruction index: 3245
2024-11-18 21:45:00 | Simulation update: decoder round 100270, completed instructions: 3282/14751, actively running or decoding instructions: 3, waiting windows: 35893/73261. Max active instruction index: 3274
2024-11-18 21:45:10 | Simulation update: decoder round 101620, completed instructions: 3328/14751, actively running or decoding instructions: 3, waiting windows: 36403/74318. Max active instruction index: 3321
2024-11-18 21:45:20 | Simulation update: decoder round 102977, completed instructions: 3367/14751, actively running or decoding instructions: 4, waiting windows: 36898/75327. Max active instruction index: 3360
2024-11-18 21:45:30 | Simulation update: decoder round 104349, completed instructions: 3399/14751, actively running or decoding instructions: 3, waiting windows: 37423/76376. Max active instruction index: 3399
2024-11-18 21:45:40 | Simulation update: decoder round 105729, completed instructions: 3444/14751, actively running or decoding instructions: 3, waiting windows: 37939/77444. Max active instruction index: 3437
2024-11-18 21:45:50 | Simulation update: decoder round 107124, completed instructions: 3493/14751, actively running or decoding instructions: 4, waiting windows: 38473/78518. Max active instruction index: 3486
2024-11-18 21:46:00 | Simulation update: decoder round 108534, completed instructions: 3533/14751, actively running or decoding instructions: 3, waiting windows: 38993/79586. Max active instruction index: 3533
2024-11-18 21:46:10 | Simulation update: decoder round 109953, completed instructions: 3578/14751, actively running or decoding instructions: 2, waiting windows: 39512/80662. Max active instruction index: 3571
2024-11-18 21:46:20 | Simulation update: decoder round 111382, completed instructions: 3627/14751, actively running or decoding instructions: 2, waiting windows: 40047/81753. Max active instruction index: 3627
2024-11-18 21:46:30 | Simulation update: decoder round 112825, completed instructions: 3673/14751, actively running or decoding instructions: 3, waiting windows: 40599/82865. Max active instruction index: 3665
2024-11-18 21:46:40 | Simulation update: decoder round 114286, completed instructions: 3729/14751, actively running or decoding instructions: 2, waiting windows: 41152/83991. Max active instruction index: 3722
2024-11-18 21:46:50 | Simulation update: decoder round 115763, completed instructions: 3777/14751, actively running or decoding instructions: 3, waiting windows: 41701/85121. Max active instruction index: 3769
2024-11-18 21:47:00 | Simulation update: decoder round 117258, completed instructions: 3814/14751, actively running or decoding instructions: 2, waiting windows: 42254/86269. Max active instruction index: 3807
2024-11-18 21:47:10 | Simulation update: decoder round 118632, completed instructions: 3862/14751, actively running or decoding instructions: 3, waiting windows: 42792/87343. Max active instruction index: 3854
2024-11-18 21:47:20 | Simulation update: decoder round 120158, completed instructions: 3910/14751, actively running or decoding instructions: 2, waiting windows: 43356/88494. Max active instruction index: 3903
2024-11-18 21:47:30 | Simulation update: decoder round 121699, completed instructions: 3949/14751, actively running or decoding instructions: 2, waiting windows: 43932/89677. Max active instruction index: 3941
2024-11-18 21:47:40 | Simulation update: decoder round 123254, completed instructions: 3987/14751, actively running or decoding instructions: 4, waiting windows: 44515/90869. Max active instruction index: 3988
2024-11-18 21:47:50 | Simulation update: decoder round 124813, completed instructions: 4057/14751, actively running or decoding instructions: 4, waiting windows: 45129/92123. Max active instruction index: 4049
2024-11-18 21:48:00 | Simulation update: decoder round 126394, completed instructions: 4112/14751, actively running or decoding instructions: 2, waiting windows: 45766/93429. Max active instruction index: 4105
2024-11-18 21:48:10 | Simulation update: decoder round 127991, completed instructions: 4152/14751, actively running or decoding instructions: 2, waiting windows: 46406/94727. Max active instruction index: 4144
2024-11-18 21:48:20 | Simulation update: decoder round 129605, completed instructions: 4198/14751, actively running or decoding instructions: 3, waiting windows: 47047/96034. Max active instruction index: 4191
2024-11-18 21:48:30 | Simulation update: decoder round 131237, completed instructions: 4256/14751, actively running or decoding instructions: 3, waiting windows: 47712/97369. Max active instruction index: 4248
2024-11-18 21:48:40 | Simulation update: decoder round 132892, completed instructions: 4312/14751, actively running or decoding instructions: 3, waiting windows: 48372/98733. Max active instruction index: 4305
2024-11-18 21:48:50 | Simulation update: decoder round 134570, completed instructions: 4371/14751, actively running or decoding instructions: 4, waiting windows: 49039/100088. Max active instruction index: 4363
2024-11-18 21:49:00 | Simulation update: decoder round 136263, completed instructions: 4419/14751, actively running or decoding instructions: 3, waiting windows: 49724/101479. Max active instruction index: 4411
2024-11-18 21:49:10 | Simulation update: decoder round 137825, completed instructions: 4477/14751, actively running or decoding instructions: 4, waiting windows: 50366/102782. Max active instruction index: 4478
2024-11-18 21:49:20 | Simulation update: decoder round 139562, completed instructions: 4524/14751, actively running or decoding instructions: 2, waiting windows: 51052/104188. Max active instruction index: 4516
2024-11-18 21:49:30 | Simulation update: decoder round 141318, completed instructions: 4581/14751, actively running or decoding instructions: 2, waiting windows: 51749/105598. Max active instruction index: 4573
2024-11-18 21:49:40 | Simulation update: decoder round 143104, completed instructions: 4627/14751, actively running or decoding instructions: 3, waiting windows: 52446/107037. Max active instruction index: 4620
2024-11-18 21:49:50 | Simulation update: decoder round 144907, completed instructions: 4686/14751, actively running or decoding instructions: 4, waiting windows: 53168/108493. Max active instruction index: 4678
2024-11-18 21:50:00 | Simulation update: decoder round 146739, completed instructions: 4742/14751, actively running or decoding instructions: 2, waiting windows: 53899/109980. Max active instruction index: 4734
2024-11-18 21:50:10 | Simulation update: decoder round 148606, completed instructions: 4799/14751, actively running or decoding instructions: 2, waiting windows: 54641/111494. Max active instruction index: 4791
2024-11-18 21:50:20 | Simulation update: decoder round 150488, completed instructions: 4855/14751, actively running or decoding instructions: 3, waiting windows: 55399/113033. Max active instruction index: 4848
2024-11-18 21:50:30 | Simulation update: decoder round 152421, completed instructions: 4914/14751, actively running or decoding instructions: 3, waiting windows: 56175/114609. Max active instruction index: 4906
2024-11-18 21:50:40 | Simulation update: decoder round 154363, completed instructions: 4971/14751, actively running or decoding instructions: 3, waiting windows: 56954/116204. Max active instruction index: 4963
2024-11-18 21:50:50 | Simulation update: decoder round 156321, completed instructions: 5043/14751, actively running or decoding instructions: 3, waiting windows: 57771/117870. Max active instruction index: 5028
2024-11-18 21:51:00 | Simulation update: decoder round 158308, completed instructions: 5109/14751, actively running or decoding instructions: 3, waiting windows: 58623/119595. Max active instruction index: 5094
2024-11-18 21:51:10 | Simulation update: decoder round 160121, completed instructions: 5156/14751, actively running or decoding instructions: 2, waiting windows: 59400/121171. Max active instruction index: 5141
2024-11-18 21:51:20 | Simulation update: decoder round 162174, completed instructions: 5224/14751, actively running or decoding instructions: 3, waiting windows: 60265/122942. Max active instruction index: 5209
2024-11-18 21:51:30 | Simulation update: decoder round 164264, completed instructions: 5289/14751, actively running or decoding instructions: 2, waiting windows: 61150/124742. Max active instruction index: 5275
2024-11-18 21:51:40 | Simulation update: decoder round 166402, completed instructions: 5347/14751, actively running or decoding instructions: 2, waiting windows: 62031/126551. Max active instruction index: 5333
2024-11-18 21:51:50 | Simulation update: decoder round 168568, completed instructions: 5406/14751, actively running or decoding instructions: 3, waiting windows: 62946/128399. Max active instruction index: 5392
