CONFIG 585
benchmark_file: slurm/data/20241118_210504/benchmarks/carleman_2_4.lss
decoder_latency_or_dist_filename: slurm/data/20241118_210504/decoder_dists.json
distance: 21
lightweight_setting: 2
max_parallel_processes: predict
missed_speculation_modifier: 1.4
poison_policy: successors
rng: 5
scheduling_method: parallel
speculation_accuracy: 0.9
speculation_latency: 1
speculation_mode: separate
2024-11-18 21:08:48 | Loading benchmark slurm/data/20241118_210504/benchmarks/carleman_2_4.lss...
2024-11-18 21:08:49 | Starting simulation
PREDICTION STEP BEGIN---------------------------------
Predicted max parallel processes: 294

PREDICTION STEP END-----------------------------------

2024-11-18 21:16:14 | Simulation update: decoder round 1, completed instructions: 0/12153, actively running or decoding instructions: 21, waiting windows: 0/0. Max active instruction index: 191
2024-11-18 21:16:24 | Simulation update: decoder round 530, completed instructions: 406/12153, actively running or decoding instructions: 17, waiting windows: 575/1044. Max active instruction index: 403
2024-11-18 21:16:34 | Simulation update: decoder round 967, completed instructions: 528/12153, actively running or decoding instructions: 21, waiting windows: 997/1808. Max active instruction index: 550
2024-11-18 21:16:44 | Simulation update: decoder round 1408, completed instructions: 602/12153, actively running or decoding instructions: 9, waiting windows: 1280/2524. Max active instruction index: 618
2024-11-18 21:16:54 | Simulation update: decoder round 1830, completed instructions: 746/12153, actively running or decoding instructions: 15, waiting windows: 1590/3270. Max active instruction index: 793
2024-11-18 21:17:04 | Simulation update: decoder round 2276, completed instructions: 951/12153, actively running or decoding instructions: 32, waiting windows: 1975/4093. Max active instruction index: 946
2024-11-18 21:17:14 | Simulation update: decoder round 2732, completed instructions: 985/12153, actively running or decoding instructions: 10, waiting windows: 2297/4802. Max active instruction index: 984
2024-11-18 21:17:24 | Simulation update: decoder round 3185, completed instructions: 1154/12153, actively running or decoding instructions: 15, waiting windows: 2643/5627. Max active instruction index: 1178
2024-11-18 21:17:34 | Simulation update: decoder round 3642, completed instructions: 1355/12153, actively running or decoding instructions: 15, waiting windows: 3043/6522. Max active instruction index: 1349
2024-11-18 21:17:44 | Simulation update: decoder round 4110, completed instructions: 1521/12153, actively running or decoding instructions: 28, waiting windows: 3500/7403. Max active instruction index: 1584
2024-11-18 21:17:54 | Simulation update: decoder round 4558, completed instructions: 1752/12153, actively running or decoding instructions: 28, waiting windows: 3922/8359. Max active instruction index: 1788
2024-11-18 21:18:04 | Simulation update: decoder round 5029, completed instructions: 1998/12153, actively running or decoding instructions: 44, waiting windows: 4386/9355. Max active instruction index: 2052
2024-11-18 21:18:14 | Simulation update: decoder round 5516, completed instructions: 2211/12153, actively running or decoding instructions: 26, waiting windows: 4757/10309. Max active instruction index: 2290
2024-11-18 21:18:24 | Simulation update: decoder round 6012, completed instructions: 2439/12153, actively running or decoding instructions: 31, waiting windows: 5171/11284. Max active instruction index: 2454
2024-11-18 21:18:34 | Simulation update: decoder round 6517, completed instructions: 2629/12153, actively running or decoding instructions: 30, waiting windows: 5626/12273. Max active instruction index: 2631
2024-11-18 21:18:44 | Simulation update: decoder round 7035, completed instructions: 2798/12153, actively running or decoding instructions: 28, waiting windows: 6086/13236. Max active instruction index: 2840
2024-11-18 21:18:54 | Simulation update: decoder round 7558, completed instructions: 2997/12153, actively running or decoding instructions: 33, waiting windows: 6501/14248. Max active instruction index: 3027
2024-11-18 21:19:04 | Simulation update: decoder round 8068, completed instructions: 3187/12153, actively running or decoding instructions: 30, waiting windows: 6968/15249. Max active instruction index: 3207
2024-11-18 21:19:14 | Simulation update: decoder round 8613, completed instructions: 3304/12153, actively running or decoding instructions: 25, waiting windows: 7409/16257. Max active instruction index: 3820
2024-11-18 21:19:24 | Simulation update: decoder round 9163, completed instructions: 3414/12153, actively running or decoding instructions: 18, waiting windows: 7891/17297. Max active instruction index: 3444
2024-11-18 21:19:34 | Simulation update: decoder round 9719, completed instructions: 3537/12153, actively running or decoding instructions: 14, waiting windows: 8362/18331. Max active instruction index: 3520
2024-11-18 21:19:44 | Simulation update: decoder round 10282, completed instructions: 3616/12153, actively running or decoding instructions: 5, waiting windows: 8830/19355. Max active instruction index: 3613
2024-11-18 21:19:54 | Simulation update: decoder round 10858, completed instructions: 3769/12153, actively running or decoding instructions: 6, waiting windows: 9316/20447. Max active instruction index: 3740
2024-11-18 21:20:04 | Simulation update: decoder round 11416, completed instructions: 3966/12153, actively running or decoding instructions: 9, waiting windows: 9807/21525. Max active instruction index: 3975
2024-11-18 21:20:14 | Simulation update: decoder round 12019, completed instructions: 4178/12153, actively running or decoding instructions: 18, waiting windows: 10332/22647. Max active instruction index: 4401
2024-11-18 21:20:24 | Simulation update: decoder round 12634, completed instructions: 4257/12153, actively running or decoding instructions: 8, waiting windows: 10807/23716. Max active instruction index: 4247
2024-11-18 21:20:34 | Simulation update: decoder round 13258, completed instructions: 4332/12153, actively running or decoding instructions: 8, waiting windows: 11350/24819. Max active instruction index: 4358
2024-11-18 21:20:44 | Simulation update: decoder round 13886, completed instructions: 4516/12153, actively running or decoding instructions: 11, waiting windows: 11867/25992. Max active instruction index: 4725
2024-11-18 21:20:54 | Simulation update: decoder round 14492, completed instructions: 4685/12153, actively running or decoding instructions: 20, waiting windows: 12472/27161. Max active instruction index: 4709
2024-11-18 21:21:04 | Simulation update: decoder round 15147, completed instructions: 4804/12153, actively running or decoding instructions: 12, waiting windows: 12982/28332. Max active instruction index: 4774
2024-11-18 21:21:14 | Simulation update: decoder round 15807, completed instructions: 5027/12153, actively running or decoding instructions: 29, waiting windows: 13561/29593. Max active instruction index: 5112
2024-11-18 21:21:24 | Simulation update: decoder round 16492, completed instructions: 5198/12153, actively running or decoding instructions: 22, waiting windows: 14073/30802. Max active instruction index: 5270
2024-11-18 21:21:34 | Simulation update: decoder round 17199, completed instructions: 5304/12153, actively running or decoding instructions: 10, waiting windows: 14641/31987. Max active instruction index: 5275
2024-11-18 21:21:44 | Simulation update: decoder round 17912, completed instructions: 5436/12153, actively running or decoding instructions: 19, waiting windows: 15214/33224. Max active instruction index: 5448
2024-11-18 21:21:54 | Simulation update: decoder round 18618, completed instructions: 5535/12153, actively running or decoding instructions: 16, waiting windows: 15792/34368. Max active instruction index: 5652
2024-11-18 21:22:04 | Simulation update: decoder round 19368, completed instructions: 5653/12153, actively running or decoding instructions: 11, waiting windows: 16358/35597. Max active instruction index: 5678
2024-11-18 21:22:14 | Simulation update: decoder round 20137, completed instructions: 5781/12153, actively running or decoding instructions: 14, waiting windows: 16922/36818. Max active instruction index: 5784
2024-11-18 21:22:24 | Simulation update: decoder round 20920, completed instructions: 5881/12153, actively running or decoding instructions: 7, waiting windows: 17501/38041. Max active instruction index: 5869
2024-11-18 21:22:34 | Simulation update: decoder round 21702, completed instructions: 6078/12153, actively running or decoding instructions: 17, waiting windows: 18151/39375. Max active instruction index: 6118
2024-11-18 21:22:44 | Simulation update: decoder round 22512, completed instructions: 6258/12153, actively running or decoding instructions: 13, waiting windows: 18798/40746. Max active instruction index: 6289
2024-11-18 21:22:54 | Simulation update: decoder round 23353, completed instructions: 6396/12153, actively running or decoding instructions: 8, waiting windows: 19430/42144. Max active instruction index: 6377
2024-11-18 21:23:04 | Simulation update: decoder round 24165, completed instructions: 6680/12153, actively running or decoding instructions: 17, waiting windows: 20109/43603. Max active instruction index: 6670
2024-11-18 21:23:14 | Simulation update: decoder round 25068, completed instructions: 6858/12153, actively running or decoding instructions: 17, waiting windows: 20799/45112. Max active instruction index: 6835
2024-11-18 21:23:24 | Simulation update: decoder round 26014, completed instructions: 7050/12153, actively running or decoding instructions: 15, waiting windows: 21511/46642. Max active instruction index: 7052
2024-11-18 21:23:34 | Simulation update: decoder round 26969, completed instructions: 7407/12153, actively running or decoding instructions: 33, waiting windows: 22355/48344. Max active instruction index: 7435
2024-11-18 21:23:44 | Simulation update: decoder round 28012, completed instructions: 7585/12153, actively running or decoding instructions: 18, waiting windows: 23029/49979. Max active instruction index: 7798
2024-11-18 21:23:54 | Simulation update: decoder round 29031, completed instructions: 7779/12153, actively running or decoding instructions: 24, waiting windows: 23867/51651. Max active instruction index: 7898
2024-11-18 21:24:04 | Simulation update: decoder round 30162, completed instructions: 8079/12153, actively running or decoding instructions: 22, waiting windows: 24729/53552. Max active instruction index: 8170
2024-11-18 21:24:15 | Simulation update: decoder round 31373, completed instructions: 8487/12153, actively running or decoding instructions: 45, waiting windows: 25648/55570. Max active instruction index: 8642
2024-11-18 21:24:25 | Simulation update: decoder round 32732, completed instructions: 8786/12153, actively running or decoding instructions: 4, waiting windows: 26501/57621. Max active instruction index: 8697
2024-11-18 21:24:35 | Simulation update: decoder round 34175, completed instructions: 9224/12153, actively running or decoding instructions: 29, waiting windows: 27521/59815. Max active instruction index: 9202
2024-11-18 21:24:45 | Simulation update: decoder round 35710, completed instructions: 9788/12153, actively running or decoding instructions: 30, waiting windows: 28578/62214. Max active instruction index: 9900
2024-11-18 21:24:55 | Simulation update: decoder round 37872, completed instructions: 10574/12153, actively running or decoding instructions: 19, waiting windows: 29729/65117. Max active instruction index: 10596
2024-11-18 21:25:05 | Simulation update: decoder round 41154, completed instructions: 11334/12153, actively running or decoding instructions: 19, waiting windows: 31298/68601. Max active instruction index: 11303
2024-11-18 21:25:11 | Finished simulation
2024-11-18 21:25:11 | Finished saving output. Done! Total elapsed time: 0:16:23.035523
