CONFIG 587
benchmark_file: slurm/data/20241118_210504/benchmarks/adder_n10.lss
decoder_latency_or_dist_filename: slurm/data/20241118_210504/decoder_dists.json
distance: 21
lightweight_setting: 2
max_parallel_processes: predict
missed_speculation_modifier: 1.4
poison_policy: successors
rng: 5
scheduling_method: parallel
speculation_accuracy: 0.9
speculation_latency: 1
speculation_mode: separate
2024-11-18 21:08:48 | Loading benchmark slurm/data/20241118_210504/benchmarks/adder_n10.lss...
2024-11-18 21:08:48 | Starting simulation
PREDICTION STEP BEGIN---------------------------------
Predicted max parallel processes: 74

PREDICTION STEP END-----------------------------------

2024-11-18 21:08:58 | Simulation update: decoder round 1, completed instructions: 0/719, actively running or decoding instructions: 4, waiting windows: 0/0. Max active instruction index: 9
2024-11-18 21:09:08 | Simulation update: decoder round 8008, completed instructions: 525/719, actively running or decoding instructions: 5, waiting windows: 2056/4257. Max active instruction index: 521
2024-11-18 21:09:10 | Finished simulation
2024-11-18 21:09:10 | Finished saving output. Done! Total elapsed time: 0:00:21.620563
