CONFIG 616
benchmark_file: slurm/data/20241118_210504/benchmarks/rz_seq_10.lss
decoder_latency_or_dist_filename: slurm/data/20241118_210504/decoder_dists.json
distance: 21
lightweight_setting: 2
max_parallel_processes: predict
missed_speculation_modifier: 1.4
poison_policy: successors
rng: 6
scheduling_method: parallel
speculation_accuracy: 0.9
speculation_latency: 1
speculation_mode: separate
2024-11-18 21:08:54 | Loading benchmark slurm/data/20241118_210504/benchmarks/rz_seq_10.lss...
2024-11-18 21:08:54 | Starting simulation
PREDICTION STEP BEGIN---------------------------------
Predicted max parallel processes: 15

PREDICTION STEP END-----------------------------------

2024-11-18 21:09:25 | Simulation update: decoder round 1, completed instructions: 0/5486, actively running or decoding instructions: 1, waiting windows: 0/0. Max active instruction index: 1
2024-11-18 21:09:35 | Simulation update: decoder round 88490, completed instructions: 1582/5486, actively running or decoding instructions: 2, waiting windows: 3600/7737. Max active instruction index: 1579
2024-11-18 21:09:45 | Simulation update: decoder round 174148, completed instructions: 3118/5486, actively running or decoding instructions: 5, waiting windows: 6991/15103. Max active instruction index: 3119
2024-11-18 21:09:55 | Simulation update: decoder round 260885, completed instructions: 4703/5486, actively running or decoding instructions: 2, waiting windows: 10496/22713. Max active instruction index: 4702
2024-11-18 21:10:00 | Finished simulation
2024-11-18 21:10:00 | Finished saving output. Done! Total elapsed time: 0:01:06.276134
