CONFIG 630
benchmark_file: slurm/data/20241118_210504/benchmarks/fermi_hubbard_2_2.lss
decoder_latency_or_dist_filename: slurm/data/20241118_210504/decoder_dists.json
distance: 21
lightweight_setting: 2
max_parallel_processes: None
missed_speculation_modifier: 1.4
poison_policy: successors
rng: 7
scheduling_method: parallel
speculation_accuracy: 0.9
speculation_latency: 1
speculation_mode: separate
2024-11-18 21:08:54 | Loading benchmark slurm/data/20241118_210504/benchmarks/fermi_hubbard_2_2.lss...
2024-11-18 21:08:55 | Starting simulation
2024-11-18 21:08:57 | Simulation update: decoder round 1, completed instructions: 0/14751, actively running or decoding instructions: 13, waiting windows: 0/0. Max active instruction index: 30
2024-11-18 21:09:07 | Simulation update: decoder round 880, completed instructions: 54/14751, actively running or decoding instructions: 2, waiting windows: 351/587. Max active instruction index: 50
2024-11-18 21:09:17 | Simulation update: decoder round 1757, completed instructions: 71/14751, actively running or decoding instructions: 5, waiting windows: 621/1143. Max active instruction index: 72
2024-11-18 21:09:27 | Simulation update: decoder round 2618, completed instructions: 83/14751, actively running or decoding instructions: 3, waiting windows: 916/1718. Max active instruction index: 79
2024-11-18 21:09:37 | Simulation update: decoder round 3495, completed instructions: 98/14751, actively running or decoding instructions: 2, waiting windows: 1209/2309. Max active instruction index: 95
2024-11-18 21:09:47 | Simulation update: decoder round 4373, completed instructions: 116/14751, actively running or decoding instructions: 4, waiting windows: 1487/2878. Max active instruction index: 112
2024-11-18 21:09:57 | Simulation update: decoder round 5256, completed instructions: 131/14751, actively running or decoding instructions: 3, waiting windows: 1782/3470. Max active instruction index: 127
2024-11-18 21:10:07 | Simulation update: decoder round 6144, completed instructions: 154/14751, actively running or decoding instructions: 3, waiting windows: 2069/4051. Max active instruction index: 150
2024-11-18 21:10:17 | Simulation update: decoder round 7035, completed instructions: 170/14751, actively running or decoding instructions: 2, waiting windows: 2357/4643. Max active instruction index: 166
2024-11-18 21:10:27 | Simulation update: decoder round 7923, completed instructions: 180/14751, actively running or decoding instructions: 3, waiting windows: 2645/5212. Max active instruction index: 177
2024-11-18 21:10:37 | Simulation update: decoder round 8812, completed instructions: 198/14751, actively running or decoding instructions: 2, waiting windows: 2932/5800. Max active instruction index: 194
2024-11-18 21:10:47 | Simulation update: decoder round 9688, completed instructions: 215/14751, actively running or decoding instructions: 4, waiting windows: 3221/6379. Max active instruction index: 211
2024-11-18 21:10:57 | Simulation update: decoder round 10582, completed instructions: 231/14751, actively running or decoding instructions: 2, waiting windows: 3516/6971. Max active instruction index: 227
2024-11-18 21:11:07 | Simulation update: decoder round 11483, completed instructions: 247/14751, actively running or decoding instructions: 3, waiting windows: 3814/7572. Max active instruction index: 244
2024-11-18 21:11:17 | Simulation update: decoder round 12394, completed instructions: 264/14751, actively running or decoding instructions: 2, waiting windows: 4097/8160. Max active instruction index: 261
2024-11-18 21:11:27 | Simulation update: decoder round 13310, completed instructions: 288/14751, actively running or decoding instructions: 4, waiting windows: 4385/8742. Max active instruction index: 284
2024-11-18 21:11:37 | Simulation update: decoder round 14234, completed instructions: 304/14751, actively running or decoding instructions: 2, waiting windows: 4685/9349. Max active instruction index: 300
2024-11-18 21:11:47 | Simulation update: decoder round 15155, completed instructions: 316/14751, actively running or decoding instructions: 2, waiting windows: 5000/9969. Max active instruction index: 315
2024-11-18 21:11:57 | Simulation update: decoder round 16077, completed instructions: 338/14751, actively running or decoding instructions: 4, waiting windows: 5300/10573. Max active instruction index: 334
2024-11-18 21:12:07 | Simulation update: decoder round 16986, completed instructions: 355/14751, actively running or decoding instructions: 4, waiting windows: 5575/11148. Max active instruction index: 352
2024-11-18 21:12:17 | Simulation update: decoder round 17915, completed instructions: 373/14751, actively running or decoding instructions: 2, waiting windows: 5882/11756. Max active instruction index: 369
2024-11-18 21:12:27 | Simulation update: decoder round 18845, completed instructions: 390/14751, actively running or decoding instructions: 3, waiting windows: 6196/12376. Max active instruction index: 386
2024-11-18 21:12:37 | Simulation update: decoder round 19779, completed instructions: 406/14751, actively running or decoding instructions: 4, waiting windows: 6489/12982. Max active instruction index: 402
2024-11-18 21:12:47 | Simulation update: decoder round 20714, completed instructions: 422/14751, actively running or decoding instructions: 2, waiting windows: 6796/13600. Max active instruction index: 418
2024-11-18 21:12:57 | Simulation update: decoder round 21650, completed instructions: 443/14751, actively running or decoding instructions: 4, waiting windows: 7091/14210. Max active instruction index: 439
2024-11-18 21:13:07 | Simulation update: decoder round 22589, completed instructions: 460/14751, actively running or decoding instructions: 4, waiting windows: 7392/14815. Max active instruction index: 456
2024-11-18 21:13:17 | Simulation update: decoder round 23528, completed instructions: 475/14751, actively running or decoding instructions: 3, waiting windows: 7708/15448. Max active instruction index: 472
2024-11-18 21:13:27 | Simulation update: decoder round 24451, completed instructions: 488/14751, actively running or decoding instructions: 2, waiting windows: 8011/16047. Max active instruction index: 484
2024-11-18 21:13:37 | Simulation update: decoder round 25392, completed instructions: 504/14751, actively running or decoding instructions: 2, waiting windows: 8321/16667. Max active instruction index: 500
2024-11-18 21:13:47 | Simulation update: decoder round 26335, completed instructions: 520/14751, actively running or decoding instructions: 2, waiting windows: 8627/17301. Max active instruction index: 516
2024-11-18 21:13:57 | Simulation update: decoder round 27288, completed instructions: 537/14751, actively running or decoding instructions: 2, waiting windows: 8935/17918. Max active instruction index: 533
2024-11-18 21:14:07 | Simulation update: decoder round 28238, completed instructions: 557/14751, actively running or decoding instructions: 2, waiting windows: 9248/18552. Max active instruction index: 553
2024-11-18 21:14:17 | Simulation update: decoder round 29189, completed instructions: 573/14751, actively running or decoding instructions: 4, waiting windows: 9546/19172. Max active instruction index: 574
2024-11-18 21:14:27 | Simulation update: decoder round 30143, completed instructions: 590/14751, actively running or decoding instructions: 4, waiting windows: 9857/19803. Max active instruction index: 590
2024-11-18 21:14:37 | Simulation update: decoder round 31099, completed instructions: 629/14751, actively running or decoding instructions: 3, waiting windows: 10199/20479. Max active instruction index: 623
2024-11-18 21:14:47 | Simulation update: decoder round 32056, completed instructions: 652/14751, actively running or decoding instructions: 3, waiting windows: 10534/21158. Max active instruction index: 646
2024-11-18 21:14:57 | Simulation update: decoder round 32999, completed instructions: 675/14751, actively running or decoding instructions: 2, waiting windows: 10858/21829. Max active instruction index: 674
2024-11-18 21:15:07 | Simulation update: decoder round 33967, completed instructions: 704/14751, actively running or decoding instructions: 4, waiting windows: 11197/22505. Max active instruction index: 699
2024-11-18 21:15:17 | Simulation update: decoder round 34937, completed instructions: 726/14751, actively running or decoding instructions: 2, waiting windows: 11521/23182. Max active instruction index: 721
2024-11-18 21:15:27 | Simulation update: decoder round 35913, completed instructions: 742/14751, actively running or decoding instructions: 2, waiting windows: 11871/23876. Max active instruction index: 736
2024-11-18 21:15:37 | Simulation update: decoder round 36889, completed instructions: 763/14751, actively running or decoding instructions: 2, waiting windows: 12194/24549. Max active instruction index: 758
2024-11-18 21:15:47 | Simulation update: decoder round 37868, completed instructions: 788/14751, actively running or decoding instructions: 2, waiting windows: 12542/25256. Max active instruction index: 788
2024-11-18 21:15:57 | Simulation update: decoder round 38847, completed instructions: 816/14751, actively running or decoding instructions: 3, waiting windows: 12891/25959. Max active instruction index: 810
2024-11-18 21:16:07 | Simulation update: decoder round 39808, completed instructions: 830/14751, actively running or decoding instructions: 2, waiting windows: 13228/26654. Max active instruction index: 824
2024-11-18 21:16:17 | Simulation update: decoder round 40796, completed instructions: 851/14751, actively running or decoding instructions: 3, waiting windows: 13566/27358. Max active instruction index: 846
2024-11-18 21:16:27 | Simulation update: decoder round 41792, completed instructions: 875/14751, actively running or decoding instructions: 4, waiting windows: 13917/28042. Max active instruction index: 870
2024-11-18 21:16:37 | Simulation update: decoder round 42791, completed instructions: 900/14751, actively running or decoding instructions: 4, waiting windows: 14247/28728. Max active instruction index: 894
2024-11-18 21:16:47 | Simulation update: decoder round 43791, completed instructions: 922/14751, actively running or decoding instructions: 3, waiting windows: 14613/29455. Max active instruction index: 916
2024-11-18 21:16:57 | Simulation update: decoder round 44797, completed instructions: 944/14751, actively running or decoding instructions: 3, waiting windows: 14950/30166. Max active instruction index: 939
2024-11-18 21:17:07 | Simulation update: decoder round 45807, completed instructions: 974/14751, actively running or decoding instructions: 3, waiting windows: 15319/30892. Max active instruction index: 969
2024-11-18 21:17:17 | Simulation update: decoder round 46820, completed instructions: 990/14751, actively running or decoding instructions: 2, waiting windows: 15657/31597. Max active instruction index: 984
2024-11-18 21:17:27 | Simulation update: decoder round 47838, completed instructions: 1012/14751, actively running or decoding instructions: 3, waiting windows: 16016/32328. Max active instruction index: 1006
2024-11-18 21:17:37 | Simulation update: decoder round 48863, completed instructions: 1035/14751, actively running or decoding instructions: 2, waiting windows: 16377/33069. Max active instruction index: 1029
2024-11-18 21:17:47 | Simulation update: decoder round 49900, completed instructions: 1064/14751, actively running or decoding instructions: 2, waiting windows: 16749/33816. Max active instruction index: 1058
2024-11-18 21:17:57 | Simulation update: decoder round 50945, completed instructions: 1084/14751, actively running or decoding instructions: 4, waiting windows: 17116/34563. Max active instruction index: 1085
2024-11-18 21:18:07 | Simulation update: decoder round 51992, completed instructions: 1100/14751, actively running or decoding instructions: 3, waiting windows: 17478/35316. Max active instruction index: 1094
2024-11-18 21:18:17 | Simulation update: decoder round 53046, completed instructions: 1123/14751, actively running or decoding instructions: 2, waiting windows: 17847/36063. Max active instruction index: 1117
2024-11-18 21:18:27 | Simulation update: decoder round 54106, completed instructions: 1154/14751, actively running or decoding instructions: 3, waiting windows: 18232/36837. Max active instruction index: 1148
2024-11-18 21:18:37 | Simulation update: decoder round 55143, completed instructions: 1183/14751, actively running or decoding instructions: 3, waiting windows: 18579/37563. Max active instruction index: 1178
2024-11-18 21:18:47 | Simulation update: decoder round 56211, completed instructions: 1213/14751, actively running or decoding instructions: 3, waiting windows: 18955/38317. Max active instruction index: 1208
2024-11-18 21:18:57 | Simulation update: decoder round 57286, completed instructions: 1243/14751, actively running or decoding instructions: 2, waiting windows: 19325/39086. Max active instruction index: 1237
2024-11-18 21:19:07 | Simulation update: decoder round 58365, completed instructions: 1272/14751, actively running or decoding instructions: 4, waiting windows: 19714/39864. Max active instruction index: 1266
2024-11-18 21:19:17 | Simulation update: decoder round 59449, completed instructions: 1295/14751, actively running or decoding instructions: 2, waiting windows: 20083/40620. Max active instruction index: 1289
2024-11-18 21:19:27 | Simulation update: decoder round 60529, completed instructions: 1318/14751, actively running or decoding instructions: 3, waiting windows: 20476/41407. Max active instruction index: 1312
2024-11-18 21:19:37 | Simulation update: decoder round 61624, completed instructions: 1341/14751, actively running or decoding instructions: 4, waiting windows: 20843/42163. Max active instruction index: 1335
2024-11-18 21:19:47 | Simulation update: decoder round 62713, completed instructions: 1410/14751, actively running or decoding instructions: 9, waiting windows: 21266/43026. Max active instruction index: 1411
2024-11-18 21:19:57 | Simulation update: decoder round 63781, completed instructions: 1472/14751, actively running or decoding instructions: 5, waiting windows: 21689/43878. Max active instruction index: 1463
2024-11-18 21:20:07 | Simulation update: decoder round 64885, completed instructions: 1520/14751, actively running or decoding instructions: 5, waiting windows: 22113/44781. Max active instruction index: 1514
2024-11-18 21:20:17 | Simulation update: decoder round 65994, completed instructions: 1582/14751, actively running or decoding instructions: 7, waiting windows: 22532/45660. Max active instruction index: 1575
2024-11-18 21:20:27 | Simulation update: decoder round 67122, completed instructions: 1651/14751, actively running or decoding instructions: 6, waiting windows: 22972/46553. Max active instruction index: 1643
2024-11-18 21:20:37 | Simulation update: decoder round 68253, completed instructions: 1709/14751, actively running or decoding instructions: 3, waiting windows: 23430/47501. Max active instruction index: 1707
2024-11-18 21:20:47 | Simulation update: decoder round 69402, completed instructions: 1767/14751, actively running or decoding instructions: 5, waiting windows: 23875/48445. Max active instruction index: 1759
2024-11-18 21:20:57 | Simulation update: decoder round 70564, completed instructions: 1833/14751, actively running or decoding instructions: 3, waiting windows: 24351/49416. Max active instruction index: 1826
2024-11-18 21:21:07 | Simulation update: decoder round 71704, completed instructions: 1899/14751, actively running or decoding instructions: 4, waiting windows: 24798/50353. Max active instruction index: 1892
2024-11-18 21:21:17 | Simulation update: decoder round 72897, completed instructions: 1967/14751, actively running or decoding instructions: 6, waiting windows: 25271/51341. Max active instruction index: 1960
2024-11-18 21:21:27 | Simulation update: decoder round 74105, completed instructions: 2035/14751, actively running or decoding instructions: 6, waiting windows: 25756/52330. Max active instruction index: 2038
2024-11-18 21:21:37 | Simulation update: decoder round 75329, completed instructions: 2102/14751, actively running or decoding instructions: 6, waiting windows: 26240/53347. Max active instruction index: 2106
2024-11-18 21:21:47 | Simulation update: decoder round 76577, completed instructions: 2170/14751, actively running or decoding instructions: 8, waiting windows: 26705/54316. Max active instruction index: 2191
2024-11-18 21:21:57 | Simulation update: decoder round 77831, completed instructions: 2240/14751, actively running or decoding instructions: 6, waiting windows: 27208/55328. Max active instruction index: 2243
2024-11-18 21:22:07 | Simulation update: decoder round 79097, completed instructions: 2305/14751, actively running or decoding instructions: 4, waiting windows: 27690/56361. Max active instruction index: 2309
2024-11-18 21:22:18 | Simulation update: decoder round 80338, completed instructions: 2371/14751, actively running or decoding instructions: 4, waiting windows: 28180/57368. Max active instruction index: 2384
2024-11-18 21:22:28 | Simulation update: decoder round 81632, completed instructions: 2438/14751, actively running or decoding instructions: 3, waiting windows: 28698/58429. Max active instruction index: 2450
2024-11-18 21:22:38 | Simulation update: decoder round 82948, completed instructions: 2504/14751, actively running or decoding instructions: 5, waiting windows: 29211/59496. Max active instruction index: 2516
2024-11-18 21:22:48 | Simulation update: decoder round 84284, completed instructions: 2589/14751, actively running or decoding instructions: 5, waiting windows: 29734/60591. Max active instruction index: 2602
2024-11-18 21:22:58 | Simulation update: decoder round 85639, completed instructions: 2659/14751, actively running or decoding instructions: 4, waiting windows: 30275/61700. Max active instruction index: 2672
2024-11-18 21:23:08 | Simulation update: decoder round 87016, completed instructions: 2732/14751, actively running or decoding instructions: 7, waiting windows: 30788/62796. Max active instruction index: 2758
2024-11-18 21:23:18 | Simulation update: decoder round 88370, completed instructions: 2805/14751, actively running or decoding instructions: 4, waiting windows: 31347/63903. Max active instruction index: 2808
2024-11-18 21:23:28 | Simulation update: decoder round 89786, completed instructions: 2887/14751, actively running or decoding instructions: 6, waiting windows: 31890/65053. Max active instruction index: 2881
2024-11-18 21:23:38 | Simulation update: decoder round 91228, completed instructions: 2956/14751, actively running or decoding instructions: 5, waiting windows: 32470/66223. Max active instruction index: 2958
2024-11-18 21:23:48 | Simulation update: decoder round 92695, completed instructions: 3026/14751, actively running or decoding instructions: 4, waiting windows: 33025/67385. Max active instruction index: 3025
2024-11-18 21:23:58 | Simulation update: decoder round 94114, completed instructions: 3073/14751, actively running or decoding instructions: 8, waiting windows: 33550/68453. Max active instruction index: 3065
2024-11-18 21:24:08 | Simulation update: decoder round 95403, completed instructions: 3103/14751, actively running or decoding instructions: 4, waiting windows: 34017/69434. Max active instruction index: 3103
2024-11-18 21:24:18 | Simulation update: decoder round 96704, completed instructions: 3138/14751, actively running or decoding instructions: 2, waiting windows: 34512/70425. Max active instruction index: 3131
2024-11-18 21:24:28 | Simulation update: decoder round 97973, completed instructions: 3167/14751, actively running or decoding instructions: 2, waiting windows: 34980/71373. Max active instruction index: 3160
2024-11-18 21:24:38 | Simulation update: decoder round 99297, completed instructions: 3215/14751, actively running or decoding instructions: 4, waiting windows: 35482/72390. Max active instruction index: 3207
2024-11-18 21:24:48 | Simulation update: decoder round 100629, completed instructions: 3254/14751, actively running or decoding instructions: 4, waiting windows: 35968/73394. Max active instruction index: 3246
2024-11-18 21:24:58 | Simulation update: decoder round 101968, completed instructions: 3290/14751, actively running or decoding instructions: 2, waiting windows: 36474/74415. Max active instruction index: 3283
2024-11-18 21:25:08 | Simulation update: decoder round 103320, completed instructions: 3318/14751, actively running or decoding instructions: 2, waiting windows: 36963/75425. Max active instruction index: 3311
2024-11-18 21:25:18 | Simulation update: decoder round 104681, completed instructions: 3367/14751, actively running or decoding instructions: 4, waiting windows: 37475/76442. Max active instruction index: 3360
2024-11-18 21:25:28 | Simulation update: decoder round 106044, completed instructions: 3407/14751, actively running or decoding instructions: 3, waiting windows: 37988/77482. Max active instruction index: 3399
2024-11-18 21:25:38 | Simulation update: decoder round 107369, completed instructions: 3437/14751, actively running or decoding instructions: 4, waiting windows: 38483/78496. Max active instruction index: 3437
2024-11-18 21:25:48 | Simulation update: decoder round 108767, completed instructions: 3484/14751, actively running or decoding instructions: 2, waiting windows: 39004/79575. Max active instruction index: 3476
2024-11-18 21:25:58 | Simulation update: decoder round 110182, completed instructions: 3532/14751, actively running or decoding instructions: 3, waiting windows: 39535/80646. Max active instruction index: 3524
2024-11-18 21:26:08 | Simulation update: decoder round 111608, completed instructions: 3579/14751, actively running or decoding instructions: 4, waiting windows: 40064/81733. Max active instruction index: 3571
2024-11-18 21:26:18 | Simulation update: decoder round 113039, completed instructions: 3618/14751, actively running or decoding instructions: 3, waiting windows: 40611/82842. Max active instruction index: 3618
2024-11-18 21:26:28 | Simulation update: decoder round 114483, completed instructions: 3664/14751, actively running or decoding instructions: 3, waiting windows: 41156/83953. Max active instruction index: 3656
2024-11-18 21:26:38 | Simulation update: decoder round 115945, completed instructions: 3711/14751, actively running or decoding instructions: 4, waiting windows: 41715/85072. Max active instruction index: 3712
2024-11-18 21:26:48 | Simulation update: decoder round 117421, completed instructions: 3750/14751, actively running or decoding instructions: 2, waiting windows: 42244/86191. Max active instruction index: 3742
2024-11-18 21:26:58 | Simulation update: decoder round 118917, completed instructions: 3805/14751, actively running or decoding instructions: 2, waiting windows: 42817/87351. Max active instruction index: 3797
2024-11-18 21:27:08 | Simulation update: decoder round 120365, completed instructions: 3853/14751, actively running or decoding instructions: 3, waiting windows: 43372/88479. Max active instruction index: 3845
2024-11-18 21:27:18 | Simulation update: decoder round 121892, completed instructions: 3891/14751, actively running or decoding instructions: 3, waiting windows: 43929/89640. Max active instruction index: 3884
2024-11-18 21:27:28 | Simulation update: decoder round 123425, completed instructions: 3940/14751, actively running or decoding instructions: 3, waiting windows: 44522/90828. Max active instruction index: 3932
2024-11-18 21:27:38 | Simulation update: decoder round 124980, completed instructions: 3987/14751, actively running or decoding instructions: 2, waiting windows: 45103/92025. Max active instruction index: 3979
2024-11-18 21:27:48 | Simulation update: decoder round 126538, completed instructions: 4046/14751, actively running or decoding instructions: 6, waiting windows: 45708/93263. Max active instruction index: 4039
2024-11-18 21:27:58 | Simulation update: decoder round 128115, completed instructions: 4093/14751, actively running or decoding instructions: 2, waiting windows: 46336/94545. Max active instruction index: 4093
2024-11-18 21:28:08 | Simulation update: decoder round 129720, completed instructions: 4142/14751, actively running or decoding instructions: 4, waiting windows: 46989/95857. Max active instruction index: 4134
2024-11-18 21:28:18 | Simulation update: decoder round 131330, completed instructions: 4181/14751, actively running or decoding instructions: 3, waiting windows: 47639/97174. Max active instruction index: 4181
2024-11-18 21:28:28 | Simulation update: decoder round 132887, completed instructions: 4237/14751, actively running or decoding instructions: 3, waiting windows: 48270/98449. Max active instruction index: 4229
2024-11-18 21:28:38 | Simulation update: decoder round 134539, completed instructions: 4284/14751, actively running or decoding instructions: 2, waiting windows: 48935/99805. Max active instruction index: 4276
2024-11-18 21:28:48 | Simulation update: decoder round 136199, completed instructions: 4332/14751, actively running or decoding instructions: 2, waiting windows: 49608/101176. Max active instruction index: 4324
2024-11-18 21:28:58 | Simulation update: decoder round 137891, completed instructions: 4381/14751, actively running or decoding instructions: 3, waiting windows: 50285/102563. Max active instruction index: 4373
2024-11-18 21:29:08 | Simulation update: decoder round 139619, completed instructions: 4438/14751, actively running or decoding instructions: 4, waiting windows: 50960/103943. Max active instruction index: 4431
2024-11-18 21:29:18 | Simulation update: decoder round 141349, completed instructions: 4496/14751, actively running or decoding instructions: 4, waiting windows: 51645/105355. Max active instruction index: 4497
2024-11-18 21:29:28 | Simulation update: decoder round 143022, completed instructions: 4543/14751, actively running or decoding instructions: 3, waiting windows: 52323/106738. Max active instruction index: 4535
2024-11-18 21:29:38 | Simulation update: decoder round 144795, completed instructions: 4600/14751, actively running or decoding instructions: 3, waiting windows: 53032/108198. Max active instruction index: 4592
2024-11-18 21:29:48 | Simulation update: decoder round 146593, completed instructions: 4655/14751, actively running or decoding instructions: 4, waiting windows: 53773/109689. Max active instruction index: 4657
2024-11-18 21:29:58 | Simulation update: decoder round 148413, completed instructions: 4713/14751, actively running or decoding instructions: 3, waiting windows: 54509/111183. Max active instruction index: 4706
2024-11-18 21:30:08 | Simulation update: decoder round 150277, completed instructions: 4759/14751, actively running or decoding instructions: 2, waiting windows: 55245/112696. Max active instruction index: 4752
2024-11-18 21:30:18 | Simulation update: decoder round 152077, completed instructions: 4818/14751, actively running or decoding instructions: 3, waiting windows: 55965/114153. Max active instruction index: 4810
2024-11-18 21:30:28 | Simulation update: decoder round 153998, completed instructions: 4865/14751, actively running or decoding instructions: 4, waiting windows: 56710/115671. Max active instruction index: 4858
2024-11-18 21:30:38 | Simulation update: decoder round 155937, completed instructions: 4923/14751, actively running or decoding instructions: 3, waiting windows: 57473/117225. Max active instruction index: 4915
2024-11-18 21:30:48 | Simulation update: decoder round 157912, completed instructions: 4979/14751, actively running or decoding instructions: 2, waiting windows: 58250/118813. Max active instruction index: 4972
2024-11-18 21:30:58 | Simulation update: decoder round 159890, completed instructions: 5052/14751, actively running or decoding instructions: 2, waiting windows: 59098/120519. Max active instruction index: 5037
2024-11-18 21:31:08 | Simulation update: decoder round 161914, completed instructions: 5119/14751, actively running or decoding instructions: 2, waiting windows: 59949/122261. Max active instruction index: 5104
2024-11-18 21:31:18 | Simulation update: decoder round 163972, completed instructions: 5185/14751, actively running or decoding instructions: 4, waiting windows: 60836/124050. Max active instruction index: 5170
2024-11-18 21:31:28 | Simulation update: decoder round 165954, completed instructions: 5234/14751, actively running or decoding instructions: 2, waiting windows: 61675/125750. Max active instruction index: 5226
2024-11-18 21:31:38 | Simulation update: decoder round 168089, completed instructions: 5300/14751, actively running or decoding instructions: 4, waiting windows: 62567/127573. Max active instruction index: 5285
2024-11-18 21:31:48 | Simulation update: decoder round 170256, completed instructions: 5368/14751, actively running or decoding instructions: 3, waiting windows: 63480/129438. Max active instruction index: 5353
2024-11-18 21:31:58 | Simulation update: decoder round 172478, completed instructions: 5425/14751, actively running or decoding instructions: 2, waiting windows: 64410/131319. Max active instruction index: 5411
2024-11-18 21:32:08 | Simulation update: decoder round 174626, completed instructions: 5492/14751, actively running or decoding instructions: 3, waiting windows: 65295/133146. Max active instruction index: 5487
2024-11-18 21:32:18 | Simulation update: decoder round 176933, completed instructions: 5580/14751, actively running or decoding instructions: 3, waiting windows: 66297/135156. Max active instruction index: 5565
2024-11-18 21:32:28 | Simulation update: decoder round 179308, completed instructions: 5647/14751, actively running or decoding instructions: 4, waiting windows: 67295/137209. Max active instruction index: 5632
2024-11-18 21:32:38 | Simulation update: decoder round 181736, completed instructions: 5714/14751, actively running or decoding instructions: 2, waiting windows: 68320/139288. Max active instruction index: 5700
2024-11-18 21:32:48 | Simulation update: decoder round 184199, completed instructions: 5794/14751, actively running or decoding instructions: 3, waiting windows: 69353/141396. Max active instruction index: 5787
2024-11-18 21:32:58 | Simulation update: decoder round 186593, completed instructions: 5879/14751, actively running or decoding instructions: 3, waiting windows: 70372/143467. Max active instruction index: 5864
2024-11-18 21:33:08 | Simulation update: decoder round 189184, completed instructions: 6000/14751, actively running or decoding instructions: 22, waiting windows: 71487/145732. Max active instruction index: 6000
2024-11-18 21:33:18 | Simulation update: decoder round 192048, completed instructions: 6427/14751, actively running or decoding instructions: 11, waiting windows: 72773/148565. Max active instruction index: 6422
2024-11-18 21:33:28 | Simulation update: decoder round 195470, completed instructions: 6860/14751, actively running or decoding instructions: 11, waiting windows: 74315/151889. Max active instruction index: 6850
2024-11-18 21:33:38 | Simulation update: decoder round 199049, completed instructions: 7409/14751, actively running or decoding instructions: 6, waiting windows: 75992/155477. Max active instruction index: 7451
2024-11-18 21:33:48 | Simulation update: decoder round 202647, completed instructions: 8048/14751, actively running or decoding instructions: 14, waiting windows: 77691/159189. Max active instruction index: 8092
2024-11-18 21:33:58 | Simulation update: decoder round 206545, completed instructions: 8696/14751, actively running or decoding instructions: 21, waiting windows: 79502/163085. Max active instruction index: 8848
2024-11-18 21:34:08 | Simulation update: decoder round 213379, completed instructions: 9555/14751, actively running or decoding instructions: 14, waiting windows: 81983/168540. Max active instruction index: 9618
2024-11-18 21:34:18 | Simulation update: decoder round 244055, completed instructions: 11570/14751, actively running or decoding instructions: 6, waiting windows: 85305/176304. Max active instruction index: 11561
2024-11-18 21:34:28 | Simulation update: decoder round 291130, completed instructions: 13484/14751, actively running or decoding instructions: 2, waiting windows: 88152/182993. Max active instruction index: 13460
2024-11-18 21:34:34 | Finished simulation
2024-11-18 21:34:35 | Finished saving output. Done! Total elapsed time: 0:25:40.550778
