CONFIG 649
benchmark_file: slurm/data/20241118_210504/benchmarks/msd_15to1.lss
decoder_latency_or_dist_filename: slurm/data/20241118_210504/decoder_dists.json
distance: 21
lightweight_setting: 2
max_parallel_processes: predict
missed_speculation_modifier: 1.4
poison_policy: successors
rng: 7
scheduling_method: parallel
speculation_accuracy: 0.9
speculation_latency: 1
speculation_mode: separate
2024-11-18 21:08:54 | Loading benchmark slurm/data/20241118_210504/benchmarks/msd_15to1.lss...
2024-11-18 21:08:54 | Starting simulation
PREDICTION STEP BEGIN---------------------------------
Predicted max parallel processes: 95

PREDICTION STEP END-----------------------------------

2024-11-18 21:08:55 | Simulation update: decoder round 1, completed instructions: 0/130, actively running or decoding instructions: 2, waiting windows: 0/0. Max active instruction index: 50
2024-11-18 21:08:55 | Finished simulation
2024-11-18 21:08:55 | Finished saving output. Done! Total elapsed time: 0:00:01.311937
