CONFIG 664
benchmark_file: slurm/data/20241118_210504/benchmarks/fermi_hubbard_2_2.lss
decoder_latency_or_dist_filename: slurm/data/20241118_210504/decoder_dists.json
distance: 21
lightweight_setting: 2
max_parallel_processes: None
missed_speculation_modifier: 1.4
poison_policy: successors
rng: 8
scheduling_method: parallel
speculation_accuracy: 0.9
speculation_latency: 1
speculation_mode: separate
2024-11-18 21:08:55 | Loading benchmark slurm/data/20241118_210504/benchmarks/fermi_hubbard_2_2.lss...
2024-11-18 21:08:56 | Starting simulation
2024-11-18 21:08:57 | Simulation update: decoder round 1, completed instructions: 0/14751, actively running or decoding instructions: 13, waiting windows: 0/0. Max active instruction index: 30
2024-11-18 21:09:07 | Simulation update: decoder round 878, completed instructions: 54/14751, actively running or decoding instructions: 2, waiting windows: 358/587. Max active instruction index: 50
2024-11-18 21:09:17 | Simulation update: decoder round 1758, completed instructions: 72/14751, actively running or decoding instructions: 3, waiting windows: 647/1177. Max active instruction index: 68
2024-11-18 21:09:27 | Simulation update: decoder round 2619, completed instructions: 88/14751, actively running or decoding instructions: 2, waiting windows: 932/1755. Max active instruction index: 84
2024-11-18 21:09:37 | Simulation update: decoder round 3493, completed instructions: 105/14751, actively running or decoding instructions: 4, waiting windows: 1214/2331. Max active instruction index: 101
2024-11-18 21:09:47 | Simulation update: decoder round 4362, completed instructions: 121/14751, actively running or decoding instructions: 3, waiting windows: 1505/2909. Max active instruction index: 117
2024-11-18 21:09:57 | Simulation update: decoder round 5232, completed instructions: 137/14751, actively running or decoding instructions: 4, waiting windows: 1790/3489. Max active instruction index: 133
2024-11-18 21:10:07 | Simulation update: decoder round 6107, completed instructions: 154/14751, actively running or decoding instructions: 3, waiting windows: 2068/4067. Max active instruction index: 150
2024-11-18 21:10:17 | Simulation update: decoder round 6990, completed instructions: 170/14751, actively running or decoding instructions: 2, waiting windows: 2371/4657. Max active instruction index: 166
2024-11-18 21:10:27 | Simulation update: decoder round 7880, completed instructions: 187/14751, actively running or decoding instructions: 3, waiting windows: 2655/5250. Max active instruction index: 183
2024-11-18 21:10:37 | Simulation update: decoder round 8752, completed instructions: 203/14751, actively running or decoding instructions: 2, waiting windows: 2947/5828. Max active instruction index: 199
2024-11-18 21:10:47 | Simulation update: decoder round 9639, completed instructions: 225/14751, actively running or decoding instructions: 4, waiting windows: 3241/6423. Max active instruction index: 226
2024-11-18 21:10:57 | Simulation update: decoder round 10535, completed instructions: 237/14751, actively running or decoding instructions: 2, waiting windows: 3540/7024. Max active instruction index: 236
2024-11-18 21:11:07 | Simulation update: decoder round 11436, completed instructions: 254/14751, actively running or decoding instructions: 4, waiting windows: 3821/7599. Max active instruction index: 250
2024-11-18 21:11:17 | Simulation update: decoder round 12340, completed instructions: 267/14751, actively running or decoding instructions: 3, waiting windows: 4121/8203. Max active instruction index: 267
2024-11-18 21:11:27 | Simulation update: decoder round 13249, completed instructions: 288/14751, actively running or decoding instructions: 3, waiting windows: 4415/8797. Max active instruction index: 284
2024-11-18 21:11:37 | Simulation update: decoder round 14159, completed instructions: 304/14751, actively running or decoding instructions: 2, waiting windows: 4723/9415. Max active instruction index: 300
2024-11-18 21:11:47 | Simulation update: decoder round 15075, completed instructions: 326/14751, actively running or decoding instructions: 4, waiting windows: 5008/10002. Max active instruction index: 327
2024-11-18 21:11:57 | Simulation update: decoder round 15974, completed instructions: 337/14751, actively running or decoding instructions: 3, waiting windows: 5299/10596. Max active instruction index: 339
2024-11-18 21:12:07 | Simulation update: decoder round 16889, completed instructions: 356/14751, actively running or decoding instructions: 2, waiting windows: 5611/11212. Max active instruction index: 352
2024-11-18 21:12:17 | Simulation update: decoder round 17813, completed instructions: 373/14751, actively running or decoding instructions: 3, waiting windows: 5921/11832. Max active instruction index: 369
2024-11-18 21:12:27 | Simulation update: decoder round 18739, completed instructions: 395/14751, actively running or decoding instructions: 3, waiting windows: 6225/12452. Max active instruction index: 391
2024-11-18 21:12:37 | Simulation update: decoder round 19664, completed instructions: 410/14751, actively running or decoding instructions: 2, waiting windows: 6521/13061. Max active instruction index: 407
2024-11-18 21:12:47 | Simulation update: decoder round 20591, completed instructions: 432/14751, actively running or decoding instructions: 2, waiting windows: 6826/13672. Max active instruction index: 428
2024-11-18 21:12:57 | Simulation update: decoder round 21519, completed instructions: 450/14751, actively running or decoding instructions: 3, waiting windows: 7133/14292. Max active instruction index: 450
2024-11-18 21:13:07 | Simulation update: decoder round 22456, completed instructions: 464/14751, actively running or decoding instructions: 3, waiting windows: 7440/14909. Max active instruction index: 461
2024-11-18 21:13:17 | Simulation update: decoder round 23374, completed instructions: 481/14751, actively running or decoding instructions: 3, waiting windows: 7741/15510. Max active instruction index: 478
2024-11-18 21:13:27 | Simulation update: decoder round 24308, completed instructions: 498/14751, actively running or decoding instructions: 3, waiting windows: 8046/16127. Max active instruction index: 494
2024-11-18 21:13:37 | Simulation update: decoder round 25244, completed instructions: 515/14751, actively running or decoding instructions: 2, waiting windows: 8369/16761. Max active instruction index: 511
2024-11-18 21:13:47 | Simulation update: decoder round 26183, completed instructions: 532/14751, actively running or decoding instructions: 3, waiting windows: 8659/17369. Max active instruction index: 528
2024-11-18 21:13:57 | Simulation update: decoder round 27124, completed instructions: 547/14751, actively running or decoding instructions: 3, waiting windows: 8970/18003. Max active instruction index: 543
2024-11-18 21:14:07 | Simulation update: decoder round 28067, completed instructions: 562/14751, actively running or decoding instructions: 3, waiting windows: 9291/18637. Max active instruction index: 558
2024-11-18 21:14:17 | Simulation update: decoder round 29017, completed instructions: 579/14751, actively running or decoding instructions: 4, waiting windows: 9596/19262. Max active instruction index: 575
2024-11-18 21:14:27 | Simulation update: decoder round 29943, completed instructions: 613/14751, actively running or decoding instructions: 7, waiting windows: 9909/19892. Max active instruction index: 607
2024-11-18 21:14:37 | Simulation update: decoder round 30893, completed instructions: 643/14751, actively running or decoding instructions: 4, waiting windows: 10237/20572. Max active instruction index: 638
2024-11-18 21:14:47 | Simulation update: decoder round 31848, completed instructions: 660/14751, actively running or decoding instructions: 3, waiting windows: 10572/21240. Max active instruction index: 660
2024-11-18 21:14:57 | Simulation update: decoder round 32804, completed instructions: 690/14751, actively running or decoding instructions: 4, waiting windows: 10911/21927. Max active instruction index: 684
2024-11-18 21:15:07 | Simulation update: decoder round 33765, completed instructions: 713/14751, actively running or decoding instructions: 4, waiting windows: 11223/22585. Max active instruction index: 707
2024-11-18 21:15:17 | Simulation update: decoder round 34728, completed instructions: 735/14751, actively running or decoding instructions: 3, waiting windows: 11582/23285. Max active instruction index: 729
2024-11-18 21:15:27 | Simulation update: decoder round 35693, completed instructions: 757/14751, actively running or decoding instructions: 3, waiting windows: 11910/23983. Max active instruction index: 751
2024-11-18 21:15:37 | Simulation update: decoder round 36665, completed instructions: 780/14751, actively running or decoding instructions: 3, waiting windows: 12265/24683. Max active instruction index: 774
2024-11-18 21:15:47 | Simulation update: decoder round 37615, completed instructions: 808/14751, actively running or decoding instructions: 5, waiting windows: 12594/25374. Max active instruction index: 809
2024-11-18 21:15:57 | Simulation update: decoder round 38591, completed instructions: 824/14751, actively running or decoding instructions: 2, waiting windows: 12942/26071. Max active instruction index: 824
2024-11-18 21:16:07 | Simulation update: decoder round 39570, completed instructions: 852/14751, actively running or decoding instructions: 3, waiting windows: 13299/26788. Max active instruction index: 846
2024-11-18 21:16:17 | Simulation update: decoder round 40556, completed instructions: 867/14751, actively running or decoding instructions: 2, waiting windows: 13628/27484. Max active instruction index: 867
2024-11-18 21:16:27 | Simulation update: decoder round 41545, completed instructions: 899/14751, actively running or decoding instructions: 4, waiting windows: 13984/28186. Max active instruction index: 900
2024-11-18 21:16:37 | Simulation update: decoder round 42539, completed instructions: 922/14751, actively running or decoding instructions: 4, waiting windows: 14327/28886. Max active instruction index: 916
2024-11-18 21:16:47 | Simulation update: decoder round 43537, completed instructions: 939/14751, actively running or decoding instructions: 4, waiting windows: 14665/29574. Max active instruction index: 939
2024-11-18 21:16:57 | Simulation update: decoder round 44508, completed instructions: 968/14751, actively running or decoding instructions: 3, waiting windows: 15002/30261. Max active instruction index: 962
2024-11-18 21:17:07 | Simulation update: decoder round 45510, completed instructions: 990/14751, actively running or decoding instructions: 2, waiting windows: 15349/30975. Max active instruction index: 984
2024-11-18 21:17:17 | Simulation update: decoder round 46517, completed instructions: 1012/14751, actively running or decoding instructions: 3, waiting windows: 15697/31691. Max active instruction index: 1006
2024-11-18 21:17:28 | Simulation update: decoder round 47527, completed instructions: 1036/14751, actively running or decoding instructions: 2, waiting windows: 16060/32423. Max active instruction index: 1036
2024-11-18 21:17:38 | Simulation update: decoder round 48544, completed instructions: 1057/14751, actively running or decoding instructions: 2, waiting windows: 16415/33151. Max active instruction index: 1051
2024-11-18 21:17:48 | Simulation update: decoder round 49559, completed instructions: 1085/14751, actively running or decoding instructions: 2, waiting windows: 16775/33885. Max active instruction index: 1079
2024-11-18 21:17:58 | Simulation update: decoder round 50582, completed instructions: 1100/14751, actively running or decoding instructions: 4, waiting windows: 17135/34605. Max active instruction index: 1094
2024-11-18 21:18:08 | Simulation update: decoder round 51581, completed instructions: 1130/14751, actively running or decoding instructions: 2, waiting windows: 17488/35323. Max active instruction index: 1124
2024-11-18 21:18:18 | Simulation update: decoder round 52620, completed instructions: 1153/14751, actively running or decoding instructions: 5, waiting windows: 17828/36035. Max active instruction index: 1154
2024-11-18 21:18:28 | Simulation update: decoder round 53658, completed instructions: 1176/14751, actively running or decoding instructions: 3, waiting windows: 18196/36772. Max active instruction index: 1170
2024-11-18 21:18:38 | Simulation update: decoder round 54702, completed instructions: 1206/14751, actively running or decoding instructions: 4, waiting windows: 18564/37507. Max active instruction index: 1207
2024-11-18 21:18:48 | Simulation update: decoder round 55749, completed instructions: 1228/14751, actively running or decoding instructions: 4, waiting windows: 18932/38255. Max active instruction index: 1229
2024-11-18 21:18:58 | Simulation update: decoder round 56796, completed instructions: 1250/14751, actively running or decoding instructions: 3, waiting windows: 19305/39012. Max active instruction index: 1244
2024-11-18 21:19:08 | Simulation update: decoder round 57848, completed instructions: 1271/14751, actively running or decoding instructions: 3, waiting windows: 19661/39753. Max active instruction index: 1273
2024-11-18 21:19:18 | Simulation update: decoder round 58906, completed instructions: 1301/14751, actively running or decoding instructions: 2, waiting windows: 20035/40504. Max active instruction index: 1296
2024-11-18 21:19:28 | Simulation update: decoder round 59934, completed instructions: 1325/14751, actively running or decoding instructions: 2, waiting windows: 20385/41226. Max active instruction index: 1319
2024-11-18 21:19:38 | Simulation update: decoder round 60991, completed instructions: 1374/14751, actively running or decoding instructions: 5, waiting windows: 20784/42010. Max active instruction index: 1379
2024-11-18 21:19:48 | Simulation update: decoder round 62049, completed instructions: 1430/14751, actively running or decoding instructions: 4, waiting windows: 21178/42845. Max active instruction index: 1429
2024-11-18 21:19:58 | Simulation update: decoder round 63123, completed instructions: 1498/14751, actively running or decoding instructions: 4, waiting windows: 21607/43729. Max active instruction index: 1490
2024-11-18 21:20:08 | Simulation update: decoder round 64206, completed instructions: 1556/14751, actively running or decoding instructions: 6, waiting windows: 22032/44615. Max active instruction index: 1557
2024-11-18 21:20:18 | Simulation update: decoder round 65298, completed instructions: 1625/14751, actively running or decoding instructions: 5, waiting windows: 22456/45496. Max active instruction index: 1619
2024-11-18 21:20:28 | Simulation update: decoder round 66402, completed instructions: 1676/14751, actively running or decoding instructions: 4, waiting windows: 22896/46409. Max active instruction index: 1675
2024-11-18 21:20:38 | Simulation update: decoder round 67517, completed instructions: 1725/14751, actively running or decoding instructions: 4, waiting windows: 23329/47312. Max active instruction index: 1725
2024-11-18 21:20:48 | Simulation update: decoder round 68614, completed instructions: 1793/14751, actively running or decoding instructions: 6, waiting windows: 23775/48226. Max active instruction index: 1801
2024-11-18 21:20:58 | Simulation update: decoder round 69754, completed instructions: 1849/14751, actively running or decoding instructions: 4, waiting windows: 24220/49158. Max active instruction index: 1844
2024-11-18 21:21:08 | Simulation update: decoder round 70905, completed instructions: 1914/14751, actively running or decoding instructions: 3, waiting windows: 24688/50117. Max active instruction index: 1908
2024-11-18 21:21:18 | Simulation update: decoder round 72075, completed instructions: 1975/14751, actively running or decoding instructions: 6, waiting windows: 25156/51082. Max active instruction index: 1994
2024-11-18 21:21:28 | Simulation update: decoder round 73257, completed instructions: 2035/14751, actively running or decoding instructions: 5, waiting windows: 25616/52044. Max active instruction index: 2038
2024-11-18 21:21:38 | Simulation update: decoder round 74451, completed instructions: 2101/14751, actively running or decoding instructions: 5, waiting windows: 26103/53028. Max active instruction index: 2121
2024-11-18 21:21:48 | Simulation update: decoder round 75661, completed instructions: 2158/14751, actively running or decoding instructions: 7, waiting windows: 26544/53986. Max active instruction index: 2176
2024-11-18 21:21:58 | Simulation update: decoder round 76847, completed instructions: 2222/14751, actively running or decoding instructions: 4, waiting windows: 27013/54940. Max active instruction index: 2226
2024-11-18 21:22:08 | Simulation update: decoder round 78079, completed instructions: 2289/14751, actively running or decoding instructions: 5, waiting windows: 27497/55935. Max active instruction index: 2308
2024-11-18 21:22:18 | Simulation update: decoder round 79330, completed instructions: 2363/14751, actively running or decoding instructions: 4, waiting windows: 27984/56948. Max active instruction index: 2384
2024-11-18 21:22:28 | Simulation update: decoder round 80600, completed instructions: 2429/14751, actively running or decoding instructions: 3, waiting windows: 28505/58011. Max active instruction index: 2450
2024-11-18 21:22:38 | Simulation update: decoder round 81885, completed instructions: 2501/14751, actively running or decoding instructions: 6, waiting windows: 29013/59070. Max active instruction index: 2549
2024-11-18 21:22:48 | Simulation update: decoder round 83186, completed instructions: 2561/14751, actively running or decoding instructions: 4, waiting windows: 29533/60147. Max active instruction index: 2602
2024-11-18 21:22:58 | Simulation update: decoder round 84509, completed instructions: 2640/14751, actively running or decoding instructions: 7, waiting windows: 30041/61214. Max active instruction index: 2672
2024-11-18 21:23:08 | Simulation update: decoder round 85805, completed instructions: 2702/14751, actively running or decoding instructions: 4, waiting windows: 30552/62269. Max active instruction index: 2724
2024-11-18 21:23:18 | Simulation update: decoder round 87161, completed instructions: 2777/14751, actively running or decoding instructions: 4, waiting windows: 31099/63397. Max active instruction index: 2808
2024-11-18 21:23:28 | Simulation update: decoder round 88542, completed instructions: 2850/14751, actively running or decoding instructions: 3, waiting windows: 31652/64547. Max active instruction index: 2864
2024-11-18 21:23:38 | Simulation update: decoder round 89951, completed instructions: 2930/14751, actively running or decoding instructions: 7, waiting windows: 32187/65658. Max active instruction index: 2942
2024-11-18 21:23:48 | Simulation update: decoder round 91374, completed instructions: 3003/14751, actively running or decoding instructions: 5, waiting windows: 32745/66816. Max active instruction index: 3018
2024-11-18 21:23:58 | Simulation update: decoder round 92786, completed instructions: 3063/14751, actively running or decoding instructions: 7, waiting windows: 33268/67884. Max active instruction index: 3064
2024-11-18 21:24:08 | Simulation update: decoder round 94050, completed instructions: 3110/14751, actively running or decoding instructions: 4, waiting windows: 33752/68860. Max active instruction index: 3111
2024-11-18 21:24:18 | Simulation update: decoder round 95285, completed instructions: 3149/14751, actively running or decoding instructions: 4, waiting windows: 34217/69797. Max active instruction index: 3141
2024-11-18 21:24:28 | Simulation update: decoder round 96566, completed instructions: 3187/14751, actively running or decoding instructions: 2, waiting windows: 34702/70793. Max active instruction index: 3179
2024-11-18 21:24:38 | Simulation update: decoder round 97856, completed instructions: 3234/14751, actively running or decoding instructions: 5, waiting windows: 35168/71772. Max active instruction index: 3235
2024-11-18 21:24:48 | Simulation update: decoder round 99158, completed instructions: 3272/14751, actively running or decoding instructions: 2, waiting windows: 35673/72781. Max active instruction index: 3264
2024-11-18 21:24:58 | Simulation update: decoder round 100464, completed instructions: 3301/14751, actively running or decoding instructions: 3, waiting windows: 36162/73789. Max active instruction index: 3293
2024-11-18 21:25:08 | Simulation update: decoder round 101792, completed instructions: 3349/14751, actively running or decoding instructions: 4, waiting windows: 36657/74797. Max active instruction index: 3341
2024-11-18 21:25:18 | Simulation update: decoder round 103127, completed instructions: 3387/14751, actively running or decoding instructions: 4, waiting windows: 37151/75803. Max active instruction index: 3388
2024-11-18 21:25:28 | Simulation update: decoder round 104483, completed instructions: 3434/14751, actively running or decoding instructions: 3, waiting windows: 37664/76849. Max active instruction index: 3436
2024-11-18 21:25:38 | Simulation update: decoder round 105806, completed instructions: 3493/14751, actively running or decoding instructions: 5, waiting windows: 38169/77864. Max active instruction index: 3495
2024-11-18 21:25:48 | Simulation update: decoder round 107188, completed instructions: 3532/14751, actively running or decoding instructions: 3, waiting windows: 38688/78924. Max active instruction index: 3524
2024-11-18 21:25:58 | Simulation update: decoder round 108582, completed instructions: 3569/14751, actively running or decoding instructions: 4, waiting windows: 39203/79978. Max active instruction index: 3561
2024-11-18 21:26:08 | Simulation update: decoder round 109984, completed instructions: 3607/14751, actively running or decoding instructions: 2, waiting windows: 39742/81068. Max active instruction index: 3606
2024-11-18 21:26:18 | Simulation update: decoder round 111400, completed instructions: 3654/14751, actively running or decoding instructions: 2, waiting windows: 40265/82142. Max active instruction index: 3646
2024-11-18 21:26:28 | Simulation update: decoder round 112821, completed instructions: 3691/14751, actively running or decoding instructions: 2, waiting windows: 40800/83237. Max active instruction index: 3684
2024-11-18 21:26:38 | Simulation update: decoder round 114263, completed instructions: 3729/14751, actively running or decoding instructions: 2, waiting windows: 41361/84348. Max active instruction index: 3722
2024-11-18 21:26:48 | Simulation update: decoder round 115657, completed instructions: 3767/14751, actively running or decoding instructions: 4, waiting windows: 41868/85394. Max active instruction index: 3768
2024-11-18 21:26:58 | Simulation update: decoder round 117123, completed instructions: 3805/14751, actively running or decoding instructions: 2, waiting windows: 42436/86533. Max active instruction index: 3797
2024-11-18 21:27:08 | Simulation update: decoder round 118595, completed instructions: 3844/14751, actively running or decoding instructions: 2, waiting windows: 42960/87637. Max active instruction index: 3836
2024-11-18 21:27:18 | Simulation update: decoder round 120085, completed instructions: 3892/14751, actively running or decoding instructions: 4, waiting windows: 43512/88771. Max active instruction index: 3893
2024-11-18 21:27:28 | Simulation update: decoder round 121591, completed instructions: 3940/14751, actively running or decoding instructions: 3, waiting windows: 44092/89923. Max active instruction index: 3932
2024-11-18 21:27:38 | Simulation update: decoder round 123108, completed instructions: 3978/14751, actively running or decoding instructions: 3, waiting windows: 44670/91095. Max active instruction index: 3970
2024-11-18 21:27:48 | Simulation update: decoder round 124642, completed instructions: 4047/14751, actively running or decoding instructions: 6, waiting windows: 45258/92305. Max active instruction index: 4039
2024-11-18 21:27:58 | Simulation update: decoder round 126187, completed instructions: 4085/14751, actively running or decoding instructions: 3, waiting windows: 45879/93566. Max active instruction index: 4077
2024-11-18 21:28:08 | Simulation update: decoder round 127688, completed instructions: 4132/14751, actively running or decoding instructions: 2, waiting windows: 46484/94782. Max active instruction index: 4124
2024-11-18 21:28:18 | Simulation update: decoder round 129264, completed instructions: 4178/14751, actively running or decoding instructions: 2, waiting windows: 47099/96063. Max active instruction index: 4171
2024-11-18 21:28:28 | Simulation update: decoder round 130866, completed instructions: 4237/14751, actively running or decoding instructions: 2, waiting windows: 47746/97368. Max active instruction index: 4229
2024-11-18 21:28:38 | Simulation update: decoder round 132483, completed instructions: 4284/14751, actively running or decoding instructions: 2, waiting windows: 48385/98673. Max active instruction index: 4276
2024-11-18 21:28:48 | Simulation update: decoder round 134127, completed instructions: 4332/14751, actively running or decoding instructions: 2, waiting windows: 49033/100005. Max active instruction index: 4324
2024-11-18 21:28:58 | Simulation update: decoder round 135785, completed instructions: 4381/14751, actively running or decoding instructions: 3, waiting windows: 49702/101359. Max active instruction index: 4373
2024-11-18 21:29:08 | Simulation update: decoder round 137392, completed instructions: 4439/14751, actively running or decoding instructions: 3, waiting windows: 50356/102688. Max active instruction index: 4431
2024-11-18 21:29:18 | Simulation update: decoder round 139087, completed instructions: 4486/14751, actively running or decoding instructions: 3, waiting windows: 51046/104085. Max active instruction index: 4479
2024-11-18 21:29:28 | Simulation update: decoder round 140808, completed instructions: 4542/14751, actively running or decoding instructions: 4, waiting windows: 51732/105482. Max active instruction index: 4535
2024-11-18 21:29:38 | Simulation update: decoder round 142587, completed instructions: 4600/14751, actively running or decoding instructions: 2, waiting windows: 52432/106913. Max active instruction index: 4592
2024-11-18 21:29:48 | Simulation update: decoder round 144396, completed instructions: 4647/14751, actively running or decoding instructions: 2, waiting windows: 53158/108387. Max active instruction index: 4639
2024-11-18 21:29:58 | Simulation update: decoder round 146229, completed instructions: 4704/14751, actively running or decoding instructions: 3, waiting windows: 53896/109877. Max active instruction index: 4696
2024-11-18 21:30:08 | Simulation update: decoder round 148002, completed instructions: 4751/14751, actively running or decoding instructions: 2, waiting windows: 54608/111329. Max active instruction index: 4743
2024-11-18 21:30:18 | Simulation update: decoder round 149876, completed instructions: 4817/14751, actively running or decoding instructions: 4, waiting windows: 55358/112856. Max active instruction index: 4818
2024-11-18 21:30:28 | Simulation update: decoder round 151789, completed instructions: 4885/14751, actively running or decoding instructions: 2, waiting windows: 56131/114435. Max active instruction index: 4877
2024-11-18 21:30:38 | Simulation update: decoder round 153737, completed instructions: 4941/14751, actively running or decoding instructions: 4, waiting windows: 56902/116019. Max active instruction index: 4934
2024-11-18 21:30:48 | Simulation update: decoder round 155711, completed instructions: 5022/14751, actively running or decoding instructions: 3, waiting windows: 57709/117663. Max active instruction index: 5008
2024-11-18 21:30:58 | Simulation update: decoder round 157608, completed instructions: 5071/14751, actively running or decoding instructions: 3, waiting windows: 58526/119297. Max active instruction index: 5056
2024-11-18 21:31:08 | Simulation update: decoder round 159633, completed instructions: 5127/14751, actively running or decoding instructions: 3, waiting windows: 59378/121037. Max active instruction index: 5113
2024-11-18 21:31:18 | Simulation update: decoder round 161687, completed instructions: 5194/14751, actively running or decoding instructions: 4, waiting windows: 60245/122806. Max active instruction index: 5180
2024-11-18 21:31:28 | Simulation update: decoder round 163785, completed instructions: 5261/14751, actively running or decoding instructions: 3, waiting windows: 61130/124615. Max active instruction index: 5247
2024-11-18 21:31:38 | Simulation update: decoder round 165937, completed instructions: 5331/14751, actively running or decoding instructions: 3, waiting windows: 62050/126456. Max active instruction index: 5324
2024-11-18 21:31:48 | Simulation update: decoder round 168025, completed instructions: 5396/14751, actively running or decoding instructions: 4, waiting windows: 62921/128245. Max active instruction index: 5382
2024-11-18 21:31:58 | Simulation update: decoder round 170270, completed instructions: 5465/14751, actively running or decoding instructions: 4, waiting windows: 63867/130159. Max active instruction index: 5450
2024-11-18 21:32:08 | Simulation update: decoder round 172566, completed instructions: 5541/14751, actively running or decoding instructions: 3, waiting windows: 64841/132144. Max active instruction index: 5526
2024-11-18 21:32:18 | Simulation update: decoder round 174921, completed instructions: 5608/14751, actively running or decoding instructions: 2, waiting windows: 65826/134176. Max active instruction index: 5594
2024-11-18 21:32:28 | Simulation update: decoder round 177335, completed instructions: 5677/14751, actively running or decoding instructions: 4, waiting windows: 66848/136234. Max active instruction index: 5662
2024-11-18 21:32:38 | Simulation update: decoder round 179665, completed instructions: 5744/14751, actively running or decoding instructions: 2, waiting windows: 67836/138253. Max active instruction index: 5729
2024-11-18 21:32:48 | Simulation update: decoder round 182174, completed instructions: 5811/14751, actively running or decoding instructions: 2, waiting windows: 68881/140386. Max active instruction index: 5796
2024-11-18 21:32:58 | Simulation update: decoder round 184743, completed instructions: 5888/14751, actively running or decoding instructions: 3, waiting windows: 69987/142612. Max active instruction index: 5873
2024-11-18 21:33:08 | Simulation update: decoder round 187350, completed instructions: 6150/14751, actively running or decoding instructions: 34, waiting windows: 71125/144993. Max active instruction index: 6223
2024-11-18 21:33:18 | Simulation update: decoder round 190234, completed instructions: 6470/14751, actively running or decoding instructions: 7, waiting windows: 72412/147765. Max active instruction index: 6524
2024-11-18 21:33:28 | Simulation update: decoder round 193813, completed instructions: 6980/14751, actively running or decoding instructions: 28, waiting windows: 74103/151309. Max active instruction index: 7009
2024-11-18 21:33:38 | Simulation update: decoder round 197332, completed instructions: 7556/14751, actively running or decoding instructions: 25, waiting windows: 75719/154842. Max active instruction index: 7562
2024-11-18 21:33:48 | Simulation update: decoder round 201168, completed instructions: 8148/14751, actively running or decoding instructions: 14, waiting windows: 77539/158803. Max active instruction index: 8152
2024-11-18 21:33:58 | Simulation update: decoder round 205367, completed instructions: 8842/14751, actively running or decoding instructions: 16, waiting windows: 79360/162837. Max active instruction index: 8994
2024-11-18 21:34:08 | Simulation update: decoder round 216744, completed instructions: 10085/14751, actively running or decoding instructions: 4, waiting windows: 81955/168707. Max active instruction index: 10086
2024-11-18 21:34:18 | Simulation update: decoder round 250129, completed instructions: 12101/14751, actively running or decoding instructions: 7, waiting windows: 85308/176438. Max active instruction index: 12091
2024-11-18 21:34:28 | Simulation update: decoder round 308299, completed instructions: 14141/14751, actively running or decoding instructions: 3, waiting windows: 88250/183325. Max active instruction index: 14117
2024-11-18 21:34:31 | Finished simulation
2024-11-18 21:34:32 | Finished saving output. Done! Total elapsed time: 0:25:37.561632
