CONFIG 681
benchmark_file: slurm/data/20241118_210504/benchmarks/fermi_hubbard_2_2.lss
decoder_latency_or_dist_filename: slurm/data/20241118_210504/decoder_dists.json
distance: 21
lightweight_setting: 2
max_parallel_processes: predict
missed_speculation_modifier: 1.4
poison_policy: successors
rng: 8
scheduling_method: parallel
speculation_accuracy: 0.9
speculation_latency: 1
speculation_mode: separate
2024-11-18 21:09:06 | Loading benchmark slurm/data/20241118_210504/benchmarks/fermi_hubbard_2_2.lss...
2024-11-18 21:09:07 | Starting simulation
PREDICTION STEP BEGIN---------------------------------
Predicted max parallel processes: 151

PREDICTION STEP END-----------------------------------

2024-11-18 21:29:53 | Simulation update: decoder round 1, completed instructions: 0/14751, actively running or decoding instructions: 13, waiting windows: 0/0. Max active instruction index: 30
2024-11-18 21:30:03 | Simulation update: decoder round 943, completed instructions: 60/14751, actively running or decoding instructions: 3, waiting windows: 379/633. Max active instruction index: 56
2024-11-18 21:30:13 | Simulation update: decoder round 1889, completed instructions: 77/14751, actively running or decoding instructions: 2, waiting windows: 688/1263. Max active instruction index: 73
2024-11-18 21:30:23 | Simulation update: decoder round 2838, completed instructions: 94/14751, actively running or decoding instructions: 3, waiting windows: 1007/1909. Max active instruction index: 90
2024-11-18 21:30:33 | Simulation update: decoder round 3790, completed instructions: 109/14751, actively running or decoding instructions: 3, waiting windows: 1316/2529. Max active instruction index: 111
2024-11-18 21:30:43 | Simulation update: decoder round 4743, completed instructions: 126/14751, actively running or decoding instructions: 2, waiting windows: 1633/3164. Max active instruction index: 122
2024-11-18 21:30:53 | Simulation update: decoder round 5695, completed instructions: 148/14751, actively running or decoding instructions: 3, waiting windows: 1948/3798. Max active instruction index: 144
2024-11-18 21:31:03 | Simulation update: decoder round 6655, completed instructions: 165/14751, actively running or decoding instructions: 2, waiting windows: 2259/4432. Max active instruction index: 161
2024-11-18 21:31:13 | Simulation update: decoder round 7553, completed instructions: 182/14751, actively running or decoding instructions: 2, waiting windows: 2539/5022. Max active instruction index: 181
2024-11-18 21:31:23 | Simulation update: decoder round 8514, completed instructions: 198/14751, actively running or decoding instructions: 3, waiting windows: 2870/5666. Max active instruction index: 194
2024-11-18 21:31:33 | Simulation update: decoder round 9475, completed instructions: 216/14751, actively running or decoding instructions: 2, waiting windows: 3185/6314. Max active instruction index: 216
2024-11-18 21:31:43 | Simulation update: decoder round 10441, completed instructions: 236/14751, actively running or decoding instructions: 3, waiting windows: 3514/6960. Max active instruction index: 232
2024-11-18 21:31:53 | Simulation update: decoder round 11413, completed instructions: 248/14751, actively running or decoding instructions: 3, waiting windows: 3806/7575. Max active instruction index: 249
2024-11-18 21:32:03 | Simulation update: decoder round 12380, completed instructions: 270/14751, actively running or decoding instructions: 3, waiting windows: 4138/8221. Max active instruction index: 267
2024-11-18 21:32:13 | Simulation update: decoder round 13355, completed instructions: 284/14751, actively running or decoding instructions: 3, waiting windows: 4446/8854. Max active instruction index: 284
2024-11-18 21:32:23 | Simulation update: decoder round 14326, completed instructions: 304/14751, actively running or decoding instructions: 2, waiting windows: 4777/9512. Max active instruction index: 300
2024-11-18 21:32:33 | Simulation update: decoder round 15307, completed instructions: 327/14751, actively running or decoding instructions: 3, waiting windows: 5081/10139. Max active instruction index: 323
2024-11-18 21:32:43 | Simulation update: decoder round 16291, completed instructions: 344/14751, actively running or decoding instructions: 4, waiting windows: 5393/10787. Max active instruction index: 340
2024-11-18 21:32:53 | Simulation update: decoder round 17266, completed instructions: 362/14751, actively running or decoding instructions: 3, waiting windows: 5730/11449. Max active instruction index: 358
2024-11-18 21:33:03 | Simulation update: decoder round 18256, completed instructions: 378/14751, actively running or decoding instructions: 2, waiting windows: 6057/12111. Max active instruction index: 374
2024-11-18 21:33:13 | Simulation update: decoder round 19239, completed instructions: 395/14751, actively running or decoding instructions: 3, waiting windows: 6382/12771. Max active instruction index: 391
2024-11-18 21:33:23 | Simulation update: decoder round 20228, completed instructions: 413/14751, actively running or decoding instructions: 4, waiting windows: 6700/13422. Max active instruction index: 413
2024-11-18 21:33:33 | Simulation update: decoder round 21225, completed instructions: 432/14751, actively running or decoding instructions: 2, waiting windows: 7026/14082. Max active instruction index: 428
2024-11-18 21:33:43 | Simulation update: decoder round 22216, completed instructions: 448/14751, actively running or decoding instructions: 2, waiting windows: 7357/14744. Max active instruction index: 444
2024-11-18 21:33:53 | Simulation update: decoder round 23215, completed instructions: 471/14751, actively running or decoding instructions: 4, waiting windows: 7688/15407. Max active instruction index: 467
2024-11-18 21:34:03 | Simulation update: decoder round 24216, completed instructions: 488/14751, actively running or decoding instructions: 4, waiting windows: 8019/16066. Max active instruction index: 484
2024-11-18 21:34:13 | Simulation update: decoder round 25214, completed instructions: 505/14751, actively running or decoding instructions: 2, waiting windows: 8345/16726. Max active instruction index: 504
2024-11-18 21:34:23 | Simulation update: decoder round 26217, completed instructions: 526/14751, actively running or decoding instructions: 4, waiting windows: 8668/17383. Max active instruction index: 522
2024-11-18 21:34:33 | Simulation update: decoder round 27221, completed instructions: 542/14751, actively running or decoding instructions: 3, waiting windows: 9006/18059. Max active instruction index: 538
2024-11-18 21:34:43 | Simulation update: decoder round 28162, completed instructions: 557/14751, actively running or decoding instructions: 2, waiting windows: 9322/18691. Max active instruction index: 553
2024-11-18 21:34:53 | Simulation update: decoder round 29176, completed instructions: 575/14751, actively running or decoding instructions: 4, waiting windows: 9645/19354. Max active instruction index: 575
2024-11-18 21:35:03 | Simulation update: decoder round 30190, completed instructions: 613/14751, actively running or decoding instructions: 7, waiting windows: 9987/20041. Max active instruction index: 607
2024-11-18 21:35:13 | Simulation update: decoder round 31208, completed instructions: 643/14751, actively running or decoding instructions: 4, waiting windows: 10338/20760. Max active instruction index: 638
2024-11-18 21:35:23 | Simulation update: decoder round 32232, completed instructions: 674/14751, actively running or decoding instructions: 3, waiting windows: 10690/21489. Max active instruction index: 668
2024-11-18 21:35:33 | Simulation update: decoder round 33218, completed instructions: 696/14751, actively running or decoding instructions: 3, waiting windows: 11035/22184. Max active instruction index: 691
2024-11-18 21:35:43 | Simulation update: decoder round 34207, completed instructions: 720/14751, actively running or decoding instructions: 2, waiting windows: 11372/22875. Max active instruction index: 714
2024-11-18 21:35:53 | Simulation update: decoder round 35205, completed instructions: 742/14751, actively running or decoding instructions: 2, waiting windows: 11736/23602. Max active instruction index: 741
2024-11-18 21:36:03 | Simulation update: decoder round 36211, completed instructions: 764/14751, actively running or decoding instructions: 2, waiting windows: 12091/24328. Max active instruction index: 758
2024-11-18 21:36:13 | Simulation update: decoder round 37220, completed instructions: 787/14751, actively running or decoding instructions: 2, waiting windows: 12452/25058. Max active instruction index: 781
2024-11-18 21:36:23 | Simulation update: decoder round 38228, completed instructions: 809/14751, actively running or decoding instructions: 4, waiting windows: 12806/25779. Max active instruction index: 803
2024-11-18 21:36:33 | Simulation update: decoder round 39242, completed instructions: 830/14751, actively running or decoding instructions: 2, waiting windows: 13161/26508. Max active instruction index: 824
2024-11-18 21:36:43 | Simulation update: decoder round 40266, completed instructions: 860/14751, actively running or decoding instructions: 3, waiting windows: 13533/27252. Max active instruction index: 854
2024-11-18 21:36:53 | Simulation update: decoder round 41299, completed instructions: 883/14751, actively running or decoding instructions: 3, waiting windows: 13881/27980. Max active instruction index: 878
2024-11-18 21:37:03 | Simulation update: decoder round 42338, completed instructions: 907/14751, actively running or decoding instructions: 3, waiting windows: 14250/28722. Max active instruction index: 901
2024-11-18 21:37:13 | Simulation update: decoder round 43362, completed instructions: 928/14751, actively running or decoding instructions: 3, waiting windows: 14597/29432. Max active instruction index: 923
2024-11-18 21:37:23 | Simulation update: decoder round 44374, completed instructions: 953/14751, actively running or decoding instructions: 4, waiting windows: 14949/30138. Max active instruction index: 947
2024-11-18 21:37:33 | Simulation update: decoder round 45388, completed instructions: 975/14751, actively running or decoding instructions: 4, waiting windows: 15295/30856. Max active instruction index: 976
2024-11-18 21:37:43 | Simulation update: decoder round 46412, completed instructions: 1003/14751, actively running or decoding instructions: 2, waiting windows: 15657/31595. Max active instruction index: 998
2024-11-18 21:37:53 | Simulation update: decoder round 47432, completed instructions: 1029/14751, actively running or decoding instructions: 3, waiting windows: 16008/32315. Max active instruction index: 1029
2024-11-18 21:38:03 | Simulation update: decoder round 48378, completed instructions: 1050/14751, actively running or decoding instructions: 2, waiting windows: 16342/32998. Max active instruction index: 1049
2024-11-18 21:38:13 | Simulation update: decoder round 49412, completed instructions: 1078/14751, actively running or decoding instructions: 2, waiting windows: 16712/33745. Max active instruction index: 1072
2024-11-18 21:38:23 | Simulation update: decoder round 50442, completed instructions: 1107/14751, actively running or decoding instructions: 2, waiting windows: 17074/34479. Max active instruction index: 1101
2024-11-18 21:38:33 | Simulation update: decoder round 51474, completed instructions: 1130/14751, actively running or decoding instructions: 2, waiting windows: 17439/35223. Max active instruction index: 1124
2024-11-18 21:38:43 | Simulation update: decoder round 52515, completed instructions: 1154/14751, actively running or decoding instructions: 4, waiting windows: 17788/35939. Max active instruction index: 1148
2024-11-18 21:38:53 | Simulation update: decoder round 53558, completed instructions: 1176/14751, actively running or decoding instructions: 2, waiting windows: 18157/36684. Max active instruction index: 1170
2024-11-18 21:39:03 | Simulation update: decoder round 54612, completed instructions: 1207/14751, actively running or decoding instructions: 3, waiting windows: 18522/37433. Max active instruction index: 1201
2024-11-18 21:39:13 | Simulation update: decoder round 55663, completed instructions: 1236/14751, actively running or decoding instructions: 3, waiting windows: 18897/38184. Max active instruction index: 1230
2024-11-18 21:39:23 | Simulation update: decoder round 56720, completed instructions: 1257/14751, actively running or decoding instructions: 3, waiting windows: 19262/38942. Max active instruction index: 1251
2024-11-18 21:39:33 | Simulation update: decoder round 57781, completed instructions: 1279/14751, actively running or decoding instructions: 2, waiting windows: 19625/39688. Max active instruction index: 1274
2024-11-18 21:39:43 | Simulation update: decoder round 58847, completed instructions: 1301/14751, actively running or decoding instructions: 2, waiting windows: 19992/40442. Max active instruction index: 1296
2024-11-18 21:39:53 | Simulation update: decoder round 59911, completed instructions: 1332/14751, actively running or decoding instructions: 3, waiting windows: 20373/41200. Max active instruction index: 1327
2024-11-18 21:40:03 | Simulation update: decoder round 60979, completed instructions: 1378/14751, actively running or decoding instructions: 9, waiting windows: 20771/41983. Max active instruction index: 1392
2024-11-18 21:40:13 | Simulation update: decoder round 62047, completed instructions: 1446/14751, actively running or decoding instructions: 5, waiting windows: 21180/42848. Max active instruction index: 1445
2024-11-18 21:40:23 | Simulation update: decoder round 63127, completed instructions: 1507/14751, actively running or decoding instructions: 4, waiting windows: 21627/43750. Max active instruction index: 1506
2024-11-18 21:40:33 | Simulation update: decoder round 64216, completed instructions: 1573/14751, actively running or decoding instructions: 6, waiting windows: 22029/44622. Max active instruction index: 1575
2024-11-18 21:40:43 | Simulation update: decoder round 65321, completed instructions: 1634/14751, actively running or decoding instructions: 4, waiting windows: 22467/45518. Max active instruction index: 1625
2024-11-18 21:40:53 | Simulation update: decoder round 66429, completed instructions: 1693/14751, actively running or decoding instructions: 4, waiting windows: 22918/46444. Max active instruction index: 1691
2024-11-18 21:41:03 | Simulation update: decoder round 67555, completed instructions: 1753/14751, actively running or decoding instructions: 6, waiting windows: 23358/47350. Max active instruction index: 1759
2024-11-18 21:41:13 | Simulation update: decoder round 68607, completed instructions: 1810/14751, actively running or decoding instructions: 3, waiting windows: 23774/48228. Max active instruction index: 1802
2024-11-18 21:41:23 | Simulation update: decoder round 69765, completed instructions: 1876/14751, actively running or decoding instructions: 4, waiting windows: 24241/49191. Max active instruction index: 1868
2024-11-18 21:41:33 | Simulation update: decoder round 70933, completed instructions: 1932/14751, actively running or decoding instructions: 6, waiting windows: 24701/50145. Max active instruction index: 1940
2024-11-18 21:41:43 | Simulation update: decoder round 72115, completed instructions: 2000/14751, actively running or decoding instructions: 6, waiting windows: 25189/51140. Max active instruction index: 2019
2024-11-18 21:41:53 | Simulation update: decoder round 73314, completed instructions: 2060/14751, actively running or decoding instructions: 5, waiting windows: 25658/52120. Max active instruction index: 2055
2024-11-18 21:42:03 | Simulation update: decoder round 74526, completed instructions: 2129/14751, actively running or decoding instructions: 3, waiting windows: 26143/53121. Max active instruction index: 2127
2024-11-18 21:42:13 | Simulation update: decoder round 75760, completed instructions: 2201/14751, actively running or decoding instructions: 6, waiting windows: 26617/54100. Max active instruction index: 2200
2024-11-18 21:42:23 | Simulation update: decoder round 77005, completed instructions: 2262/14751, actively running or decoding instructions: 5, waiting windows: 27098/55092. Max active instruction index: 2267
2024-11-18 21:42:33 | Simulation update: decoder round 78261, completed instructions: 2332/14751, actively running or decoding instructions: 5, waiting windows: 27598/56136. Max active instruction index: 2325
2024-11-18 21:42:43 | Simulation update: decoder round 79545, completed instructions: 2399/14751, actively running or decoding instructions: 3, waiting windows: 28103/57177. Max active instruction index: 2392
2024-11-18 21:42:53 | Simulation update: decoder round 80841, completed instructions: 2466/14751, actively running or decoding instructions: 4, waiting windows: 28625/58248. Max active instruction index: 2458
2024-11-18 21:43:03 | Simulation update: decoder round 82159, completed instructions: 2539/14751, actively running or decoding instructions: 4, waiting windows: 29150/59347. Max active instruction index: 2532
2024-11-18 21:43:13 | Simulation update: decoder round 83492, completed instructions: 2610/14751, actively running or decoding instructions: 3, waiting windows: 29675/60431. Max active instruction index: 2618
2024-11-18 21:43:23 | Simulation update: decoder round 84849, completed instructions: 2695/14751, actively running or decoding instructions: 3, waiting windows: 30210/61543. Max active instruction index: 2688
2024-11-18 21:43:33 | Simulation update: decoder round 86230, completed instructions: 2774/14751, actively running or decoding instructions: 4, waiting windows: 30766/62681. Max active instruction index: 2766
2024-11-18 21:43:43 | Simulation update: decoder round 87516, completed instructions: 2839/14751, actively running or decoding instructions: 6, waiting windows: 31257/63725. Max active instruction index: 2832
2024-11-18 21:43:53 | Simulation update: decoder round 88939, completed instructions: 2906/14751, actively running or decoding instructions: 5, waiting windows: 31819/64883. Max active instruction index: 2915
2024-11-18 21:44:03 | Simulation update: decoder round 90384, completed instructions: 3000/14751, actively running or decoding instructions: 6, waiting windows: 32371/66029. Max active instruction index: 3001
2024-11-18 21:44:13 | Simulation update: decoder round 91842, completed instructions: 3033/14751, actively running or decoding instructions: 4, waiting windows: 32917/67138. Max active instruction index: 3028
2024-11-18 21:44:23 | Simulation update: decoder round 93189, completed instructions: 3072/14751, actively running or decoding instructions: 4, waiting windows: 33407/68143. Max active instruction index: 3065
2024-11-18 21:44:33 | Simulation update: decoder round 94462, completed instructions: 3111/14751, actively running or decoding instructions: 2, waiting windows: 33896/69133. Max active instruction index: 3103
2024-11-18 21:44:43 | Simulation update: decoder round 95747, completed instructions: 3149/14751, actively running or decoding instructions: 3, waiting windows: 34364/70101. Max active instruction index: 3141
2024-11-18 21:44:53 | Simulation update: decoder round 97043, completed instructions: 3196/14751, actively running or decoding instructions: 2, waiting windows: 34871/71116. Max active instruction index: 3188
2024-11-18 21:45:03 | Simulation update: decoder round 98352, completed instructions: 3235/14751, actively running or decoding instructions: 2, waiting windows: 35344/72102. Max active instruction index: 3234
2024-11-18 21:45:13 | Simulation update: decoder round 99667, completed instructions: 3273/14751, actively running or decoding instructions: 2, waiting windows: 35858/73127. Max active instruction index: 3272
2024-11-18 21:45:23 | Simulation update: decoder round 100985, completed instructions: 3318/14751, actively running or decoding instructions: 3, waiting windows: 36352/74146. Max active instruction index: 3311
2024-11-18 21:45:33 | Simulation update: decoder round 102341, completed instructions: 3357/14751, actively running or decoding instructions: 3, waiting windows: 36847/75161. Max active instruction index: 3350
2024-11-18 21:45:43 | Simulation update: decoder round 103707, completed instructions: 3407/14751, actively running or decoding instructions: 4, waiting windows: 37357/76198. Max active instruction index: 3399
2024-11-18 21:45:53 | Simulation update: decoder round 105090, completed instructions: 3445/14751, actively running or decoding instructions: 4, waiting windows: 37882/77259. Max active instruction index: 3437
2024-11-18 21:46:03 | Simulation update: decoder round 106482, completed instructions: 3483/14751, actively running or decoding instructions: 2, waiting windows: 38391/78313. Max active instruction index: 3476
2024-11-18 21:46:13 | Simulation update: decoder round 107888, completed instructions: 3532/14751, actively running or decoding instructions: 3, waiting windows: 38925/79382. Max active instruction index: 3524
2024-11-18 21:46:23 | Simulation update: decoder round 109176, completed instructions: 3569/14751, actively running or decoding instructions: 4, waiting windows: 39392/80357. Max active instruction index: 3561
2024-11-18 21:46:33 | Simulation update: decoder round 110600, completed instructions: 3615/14751, actively running or decoding instructions: 3, waiting windows: 39941/81465. Max active instruction index: 3608
