CONFIG 698
benchmark_file: slurm/data/20241118_210504/benchmarks/fermi_hubbard_2_2.lss
decoder_latency_or_dist_filename: slurm/data/20241118_210504/decoder_dists.json
distance: 21
lightweight_setting: 2
max_parallel_processes: None
missed_speculation_modifier: 1.4
poison_policy: successors
rng: 9
scheduling_method: parallel
speculation_accuracy: 0.9
speculation_latency: 1
speculation_mode: separate
2024-11-18 21:09:06 | Loading benchmark slurm/data/20241118_210504/benchmarks/fermi_hubbard_2_2.lss...
2024-11-18 21:09:07 | Starting simulation
2024-11-18 21:09:09 | Simulation update: decoder round 1, completed instructions: 0/14751, actively running or decoding instructions: 13, waiting windows: 0/0. Max active instruction index: 30
2024-11-18 21:09:19 | Simulation update: decoder round 1064, completed instructions: 59/14751, actively running or decoding instructions: 4, waiting windows: 404/699. Max active instruction index: 56
2024-11-18 21:09:29 | Simulation update: decoder round 2075, completed instructions: 82/14751, actively running or decoding instructions: 4, waiting windows: 733/1368. Max active instruction index: 83
2024-11-18 21:09:39 | Simulation update: decoder round 3117, completed instructions: 98/14751, actively running or decoding instructions: 3, waiting windows: 1083/2067. Max active instruction index: 95
2024-11-18 21:09:49 | Simulation update: decoder round 4101, completed instructions: 116/14751, actively running or decoding instructions: 3, waiting windows: 1403/2717. Max active instruction index: 112
2024-11-18 21:09:59 | Simulation update: decoder round 5130, completed instructions: 137/14751, actively running or decoding instructions: 3, waiting windows: 1746/3405. Max active instruction index: 133
2024-11-18 21:10:09 | Simulation update: decoder round 6174, completed instructions: 153/14751, actively running or decoding instructions: 4, waiting windows: 2063/4063. Max active instruction index: 150
2024-11-18 21:10:19 | Simulation update: decoder round 7216, completed instructions: 170/14751, actively running or decoding instructions: 3, waiting windows: 2410/4755. Max active instruction index: 166
2024-11-18 21:10:29 | Simulation update: decoder round 8267, completed instructions: 187/14751, actively running or decoding instructions: 3, waiting windows: 2752/5445. Max active instruction index: 183
2024-11-18 21:10:39 | Simulation update: decoder round 9305, completed instructions: 202/14751, actively running or decoding instructions: 2, waiting windows: 3087/6121. Max active instruction index: 199
2024-11-18 21:10:49 | Simulation update: decoder round 10363, completed instructions: 222/14751, actively running or decoding instructions: 3, waiting windows: 3443/6817. Max active instruction index: 222
2024-11-18 21:10:59 | Simulation update: decoder round 11424, completed instructions: 242/14751, actively running or decoding instructions: 3, waiting windows: 3776/7521. Max active instruction index: 238
2024-11-18 21:11:09 | Simulation update: decoder round 12492, completed instructions: 264/14751, actively running or decoding instructions: 3, waiting windows: 4129/8229. Max active instruction index: 261
2024-11-18 21:11:19 | Simulation update: decoder round 13573, completed instructions: 277/14751, actively running or decoding instructions: 4, waiting windows: 4472/8914. Max active instruction index: 273
2024-11-18 21:11:29 | Simulation update: decoder round 14652, completed instructions: 292/14751, actively running or decoding instructions: 3, waiting windows: 4827/9626. Max active instruction index: 289
2024-11-18 21:11:39 | Simulation update: decoder round 15734, completed instructions: 311/14751, actively running or decoding instructions: 4, waiting windows: 5178/10336. Max active instruction index: 311
2024-11-18 21:11:49 | Simulation update: decoder round 16799, completed instructions: 334/14751, actively running or decoding instructions: 4, waiting windows: 5501/11005. Max active instruction index: 334
2024-11-18 21:11:59 | Simulation update: decoder round 17888, completed instructions: 355/14751, actively running or decoding instructions: 3, waiting windows: 5859/11731. Max active instruction index: 352
2024-11-18 21:12:09 | Simulation update: decoder round 18982, completed instructions: 373/14751, actively running or decoding instructions: 4, waiting windows: 6207/12429. Max active instruction index: 369
2024-11-18 21:12:19 | Simulation update: decoder round 20076, completed instructions: 390/14751, actively running or decoding instructions: 2, waiting windows: 6567/13150. Max active instruction index: 389
2024-11-18 21:12:29 | Simulation update: decoder round 21172, completed instructions: 413/14751, actively running or decoding instructions: 3, waiting windows: 6942/13896. Max active instruction index: 413
2024-11-18 21:12:39 | Simulation update: decoder round 22274, completed instructions: 436/14751, actively running or decoding instructions: 3, waiting windows: 7301/14628. Max active instruction index: 433
2024-11-18 21:12:49 | Simulation update: decoder round 23360, completed instructions: 447/14751, actively running or decoding instructions: 3, waiting windows: 7644/15321. Max active instruction index: 444
2024-11-18 21:12:59 | Simulation update: decoder round 24462, completed instructions: 464/14751, actively running or decoding instructions: 2, waiting windows: 7987/16023. Max active instruction index: 461
2024-11-18 21:13:09 | Simulation update: decoder round 25568, completed instructions: 492/14751, actively running or decoding instructions: 4, waiting windows: 8357/16754. Max active instruction index: 493
2024-11-18 21:13:19 | Simulation update: decoder round 26676, completed instructions: 515/14751, actively running or decoding instructions: 2, waiting windows: 8712/17477. Max active instruction index: 511
2024-11-18 21:13:29 | Simulation update: decoder round 27788, completed instructions: 537/14751, actively running or decoding instructions: 3, waiting windows: 9080/18210. Max active instruction index: 533
2024-11-18 21:13:39 | Simulation update: decoder round 28904, completed instructions: 557/14751, actively running or decoding instructions: 3, waiting windows: 9444/18956. Max active instruction index: 553
2024-11-18 21:13:49 | Simulation update: decoder round 30021, completed instructions: 579/14751, actively running or decoding instructions: 3, waiting windows: 9811/19691. Max active instruction index: 575
2024-11-18 21:13:59 | Simulation update: decoder round 31111, completed instructions: 620/14751, actively running or decoding instructions: 3, waiting windows: 10173/20437. Max active instruction index: 615
2024-11-18 21:14:09 | Simulation update: decoder round 32229, completed instructions: 644/14751, actively running or decoding instructions: 4, waiting windows: 10546/21207. Max active instruction index: 638
2024-11-18 21:14:19 | Simulation update: decoder round 33357, completed instructions: 665/14751, actively running or decoding instructions: 3, waiting windows: 10950/22015. Max active instruction index: 660
2024-11-18 21:14:29 | Simulation update: decoder round 34490, completed instructions: 696/14751, actively running or decoding instructions: 3, waiting windows: 11334/22800. Max active instruction index: 691
2024-11-18 21:14:39 | Simulation update: decoder round 35625, completed instructions: 720/14751, actively running or decoding instructions: 3, waiting windows: 11738/23613. Max active instruction index: 714
2024-11-18 21:14:49 | Simulation update: decoder round 36764, completed instructions: 748/14751, actively running or decoding instructions: 2, waiting windows: 12124/24415. Max active instruction index: 743
2024-11-18 21:14:59 | Simulation update: decoder round 37881, completed instructions: 772/14751, actively running or decoding instructions: 2, waiting windows: 12507/25193. Max active instruction index: 766
2024-11-18 21:15:09 | Simulation update: decoder round 39030, completed instructions: 800/14751, actively running or decoding instructions: 2, waiting windows: 12912/26023. Max active instruction index: 795
2024-11-18 21:15:19 | Simulation update: decoder round 40182, completed instructions: 830/14751, actively running or decoding instructions: 2, waiting windows: 13335/26853. Max active instruction index: 824
2024-11-18 21:15:29 | Simulation update: decoder round 41340, completed instructions: 859/14751, actively running or decoding instructions: 3, waiting windows: 13736/27688. Max active instruction index: 854
2024-11-18 21:15:39 | Simulation update: decoder round 42502, completed instructions: 885/14751, actively running or decoding instructions: 2, waiting windows: 14136/28512. Max active instruction index: 884
2024-11-18 21:15:49 | Simulation update: decoder round 43645, completed instructions: 914/14751, actively running or decoding instructions: 2, waiting windows: 14545/29334. Max active instruction index: 908
2024-11-18 21:15:59 | Simulation update: decoder round 44817, completed instructions: 953/14751, actively running or decoding instructions: 3, waiting windows: 14967/30187. Max active instruction index: 947
2024-11-18 21:16:09 | Simulation update: decoder round 46004, completed instructions: 983/14751, actively running or decoding instructions: 3, waiting windows: 15367/31026. Max active instruction index: 977
2024-11-18 21:16:19 | Simulation update: decoder round 47194, completed instructions: 1011/14751, actively running or decoding instructions: 3, waiting windows: 15794/31885. Max active instruction index: 1006
2024-11-18 21:16:29 | Simulation update: decoder round 48392, completed instructions: 1041/14751, actively running or decoding instructions: 3, waiting windows: 16207/32741. Max active instruction index: 1036
2024-11-18 21:16:39 | Simulation update: decoder round 49598, completed instructions: 1071/14751, actively running or decoding instructions: 2, waiting windows: 16637/33603. Max active instruction index: 1065
2024-11-18 21:16:49 | Simulation update: decoder round 50784, completed instructions: 1092/14751, actively running or decoding instructions: 3, waiting windows: 17066/34468. Max active instruction index: 1086
2024-11-18 21:16:59 | Simulation update: decoder round 52010, completed instructions: 1123/14751, actively running or decoding instructions: 3, waiting windows: 17495/35350. Max active instruction index: 1117
2024-11-18 21:17:09 | Simulation update: decoder round 53239, completed instructions: 1146/14751, actively running or decoding instructions: 2, waiting windows: 17925/36228. Max active instruction index: 1140
2024-11-18 21:17:19 | Simulation update: decoder round 54476, completed instructions: 1175/14751, actively running or decoding instructions: 2, waiting windows: 18362/37103. Max active instruction index: 1170
2024-11-18 21:17:29 | Simulation update: decoder round 55714, completed instructions: 1207/14751, actively running or decoding instructions: 4, waiting windows: 18785/37977. Max active instruction index: 1201
2024-11-18 21:17:39 | Simulation update: decoder round 56961, completed instructions: 1236/14751, actively running or decoding instructions: 2, waiting windows: 19218/38864. Max active instruction index: 1230
2024-11-18 21:17:49 | Simulation update: decoder round 58214, completed instructions: 1263/14751, actively running or decoding instructions: 2, waiting windows: 19661/39769. Max active instruction index: 1258
2024-11-18 21:17:59 | Simulation update: decoder round 59432, completed instructions: 1295/14751, actively running or decoding instructions: 2, waiting windows: 20078/40618. Max active instruction index: 1289
2024-11-18 21:18:09 | Simulation update: decoder round 60691, completed instructions: 1324/14751, actively running or decoding instructions: 2, waiting windows: 20535/41529. Max active instruction index: 1319
2024-11-18 21:18:19 | Simulation update: decoder round 61955, completed instructions: 1348/14751, actively running or decoding instructions: 2, waiting windows: 20967/42412. Max active instruction index: 1342
2024-11-18 21:18:29 | Simulation update: decoder round 63222, completed instructions: 1445/14751, actively running or decoding instructions: 4, waiting windows: 21455/43425. Max active instruction index: 1439
2024-11-18 21:18:39 | Simulation update: decoder round 64504, completed instructions: 1511/14751, actively running or decoding instructions: 3, waiting windows: 21963/44476. Max active instruction index: 1514
2024-11-18 21:18:49 | Simulation update: decoder round 65793, completed instructions: 1572/14751, actively running or decoding instructions: 3, waiting windows: 22459/45514. Max active instruction index: 1567
2024-11-18 21:18:59 | Simulation update: decoder round 67062, completed instructions: 1646/14751, actively running or decoding instructions: 4, waiting windows: 22959/46540. Max active instruction index: 1652
2024-11-18 21:19:09 | Simulation update: decoder round 68380, completed instructions: 1715/14751, actively running or decoding instructions: 4, waiting windows: 23484/47623. Max active instruction index: 1718
2024-11-18 21:19:19 | Simulation update: decoder round 69719, completed instructions: 1783/14751, actively running or decoding instructions: 5, waiting windows: 23988/48699. Max active instruction index: 1794
2024-11-18 21:19:29 | Simulation update: decoder round 71061, completed instructions: 1863/14751, actively running or decoding instructions: 4, waiting windows: 24534/49812. Max active instruction index: 1876
2024-11-18 21:19:39 | Simulation update: decoder round 72448, completed instructions: 1937/14751, actively running or decoding instructions: 4, waiting windows: 25064/50945. Max active instruction index: 1977
2024-11-18 21:19:49 | Simulation update: decoder round 73860, completed instructions: 2025/14751, actively running or decoding instructions: 5, waiting windows: 25651/52121. Max active instruction index: 2055
2024-11-18 21:19:59 | Simulation update: decoder round 75247, completed instructions: 2098/14751, actively running or decoding instructions: 5, waiting windows: 26184/53261. Max active instruction index: 2140
2024-11-18 21:20:09 | Simulation update: decoder round 76701, completed instructions: 2176/14751, actively running or decoding instructions: 5, waiting windows: 26755/54436. Max active instruction index: 2210
2024-11-18 21:20:19 | Simulation update: decoder round 78177, completed instructions: 2251/14751, actively running or decoding instructions: 5, waiting windows: 27337/55631. Max active instruction index: 2308
2024-11-18 21:20:29 | Simulation update: decoder round 79664, completed instructions: 2320/14751, actively running or decoding instructions: 3, waiting windows: 27938/56854. Max active instruction index: 2368
2024-11-18 21:20:39 | Simulation update: decoder round 81168, completed instructions: 2392/14751, actively running or decoding instructions: 5, waiting windows: 28544/58110. Max active instruction index: 2450
2024-11-18 21:20:49 | Simulation update: decoder round 82653, completed instructions: 2483/14751, actively running or decoding instructions: 4, waiting windows: 29115/59324. Max active instruction index: 2532
2024-11-18 21:20:59 | Simulation update: decoder round 84216, completed instructions: 2569/14751, actively running or decoding instructions: 6, waiting windows: 29737/60606. Max active instruction index: 2620
2024-11-18 21:21:09 | Simulation update: decoder round 85810, completed instructions: 2663/14751, actively running or decoding instructions: 7, waiting windows: 30359/61890. Max active instruction index: 2724
2024-11-18 21:21:19 | Simulation update: decoder round 87433, completed instructions: 2740/14751, actively running or decoding instructions: 3, waiting windows: 31006/63226. Max active instruction index: 2792
2024-11-18 21:21:29 | Simulation update: decoder round 89083, completed instructions: 2830/14751, actively running or decoding instructions: 4, waiting windows: 31664/64579. Max active instruction index: 2881
2024-11-18 21:21:39 | Simulation update: decoder round 90771, completed instructions: 2922/14751, actively running or decoding instructions: 5, waiting windows: 32314/65938. Max active instruction index: 2992
2024-11-18 21:21:49 | Simulation update: decoder round 92428, completed instructions: 3027/14751, actively running or decoding instructions: 5, waiting windows: 32979/67300. Max active instruction index: 3043
2024-11-18 21:21:59 | Simulation update: decoder round 93961, completed instructions: 3083/14751, actively running or decoding instructions: 3, waiting windows: 33542/68487. Max active instruction index: 3075
2024-11-18 21:22:09 | Simulation update: decoder round 95489, completed instructions: 3129/14751, actively running or decoding instructions: 5, waiting windows: 34115/69665. Max active instruction index: 3130
2024-11-18 21:22:19 | Simulation update: decoder round 97028, completed instructions: 3167/14751, actively running or decoding instructions: 4, waiting windows: 34681/70817. Max active instruction index: 3160
2024-11-18 21:22:29 | Simulation update: decoder round 98571, completed instructions: 3215/14751, actively running or decoding instructions: 3, waiting windows: 35265/72008. Max active instruction index: 3207
2024-11-18 21:22:39 | Simulation update: decoder round 100135, completed instructions: 3271/14751, actively running or decoding instructions: 3, waiting windows: 35873/73236. Max active instruction index: 3264
2024-11-18 21:22:49 | Simulation update: decoder round 101659, completed instructions: 3310/14751, actively running or decoding instructions: 3, waiting windows: 36433/74393. Max active instruction index: 3302
2024-11-18 21:22:59 | Simulation update: decoder round 103249, completed instructions: 3367/14751, actively running or decoding instructions: 4, waiting windows: 37034/75626. Max active instruction index: 3360
2024-11-18 21:23:09 | Simulation update: decoder round 104867, completed instructions: 3416/14751, actively running or decoding instructions: 2, waiting windows: 37636/76857. Max active instruction index: 3408
2024-11-18 21:23:19 | Simulation update: decoder round 106506, completed instructions: 3475/14751, actively running or decoding instructions: 4, waiting windows: 38246/78109. Max active instruction index: 3467
2024-11-18 21:23:29 | Simulation update: decoder round 108172, completed instructions: 3523/14751, actively running or decoding instructions: 4, waiting windows: 38879/79383. Max active instruction index: 3515
2024-11-18 21:23:39 | Simulation update: decoder round 109864, completed instructions: 3579/14751, actively running or decoding instructions: 4, waiting windows: 39493/80660. Max active instruction index: 3571
2024-11-18 21:23:49 | Simulation update: decoder round 111510, completed instructions: 3635/14751, actively running or decoding instructions: 3, waiting windows: 40126/81942. Max active instruction index: 3627
2024-11-18 21:23:59 | Simulation update: decoder round 113235, completed instructions: 3682/14751, actively running or decoding instructions: 3, waiting windows: 40783/83288. Max active instruction index: 3674
2024-11-18 21:24:09 | Simulation update: decoder round 114991, completed instructions: 3741/14751, actively running or decoding instructions: 2, waiting windows: 41424/84612. Max active instruction index: 3740
2024-11-18 21:24:19 | Simulation update: decoder round 116768, completed instructions: 3797/14751, actively running or decoding instructions: 3, waiting windows: 42110/85994. Max active instruction index: 3797
2024-11-18 21:24:29 | Simulation update: decoder round 118573, completed instructions: 3852/14751, actively running or decoding instructions: 3, waiting windows: 42787/87364. Max active instruction index: 3853
2024-11-18 21:24:39 | Simulation update: decoder round 120391, completed instructions: 3910/14751, actively running or decoding instructions: 2, waiting windows: 43459/88743. Max active instruction index: 3903
2024-11-18 21:24:49 | Simulation update: decoder round 122221, completed instructions: 3957/14751, actively running or decoding instructions: 2, waiting windows: 44152/90159. Max active instruction index: 3950
2024-11-18 21:24:59 | Simulation update: decoder round 123996, completed instructions: 4007/14751, actively running or decoding instructions: 2, waiting windows: 44812/91510. Max active instruction index: 4006
2024-11-18 21:25:09 | Simulation update: decoder round 125860, completed instructions: 4085/14751, actively running or decoding instructions: 3, waiting windows: 45581/93066. Max active instruction index: 4077
2024-11-18 21:25:19 | Simulation update: decoder round 127762, completed instructions: 4143/14751, actively running or decoding instructions: 2, waiting windows: 46341/94630. Max active instruction index: 4142
2024-11-18 21:25:29 | Simulation update: decoder round 129696, completed instructions: 4209/14751, actively running or decoding instructions: 3, waiting windows: 47117/96209. Max active instruction index: 4201
2024-11-18 21:25:39 | Simulation update: decoder round 131654, completed instructions: 4256/14751, actively running or decoding instructions: 3, waiting windows: 47921/97826. Max active instruction index: 4248
2024-11-18 21:25:49 | Simulation update: decoder round 133545, completed instructions: 4313/14751, actively running or decoding instructions: 3, waiting windows: 48666/99370. Max active instruction index: 4305
2024-11-18 21:25:59 | Simulation update: decoder round 135552, completed instructions: 4381/14751, actively running or decoding instructions: 3, waiting windows: 49465/100985. Max active instruction index: 4373
2024-11-18 21:26:09 | Simulation update: decoder round 137584, completed instructions: 4438/14751, actively running or decoding instructions: 3, waiting windows: 50273/102632. Max active instruction index: 4431
2024-11-18 21:26:19 | Simulation update: decoder round 139651, completed instructions: 4497/14751, actively running or decoding instructions: 4, waiting windows: 51109/104303. Max active instruction index: 4489
2024-11-18 21:26:29 | Simulation update: decoder round 141739, completed instructions: 4563/14751, actively running or decoding instructions: 4, waiting windows: 51931/105994. Max active instruction index: 4555
2024-11-18 21:26:39 | Simulation update: decoder round 143767, completed instructions: 4619/14751, actively running or decoding instructions: 3, waiting windows: 52749/107669. Max active instruction index: 4611
2024-11-18 21:26:49 | Simulation update: decoder round 145922, completed instructions: 4686/14751, actively running or decoding instructions: 4, waiting windows: 53590/109386. Max active instruction index: 4678
2024-11-18 21:26:59 | Simulation update: decoder round 148128, completed instructions: 4751/14751, actively running or decoding instructions: 2, waiting windows: 54489/111209. Max active instruction index: 4743
2024-11-18 21:27:09 | Simulation update: decoder round 150371, completed instructions: 4808/14751, actively running or decoding instructions: 2, waiting windows: 55379/113013. Max active instruction index: 4800
2024-11-18 21:27:19 | Simulation update: decoder round 152653, completed instructions: 4885/14751, actively running or decoding instructions: 2, waiting windows: 56300/114878. Max active instruction index: 4877
2024-11-18 21:27:29 | Simulation update: decoder round 154969, completed instructions: 4960/14751, actively running or decoding instructions: 3, waiting windows: 57222/116771. Max active instruction index: 4953
2024-11-18 21:27:39 | Simulation update: decoder round 157207, completed instructions: 5043/14751, actively running or decoding instructions: 3, waiting windows: 58164/118672. Max active instruction index: 5028
2024-11-18 21:27:49 | Simulation update: decoder round 159586, completed instructions: 5119/14751, actively running or decoding instructions: 4, waiting windows: 59166/120720. Max active instruction index: 5104
2024-11-18 21:27:59 | Simulation update: decoder round 162014, completed instructions: 5185/14751, actively running or decoding instructions: 3, waiting windows: 60193/122818. Max active instruction index: 5170
2024-11-18 21:28:09 | Simulation update: decoder round 164497, completed instructions: 5253/14751, actively running or decoding instructions: 4, waiting windows: 61253/124929. Max active instruction index: 5238
2024-11-18 21:28:19 | Simulation update: decoder round 166897, completed instructions: 5328/14751, actively running or decoding instructions: 2, waiting windows: 62258/127001. Max active instruction index: 5314
2024-11-18 21:28:29 | Simulation update: decoder round 169483, completed instructions: 5407/14751, actively running or decoding instructions: 3, waiting windows: 63353/129244. Max active instruction index: 5392
2024-11-18 21:28:39 | Simulation update: decoder round 172131, completed instructions: 5492/14751, actively running or decoding instructions: 3, waiting windows: 64497/131557. Max active instruction index: 5478
2024-11-18 21:28:49 | Simulation update: decoder round 174852, completed instructions: 5569/14751, actively running or decoding instructions: 2, waiting windows: 65643/133895. Max active instruction index: 5555
2024-11-18 21:28:59 | Simulation update: decoder round 177649, completed instructions: 5656/14751, actively running or decoding instructions: 4, waiting windows: 66809/136289. Max active instruction index: 5642
2024-11-18 21:29:09 | Simulation update: decoder round 180505, completed instructions: 5743/14751, actively running or decoding instructions: 2, waiting windows: 68027/138769. Max active instruction index: 5729
2024-11-18 21:29:19 | Simulation update: decoder round 183274, completed instructions: 5821/14751, actively running or decoding instructions: 3, waiting windows: 69212/141153. Max active instruction index: 5806
2024-11-18 21:29:29 | Simulation update: decoder round 186280, completed instructions: 5906/14751, actively running or decoding instructions: 3, waiting windows: 70498/143771. Max active instruction index: 5891
2024-11-18 21:29:39 | Simulation update: decoder round 189387, completed instructions: 6261/14751, actively running or decoding instructions: 10, waiting windows: 71867/146727. Max active instruction index: 6249
2024-11-18 21:29:49 | Simulation update: decoder round 193114, completed instructions: 6700/14751, actively running or decoding instructions: 18, waiting windows: 73591/150352. Max active instruction index: 6722
2024-11-18 21:29:59 | Simulation update: decoder round 197161, completed instructions: 7300/14751, actively running or decoding instructions: 15, waiting windows: 75419/154346. Max active instruction index: 7363
2024-11-18 21:30:09 | Simulation update: decoder round 201472, completed instructions: 8006/14751, actively running or decoding instructions: 21, waiting windows: 77466/158752. Max active instruction index: 8126
2024-11-18 21:30:19 | Simulation update: decoder round 205993, completed instructions: 8735/14751, actively running or decoding instructions: 33, waiting windows: 79597/163312. Max active instruction index: 8874
2024-11-18 21:30:29 | Simulation update: decoder round 216170, completed instructions: 9892/14751, actively running or decoding instructions: 9, waiting windows: 82338/169578. Max active instruction index: 9930
2024-11-18 21:30:39 | Simulation update: decoder round 256960, completed instructions: 12349/14751, actively running or decoding instructions: 4, waiting windows: 86278/178687. Max active instruction index: 12350
2024-11-18 21:30:49 | Simulation update: decoder round 330181, completed instructions: 14747/14751, actively running or decoding instructions: 3, waiting windows: 89698/186764. Max active instruction index: 14724
2024-11-18 21:30:49 | Finished simulation
2024-11-18 21:30:50 | Finished saving output. Done! Total elapsed time: 0:21:43.626992
