CONFIG 715
benchmark_file: slurm/data/20241118_210504/benchmarks/fermi_hubbard_2_2.lss
decoder_latency_or_dist_filename: slurm/data/20241118_210504/decoder_dists.json
distance: 21
lightweight_setting: 2
max_parallel_processes: predict
missed_speculation_modifier: 1.4
poison_policy: successors
rng: 9
scheduling_method: parallel
speculation_accuracy: 0.9
speculation_latency: 1
speculation_mode: separate
2024-11-18 21:09:08 | Loading benchmark slurm/data/20241118_210504/benchmarks/fermi_hubbard_2_2.lss...
2024-11-18 21:09:09 | Starting simulation
PREDICTION STEP BEGIN---------------------------------
Predicted max parallel processes: 144

PREDICTION STEP END-----------------------------------

2024-11-18 21:30:07 | Simulation update: decoder round 1, completed instructions: 0/14751, actively running or decoding instructions: 13, waiting windows: 0/0. Max active instruction index: 30
2024-11-18 21:30:17 | Simulation update: decoder round 966, completed instructions: 53/14751, actively running or decoding instructions: 3, waiting windows: 377/643. Max active instruction index: 50
2024-11-18 21:30:27 | Simulation update: decoder round 1930, completed instructions: 72/14751, actively running or decoding instructions: 3, waiting windows: 680/1260. Max active instruction index: 68
2024-11-18 21:30:37 | Simulation update: decoder round 2894, completed instructions: 88/14751, actively running or decoding instructions: 2, waiting windows: 1013/1908. Max active instruction index: 84
2024-11-18 21:30:47 | Simulation update: decoder round 3862, completed instructions: 110/14751, actively running or decoding instructions: 3, waiting windows: 1323/2547. Max active instruction index: 106
2024-11-18 21:30:57 | Simulation update: decoder round 4823, completed instructions: 126/14751, actively running or decoding instructions: 2, waiting windows: 1646/3193. Max active instruction index: 122
2024-11-18 21:31:07 | Simulation update: decoder round 5730, completed instructions: 141/14751, actively running or decoding instructions: 3, waiting windows: 1948/3798. Max active instruction index: 138
2024-11-18 21:31:17 | Simulation update: decoder round 6700, completed instructions: 160/14751, actively running or decoding instructions: 4, waiting windows: 2247/4417. Max active instruction index: 156
2024-11-18 21:31:27 | Simulation update: decoder round 7671, completed instructions: 174/14751, actively running or decoding instructions: 3, waiting windows: 2573/5062. Max active instruction index: 171
2024-11-18 21:31:37 | Simulation update: decoder round 8641, completed instructions: 187/14751, actively running or decoding instructions: 3, waiting windows: 2879/5693. Max active instruction index: 183
2024-11-18 21:31:47 | Simulation update: decoder round 9613, completed instructions: 202/14751, actively running or decoding instructions: 2, waiting windows: 3186/6318. Max active instruction index: 199
2024-11-18 21:31:57 | Simulation update: decoder round 10585, completed instructions: 216/14751, actively running or decoding instructions: 2, waiting windows: 3520/6970. Max active instruction index: 216
2024-11-18 21:32:07 | Simulation update: decoder round 11562, completed instructions: 236/14751, actively running or decoding instructions: 2, waiting windows: 3836/7618. Max active instruction index: 232
2024-11-18 21:32:17 | Simulation update: decoder round 12544, completed instructions: 255/14751, actively running or decoding instructions: 3, waiting windows: 4159/8262. Max active instruction index: 255
2024-11-18 21:32:27 | Simulation update: decoder round 13528, completed instructions: 277/14751, actively running or decoding instructions: 4, waiting windows: 4471/8895. Max active instruction index: 273
2024-11-18 21:32:37 | Simulation update: decoder round 14515, completed instructions: 289/14751, actively running or decoding instructions: 3, waiting windows: 4801/9555. Max active instruction index: 289
2024-11-18 21:32:47 | Simulation update: decoder round 15508, completed instructions: 308/14751, actively running or decoding instructions: 2, waiting windows: 5117/10202. Max active instruction index: 305
2024-11-18 21:32:57 | Simulation update: decoder round 16503, completed instructions: 331/14751, actively running or decoding instructions: 2, waiting windows: 5428/10834. Max active instruction index: 328
2024-11-18 21:33:07 | Simulation update: decoder round 17499, completed instructions: 352/14751, actively running or decoding instructions: 3, waiting windows: 5759/11493. Max active instruction index: 352
2024-11-18 21:33:17 | Simulation update: decoder round 18502, completed instructions: 373/14751, actively running or decoding instructions: 4, waiting windows: 6080/12143. Max active instruction index: 369
2024-11-18 21:33:27 | Simulation update: decoder round 19506, completed instructions: 390/14751, actively running or decoding instructions: 2, waiting windows: 6402/12797. Max active instruction index: 386
2024-11-18 21:33:37 | Simulation update: decoder round 20508, completed instructions: 411/14751, actively running or decoding instructions: 2, waiting windows: 6735/13471. Max active instruction index: 407
2024-11-18 21:33:47 | Simulation update: decoder round 21516, completed instructions: 427/14751, actively running or decoding instructions: 3, waiting windows: 7070/14147. Max active instruction index: 423
2024-11-18 21:33:57 | Simulation update: decoder round 22528, completed instructions: 447/14751, actively running or decoding instructions: 3, waiting windows: 7398/14807. Max active instruction index: 444
2024-11-18 21:34:07 | Simulation update: decoder round 23542, completed instructions: 464/14751, actively running or decoding instructions: 3, waiting windows: 7723/15463. Max active instruction index: 461
2024-11-18 21:34:17 | Simulation update: decoder round 24555, completed instructions: 482/14751, actively running or decoding instructions: 4, waiting windows: 8042/16114. Max active instruction index: 478
2024-11-18 21:34:27 | Simulation update: decoder round 25501, completed instructions: 497/14751, actively running or decoding instructions: 2, waiting windows: 8352/16741. Max active instruction index: 494
2024-11-18 21:34:37 | Simulation update: decoder round 26515, completed instructions: 519/14751, actively running or decoding instructions: 2, waiting windows: 8662/17394. Max active instruction index: 519
2024-11-18 21:34:47 | Simulation update: decoder round 27533, completed instructions: 542/14751, actively running or decoding instructions: 3, waiting windows: 9018/18082. Max active instruction index: 538
2024-11-18 21:34:57 | Simulation update: decoder round 28554, completed instructions: 557/14751, actively running or decoding instructions: 2, waiting windows: 9344/18756. Max active instruction index: 553
2024-11-18 21:35:07 | Simulation update: decoder round 29577, completed instructions: 579/14751, actively running or decoding instructions: 4, waiting windows: 9687/19435. Max active instruction index: 575
2024-11-18 21:35:17 | Simulation update: decoder round 30604, completed instructions: 613/14751, actively running or decoding instructions: 7, waiting windows: 10037/20134. Max active instruction index: 607
2024-11-18 21:35:27 | Simulation update: decoder round 31634, completed instructions: 635/14751, actively running or decoding instructions: 2, waiting windows: 10377/20852. Max active instruction index: 630
2024-11-18 21:35:37 | Simulation update: decoder round 32664, completed instructions: 665/14751, actively running or decoding instructions: 3, waiting windows: 10751/21597. Max active instruction index: 660
2024-11-18 21:35:47 | Simulation update: decoder round 33698, completed instructions: 681/14751, actively running or decoding instructions: 4, waiting windows: 11089/22293. Max active instruction index: 676
2024-11-18 21:35:57 | Simulation update: decoder round 34736, completed instructions: 705/14751, actively running or decoding instructions: 4, waiting windows: 11456/23027. Max active instruction index: 699
2024-11-18 21:36:07 | Simulation update: decoder round 35778, completed instructions: 726/14751, actively running or decoding instructions: 2, waiting windows: 11808/23762. Max active instruction index: 721
2024-11-18 21:36:17 | Simulation update: decoder round 36825, completed instructions: 757/14751, actively running or decoding instructions: 4, waiting windows: 12183/24510. Max active instruction index: 751
2024-11-18 21:36:27 | Simulation update: decoder round 37875, completed instructions: 780/14751, actively running or decoding instructions: 2, waiting windows: 12550/25259. Max active instruction index: 779
2024-11-18 21:36:37 | Simulation update: decoder round 38922, completed instructions: 809/14751, actively running or decoding instructions: 2, waiting windows: 12919/26009. Max active instruction index: 803
2024-11-18 21:36:47 | Simulation update: decoder round 39910, completed instructions: 837/14751, actively running or decoding instructions: 3, waiting windows: 13270/26726. Max active instruction index: 831
2024-11-18 21:36:57 | Simulation update: decoder round 40901, completed instructions: 859/14751, actively running or decoding instructions: 3, waiting windows: 13603/27429. Max active instruction index: 861
2024-11-18 21:37:07 | Simulation update: decoder round 41911, completed instructions: 891/14751, actively running or decoding instructions: 3, waiting windows: 13964/28157. Max active instruction index: 886
2024-11-18 21:37:17 | Simulation update: decoder round 42899, completed instructions: 922/14751, actively running or decoding instructions: 3, waiting windows: 14314/28866. Max active instruction index: 916
2024-11-18 21:37:27 | Simulation update: decoder round 43889, completed instructions: 944/14751, actively running or decoding instructions: 4, waiting windows: 14669/29580. Max active instruction index: 946
2024-11-18 21:37:37 | Simulation update: decoder round 44796, completed instructions: 959/14751, actively running or decoding instructions: 2, waiting windows: 14993/30237. Max active instruction index: 954
2024-11-18 21:37:47 | Simulation update: decoder round 45783, completed instructions: 990/14751, actively running or decoding instructions: 3, waiting windows: 15345/30949. Max active instruction index: 984
2024-11-18 21:37:57 | Simulation update: decoder round 46775, completed instructions: 1011/14751, actively running or decoding instructions: 3, waiting windows: 15679/31654. Max active instruction index: 1013
2024-11-18 21:38:07 | Simulation update: decoder round 47765, completed instructions: 1041/14751, actively running or decoding instructions: 3, waiting windows: 16036/32368. Max active instruction index: 1036
2024-11-18 21:38:17 | Simulation update: decoder round 48762, completed instructions: 1071/14751, actively running or decoding instructions: 2, waiting windows: 16385/33074. Max active instruction index: 1065
2024-11-18 21:38:27 | Simulation update: decoder round 49763, completed instructions: 1092/14751, actively running or decoding instructions: 3, waiting windows: 16736/33800. Max active instruction index: 1086
2024-11-18 21:38:37 | Simulation update: decoder round 50770, completed instructions: 1108/14751, actively running or decoding instructions: 1, waiting windows: 17096/34526. Max active instruction index: -1
2024-11-18 21:38:47 | Simulation update: decoder round 51783, completed instructions: 1129/14751, actively running or decoding instructions: 2, waiting windows: 17447/35247. Max active instruction index: 1124
2024-11-18 21:38:57 | Simulation update: decoder round 52795, completed instructions: 1154/14751, actively running or decoding instructions: 3, waiting windows: 17822/35981. Max active instruction index: 1148
2024-11-18 21:39:07 | Simulation update: decoder round 53814, completed instructions: 1175/14751, actively running or decoding instructions: 2, waiting windows: 18159/36694. Max active instruction index: 1170
2024-11-18 21:39:17 | Simulation update: decoder round 54836, completed instructions: 1192/14751, actively running or decoding instructions: 3, waiting windows: 18518/37421. Max active instruction index: 1186
2024-11-18 21:39:27 | Simulation update: decoder round 55859, completed instructions: 1222/14751, actively running or decoding instructions: 4, waiting windows: 18860/38131. Max active instruction index: 1216
2024-11-18 21:39:37 | Simulation update: decoder round 56884, completed instructions: 1250/14751, actively running or decoding instructions: 3, waiting windows: 19229/38880. Max active instruction index: 1244
2024-11-18 21:39:47 | Simulation update: decoder round 57911, completed instructions: 1279/14751, actively running or decoding instructions: 4, waiting windows: 19588/39597. Max active instruction index: 1274
2024-11-18 21:39:57 | Simulation update: decoder round 58943, completed instructions: 1302/14751, actively running or decoding instructions: 2, waiting windows: 19938/40329. Max active instruction index: 1296
2024-11-18 21:40:07 | Simulation update: decoder round 59970, completed instructions: 1324/14751, actively running or decoding instructions: 2, waiting windows: 20308/41075. Max active instruction index: 1319
2024-11-18 21:40:17 | Simulation update: decoder round 61004, completed instructions: 1348/14751, actively running or decoding instructions: 2, waiting windows: 20666/41793. Max active instruction index: 1342
2024-11-18 21:40:27 | Simulation update: decoder round 62038, completed instructions: 1429/14751, actively running or decoding instructions: 6, waiting windows: 21067/42622. Max active instruction index: 1429
2024-11-18 21:40:37 | Simulation update: decoder round 63082, completed instructions: 1472/14751, actively running or decoding instructions: 3, waiting windows: 21465/43456. Max active instruction index: 1473
2024-11-18 21:40:47 | Simulation update: decoder round 64045, completed instructions: 1529/14751, actively running or decoding instructions: 3, waiting windows: 21870/44264. Max active instruction index: 1522
2024-11-18 21:40:57 | Simulation update: decoder round 65104, completed instructions: 1583/14751, actively running or decoding instructions: 7, waiting windows: 22271/45112. Max active instruction index: 1575
2024-11-18 21:41:07 | Simulation update: decoder round 66174, completed instructions: 1640/14751, actively running or decoding instructions: 5, waiting windows: 22672/45971. Max active instruction index: 1635
2024-11-18 21:41:17 | Simulation update: decoder round 67260, completed instructions: 1691/14751, actively running or decoding instructions: 4, waiting windows: 23104/46850. Max active instruction index: 1685
2024-11-18 21:41:27 | Simulation update: decoder round 68356, completed instructions: 1749/14751, actively running or decoding instructions: 6, waiting windows: 23553/47764. Max active instruction index: 1752
2024-11-18 21:41:37 | Simulation update: decoder round 69466, completed instructions: 1807/14751, actively running or decoding instructions: 6, waiting windows: 23997/48672. Max active instruction index: 1825
2024-11-18 21:41:47 | Simulation update: decoder round 70588, completed instructions: 1874/14751, actively running or decoding instructions: 4, waiting windows: 24448/49608. Max active instruction index: 1876
2024-11-18 21:41:57 | Simulation update: decoder round 71723, completed instructions: 1924/14751, actively running or decoding instructions: 5, waiting windows: 24887/50542. Max active instruction index: 1934
2024-11-18 21:42:07 | Simulation update: decoder round 72873, completed instructions: 2001/14751, actively running or decoding instructions: 4, waiting windows: 25365/51501. Max active instruction index: 1995
2024-11-18 21:42:17 | Simulation update: decoder round 74034, completed instructions: 2068/14751, actively running or decoding instructions: 4, waiting windows: 25824/52457. Max active instruction index: 2072
2024-11-18 21:42:27 | Simulation update: decoder round 75215, completed instructions: 2134/14751, actively running or decoding instructions: 7, waiting windows: 26276/53413. Max active instruction index: 2175
2024-11-18 21:42:37 | Simulation update: decoder round 76409, completed instructions: 2203/14751, actively running or decoding instructions: 6, waiting windows: 26735/54372. Max active instruction index: 2226
2024-11-18 21:42:47 | Simulation update: decoder round 77615, completed instructions: 2263/14751, actively running or decoding instructions: 5, waiting windows: 27208/55366. Max active instruction index: 2309
2024-11-18 21:42:57 | Simulation update: decoder round 78836, completed instructions: 2320/14751, actively running or decoding instructions: 3, waiting windows: 27711/56376. Max active instruction index: 2368
2024-11-18 21:43:07 | Simulation update: decoder round 80066, completed instructions: 2393/14751, actively running or decoding instructions: 3, waiting windows: 28199/57395. Max active instruction index: 2434
2024-11-18 21:43:17 | Simulation update: decoder round 81316, completed instructions: 2458/14751, actively running or decoding instructions: 5, waiting windows: 28699/58432. Max active instruction index: 2498
2024-11-18 21:43:27 | Simulation update: decoder round 82469, completed instructions: 2519/14751, actively running or decoding instructions: 5, waiting windows: 29164/59385. Max active instruction index: 2550
2024-11-18 21:43:37 | Simulation update: decoder round 83751, completed instructions: 2577/14751, actively running or decoding instructions: 5, waiting windows: 29663/60424. Max active instruction index: 2637
2024-11-18 21:43:47 | Simulation update: decoder round 85052, completed instructions: 2654/14751, actively running or decoding instructions: 7, waiting windows: 30168/61475. Max active instruction index: 2706
2024-11-18 21:43:57 | Simulation update: decoder round 86373, completed instructions: 2724/14751, actively running or decoding instructions: 5, waiting windows: 30686/62544. Max active instruction index: 2774
2024-11-18 21:44:07 | Simulation update: decoder round 87716, completed instructions: 2797/14751, actively running or decoding instructions: 3, waiting windows: 31209/63635. Max active instruction index: 2856
2024-11-18 21:44:17 | Simulation update: decoder round 89084, completed instructions: 2857/14751, actively running or decoding instructions: 5, waiting windows: 31763/64753. Max active instruction index: 2898
2024-11-18 21:44:27 | Simulation update: decoder round 90473, completed instructions: 2934/14751, actively running or decoding instructions: 3, waiting windows: 32304/65864. Max active instruction index: 2974
2024-11-18 21:44:37 | Simulation update: decoder round 91880, completed instructions: 2993/14751, actively running or decoding instructions: 5, waiting windows: 32845/67008. Max active instruction index: 3028
2024-11-18 21:44:47 | Simulation update: decoder round 93215, completed instructions: 3072/14751, actively running or decoding instructions: 7, waiting windows: 33360/68068. Max active instruction index: 3074
2024-11-18 21:44:57 | Simulation update: decoder round 94454, completed instructions: 3101/14751, actively running or decoding instructions: 2, waiting windows: 33827/69027. Max active instruction index: 3093
2024-11-18 21:45:07 | Simulation update: decoder round 95714, completed instructions: 3138/14751, actively running or decoding instructions: 2, waiting windows: 34298/69979. Max active instruction index: 3131
2024-11-18 21:45:17 | Simulation update: decoder round 96979, completed instructions: 3187/14751, actively running or decoding instructions: 3, waiting windows: 34786/70949. Max active instruction index: 3179
2024-11-18 21:45:27 | Simulation update: decoder round 98246, completed instructions: 3225/14751, actively running or decoding instructions: 3, waiting windows: 35254/71932. Max active instruction index: 3217
2024-11-18 21:45:37 | Simulation update: decoder round 99528, completed instructions: 3263/14751, actively running or decoding instructions: 2, waiting windows: 35749/72930. Max active instruction index: 3255
2024-11-18 21:45:47 | Simulation update: decoder round 100822, completed instructions: 3291/14751, actively running or decoding instructions: 3, waiting windows: 36240/73922. Max active instruction index: 3283
2024-11-18 21:45:57 | Simulation update: decoder round 102118, completed instructions: 3339/14751, actively running or decoding instructions: 3, waiting windows: 36725/74925. Max active instruction index: 3331
2024-11-18 21:46:07 | Simulation update: decoder round 103318, completed instructions: 3378/14751, actively running or decoding instructions: 4, waiting windows: 37171/75839. Max active instruction index: 3370
2024-11-18 21:46:17 | Simulation update: decoder round 104643, completed instructions: 3416/14751, actively running or decoding instructions: 3, waiting windows: 37667/76848. Max active instruction index: 3408
2024-11-18 21:46:27 | Simulation update: decoder round 105982, completed instructions: 3455/14751, actively running or decoding instructions: 3, waiting windows: 38170/77871. Max active instruction index: 3447
2024-11-18 21:46:37 | Simulation update: decoder round 107324, completed instructions: 3493/14751, actively running or decoding instructions: 3, waiting windows: 38660/78889. Max active instruction index: 3486
2024-11-18 21:46:47 | Simulation update: decoder round 108685, completed instructions: 3541/14751, actively running or decoding instructions: 2, waiting windows: 39177/79935. Max active instruction index: 3533
2024-11-18 21:46:57 | Simulation update: decoder round 110055, completed instructions: 3579/14751, actively running or decoding instructions: 4, waiting windows: 39677/80963. Max active instruction index: 3571
2024-11-18 21:47:07 | Simulation update: decoder round 111427, completed instructions: 3626/14751, actively running or decoding instructions: 3, waiting windows: 40214/82044. Max active instruction index: 3618
2024-11-18 21:47:17 | Simulation update: decoder round 112825, completed instructions: 3673/14751, actively running or decoding instructions: 2, waiting windows: 40741/83127. Max active instruction index: 3665
2024-11-18 21:47:27 | Simulation update: decoder round 114252, completed instructions: 3721/14751, actively running or decoding instructions: 3, waiting windows: 41277/84218. Max active instruction index: 3713
2024-11-18 21:47:37 | Simulation update: decoder round 115702, completed instructions: 3759/14751, actively running or decoding instructions: 2, waiting windows: 41821/85331. Max active instruction index: 3751
2024-11-18 21:47:47 | Simulation update: decoder round 117171, completed instructions: 3805/14751, actively running or decoding instructions: 2, waiting windows: 42374/86459. Max active instruction index: 3797
2024-11-18 21:47:57 | Simulation update: decoder round 118656, completed instructions: 3853/14751, actively running or decoding instructions: 2, waiting windows: 42928/87596. Max active instruction index: 3845
2024-11-18 21:48:07 | Simulation update: decoder round 120156, completed instructions: 3902/14751, actively running or decoding instructions: 3, waiting windows: 43495/88730. Max active instruction index: 3894
2024-11-18 21:48:17 | Simulation update: decoder round 121660, completed instructions: 3940/14751, actively running or decoding instructions: 3, waiting windows: 44059/89880. Max active instruction index: 3932
2024-11-18 21:48:27 | Simulation update: decoder round 123040, completed instructions: 3978/14751, actively running or decoding instructions: 3, waiting windows: 44579/90934. Max active instruction index: 3970
2024-11-18 21:48:37 | Simulation update: decoder round 124567, completed instructions: 4046/14751, actively running or decoding instructions: 6, waiting windows: 45160/92134. Max active instruction index: 4048
2024-11-18 21:48:47 | Simulation update: decoder round 126109, completed instructions: 4093/14751, actively running or decoding instructions: 4, waiting windows: 45795/93412. Max active instruction index: 4095
2024-11-18 21:48:57 | Simulation update: decoder round 127676, completed instructions: 4132/14751, actively running or decoding instructions: 3, waiting windows: 46408/94696. Max active instruction index: 4124
2024-11-18 21:49:07 | Simulation update: decoder round 129255, completed instructions: 4170/14751, actively running or decoding instructions: 2, waiting windows: 47049/95991. Max active instruction index: 4162
2024-11-18 21:49:17 | Simulation update: decoder round 130850, completed instructions: 4218/14751, actively running or decoding instructions: 3, waiting windows: 47677/97273. Max active instruction index: 4210
2024-11-18 21:49:27 | Simulation update: decoder round 132464, completed instructions: 4267/14751, actively running or decoding instructions: 3, waiting windows: 48340/98608. Max active instruction index: 4267
2024-11-18 21:49:37 | Simulation update: decoder round 134107, completed instructions: 4323/14751, actively running or decoding instructions: 3, waiting windows: 49014/99963. Max active instruction index: 4315
2024-11-18 21:49:47 | Simulation update: decoder round 135784, completed instructions: 4371/14751, actively running or decoding instructions: 4, waiting windows: 49658/101291. Max active instruction index: 4363
2024-11-18 21:49:57 | Simulation update: decoder round 137480, completed instructions: 4429/14751, actively running or decoding instructions: 3, waiting windows: 50334/102672. Max active instruction index: 4421
2024-11-18 21:50:07 | Simulation update: decoder round 139202, completed instructions: 4478/14751, actively running or decoding instructions: 3, waiting windows: 51019/104063. Max active instruction index: 4470
2024-11-18 21:50:17 | Simulation update: decoder round 140942, completed instructions: 4532/14751, actively running or decoding instructions: 3, waiting windows: 51716/105479. Max active instruction index: 4525
2024-11-18 21:50:27 | Simulation update: decoder round 142706, completed instructions: 4581/14751, actively running or decoding instructions: 2, waiting windows: 52412/106905. Max active instruction index: 4573
2024-11-18 21:50:37 | Simulation update: decoder round 144323, completed instructions: 4627/14751, actively running or decoding instructions: 2, waiting windows: 53060/108230. Max active instruction index: 4620
2024-11-18 21:50:47 | Simulation update: decoder round 146143, completed instructions: 4676/14751, actively running or decoding instructions: 4, waiting windows: 53771/109681. Max active instruction index: 4677
2024-11-18 21:50:57 | Simulation update: decoder round 147993, completed instructions: 4743/14751, actively running or decoding instructions: 2, waiting windows: 54525/111214. Max active instruction index: 4743
2024-11-18 21:51:07 | Simulation update: decoder round 149886, completed instructions: 4799/14751, actively running or decoding instructions: 4, waiting windows: 55274/112727. Max active instruction index: 4791
2024-11-18 21:51:17 | Simulation update: decoder round 151806, completed instructions: 4856/14751, actively running or decoding instructions: 2, waiting windows: 56046/114295. Max active instruction index: 4848
2024-11-18 21:51:27 | Simulation update: decoder round 153740, completed instructions: 4923/14751, actively running or decoding instructions: 2, waiting windows: 56818/115879. Max active instruction index: 4915
2024-11-18 21:51:37 | Simulation update: decoder round 155715, completed instructions: 4979/14751, actively running or decoding instructions: 2, waiting windows: 57598/117477. Max active instruction index: 4972
2024-11-18 21:51:47 | Simulation update: decoder round 157706, completed instructions: 5052/14751, actively running or decoding instructions: 2, waiting windows: 58450/119186. Max active instruction index: 5037
