CONFIG 721
benchmark_file: slurm/data/20241118_210504/benchmarks/carleman_2_4.lss
decoder_latency_or_dist_filename: slurm/data/20241118_210504/decoder_dists.json
distance: 21
lightweight_setting: 2
max_parallel_processes: predict
missed_speculation_modifier: 1.4
poison_policy: successors
rng: 9
scheduling_method: parallel
speculation_accuracy: 0.9
speculation_latency: 1
speculation_mode: separate
2024-11-18 21:09:08 | Loading benchmark slurm/data/20241118_210504/benchmarks/carleman_2_4.lss...
2024-11-18 21:09:09 | Starting simulation
PREDICTION STEP BEGIN---------------------------------
Predicted max parallel processes: 313

PREDICTION STEP END-----------------------------------

2024-11-18 21:16:16 | Simulation update: decoder round 1, completed instructions: 0/12153, actively running or decoding instructions: 21, waiting windows: 0/0. Max active instruction index: 191
2024-11-18 21:16:26 | Simulation update: decoder round 555, completed instructions: 406/12153, actively running or decoding instructions: 19, waiting windows: 583/1075. Max active instruction index: 403
2024-11-18 21:16:36 | Simulation update: decoder round 1011, completed instructions: 567/12153, actively running or decoding instructions: 18, waiting windows: 1004/1901. Max active instruction index: 558
2024-11-18 21:16:46 | Simulation update: decoder round 1472, completed instructions: 683/12153, actively running or decoding instructions: 25, waiting windows: 1372/2694. Max active instruction index: 721
2024-11-18 21:16:56 | Simulation update: decoder round 1933, completed instructions: 814/12153, actively running or decoding instructions: 17, waiting windows: 1713/3480. Max active instruction index: 824
2024-11-18 21:17:06 | Simulation update: decoder round 2401, completed instructions: 952/12153, actively running or decoding instructions: 16, waiting windows: 2030/4275. Max active instruction index: 949
2024-11-18 21:17:16 | Simulation update: decoder round 2852, completed instructions: 1154/12153, actively running or decoding instructions: 29, waiting windows: 2450/5121. Max active instruction index: 1178
2024-11-18 21:17:26 | Simulation update: decoder round 3330, completed instructions: 1291/12153, actively running or decoding instructions: 26, waiting windows: 2858/6000. Max active instruction index: 1334
2024-11-18 21:17:36 | Simulation update: decoder round 3819, completed instructions: 1359/12153, actively running or decoding instructions: 5, waiting windows: 3189/6813. Max active instruction index: 1366
2024-11-18 21:17:46 | Simulation update: decoder round 4307, completed instructions: 1619/12153, actively running or decoding instructions: 22, waiting windows: 3651/7847. Max active instruction index: 1703
2024-11-18 21:17:56 | Simulation update: decoder round 4800, completed instructions: 1868/12153, actively running or decoding instructions: 31, waiting windows: 4132/8863. Max active instruction index: 1957
2024-11-18 21:18:06 | Simulation update: decoder round 5282, completed instructions: 2064/12153, actively running or decoding instructions: 10, waiting windows: 4483/9807. Max active instruction index: 2117
2024-11-18 21:18:16 | Simulation update: decoder round 5804, completed instructions: 2256/12153, actively running or decoding instructions: 12, waiting windows: 4915/10786. Max active instruction index: 2389
2024-11-18 21:18:26 | Simulation update: decoder round 6329, completed instructions: 2463/12153, actively running or decoding instructions: 16, waiting windows: 5387/11817. Max active instruction index: 2510
2024-11-18 21:18:36 | Simulation update: decoder round 6864, completed instructions: 2633/12153, actively running or decoding instructions: 12, waiting windows: 5823/12808. Max active instruction index: 2631
2024-11-18 21:18:46 | Simulation update: decoder round 7406, completed instructions: 2851/12153, actively running or decoding instructions: 25, waiting windows: 6310/13857. Max active instruction index: 2912
2024-11-18 21:18:56 | Simulation update: decoder round 7963, completed instructions: 2998/12153, actively running or decoding instructions: 8, waiting windows: 6767/14882. Max active instruction index: 3027
2024-11-18 21:19:07 | Simulation update: decoder round 8525, completed instructions: 3188/12153, actively running or decoding instructions: 19, waiting windows: 7240/15952. Max active instruction index: 3207
2024-11-18 21:19:17 | Simulation update: decoder round 9093, completed instructions: 3348/12153, actively running or decoding instructions: 18, waiting windows: 7769/17056. Max active instruction index: 3330
2024-11-18 21:19:27 | Simulation update: decoder round 9669, completed instructions: 3481/12153, actively running or decoding instructions: 15, waiting windows: 8280/18161. Max active instruction index: 3489
2024-11-18 21:19:37 | Simulation update: decoder round 10261, completed instructions: 3600/12153, actively running or decoding instructions: 4, waiting windows: 8776/19248. Max active instruction index: 3601
2024-11-18 21:19:47 | Simulation update: decoder round 10858, completed instructions: 3768/12153, actively running or decoding instructions: 13, waiting windows: 9307/20389. Max active instruction index: 3780
2024-11-18 21:19:57 | Simulation update: decoder round 11472, completed instructions: 3969/12153, actively running or decoding instructions: 10, waiting windows: 9842/21567. Max active instruction index: 3994
2024-11-18 21:20:07 | Simulation update: decoder round 12101, completed instructions: 4240/12153, actively running or decoding instructions: 28, waiting windows: 10418/22795. Max active instruction index: 4401
2024-11-18 21:20:17 | Simulation update: decoder round 12721, completed instructions: 4309/12153, actively running or decoding instructions: 10, waiting windows: 10902/23871. Max active instruction index: 4330
2024-11-18 21:20:27 | Simulation update: decoder round 13377, completed instructions: 4567/12153, actively running or decoding instructions: 17, waiting windows: 11464/25136. Max active instruction index: 4696
2024-11-18 21:20:37 | Simulation update: decoder round 14029, completed instructions: 4740/12153, actively running or decoding instructions: 15, waiting windows: 12014/26363. Max active instruction index: 4765
2024-11-18 21:20:47 | Simulation update: decoder round 14695, completed instructions: 5019/12153, actively running or decoding instructions: 32, waiting windows: 12674/27696. Max active instruction index: 5112
2024-11-18 21:20:57 | Simulation update: decoder round 15384, completed instructions: 5204/12153, actively running or decoding instructions: 23, waiting windows: 13164/28920. Max active instruction index: 5270
2024-11-18 21:21:07 | Simulation update: decoder round 16136, completed instructions: 5313/12153, actively running or decoding instructions: 11, waiting windows: 13763/30179. Max active instruction index: 5306
2024-11-18 21:21:17 | Simulation update: decoder round 16897, completed instructions: 5437/12153, actively running or decoding instructions: 11, waiting windows: 14364/31480. Max active instruction index: 5408
2024-11-18 21:21:27 | Simulation update: decoder round 17641, completed instructions: 5566/12153, actively running or decoding instructions: 20, waiting windows: 14992/32728. Max active instruction index: 5652
2024-11-18 21:21:37 | Simulation update: decoder round 18432, completed instructions: 5635/12153, actively running or decoding instructions: 8, waiting windows: 15553/33976. Max active instruction index: 5590
2024-11-18 21:21:47 | Simulation update: decoder round 19238, completed instructions: 5758/12153, actively running or decoding instructions: 11, waiting windows: 16173/35268. Max active instruction index: 5746
2024-11-18 21:21:57 | Simulation update: decoder round 20058, completed instructions: 5875/12153, actively running or decoding instructions: 13, waiting windows: 16782/36542. Max active instruction index: 5869
2024-11-18 21:22:07 | Simulation update: decoder round 20882, completed instructions: 6034/12153, actively running or decoding instructions: 12, waiting windows: 17414/37898. Max active instruction index: 6055
2024-11-18 21:22:17 | Simulation update: decoder round 21727, completed instructions: 6195/12153, actively running or decoding instructions: 11, waiting windows: 18092/39325. Max active instruction index: 6179
2024-11-18 21:22:27 | Simulation update: decoder round 22562, completed instructions: 6356/12153, actively running or decoding instructions: 12, waiting windows: 18737/40737. Max active instruction index: 6367
2024-11-18 21:22:37 | Simulation update: decoder round 23455, completed instructions: 6573/12153, actively running or decoding instructions: 23, waiting windows: 19427/42245. Max active instruction index: 6573
2024-11-18 21:22:47 | Simulation update: decoder round 24394, completed instructions: 6756/12153, actively running or decoding instructions: 7, waiting windows: 20163/43815. Max active instruction index: 6740
2024-11-18 21:22:57 | Simulation update: decoder round 25374, completed instructions: 6941/12153, actively running or decoding instructions: 9, waiting windows: 20921/45417. Max active instruction index: 6929
2024-11-18 21:23:07 | Simulation update: decoder round 26379, completed instructions: 7243/12153, actively running or decoding instructions: 13, waiting windows: 21693/47125. Max active instruction index: 7249
2024-11-18 21:23:17 | Simulation update: decoder round 27447, completed instructions: 7556/12153, actively running or decoding instructions: 23, waiting windows: 22519/48917. Max active instruction index: 7798
2024-11-18 21:23:27 | Simulation update: decoder round 28494, completed instructions: 7771/12153, actively running or decoding instructions: 28, waiting windows: 23383/50672. Max active instruction index: 7897
2024-11-18 21:23:37 | Simulation update: decoder round 29659, completed instructions: 8046/12153, actively running or decoding instructions: 20, waiting windows: 24289/52623. Max active instruction index: 8170
2024-11-18 21:23:47 | Simulation update: decoder round 30909, completed instructions: 8390/12153, actively running or decoding instructions: 29, waiting windows: 25181/54669. Max active instruction index: 8568
2024-11-18 21:23:57 | Simulation update: decoder round 32270, completed instructions: 8754/12153, actively running or decoding instructions: 13, waiting windows: 26114/56794. Max active instruction index: 8752
2024-11-18 21:24:07 | Simulation update: decoder round 33729, completed instructions: 8850/12153, actively running or decoding instructions: 6, waiting windows: 27049/58788. Max active instruction index: 8829
2024-11-18 21:24:17 | Simulation update: decoder round 35168, completed instructions: 9447/12153, actively running or decoding instructions: 25, waiting windows: 28060/61108. Max active instruction index: 9471
2024-11-18 21:24:27 | Simulation update: decoder round 37055, completed instructions: 10245/12153, actively running or decoding instructions: 18, waiting windows: 29248/63993. Max active instruction index: 10259
2024-11-18 21:24:37 | Simulation update: decoder round 39912, completed instructions: 10986/12153, actively running or decoding instructions: 23, waiting windows: 30620/67160. Max active instruction index: 10980
2024-11-18 21:24:47 | Simulation update: decoder round 44718, completed instructions: 11892/12153, actively running or decoding instructions: 17, waiting windows: 32511/71502. Max active instruction index: 11837
2024-11-18 21:24:48 | Finished simulation
2024-11-18 21:24:48 | Finished saving output. Done! Total elapsed time: 0:15:40.010187
