CONFIG 748
benchmark_file: slurm/data/20241118_210504/benchmarks/adder_n18.lss
decoder_latency_or_dist_filename: slurm/data/20241118_210504/decoder_dists.json
distance: 21
lightweight_setting: 2
max_parallel_processes: None
missed_speculation_modifier: 1.4
poison_policy: successors
rng: 0
scheduling_method: aligned
speculation_accuracy: 0.9
speculation_latency: 1
speculation_mode: separate
2024-11-18 21:09:22 | Loading benchmark slurm/data/20241118_210504/benchmarks/adder_n18.lss...
2024-11-18 21:09:22 | Starting simulation
2024-11-18 21:09:22 | Simulation update: decoder round 1, completed instructions: 0/2002, actively running or decoding instructions: 3, waiting windows: 0/0. Max active instruction index: 18
2024-11-18 21:09:32 | Simulation update: decoder round 3576, completed instructions: 433/2002, actively running or decoding instructions: 9, waiting windows: 1749/3520. Max active instruction index: 421
2024-11-18 21:09:42 | Simulation update: decoder round 7077, completed instructions: 818/2002, actively running or decoding instructions: 14, waiting windows: 3388/7025. Max active instruction index: 814
2024-11-18 21:09:52 | Simulation update: decoder round 11242, completed instructions: 1374/2002, actively running or decoding instructions: 13, waiting windows: 5056/10728. Max active instruction index: 1379
2024-11-18 21:09:58 | Finished simulation
2024-11-18 21:09:58 | Finished saving output. Done! Total elapsed time: 0:00:36.552064
