CONFIG 792
benchmark_file: slurm/data/20241118_210504/benchmarks/fermi_hubbard_2_2.lss
decoder_latency_or_dist_filename: slurm/data/20241118_210504/decoder_dists.json
distance: 21
lightweight_setting: 2
max_parallel_processes: None
missed_speculation_modifier: 1.4
poison_policy: successors
rng: 1
scheduling_method: aligned
speculation_accuracy: 0.9
speculation_latency: 1
speculation_mode: separate
2024-11-18 21:09:23 | Loading benchmark slurm/data/20241118_210504/benchmarks/fermi_hubbard_2_2.lss...
2024-11-18 21:09:24 | Starting simulation
2024-11-18 21:09:26 | Simulation update: decoder round 1, completed instructions: 0/14751, actively running or decoding instructions: 13, waiting windows: 0/0. Max active instruction index: 30
2024-11-18 21:09:36 | Simulation update: decoder round 886, completed instructions: 60/14751, actively running or decoding instructions: 4, waiting windows: 352/593. Max active instruction index: 56
2024-11-18 21:09:46 | Simulation update: decoder round 1764, completed instructions: 72/14751, actively running or decoding instructions: 4, waiting windows: 626/1153. Max active instruction index: 68
2024-11-18 21:09:56 | Simulation update: decoder round 2631, completed instructions: 88/14751, actively running or decoding instructions: 3, waiting windows: 922/1735. Max active instruction index: 84
2024-11-18 21:10:06 | Simulation update: decoder round 3513, completed instructions: 105/14751, actively running or decoding instructions: 3, waiting windows: 1203/2327. Max active instruction index: 101
2024-11-18 21:10:16 | Simulation update: decoder round 4398, completed instructions: 125/14751, actively running or decoding instructions: 3, waiting windows: 1500/2920. Max active instruction index: 126
2024-11-18 21:10:26 | Simulation update: decoder round 5289, completed instructions: 138/14751, actively running or decoding instructions: 2, waiting windows: 1772/3499. Max active instruction index: 138
2024-11-18 21:10:36 | Simulation update: decoder round 6180, completed instructions: 159/14751, actively running or decoding instructions: 5, waiting windows: 2059/4076. Max active instruction index: 160
2024-11-18 21:10:46 | Simulation update: decoder round 7070, completed instructions: 175/14751, actively running or decoding instructions: 2, waiting windows: 2350/4669. Max active instruction index: 171
2024-11-18 21:10:56 | Simulation update: decoder round 7962, completed instructions: 187/14751, actively running or decoding instructions: 4, waiting windows: 2631/5242. Max active instruction index: 183
2024-11-18 21:11:06 | Simulation update: decoder round 8864, completed instructions: 208/14751, actively running or decoding instructions: 4, waiting windows: 2926/5841. Max active instruction index: 205
2024-11-18 21:11:16 | Simulation update: decoder round 9752, completed instructions: 226/14751, actively running or decoding instructions: 3, waiting windows: 3208/6413. Max active instruction index: 222
2024-11-18 21:11:26 | Simulation update: decoder round 10657, completed instructions: 241/14751, actively running or decoding instructions: 3, waiting windows: 3507/7016. Max active instruction index: 238
2024-11-18 21:11:36 | Simulation update: decoder round 11572, completed instructions: 259/14751, actively running or decoding instructions: 2, waiting windows: 3797/7614. Max active instruction index: 255
2024-11-18 21:11:46 | Simulation update: decoder round 12493, completed instructions: 277/14751, actively running or decoding instructions: 3, waiting windows: 4080/8198. Max active instruction index: 273
2024-11-18 21:11:56 | Simulation update: decoder round 13419, completed instructions: 299/14751, actively running or decoding instructions: 4, waiting windows: 4366/8797. Max active instruction index: 295
2024-11-18 21:12:06 | Simulation update: decoder round 14345, completed instructions: 314/14751, actively running or decoding instructions: 3, waiting windows: 4676/9421. Max active instruction index: 311
2024-11-18 21:12:16 | Simulation update: decoder round 15276, completed instructions: 337/14751, actively running or decoding instructions: 4, waiting windows: 4971/10023. Max active instruction index: 334
2024-11-18 21:12:26 | Simulation update: decoder round 16188, completed instructions: 356/14751, actively running or decoding instructions: 3, waiting windows: 5264/10609. Max active instruction index: 352
2024-11-18 21:12:36 | Simulation update: decoder round 17121, completed instructions: 373/14751, actively running or decoding instructions: 4, waiting windows: 5565/11222. Max active instruction index: 369
2024-11-18 21:12:46 | Simulation update: decoder round 18054, completed instructions: 390/14751, actively running or decoding instructions: 3, waiting windows: 5864/11834. Max active instruction index: 386
2024-11-18 21:12:56 | Simulation update: decoder round 18992, completed instructions: 406/14751, actively running or decoding instructions: 2, waiting windows: 6169/12452. Max active instruction index: 402
2024-11-18 21:13:06 | Simulation update: decoder round 19926, completed instructions: 427/14751, actively running or decoding instructions: 3, waiting windows: 6475/13072. Max active instruction index: 423
2024-11-18 21:13:16 | Simulation update: decoder round 20864, completed instructions: 447/14751, actively running or decoding instructions: 3, waiting windows: 6786/13703. Max active instruction index: 444
2024-11-18 21:13:26 | Simulation update: decoder round 21805, completed instructions: 464/14751, actively running or decoding instructions: 3, waiting windows: 7077/14305. Max active instruction index: 461
2024-11-18 21:13:36 | Simulation update: decoder round 22750, completed instructions: 482/14751, actively running or decoding instructions: 4, waiting windows: 7374/14917. Max active instruction index: 478
2024-11-18 21:13:46 | Simulation update: decoder round 23678, completed instructions: 497/14751, actively running or decoding instructions: 2, waiting windows: 7677/15533. Max active instruction index: 494
2024-11-18 21:13:56 | Simulation update: decoder round 24624, completed instructions: 519/14751, actively running or decoding instructions: 3, waiting windows: 7979/16153. Max active instruction index: 521
2024-11-18 21:14:06 | Simulation update: decoder round 25571, completed instructions: 542/14751, actively running or decoding instructions: 2, waiting windows: 8292/16785. Max active instruction index: 538
2024-11-18 21:14:16 | Simulation update: decoder round 26524, completed instructions: 562/14751, actively running or decoding instructions: 3, waiting windows: 8607/17431. Max active instruction index: 558
2024-11-18 21:14:26 | Simulation update: decoder round 27489, completed instructions: 580/14751, actively running or decoding instructions: 2, waiting windows: 8910/18047. Max active instruction index: 580
2024-11-18 21:14:36 | Simulation update: decoder round 28444, completed instructions: 612/14751, actively running or decoding instructions: 7, waiting windows: 9216/18687. Max active instruction index: 607
2024-11-18 21:14:46 | Simulation update: decoder round 29402, completed instructions: 636/14751, actively running or decoding instructions: 3, waiting windows: 9569/19382. Max active instruction index: 630
2024-11-18 21:14:56 | Simulation update: decoder round 30367, completed instructions: 659/14751, actively running or decoding instructions: 2, waiting windows: 9899/20067. Max active instruction index: 653
2024-11-18 21:15:06 | Simulation update: decoder round 31313, completed instructions: 690/14751, actively running or decoding instructions: 4, waiting windows: 10220/20744. Max active instruction index: 684
2024-11-18 21:15:16 | Simulation update: decoder round 32282, completed instructions: 714/14751, actively running or decoding instructions: 1, waiting windows: 10567/21444. Max active instruction index: -1
2024-11-18 21:15:26 | Simulation update: decoder round 33258, completed instructions: 743/14751, actively running or decoding instructions: 3, waiting windows: 10896/22148. Max active instruction index: 743
2024-11-18 21:15:36 | Simulation update: decoder round 34241, completed instructions: 764/14751, actively running or decoding instructions: 2, waiting windows: 11243/22847. Max active instruction index: 758
2024-11-18 21:15:46 | Simulation update: decoder round 35224, completed instructions: 800/14751, actively running or decoding instructions: 2, waiting windows: 11593/23562. Max active instruction index: 795
2024-11-18 21:15:56 | Simulation update: decoder round 36208, completed instructions: 823/14751, actively running or decoding instructions: 3, waiting windows: 11936/24279. Max active instruction index: 817
2024-11-18 21:16:06 | Simulation update: decoder round 37176, completed instructions: 846/14751, actively running or decoding instructions: 4, waiting windows: 12268/24971. Max active instruction index: 845
2024-11-18 21:16:16 | Simulation update: decoder round 38173, completed instructions: 875/14751, actively running or decoding instructions: 4, waiting windows: 12601/25647. Max active instruction index: 870
2024-11-18 21:16:26 | Simulation update: decoder round 39172, completed instructions: 900/14751, actively running or decoding instructions: 3, waiting windows: 12966/26367. Max active instruction index: 894
2024-11-18 21:16:36 | Simulation update: decoder round 40176, completed instructions: 936/14751, actively running or decoding instructions: 3, waiting windows: 13313/27092. Max active instruction index: 931
2024-11-18 21:16:46 | Simulation update: decoder round 41182, completed instructions: 959/14751, actively running or decoding instructions: 2, waiting windows: 13653/27793. Max active instruction index: 954
2024-11-18 21:16:56 | Simulation update: decoder round 42193, completed instructions: 990/14751, actively running or decoding instructions: 3, waiting windows: 14010/28517. Max active instruction index: 984
2024-11-18 21:17:06 | Simulation update: decoder round 43212, completed instructions: 1020/14751, actively running or decoding instructions: 3, waiting windows: 14355/29251. Max active instruction index: 1014
2024-11-18 21:17:16 | Simulation update: decoder round 44236, completed instructions: 1041/14751, actively running or decoding instructions: 2, waiting windows: 14711/29987. Max active instruction index: 1036
2024-11-18 21:17:26 | Simulation update: decoder round 45264, completed instructions: 1071/14751, actively running or decoding instructions: 3, waiting windows: 15063/30729. Max active instruction index: 1065
2024-11-18 21:17:36 | Simulation update: decoder round 46296, completed instructions: 1100/14751, actively running or decoding instructions: 3, waiting windows: 15439/31476. Max active instruction index: 1094
2024-11-18 21:17:46 | Simulation update: decoder round 47339, completed instructions: 1129/14751, actively running or decoding instructions: 4, waiting windows: 15800/32224. Max active instruction index: 1131
2024-11-18 21:17:56 | Simulation update: decoder round 48363, completed instructions: 1154/14751, actively running or decoding instructions: 4, waiting windows: 16146/32945. Max active instruction index: 1148
2024-11-18 21:18:06 | Simulation update: decoder round 49412, completed instructions: 1183/14751, actively running or decoding instructions: 3, waiting windows: 16509/33701. Max active instruction index: 1178
2024-11-18 21:18:16 | Simulation update: decoder round 50464, completed instructions: 1207/14751, actively running or decoding instructions: 3, waiting windows: 16887/34460. Max active instruction index: 1201
2024-11-18 21:18:26 | Simulation update: decoder round 51524, completed instructions: 1236/14751, actively running or decoding instructions: 3, waiting windows: 17256/35224. Max active instruction index: 1230
2024-11-18 21:18:36 | Simulation update: decoder round 52589, completed instructions: 1263/14751, actively running or decoding instructions: 3, waiting windows: 17620/35991. Max active instruction index: 1258
2024-11-18 21:18:46 | Simulation update: decoder round 53660, completed instructions: 1287/14751, actively running or decoding instructions: 5, waiting windows: 17989/36736. Max active instruction index: 1288
2024-11-18 21:18:56 | Simulation update: decoder round 54728, completed instructions: 1310/14751, actively running or decoding instructions: 3, waiting windows: 18371/37508. Max active instruction index: 1304
2024-11-18 21:19:06 | Simulation update: decoder round 55782, completed instructions: 1340/14751, actively running or decoding instructions: 5, waiting windows: 18731/38256. Max active instruction index: 1341
2024-11-18 21:19:16 | Simulation update: decoder round 56854, completed instructions: 1414/14751, actively running or decoding instructions: 7, waiting windows: 19128/39086. Max active instruction index: 1411
2024-11-18 21:19:26 | Simulation update: decoder round 57935, completed instructions: 1471/14751, actively running or decoding instructions: 6, waiting windows: 19551/39952. Max active instruction index: 1463
2024-11-18 21:19:36 | Simulation update: decoder round 59025, completed instructions: 1537/14751, actively running or decoding instructions: 4, waiting windows: 19977/40846. Max active instruction index: 1532
2024-11-18 21:19:46 | Simulation update: decoder round 60128, completed instructions: 1600/14751, actively running or decoding instructions: 5, waiting windows: 20418/41759. Max active instruction index: 1602
2024-11-18 21:19:56 | Simulation update: decoder round 61244, completed instructions: 1675/14751, actively running or decoding instructions: 4, waiting windows: 20858/42683. Max active instruction index: 1682
2024-11-18 21:20:06 | Simulation update: decoder round 62371, completed instructions: 1742/14751, actively running or decoding instructions: 4, waiting windows: 21326/43630. Max active instruction index: 1750
2024-11-18 21:20:16 | Simulation update: decoder round 63477, completed instructions: 1815/14751, actively running or decoding instructions: 4, waiting windows: 21759/44555. Max active instruction index: 1826
2024-11-18 21:20:27 | Simulation update: decoder round 64634, completed instructions: 1881/14751, actively running or decoding instructions: 4, waiting windows: 22218/45522. Max active instruction index: 1898
2024-11-18 21:20:37 | Simulation update: decoder round 65806, completed instructions: 1958/14751, actively running or decoding instructions: 6, waiting windows: 22681/46486. Max active instruction index: 1960
2024-11-18 21:20:47 | Simulation update: decoder round 66997, completed instructions: 2042/14751, actively running or decoding instructions: 6, waiting windows: 23168/47482. Max active instruction index: 2071
2024-11-18 21:20:57 | Simulation update: decoder round 68205, completed instructions: 2125/14751, actively running or decoding instructions: 6, waiting windows: 23619/48462. Max active instruction index: 2140
2024-11-18 21:21:07 | Simulation update: decoder round 69436, completed instructions: 2197/14751, actively running or decoding instructions: 6, waiting windows: 24095/49450. Max active instruction index: 2210
2024-11-18 21:21:17 | Simulation update: decoder round 70642, completed instructions: 2264/14751, actively running or decoding instructions: 4, waiting windows: 24574/50453. Max active instruction index: 2292
2024-11-18 21:21:27 | Simulation update: decoder round 71904, completed instructions: 2331/14751, actively running or decoding instructions: 3, waiting windows: 25060/51472. Max active instruction index: 2352
2024-11-18 21:21:37 | Simulation update: decoder round 73184, completed instructions: 2414/14751, actively running or decoding instructions: 4, waiting windows: 25576/52523. Max active instruction index: 2434
2024-11-18 21:21:47 | Simulation update: decoder round 74485, completed instructions: 2486/14751, actively running or decoding instructions: 3, waiting windows: 26083/53596. Max active instruction index: 2498
2024-11-18 21:21:57 | Simulation update: decoder round 75802, completed instructions: 2562/14751, actively running or decoding instructions: 3, waiting windows: 26620/54685. Max active instruction index: 2584
2024-11-18 21:22:07 | Simulation update: decoder round 77141, completed instructions: 2642/14751, actively running or decoding instructions: 5, waiting windows: 27138/55776. Max active instruction index: 2654
2024-11-18 21:22:17 | Simulation update: decoder round 78453, completed instructions: 2704/14751, actively running or decoding instructions: 3, waiting windows: 27649/56832. Max active instruction index: 2740
2024-11-18 21:22:27 | Simulation update: decoder round 79831, completed instructions: 2796/14751, actively running or decoding instructions: 4, waiting windows: 28198/57957. Max active instruction index: 2808
2024-11-18 21:22:37 | Simulation update: decoder round 81228, completed instructions: 2867/14751, actively running or decoding instructions: 4, waiting windows: 28733/59110. Max active instruction index: 2881
2024-11-18 21:22:47 | Simulation update: decoder round 82652, completed instructions: 2953/14751, actively running or decoding instructions: 3, waiting windows: 29290/60261. Max active instruction index: 2974
2024-11-18 21:22:57 | Simulation update: decoder round 84110, completed instructions: 3042/14751, actively running or decoding instructions: 5, waiting windows: 29865/61448. Max active instruction index: 3036
2024-11-18 21:23:07 | Simulation update: decoder round 85427, completed instructions: 3083/14751, actively running or decoding instructions: 4, waiting windows: 30331/62433. Max active instruction index: 3075
2024-11-18 21:23:17 | Simulation update: decoder round 86709, completed instructions: 3119/14751, actively running or decoding instructions: 2, waiting windows: 30821/63422. Max active instruction index: 3112
2024-11-18 21:23:27 | Simulation update: decoder round 87964, completed instructions: 3167/14751, actively running or decoding instructions: 3, waiting windows: 31306/64398. Max active instruction index: 3160
2024-11-18 21:23:37 | Simulation update: decoder round 89275, completed instructions: 3204/14751, actively running or decoding instructions: 2, waiting windows: 31787/65400. Max active instruction index: 3197
2024-11-18 21:23:47 | Simulation update: decoder round 90596, completed instructions: 3243/14751, actively running or decoding instructions: 2, waiting windows: 32285/66388. Max active instruction index: 3236
2024-11-18 21:23:57 | Simulation update: decoder round 91920, completed instructions: 3290/14751, actively running or decoding instructions: 2, waiting windows: 32797/67406. Max active instruction index: 3283
2024-11-18 21:24:07 | Simulation update: decoder round 93254, completed instructions: 3339/14751, actively running or decoding instructions: 3, waiting windows: 33286/68421. Max active instruction index: 3331
2024-11-18 21:24:17 | Simulation update: decoder round 94597, completed instructions: 3379/14751, actively running or decoding instructions: 2, waiting windows: 33787/69446. Max active instruction index: 3377
2024-11-18 21:24:27 | Simulation update: decoder round 95965, completed instructions: 3416/14751, actively running or decoding instructions: 2, waiting windows: 34295/70470. Max active instruction index: 3408
2024-11-18 21:24:37 | Simulation update: decoder round 97335, completed instructions: 3454/14751, actively running or decoding instructions: 4, waiting windows: 34792/71502. Max active instruction index: 3447
2024-11-18 21:24:47 | Simulation update: decoder round 98664, completed instructions: 3504/14751, actively running or decoding instructions: 3, waiting windows: 35307/72530. Max active instruction index: 3496
2024-11-18 21:24:57 | Simulation update: decoder round 100062, completed instructions: 3550/14751, actively running or decoding instructions: 3, waiting windows: 35836/73596. Max active instruction index: 3542
2024-11-18 21:25:07 | Simulation update: decoder round 101469, completed instructions: 3589/14751, actively running or decoding instructions: 3, waiting windows: 36356/74672. Max active instruction index: 3581
2024-11-18 21:25:17 | Simulation update: decoder round 102887, completed instructions: 3635/14751, actively running or decoding instructions: 3, waiting windows: 36910/75784. Max active instruction index: 3627
2024-11-18 21:25:27 | Simulation update: decoder round 104320, completed instructions: 3681/14751, actively running or decoding instructions: 3, waiting windows: 37441/76873. Max active instruction index: 3674
2024-11-18 21:25:37 | Simulation update: decoder round 105775, completed instructions: 3721/14751, actively running or decoding instructions: 3, waiting windows: 37979/77958. Max active instruction index: 3713
2024-11-18 21:25:47 | Simulation update: decoder round 107189, completed instructions: 3768/14751, actively running or decoding instructions: 3, waiting windows: 38520/79053. Max active instruction index: 3760
2024-11-18 21:25:57 | Simulation update: decoder round 108673, completed instructions: 3814/14751, actively running or decoding instructions: 3, waiting windows: 39089/80198. Max active instruction index: 3807
2024-11-18 21:26:07 | Simulation update: decoder round 110173, completed instructions: 3861/14751, actively running or decoding instructions: 2, waiting windows: 39658/81362. Max active instruction index: 3854
2024-11-18 21:26:17 | Simulation update: decoder round 111684, completed instructions: 3911/14751, actively running or decoding instructions: 4, waiting windows: 40236/82533. Max active instruction index: 3912
2024-11-18 21:26:27 | Simulation update: decoder round 113218, completed instructions: 3957/14751, actively running or decoding instructions: 3, waiting windows: 40811/83719. Max active instruction index: 3950
2024-11-18 21:26:37 | Simulation update: decoder round 114774, completed instructions: 4033/14751, actively running or decoding instructions: 6, waiting windows: 41415/84917. Max active instruction index: 4036
2024-11-18 21:26:47 | Simulation update: decoder round 116278, completed instructions: 4084/14751, actively running or decoding instructions: 4, waiting windows: 42029/86165. Max active instruction index: 4085
2024-11-18 21:26:57 | Simulation update: decoder round 117866, completed instructions: 4133/14751, actively running or decoding instructions: 2, waiting windows: 42646/87450. Max active instruction index: 4132
2024-11-18 21:27:07 | Simulation update: decoder round 119480, completed instructions: 4199/14751, actively running or decoding instructions: 4, waiting windows: 43289/88759. Max active instruction index: 4191
2024-11-18 21:27:17 | Simulation update: decoder round 121105, completed instructions: 4246/14751, actively running or decoding instructions: 2, waiting windows: 43945/90094. Max active instruction index: 4238
2024-11-18 21:27:27 | Simulation update: decoder round 122754, completed instructions: 4313/14751, actively running or decoding instructions: 4, waiting windows: 44621/91462. Max active instruction index: 4305
2024-11-18 21:27:37 | Simulation update: decoder round 124432, completed instructions: 4370/14751, actively running or decoding instructions: 2, waiting windows: 45288/92819. Max active instruction index: 4363
2024-11-18 21:27:47 | Simulation update: decoder round 126059, completed instructions: 4428/14751, actively running or decoding instructions: 4, waiting windows: 45919/94114. Max active instruction index: 4421
2024-11-18 21:27:57 | Simulation update: decoder round 127785, completed instructions: 4478/14751, actively running or decoding instructions: 4, waiting windows: 46600/95481. Max active instruction index: 4470
2024-11-18 21:28:07 | Simulation update: decoder round 129519, completed instructions: 4532/14751, actively running or decoding instructions: 2, waiting windows: 47302/96914. Max active instruction index: 4525
2024-11-18 21:28:17 | Simulation update: decoder round 131281, completed instructions: 4599/14751, actively running or decoding instructions: 4, waiting windows: 48010/98347. Max active instruction index: 4600
2024-11-18 21:28:27 | Simulation update: decoder round 133081, completed instructions: 4655/14751, actively running or decoding instructions: 2, waiting windows: 48734/99810. Max active instruction index: 4648
2024-11-18 21:28:37 | Simulation update: decoder round 134897, completed instructions: 4703/14751, actively running or decoding instructions: 2, waiting windows: 49444/101266. Max active instruction index: 4696
2024-11-18 21:28:47 | Simulation update: decoder round 136665, completed instructions: 4770/14751, actively running or decoding instructions: 3, waiting windows: 50155/102718. Max active instruction index: 4762
2024-11-18 21:28:57 | Simulation update: decoder round 138546, completed instructions: 4827/14751, actively running or decoding instructions: 3, waiting windows: 50919/104244. Max active instruction index: 4819
2024-11-18 21:29:07 | Simulation update: decoder round 140462, completed instructions: 4884/14751, actively running or decoding instructions: 2, waiting windows: 51658/105759. Max active instruction index: 4877
2024-11-18 21:29:17 | Simulation update: decoder round 142396, completed instructions: 4941/14751, actively running or decoding instructions: 3, waiting windows: 52433/107337. Max active instruction index: 4934
2024-11-18 21:29:27 | Simulation update: decoder round 144356, completed instructions: 5014/14751, actively running or decoding instructions: 6, waiting windows: 53258/108988. Max active instruction index: 4999
2024-11-18 21:29:37 | Simulation update: decoder round 146336, completed instructions: 5070/14751, actively running or decoding instructions: 2, waiting windows: 54087/110685. Max active instruction index: 5056
2024-11-18 21:29:47 | Simulation update: decoder round 148355, completed instructions: 5147/14751, actively running or decoding instructions: 3, waiting windows: 54942/112411. Max active instruction index: 5132
2024-11-18 21:29:57 | Simulation update: decoder round 150416, completed instructions: 5215/14751, actively running or decoding instructions: 3, waiting windows: 55810/114177. Max active instruction index: 5200
2024-11-18 21:30:07 | Simulation update: decoder round 152405, completed instructions: 5289/14751, actively running or decoding instructions: 2, waiting windows: 56672/115918. Max active instruction index: 5275
2024-11-18 21:30:17 | Simulation update: decoder round 154540, completed instructions: 5358/14751, actively running or decoding instructions: 3, waiting windows: 57581/117758. Max active instruction index: 5343
2024-11-18 21:30:27 | Simulation update: decoder round 156719, completed instructions: 5426/14751, actively running or decoding instructions: 2, waiting windows: 58484/119621. Max active instruction index: 5411
2024-11-18 21:30:37 | Simulation update: decoder round 158957, completed instructions: 5511/14751, actively running or decoding instructions: 3, waiting windows: 59456/121572. Max active instruction index: 5505
2024-11-18 21:30:47 | Simulation update: decoder round 161260, completed instructions: 5579/14751, actively running or decoding instructions: 4, waiting windows: 60409/123531. Max active instruction index: 5565
2024-11-18 21:30:57 | Simulation update: decoder round 163503, completed instructions: 5657/14751, actively running or decoding instructions: 4, waiting windows: 61350/125436. Max active instruction index: 5642
2024-11-18 21:31:07 | Simulation update: decoder round 165902, completed instructions: 5735/14751, actively running or decoding instructions: 4, waiting windows: 62377/127505. Max active instruction index: 5720
2024-11-18 21:31:17 | Simulation update: decoder round 168358, completed instructions: 5811/14751, actively running or decoding instructions: 2, waiting windows: 63428/129624. Max active instruction index: 5796
2024-11-18 21:31:27 | Simulation update: decoder round 170891, completed instructions: 5897/14751, actively running or decoding instructions: 3, waiting windows: 64495/131800. Max active instruction index: 5882
2024-11-18 21:31:37 | Simulation update: decoder round 173305, completed instructions: 6150/14751, actively running or decoding instructions: 31, waiting windows: 65556/134017. Max active instruction index: 6223
2024-11-18 21:31:47 | Simulation update: decoder round 176247, completed instructions: 6497/14751, actively running or decoding instructions: 10, waiting windows: 66866/136853. Max active instruction index: 6494
2024-11-18 21:31:57 | Simulation update: decoder round 179800, completed instructions: 6938/14751, actively running or decoding instructions: 11, waiting windows: 68448/140285. Max active instruction index: 6944
2024-11-18 21:32:07 | Simulation update: decoder round 183229, completed instructions: 7483/14751, actively running or decoding instructions: 18, waiting windows: 70008/143698. Max active instruction index: 7478
2024-11-18 21:32:17 | Simulation update: decoder round 186879, completed instructions: 8082/14751, actively running or decoding instructions: 10, waiting windows: 71743/147451. Max active instruction index: 8073
2024-11-18 21:32:27 | Simulation update: decoder round 191020, completed instructions: 8903/14751, actively running or decoding instructions: 19, waiting windows: 73490/151410. Max active instruction index: 9074
2024-11-18 21:32:37 | Simulation update: decoder round 205245, completed instructions: 10330/14751, actively running or decoding instructions: 6, waiting windows: 76250/157921. Max active instruction index: 10361
2024-11-18 21:32:47 | Simulation update: decoder round 241172, completed instructions: 12572/14751, actively running or decoding instructions: 4, waiting windows: 79378/165441. Max active instruction index: 12569
2024-11-18 21:32:57 | Simulation update: decoder round 305281, completed instructions: 14690/14751, actively running or decoding instructions: 3, waiting windows: 82320/172215. Max active instruction index: 14666
2024-11-18 21:32:57 | Finished simulation
2024-11-18 21:32:58 | Finished saving output. Done! Total elapsed time: 0:23:34.512223
