CONFIG 938
benchmark_file: slurm/data/20241118_210504/benchmarks/adder_n18.lss
decoder_latency_or_dist_filename: slurm/data/20241118_210504/decoder_dists.json
distance: 21
lightweight_setting: 2
max_parallel_processes: None
missed_speculation_modifier: 1.4
poison_policy: successors
rng: 5
scheduling_method: aligned
speculation_accuracy: 0.9
speculation_latency: 1
speculation_mode: separate
2024-11-18 21:35:27 | Loading benchmark slurm/data/20241118_210504/benchmarks/adder_n18.lss...
2024-11-18 21:35:27 | Starting simulation
2024-11-18 21:35:28 | Simulation update: decoder round 1, completed instructions: 0/2002, actively running or decoding instructions: 3, waiting windows: 0/0. Max active instruction index: 18
2024-11-18 21:35:38 | Simulation update: decoder round 3511, completed instructions: 434/2002, actively running or decoding instructions: 9, waiting windows: 1717/3456. Max active instruction index: 421
2024-11-18 21:35:48 | Simulation update: decoder round 6970, completed instructions: 790/2002, actively running or decoding instructions: 13, waiting windows: 3366/6952. Max active instruction index: 801
2024-11-18 21:35:58 | Simulation update: decoder round 11172, completed instructions: 1444/2002, actively running or decoding instructions: 16, waiting windows: 4996/10649. Max active instruction index: 1432
2024-11-18 21:36:03 | Finished simulation
2024-11-18 21:36:03 | Finished saving output. Done! Total elapsed time: 0:00:35.929550
