CONFIG 248
benchmark_file: slurm/data/20241114_173010/benchmarks/rz_1e-20.lss
decoder_latency_or_dist_filename: slurm/data/20241114_173010/decoder_dists.json
distance: 21
lightweight_setting: 2
max_parallel_processes: predict
missed_speculation_modifier: 1.4
poison_policy: successors
rng: 3
scheduling_method: parallel
speculation_accuracy: 0.9
speculation_latency: 1
speculation_mode: separate
2024-11-14 17:30:42 | Loading benchmark slurm/data/20241114_173010/benchmarks/rz_1e-20.lss...
PREDICTION STEP BEGIN---------------------------------
Predicted max parallel processes: 15

PREDICTION STEP END-----------------------------------

2024-11-14 17:30:52 | Starting simulation
2024-11-14 17:30:52 | Simulation update: decoder round 1, completed instructions: 0/1115, actively running or decoding instructions: 1, waiting windows: 0/0. Max active instruction index: 1
2024-11-14 17:31:02 | Simulation update: decoder round 53490, completed instructions: 983/1115, actively running or decoding instructions: 3, waiting windows: 2267/4886. Max active instruction index: 979
2024-11-14 17:31:03 | Finished simulation
2024-11-14 17:31:03 | Finished saving output. Done! Total elapsed time: 0:00:20.952205
