CONFIG 302
benchmark_file: slurm/data/20241114_173010/benchmarks/rz_1e-20.lss
decoder_latency_or_dist_filename: slurm/data/20241114_173010/decoder_dists.json
distance: 21
lightweight_setting: 2
max_parallel_processes: predict
missed_speculation_modifier: 1.4
poison_policy: successors
rng: 9
scheduling_method: parallel
speculation_accuracy: 0.9
speculation_latency: 1
speculation_mode: separate
2024-11-14 17:30:45 | Loading benchmark slurm/data/20241114_173010/benchmarks/rz_1e-20.lss...
PREDICTION STEP BEGIN---------------------------------
Predicted max parallel processes: 15

PREDICTION STEP END-----------------------------------

2024-11-14 17:30:55 | Starting simulation
2024-11-14 17:30:55 | Simulation update: decoder round 1, completed instructions: 0/1115, actively running or decoding instructions: 1, waiting windows: 0/0. Max active instruction index: 1
2024-11-14 17:31:05 | Simulation update: decoder round 53328, completed instructions: 993/1115, actively running or decoding instructions: 2, waiting windows: 2332/5001. Max active instruction index: 989
2024-11-14 17:31:06 | Finished simulation
2024-11-14 17:31:06 | Finished saving output. Done! Total elapsed time: 0:00:21.290878
