CONFIG 55
benchmark_file: slurm/data/20241114_173010/benchmarks/qrom_15_15.lss
decoder_latency_or_dist_filename: slurm/data/20241114_173010/decoder_dists.json
distance: 21
lightweight_setting: 2
max_parallel_processes: predict
missed_speculation_modifier: 1.4
poison_policy: successors
rng: 3
scheduling_method: sliding
speculation_accuracy: 0.9
speculation_latency: 1
speculation_mode: separate
2024-11-14 17:30:27 | Loading benchmark slurm/data/20241114_173010/benchmarks/qrom_15_15.lss...
PREDICTION STEP BEGIN---------------------------------
Predicted max parallel processes: 200

PREDICTION STEP END-----------------------------------

2024-11-14 17:30:39 | Starting simulation
2024-11-14 17:30:39 | Simulation update: decoder round 1, completed instructions: 0/1498, actively running or decoding instructions: 10, waiting windows: 0/0. Max active instruction index: 66
2024-11-14 17:30:49 | Simulation update: decoder round 2874, completed instructions: 834/1498, actively running or decoding instructions: 25, waiting windows: 162/2869. Max active instruction index: 832
2024-11-14 17:30:53 | Finished simulation
2024-11-14 17:30:53 | Finished saving output. Done! Total elapsed time: 0:00:26.848998
