CONFIG 550
benchmark_file: slurm/data/20241114_173010/benchmarks/adder_n18.lss
decoder_latency_or_dist_filename: slurm/data/20241114_173010/decoder_dists.json
distance: 21
lightweight_setting: 2
max_parallel_processes: predict
missed_speculation_modifier: 1.4
poison_policy: successors
rng: 14
scheduling_method: aligned
speculation_accuracy: 0.9
speculation_latency: 1
speculation_mode: separate
2024-11-14 17:30:59 | Loading benchmark slurm/data/20241114_173010/benchmarks/adder_n18.lss...
PREDICTION STEP BEGIN---------------------------------
Predicted max parallel processes: 153

PREDICTION STEP END-----------------------------------

2024-11-14 17:31:31 | Starting simulation
2024-11-14 17:31:31 | Simulation update: decoder round 1, completed instructions: 0/2002, actively running or decoding instructions: 3, waiting windows: 0/0. Max active instruction index: 18
2024-11-14 17:31:41 | Simulation update: decoder round 3069, completed instructions: 468/2002, actively running or decoding instructions: 7, waiting windows: 1513/3086. Max active instruction index: 457
2024-11-14 17:31:51 | Simulation update: decoder round 6006, completed instructions: 864/2002, actively running or decoding instructions: 9, waiting windows: 2915/6101. Max active instruction index: 869
2024-11-14 17:32:01 | Simulation update: decoder round 9909, completed instructions: 1455/2002, actively running or decoding instructions: 4, waiting windows: 4331/9343. Max active instruction index: 1451
2024-11-14 17:32:06 | Finished simulation
2024-11-14 17:32:06 | Finished saving output. Done! Total elapsed time: 0:01:07.562432
