CONFIG 660
benchmark_file: slurm/data/20241114_173010/benchmarks/adder_n18.lss
decoder_latency_or_dist_filename: slurm/data/20241114_173010/decoder_dists.json
distance: 21
lightweight_setting: 2
max_parallel_processes: predict
missed_speculation_modifier: 1.4
poison_policy: successors
rng: 4
scheduling_method: parallel
speculation_accuracy: 0.9
speculation_latency: 1
speculation_mode: None
2024-11-14 17:31:13 | Loading benchmark slurm/data/20241114_173010/benchmarks/adder_n18.lss...
PREDICTION STEP BEGIN---------------------------------
Predicted max parallel processes: 118

PREDICTION STEP END-----------------------------------

2024-11-14 17:31:59 | Starting simulation
2024-11-14 17:31:59 | Simulation update: decoder round 1, completed instructions: 0/2002, actively running or decoding instructions: 3, waiting windows: 0/0. Max active instruction index: 18
2024-11-14 17:32:09 | Simulation update: decoder round 3430, completed instructions: 376/2002, actively running or decoding instructions: 7, waiting windows: 1659/3261. Max active instruction index: 541
2024-11-14 17:32:19 | Simulation update: decoder round 6913, completed instructions: 638/2002, actively running or decoding instructions: 9, waiting windows: 3368/6743. Max active instruction index: 633
2024-11-14 17:32:29 | Simulation update: decoder round 10214, completed instructions: 1046/2002, actively running or decoding instructions: 13, waiting windows: 4843/9999. Max active instruction index: 1049
2024-11-14 17:32:39 | Simulation update: decoder round 15444, completed instructions: 1571/2002, actively running or decoding instructions: 9, waiting windows: 6499/13704. Max active instruction index: 1570
2024-11-14 17:32:44 | Finished simulation
2024-11-14 17:32:44 | Finished saving output. Done! Total elapsed time: 0:01:31.137789
