CONFIG 759
benchmark_file: slurm/data/20241114_173010/benchmarks/adder_n18.lss
decoder_latency_or_dist_filename: slurm/data/20241114_173010/decoder_dists.json
distance: 21
lightweight_setting: 2
max_parallel_processes: predict
missed_speculation_modifier: 1.4
poison_policy: successors
rng: 15
scheduling_method: parallel
speculation_accuracy: 0.9
speculation_latency: 1
speculation_mode: None
2024-11-14 17:31:16 | Loading benchmark slurm/data/20241114_173010/benchmarks/adder_n18.lss...
PREDICTION STEP BEGIN---------------------------------
Predicted max parallel processes: 113

PREDICTION STEP END-----------------------------------

2024-11-14 17:32:08 | Starting simulation
2024-11-14 17:32:09 | Simulation update: decoder round 1, completed instructions: 0/2002, actively running or decoding instructions: 3, waiting windows: 0/0. Max active instruction index: 18
2024-11-14 17:32:19 | Simulation update: decoder round 2859, completed instructions: 324/2002, actively running or decoding instructions: 11, waiting windows: 1409/2749. Max active instruction index: 327
2024-11-14 17:32:29 | Simulation update: decoder round 5922, completed instructions: 522/2002, actively running or decoding instructions: 8, waiting windows: 2861/5745. Max active instruction index: 515
2024-11-14 17:32:39 | Simulation update: decoder round 8613, completed instructions: 837/2002, actively running or decoding instructions: 11, waiting windows: 4177/8514. Max active instruction index: 852
2024-11-14 17:32:49 | Simulation update: decoder round 11843, completed instructions: 1211/2002, actively running or decoding instructions: 15, waiting windows: 5515/11397. Max active instruction index: 1238
2024-11-14 17:32:59 | Simulation update: decoder round 17509, completed instructions: 1722/2002, actively running or decoding instructions: 9, waiting windows: 6963/14724. Max active instruction index: 1710
2024-11-14 17:33:01 | Finished simulation
2024-11-14 17:33:01 | Finished saving output. Done! Total elapsed time: 0:01:45.807215
