CONFIG 984
benchmark_file: slurm/data/20241114_173010/benchmarks/adder_n10.lss
decoder_latency_or_dist_filename: slurm/data/20241114_173010/decoder_dists.json
distance: 21
lightweight_setting: 2
max_parallel_processes: predict
missed_speculation_modifier: 1.4
poison_policy: successors
rng: 18
scheduling_method: aligned
speculation_accuracy: 0.9
speculation_latency: 1
speculation_mode: None
2024-11-14 17:31:31 | Loading benchmark slurm/data/20241114_173010/benchmarks/adder_n10.lss...
PREDICTION STEP BEGIN---------------------------------
Predicted max parallel processes: 63

PREDICTION STEP END-----------------------------------

2024-11-14 17:31:50 | Starting simulation
2024-11-14 17:31:50 | Simulation update: decoder round 1, completed instructions: 0/719, actively running or decoding instructions: 4, waiting windows: 0/0. Max active instruction index: 9
2024-11-14 17:32:00 | Simulation update: decoder round 5054, completed instructions: 349/719, actively running or decoding instructions: 10, waiting windows: 1416/2856. Max active instruction index: 351
2024-11-14 17:32:07 | Finished simulation
2024-11-14 17:32:07 | Finished saving output. Done! Total elapsed time: 0:00:36.008932
