CONFIG 3
benchmark_file: slurm/data/20241118_183244/benchmarks/random_t_10000_200_0.lss
decoder_latency_or_dist_filename: slurm/data/20241118_183244/decoder_dists.json
distance: 21
lightweight_setting: 1
max_parallel_processes: None
missed_speculation_modifier: 1.4
poison_policy: successors
rng: 0
scheduling_method: parallel
speculation_accuracy: 0.9
speculation_latency: 1
speculation_mode: None
2024-11-18 18:32:52 | Loading benchmark slurm/data/20241118_183244/benchmarks/random_t_10000_200_0.lss...
2024-11-18 18:32:55 | Starting simulation
2024-11-18 18:33:00 | Simulation update: decoder round 1, completed instructions: 0/49943, actively running or decoding instructions: 1, waiting windows: 0/0. Max active instruction index: 0
2024-11-18 18:33:10 | Simulation update: decoder round 63714, completed instructions: 618/49943, actively running or decoding instructions: 4, waiting windows: 1698/3488. Max active instruction index: 616
2024-11-18 18:33:20 | Simulation update: decoder round 128257, completed instructions: 1244/49943, actively running or decoding instructions: 2, waiting windows: 3369/6945. Max active instruction index: 1244
2024-11-18 18:33:30 | Simulation update: decoder round 192955, completed instructions: 1863/49943, actively running or decoding instructions: 3, waiting windows: 5049/10411. Max active instruction index: 1861
2024-11-18 18:33:40 | Simulation update: decoder round 258058, completed instructions: 2503/49943, actively running or decoding instructions: 4, waiting windows: 6702/13838. Max active instruction index: 2501
2024-11-18 18:33:50 | Simulation update: decoder round 322477, completed instructions: 3131/49943, actively running or decoding instructions: 3, waiting windows: 8373/17294. Max active instruction index: 3129
2024-11-18 18:34:00 | Simulation update: decoder round 387448, completed instructions: 3776/49943, actively running or decoding instructions: 3, waiting windows: 10024/20716. Max active instruction index: 3774
2024-11-18 18:34:10 | Simulation update: decoder round 453039, completed instructions: 4410/49943, actively running or decoding instructions: 4, waiting windows: 11663/24119. Max active instruction index: 4408
2024-11-18 18:34:20 | Simulation update: decoder round 518097, completed instructions: 5070/49943, actively running or decoding instructions: 3, waiting windows: 13317/27547. Max active instruction index: 5068
2024-11-18 18:34:30 | Simulation update: decoder round 582934, completed instructions: 5705/49943, actively running or decoding instructions: 3, waiting windows: 14978/30986. Max active instruction index: 5703
2024-11-18 18:34:40 | Simulation update: decoder round 648549, completed instructions: 6351/49943, actively running or decoding instructions: 4, waiting windows: 16617/34389. Max active instruction index: 6352
2024-11-18 18:34:50 | Simulation update: decoder round 713658, completed instructions: 6989/49943, actively running or decoding instructions: 4, waiting windows: 18271/37814. Max active instruction index: 6987
2024-11-18 18:35:00 | Simulation update: decoder round 779120, completed instructions: 7629/49943, actively running or decoding instructions: 4, waiting windows: 19914/41223. Max active instruction index: 7627
2024-11-18 18:35:10 | Simulation update: decoder round 840531, completed instructions: 8234/49943, actively running or decoding instructions: 4, waiting windows: 21499/44506. Max active instruction index: 8232
2024-11-18 18:35:20 | Simulation update: decoder round 905185, completed instructions: 8857/49943, actively running or decoding instructions: 2, waiting windows: 23172/47970. Max active instruction index: 8857
2024-11-18 18:35:30 | Simulation update: decoder round 969585, completed instructions: 9467/49943, actively running or decoding instructions: 4, waiting windows: 24860/51451. Max active instruction index: 9467
2024-11-18 18:35:40 | Simulation update: decoder round 1033210, completed instructions: 10095/49943, actively running or decoding instructions: 3, waiting windows: 26563/54963. Max active instruction index: 10092
2024-11-18 18:35:50 | Simulation update: decoder round 1097742, completed instructions: 10729/49943, actively running or decoding instructions: 4, waiting windows: 28230/58425. Max active instruction index: 10729
2024-11-18 18:36:00 | Simulation update: decoder round 1162104, completed instructions: 11378/49943, actively running or decoding instructions: 3, waiting windows: 29914/61908. Max active instruction index: 11376
2024-11-18 18:36:10 | Simulation update: decoder round 1226603, completed instructions: 12013/49943, actively running or decoding instructions: 4, waiting windows: 31581/65359. Max active instruction index: 12013
2024-11-18 18:36:20 | Simulation update: decoder round 1290879, completed instructions: 12637/49943, actively running or decoding instructions: 4, waiting windows: 33258/68828. Max active instruction index: 12635
2024-11-18 18:36:30 | Simulation update: decoder round 1354867, completed instructions: 13264/49943, actively running or decoding instructions: 4, waiting windows: 34954/72319. Max active instruction index: 13262
2024-11-18 18:36:40 | Simulation update: decoder round 1417945, completed instructions: 13890/49943, actively running or decoding instructions: 3, waiting windows: 36652/75834. Max active instruction index: 13890
2024-11-18 18:36:50 | Simulation update: decoder round 1482528, completed instructions: 14512/49943, actively running or decoding instructions: 3, waiting windows: 38324/79297. Max active instruction index: 14510
2024-11-18 18:37:00 | Simulation update: decoder round 1547215, completed instructions: 15157/49943, actively running or decoding instructions: 4, waiting windows: 39991/82746. Max active instruction index: 15155
2024-11-18 18:37:10 | Simulation update: decoder round 1611017, completed instructions: 15770/49943, actively running or decoding instructions: 3, waiting windows: 41678/86237. Max active instruction index: 15768
2024-11-18 18:37:20 | Simulation update: decoder round 1675856, completed instructions: 16410/49943, actively running or decoding instructions: 3, waiting windows: 43344/89687. Max active instruction index: 16408
2024-11-18 18:37:30 | Simulation update: decoder round 1739134, completed instructions: 17038/49943, actively running or decoding instructions: 3, waiting windows: 45054/93219. Max active instruction index: 17036
2024-11-18 18:37:40 | Simulation update: decoder round 1804272, completed instructions: 17678/49943, actively running or decoding instructions: 3, waiting windows: 46711/96650. Max active instruction index: 17676
2024-11-18 18:37:50 | Simulation update: decoder round 1867378, completed instructions: 18306/49943, actively running or decoding instructions: 4, waiting windows: 48424/100172. Max active instruction index: 18304
2024-11-18 18:38:00 | Simulation update: decoder round 1931156, completed instructions: 18951/49943, actively running or decoding instructions: 4, waiting windows: 50097/103641. Max active instruction index: 18949
2024-11-18 18:38:10 | Simulation update: decoder round 1995875, completed instructions: 19596/49943, actively running or decoding instructions: 3, waiting windows: 51746/107062. Max active instruction index: 19594
2024-11-18 18:38:20 | Simulation update: decoder round 2060255, completed instructions: 20225/49943, actively running or decoding instructions: 3, waiting windows: 53426/110523. Max active instruction index: 20222
2024-11-18 18:38:30 | Simulation update: decoder round 2120160, completed instructions: 20804/49943, actively running or decoding instructions: 3, waiting windows: 54988/113760. Max active instruction index: 20802
2024-11-18 18:38:40 | Simulation update: decoder round 2185377, completed instructions: 21435/49943, actively running or decoding instructions: 2, waiting windows: 56639/117178. Max active instruction index: 21435
2024-11-18 18:38:50 | Simulation update: decoder round 2248701, completed instructions: 22075/49943, actively running or decoding instructions: 3, waiting windows: 58330/120672. Max active instruction index: 22075
2024-11-18 18:39:00 | Simulation update: decoder round 2312897, completed instructions: 22719/49943, actively running or decoding instructions: 4, waiting windows: 59996/124127. Max active instruction index: 22717
2024-11-18 18:39:10 | Simulation update: decoder round 2377641, completed instructions: 23359/49943, actively running or decoding instructions: 3, waiting windows: 61665/127578. Max active instruction index: 23356
2024-11-18 18:39:20 | Simulation update: decoder round 2442252, completed instructions: 23998/49943, actively running or decoding instructions: 3, waiting windows: 63315/131008. Max active instruction index: 23996
2024-11-18 18:39:30 | Simulation update: decoder round 2507219, completed instructions: 24633/49943, actively running or decoding instructions: 3, waiting windows: 64966/134431. Max active instruction index: 24631
2024-11-18 18:39:40 | Simulation update: decoder round 2571025, completed instructions: 25249/49943, actively running or decoding instructions: 4, waiting windows: 66657/137919. Max active instruction index: 25246
2024-11-18 18:39:50 | Simulation update: decoder round 2634601, completed instructions: 25889/49943, actively running or decoding instructions: 3, waiting windows: 68342/141408. Max active instruction index: 25886
2024-11-18 18:40:00 | Simulation update: decoder round 2698854, completed instructions: 26523/49943, actively running or decoding instructions: 3, waiting windows: 70007/144869. Max active instruction index: 26521
2024-11-18 18:40:10 | Simulation update: decoder round 2763404, completed instructions: 27161/49943, actively running or decoding instructions: 3, waiting windows: 71667/148316. Max active instruction index: 27161
2024-11-18 18:40:20 | Simulation update: decoder round 2827393, completed instructions: 27784/49943, actively running or decoding instructions: 3, waiting windows: 73353/151800. Max active instruction index: 27782
2024-11-18 18:40:30 | Simulation update: decoder round 2891742, completed instructions: 28427/49943, actively running or decoding instructions: 4, waiting windows: 75029/155275. Max active instruction index: 28425
2024-11-18 18:40:40 | Simulation update: decoder round 2956898, completed instructions: 29069/49943, actively running or decoding instructions: 4, waiting windows: 76684/158700. Max active instruction index: 29069
2024-11-18 18:40:50 | Simulation update: decoder round 3022106, completed instructions: 29711/49943, actively running or decoding instructions: 5, waiting windows: 78335/162110. Max active instruction index: 29709
2024-11-18 18:41:00 | Simulation update: decoder round 3086771, completed instructions: 30362/49943, actively running or decoding instructions: 2, waiting windows: 79991/165551. Max active instruction index: 30362
2024-11-18 18:41:10 | Simulation update: decoder round 3151210, completed instructions: 31001/49943, actively running or decoding instructions: 4, waiting windows: 81649/168987. Max active instruction index: 30999
2024-11-18 18:41:20 | Simulation update: decoder round 3216963, completed instructions: 31654/49943, actively running or decoding instructions: 2, waiting windows: 83281/172382. Max active instruction index: 31652
2024-11-18 18:41:30 | Simulation update: decoder round 3281130, completed instructions: 32289/49943, actively running or decoding instructions: 3, waiting windows: 84961/175846. Max active instruction index: 32287
2024-11-18 18:41:40 | Simulation update: decoder round 3345451, completed instructions: 32922/49943, actively running or decoding instructions: 4, waiting windows: 86631/179316. Max active instruction index: 32926
2024-11-18 18:41:50 | Simulation update: decoder round 3408247, completed instructions: 33543/49943, actively running or decoding instructions: 4, waiting windows: 88346/182849. Max active instruction index: 33541
2024-11-18 18:42:00 | Simulation update: decoder round 3472247, completed instructions: 34178/49943, actively running or decoding instructions: 3, waiting windows: 90032/186338. Max active instruction index: 34178
2024-11-18 18:42:10 | Simulation update: decoder round 3535941, completed instructions: 34802/49943, actively running or decoding instructions: 2, waiting windows: 91727/189841. Max active instruction index: 34800
2024-11-18 18:42:20 | Simulation update: decoder round 3600360, completed instructions: 35431/49943, actively running or decoding instructions: 4, waiting windows: 93408/193314. Max active instruction index: 35429
2024-11-18 18:42:30 | Simulation update: decoder round 3665521, completed instructions: 36064/49943, actively running or decoding instructions: 2, waiting windows: 95062/196745. Max active instruction index: 36062
2024-11-18 18:42:41 | Simulation update: decoder round 3727685, completed instructions: 36684/49943, actively running or decoding instructions: 4, waiting windows: 96659/200056. Max active instruction index: 36682
2024-11-18 18:42:51 | Simulation update: decoder round 3791793, completed instructions: 37316/49943, actively running or decoding instructions: 2, waiting windows: 98327/203512. Max active instruction index: 37314
2024-11-18 18:43:01 | Simulation update: decoder round 3855540, completed instructions: 37945/49943, actively running or decoding instructions: 3, waiting windows: 100015/206994. Max active instruction index: 37945
2024-11-18 18:43:11 | Simulation update: decoder round 3919894, completed instructions: 38569/49943, actively running or decoding instructions: 4, waiting windows: 101687/210450. Max active instruction index: 38569
2024-11-18 18:43:21 | Simulation update: decoder round 3985238, completed instructions: 39208/49943, actively running or decoding instructions: 4, waiting windows: 103333/213863. Max active instruction index: 39206
2024-11-18 18:43:31 | Simulation update: decoder round 4050825, completed instructions: 39844/49943, actively running or decoding instructions: 3, waiting windows: 104976/217270. Max active instruction index: 39844
2024-11-18 18:43:41 | Simulation update: decoder round 4115204, completed instructions: 40482/49943, actively running or decoding instructions: 3, waiting windows: 106643/220713. Max active instruction index: 40480
2024-11-18 18:43:51 | Simulation update: decoder round 4180444, completed instructions: 41126/49943, actively running or decoding instructions: 3, waiting windows: 108274/224112. Max active instruction index: 41124
2024-11-18 18:44:01 | Simulation update: decoder round 4244719, completed instructions: 41745/49943, actively running or decoding instructions: 3, waiting windows: 109949/227572. Max active instruction index: 41743
2024-11-18 18:44:11 | Simulation update: decoder round 4309471, completed instructions: 42395/49943, actively running or decoding instructions: 3, waiting windows: 111609/231017. Max active instruction index: 42393
2024-11-18 18:44:21 | Simulation update: decoder round 4373654, completed instructions: 43026/49943, actively running or decoding instructions: 3, waiting windows: 113297/234508. Max active instruction index: 43026
2024-11-18 18:44:31 | Simulation update: decoder round 4438794, completed instructions: 43660/49943, actively running or decoding instructions: 4, waiting windows: 114958/237946. Max active instruction index: 43658
2024-11-18 18:44:41 | Simulation update: decoder round 4502645, completed instructions: 44304/49943, actively running or decoding instructions: 4, waiting windows: 116650/241443. Max active instruction index: 44302
2024-11-18 18:44:51 | Simulation update: decoder round 4567913, completed instructions: 44949/49943, actively running or decoding instructions: 4, waiting windows: 118310/244878. Max active instruction index: 44946
2024-11-18 18:45:01 | Simulation update: decoder round 4631991, completed instructions: 45565/49943, actively running or decoding instructions: 3, waiting windows: 119999/248378. Max active instruction index: 45563
2024-11-18 18:45:11 | Simulation update: decoder round 4697633, completed instructions: 46203/49943, actively running or decoding instructions: 5, waiting windows: 121653/251803. Max active instruction index: 46206
2024-11-18 18:45:21 | Simulation update: decoder round 4762575, completed instructions: 46857/49943, actively running or decoding instructions: 4, waiting windows: 123307/255242. Max active instruction index: 46855
2024-11-18 18:45:31 | Simulation update: decoder round 4827608, completed instructions: 47496/49943, actively running or decoding instructions: 3, waiting windows: 124974/258703. Max active instruction index: 47494
2024-11-18 18:45:41 | Simulation update: decoder round 4892982, completed instructions: 48136/49943, actively running or decoding instructions: 4, waiting windows: 126635/262142. Max active instruction index: 48134
2024-11-18 18:45:51 | Simulation update: decoder round 4958477, completed instructions: 48766/49943, actively running or decoding instructions: 3, waiting windows: 128292/265576. Max active instruction index: 48764
2024-11-18 18:46:01 | Simulation update: decoder round 5023100, completed instructions: 49411/49943, actively running or decoding instructions: 3, waiting windows: 129965/269042. Max active instruction index: 49409
2024-11-18 18:46:09 | Finished simulation
2024-11-18 18:46:20 | Finished saving output. Done! Total elapsed time: 0:13:27.930997
