CONFIG 88
benchmark_file: slurm/data/20241108_155445/benchmarks/random_t_1000_200_0.lss
decoder_latency_or_dist_filename: 67.48095902284186
distance: 12
lightweight_setting: 1
max_parallel_processes: None
rng: 0
scheduling_method: sliding
speculation_accuracy: 0.4
speculation_latency: 1
speculation_mode: separate
2024-11-08 15:55:19 | Loading benchmark slurm/data/20241108_155445/benchmarks/random_t_1000_200_0.lss...
2024-11-08 15:55:19 | Starting simulation
2024-11-08 15:55:19 | Simulation update: decoder round 1, completed instructions: 0/4997, actively running or decoding instructions: 1, waiting windows: 0/0. Max active instruction index: 0
2024-11-08 15:55:29 | Simulation update: decoder round 21498, completed instructions: 133/4997, actively running or decoding instructions: 3, waiting windows: 23/1893. Max active instruction index: 131
2024-11-08 15:55:39 | Simulation update: decoder round 38858, completed instructions: 238/4997, actively running or decoding instructions: 3, waiting windows: 25/3511. Max active instruction index: 236
2024-11-08 15:55:49 | Simulation update: decoder round 57613, completed instructions: 338/4997, actively running or decoding instructions: 3, waiting windows: 15/5104. Max active instruction index: 336
2024-11-08 15:55:59 | Simulation update: decoder round 74126, completed instructions: 428/4997, actively running or decoding instructions: 3, waiting windows: 24/6506. Max active instruction index: 426
2024-11-08 15:56:09 | Simulation update: decoder round 90616, completed instructions: 513/4997, actively running or decoding instructions: 3, waiting windows: 14/7905. Max active instruction index: 511
2024-11-08 15:56:19 | Simulation update: decoder round 113707, completed instructions: 663/4997, actively running or decoding instructions: 3, waiting windows: 13/9899. Max active instruction index: 661
2024-11-08 15:56:29 | Simulation update: decoder round 135339, completed instructions: 808/4997, actively running or decoding instructions: 3, waiting windows: 36/11921. Max active instruction index: 806
2024-11-08 15:56:39 | Simulation update: decoder round 153436, completed instructions: 898/4997, actively running or decoding instructions: 3, waiting windows: 21/13455. Max active instruction index: 896
2024-11-08 15:56:49 | Simulation update: decoder round 172251, completed instructions: 1003/4997, actively running or decoding instructions: 4, waiting windows: 14/15139. Max active instruction index: 1001
2024-11-08 15:56:59 | Simulation update: decoder round 194603, completed instructions: 1148/4997, actively running or decoding instructions: 4, waiting windows: 12/17219. Max active instruction index: 1146
2024-11-08 15:57:09 | Simulation update: decoder round 217750, completed instructions: 1293/4997, actively running or decoding instructions: 3, waiting windows: 18/19190. Max active instruction index: 1291
2024-11-08 15:57:19 | Simulation update: decoder round 237592, completed instructions: 1408/4997, actively running or decoding instructions: 4, waiting windows: 15/20937. Max active instruction index: 1406
2024-11-08 15:57:29 | Simulation update: decoder round 256321, completed instructions: 1513/4997, actively running or decoding instructions: 4, waiting windows: 18/22721. Max active instruction index: 1511
2024-11-08 15:57:39 | Simulation update: decoder round 277043, completed instructions: 1643/4997, actively running or decoding instructions: 4, waiting windows: 15/24652. Max active instruction index: 1641
2024-11-08 15:57:49 | Simulation update: decoder round 295583, completed instructions: 1758/4997, actively running or decoding instructions: 4, waiting windows: 24/26455. Max active instruction index: 1756
2024-11-08 15:57:59 | Simulation update: decoder round 313256, completed instructions: 1844/4997, actively running or decoding instructions: 3, waiting windows: 18/28129. Max active instruction index: 1844
2024-11-08 15:58:09 | Simulation update: decoder round 340906, completed instructions: 2063/4997, actively running or decoding instructions: 4, waiting windows: 16/30524. Max active instruction index: 2061
2024-11-08 15:58:19 | Simulation update: decoder round 358669, completed instructions: 2153/4997, actively running or decoding instructions: 4, waiting windows: 39/32029. Max active instruction index: 2151
2024-11-08 15:58:29 | Simulation update: decoder round 377916, completed instructions: 2269/4997, actively running or decoding instructions: 4, waiting windows: 36/33675. Max active instruction index: 2266
2024-11-08 15:58:39 | Simulation update: decoder round 398833, completed instructions: 2393/4997, actively running or decoding instructions: 3, waiting windows: 17/35560. Max active instruction index: 2391
2024-11-08 15:58:49 | Simulation update: decoder round 423856, completed instructions: 2564/4997, actively running or decoding instructions: 3, waiting windows: 22/37826. Max active instruction index: 2564
2024-11-08 15:58:59 | Simulation update: decoder round 446825, completed instructions: 2727/4997, actively running or decoding instructions: 4, waiting windows: 24/39871. Max active instruction index: 2725
2024-11-08 15:59:09 | Simulation update: decoder round 470975, completed instructions: 2876/4997, actively running or decoding instructions: 3, waiting windows: 13/42051. Max active instruction index: 2874
2024-11-08 15:59:19 | Simulation update: decoder round 494098, completed instructions: 3036/4997, actively running or decoding instructions: 3, waiting windows: 19/44060. Max active instruction index: 3034
2024-11-08 15:59:22 | Finished simulation
2024-11-08 15:59:24 | Finished saving output. Done! Total elapsed time: 0:04:04.689824
