CONFIG 89
benchmark_file: slurm/data/20241108_155445/benchmarks/random_t_1000_200_0.lss
decoder_latency_or_dist_filename: 120.0
distance: 12
lightweight_setting: 1
max_parallel_processes: None
rng: 0
scheduling_method: sliding
speculation_accuracy: 0.4
speculation_latency: 1
speculation_mode: separate
2024-11-08 15:55:19 | Loading benchmark slurm/data/20241108_155445/benchmarks/random_t_1000_200_0.lss...
2024-11-08 15:55:19 | Starting simulation
2024-11-08 15:55:19 | Simulation update: decoder round 1, completed instructions: 0/4997, actively running or decoding instructions: 1, waiting windows: 0/0. Max active instruction index: 0
2024-11-08 15:55:29 | Simulation update: decoder round 6516, completed instructions: 19/4997, actively running or decoding instructions: 3, waiting windows: 29/550. Max active instruction index: 17
2024-11-08 15:55:39 | Simulation update: decoder round 14651, completed instructions: 39/4997, actively running or decoding instructions: 2, waiting windows: 42/1409. Max active instruction index: 37
2024-11-08 15:55:49 | Simulation update: decoder round 19666, completed instructions: 49/4997, actively running or decoding instructions: 4, waiting windows: 40/1831. Max active instruction index: 47
2024-11-08 15:55:59 | Simulation update: decoder round 22973, completed instructions: 54/4997, actively running or decoding instructions: 4, waiting windows: 35/2108. Max active instruction index: 52
2024-11-08 15:56:09 | Simulation update: decoder round 32044, completed instructions: 89/4997, actively running or decoding instructions: 4, waiting windows: 35/2873. Max active instruction index: 87
2024-11-08 15:56:19 | Simulation update: decoder round 38334, completed instructions: 99/4997, actively running or decoding instructions: 3, waiting windows: 33/3401. Max active instruction index: 97
2024-11-08 15:56:29 | Simulation update: decoder round 45407, completed instructions: 123/4997, actively running or decoding instructions: 4, waiting windows: 41/4099. Max active instruction index: 121
2024-11-08 15:56:39 | Simulation update: decoder round 52467, completed instructions: 138/4997, actively running or decoding instructions: 4, waiting windows: 38/4692. Max active instruction index: 136
2024-11-08 15:56:49 | Simulation update: decoder round 56158, completed instructions: 143/4997, actively running or decoding instructions: 4, waiting windows: 40/5001. Max active instruction index: 141
2024-11-08 15:56:59 | Simulation update: decoder round 59663, completed instructions: 148/4997, actively running or decoding instructions: 4, waiting windows: 44/5294. Max active instruction index: 146
2024-11-08 15:57:09 | Simulation update: decoder round 63502, completed instructions: 153/4997, actively running or decoding instructions: 4, waiting windows: 38/5615. Max active instruction index: 151
2024-11-08 15:57:19 | Simulation update: decoder round 70285, completed instructions: 169/4997, actively running or decoding instructions: 3, waiting windows: 54/6219. Max active instruction index: 166
2024-11-08 15:57:29 | Simulation update: decoder round 74281, completed instructions: 173/4997, actively running or decoding instructions: 4, waiting windows: 43/6655. Max active instruction index: 171
2024-11-08 15:57:39 | Simulation update: decoder round 80149, completed instructions: 183/4997, actively running or decoding instructions: 3, waiting windows: 37/7146. Max active instruction index: 181
2024-11-08 15:57:49 | Simulation update: decoder round 88166, completed instructions: 213/4997, actively running or decoding instructions: 3, waiting windows: 37/7907. Max active instruction index: 211
2024-11-08 15:57:59 | Simulation update: decoder round 92380, completed instructions: 219/4997, actively running or decoding instructions: 4, waiting windows: 66/8422. Max active instruction index: 216
2024-11-08 15:58:09 | Simulation update: decoder round 99262, completed instructions: 238/4997, actively running or decoding instructions: 3, waiting windows: 34/9030. Max active instruction index: 236
2024-11-08 15:58:19 | Simulation update: decoder round 107756, completed instructions: 258/4997, actively running or decoding instructions: 4, waiting windows: 36/9743. Max active instruction index: 256
2024-11-08 15:58:29 | Simulation update: decoder round 115675, completed instructions: 278/4997, actively running or decoding instructions: 3, waiting windows: 37/10409. Max active instruction index: 276
2024-11-08 15:58:39 | Simulation update: decoder round 125404, completed instructions: 303/4997, actively running or decoding instructions: 3, waiting windows: 35/11228. Max active instruction index: 301
2024-11-08 15:58:49 | Simulation update: decoder round 131226, completed instructions: 318/4997, actively running or decoding instructions: 3, waiting windows: 24/11717. Max active instruction index: 316
2024-11-08 15:58:59 | Simulation update: decoder round 139561, completed instructions: 333/4997, actively running or decoding instructions: 4, waiting windows: 34/12416. Max active instruction index: 331
2024-11-08 15:59:09 | Simulation update: decoder round 146004, completed instructions: 348/4997, actively running or decoding instructions: 3, waiting windows: 31/12957. Max active instruction index: 346
2024-11-08 15:59:19 | Simulation update: decoder round 152917, completed instructions: 368/4997, actively running or decoding instructions: 3, waiting windows: 38/13539. Max active instruction index: 366
2024-11-08 15:59:29 | Simulation update: decoder round 158382, completed instructions: 378/4997, actively running or decoding instructions: 3, waiting windows: 30/13997. Max active instruction index: 376
2024-11-08 15:59:39 | Simulation update: decoder round 164576, completed instructions: 391/4997, actively running or decoding instructions: 4, waiting windows: 26/14517. Max active instruction index: 391
2024-11-08 15:59:49 | Simulation update: decoder round 171066, completed instructions: 403/4997, actively running or decoding instructions: 3, waiting windows: 45/15062. Max active instruction index: 401
2024-11-08 15:59:59 | Simulation update: decoder round 178563, completed instructions: 428/4997, actively running or decoding instructions: 3, waiting windows: 24/15694. Max active instruction index: 426
2024-11-08 16:00:09 | Simulation update: decoder round 190493, completed instructions: 473/4997, actively running or decoding instructions: 4, waiting windows: 28/16702. Max active instruction index: 471
2024-11-08 16:00:19 | Simulation update: decoder round 200803, completed instructions: 513/4997, actively running or decoding instructions: 3, waiting windows: 43/17571. Max active instruction index: 511
2024-11-08 16:00:29 | Simulation update: decoder round 205701, completed instructions: 518/4997, actively running or decoding instructions: 4, waiting windows: 42/17981. Max active instruction index: 516
2024-11-08 16:00:39 | Simulation update: decoder round 209744, completed instructions: 528/4997, actively running or decoding instructions: 3, waiting windows: 30/18320. Max active instruction index: 526
2024-11-08 16:00:49 | Simulation update: decoder round 215662, completed instructions: 538/4997, actively running or decoding instructions: 2, waiting windows: 41/18997. Max active instruction index: 536
2024-11-08 16:00:59 | Simulation update: decoder round 221807, completed instructions: 563/4997, actively running or decoding instructions: 3, waiting windows: 27/19517. Max active instruction index: 561
2024-11-08 16:01:09 | Simulation update: decoder round 230255, completed instructions: 583/4997, actively running or decoding instructions: 4, waiting windows: 27/20226. Max active instruction index: 581
2024-11-08 16:01:19 | Simulation update: decoder round 237356, completed instructions: 598/4997, actively running or decoding instructions: 4, waiting windows: 35/20822. Max active instruction index: 596
2024-11-08 16:01:29 | Simulation update: decoder round 246384, completed instructions: 633/4997, actively running or decoding instructions: 3, waiting windows: 33/21584. Max active instruction index: 631
2024-11-08 16:01:39 | Simulation update: decoder round 254717, completed instructions: 654/4997, actively running or decoding instructions: 3, waiting windows: 28/22285. Max active instruction index: 654
2024-11-08 16:01:49 | Simulation update: decoder round 260973, completed instructions: 668/4997, actively running or decoding instructions: 4, waiting windows: 31/22811. Max active instruction index: 666
2024-11-08 16:01:59 | Simulation update: decoder round 267672, completed instructions: 683/4997, actively running or decoding instructions: 2, waiting windows: 36/23470. Max active instruction index: 681
2024-11-08 16:02:09 | Simulation update: decoder round 274225, completed instructions: 703/4997, actively running or decoding instructions: 3, waiting windows: 30/24021. Max active instruction index: 701
2024-11-08 16:02:19 | Simulation update: decoder round 281955, completed instructions: 723/4997, actively running or decoding instructions: 3, waiting windows: 30/24671. Max active instruction index: 721
2024-11-08 16:02:29 | Simulation update: decoder round 291401, completed instructions: 753/4997, actively running or decoding instructions: 4, waiting windows: 35/25466. Max active instruction index: 751
2024-11-08 16:02:39 | Simulation update: decoder round 295248, completed instructions: 758/4997, actively running or decoding instructions: 3, waiting windows: 35/25788. Max active instruction index: 756
2024-11-08 16:02:49 | Simulation update: decoder round 301201, completed instructions: 768/4997, actively running or decoding instructions: 3, waiting windows: 25/26288. Max active instruction index: 766
2024-11-08 16:02:59 | Simulation update: decoder round 307566, completed instructions: 783/4997, actively running or decoding instructions: 4, waiting windows: 43/26823. Max active instruction index: 781
2024-11-08 16:03:09 | Simulation update: decoder round 311882, completed instructions: 793/4997, actively running or decoding instructions: 2, waiting windows: 49/27299. Max active instruction index: 791
2024-11-08 16:03:19 | Simulation update: decoder round 319308, completed instructions: 813/4997, actively running or decoding instructions: 3, waiting windows: 43/27924. Max active instruction index: 811
2024-11-08 16:03:29 | Simulation update: decoder round 330045, completed instructions: 848/4997, actively running or decoding instructions: 4, waiting windows: 37/28829. Max active instruction index: 846
2024-11-08 16:03:39 | Simulation update: decoder round 338620, completed instructions: 863/4997, actively running or decoding instructions: 4, waiting windows: 33/29547. Max active instruction index: 861
2024-11-08 16:03:49 | Simulation update: decoder round 343969, completed instructions: 873/4997, actively running or decoding instructions: 3, waiting windows: 36/29997. Max active instruction index: 871
2024-11-08 16:03:59 | Simulation update: decoder round 349995, completed instructions: 888/4997, actively running or decoding instructions: 4, waiting windows: 51/30503. Max active instruction index: 886
2024-11-08 16:04:09 | Simulation update: decoder round 357117, completed instructions: 908/4997, actively running or decoding instructions: 4, waiting windows: 33/31102. Max active instruction index: 906
2024-11-08 16:04:19 | Simulation update: decoder round 364981, completed instructions: 928/4997, actively running or decoding instructions: 4, waiting windows: 40/31844. Max active instruction index: 926
2024-11-08 16:04:29 | Simulation update: decoder round 371874, completed instructions: 948/4997, actively running or decoding instructions: 4, waiting windows: 32/32425. Max active instruction index: 946
2024-11-08 16:04:39 | Simulation update: decoder round 378774, completed instructions: 963/4997, actively running or decoding instructions: 4, waiting windows: 42/33004. Max active instruction index: 961
2024-11-08 16:04:49 | Simulation update: decoder round 385883, completed instructions: 983/4997, actively running or decoding instructions: 4, waiting windows: 36/33603. Max active instruction index: 981
2024-11-08 16:04:59 | Simulation update: decoder round 394679, completed instructions: 1008/4997, actively running or decoding instructions: 3, waiting windows: 45/34343. Max active instruction index: 1006
2024-11-08 16:05:09 | Simulation update: decoder round 400922, completed instructions: 1023/4997, actively running or decoding instructions: 3, waiting windows: 30/34868. Max active instruction index: 1021
2024-11-08 16:05:19 | Simulation update: decoder round 409101, completed instructions: 1048/4997, actively running or decoding instructions: 3, waiting windows: 29/35557. Max active instruction index: 1046
2024-11-08 16:05:29 | Simulation update: decoder round 419896, completed instructions: 1073/4997, actively running or decoding instructions: 4, waiting windows: 43/36464. Max active instruction index: 1071
2024-11-08 16:05:39 | Simulation update: decoder round 430098, completed instructions: 1103/4997, actively running or decoding instructions: 4, waiting windows: 34/37323. Max active instruction index: 1101
2024-11-08 16:05:49 | Simulation update: decoder round 437035, completed instructions: 1118/4997, actively running or decoding instructions: 3, waiting windows: 31/38062. Max active instruction index: 1116
2024-11-08 16:05:59 | Simulation update: decoder round 442473, completed instructions: 1134/4997, actively running or decoding instructions: 4, waiting windows: 39/38538. Max active instruction index: 1131
2024-11-08 16:06:09 | Simulation update: decoder round 451628, completed instructions: 1163/4997, actively running or decoding instructions: 3, waiting windows: 36/39376. Max active instruction index: 1161
2024-11-08 16:06:19 | Simulation update: decoder round 457466, completed instructions: 1168/4997, actively running or decoding instructions: 3, waiting windows: 39/39864. Max active instruction index: 1166
2024-11-08 16:06:29 | Simulation update: decoder round 466039, completed instructions: 1183/4997, actively running or decoding instructions: 4, waiting windows: 30/40583. Max active instruction index: 1181
2024-11-08 16:06:39 | Simulation update: decoder round 475103, completed instructions: 1208/4997, actively running or decoding instructions: 3, waiting windows: 27/41346. Max active instruction index: 1206
2024-11-08 16:06:49 | Simulation update: decoder round 482907, completed instructions: 1228/4997, actively running or decoding instructions: 4, waiting windows: 27/42002. Max active instruction index: 1226
2024-11-08 16:06:59 | Simulation update: decoder round 494102, completed instructions: 1268/4997, actively running or decoding instructions: 4, waiting windows: 31/42946. Max active instruction index: 1266
2024-11-08 16:07:07 | Finished simulation
2024-11-08 16:07:08 | Finished saving output. Done! Total elapsed time: 0:11:49.477821
