CONFIG 143
benchmark_file: slurm/data/20250214_211423/benchmarks/rz_1e-20.lss
decoder_latency_or_dist_filename: slurm/data/20250214_211423/decoder_dists.json
distance: 27
lightweight_setting: 2
max_parallel_processes: None
missed_speculation_modifier: 1.4
poison_policy: successors
rng: 2
scheduling_method: sliding
speculation_accuracy: 0.9
speculation_latency: 1
speculation_mode: separate
2025-02-14 21:14:39 | Loading benchmark slurm/data/20250214_211423/benchmarks/rz_1e-20.lss...
2025-02-14 21:14:40 | Starting simulation
2025-02-14 21:14:40 | Simulation update: decoder round 1, completed instructions: 0/2033, actively running or decoding instructions: 1, waiting windows: 0/0. Max active instruction index: 0
2025-02-14 21:14:50 | Simulation update: decoder round 59809, completed instructions: 781/2033, actively running or decoding instructions: 8, waiting windows: 23/3087. Max active instruction index: 777
2025-02-14 21:15:00 | Simulation update: decoder round 122133, completed instructions: 1493/2033, actively running or decoding instructions: 7, waiting windows: 18/6233. Max active instruction index: 1493
2025-02-14 21:15:10 | Simulation update: decoder round 164426, completed instructions: 1912/2033, actively running or decoding instructions: 5, waiting windows: 18/8235. Max active instruction index: 1909
2025-02-14 21:15:11 | Finished simulation
2025-02-14 21:15:12 | Finished saving output. Done! Total elapsed time: 0:00:32.300594
