CONFIG 1451
benchmark_file: slurm/data/20250214_211423/benchmarks/adder_n18.lss
decoder_latency_or_dist_filename: slurm/data/20250214_211423/decoder_dists.json
distance: 21
lightweight_setting: 2
max_parallel_processes: predict
missed_speculation_modifier: 1.4
poison_policy: successors
rng: 5
scheduling_method: aligned
speculation_accuracy: 0.9
speculation_latency: 1
speculation_mode: separate
2025-02-15 01:14:54 | Loading benchmark slurm/data/20250214_211423/benchmarks/adder_n18.lss...
2025-02-15 01:14:54 | Starting simulation
PREDICTION STEP BEGIN---------------------------------
Predicted max parallel processes: 154

PREDICTION STEP END-----------------------------------

2025-02-15 01:15:33 | Simulation update: decoder round 1, completed instructions: 0/2338, actively running or decoding instructions: 3, waiting windows: 0/0. Max active instruction index: 18
2025-02-15 01:15:43 | Simulation update: decoder round 3005, completed instructions: 441/2338, actively running or decoding instructions: 6, waiting windows: 1431/2902. Max active instruction index: 433
2025-02-15 01:15:53 | Simulation update: decoder round 6176, completed instructions: 715/2338, actively running or decoding instructions: 8, waiting windows: 2899/5988. Max active instruction index: 721
2025-02-15 01:16:03 | Simulation update: decoder round 9249, completed instructions: 1227/2338, actively running or decoding instructions: 8, waiting windows: 4179/8846. Max active instruction index: 1216
2025-02-15 01:16:13 | Simulation update: decoder round 14343, completed instructions: 1907/2338, actively running or decoding instructions: 10, waiting windows: 5733/12395. Max active instruction index: 1897
2025-02-15 01:16:17 | Finished simulation
2025-02-15 01:16:17 | Finished saving output. Done! Total elapsed time: 0:01:22.972975
