CONFIG 1462
benchmark_file: slurm/data/20250214_211423/benchmarks/carleman_2_4.lss
decoder_latency_or_dist_filename: slurm/data/20250214_211423/decoder_dists.json
distance: 15
lightweight_setting: 2
max_parallel_processes: None
missed_speculation_modifier: 1.4
poison_policy: successors
rng: 6
scheduling_method: aligned
speculation_accuracy: 0.9
speculation_latency: 1
speculation_mode: separate
2025-02-15 01:14:54 | Loading benchmark slurm/data/20250214_211423/benchmarks/carleman_2_4.lss...
2025-02-15 01:14:55 | Starting simulation
2025-02-15 01:14:57 | Simulation update: decoder round 1, completed instructions: 0/13345, actively running or decoding instructions: 23, waiting windows: 0/0. Max active instruction index: 222
2025-02-15 01:15:07 | Simulation update: decoder round 459, completed instructions: 619/13345, actively running or decoding instructions: 19, waiting windows: 624/1317. Max active instruction index: 618
2025-02-15 01:15:17 | Simulation update: decoder round 846, completed instructions: 850/13345, actively running or decoding instructions: 28, waiting windows: 1045/2322. Max active instruction index: 929
2025-02-15 01:15:27 | Simulation update: decoder round 1240, completed instructions: 1107/13345, actively running or decoding instructions: 12, waiting windows: 1440/3329. Max active instruction index: 1109
2025-02-15 01:15:37 | Simulation update: decoder round 1640, completed instructions: 1419/13345, actively running or decoding instructions: 29, waiting windows: 1960/4442. Max active instruction index: 1448
2025-02-15 01:15:47 | Simulation update: decoder round 2039, completed instructions: 1774/13345, actively running or decoding instructions: 23, waiting windows: 2414/5627. Max active instruction index: 1863
2025-02-15 01:15:57 | Simulation update: decoder round 2455, completed instructions: 2163/13345, actively running or decoding instructions: 33, waiting windows: 2961/6893. Max active instruction index: 2271
2025-02-15 01:16:07 | Simulation update: decoder round 2884, completed instructions: 2525/13345, actively running or decoding instructions: 24, waiting windows: 3504/8166. Max active instruction index: 2639
2025-02-15 01:16:17 | Simulation update: decoder round 3328, completed instructions: 2949/13345, actively running or decoding instructions: 28, waiting windows: 4044/9518. Max active instruction index: 3030
2025-02-15 01:16:27 | Simulation update: decoder round 3791, completed instructions: 3386/13345, actively running or decoding instructions: 24, waiting windows: 4615/10927. Max active instruction index: 3432
2025-02-15 01:16:37 | Simulation update: decoder round 4267, completed instructions: 3759/13345, actively running or decoding instructions: 14, waiting windows: 5174/12347. Max active instruction index: 3769
2025-02-15 01:16:47 | Simulation update: decoder round 4778, completed instructions: 4030/13345, actively running or decoding instructions: 26, waiting windows: 5848/13764. Max active instruction index: 4053
2025-02-15 01:16:57 | Simulation update: decoder round 5293, completed instructions: 4426/13345, actively running or decoding instructions: 27, waiting windows: 6465/15240. Max active instruction index: 4500
2025-02-15 01:17:07 | Simulation update: decoder round 5832, completed instructions: 4800/13345, actively running or decoding instructions: 20, waiting windows: 7093/16740. Max active instruction index: 5040
2025-02-15 01:17:17 | Simulation update: decoder round 6393, completed instructions: 5164/13345, actively running or decoding instructions: 4, waiting windows: 7755/18284. Max active instruction index: 5102
2025-02-15 01:17:27 | Simulation update: decoder round 6964, completed instructions: 5596/13345, actively running or decoding instructions: 32, waiting windows: 8470/19908. Max active instruction index: 5663
2025-02-15 01:17:37 | Simulation update: decoder round 7597, completed instructions: 5922/13345, actively running or decoding instructions: 20, waiting windows: 9151/21517. Max active instruction index: 5895
2025-02-15 01:17:47 | Simulation update: decoder round 8264, completed instructions: 6163/13345, actively running or decoding instructions: 12, waiting windows: 9869/23096. Max active instruction index: 6204
2025-02-15 01:17:57 | Simulation update: decoder round 8962, completed instructions: 6398/13345, actively running or decoding instructions: 7, waiting windows: 10575/24666. Max active instruction index: 6384
2025-02-15 01:18:07 | Simulation update: decoder round 9680, completed instructions: 6703/13345, actively running or decoding instructions: 19, waiting windows: 11376/26344. Max active instruction index: 6707
2025-02-15 01:18:17 | Simulation update: decoder round 10414, completed instructions: 7112/13345, actively running or decoding instructions: 19, waiting windows: 12201/28252. Max active instruction index: 7103
2025-02-15 01:18:27 | Simulation update: decoder round 11180, completed instructions: 7536/13345, actively running or decoding instructions: 21, waiting windows: 13122/30229. Max active instruction index: 7568
2025-02-15 01:18:37 | Simulation update: decoder round 12050, completed instructions: 8155/13345, actively running or decoding instructions: 11, waiting windows: 14009/32475. Max active instruction index: 8246
2025-02-15 01:18:47 | Simulation update: decoder round 13026, completed instructions: 8675/13345, actively running or decoding instructions: 28, waiting windows: 15092/34886. Max active instruction index: 8818
2025-02-15 01:18:57 | Simulation update: decoder round 14050, completed instructions: 9437/13345, actively running or decoding instructions: 27, waiting windows: 16168/37462. Max active instruction index: 9561
2025-02-15 01:19:07 | Simulation update: decoder round 15309, completed instructions: 10003/13345, actively running or decoding instructions: 14, waiting windows: 17329/40136. Max active instruction index: 10007
2025-02-15 01:19:17 | Simulation update: decoder round 16786, completed instructions: 11163/13345, actively running or decoding instructions: 24, waiting windows: 18729/43558. Max active instruction index: 11195
2025-02-15 01:19:27 | Simulation update: decoder round 19700, completed instructions: 12801/13345, actively running or decoding instructions: 15, waiting windows: 20557/48212. Max active instruction index: 12767
2025-02-15 01:19:28 | Finished simulation
2025-02-15 01:19:29 | Finished saving output. Done! Total elapsed time: 0:04:34.603424
