CONFIG 1532
benchmark_file: slurm/data/20250214_211423/benchmarks/carleman_2_4.lss
decoder_latency_or_dist_filename: slurm/data/20250214_211423/decoder_dists.json
distance: 21
lightweight_setting: 2
max_parallel_processes: None
missed_speculation_modifier: 1.4
poison_policy: successors
rng: 7
scheduling_method: aligned
speculation_accuracy: 0.9
speculation_latency: 1
speculation_mode: separate
2025-02-15 01:14:54 | Loading benchmark slurm/data/20250214_211423/benchmarks/carleman_2_4.lss...
2025-02-15 01:14:55 | Starting simulation
2025-02-15 01:14:57 | Simulation update: decoder round 1, completed instructions: 0/13345, actively running or decoding instructions: 23, waiting windows: 0/0. Max active instruction index: 222
2025-02-15 01:15:07 | Simulation update: decoder round 552, completed instructions: 504/13345, actively running or decoding instructions: 55, waiting windows: 618/1050. Max active instruction index: 507
2025-02-15 01:15:17 | Simulation update: decoder round 952, completed instructions: 552/13345, actively running or decoding instructions: 13, waiting windows: 875/1674. Max active instruction index: 567
2025-02-15 01:15:27 | Simulation update: decoder round 1354, completed instructions: 677/13345, actively running or decoding instructions: 11, waiting windows: 1160/2376. Max active instruction index: 671
2025-02-15 01:15:37 | Simulation update: decoder round 1751, completed instructions: 868/13345, actively running or decoding instructions: 26, waiting windows: 1532/3131. Max active instruction index: 930
2025-02-15 01:15:47 | Simulation update: decoder round 2163, completed instructions: 1002/13345, actively running or decoding instructions: 24, waiting windows: 1833/3823. Max active instruction index: 1001
2025-02-15 01:15:57 | Simulation update: decoder round 2584, completed instructions: 1107/13345, actively running or decoding instructions: 12, waiting windows: 2125/4537. Max active instruction index: 1109
2025-02-15 01:16:07 | Simulation update: decoder round 3005, completed instructions: 1315/13345, actively running or decoding instructions: 33, waiting windows: 2517/5347. Max active instruction index: 1340
2025-02-15 01:16:17 | Simulation update: decoder round 3436, completed instructions: 1442/13345, actively running or decoding instructions: 33, waiting windows: 2870/6105. Max active instruction index: 1538
2025-02-15 01:16:27 | Simulation update: decoder round 3863, completed instructions: 1562/13345, actively running or decoding instructions: 10, waiting windows: 3161/6882. Max active instruction index: 1562
2025-02-15 01:16:37 | Simulation update: decoder round 4298, completed instructions: 1778/13345, actively running or decoding instructions: 27, waiting windows: 3573/7766. Max active instruction index: 1829
2025-02-15 01:16:47 | Simulation update: decoder round 4741, completed instructions: 1986/13345, actively running or decoding instructions: 36, waiting windows: 3994/8655. Max active instruction index: 2081
2025-02-15 01:16:57 | Simulation update: decoder round 5183, completed instructions: 2208/13345, actively running or decoding instructions: 52, waiting windows: 4443/9572. Max active instruction index: 2273
2025-02-15 01:17:07 | Simulation update: decoder round 5632, completed instructions: 2351/13345, actively running or decoding instructions: 26, waiting windows: 4765/10409. Max active instruction index: 2451
2025-02-15 01:17:17 | Simulation update: decoder round 6094, completed instructions: 2580/13345, actively running or decoding instructions: 25, waiting windows: 5204/11332. Max active instruction index: 2657
2025-02-15 01:17:27 | Simulation update: decoder round 6568, completed instructions: 2709/13345, actively running or decoding instructions: 24, waiting windows: 5532/12182. Max active instruction index: 2760
2025-02-15 01:17:37 | Simulation update: decoder round 7043, completed instructions: 2943/13345, actively running or decoding instructions: 27, waiting windows: 5989/13179. Max active instruction index: 2932
2025-02-15 01:17:47 | Simulation update: decoder round 7525, completed instructions: 3095/13345, actively running or decoding instructions: 42, waiting windows: 6369/14065. Max active instruction index: 3110
2025-02-15 01:17:57 | Simulation update: decoder round 8022, completed instructions: 3280/13345, actively running or decoding instructions: 21, waiting windows: 6777/15055. Max active instruction index: 3370
2025-02-15 01:18:07 | Simulation update: decoder round 8537, completed instructions: 3458/13345, actively running or decoding instructions: 25, waiting windows: 7207/16039. Max active instruction index: 3509
2025-02-15 01:18:17 | Simulation update: decoder round 9049, completed instructions: 3663/13345, actively running or decoding instructions: 18, waiting windows: 7697/17066. Max active instruction index: 4115
2025-02-15 01:18:27 | Simulation update: decoder round 9585, completed instructions: 3776/13345, actively running or decoding instructions: 10, waiting windows: 8137/18058. Max active instruction index: 3758
2025-02-15 01:18:37 | Simulation update: decoder round 10126, completed instructions: 3901/13345, actively running or decoding instructions: 13, waiting windows: 8642/19088. Max active instruction index: 3890
2025-02-15 01:18:47 | Simulation update: decoder round 10670, completed instructions: 4052/13345, actively running or decoding instructions: 33, waiting windows: 9140/20126. Max active instruction index: 4053
2025-02-15 01:18:57 | Simulation update: decoder round 11213, completed instructions: 4256/13345, actively running or decoding instructions: 35, waiting windows: 9608/21176. Max active instruction index: 4298
2025-02-15 01:19:07 | Simulation update: decoder round 11787, completed instructions: 4426/13345, actively running or decoding instructions: 29, waiting windows: 10026/22205. Max active instruction index: 4500
2025-02-15 01:19:17 | Simulation update: decoder round 12378, completed instructions: 4542/13345, actively running or decoding instructions: 11, waiting windows: 10475/23201. Max active instruction index: 4488
2025-02-15 01:19:27 | Simulation update: decoder round 12965, completed instructions: 4728/13345, actively running or decoding instructions: 22, waiting windows: 11034/24307. Max active instruction index: 4780
2025-02-15 01:19:37 | Simulation update: decoder round 13569, completed instructions: 4948/13345, actively running or decoding instructions: 29, waiting windows: 11526/25454. Max active instruction index: 5312
2025-02-15 01:19:47 | Simulation update: decoder round 14187, completed instructions: 5118/13345, actively running or decoding instructions: 22, waiting windows: 12081/26608. Max active instruction index: 5118
2025-02-15 01:19:57 | Simulation update: decoder round 14820, completed instructions: 5235/13345, actively running or decoding instructions: 16, waiting windows: 12562/27744. Max active instruction index: 5235
2025-02-15 01:20:07 | Simulation update: decoder round 15448, completed instructions: 5447/13345, actively running or decoding instructions: 31, waiting windows: 13092/28934. Max active instruction index: 5557
2025-02-15 01:20:17 | Simulation update: decoder round 16116, completed instructions: 5667/13345, actively running or decoding instructions: 19, waiting windows: 13629/30124. Max active instruction index: 5736
2025-02-15 01:20:27 | Simulation update: decoder round 16814, completed instructions: 5763/13345, actively running or decoding instructions: 9, waiting windows: 14159/31277. Max active instruction index: 5695
2025-02-15 01:20:37 | Simulation update: decoder round 17515, completed instructions: 5903/13345, actively running or decoding instructions: 15, waiting windows: 14725/32480. Max active instruction index: 5884
2025-02-15 01:20:47 | Simulation update: decoder round 18219, completed instructions: 5992/13345, actively running or decoding instructions: 12, waiting windows: 15252/33594. Max active instruction index: 5984
2025-02-15 01:20:57 | Simulation update: decoder round 18947, completed instructions: 6097/13345, actively running or decoding instructions: 6, waiting windows: 15801/34770. Max active instruction index: 6072
2025-02-15 01:21:07 | Simulation update: decoder round 19690, completed instructions: 6235/13345, actively running or decoding instructions: 16, waiting windows: 16363/35942. Max active instruction index: 6220
2025-02-15 01:21:17 | Simulation update: decoder round 20423, completed instructions: 6317/13345, actively running or decoding instructions: 12, waiting windows: 16912/37087. Max active instruction index: 6330
2025-02-15 01:21:27 | Simulation update: decoder round 21190, completed instructions: 6398/13345, actively running or decoding instructions: 10, waiting windows: 17453/38225. Max active instruction index: 6384
2025-02-15 01:21:37 | Simulation update: decoder round 21963, completed instructions: 6510/13345, actively running or decoding instructions: 16, waiting windows: 18029/39381. Max active instruction index: 6494
2025-02-15 01:21:47 | Simulation update: decoder round 22744, completed instructions: 6603/13345, actively running or decoding instructions: 12, waiting windows: 18595/40623. Max active instruction index: 6590
2025-02-15 01:21:57 | Simulation update: decoder round 23530, completed instructions: 6769/13345, actively running or decoding instructions: 16, waiting windows: 19215/41934. Max active instruction index: 6774
2025-02-15 01:22:07 | Simulation update: decoder round 24309, completed instructions: 6937/13345, actively running or decoding instructions: 12, waiting windows: 19816/43254. Max active instruction index: 6891
2025-02-15 01:22:17 | Simulation update: decoder round 25128, completed instructions: 7132/13345, actively running or decoding instructions: 27, waiting windows: 20489/44620. Max active instruction index: 7120
2025-02-15 01:22:27 | Simulation update: decoder round 25965, completed instructions: 7235/13345, actively running or decoding instructions: 6, waiting windows: 21113/45986. Max active instruction index: 7217
2025-02-15 01:22:37 | Simulation update: decoder round 26823, completed instructions: 7399/13345, actively running or decoding instructions: 9, waiting windows: 21777/47412. Max active instruction index: 7380
2025-02-15 01:22:47 | Simulation update: decoder round 27682, completed instructions: 7726/13345, actively running or decoding instructions: 38, waiting windows: 22495/48937. Max active instruction index: 7813
2025-02-15 01:22:57 | Simulation update: decoder round 28624, completed instructions: 7960/13345, actively running or decoding instructions: 17, waiting windows: 23164/50470. Max active instruction index: 7969
2025-02-15 01:23:07 | Simulation update: decoder round 29611, completed instructions: 8277/13345, actively running or decoding instructions: 12, waiting windows: 23907/52134. Max active instruction index: 8363
2025-02-15 01:23:17 | Simulation update: decoder round 30636, completed instructions: 8552/13345, actively running or decoding instructions: 25, waiting windows: 24746/53868. Max active instruction index: 8717
2025-02-15 01:23:27 | Simulation update: decoder round 31660, completed instructions: 8697/13345, actively running or decoding instructions: 12, waiting windows: 25472/55472. Max active instruction index: 8690
2025-02-15 01:23:37 | Simulation update: decoder round 32752, completed instructions: 8958/13345, actively running or decoding instructions: 9, waiting windows: 26289/57255. Max active instruction index: 9030
2025-02-15 01:23:47 | Simulation update: decoder round 33895, completed instructions: 9424/13345, actively running or decoding instructions: 49, waiting windows: 27190/59206. Max active instruction index: 9648
2025-02-15 01:23:57 | Simulation update: decoder round 35199, completed instructions: 9618/13345, actively running or decoding instructions: 10, waiting windows: 27982/61017. Max active instruction index: 9500
2025-02-15 01:24:07 | Simulation update: decoder round 36449, completed instructions: 9777/13345, actively running or decoding instructions: 16, waiting windows: 28828/62759. Max active instruction index: 9759
2025-02-15 01:24:17 | Simulation update: decoder round 37782, completed instructions: 10222/13345, actively running or decoding instructions: 40, waiting windows: 29742/64787. Max active instruction index: 10206
2025-02-15 01:24:27 | Simulation update: decoder round 39278, completed instructions: 10631/13345, actively running or decoding instructions: 34, waiting windows: 30680/66980. Max active instruction index: 10680
2025-02-15 01:24:37 | Simulation update: decoder round 41071, completed instructions: 11268/13345, actively running or decoding instructions: 32, waiting windows: 31732/69489. Max active instruction index: 11279
2025-02-15 01:24:47 | Simulation update: decoder round 43456, completed instructions: 12078/13345, actively running or decoding instructions: 19, waiting windows: 32890/72278. Max active instruction index: 12051
2025-02-15 01:24:57 | Simulation update: decoder round 47564, completed instructions: 12904/13345, actively running or decoding instructions: 10, waiting windows: 34423/75961. Max active instruction index: 12871
2025-02-15 01:24:59 | Finished simulation
2025-02-15 01:24:59 | Finished saving output. Done! Total elapsed time: 0:10:05.364177
