CONFIG 1609
benchmark_file: slurm/data/20250214_211423/benchmarks/qrom_15_15.lss
decoder_latency_or_dist_filename: slurm/data/20250214_211423/decoder_dists.json
distance: 27
lightweight_setting: 2
max_parallel_processes: None
missed_speculation_modifier: 1.4
poison_policy: successors
rng: 8
scheduling_method: aligned
speculation_accuracy: 0.9
speculation_latency: 1
speculation_mode: separate
2025-02-15 01:15:09 | Loading benchmark slurm/data/20250214_211423/benchmarks/qrom_15_15.lss...
2025-02-15 01:15:09 | Starting simulation
2025-02-15 01:15:10 | Simulation update: decoder round 1, completed instructions: 0/1693, actively running or decoding instructions: 10, waiting windows: 0/0. Max active instruction index: 84
2025-02-15 01:15:20 | Simulation update: decoder round 3162, completed instructions: 359/1693, actively running or decoding instructions: 20, waiting windows: 1128/2059. Max active instruction index: 433
2025-02-15 01:15:30 | Simulation update: decoder round 6793, completed instructions: 824/1693, actively running or decoding instructions: 28, waiting windows: 2265/4675. Max active instruction index: 818
2025-02-15 01:15:39 | Finished simulation
2025-02-15 01:15:39 | Finished saving output. Done! Total elapsed time: 0:00:29.719508
