CONFIG 1787
benchmark_file: slurm/data/20250214_211423/benchmarks/adder_n18.lss
decoder_latency_or_dist_filename: slurm/data/20250214_211423/decoder_dists.json
distance: 21
lightweight_setting: 2
max_parallel_processes: None
missed_speculation_modifier: 1.4
poison_policy: successors
rng: 7
scheduling_method: sliding
speculation_accuracy: 1.0
speculation_latency: 1
speculation_mode: separate
2025-02-15 01:15:12 | Loading benchmark slurm/data/20250214_211423/benchmarks/adder_n18.lss...
2025-02-15 01:15:12 | Starting simulation
2025-02-15 01:15:12 | Simulation update: decoder round 1, completed instructions: 0/2338, actively running or decoding instructions: 3, waiting windows: 0/0. Max active instruction index: 18
2025-02-15 01:15:22 | Simulation update: decoder round 2968, completed instructions: 477/2338, actively running or decoding instructions: 8, waiting windows: 138/2921. Max active instruction index: 481
2025-02-15 01:15:32 | Simulation update: decoder round 5979, completed instructions: 965/2338, actively running or decoding instructions: 9, waiting windows: 113/5967. Max active instruction index: 960
2025-02-15 01:15:42 | Simulation update: decoder round 9977, completed instructions: 1788/2338, actively running or decoding instructions: 8, waiting windows: 83/9280. Max active instruction index: 1780
2025-02-15 01:15:46 | Finished simulation
2025-02-15 01:15:46 | Finished saving output. Done! Total elapsed time: 0:00:34.598264
