CONFIG 2196
benchmark_file: slurm/data/20250214_211423/benchmarks/qpeexact_5.lss
decoder_latency_or_dist_filename: slurm/data/20250214_211423/decoder_dists.json
distance: 15
lightweight_setting: 2
max_parallel_processes: None
missed_speculation_modifier: 1.4
poison_policy: successors
rng: 2
scheduling_method: parallel
speculation_accuracy: 0.9
speculation_latency: 1
speculation_mode: None
2025-02-15 03:14:44 | Loading benchmark slurm/data/20250214_211423/benchmarks/qpeexact_5.lss...
2025-02-15 03:14:46 | Starting simulation
2025-02-15 03:14:49 | Simulation update: decoder round 1, completed instructions: 0/26601, actively running or decoding instructions: 1, waiting windows: 0/0. Max active instruction index: 0
2025-02-15 03:14:59 | Simulation update: decoder round 1444, completed instructions: 89/26601, actively running or decoding instructions: 2, waiting windows: 64/148. Max active instruction index: 85
2025-02-15 03:15:09 | Simulation update: decoder round 2900, completed instructions: 156/26601, actively running or decoding instructions: 5, waiting windows: 121/298. Max active instruction index: 153
2025-02-15 03:15:19 | Simulation update: decoder round 4385, completed instructions: 236/26601, actively running or decoding instructions: 8, waiting windows: 195/467. Max active instruction index: 233
2025-02-15 03:15:29 | Simulation update: decoder round 5914, completed instructions: 312/26601, actively running or decoding instructions: 3, waiting windows: 257/623. Max active instruction index: 316
2025-02-15 03:15:39 | Simulation update: decoder round 7475, completed instructions: 376/26601, actively running or decoding instructions: 2, waiting windows: 318/782. Max active instruction index: 376
2025-02-15 03:15:49 | Simulation update: decoder round 9058, completed instructions: 460/26601, actively running or decoding instructions: 2, waiting windows: 383/940. Max active instruction index: 457
2025-02-15 03:15:59 | Simulation update: decoder round 10676, completed instructions: 537/26601, actively running or decoding instructions: 3, waiting windows: 449/1102. Max active instruction index: 533
2025-02-15 03:16:09 | Simulation update: decoder round 12324, completed instructions: 625/26601, actively running or decoding instructions: 8, waiting windows: 519/1277. Max active instruction index: 621
2025-02-15 03:16:19 | Simulation update: decoder round 14009, completed instructions: 704/26601, actively running or decoding instructions: 2, waiting windows: 587/1450. Max active instruction index: 701
2025-02-15 03:16:29 | Simulation update: decoder round 15736, completed instructions: 792/26601, actively running or decoding instructions: 3, waiting windows: 648/1614. Max active instruction index: 789
2025-02-15 03:16:39 | Simulation update: decoder round 17524, completed instructions: 880/26601, actively running or decoding instructions: 6, waiting windows: 730/1808. Max active instruction index: 877
2025-02-15 03:16:49 | Simulation update: decoder round 19348, completed instructions: 984/26601, actively running or decoding instructions: 2, waiting windows: 822/2025. Max active instruction index: 981
2025-02-15 03:16:59 | Simulation update: decoder round 21199, completed instructions: 1172/26601, actively running or decoding instructions: 3, waiting windows: 1049/2530. Max active instruction index: 2171
2025-02-15 03:17:09 | Simulation update: decoder round 23165, completed instructions: 1381/26601, actively running or decoding instructions: 6, waiting windows: 1267/3048. Max active instruction index: 2387
2025-02-15 03:17:19 | Simulation update: decoder round 25268, completed instructions: 1601/26601, actively running or decoding instructions: 7, waiting windows: 1499/3608. Max active instruction index: 2599
2025-02-15 03:17:29 | Simulation update: decoder round 27570, completed instructions: 1833/26601, actively running or decoding instructions: 3, waiting windows: 1764/4237. Max active instruction index: 2835
2025-02-15 03:17:39 | Simulation update: decoder round 30114, completed instructions: 2089/26601, actively running or decoding instructions: 9, waiting windows: 2072/4941. Max active instruction index: 3095
2025-02-15 03:17:49 | Simulation update: decoder round 32980, completed instructions: 2368/26601, actively running or decoding instructions: 7, waiting windows: 2417/5757. Max active instruction index: 3391
2025-02-15 03:17:59 | Simulation update: decoder round 36367, completed instructions: 2716/26601, actively running or decoding instructions: 9, waiting windows: 2828/6715. Max active instruction index: 3739
2025-02-15 03:18:09 | Simulation update: decoder round 39668, completed instructions: 3039/26601, actively running or decoding instructions: 2, waiting windows: 3183/7559. Max active instruction index: 2051
2025-02-15 03:18:19 | Simulation update: decoder round 40929, completed instructions: 3098/26601, actively running or decoding instructions: 2, waiting windows: 3274/7775. Max active instruction index: 2163
2025-02-15 03:18:29 | Simulation update: decoder round 42203, completed instructions: 3159/26601, actively running or decoding instructions: 5, waiting windows: 3383/8004. Max active instruction index: 2287
2025-02-15 03:18:39 | Simulation update: decoder round 43490, completed instructions: 3223/26601, actively running or decoding instructions: 5, waiting windows: 3488/8242. Max active instruction index: 2419
2025-02-15 03:18:49 | Simulation update: decoder round 44796, completed instructions: 3291/26601, actively running or decoding instructions: 2, waiting windows: 3598/8483. Max active instruction index: 2559
2025-02-15 03:18:59 | Simulation update: decoder round 46129, completed instructions: 3358/26601, actively running or decoding instructions: 8, waiting windows: 3701/8716. Max active instruction index: 2691
2025-02-15 03:19:09 | Simulation update: decoder round 47491, completed instructions: 3434/26601, actively running or decoding instructions: 5, waiting windows: 3799/8945. Max active instruction index: 2847
2025-02-15 03:19:19 | Simulation update: decoder round 48872, completed instructions: 3514/26601, actively running or decoding instructions: 5, waiting windows: 3901/9174. Max active instruction index: 3010
2025-02-15 03:19:29 | Simulation update: decoder round 50281, completed instructions: 3583/26601, actively running or decoding instructions: 8, waiting windows: 4018/9429. Max active instruction index: 3143
2025-02-15 03:19:39 | Simulation update: decoder round 51720, completed instructions: 3658/26601, actively running or decoding instructions: 8, waiting windows: 4119/9674. Max active instruction index: 3291
2025-02-15 03:19:49 | Simulation update: decoder round 53176, completed instructions: 3738/26601, actively running or decoding instructions: 2, waiting windows: 4229/9919. Max active instruction index: 3451
2025-02-15 03:19:59 | Simulation update: decoder round 54671, completed instructions: 3815/26601, actively running or decoding instructions: 2, waiting windows: 4341/10180. Max active instruction index: 3615
2025-02-15 03:20:09 | Simulation update: decoder round 56203, completed instructions: 3886/26601, actively running or decoding instructions: 5, waiting windows: 4455/10441. Max active instruction index: 3758
2025-02-15 03:20:19 | Simulation update: decoder round 57754, completed instructions: 3962/26601, actively running or decoding instructions: 2, waiting windows: 4571/10707. Max active instruction index: 3903
2025-02-15 03:20:29 | Simulation update: decoder round 58952, completed instructions: 4046/26601, actively running or decoding instructions: 5, waiting windows: 4675/10938. Max active instruction index: 5019
2025-02-15 03:20:39 | Simulation update: decoder round 59370, completed instructions: 4111/26601, actively running or decoding instructions: 3, waiting windows: 4751/11116. Max active instruction index: 5096
2025-02-15 03:20:49 | Simulation update: decoder round 59803, completed instructions: 4161/26601, actively running or decoding instructions: 12, waiting windows: 4842/11309. Max active instruction index: 5132
2025-02-15 03:20:59 | Simulation update: decoder round 60231, completed instructions: 4211/26601, actively running or decoding instructions: 12, waiting windows: 4923/11493. Max active instruction index: 5186
2025-02-15 03:21:09 | Simulation update: decoder round 60659, completed instructions: 4263/26601, actively running or decoding instructions: 6, waiting windows: 5007/11685. Max active instruction index: 5244
2025-02-15 03:21:19 | Simulation update: decoder round 61084, completed instructions: 4305/26601, actively running or decoding instructions: 6, waiting windows: 5098/11883. Max active instruction index: 5280
2025-02-15 03:21:29 | Simulation update: decoder round 61513, completed instructions: 4347/26601, actively running or decoding instructions: 6, waiting windows: 5174/12069. Max active instruction index: 5321
2025-02-15 03:21:39 | Simulation update: decoder round 61957, completed instructions: 4400/26601, actively running or decoding instructions: 9, waiting windows: 5261/12258. Max active instruction index: 5382
2025-02-15 03:21:49 | Simulation update: decoder round 62389, completed instructions: 4453/26601, actively running or decoding instructions: 9, waiting windows: 5345/12442. Max active instruction index: 5433
2025-02-15 03:21:59 | Simulation update: decoder round 62825, completed instructions: 4505/26601, actively running or decoding instructions: 9, waiting windows: 5428/12632. Max active instruction index: 5486
2025-02-15 03:22:09 | Simulation update: decoder round 63268, completed instructions: 4553/26601, actively running or decoding instructions: 9, waiting windows: 5505/12816. Max active instruction index: 5526
2025-02-15 03:22:19 | Simulation update: decoder round 63702, completed instructions: 4609/26601, actively running or decoding instructions: 13, waiting windows: 5583/12992. Max active instruction index: 5578
2025-02-15 03:22:29 | Simulation update: decoder round 64146, completed instructions: 4654/26601, actively running or decoding instructions: 9, waiting windows: 5668/13188. Max active instruction index: 5636
2025-02-15 03:22:39 | Simulation update: decoder round 64583, completed instructions: 4715/26601, actively running or decoding instructions: 9, waiting windows: 5760/13379. Max active instruction index: 5684
2025-02-15 03:22:49 | Simulation update: decoder round 65030, completed instructions: 4759/26601, actively running or decoding instructions: 9, waiting windows: 5828/13552. Max active instruction index: 5736
2025-02-15 03:22:59 | Simulation update: decoder round 65483, completed instructions: 4807/26601, actively running or decoding instructions: 6, waiting windows: 5906/13740. Max active instruction index: 5784
2025-02-15 03:23:09 | Simulation update: decoder round 65925, completed instructions: 4870/26601, actively running or decoding instructions: 9, waiting windows: 5995/13931. Max active instruction index: 5858
2025-02-15 03:23:19 | Simulation update: decoder round 66381, completed instructions: 4922/26601, actively running or decoding instructions: 9, waiting windows: 6078/14125. Max active instruction index: 5910
2025-02-15 03:23:29 | Simulation update: decoder round 66836, completed instructions: 4970/26601, actively running or decoding instructions: 12, waiting windows: 6166/14320. Max active instruction index: 5968
2025-02-15 03:23:39 | Simulation update: decoder round 67291, completed instructions: 5032/26601, actively running or decoding instructions: 9, waiting windows: 6250/14510. Max active instruction index: 6024
2025-02-15 03:23:49 | Simulation update: decoder round 67747, completed instructions: 5081/26601, actively running or decoding instructions: 6, waiting windows: 6346/14718. Max active instruction index: 6074
2025-02-15 03:23:59 | Simulation update: decoder round 68196, completed instructions: 5117/26601, actively running or decoding instructions: 6, waiting windows: 6416/14899. Max active instruction index: 6114
2025-02-15 03:24:09 | Simulation update: decoder round 68663, completed instructions: 5176/26601, actively running or decoding instructions: 6, waiting windows: 6511/15095. Max active instruction index: 6184
2025-02-15 03:24:19 | Simulation update: decoder round 69122, completed instructions: 5232/26601, actively running or decoding instructions: 12, waiting windows: 6590/15277. Max active instruction index: 6236
2025-02-15 03:24:29 | Simulation update: decoder round 69564, completed instructions: 5271/26601, actively running or decoding instructions: 6, waiting windows: 6662/15457. Max active instruction index: 6272
2025-02-15 03:24:39 | Simulation update: decoder round 70033, completed instructions: 5324/26601, actively running or decoding instructions: 3, waiting windows: 6758/15668. Max active instruction index: 6338
2025-02-15 03:24:49 | Simulation update: decoder round 70492, completed instructions: 5373/26601, actively running or decoding instructions: 9, waiting windows: 6833/15851. Max active instruction index: 6382
2025-02-15 03:24:59 | Simulation update: decoder round 70962, completed instructions: 5426/26601, actively running or decoding instructions: 5, waiting windows: 6927/16052. Max active instruction index: 6429
2025-02-15 03:25:09 | Simulation update: decoder round 71430, completed instructions: 5483/26601, actively running or decoding instructions: 9, waiting windows: 7009/16241. Max active instruction index: 6484
2025-02-15 03:25:19 | Simulation update: decoder round 71902, completed instructions: 5527/26601, actively running or decoding instructions: 7, waiting windows: 7083/16424. Max active instruction index: 6524
2025-02-15 03:25:29 | Simulation update: decoder round 72375, completed instructions: 5585/26601, actively running or decoding instructions: 7, waiting windows: 7172/16619. Max active instruction index: 6597
2025-02-15 03:25:39 | Simulation update: decoder round 72844, completed instructions: 5645/26601, actively running or decoding instructions: 12, waiting windows: 7254/16811. Max active instruction index: 6646
2025-02-15 03:25:49 | Simulation update: decoder round 73327, completed instructions: 5697/26601, actively running or decoding instructions: 7, waiting windows: 7331/16997. Max active instruction index: 6690
2025-02-15 03:25:59 | Simulation update: decoder round 73804, completed instructions: 5752/26601, actively running or decoding instructions: 6, waiting windows: 7424/17202. Max active instruction index: 6756
2025-02-15 03:26:09 | Simulation update: decoder round 74286, completed instructions: 5811/26601, actively running or decoding instructions: 12, waiting windows: 7506/17397. Max active instruction index: 6800
2025-02-15 03:26:19 | Simulation update: decoder round 74765, completed instructions: 5865/26601, actively running or decoding instructions: 4, waiting windows: 7599/17597. Max active instruction index: 6866
2025-02-15 03:26:29 | Simulation update: decoder round 75253, completed instructions: 5910/26601, actively running or decoding instructions: 6, waiting windows: 7683/17795. Max active instruction index: 6910
2025-02-15 03:26:39 | Simulation update: decoder round 75749, completed instructions: 5961/26601, actively running or decoding instructions: 4, waiting windows: 7769/17996. Max active instruction index: 6991
2025-02-15 03:26:49 | Simulation update: decoder round 76230, completed instructions: 6023/26601, actively running or decoding instructions: 10, waiting windows: 7871/18211. Max active instruction index: 7032
2025-02-15 03:26:59 | Simulation update: decoder round 76730, completed instructions: 6071/26601, actively running or decoding instructions: 10, waiting windows: 7954/18412. Max active instruction index: 7101
2025-02-15 03:27:09 | Simulation update: decoder round 77229, completed instructions: 6128/26601, actively running or decoding instructions: 12, waiting windows: 8042/18610. Max active instruction index: 7153
2025-02-15 03:27:19 | Simulation update: decoder round 77725, completed instructions: 6190/26601, actively running or decoding instructions: 6, waiting windows: 8138/18823. Max active instruction index: 7194
2025-02-15 03:27:29 | Simulation update: decoder round 78225, completed instructions: 6257/26601, actively running or decoding instructions: 9, waiting windows: 8214/19009. Max active instruction index: 7244
2025-02-15 03:27:39 | Simulation update: decoder round 78721, completed instructions: 6302/26601, actively running or decoding instructions: 12, waiting windows: 8279/19172. Max active instruction index: 7268
2025-02-15 03:27:49 | Simulation update: decoder round 79232, completed instructions: 6364/26601, actively running or decoding instructions: 9, waiting windows: 8362/19357. Max active instruction index: 7302
2025-02-15 03:27:59 | Simulation update: decoder round 79737, completed instructions: 6425/26601, actively running or decoding instructions: 6, waiting windows: 8446/19551. Max active instruction index: 7336
2025-02-15 03:28:09 | Simulation update: decoder round 80245, completed instructions: 6483/26601, actively running or decoding instructions: 12, waiting windows: 8521/19732. Max active instruction index: 7374
2025-02-15 03:28:19 | Simulation update: decoder round 80765, completed instructions: 6543/26601, actively running or decoding instructions: 7, waiting windows: 8591/19905. Max active instruction index: 7398
2025-02-15 03:28:29 | Simulation update: decoder round 81280, completed instructions: 6606/26601, actively running or decoding instructions: 9, waiting windows: 8668/20087. Max active instruction index: 7436
2025-02-15 03:28:39 | Simulation update: decoder round 81800, completed instructions: 6670/26601, actively running or decoding instructions: 9, waiting windows: 8741/20257. Max active instruction index: 7477
2025-02-15 03:28:49 | Simulation update: decoder round 82322, completed instructions: 6731/26601, actively running or decoding instructions: 3, waiting windows: 8822/20446. Max active instruction index: 7502
2025-02-15 03:28:59 | Simulation update: decoder round 82847, completed instructions: 6797/26601, actively running or decoding instructions: 6, waiting windows: 8893/20624. Max active instruction index: 7544
2025-02-15 03:29:09 | Simulation update: decoder round 83377, completed instructions: 6853/26601, actively running or decoding instructions: 9, waiting windows: 8973/20807. Max active instruction index: 7572
2025-02-15 03:29:19 | Simulation update: decoder round 83900, completed instructions: 6963/26601, actively running or decoding instructions: 22, waiting windows: 9076/21043. Max active instruction index: 7724
2025-02-15 03:29:29 | Simulation update: decoder round 84438, completed instructions: 7000/26601, actively running or decoding instructions: 8, waiting windows: 9164/21247. Max active instruction index: 5732
2025-02-15 03:29:39 | Simulation update: decoder round 84982, completed instructions: 7027/26601, actively running or decoding instructions: 5, waiting windows: 9254/21447. Max active instruction index: 5798
2025-02-15 03:29:49 | Simulation update: decoder round 85521, completed instructions: 7063/26601, actively running or decoding instructions: 8, waiting windows: 9350/21645. Max active instruction index: 5872
2025-02-15 03:29:59 | Simulation update: decoder round 86061, completed instructions: 7087/26601, actively running or decoding instructions: 8, waiting windows: 9437/21839. Max active instruction index: 5924
2025-02-15 03:30:10 | Simulation update: decoder round 86602, completed instructions: 7119/26601, actively running or decoding instructions: 2, waiting windows: 9537/22047. Max active instruction index: 5994
2025-02-15 03:30:20 | Simulation update: decoder round 87150, completed instructions: 7147/26601, actively running or decoding instructions: 5, waiting windows: 9637/22253. Max active instruction index: 6056
2025-02-15 03:30:30 | Simulation update: decoder round 87689, completed instructions: 7167/26601, actively running or decoding instructions: 2, waiting windows: 9727/22452. Max active instruction index: 6106
2025-02-15 03:30:40 | Simulation update: decoder round 88232, completed instructions: 7200/26601, actively running or decoding instructions: 5, waiting windows: 9824/22652. Max active instruction index: 6176
2025-02-15 03:30:50 | Simulation update: decoder round 88781, completed instructions: 7220/26601, actively running or decoding instructions: 8, waiting windows: 9919/22859. Max active instruction index: 6231
2025-02-15 03:31:00 | Simulation update: decoder round 89327, completed instructions: 7251/26601, actively running or decoding instructions: 8, waiting windows: 10008/23058. Max active instruction index: 6286
2025-02-15 03:31:10 | Simulation update: decoder round 89883, completed instructions: 7275/26601, actively running or decoding instructions: 5, waiting windows: 10105/23256. Max active instruction index: 6347
2025-02-15 03:31:20 | Simulation update: decoder round 90426, completed instructions: 7299/26601, actively running or decoding instructions: 2, waiting windows: 10199/23459. Max active instruction index: 6392
2025-02-15 03:31:30 | Simulation update: decoder round 90982, completed instructions: 7328/26601, actively running or decoding instructions: 3, waiting windows: 10305/23675. Max active instruction index: 6458
2025-02-15 03:31:40 | Simulation update: decoder round 91534, completed instructions: 7355/26601, actively running or decoding instructions: 2, waiting windows: 10396/23874. Max active instruction index: 6516
2025-02-15 03:31:50 | Simulation update: decoder round 92077, completed instructions: 7387/26601, actively running or decoding instructions: 8, waiting windows: 10495/24074. Max active instruction index: 6586
2025-02-15 03:32:00 | Simulation update: decoder round 92640, completed instructions: 7419/26601, actively running or decoding instructions: 2, waiting windows: 10595/24287. Max active instruction index: 6656
2025-02-15 03:32:10 | Simulation update: decoder round 93197, completed instructions: 7444/26601, actively running or decoding instructions: 5, waiting windows: 10687/24488. Max active instruction index: 6722
2025-02-15 03:32:20 | Simulation update: decoder round 93756, completed instructions: 7471/26601, actively running or decoding instructions: 3, waiting windows: 10778/24688. Max active instruction index: 6787
2025-02-15 03:32:30 | Simulation update: decoder round 94319, completed instructions: 7507/26601, actively running or decoding instructions: 8, waiting windows: 10888/24912. Max active instruction index: 6848
2025-02-15 03:32:40 | Simulation update: decoder round 94874, completed instructions: 7527/26601, actively running or decoding instructions: 2, waiting windows: 10978/25107. Max active instruction index: 6901
2025-02-15 03:32:50 | Simulation update: decoder round 95451, completed instructions: 7559/26601, actively running or decoding instructions: 2, waiting windows: 11072/25322. Max active instruction index: 6962
2025-02-15 03:33:00 | Simulation update: decoder round 96009, completed instructions: 7595/26601, actively running or decoding instructions: 8, waiting windows: 11173/25528. Max active instruction index: 7046
2025-02-15 03:33:10 | Simulation update: decoder round 96576, completed instructions: 7627/26601, actively running or decoding instructions: 9, waiting windows: 11280/25744. Max active instruction index: 7127
2025-02-15 03:33:20 | Simulation update: decoder round 97152, completed instructions: 7655/26601, actively running or decoding instructions: 8, waiting windows: 11380/25961. Max active instruction index: 7172
2025-02-15 03:33:30 | Simulation update: decoder round 97672, completed instructions: 7722/26601, actively running or decoding instructions: 21, waiting windows: 11486/26181. Max active instruction index: 7733
2025-02-15 03:33:40 | Simulation update: decoder round 98040, completed instructions: 7790/26601, actively running or decoding instructions: 7, waiting windows: 11536/26336. Max active instruction index: 7888
2025-02-15 03:33:50 | Simulation update: decoder round 98395, completed instructions: 7854/26601, actively running or decoding instructions: 13, waiting windows: 11595/26487. Max active instruction index: 7923
2025-02-15 03:34:00 | Simulation update: decoder round 98755, completed instructions: 7933/26601, actively running or decoding instructions: 19, waiting windows: 11661/26639. Max active instruction index: 7999
2025-02-15 03:34:10 | Simulation update: decoder round 99124, completed instructions: 8010/26601, actively running or decoding instructions: 16, waiting windows: 11721/26782. Max active instruction index: 8079
2025-02-15 03:34:20 | Simulation update: decoder round 99476, completed instructions: 8064/26601, actively running or decoding instructions: 13, waiting windows: 11770/26920. Max active instruction index: 8163
2025-02-15 03:34:30 | Simulation update: decoder round 99852, completed instructions: 8128/26601, actively running or decoding instructions: 9, waiting windows: 11828/27067. Max active instruction index: 8094
2025-02-15 03:34:40 | Simulation update: decoder round 100214, completed instructions: 8195/26601, actively running or decoding instructions: 10, waiting windows: 11893/27225. Max active instruction index: 8265
2025-02-15 03:34:50 | Simulation update: decoder round 100584, completed instructions: 8266/26601, actively running or decoding instructions: 11, waiting windows: 11946/27378. Max active instruction index: 8341
2025-02-15 03:35:00 | Simulation update: decoder round 100957, completed instructions: 8342/26601, actively running or decoding instructions: 13, waiting windows: 12012/27534. Max active instruction index: 8439
2025-02-15 03:35:10 | Simulation update: decoder round 101320, completed instructions: 8406/26601, actively running or decoding instructions: 8, waiting windows: 12070/27682. Max active instruction index: 8492
2025-02-15 03:35:20 | Simulation update: decoder round 101707, completed instructions: 8467/26601, actively running or decoding instructions: 9, waiting windows: 12132/27844. Max active instruction index: 8550
2025-02-15 03:35:30 | Simulation update: decoder round 102074, completed instructions: 8541/26601, actively running or decoding instructions: 16, waiting windows: 12198/28000. Max active instruction index: 8623
2025-02-15 03:35:40 | Simulation update: decoder round 102452, completed instructions: 8602/26601, actively running or decoding instructions: 16, waiting windows: 12253/28140. Max active instruction index: 8690
2025-02-15 03:35:50 | Simulation update: decoder round 102833, completed instructions: 8672/26601, actively running or decoding instructions: 8, waiting windows: 12324/28306. Max active instruction index: 8767
2025-02-15 03:36:00 | Simulation update: decoder round 103207, completed instructions: 8727/26601, actively running or decoding instructions: 12, waiting windows: 12369/28445. Max active instruction index: 8801
2025-02-15 03:36:10 | Simulation update: decoder round 103601, completed instructions: 8799/26601, actively running or decoding instructions: 10, waiting windows: 12430/28600. Max active instruction index: 8885
2025-02-15 03:36:20 | Simulation update: decoder round 103976, completed instructions: 8872/26601, actively running or decoding instructions: 17, waiting windows: 12494/28747. Max active instruction index: 8957
2025-02-15 03:36:30 | Simulation update: decoder round 104363, completed instructions: 8943/26601, actively running or decoding instructions: 13, waiting windows: 12559/28911. Max active instruction index: 9035
2025-02-15 03:36:40 | Simulation update: decoder round 104757, completed instructions: 9004/26601, actively running or decoding instructions: 13, waiting windows: 12615/29058. Max active instruction index: 9073
2025-02-15 03:36:50 | Simulation update: decoder round 105140, completed instructions: 9068/26601, actively running or decoding instructions: 13, waiting windows: 12683/29220. Max active instruction index: 9135
2025-02-15 03:37:00 | Simulation update: decoder round 105542, completed instructions: 9140/26601, actively running or decoding instructions: 10, waiting windows: 12751/29388. Max active instruction index: 9217
2025-02-15 03:37:10 | Simulation update: decoder round 105925, completed instructions: 9213/26601, actively running or decoding instructions: 10, waiting windows: 12818/29552. Max active instruction index: 9279
2025-02-15 03:37:20 | Simulation update: decoder round 106324, completed instructions: 9287/26601, actively running or decoding instructions: 19, waiting windows: 12888/29719. Max active instruction index: 9361
2025-02-15 03:37:30 | Simulation update: decoder round 106729, completed instructions: 9360/26601, actively running or decoding instructions: 16, waiting windows: 12954/29874. Max active instruction index: 9437
2025-02-15 03:37:40 | Simulation update: decoder round 107118, completed instructions: 9420/26601, actively running or decoding instructions: 13, waiting windows: 13009/30028. Max active instruction index: 9508
2025-02-15 03:37:50 | Simulation update: decoder round 107526, completed instructions: 9508/26601, actively running or decoding instructions: 13, waiting windows: 13088/30201. Max active instruction index: 9581
2025-02-15 03:38:00 | Simulation update: decoder round 107925, completed instructions: 9563/26601, actively running or decoding instructions: 9, waiting windows: 13142/30358. Max active instruction index: 9668
2025-02-15 03:38:10 | Simulation update: decoder round 108334, completed instructions: 9643/26601, actively running or decoding instructions: 10, waiting windows: 13218/30539. Max active instruction index: 9709
2025-02-15 03:38:20 | Simulation update: decoder round 108747, completed instructions: 9709/26601, actively running or decoding instructions: 13, waiting windows: 13282/30695. Max active instruction index: 9767
2025-02-15 03:38:30 | Simulation update: decoder round 109147, completed instructions: 9774/26601, actively running or decoding instructions: 7, waiting windows: 13359/30882. Max active instruction index: 9843
2025-02-15 03:38:40 | Simulation update: decoder round 109567, completed instructions: 9844/26601, actively running or decoding instructions: 12, waiting windows: 13423/31050. Max active instruction index: 9911
2025-02-15 03:38:50 | Simulation update: decoder round 109980, completed instructions: 9924/26601, actively running or decoding instructions: 8, waiting windows: 13483/31203. Max active instruction index: 9995
2025-02-15 03:39:00 | Simulation update: decoder round 110395, completed instructions: 9995/26601, actively running or decoding instructions: 10, waiting windows: 13542/31358. Max active instruction index: 10059
2025-02-15 03:39:10 | Simulation update: decoder round 110811, completed instructions: 10063/26601, actively running or decoding instructions: 16, waiting windows: 13604/31515. Max active instruction index: 10119
2025-02-15 03:39:20 | Simulation update: decoder round 111231, completed instructions: 10150/26601, actively running or decoding instructions: 10, waiting windows: 13679/31696. Max active instruction index: 10191
2025-02-15 03:39:30 | Simulation update: decoder round 111660, completed instructions: 10234/26601, actively running or decoding instructions: 10, waiting windows: 13744/31868. Max active instruction index: 10279
2025-02-15 03:39:40 | Simulation update: decoder round 112081, completed instructions: 10306/26601, actively running or decoding instructions: 7, waiting windows: 13824/32057. Max active instruction index: 10351
2025-02-15 03:39:50 | Simulation update: decoder round 112514, completed instructions: 10388/26601, actively running or decoding instructions: 10, waiting windows: 13904/32241. Max active instruction index: 10441
2025-02-15 03:40:00 | Simulation update: decoder round 112946, completed instructions: 10459/26601, actively running or decoding instructions: 6, waiting windows: 13964/32417. Max active instruction index: 10427
2025-02-15 03:40:10 | Simulation update: decoder round 113382, completed instructions: 10528/26601, actively running or decoding instructions: 13, waiting windows: 14031/32591. Max active instruction index: 10555
2025-02-15 03:40:20 | Simulation update: decoder round 113820, completed instructions: 10616/26601, actively running or decoding instructions: 10, waiting windows: 14113/32776. Max active instruction index: 10665
2025-02-15 03:40:30 | Simulation update: decoder round 114254, completed instructions: 10697/26601, actively running or decoding instructions: 10, waiting windows: 14181/32945. Max active instruction index: 10755
2025-02-15 03:40:40 | Simulation update: decoder round 114702, completed instructions: 10767/26601, actively running or decoding instructions: 10, waiting windows: 14248/33121. Max active instruction index: 10835
2025-02-15 03:40:50 | Simulation update: decoder round 115146, completed instructions: 10854/26601, actively running or decoding instructions: 10, waiting windows: 14328/33308. Max active instruction index: 10911
2025-02-15 03:41:00 | Simulation update: decoder round 115593, completed instructions: 10941/26601, actively running or decoding instructions: 13, waiting windows: 14396/33484. Max active instruction index: 11001
2025-02-15 03:41:10 | Simulation update: decoder round 116051, completed instructions: 11023/26601, actively running or decoding instructions: 16, waiting windows: 14469/33663. Max active instruction index: 11085
2025-02-15 03:41:20 | Simulation update: decoder round 116503, completed instructions: 11089/26601, actively running or decoding instructions: 11, waiting windows: 14524/33834. Max active instruction index: 11145
2025-02-15 03:41:30 | Simulation update: decoder round 116962, completed instructions: 11177/26601, actively running or decoding instructions: 13, waiting windows: 14618/34036. Max active instruction index: 11211
2025-02-15 03:41:40 | Simulation update: decoder round 117422, completed instructions: 11259/26601, actively running or decoding instructions: 13, waiting windows: 14687/34225. Max active instruction index: 11277
2025-02-15 03:41:50 | Simulation update: decoder round 117887, completed instructions: 11341/26601, actively running or decoding instructions: 16, waiting windows: 14753/34396. Max active instruction index: 11337
2025-02-15 03:42:00 | Simulation update: decoder round 118363, completed instructions: 11402/26601, actively running or decoding instructions: 9, waiting windows: 14824/34569. Max active instruction index: 11424
2025-02-15 03:42:10 | Simulation update: decoder round 118829, completed instructions: 11434/26601, actively running or decoding instructions: 8, waiting windows: 14886/34714. Max active instruction index: 11432
2025-02-15 03:42:20 | Simulation update: decoder round 119299, completed instructions: 11462/26601, actively running or decoding instructions: 5, waiting windows: 14950/34850. Max active instruction index: 11461
2025-02-15 03:42:30 | Simulation update: decoder round 119776, completed instructions: 11486/26601, actively running or decoding instructions: 5, waiting windows: 15019/34993. Max active instruction index: 11481
2025-02-15 03:42:40 | Simulation update: decoder round 120251, completed instructions: 11514/26601, actively running or decoding instructions: 2, waiting windows: 15091/35143. Max active instruction index: 11509
2025-02-15 03:42:50 | Simulation update: decoder round 120730, completed instructions: 11533/26601, actively running or decoding instructions: 8, waiting windows: 15156/35289. Max active instruction index: 11529
2025-02-15 03:43:00 | Simulation update: decoder round 121207, completed instructions: 11557/26601, actively running or decoding instructions: 2, waiting windows: 15219/35426. Max active instruction index: 11553
2025-02-15 03:43:10 | Simulation update: decoder round 121678, completed instructions: 11585/26601, actively running or decoding instructions: 8, waiting windows: 15287/35569. Max active instruction index: 11581
2025-02-15 03:43:20 | Simulation update: decoder round 122162, completed instructions: 11605/26601, actively running or decoding instructions: 5, waiting windows: 15351/35710. Max active instruction index: 11601
2025-02-15 03:43:30 | Simulation update: decoder round 122639, completed instructions: 11625/26601, actively running or decoding instructions: 5, waiting windows: 15413/35849. Max active instruction index: 11621
2025-02-15 03:43:40 | Simulation update: decoder round 123122, completed instructions: 11657/26601, actively running or decoding instructions: 5, waiting windows: 15482/35993. Max active instruction index: 11656
2025-02-15 03:43:50 | Simulation update: decoder round 123605, completed instructions: 11703/26601, actively running or decoding instructions: 5, waiting windows: 15569/36186. Max active instruction index: 11695
2025-02-15 03:44:00 | Simulation update: decoder round 124079, completed instructions: 11731/26601, actively running or decoding instructions: 5, waiting windows: 15655/36363. Max active instruction index: 11723
2025-02-15 03:44:11 | Simulation update: decoder round 124570, completed instructions: 11751/26601, actively running or decoding instructions: 5, waiting windows: 15741/36550. Max active instruction index: 11743
2025-02-15 03:44:21 | Simulation update: decoder round 125053, completed instructions: 11774/26601, actively running or decoding instructions: 2, waiting windows: 15831/36735. Max active instruction index: 11767
2025-02-15 03:44:31 | Simulation update: decoder round 125536, completed instructions: 11790/26601, actively running or decoding instructions: 3, waiting windows: 15913/36907. Max active instruction index: 11783
2025-02-15 03:44:41 | Simulation update: decoder round 126024, completed instructions: 11822/26601, actively running or decoding instructions: 5, waiting windows: 15998/37089. Max active instruction index: 11815
2025-02-15 03:44:51 | Simulation update: decoder round 126501, completed instructions: 11846/26601, actively running or decoding instructions: 3, waiting windows: 16078/37260. Max active instruction index: 11839
2025-02-15 03:45:01 | Simulation update: decoder round 126996, completed instructions: 11871/26601, actively running or decoding instructions: 8, waiting windows: 16166/37439. Max active instruction index: 11870
2025-02-15 03:45:11 | Simulation update: decoder round 127484, completed instructions: 11894/26601, actively running or decoding instructions: 5, waiting windows: 16252/37615. Max active instruction index: 11887
2025-02-15 03:45:21 | Simulation update: decoder round 127968, completed instructions: 11922/26601, actively running or decoding instructions: 6, waiting windows: 16331/37791. Max active instruction index: 11922
2025-02-15 03:45:31 | Simulation update: decoder round 128464, completed instructions: 11951/26601, actively running or decoding instructions: 5, waiting windows: 16419/37976. Max active instruction index: 11947
2025-02-15 03:45:41 | Simulation update: decoder round 128953, completed instructions: 11974/26601, actively running or decoding instructions: 2, waiting windows: 16503/38160. Max active instruction index: 11967
2025-02-15 03:45:51 | Simulation update: decoder round 129454, completed instructions: 12002/26601, actively running or decoding instructions: 5, waiting windows: 16591/38343. Max active instruction index: 11998
2025-02-15 03:46:01 | Simulation update: decoder round 129944, completed instructions: 12027/26601, actively running or decoding instructions: 2, waiting windows: 16687/38542. Max active instruction index: 12019
2025-02-15 03:46:11 | Simulation update: decoder round 130438, completed instructions: 12050/26601, actively running or decoding instructions: 2, waiting windows: 16775/38729. Max active instruction index: 12043
2025-02-15 03:46:21 | Simulation update: decoder round 130937, completed instructions: 12074/26601, actively running or decoding instructions: 2, waiting windows: 16866/38917. Max active instruction index: 12067
2025-02-15 03:46:31 | Simulation update: decoder round 131435, completed instructions: 12094/26601, actively running or decoding instructions: 2, waiting windows: 16944/39094. Max active instruction index: 12087
2025-02-15 03:46:41 | Simulation update: decoder round 131935, completed instructions: 12126/26601, actively running or decoding instructions: 5, waiting windows: 17029/39274. Max active instruction index: 12119
2025-02-15 03:46:51 | Simulation update: decoder round 132428, completed instructions: 12146/26601, actively running or decoding instructions: 2, waiting windows: 17119/39463. Max active instruction index: 12139
2025-02-15 03:47:01 | Simulation update: decoder round 132933, completed instructions: 12171/26601, actively running or decoding instructions: 8, waiting windows: 17210/39647. Max active instruction index: 12170
2025-02-15 03:47:11 | Simulation update: decoder round 133437, completed instructions: 12194/26601, actively running or decoding instructions: 5, waiting windows: 17287/39826. Max active instruction index: 12187
2025-02-15 03:47:21 | Simulation update: decoder round 133936, completed instructions: 12226/26601, actively running or decoding instructions: 2, waiting windows: 17383/40018. Max active instruction index: 12219
2025-02-15 03:47:31 | Simulation update: decoder round 134442, completed instructions: 12250/26601, actively running or decoding instructions: 8, waiting windows: 17466/40198. Max active instruction index: 12243
2025-02-15 03:47:41 | Simulation update: decoder round 134941, completed instructions: 12266/26601, actively running or decoding instructions: 5, waiting windows: 17550/40378. Max active instruction index: 12259
2025-02-15 03:47:51 | Simulation update: decoder round 135453, completed instructions: 12303/26601, actively running or decoding instructions: 8, waiting windows: 17642/40568. Max active instruction index: 12295
2025-02-15 03:48:01 | Simulation update: decoder round 135960, completed instructions: 12322/26601, actively running or decoding instructions: 6, waiting windows: 17729/40760. Max active instruction index: 12315
2025-02-15 03:48:11 | Simulation update: decoder round 136459, completed instructions: 12343/26601, actively running or decoding instructions: 2, waiting windows: 17819/40945. Max active instruction index: 12339
2025-02-15 03:48:21 | Simulation update: decoder round 136970, completed instructions: 12362/26601, actively running or decoding instructions: 2, waiting windows: 17904/41127. Max active instruction index: 12355
2025-02-15 03:48:31 | Simulation update: decoder round 137473, completed instructions: 12398/26601, actively running or decoding instructions: 5, waiting windows: 17989/41309. Max active instruction index: 12391
2025-02-15 03:48:41 | Simulation update: decoder round 137987, completed instructions: 12422/26601, actively running or decoding instructions: 8, waiting windows: 18079/41493. Max active instruction index: 12415
2025-02-15 03:48:51 | Simulation update: decoder round 138498, completed instructions: 12454/26601, actively running or decoding instructions: 8, waiting windows: 18169/41691. Max active instruction index: 12447
2025-02-15 03:49:01 | Simulation update: decoder round 139005, completed instructions: 12474/26601, actively running or decoding instructions: 5, waiting windows: 18256/41872. Max active instruction index: 12467
2025-02-15 03:49:11 | Simulation update: decoder round 139526, completed instructions: 12499/26601, actively running or decoding instructions: 6, waiting windows: 18339/42055. Max active instruction index: 12498
2025-02-15 03:49:21 | Simulation update: decoder round 140039, completed instructions: 12526/26601, actively running or decoding instructions: 2, waiting windows: 18429/42250. Max active instruction index: 12519
2025-02-15 03:49:31 | Simulation update: decoder round 140555, completed instructions: 12550/26601, actively running or decoding instructions: 2, waiting windows: 18528/42449. Max active instruction index: 12543
2025-02-15 03:49:41 | Simulation update: decoder round 141078, completed instructions: 12583/26601, actively running or decoding instructions: 8, waiting windows: 18627/42652. Max active instruction index: 12575
2025-02-15 03:49:51 | Simulation update: decoder round 141593, completed instructions: 12606/26601, actively running or decoding instructions: 5, waiting windows: 18714/42840. Max active instruction index: 12599
2025-02-15 03:50:01 | Simulation update: decoder round 142118, completed instructions: 12634/26601, actively running or decoding instructions: 6, waiting windows: 18805/43028. Max active instruction index: 12634
2025-02-15 03:50:11 | Simulation update: decoder round 142636, completed instructions: 12659/26601, actively running or decoding instructions: 5, waiting windows: 18901/43230. Max active instruction index: 12655
2025-02-15 03:50:21 | Simulation update: decoder round 143154, completed instructions: 12683/26601, actively running or decoding instructions: 2, waiting windows: 18990/43422. Max active instruction index: 12675
2025-02-15 03:50:31 | Simulation update: decoder round 143684, completed instructions: 12710/26601, actively running or decoding instructions: 5, waiting windows: 19083/43617. Max active instruction index: 12703
2025-02-15 03:50:41 | Simulation update: decoder round 144200, completed instructions: 12735/26601, actively running or decoding instructions: 3, waiting windows: 19172/43809. Max active instruction index: 12727
2025-02-15 03:50:51 | Simulation update: decoder round 144725, completed instructions: 12763/26601, actively running or decoding instructions: 5, waiting windows: 19260/44003. Max active instruction index: 12755
2025-02-15 03:51:01 | Simulation update: decoder round 145248, completed instructions: 12791/26601, actively running or decoding instructions: 8, waiting windows: 19355/44196. Max active instruction index: 12787
2025-02-15 03:51:11 | Simulation update: decoder round 145776, completed instructions: 12818/26601, actively running or decoding instructions: 7, waiting windows: 19445/44388. Max active instruction index: 12811
2025-02-15 03:51:21 | Simulation update: decoder round 146313, completed instructions: 12842/26601, actively running or decoding instructions: 8, waiting windows: 19533/44583. Max active instruction index: 12835
2025-02-15 03:51:31 | Simulation update: decoder round 146836, completed instructions: 12875/26601, actively running or decoding instructions: 5, waiting windows: 19624/44775. Max active instruction index: 12867
2025-02-15 03:51:41 | Simulation update: decoder round 147372, completed instructions: 12907/26601, actively running or decoding instructions: 5, waiting windows: 19718/44972. Max active instruction index: 12899
2025-02-15 03:51:51 | Simulation update: decoder round 147909, completed instructions: 12926/26601, actively running or decoding instructions: 2, waiting windows: 19807/45171. Max active instruction index: 12919
2025-02-15 03:52:01 | Simulation update: decoder round 148442, completed instructions: 12958/26601, actively running or decoding instructions: 5, waiting windows: 19906/45374. Max active instruction index: 12951
2025-02-15 03:52:11 | Simulation update: decoder round 148979, completed instructions: 12999/26601, actively running or decoding instructions: 6, waiting windows: 19999/45575. Max active instruction index: 14004
2025-02-15 03:52:21 | Simulation update: decoder round 149518, completed instructions: 13063/26601, actively running or decoding instructions: 9, waiting windows: 20090/45791. Max active instruction index: 14063
2025-02-15 03:52:31 | Simulation update: decoder round 150066, completed instructions: 13129/26601, actively running or decoding instructions: 7, waiting windows: 20191/46023. Max active instruction index: 14137
2025-02-15 03:52:41 | Simulation update: decoder round 150614, completed instructions: 13203/26601, actively running or decoding instructions: 9, waiting windows: 20299/46258. Max active instruction index: 14203
2025-02-15 03:52:51 | Simulation update: decoder round 151167, completed instructions: 13257/26601, actively running or decoding instructions: 8, waiting windows: 20392/46480. Max active instruction index: 14250
2025-02-15 03:53:01 | Simulation update: decoder round 151723, completed instructions: 13326/26601, actively running or decoding instructions: 6, waiting windows: 20496/46717. Max active instruction index: 14309
2025-02-15 03:53:11 | Simulation update: decoder round 152280, completed instructions: 13387/26601, actively running or decoding instructions: 12, waiting windows: 20600/46956. Max active instruction index: 14379
2025-02-15 03:53:21 | Simulation update: decoder round 152844, completed instructions: 13459/26601, actively running or decoding instructions: 6, waiting windows: 20708/47197. Max active instruction index: 14455
2025-02-15 03:53:31 | Simulation update: decoder round 153412, completed instructions: 13516/26601, actively running or decoding instructions: 6, waiting windows: 20816/47441. Max active instruction index: 14513
2025-02-15 03:53:41 | Simulation update: decoder round 153980, completed instructions: 13581/26601, actively running or decoding instructions: 10, waiting windows: 20916/47672. Max active instruction index: 14557
2025-02-15 03:53:51 | Simulation update: decoder round 154553, completed instructions: 13632/26601, actively running or decoding instructions: 6, waiting windows: 21019/47909. Max active instruction index: 14620
2025-02-15 03:54:01 | Simulation update: decoder round 155136, completed instructions: 13697/26601, actively running or decoding instructions: 9, waiting windows: 21118/48142. Max active instruction index: 14681
2025-02-15 03:54:11 | Simulation update: decoder round 155720, completed instructions: 13767/26601, actively running or decoding instructions: 10, waiting windows: 21231/48387. Max active instruction index: 14743
2025-02-15 03:54:21 | Simulation update: decoder round 156308, completed instructions: 13837/26601, actively running or decoding instructions: 10, waiting windows: 21342/48640. Max active instruction index: 14817
2025-02-15 03:54:31 | Simulation update: decoder round 156903, completed instructions: 13896/26601, actively running or decoding instructions: 6, waiting windows: 21457/48902. Max active instruction index: 14879
2025-02-15 03:54:41 | Simulation update: decoder round 157497, completed instructions: 13966/26601, actively running or decoding instructions: 4, waiting windows: 21574/49167. Max active instruction index: 14958
2025-02-15 03:54:51 | Simulation update: decoder round 158099, completed instructions: 14032/26601, actively running or decoding instructions: 9, waiting windows: 21690/49431. Max active instruction index: 15008
2025-02-15 03:55:01 | Simulation update: decoder round 158709, completed instructions: 14098/26601, actively running or decoding instructions: 12, waiting windows: 21798/49685. Max active instruction index: 15082
2025-02-15 03:55:11 | Simulation update: decoder round 159312, completed instructions: 14160/26601, actively running or decoding instructions: 9, waiting windows: 21922/49950. Max active instruction index: 15123
2025-02-15 03:55:21 | Simulation update: decoder round 159931, completed instructions: 14234/26601, actively running or decoding instructions: 2, waiting windows: 22035/50206. Max active instruction index: 15215
2025-02-15 03:55:31 | Simulation update: decoder round 160553, completed instructions: 14314/26601, actively running or decoding instructions: 9, waiting windows: 22146/50466. Max active instruction index: 15277
2025-02-15 03:55:41 | Simulation update: decoder round 161171, completed instructions: 14381/26601, actively running or decoding instructions: 6, waiting windows: 22268/50740. Max active instruction index: 15343
2025-02-15 03:55:51 | Simulation update: decoder round 161778, completed instructions: 14464/26601, actively running or decoding instructions: 6, waiting windows: 22387/51005. Max active instruction index: 15435
2025-02-15 03:56:01 | Simulation update: decoder round 162406, completed instructions: 14525/26601, actively running or decoding instructions: 3, waiting windows: 22515/51287. Max active instruction index: 15493
2025-02-15 03:56:11 | Simulation update: decoder round 163040, completed instructions: 14596/26601, actively running or decoding instructions: 7, waiting windows: 22618/51538. Max active instruction index: 15577
2025-02-15 03:56:21 | Simulation update: decoder round 163685, completed instructions: 14679/26601, actively running or decoding instructions: 12, waiting windows: 22739/51799. Max active instruction index: 15651
2025-02-15 03:56:31 | Simulation update: decoder round 164320, completed instructions: 14749/26601, actively running or decoding instructions: 6, waiting windows: 22848/52054. Max active instruction index: 15721
2025-02-15 03:56:41 | Simulation update: decoder round 164970, completed instructions: 14824/26601, actively running or decoding instructions: 12, waiting windows: 22963/52323. Max active instruction index: 15787
2025-02-15 03:56:51 | Simulation update: decoder round 165624, completed instructions: 14903/26601, actively running or decoding instructions: 9, waiting windows: 23083/52601. Max active instruction index: 15875
2025-02-15 03:57:01 | Simulation update: decoder round 166279, completed instructions: 14970/26601, actively running or decoding instructions: 6, waiting windows: 23196/52866. Max active instruction index: 15937
2025-02-15 03:57:11 | Simulation update: decoder round 166950, completed instructions: 15053/26601, actively running or decoding instructions: 12, waiting windows: 23327/53156. Max active instruction index: 16021
2025-02-15 03:57:21 | Simulation update: decoder round 167616, completed instructions: 15129/26601, actively running or decoding instructions: 6, waiting windows: 23450/53440. Max active instruction index: 16109
2025-02-15 03:57:31 | Simulation update: decoder round 168295, completed instructions: 15201/26601, actively running or decoding instructions: 6, waiting windows: 23555/53696. Max active instruction index: 16160
2025-02-15 03:57:41 | Simulation update: decoder round 168986, completed instructions: 15284/26601, actively running or decoding instructions: 9, waiting windows: 23652/53926. Max active instruction index: 16234
2025-02-15 03:57:51 | Simulation update: decoder round 169670, completed instructions: 15353/26601, actively running or decoding instructions: 8, waiting windows: 23746/54157. Max active instruction index: 16308
2025-02-15 03:58:01 | Simulation update: decoder round 170369, completed instructions: 15429/26601, actively running or decoding instructions: 7, waiting windows: 23846/54390. Max active instruction index: 16392
2025-02-15 03:58:11 | Simulation update: decoder round 171069, completed instructions: 15503/26601, actively running or decoding instructions: 9, waiting windows: 23941/54623. Max active instruction index: 16462
2025-02-15 03:58:21 | Simulation update: decoder round 171773, completed instructions: 15580/26601, actively running or decoding instructions: 12, waiting windows: 24059/54880. Max active instruction index: 16542
2025-02-15 03:58:31 | Simulation update: decoder round 172491, completed instructions: 15664/26601, actively running or decoding instructions: 6, waiting windows: 24174/55146. Max active instruction index: 16634
2025-02-15 03:58:41 | Simulation update: decoder round 173211, completed instructions: 15755/26601, actively running or decoding instructions: 15, waiting windows: 24284/55406. Max active instruction index: 16722
2025-02-15 03:58:51 | Simulation update: decoder round 173939, completed instructions: 15825/26601, actively running or decoding instructions: 2, waiting windows: 24379/55642. Max active instruction index: 14651
2025-02-15 03:59:01 | Simulation update: decoder round 174678, completed instructions: 15862/26601, actively running or decoding instructions: 5, waiting windows: 24490/55868. Max active instruction index: 14731
2025-02-15 03:59:11 | Simulation update: decoder round 175420, completed instructions: 15897/26601, actively running or decoding instructions: 2, waiting windows: 24602/56109. Max active instruction index: 14809
2025-02-15 03:59:21 | Simulation update: decoder round 176158, completed instructions: 15937/26601, actively running or decoding instructions: 5, waiting windows: 24702/56324. Max active instruction index: 14899
2025-02-15 03:59:31 | Simulation update: decoder round 176905, completed instructions: 15978/26601, actively running or decoding instructions: 5, waiting windows: 24809/56550. Max active instruction index: 14987
2025-02-15 03:59:41 | Simulation update: decoder round 177662, completed instructions: 16010/26601, actively running or decoding instructions: 5, waiting windows: 24917/56781. Max active instruction index: 15059
2025-02-15 03:59:51 | Simulation update: decoder round 178412, completed instructions: 16053/26601, actively running or decoding instructions: 5, waiting windows: 25025/57009. Max active instruction index: 15155
2025-02-15 04:00:01 | Simulation update: decoder round 179167, completed instructions: 16085/26601, actively running or decoding instructions: 5, waiting windows: 25124/57230. Max active instruction index: 15225
2025-02-15 04:00:11 | Simulation update: decoder round 179927, completed instructions: 16125/26601, actively running or decoding instructions: 5, waiting windows: 25231/57455. Max active instruction index: 15313
2025-02-15 04:00:21 | Simulation update: decoder round 180689, completed instructions: 16153/26601, actively running or decoding instructions: 3, waiting windows: 25335/57683. Max active instruction index: 15375
2025-02-15 04:00:31 | Simulation update: decoder round 181452, completed instructions: 16201/26601, actively running or decoding instructions: 5, waiting windows: 25440/57912. Max active instruction index: 15481
2025-02-15 04:00:41 | Simulation update: decoder round 182227, completed instructions: 16229/26601, actively running or decoding instructions: 6, waiting windows: 25545/58137. Max active instruction index: 15543
2025-02-15 04:00:51 | Simulation update: decoder round 183007, completed instructions: 16277/26601, actively running or decoding instructions: 8, waiting windows: 25651/58372. Max active instruction index: 15639
2025-02-15 04:01:01 | Simulation update: decoder round 183779, completed instructions: 16322/26601, actively running or decoding instructions: 5, waiting windows: 25757/58600. Max active instruction index: 15741
2025-02-15 04:01:11 | Simulation update: decoder round 184564, completed instructions: 16361/26601, actively running or decoding instructions: 2, waiting windows: 25885/58860. Max active instruction index: 15833
2025-02-15 04:01:21 | Simulation update: decoder round 185351, completed instructions: 16393/26601, actively running or decoding instructions: 2, waiting windows: 25992/59097. Max active instruction index: 15903
2025-02-15 04:01:31 | Simulation update: decoder round 186132, completed instructions: 16437/26601, actively running or decoding instructions: 5, waiting windows: 26101/59328. Max active instruction index: 16001
2025-02-15 04:01:41 | Simulation update: decoder round 186930, completed instructions: 16485/26601, actively running or decoding instructions: 5, waiting windows: 26209/59563. Max active instruction index: 16101
2025-02-15 04:01:51 | Simulation update: decoder round 187726, completed instructions: 16546/26601, actively running or decoding instructions: 5, waiting windows: 26318/59803. Max active instruction index: 16248
2025-02-15 04:02:01 | Simulation update: decoder round 188529, completed instructions: 16582/26601, actively running or decoding instructions: 2, waiting windows: 26424/60039. Max active instruction index: 16329
2025-02-15 04:02:11 | Simulation update: decoder round 189343, completed instructions: 16626/26601, actively running or decoding instructions: 5, waiting windows: 26546/60290. Max active instruction index: 16428
2025-02-15 04:02:21 | Simulation update: decoder round 190159, completed instructions: 16667/26601, actively running or decoding instructions: 8, waiting windows: 26662/60538. Max active instruction index: 16520
2025-02-15 04:02:31 | Simulation update: decoder round 190977, completed instructions: 16711/26601, actively running or decoding instructions: 2, waiting windows: 26776/60787. Max active instruction index: 16608
2025-02-15 04:02:41 | Simulation update: decoder round 191796, completed instructions: 16746/26601, actively running or decoding instructions: 5, waiting windows: 26894/61041. Max active instruction index: 16692
2025-02-15 04:02:51 | Simulation update: decoder round 192624, completed instructions: 16786/26601, actively running or decoding instructions: 2, waiting windows: 27011/61291. Max active instruction index: 16774
2025-02-15 04:03:01 | Simulation update: decoder round 193456, completed instructions: 16864/26601, actively running or decoding instructions: 11, waiting windows: 27133/61568. Max active instruction index: 16872
2025-02-15 04:03:11 | Simulation update: decoder round 194294, completed instructions: 16965/26601, actively running or decoding instructions: 6, waiting windows: 27263/61855. Max active instruction index: 16972
2025-02-15 04:03:21 | Simulation update: decoder round 195145, completed instructions: 17041/26601, actively running or decoding instructions: 9, waiting windows: 27395/62158. Max active instruction index: 17048
2025-02-15 04:03:31 | Simulation update: decoder round 196005, completed instructions: 17129/26601, actively running or decoding instructions: 7, waiting windows: 27544/62475. Max active instruction index: 17132
2025-02-15 04:03:41 | Simulation update: decoder round 196877, completed instructions: 17208/26601, actively running or decoding instructions: 12, waiting windows: 27679/62785. Max active instruction index: 17220
2025-02-15 04:03:51 | Simulation update: decoder round 197758, completed instructions: 17297/26601, actively running or decoding instructions: 6, waiting windows: 27810/63081. Max active instruction index: 17311
2025-02-15 04:04:01 | Simulation update: decoder round 198650, completed instructions: 17388/26601, actively running or decoding instructions: 6, waiting windows: 27951/63403. Max active instruction index: 17396
2025-02-15 04:04:11 | Simulation update: decoder round 199554, completed instructions: 17488/26601, actively running or decoding instructions: 6, waiting windows: 28092/63716. Max active instruction index: 17488
2025-02-15 04:04:21 | Simulation update: decoder round 200475, completed instructions: 17580/26601, actively running or decoding instructions: 3, waiting windows: 28245/64050. Max active instruction index: 17580
2025-02-15 04:04:31 | Simulation update: decoder round 201408, completed instructions: 17673/26601, actively running or decoding instructions: 9, waiting windows: 28364/64344. Max active instruction index: 17679
2025-02-15 04:04:41 | Simulation update: decoder round 202361, completed instructions: 17782/26601, actively running or decoding instructions: 12, waiting windows: 28505/64667. Max active instruction index: 17783
2025-02-15 04:04:51 | Simulation update: decoder round 203327, completed instructions: 17874/26601, actively running or decoding instructions: 6, waiting windows: 28656/64994. Max active instruction index: 17872
2025-02-15 04:05:01 | Simulation update: decoder round 204306, completed instructions: 17969/26601, actively running or decoding instructions: 12, waiting windows: 28791/65323. Max active instruction index: 17968
2025-02-15 04:05:11 | Simulation update: decoder round 205302, completed instructions: 18074/26601, actively running or decoding instructions: 12, waiting windows: 28948/65666. Max active instruction index: 18087
2025-02-15 04:05:21 | Simulation update: decoder round 206313, completed instructions: 18170/26601, actively running or decoding instructions: 9, waiting windows: 29098/66005. Max active instruction index: 18164
2025-02-15 04:05:31 | Simulation update: decoder round 207346, completed instructions: 18342/26601, actively running or decoding instructions: 17, waiting windows: 29266/66392. Max active instruction index: 18365
2025-02-15 04:05:41 | Simulation update: decoder round 208412, completed instructions: 18508/26601, actively running or decoding instructions: 17, waiting windows: 29427/66787. Max active instruction index: 18542
2025-02-15 04:05:51 | Simulation update: decoder round 209501, completed instructions: 18679/26601, actively running or decoding instructions: 19, waiting windows: 29587/67208. Max active instruction index: 18706
2025-02-15 04:06:01 | Simulation update: decoder round 210632, completed instructions: 18880/26601, actively running or decoding instructions: 15, waiting windows: 29755/67645. Max active instruction index: 18901
2025-02-15 04:06:11 | Simulation update: decoder round 211806, completed instructions: 19071/26601, actively running or decoding instructions: 7, waiting windows: 29951/68111. Max active instruction index: 19106
2025-02-15 04:06:21 | Simulation update: decoder round 213024, completed instructions: 19261/26601, actively running or decoding instructions: 8, waiting windows: 30133/68561. Max active instruction index: 19276
2025-02-15 04:06:31 | Simulation update: decoder round 214293, completed instructions: 19479/26601, actively running or decoding instructions: 11, waiting windows: 30322/69037. Max active instruction index: 19504
2025-02-15 04:06:41 | Simulation update: decoder round 215620, completed instructions: 19704/26601, actively running or decoding instructions: 14, waiting windows: 30521/69545. Max active instruction index: 19707
2025-02-15 04:06:51 | Simulation update: decoder round 217014, completed instructions: 19939/26601, actively running or decoding instructions: 12, waiting windows: 30738/70080. Max active instruction index: 19956
2025-02-15 04:07:02 | Simulation update: decoder round 218493, completed instructions: 20162/26601, actively running or decoding instructions: 9, waiting windows: 30948/70613. Max active instruction index: 20182
2025-02-15 04:07:12 | Simulation update: decoder round 220059, completed instructions: 20346/26601, actively running or decoding instructions: 6, waiting windows: 31196/71180. Max active instruction index: 20345
2025-02-15 04:07:22 | Simulation update: decoder round 221696, completed instructions: 20522/26601, actively running or decoding instructions: 8, waiting windows: 31426/71728. Max active instruction index: 20524
2025-02-15 04:07:32 | Simulation update: decoder round 223414, completed instructions: 20750/26601, actively running or decoding instructions: 13, waiting windows: 31698/72343. Max active instruction index: 20741
2025-02-15 04:07:42 | Simulation update: decoder round 225240, completed instructions: 20951/26601, actively running or decoding instructions: 9, waiting windows: 31961/72971. Max active instruction index: 20945
2025-02-15 04:07:52 | Simulation update: decoder round 227187, completed instructions: 21157/26601, actively running or decoding instructions: 2, waiting windows: 32237/73631. Max active instruction index: 21157
2025-02-15 04:08:02 | Simulation update: decoder round 229294, completed instructions: 21321/26601, actively running or decoding instructions: 2, waiting windows: 32540/74308. Max active instruction index: 21312
2025-02-15 04:08:12 | Simulation update: decoder round 231498, completed instructions: 21440/26601, actively running or decoding instructions: 2, waiting windows: 32854/74983. Max active instruction index: 21435
2025-02-15 04:08:22 | Simulation update: decoder round 233792, completed instructions: 21556/26601, actively running or decoding instructions: 3, waiting windows: 33177/75680. Max active instruction index: 21555
2025-02-15 04:08:32 | Simulation update: decoder round 236179, completed instructions: 21688/26601, actively running or decoding instructions: 8, waiting windows: 33505/76387. Max active instruction index: 21680
2025-02-15 04:08:42 | Simulation update: decoder round 238688, completed instructions: 21816/26601, actively running or decoding instructions: 8, waiting windows: 33874/77170. Max active instruction index: 21808
2025-02-15 04:08:52 | Simulation update: decoder round 241315, completed instructions: 21945/26601, actively running or decoding instructions: 2, waiting windows: 34253/77977. Max active instruction index: 21936
2025-02-15 04:09:02 | Simulation update: decoder round 244094, completed instructions: 22084/26601, actively running or decoding instructions: 5, waiting windows: 34637/78809. Max active instruction index: 22076
2025-02-15 04:09:12 | Simulation update: decoder round 247045, completed instructions: 22232/26601, actively running or decoding instructions: 2, waiting windows: 35053/79707. Max active instruction index: 22227
2025-02-15 04:09:22 | Simulation update: decoder round 250229, completed instructions: 22583/26601, actively running or decoding instructions: 9, waiting windows: 35433/80629. Max active instruction index: 22588
2025-02-15 04:09:32 | Simulation update: decoder round 253894, completed instructions: 23022/26601, actively running or decoding instructions: 12, waiting windows: 35877/81693. Max active instruction index: 23021
2025-02-15 04:09:42 | Simulation update: decoder round 258285, completed instructions: 23531/26601, actively running or decoding instructions: 12, waiting windows: 36458/83069. Max active instruction index: 23533
2025-02-15 04:09:52 | Simulation update: decoder round 264243, completed instructions: 24248/26601, actively running or decoding instructions: 9, waiting windows: 37163/84800. Max active instruction index: 24252
2025-02-15 04:10:02 | Simulation update: decoder round 290121, completed instructions: 26052/26601, actively running or decoding instructions: 8, waiting windows: 38724/88804. Max active instruction index: 26043
2025-02-15 04:10:03 | Finished simulation
2025-02-15 04:10:04 | Finished saving output. Done! Total elapsed time: 0:55:20.097860
