CONFIG 2440
benchmark_file: slurm/data/20250214_211423/benchmarks/rz_seq_10_1e-10.lss
decoder_latency_or_dist_filename: slurm/data/20250214_211423/decoder_dists.json
distance: 15
lightweight_setting: 2
max_parallel_processes: None
missed_speculation_modifier: 1.4
poison_policy: successors
rng: 8
scheduling_method: parallel
speculation_accuracy: 0.9
speculation_latency: 1
speculation_mode: None
2025-02-15 05:14:25 | Loading benchmark slurm/data/20250214_211423/benchmarks/rz_seq_10_1e-10.lss...
2025-02-15 05:14:26 | Starting simulation
2025-02-15 05:14:27 | Simulation update: decoder round 1, completed instructions: 0/10045, actively running or decoding instructions: 1, waiting windows: 0/0. Max active instruction index: 0
2025-02-15 05:14:37 | Simulation update: decoder round 63086, completed instructions: 3272/10045, actively running or decoding instructions: 5, waiting windows: 2681/6647. Max active instruction index: 3269
2025-02-15 05:14:47 | Simulation update: decoder round 126310, completed instructions: 6533/10045, actively running or decoding instructions: 3, waiting windows: 5341/13262. Max active instruction index: 6534
2025-02-15 05:14:57 | Simulation update: decoder round 188804, completed instructions: 9708/10045, actively running or decoding instructions: 2, waiting windows: 7971/19786. Max active instruction index: 9705
2025-02-15 05:14:58 | Finished simulation
2025-02-15 05:14:59 | Finished saving output. Done! Total elapsed time: 0:00:33.419628
