CONFIG 2571
benchmark_file: slurm/data/20250214_211423/benchmarks/adder_n18.lss
decoder_latency_or_dist_filename: slurm/data/20250214_211423/decoder_dists.json
distance: 15
lightweight_setting: 2
max_parallel_processes: None
missed_speculation_modifier: 1.4
poison_policy: successors
rng: 1
scheduling_method: aligned
speculation_accuracy: 0.9
speculation_latency: 1
speculation_mode: None
2025-02-15 05:14:28 | Loading benchmark slurm/data/20250214_211423/benchmarks/adder_n18.lss...
2025-02-15 05:14:28 | Starting simulation
2025-02-15 05:14:28 | Simulation update: decoder round 1, completed instructions: 0/2338, actively running or decoding instructions: 3, waiting windows: 0/0. Max active instruction index: 18
2025-02-15 05:14:38 | Simulation update: decoder round 2903, completed instructions: 581/2338, actively running or decoding instructions: 11, waiting windows: 1919/4001. Max active instruction index: 595
2025-02-15 05:14:48 | Simulation update: decoder round 5742, completed instructions: 1227/2338, actively running or decoding instructions: 9, waiting windows: 3646/7852. Max active instruction index: 1216
2025-02-15 05:14:56 | Finished simulation
2025-02-15 05:14:56 | Finished saving output. Done! Total elapsed time: 0:00:28.524050
