CONFIG 2641
benchmark_file: slurm/data/20250214_211423/benchmarks/adder_n18.lss
decoder_latency_or_dist_filename: slurm/data/20250214_211423/decoder_dists.json
distance: 27
lightweight_setting: 2
max_parallel_processes: None
missed_speculation_modifier: 1.4
poison_policy: successors
rng: 2
scheduling_method: aligned
speculation_accuracy: 0.9
speculation_latency: 1
speculation_mode: None
2025-02-15 05:14:43 | Loading benchmark slurm/data/20250214_211423/benchmarks/adder_n18.lss...
2025-02-15 05:14:43 | Starting simulation
2025-02-15 05:14:43 | Simulation update: decoder round 1, completed instructions: 0/2338, actively running or decoding instructions: 3, waiting windows: 0/0. Max active instruction index: 18
2025-02-15 05:14:53 | Simulation update: decoder round 2913, completed instructions: 170/2338, actively running or decoding instructions: 3, waiting windows: 1221/2089. Max active instruction index: 166
2025-02-15 05:15:03 | Simulation update: decoder round 5780, completed instructions: 291/2338, actively running or decoding instructions: 14, waiting windows: 2281/4227. Max active instruction index: 291
2025-02-15 05:15:13 | Simulation update: decoder round 8834, completed instructions: 368/2338, actively running or decoding instructions: 14, waiting windows: 3315/6321. Max active instruction index: 386
2025-02-15 05:15:23 | Simulation update: decoder round 11912, completed instructions: 441/2338, actively running or decoding instructions: 7, waiting windows: 4407/8532. Max active instruction index: 433
2025-02-15 05:15:33 | Simulation update: decoder round 15130, completed instructions: 509/2338, actively running or decoding instructions: 9, waiting windows: 5542/10847. Max active instruction index: 499
2025-02-15 05:15:43 | Simulation update: decoder round 18465, completed instructions: 556/2338, actively running or decoding instructions: 5, waiting windows: 6693/13217. Max active instruction index: 546
2025-02-15 05:15:53 | Simulation update: decoder round 21874, completed instructions: 621/2338, actively running or decoding instructions: 6, waiting windows: 7889/15643. Max active instruction index: 614
2025-02-15 05:16:03 | Simulation update: decoder round 24452, completed instructions: 713/2338, actively running or decoding instructions: 6, waiting windows: 8938/17726. Max active instruction index: 721
2025-02-15 05:16:13 | Simulation update: decoder round 27079, completed instructions: 838/2338, actively running or decoding instructions: 19, waiting windows: 9921/19782. Max active instruction index: 857
2025-02-15 05:16:23 | Simulation update: decoder round 30002, completed instructions: 965/2338, actively running or decoding instructions: 9, waiting windows: 10876/21821. Max active instruction index: 960
2025-02-15 05:16:33 | Simulation update: decoder round 33149, completed instructions: 1100/2338, actively running or decoding instructions: 15, waiting windows: 11867/23888. Max active instruction index: 1098
2025-02-15 05:16:43 | Simulation update: decoder round 36614, completed instructions: 1249/2338, actively running or decoding instructions: 12, waiting windows: 12921/26078. Max active instruction index: 1257
2025-02-15 05:16:53 | Simulation update: decoder round 40400, completed instructions: 1384/2338, actively running or decoding instructions: 10, waiting windows: 14023/28424. Max active instruction index: 1396
2025-02-15 05:17:03 | Simulation update: decoder round 45001, completed instructions: 1601/2338, actively running or decoding instructions: 18, waiting windows: 15155/30812. Max active instruction index: 1616
2025-02-15 05:17:13 | Simulation update: decoder round 50342, completed instructions: 1636/2338, actively running or decoding instructions: 5, waiting windows: 16316/33235. Max active instruction index: 1600
2025-02-15 05:17:23 | Simulation update: decoder round 55891, completed instructions: 1636/2338, actively running or decoding instructions: 5, waiting windows: 17546/35701. Max active instruction index: 1600
2025-02-15 05:17:33 | Simulation update: decoder round 62099, completed instructions: 1849/2338, actively running or decoding instructions: 8, waiting windows: 18821/38399. Max active instruction index: 1856
2025-02-15 05:17:43 | Simulation update: decoder round 70663, completed instructions: 2066/2338, actively running or decoding instructions: 14, waiting windows: 20162/41231. Max active instruction index: 2045
2025-02-15 05:17:50 | Finished simulation
2025-02-15 05:17:50 | Finished saving output. Done! Total elapsed time: 0:03:06.933024
