CONFIG 374
benchmark_file: slurm/data/20250214_211423/benchmarks/rz_1e-15.lss
decoder_latency_or_dist_filename: slurm/data/20250214_211423/decoder_dists.json
distance: 27
lightweight_setting: 2
max_parallel_processes: None
missed_speculation_modifier: 1.4
poison_policy: successors
rng: 6
scheduling_method: sliding
speculation_accuracy: 0.9
speculation_latency: 1
speculation_mode: separate
2025-02-14 21:14:57 | Loading benchmark slurm/data/20250214_211423/benchmarks/rz_1e-15.lss...
2025-02-14 21:14:58 | Starting simulation
2025-02-14 21:14:58 | Simulation update: decoder round 1, completed instructions: 0/1485, actively running or decoding instructions: 1, waiting windows: 0/0. Max active instruction index: 0
2025-02-14 21:15:08 | Simulation update: decoder round 42604, completed instructions: 476/1485, actively running or decoding instructions: 8, waiting windows: 20/2507. Max active instruction index: 473
2025-02-14 21:15:18 | Simulation update: decoder round 102099, completed instructions: 1228/1485, actively running or decoding instructions: 8, waiting windows: 14/5487. Max active instruction index: 1225
2025-02-14 21:15:23 | Finished simulation
2025-02-14 21:15:24 | Finished saving output. Done! Total elapsed time: 0:00:26.182458
