CONFIG 506
benchmark_file: slurm/data/20250214_211423/benchmarks/fermi_hubbard_2_2_Square.lss
decoder_latency_or_dist_filename: slurm/data/20250214_211423/decoder_dists.json
distance: 15
lightweight_setting: 2
max_parallel_processes: None
missed_speculation_modifier: 1.4
poison_policy: successors
rng: 9
scheduling_method: sliding
speculation_accuracy: 0.9
speculation_latency: 1
speculation_mode: separate
2025-02-14 21:15:13 | Loading benchmark slurm/data/20250214_211423/benchmarks/fermi_hubbard_2_2_Square.lss...
2025-02-14 21:15:15 | Starting simulation
2025-02-14 21:15:17 | Simulation update: decoder round 1, completed instructions: 0/21761, actively running or decoding instructions: 13, waiting windows: 0/0. Max active instruction index: 30
2025-02-14 21:15:27 | Simulation update: decoder round 605, completed instructions: 91/21761, actively running or decoding instructions: 5, waiting windows: 51/565. Max active instruction index: 94
2025-02-14 21:15:37 | Simulation update: decoder round 1229, completed instructions: 151/21761, actively running or decoding instructions: 2, waiting windows: 51/1130. Max active instruction index: 151
2025-02-14 21:15:47 | Simulation update: decoder round 1873, completed instructions: 202/21761, actively running or decoding instructions: 2, waiting windows: 44/1717. Max active instruction index: 199
2025-02-14 21:15:57 | Simulation update: decoder round 2516, completed instructions: 250/21761, actively running or decoding instructions: 5, waiting windows: 49/2299. Max active instruction index: 247
2025-02-14 21:16:07 | Simulation update: decoder round 3166, completed instructions: 299/21761, actively running or decoding instructions: 5, waiting windows: 56/2898. Max active instruction index: 299
2025-02-14 21:16:17 | Simulation update: decoder round 3825, completed instructions: 342/21761, actively running or decoding instructions: 3, waiting windows: 45/3487. Max active instruction index: 339
2025-02-14 21:16:27 | Simulation update: decoder round 4492, completed instructions: 398/21761, actively running or decoding instructions: 2, waiting windows: 46/4106. Max active instruction index: 395
2025-02-14 21:16:37 | Simulation update: decoder round 5161, completed instructions: 458/21761, actively running or decoding instructions: 2, waiting windows: 58/4727. Max active instruction index: 455
2025-02-14 21:16:47 | Simulation update: decoder round 5814, completed instructions: 510/21761, actively running or decoding instructions: 5, waiting windows: 53/5325. Max active instruction index: 507
2025-02-14 21:16:57 | Simulation update: decoder round 6494, completed instructions: 558/21761, actively running or decoding instructions: 2, waiting windows: 50/5937. Max active instruction index: 558
2025-02-14 21:17:07 | Simulation update: decoder round 7181, completed instructions: 614/21761, actively running or decoding instructions: 2, waiting windows: 47/6566. Max active instruction index: 611
2025-02-14 21:17:17 | Simulation update: decoder round 7870, completed instructions: 666/21761, actively running or decoding instructions: 2, waiting windows: 45/7192. Max active instruction index: 663
2025-02-14 21:17:27 | Simulation update: decoder round 8548, completed instructions: 731/21761, actively running or decoding instructions: 5, waiting windows: 51/7814. Max active instruction index: 731
2025-02-14 21:17:37 | Simulation update: decoder round 9228, completed instructions: 778/21761, actively running or decoding instructions: 6, waiting windows: 58/8436. Max active instruction index: 778
2025-02-14 21:17:47 | Simulation update: decoder round 9915, completed instructions: 830/21761, actively running or decoding instructions: 2, waiting windows: 48/9056. Max active instruction index: 830
2025-02-14 21:17:57 | Simulation update: decoder round 10621, completed instructions: 887/21761, actively running or decoding instructions: 8, waiting windows: 60/9712. Max active instruction index: 890
2025-02-14 21:18:07 | Simulation update: decoder round 11325, completed instructions: 946/21761, actively running or decoding instructions: 5, waiting windows: 47/10353. Max active instruction index: 946
2025-02-14 21:18:17 | Simulation update: decoder round 12035, completed instructions: 1014/21761, actively running or decoding instructions: 8, waiting windows: 57/11010. Max active instruction index: 1011
2025-02-14 21:18:27 | Simulation update: decoder round 12754, completed instructions: 1078/21761, actively running or decoding instructions: 5, waiting windows: 53/11675. Max active instruction index: 1075
2025-02-14 21:18:37 | Simulation update: decoder round 13468, completed instructions: 1159/21761, actively running or decoding instructions: 4, waiting windows: 53/12362. Max active instruction index: 1154
2025-02-14 21:18:47 | Simulation update: decoder round 14192, completed instructions: 1231/21761, actively running or decoding instructions: 2, waiting windows: 55/13091. Max active instruction index: 1231
2025-02-14 21:18:57 | Simulation update: decoder round 14931, completed instructions: 1297/21761, actively running or decoding instructions: 2, waiting windows: 54/13825. Max active instruction index: 1292
2025-02-14 21:19:07 | Simulation update: decoder round 15649, completed instructions: 1365/21761, actively running or decoding instructions: 2, waiting windows: 56/14537. Max active instruction index: 1365
2025-02-14 21:19:17 | Simulation update: decoder round 16398, completed instructions: 1432/21761, actively running or decoding instructions: 5, waiting windows: 57/15284. Max active instruction index: 1432
2025-02-14 21:19:27 | Simulation update: decoder round 17157, completed instructions: 1502/21761, actively running or decoding instructions: 2, waiting windows: 55/16047. Max active instruction index: 1496
2025-02-14 21:19:37 | Simulation update: decoder round 17924, completed instructions: 1571/21761, actively running or decoding instructions: 5, waiting windows: 53/16808. Max active instruction index: 1571
2025-02-14 21:19:47 | Simulation update: decoder round 18699, completed instructions: 1653/21761, actively running or decoding instructions: 2, waiting windows: 51/17588. Max active instruction index: 1648
2025-02-14 21:19:57 | Simulation update: decoder round 19479, completed instructions: 1733/21761, actively running or decoding instructions: 3, waiting windows: 50/18360. Max active instruction index: 1737
2025-02-14 21:20:07 | Simulation update: decoder round 20259, completed instructions: 1815/21761, actively running or decoding instructions: 5, waiting windows: 57/19141. Max active instruction index: 1810
2025-02-14 21:20:17 | Simulation update: decoder round 21038, completed instructions: 1879/21761, actively running or decoding instructions: 2, waiting windows: 52/19919. Max active instruction index: 1874
2025-02-14 21:20:27 | Simulation update: decoder round 21833, completed instructions: 1971/21761, actively running or decoding instructions: 2, waiting windows: 54/20723. Max active instruction index: 1966
2025-02-14 21:20:37 | Simulation update: decoder round 22634, completed instructions: 2047/21761, actively running or decoding instructions: 2, waiting windows: 62/21526. Max active instruction index: 2042
2025-02-14 21:20:47 | Simulation update: decoder round 23451, completed instructions: 2123/21761, actively running or decoding instructions: 5, waiting windows: 58/22347. Max active instruction index: 2118
2025-02-14 21:20:57 | Simulation update: decoder round 24276, completed instructions: 2183/21761, actively running or decoding instructions: 2, waiting windows: 57/23160. Max active instruction index: 2178
2025-02-14 21:21:07 | Simulation update: decoder round 25104, completed instructions: 2259/21761, actively running or decoding instructions: 3, waiting windows: 51/23987. Max active instruction index: 2254
2025-02-14 21:21:17 | Simulation update: decoder round 25897, completed instructions: 2351/21761, actively running or decoding instructions: 8, waiting windows: 75/24800. Max active instruction index: 2365
2025-02-14 21:21:27 | Simulation update: decoder round 26723, completed instructions: 2539/21761, actively running or decoding instructions: 3, waiting windows: 62/25764. Max active instruction index: 2550
2025-02-14 21:21:37 | Simulation update: decoder round 27578, completed instructions: 2722/21761, actively running or decoding instructions: 9, waiting windows: 65/26739. Max active instruction index: 2728
2025-02-14 21:21:47 | Simulation update: decoder round 28449, completed instructions: 2908/21761, actively running or decoding instructions: 9, waiting windows: 65/27735. Max active instruction index: 2900
2025-02-14 21:21:57 | Simulation update: decoder round 29344, completed instructions: 3084/21761, actively running or decoding instructions: 6, waiting windows: 64/28771. Max active instruction index: 3082
2025-02-14 21:22:07 | Simulation update: decoder round 30257, completed instructions: 3269/21761, actively running or decoding instructions: 6, waiting windows: 64/29832. Max active instruction index: 3295
2025-02-14 21:22:17 | Simulation update: decoder round 31193, completed instructions: 3480/21761, actively running or decoding instructions: 6, waiting windows: 66/30936. Max active instruction index: 3500
2025-02-14 21:22:27 | Simulation update: decoder round 32160, completed instructions: 3668/21761, actively running or decoding instructions: 7, waiting windows: 59/32032. Max active instruction index: 3703
2025-02-14 21:22:37 | Simulation update: decoder round 33149, completed instructions: 3848/21761, actively running or decoding instructions: 3, waiting windows: 56/33170. Max active instruction index: 3882
2025-02-14 21:22:47 | Simulation update: decoder round 34169, completed instructions: 4054/21761, actively running or decoding instructions: 9, waiting windows: 61/34339. Max active instruction index: 4125
2025-02-14 21:22:57 | Simulation update: decoder round 35228, completed instructions: 4271/21761, actively running or decoding instructions: 3, waiting windows: 59/35560. Max active instruction index: 4330
2025-02-14 21:23:07 | Simulation update: decoder round 36277, completed instructions: 4488/21761, actively running or decoding instructions: 6, waiting windows: 71/36755. Max active instruction index: 4556
2025-02-14 21:23:17 | Simulation update: decoder round 37405, completed instructions: 4719/21761, actively running or decoding instructions: 2, waiting windows: 51/38065. Max active instruction index: 4638
2025-02-14 21:23:27 | Simulation update: decoder round 38474, completed instructions: 4889/21761, actively running or decoding instructions: 8, waiting windows: 61/39254. Max active instruction index: 4890
2025-02-14 21:23:37 | Simulation update: decoder round 39530, completed instructions: 5008/21761, actively running or decoding instructions: 5, waiting windows: 59/40409. Max active instruction index: 5001
2025-02-14 21:23:47 | Simulation update: decoder round 40604, completed instructions: 5129/21761, actively running or decoding instructions: 5, waiting windows: 60/41569. Max active instruction index: 5121
2025-02-14 21:23:57 | Simulation update: decoder round 41703, completed instructions: 5252/21761, actively running or decoding instructions: 5, waiting windows: 67/42757. Max active instruction index: 5245
2025-02-14 21:24:07 | Simulation update: decoder round 42822, completed instructions: 5380/21761, actively running or decoding instructions: 2, waiting windows: 54/43962. Max active instruction index: 5373
2025-02-14 21:24:17 | Simulation update: decoder round 43964, completed instructions: 5512/21761, actively running or decoding instructions: 8, waiting windows: 63/45203. Max active instruction index: 5505
2025-02-14 21:24:27 | Simulation update: decoder round 45119, completed instructions: 5644/21761, actively running or decoding instructions: 5, waiting windows: 61/46450. Max active instruction index: 5637
2025-02-14 21:24:37 | Simulation update: decoder round 46312, completed instructions: 5780/21761, actively running or decoding instructions: 5, waiting windows: 57/47749. Max active instruction index: 5773
2025-02-14 21:24:47 | Simulation update: decoder round 47517, completed instructions: 5916/21761, actively running or decoding instructions: 2, waiting windows: 53/49053. Max active instruction index: 5909
2025-02-14 21:24:57 | Simulation update: decoder round 48698, completed instructions: 6057/21761, actively running or decoding instructions: 5, waiting windows: 55/50324. Max active instruction index: 6057
2025-02-14 21:25:07 | Simulation update: decoder round 49959, completed instructions: 6185/21761, actively running or decoding instructions: 5, waiting windows: 57/51677. Max active instruction index: 6185
2025-02-14 21:25:17 | Simulation update: decoder round 51248, completed instructions: 6357/21761, actively running or decoding instructions: 2, waiting windows: 63/53133. Max active instruction index: 6349
2025-02-14 21:25:27 | Simulation update: decoder round 52576, completed instructions: 6500/21761, actively running or decoding instructions: 5, waiting windows: 68/54652. Max active instruction index: 6493
2025-02-14 21:25:37 | Simulation update: decoder round 53936, completed instructions: 6652/21761, actively running or decoding instructions: 2, waiting windows: 60/56213. Max active instruction index: 6652
2025-02-14 21:25:47 | Simulation update: decoder round 55338, completed instructions: 6808/21761, actively running or decoding instructions: 5, waiting windows: 68/57830. Max active instruction index: 6801
2025-02-14 21:25:57 | Simulation update: decoder round 56778, completed instructions: 6945/21761, actively running or decoding instructions: 5, waiting windows: 63/59470. Max active instruction index: 6945
2025-02-14 21:26:07 | Simulation update: decoder round 58261, completed instructions: 7117/21761, actively running or decoding instructions: 2, waiting windows: 68/61174. Max active instruction index: 7109
2025-02-14 21:26:17 | Simulation update: decoder round 59802, completed instructions: 7280/21761, actively running or decoding instructions: 5, waiting windows: 68/62938. Max active instruction index: 7273
2025-02-14 21:26:27 | Simulation update: decoder round 61309, completed instructions: 7460/21761, actively running or decoding instructions: 2, waiting windows: 66/64668. Max active instruction index: 7453
2025-02-14 21:26:37 | Simulation update: decoder round 62956, completed instructions: 7649/21761, actively running or decoding instructions: 5, waiting windows: 70/66557. Max active instruction index: 7649
2025-02-14 21:26:47 | Simulation update: decoder round 64680, completed instructions: 7853/21761, actively running or decoding instructions: 2, waiting windows: 58/68536. Max active instruction index: 7846
2025-02-14 21:26:57 | Simulation update: decoder round 66484, completed instructions: 8053/21761, actively running or decoding instructions: 8, waiting windows: 70/70623. Max active instruction index: 8046
2025-02-14 21:27:07 | Simulation update: decoder round 68382, completed instructions: 8269/21761, actively running or decoding instructions: 2, waiting windows: 55/72799. Max active instruction index: 8262
2025-02-14 21:27:17 | Simulation update: decoder round 70405, completed instructions: 8490/21761, actively running or decoding instructions: 8, waiting windows: 61/75108. Max active instruction index: 8493
2025-02-14 21:27:27 | Simulation update: decoder round 72554, completed instructions: 8742/21761, actively running or decoding instructions: 2, waiting windows: 61/77576. Max active instruction index: 8734
2025-02-14 21:27:37 | Simulation update: decoder round 74722, completed instructions: 9014/21761, actively running or decoding instructions: 2, waiting windows: 65/80079. Max active instruction index: 9006
2025-02-14 21:27:47 | Simulation update: decoder round 77216, completed instructions: 9661/21761, actively running or decoding instructions: 14, waiting windows: 83/83469. Max active instruction index: 9669
2025-02-14 21:27:57 | Simulation update: decoder round 80000, completed instructions: 10695/21761, actively running or decoding instructions: 14, waiting windows: 72/87555. Max active instruction index: 10703
2025-02-14 21:28:07 | Simulation update: decoder round 82492, completed instructions: 11712/21761, actively running or decoding instructions: 26, waiting windows: 108/91288. Max active instruction index: 11723
2025-02-14 21:28:17 | Simulation update: decoder round 87648, completed instructions: 14061/21761, actively running or decoding instructions: 9, waiting windows: 36/97689. Max active instruction index: 14141
2025-02-14 21:28:27 | Simulation update: decoder round 121052, completed instructions: 20084/21761, actively running or decoding instructions: 2, waiting windows: 4/105825. Max active instruction index: 20061
2025-02-14 21:28:30 | Finished simulation
2025-02-14 21:28:30 | Finished saving output. Done! Total elapsed time: 0:13:17.201915
