CONFIG 545
benchmark_file: slurm/data/20250214_211423/benchmarks/qrom_15_15.lss
decoder_latency_or_dist_filename: slurm/data/20250214_211423/decoder_dists.json
distance: 27
lightweight_setting: 2
max_parallel_processes: None
missed_speculation_modifier: 1.4
poison_policy: successors
rng: 9
scheduling_method: sliding
speculation_accuracy: 0.9
speculation_latency: 1
speculation_mode: separate
2025-02-14 21:15:14 | Loading benchmark slurm/data/20250214_211423/benchmarks/qrom_15_15.lss...
2025-02-14 21:15:14 | Starting simulation
2025-02-14 21:15:14 | Simulation update: decoder round 1, completed instructions: 0/1693, actively running or decoding instructions: 10, waiting windows: 0/0. Max active instruction index: 84
2025-02-14 21:15:24 | Simulation update: decoder round 3101, completed instructions: 359/1693, actively running or decoding instructions: 18, waiting windows: 228/2017. Max active instruction index: 433
2025-02-14 21:15:34 | Simulation update: decoder round 6441, completed instructions: 824/1693, actively running or decoding instructions: 20, waiting windows: 175/4421. Max active instruction index: 818
2025-02-14 21:15:44 | Simulation update: decoder round 11211, completed instructions: 1202/1693, actively running or decoding instructions: 14, waiting windows: 132/6914. Max active instruction index: 1183
2025-02-14 21:15:54 | Simulation update: decoder round 16390, completed instructions: 1202/1693, actively running or decoding instructions: 10, waiting windows: 134/9024. Max active instruction index: 1183
2025-02-14 21:16:04 | Simulation update: decoder round 21778, completed instructions: 1436/1693, actively running or decoding instructions: 10, waiting windows: 83/10981. Max active instruction index: 1379
2025-02-14 21:16:12 | Finished simulation
2025-02-14 21:16:12 | Finished saving output. Done! Total elapsed time: 0:00:58.474481
