CONFIG 647
benchmark_file: slurm/data/20250214_211423/benchmarks/rz_1e-20.lss
decoder_latency_or_dist_filename: slurm/data/20250214_211423/decoder_dists.json
distance: 27
lightweight_setting: 2
max_parallel_processes: None
missed_speculation_modifier: 1.4
poison_policy: successors
rng: 1
scheduling_method: parallel
speculation_accuracy: 0.9
speculation_latency: 1
speculation_mode: separate
2025-02-14 23:14:35 | Loading benchmark slurm/data/20250214_211423/benchmarks/rz_1e-20.lss...
2025-02-14 23:14:35 | Starting simulation
2025-02-14 23:14:35 | Simulation update: decoder round 1, completed instructions: 0/2033, actively running or decoding instructions: 1, waiting windows: 0/0. Max active instruction index: 0
2025-02-14 23:14:45 | Simulation update: decoder round 76029, completed instructions: 965/2033, actively running or decoding instructions: 5, waiting windows: 1792/3940. Max active instruction index: 961
2025-02-14 23:14:55 | Simulation update: decoder round 152077, completed instructions: 1961/2033, actively running or decoding instructions: 5, waiting windows: 3566/7894. Max active instruction index: 1957
2025-02-14 23:14:56 | Finished simulation
2025-02-14 23:14:56 | Finished saving output. Done! Total elapsed time: 0:00:21.310560
