CONFIG 678
benchmark_file: slurm/data/20250214_211423/benchmarks/carleman_2_4.lss
decoder_latency_or_dist_filename: slurm/data/20250214_211423/decoder_dists.json
distance: 15
lightweight_setting: 2
max_parallel_processes: None
missed_speculation_modifier: 1.4
poison_policy: successors
rng: 2
scheduling_method: parallel
speculation_accuracy: 0.9
speculation_latency: 1
speculation_mode: separate
2025-02-14 23:14:35 | Loading benchmark slurm/data/20250214_211423/benchmarks/carleman_2_4.lss...
2025-02-14 23:14:36 | Starting simulation
2025-02-14 23:14:38 | Simulation update: decoder round 1, completed instructions: 0/13345, actively running or decoding instructions: 23, waiting windows: 0/0. Max active instruction index: 222
2025-02-14 23:14:48 | Simulation update: decoder round 432, completed instructions: 546/13345, actively running or decoding instructions: 12, waiting windows: 550/1192. Max active instruction index: 548
2025-02-14 23:14:58 | Simulation update: decoder round 798, completed instructions: 756/13345, actively running or decoding instructions: 22, waiting windows: 957/2139. Max active instruction index: 825
2025-02-14 23:15:08 | Simulation update: decoder round 1168, completed instructions: 1050/13345, actively running or decoding instructions: 19, waiting windows: 1387/3140. Max active instruction index: 1073
2025-02-14 23:15:18 | Simulation update: decoder round 1545, completed instructions: 1315/13345, actively running or decoding instructions: 19, waiting windows: 1814/4150. Max active instruction index: 1340
2025-02-14 23:15:28 | Simulation update: decoder round 1923, completed instructions: 1562/13345, actively running or decoding instructions: 10, waiting windows: 2236/5186. Max active instruction index: 1562
2025-02-14 23:15:38 | Simulation update: decoder round 2310, completed instructions: 1933/13345, actively running or decoding instructions: 31, waiting windows: 2781/6363. Max active instruction index: 2023
2025-02-14 23:15:48 | Simulation update: decoder round 2709, completed instructions: 2271/13345, actively running or decoding instructions: 7, waiting windows: 3216/7542. Max active instruction index: 2291
2025-02-14 23:15:58 | Simulation update: decoder round 3121, completed instructions: 2604/13345, actively running or decoding instructions: 13, waiting windows: 3703/8730. Max active instruction index: 2658
2025-02-14 23:16:08 | Simulation update: decoder round 3538, completed instructions: 2995/13345, actively running or decoding instructions: 24, waiting windows: 4246/10002. Max active instruction index: 3069
2025-02-14 23:16:18 | Simulation update: decoder round 3962, completed instructions: 3329/13345, actively running or decoding instructions: 22, waiting windows: 4781/11233. Max active instruction index: 3365
2025-02-14 23:16:28 | Simulation update: decoder round 4407, completed instructions: 3757/13345, actively running or decoding instructions: 25, waiting windows: 5377/12626. Max active instruction index: 3769
2025-02-14 23:16:38 | Simulation update: decoder round 4877, completed instructions: 3901/13345, actively running or decoding instructions: 10, waiting windows: 5915/13846. Max active instruction index: 3890
2025-02-14 23:16:48 | Simulation update: decoder round 5352, completed instructions: 4169/13345, actively running or decoding instructions: 31, waiting windows: 6555/15182. Max active instruction index: 4268
2025-02-14 23:16:58 | Simulation update: decoder round 5838, completed instructions: 4542/13345, actively running or decoding instructions: 24, waiting windows: 7093/16533. Max active instruction index: 4625
2025-02-14 23:17:08 | Simulation update: decoder round 6342, completed instructions: 4870/13345, actively running or decoding instructions: 21, waiting windows: 7717/17949. Max active instruction index: 5096
2025-02-14 23:17:19 | Simulation update: decoder round 6864, completed instructions: 5204/13345, actively running or decoding instructions: 17, waiting windows: 8351/19392. Max active instruction index: 5179
2025-02-14 23:17:29 | Simulation update: decoder round 7401, completed instructions: 5618/13345, actively running or decoding instructions: 34, waiting windows: 9022/20950. Max active instruction index: 5710
2025-02-14 23:17:39 | Simulation update: decoder round 7978, completed instructions: 5890/13345, actively running or decoding instructions: 18, waiting windows: 9650/22394. Max active instruction index: 5941
2025-02-14 23:17:49 | Simulation update: decoder round 8581, completed instructions: 6097/13345, actively running or decoding instructions: 13, waiting windows: 10289/23806. Max active instruction index: 6079
2025-02-14 23:17:59 | Simulation update: decoder round 9202, completed instructions: 6290/13345, actively running or decoding instructions: 14, waiting windows: 10932/25202. Max active instruction index: 6284
2025-02-14 23:18:09 | Simulation update: decoder round 9844, completed instructions: 6444/13345, actively running or decoding instructions: 12, waiting windows: 11588/26581. Max active instruction index: 6462
2025-02-14 23:18:19 | Simulation update: decoder round 10473, completed instructions: 6725/13345, actively running or decoding instructions: 11, waiting windows: 12258/28081. Max active instruction index: 6724
2025-02-14 23:18:29 | Simulation update: decoder round 11141, completed instructions: 7076/13345, actively running or decoding instructions: 14, waiting windows: 13029/29771. Max active instruction index: 7068
2025-02-14 23:18:39 | Simulation update: decoder round 11848, completed instructions: 7300/13345, actively running or decoding instructions: 8, waiting windows: 13794/31435. Max active instruction index: 7293
2025-02-14 23:18:49 | Simulation update: decoder round 12579, completed instructions: 7838/13345, actively running or decoding instructions: 7, waiting windows: 14605/33353. Max active instruction index: 7825
2025-02-14 23:18:59 | Simulation update: decoder round 13388, completed instructions: 8352/13345, actively running or decoding instructions: 22, waiting windows: 15510/35395. Max active instruction index: 8605
2025-02-14 23:19:09 | Simulation update: decoder round 14240, completed instructions: 8785/13345, actively running or decoding instructions: 19, waiting windows: 16454/37461. Max active instruction index: 8886
2025-02-14 23:19:19 | Simulation update: decoder round 15177, completed instructions: 9521/13345, actively running or decoding instructions: 22, waiting windows: 17434/39841. Max active instruction index: 9721
2025-02-14 23:19:29 | Simulation update: decoder round 16285, completed instructions: 9869/13345, actively running or decoding instructions: 17, waiting windows: 18484/42082. Max active instruction index: 9859
2025-02-14 23:19:39 | Simulation update: decoder round 17548, completed instructions: 10796/13345, actively running or decoding instructions: 29, waiting windows: 19703/45041. Max active instruction index: 10848
2025-02-14 23:19:49 | Simulation update: decoder round 19607, completed instructions: 12164/13345, actively running or decoding instructions: 9, waiting windows: 21181/48825. Max active instruction index: 12153
2025-02-14 23:19:55 | Finished simulation
2025-02-14 23:19:55 | Finished saving output. Done! Total elapsed time: 0:05:19.538343
