CONFIG 112
benchmark_file: slurm/data/20241114_123625/benchmarks/rz_seq_100.lss
decoder_latency_or_dist_filename: lambda volume: volume*0.2782559402207124
distance: 21
lightweight_setting: 1
max_parallel_processes: None
missed_speculation_modifier: 1.4
poison_policy: successors
rng: 0
scheduling_method: aligned
speculation_accuracy: 0.30000000000000004
speculation_latency: 1
speculation_mode: separate
2024-11-14 12:36:42 | Loading benchmark slurm/data/20241114_123625/benchmarks/rz_seq_100.lss...
2024-11-14 12:36:45 | Starting simulation
2024-11-14 12:36:51 | Simulation update: decoder round 1, completed instructions: 0/54952, actively running or decoding instructions: 1, waiting windows: 0/0. Max active instruction index: 0
2024-11-14 12:37:01 | Simulation update: decoder round 88888, completed instructions: 7368/54952, actively running or decoding instructions: 4, waiting windows: 2166/9360. Max active instruction index: 7369
2024-11-14 12:37:11 | Simulation update: decoder round 173899, completed instructions: 14441/54952, actively running or decoding instructions: 3, waiting windows: 4236/18342. Max active instruction index: 14441
2024-11-14 12:37:21 | Simulation update: decoder round 262773, completed instructions: 21760/54952, actively running or decoding instructions: 2, waiting windows: 6434/27790. Max active instruction index: 21756
2024-11-14 12:37:31 | Simulation update: decoder round 351868, completed instructions: 29161/54952, actively running or decoding instructions: 2, waiting windows: 8614/37152. Max active instruction index: 29161
2024-11-14 12:37:41 | Simulation update: decoder round 441055, completed instructions: 36521/54952, actively running or decoding instructions: 3, waiting windows: 10791/46527. Max active instruction index: 36521
2024-11-14 12:37:51 | Simulation update: decoder round 524675, completed instructions: 43449/54952, actively running or decoding instructions: 4, waiting windows: 12836/55375. Max active instruction index: 43451
2024-11-14 12:38:01 | Simulation update: decoder round 613750, completed instructions: 50831/54952, actively running or decoding instructions: 4, waiting windows: 15016/64780. Max active instruction index: 50830
2024-11-14 12:38:06 | Finished simulation
2024-11-14 12:38:08 | Finished saving output. Done! Total elapsed time: 0:01:26.379165
