CONFIG 127
benchmark_file: slurm/data/20241114_123625/benchmarks/rz_seq_100.lss
decoder_latency_or_dist_filename: lambda volume: volume*3.593813663804626
distance: 21
lightweight_setting: 1
max_parallel_processes: None
missed_speculation_modifier: 1.4
poison_policy: successors
rng: 0
scheduling_method: sliding
speculation_accuracy: 0.4
speculation_latency: 1
speculation_mode: separate
2024-11-14 12:36:49 | Loading benchmark slurm/data/20241114_123625/benchmarks/rz_seq_100.lss...
2024-11-14 12:36:53 | Starting simulation
2024-11-14 12:36:59 | Simulation update: decoder round 1, completed instructions: 0/54952, actively running or decoding instructions: 1, waiting windows: 0/0. Max active instruction index: 0
2024-11-14 12:37:09 | Simulation update: decoder round 23564, completed instructions: 141/54952, actively running or decoding instructions: 5, waiting windows: 18/2096. Max active instruction index: 143
2024-11-14 12:37:19 | Simulation update: decoder round 45302, completed instructions: 254/54952, actively running or decoding instructions: 3, waiting windows: 25/4131. Max active instruction index: 250
2024-11-14 12:37:29 | Simulation update: decoder round 68695, completed instructions: 384/54952, actively running or decoding instructions: 2, waiting windows: 30/6106. Max active instruction index: 380
2024-11-14 12:37:39 | Simulation update: decoder round 89615, completed instructions: 484/54952, actively running or decoding instructions: 2, waiting windows: 24/8072. Max active instruction index: 481
2024-11-14 12:37:49 | Simulation update: decoder round 111624, completed instructions: 609/54952, actively running or decoding instructions: 2, waiting windows: 29/10054. Max active instruction index: 606
2024-11-14 12:37:59 | Simulation update: decoder round 134689, completed instructions: 722/54952, actively running or decoding instructions: 2, waiting windows: 33/11988. Max active instruction index: 718
2024-11-14 12:38:09 | Simulation update: decoder round 155527, completed instructions: 839/54952, actively running or decoding instructions: 2, waiting windows: 25/13959. Max active instruction index: 835
2024-11-14 12:38:19 | Simulation update: decoder round 177611, completed instructions: 949/54952, actively running or decoding instructions: 3, waiting windows: 25/16045. Max active instruction index: 946
2024-11-14 12:38:29 | Simulation update: decoder round 201731, completed instructions: 1091/54952, actively running or decoding instructions: 2, waiting windows: 31/18124. Max active instruction index: 1087
2024-11-14 12:38:39 | Simulation update: decoder round 224408, completed instructions: 1229/54952, actively running or decoding instructions: 2, waiting windows: 28/20232. Max active instruction index: 1225
2024-11-14 12:38:49 | Simulation update: decoder round 247787, completed instructions: 1365/54952, actively running or decoding instructions: 2, waiting windows: 27/22215. Max active instruction index: 1364
2024-11-14 12:38:59 | Simulation update: decoder round 268794, completed instructions: 1469/54952, actively running or decoding instructions: 3, waiting windows: 33/24186. Max active instruction index: 1465
2024-11-14 12:39:09 | Simulation update: decoder round 292979, completed instructions: 1617/54952, actively running or decoding instructions: 2, waiting windows: 28/26126. Max active instruction index: 1613
2024-11-14 12:39:19 | Simulation update: decoder round 315877, completed instructions: 1739/54952, actively running or decoding instructions: 2, waiting windows: 27/28086. Max active instruction index: 1735
2024-11-14 12:39:29 | Simulation update: decoder round 339817, completed instructions: 1881/54952, actively running or decoding instructions: 2, waiting windows: 32/30169. Max active instruction index: 1877
2024-11-14 12:39:39 | Simulation update: decoder round 363024, completed instructions: 2005/54952, actively running or decoding instructions: 2, waiting windows: 33/32201. Max active instruction index: 2001
2024-11-14 12:39:49 | Simulation update: decoder round 384468, completed instructions: 2126/54952, actively running or decoding instructions: 3, waiting windows: 27/34216. Max active instruction index: 2122
2024-11-14 12:39:59 | Simulation update: decoder round 407147, completed instructions: 2244/54952, actively running or decoding instructions: 3, waiting windows: 32/36299. Max active instruction index: 2240
2024-11-14 12:40:09 | Simulation update: decoder round 429000, completed instructions: 2378/54952, actively running or decoding instructions: 2, waiting windows: 30/38353. Max active instruction index: 2374
2024-11-14 12:40:19 | Simulation update: decoder round 451907, completed instructions: 2515/54952, actively running or decoding instructions: 2, waiting windows: 14/40487. Max active instruction index: 2512
2024-11-14 12:40:29 | Simulation update: decoder round 474971, completed instructions: 2637/54952, actively running or decoding instructions: 3, waiting windows: 29/42527. Max active instruction index: 2633
2024-11-14 12:40:39 | Simulation update: decoder round 497362, completed instructions: 2766/54952, actively running or decoding instructions: 2, waiting windows: 34/44616. Max active instruction index: 2762
2024-11-14 12:40:49 | Simulation update: decoder round 518712, completed instructions: 2873/54952, actively running or decoding instructions: 2, waiting windows: 24/46579. Max active instruction index: 2869
2024-11-14 12:40:59 | Simulation update: decoder round 540452, completed instructions: 2988/54952, actively running or decoding instructions: 2, waiting windows: 34/48573. Max active instruction index: 2984
2024-11-14 12:41:09 | Simulation update: decoder round 561737, completed instructions: 3105/54952, actively running or decoding instructions: 3, waiting windows: 27/50623. Max active instruction index: 3101
2024-11-14 12:41:19 | Simulation update: decoder round 585811, completed instructions: 3242/54952, actively running or decoding instructions: 2, waiting windows: 14/52712. Max active instruction index: 3242
2024-11-14 12:41:29 | Simulation update: decoder round 607842, completed instructions: 3359/54952, actively running or decoding instructions: 3, waiting windows: 29/54633. Max active instruction index: 3355
2024-11-14 12:41:39 | Simulation update: decoder round 629941, completed instructions: 3487/54952, actively running or decoding instructions: 2, waiting windows: 30/56699. Max active instruction index: 3483
2024-11-14 12:41:49 | Simulation update: decoder round 653487, completed instructions: 3618/54952, actively running or decoding instructions: 2, waiting windows: 23/58582. Max active instruction index: 3615
2024-11-14 12:41:59 | Simulation update: decoder round 675892, completed instructions: 3736/54952, actively running or decoding instructions: 2, waiting windows: 12/60660. Max active instruction index: 3733
2024-11-14 12:42:09 | Simulation update: decoder round 698682, completed instructions: 3854/54952, actively running or decoding instructions: 3, waiting windows: 32/62711. Max active instruction index: 3850
2024-11-14 12:42:19 | Simulation update: decoder round 720800, completed instructions: 3977/54952, actively running or decoding instructions: 2, waiting windows: 27/64785. Max active instruction index: 3973
2024-11-14 12:42:29 | Simulation update: decoder round 743421, completed instructions: 4102/54952, actively running or decoding instructions: 2, waiting windows: 18/66871. Max active instruction index: 4099
2024-11-14 12:42:39 | Simulation update: decoder round 766182, completed instructions: 4218/54952, actively running or decoding instructions: 4, waiting windows: 17/68783. Max active instruction index: 4215
2024-11-14 12:42:49 | Simulation update: decoder round 789914, completed instructions: 4369/54952, actively running or decoding instructions: 2, waiting windows: 29/70909. Max active instruction index: 4365
2024-11-14 12:42:59 | Simulation update: decoder round 812838, completed instructions: 4506/54952, actively running or decoding instructions: 3, waiting windows: 35/73029. Max active instruction index: 4502
2024-11-14 12:43:09 | Simulation update: decoder round 836947, completed instructions: 4655/54952, actively running or decoding instructions: 4, waiting windows: 27/75140. Max active instruction index: 4651
2024-11-14 12:43:19 | Simulation update: decoder round 859563, completed instructions: 4771/54952, actively running or decoding instructions: 3, waiting windows: 29/77018. Max active instruction index: 4767
2024-11-14 12:43:29 | Simulation update: decoder round 881328, completed instructions: 4878/54952, actively running or decoding instructions: 2, waiting windows: 30/79028. Max active instruction index: 4874
2024-11-14 12:43:39 | Simulation update: decoder round 903028, completed instructions: 5001/54952, actively running or decoding instructions: 2, waiting windows: 26/81059. Max active instruction index: 4997
2024-11-14 12:43:49 | Simulation update: decoder round 926941, completed instructions: 5150/54952, actively running or decoding instructions: 2, waiting windows: 30/83149. Max active instruction index: 5146
2024-11-14 12:43:59 | Simulation update: decoder round 950295, completed instructions: 5279/54952, actively running or decoding instructions: 3, waiting windows: 31/85182. Max active instruction index: 5275
2024-11-14 12:44:09 | Simulation update: decoder round 972790, completed instructions: 5403/54952, actively running or decoding instructions: 3, waiting windows: 31/87246. Max active instruction index: 5399
2024-11-14 12:44:19 | Simulation update: decoder round 996186, completed instructions: 5540/54952, actively running or decoding instructions: 2, waiting windows: 29/89242. Max active instruction index: 5536
2024-11-14 12:44:29 | Simulation update: decoder round 1017881, completed instructions: 5668/54952, actively running or decoding instructions: 3, waiting windows: 27/91236. Max active instruction index: 5664
2024-11-14 12:44:39 | Simulation update: decoder round 1040128, completed instructions: 5782/54952, actively running or decoding instructions: 2, waiting windows: 29/93327. Max active instruction index: 5778
2024-11-14 12:44:49 | Simulation update: decoder round 1061537, completed instructions: 5901/54952, actively running or decoding instructions: 3, waiting windows: 32/95391. Max active instruction index: 5897
2024-11-14 12:44:59 | Simulation update: decoder round 1081322, completed instructions: 5995/54952, actively running or decoding instructions: 2, waiting windows: 33/97189. Max active instruction index: 5991
2024-11-14 12:45:09 | Simulation update: decoder round 1104086, completed instructions: 6134/54952, actively running or decoding instructions: 3, waiting windows: 30/99231. Max active instruction index: 6131
2024-11-14 12:45:19 | Simulation update: decoder round 1126361, completed instructions: 6256/54952, actively running or decoding instructions: 2, waiting windows: 29/101251. Max active instruction index: 6252
2024-11-14 12:45:29 | Simulation update: decoder round 1148267, completed instructions: 6372/54952, actively running or decoding instructions: 2, waiting windows: 37/103325. Max active instruction index: 6368
2024-11-14 12:45:39 | Simulation update: decoder round 1170863, completed instructions: 6498/54952, actively running or decoding instructions: 3, waiting windows: 27/105343. Max active instruction index: 6494
2024-11-14 12:45:49 | Simulation update: decoder round 1192317, completed instructions: 6610/54952, actively running or decoding instructions: 2, waiting windows: 24/107377. Max active instruction index: 6606
2024-11-14 12:45:59 | Simulation update: decoder round 1213611, completed instructions: 6739/54952, actively running or decoding instructions: 2, waiting windows: 29/109429. Max active instruction index: 6735
2024-11-14 12:46:09 | Simulation update: decoder round 1235578, completed instructions: 6846/54952, actively running or decoding instructions: 4, waiting windows: 18/111399. Max active instruction index: 6842
2024-11-14 12:46:19 | Simulation update: decoder round 1257438, completed instructions: 6945/54952, actively running or decoding instructions: 3, waiting windows: 25/113434. Max active instruction index: 6941
2024-11-14 12:46:29 | Simulation update: decoder round 1279486, completed instructions: 7071/54952, actively running or decoding instructions: 3, waiting windows: 33/115491. Max active instruction index: 7067
2024-11-14 12:46:39 | Simulation update: decoder round 1302370, completed instructions: 7198/54952, actively running or decoding instructions: 3, waiting windows: 28/117507. Max active instruction index: 7194
2024-11-14 12:46:49 | Simulation update: decoder round 1325461, completed instructions: 7333/54952, actively running or decoding instructions: 2, waiting windows: 33/119557. Max active instruction index: 7329
2024-11-14 12:46:59 | Simulation update: decoder round 1349320, completed instructions: 7464/54952, actively running or decoding instructions: 2, waiting windows: 31/121612. Max active instruction index: 7460
2024-11-14 12:47:09 | Simulation update: decoder round 1370276, completed instructions: 7579/54952, actively running or decoding instructions: 3, waiting windows: 27/123624. Max active instruction index: 7575
2024-11-14 12:47:19 | Simulation update: decoder round 1392720, completed instructions: 7710/54952, actively running or decoding instructions: 3, waiting windows: 30/125744. Max active instruction index: 7706
2024-11-14 12:47:29 | Simulation update: decoder round 1413504, completed instructions: 7815/54952, actively running or decoding instructions: 2, waiting windows: 30/127740. Max active instruction index: 7811
2024-11-14 12:47:39 | Simulation update: decoder round 1435534, completed instructions: 7939/54952, actively running or decoding instructions: 3, waiting windows: 25/129713. Max active instruction index: 7935
2024-11-14 12:47:49 | Simulation update: decoder round 1457304, completed instructions: 8040/54952, actively running or decoding instructions: 2, waiting windows: 29/131663. Max active instruction index: 8036
2024-11-14 12:47:59 | Simulation update: decoder round 1480444, completed instructions: 8176/54952, actively running or decoding instructions: 2, waiting windows: 34/133637. Max active instruction index: 8172
2024-11-14 12:48:09 | Simulation update: decoder round 1502292, completed instructions: 8289/54952, actively running or decoding instructions: 3, waiting windows: 35/135702. Max active instruction index: 8285
2024-11-14 12:48:19 | Simulation update: decoder round 1524707, completed instructions: 8418/54952, actively running or decoding instructions: 3, waiting windows: 29/137678. Max active instruction index: 8418
2024-11-14 12:48:29 | Simulation update: decoder round 1548054, completed instructions: 8550/54952, actively running or decoding instructions: 2, waiting windows: 29/139768. Max active instruction index: 8546
2024-11-14 12:48:39 | Simulation update: decoder round 1567930, completed instructions: 8641/54952, actively running or decoding instructions: 3, waiting windows: 35/141678. Max active instruction index: 8637
2024-11-14 12:48:49 | Simulation update: decoder round 1590050, completed instructions: 8766/54952, actively running or decoding instructions: 2, waiting windows: 32/143691. Max active instruction index: 8762
2024-11-14 12:48:59 | Simulation update: decoder round 1614254, completed instructions: 8926/54952, actively running or decoding instructions: 3, waiting windows: 27/145853. Max active instruction index: 8922
2024-11-14 12:49:09 | Simulation update: decoder round 1636592, completed instructions: 9048/54952, actively running or decoding instructions: 2, waiting windows: 28/147790. Max active instruction index: 9045
2024-11-14 12:49:19 | Simulation update: decoder round 1658130, completed instructions: 9154/54952, actively running or decoding instructions: 2, waiting windows: 32/149741. Max active instruction index: 9150
2024-11-14 12:49:29 | Simulation update: decoder round 1681068, completed instructions: 9268/54952, actively running or decoding instructions: 2, waiting windows: 13/151681. Max active instruction index: 9265
2024-11-14 12:49:39 | Simulation update: decoder round 1699291, completed instructions: 9365/54952, actively running or decoding instructions: 2, waiting windows: 33/153420. Max active instruction index: 9361
2024-11-14 12:49:49 | Simulation update: decoder round 1721503, completed instructions: 9487/54952, actively running or decoding instructions: 3, waiting windows: 31/155446. Max active instruction index: 9483
2024-11-14 12:49:59 | Simulation update: decoder round 1743040, completed instructions: 9594/54952, actively running or decoding instructions: 4, waiting windows: 28/157410. Max active instruction index: 9590
2024-11-14 12:50:09 | Simulation update: decoder round 1766492, completed instructions: 9721/54952, actively running or decoding instructions: 2, waiting windows: 28/159399. Max active instruction index: 9717
2024-11-14 12:50:19 | Simulation update: decoder round 1789014, completed instructions: 9841/54952, actively running or decoding instructions: 2, waiting windows: 29/161440. Max active instruction index: 9837
2024-11-14 12:50:29 | Simulation update: decoder round 1810074, completed instructions: 9950/54952, actively running or decoding instructions: 2, waiting windows: 30/163404. Max active instruction index: 9946
2024-11-14 12:50:39 | Simulation update: decoder round 1831909, completed instructions: 10055/54952, actively running or decoding instructions: 2, waiting windows: 31/165452. Max active instruction index: 10051
2024-11-14 12:50:49 | Simulation update: decoder round 1853271, completed instructions: 10176/54952, actively running or decoding instructions: 2, waiting windows: 26/167510. Max active instruction index: 10172
2024-11-14 12:50:59 | Simulation update: decoder round 1876803, completed instructions: 10306/54952, actively running or decoding instructions: 2, waiting windows: 24/169557. Max active instruction index: 10302
2024-11-14 12:51:09 | Simulation update: decoder round 1899003, completed instructions: 10422/54952, actively running or decoding instructions: 2, waiting windows: 29/171527. Max active instruction index: 10418
2024-11-14 12:51:19 | Simulation update: decoder round 1922145, completed instructions: 10542/54952, actively running or decoding instructions: 2, waiting windows: 27/173528. Max active instruction index: 10538
2024-11-14 12:51:29 | Simulation update: decoder round 1945865, completed instructions: 10674/54952, actively running or decoding instructions: 4, waiting windows: 28/175631. Max active instruction index: 10670
2024-11-14 12:51:39 | Simulation update: decoder round 1967510, completed instructions: 10795/54952, actively running or decoding instructions: 3, waiting windows: 29/177653. Max active instruction index: 10791
2024-11-14 12:51:49 | Simulation update: decoder round 1990354, completed instructions: 10924/54952, actively running or decoding instructions: 3, waiting windows: 29/179663. Max active instruction index: 10920
2024-11-14 12:51:59 | Simulation update: decoder round 2012349, completed instructions: 11042/54952, actively running or decoding instructions: 2, waiting windows: 30/181682. Max active instruction index: 11038
2024-11-14 12:52:09 | Simulation update: decoder round 2036105, completed instructions: 11170/54952, actively running or decoding instructions: 4, waiting windows: 12/183750. Max active instruction index: 11171
2024-11-14 12:52:19 | Simulation update: decoder round 2059725, completed instructions: 11309/54952, actively running or decoding instructions: 2, waiting windows: 31/185896. Max active instruction index: 11305
2024-11-14 12:52:29 | Simulation update: decoder round 2081149, completed instructions: 11405/54952, actively running or decoding instructions: 3, waiting windows: 26/187835. Max active instruction index: 11401
2024-11-14 12:52:39 | Simulation update: decoder round 2104758, completed instructions: 11535/54952, actively running or decoding instructions: 3, waiting windows: 29/189875. Max active instruction index: 11531
2024-11-14 12:52:49 | Simulation update: decoder round 2126273, completed instructions: 11638/54952, actively running or decoding instructions: 2, waiting windows: 26/191846. Max active instruction index: 11634
2024-11-14 12:52:59 | Simulation update: decoder round 2149206, completed instructions: 11760/54952, actively running or decoding instructions: 3, waiting windows: 33/193876. Max active instruction index: 11756
2024-11-14 12:53:09 | Simulation update: decoder round 2172509, completed instructions: 11890/54952, actively running or decoding instructions: 2, waiting windows: 27/196061. Max active instruction index: 11886
2024-11-14 12:53:19 | Simulation update: decoder round 2194212, completed instructions: 12005/54952, actively running or decoding instructions: 3, waiting windows: 27/198060. Max active instruction index: 12001
2024-11-14 12:53:29 | Simulation update: decoder round 2216560, completed instructions: 12124/54952, actively running or decoding instructions: 3, waiting windows: 36/200015. Max active instruction index: 12120
2024-11-14 12:53:39 | Simulation update: decoder round 2237751, completed instructions: 12234/54952, actively running or decoding instructions: 3, waiting windows: 30/201964. Max active instruction index: 12230
2024-11-14 12:53:49 | Simulation update: decoder round 2260217, completed instructions: 12347/54952, actively running or decoding instructions: 3, waiting windows: 26/203929. Max active instruction index: 12343
2024-11-14 12:53:59 | Simulation update: decoder round 2282185, completed instructions: 12451/54952, actively running or decoding instructions: 2, waiting windows: 36/205968. Max active instruction index: 12447
2024-11-14 12:54:09 | Simulation update: decoder round 2303554, completed instructions: 12560/54952, actively running or decoding instructions: 3, waiting windows: 34/207912. Max active instruction index: 12556
2024-11-14 12:54:19 | Simulation update: decoder round 2325974, completed instructions: 12685/54952, actively running or decoding instructions: 3, waiting windows: 33/209999. Max active instruction index: 12681
2024-11-14 12:54:29 | Simulation update: decoder round 2349742, completed instructions: 12819/54952, actively running or decoding instructions: 2, waiting windows: 29/212075. Max active instruction index: 12815
2024-11-14 12:54:39 | Simulation update: decoder round 2371537, completed instructions: 12939/54952, actively running or decoding instructions: 2, waiting windows: 29/214173. Max active instruction index: 12935
2024-11-14 12:54:49 | Simulation update: decoder round 2394479, completed instructions: 13070/54952, actively running or decoding instructions: 3, waiting windows: 28/216208. Max active instruction index: 13066
2024-11-14 12:54:59 | Simulation update: decoder round 2417575, completed instructions: 13201/54952, actively running or decoding instructions: 2, waiting windows: 29/218144. Max active instruction index: 13198
2024-11-14 12:55:09 | Simulation update: decoder round 2436570, completed instructions: 13306/54952, actively running or decoding instructions: 4, waiting windows: 36/219827. Max active instruction index: 13302
2024-11-14 12:55:19 | Simulation update: decoder round 2458299, completed instructions: 13427/54952, actively running or decoding instructions: 3, waiting windows: 29/221821. Max active instruction index: 13423
2024-11-14 12:55:29 | Simulation update: decoder round 2479179, completed instructions: 13533/54952, actively running or decoding instructions: 3, waiting windows: 24/223803. Max active instruction index: 13529
2024-11-14 12:55:39 | Simulation update: decoder round 2501113, completed instructions: 13653/54952, actively running or decoding instructions: 3, waiting windows: 27/225826. Max active instruction index: 13649
2024-11-14 12:55:49 | Simulation update: decoder round 2524091, completed instructions: 13777/54952, actively running or decoding instructions: 2, waiting windows: 23/227909. Max active instruction index: 13774
2024-11-14 12:55:59 | Simulation update: decoder round 2546633, completed instructions: 13900/54952, actively running or decoding instructions: 3, waiting windows: 26/229940. Max active instruction index: 13896
2024-11-14 12:56:09 | Simulation update: decoder round 2569067, completed instructions: 14027/54952, actively running or decoding instructions: 3, waiting windows: 24/231873. Max active instruction index: 14028
2024-11-14 12:56:19 | Simulation update: decoder round 2592548, completed instructions: 14162/54952, actively running or decoding instructions: 3, waiting windows: 24/233938. Max active instruction index: 14158
2024-11-14 12:56:29 | Simulation update: decoder round 2615909, completed instructions: 14307/54952, actively running or decoding instructions: 3, waiting windows: 30/236063. Max active instruction index: 14303
2024-11-14 12:56:39 | Simulation update: decoder round 2637938, completed instructions: 14424/54952, actively running or decoding instructions: 3, waiting windows: 27/238177. Max active instruction index: 14424
2024-11-14 12:56:49 | Simulation update: decoder round 2660240, completed instructions: 14547/54952, actively running or decoding instructions: 3, waiting windows: 28/240165. Max active instruction index: 14543
2024-11-14 12:56:59 | Simulation update: decoder round 2681814, completed instructions: 14653/54952, actively running or decoding instructions: 2, waiting windows: 29/242151. Max active instruction index: 14649
2024-11-14 12:57:09 | Simulation update: decoder round 2705168, completed instructions: 14784/54952, actively running or decoding instructions: 3, waiting windows: 26/244302. Max active instruction index: 14780
2024-11-14 12:57:19 | Simulation update: decoder round 2727667, completed instructions: 14897/54952, actively running or decoding instructions: 3, waiting windows: 26/246322. Max active instruction index: 14893
2024-11-14 12:57:29 | Simulation update: decoder round 2750612, completed instructions: 15025/54952, actively running or decoding instructions: 2, waiting windows: 27/248400. Max active instruction index: 15021
2024-11-14 12:57:39 | Simulation update: decoder round 2773123, completed instructions: 15145/54952, actively running or decoding instructions: 3, waiting windows: 29/250398. Max active instruction index: 15142
2024-11-14 12:57:49 | Simulation update: decoder round 2795158, completed instructions: 15254/54952, actively running or decoding instructions: 3, waiting windows: 24/252309. Max active instruction index: 15251
2024-11-14 12:57:59 | Simulation update: decoder round 2817623, completed instructions: 15384/54952, actively running or decoding instructions: 2, waiting windows: 28/254410. Max active instruction index: 15380
2024-11-14 12:58:09 | Simulation update: decoder round 2840850, completed instructions: 15515/54952, actively running or decoding instructions: 2, waiting windows: 29/256489. Max active instruction index: 15515
2024-11-14 12:58:19 | Simulation update: decoder round 2862291, completed instructions: 15625/54952, actively running or decoding instructions: 4, waiting windows: 33/258442. Max active instruction index: 15621
2024-11-14 12:58:29 | Simulation update: decoder round 2884296, completed instructions: 15745/54952, actively running or decoding instructions: 3, waiting windows: 33/260409. Max active instruction index: 15741
2024-11-14 12:58:39 | Simulation update: decoder round 2906881, completed instructions: 15871/54952, actively running or decoding instructions: 2, waiting windows: 28/262513. Max active instruction index: 15867
2024-11-14 12:58:49 | Simulation update: decoder round 2928756, completed instructions: 15992/54952, actively running or decoding instructions: 2, waiting windows: 33/264500. Max active instruction index: 15988
2024-11-14 12:58:59 | Simulation update: decoder round 2951153, completed instructions: 16109/54952, actively running or decoding instructions: 2, waiting windows: 31/266523. Max active instruction index: 16105
2024-11-14 12:59:09 | Simulation update: decoder round 2973452, completed instructions: 16229/54952, actively running or decoding instructions: 3, waiting windows: 31/268532. Max active instruction index: 16225
2024-11-14 12:59:19 | Simulation update: decoder round 2996329, completed instructions: 16359/54952, actively running or decoding instructions: 2, waiting windows: 28/270609. Max active instruction index: 16355
2024-11-14 12:59:29 | Simulation update: decoder round 3019388, completed instructions: 16486/54952, actively running or decoding instructions: 3, waiting windows: 25/272588. Max active instruction index: 16483
2024-11-14 12:59:39 | Simulation update: decoder round 3042324, completed instructions: 16605/54952, actively running or decoding instructions: 3, waiting windows: 32/274562. Max active instruction index: 16601
2024-11-14 12:59:49 | Simulation update: decoder round 3065721, completed instructions: 16742/54952, actively running or decoding instructions: 2, waiting windows: 27/276548. Max active instruction index: 16738
2024-11-14 12:59:59 | Simulation update: decoder round 3087599, completed instructions: 16854/54952, actively running or decoding instructions: 2, waiting windows: 32/278611. Max active instruction index: 16850
2024-11-14 13:00:09 | Simulation update: decoder round 3109863, completed instructions: 16977/54952, actively running or decoding instructions: 2, waiting windows: 30/280660. Max active instruction index: 16977
2024-11-14 13:00:19 | Simulation update: decoder round 3132257, completed instructions: 17115/54952, actively running or decoding instructions: 3, waiting windows: 33/282686. Max active instruction index: 17111
2024-11-14 13:00:29 | Simulation update: decoder round 3153613, completed instructions: 17228/54952, actively running or decoding instructions: 2, waiting windows: 30/284690. Max active instruction index: 17228
2024-11-14 13:00:39 | Simulation update: decoder round 3176950, completed instructions: 17361/54952, actively running or decoding instructions: 3, waiting windows: 30/286729. Max active instruction index: 17357
2024-11-14 13:00:49 | Simulation update: decoder round 3200592, completed instructions: 17515/54952, actively running or decoding instructions: 2, waiting windows: 30/288754. Max active instruction index: 17511
2024-11-14 13:00:59 | Simulation update: decoder round 3224039, completed instructions: 17655/54952, actively running or decoding instructions: 3, waiting windows: 30/290786. Max active instruction index: 17651
2024-11-14 13:01:09 | Simulation update: decoder round 3246147, completed instructions: 17775/54952, actively running or decoding instructions: 4, waiting windows: 20/292762. Max active instruction index: 17772
2024-11-14 13:01:19 | Simulation update: decoder round 3267761, completed instructions: 17892/54952, actively running or decoding instructions: 3, waiting windows: 29/294669. Max active instruction index: 17888
2024-11-14 13:01:29 | Simulation update: decoder round 3290793, completed instructions: 18026/54952, actively running or decoding instructions: 2, waiting windows: 26/296771. Max active instruction index: 18022
2024-11-14 13:01:39 | Simulation update: decoder round 3314414, completed instructions: 18161/54952, actively running or decoding instructions: 2, waiting windows: 31/298846. Max active instruction index: 18157
2024-11-14 13:01:49 | Simulation update: decoder round 3331841, completed instructions: 18256/54952, actively running or decoding instructions: 2, waiting windows: 26/300478. Max active instruction index: 18252
2024-11-14 13:01:59 | Simulation update: decoder round 3353267, completed instructions: 18360/54952, actively running or decoding instructions: 3, waiting windows: 31/302478. Max active instruction index: 18356
2024-11-14 13:02:09 | Simulation update: decoder round 3376274, completed instructions: 18501/54952, actively running or decoding instructions: 3, waiting windows: 29/304615. Max active instruction index: 18497
2024-11-14 13:02:19 | Simulation update: decoder round 3397772, completed instructions: 18618/54952, actively running or decoding instructions: 3, waiting windows: 27/306519. Max active instruction index: 18614
2024-11-14 13:02:29 | Simulation update: decoder round 3418832, completed instructions: 18730/54952, actively running or decoding instructions: 3, waiting windows: 37/308459. Max active instruction index: 18726
2024-11-14 13:02:39 | Simulation update: decoder round 3439264, completed instructions: 18842/54952, actively running or decoding instructions: 3, waiting windows: 27/310423. Max active instruction index: 18838
2024-11-14 13:02:49 | Simulation update: decoder round 3461520, completed instructions: 18963/54952, actively running or decoding instructions: 3, waiting windows: 28/312470. Max active instruction index: 18959
2024-11-14 13:02:59 | Simulation update: decoder round 3483191, completed instructions: 19056/54952, actively running or decoding instructions: 3, waiting windows: 27/314423. Max active instruction index: 19052
