CONFIG 156
benchmark_file: slurm/data/20241114_123625/benchmarks/rz_seq_100.lss
decoder_latency_or_dist_filename: lambda volume: volume*2.1544346900318834
distance: 21
lightweight_setting: 1
max_parallel_processes: None
missed_speculation_modifier: 1.4
poison_policy: successors
rng: 0
scheduling_method: sliding
speculation_accuracy: 0.5
speculation_latency: 1
speculation_mode: separate
2024-11-14 12:37:15 | Loading benchmark slurm/data/20241114_123625/benchmarks/rz_seq_100.lss...
2024-11-14 12:37:19 | Starting simulation
2024-11-14 12:37:24 | Simulation update: decoder round 1, completed instructions: 0/54952, actively running or decoding instructions: 1, waiting windows: 0/0. Max active instruction index: 0
2024-11-14 12:37:34 | Simulation update: decoder round 46623, completed instructions: 655/54952, actively running or decoding instructions: 2, waiting windows: 15/4228. Max active instruction index: 651
2024-11-14 12:37:44 | Simulation update: decoder round 94012, completed instructions: 1342/54952, actively running or decoding instructions: 2, waiting windows: 17/8528. Max active instruction index: 1338
2024-11-14 12:37:54 | Simulation update: decoder round 139426, completed instructions: 2010/54952, actively running or decoding instructions: 3, waiting windows: 16/12507. Max active instruction index: 2006
2024-11-14 12:38:04 | Simulation update: decoder round 184967, completed instructions: 2633/54952, actively running or decoding instructions: 3, waiting windows: 19/16815. Max active instruction index: 2633
2024-11-14 12:38:14 | Simulation update: decoder round 232452, completed instructions: 3310/54952, actively running or decoding instructions: 5, waiting windows: 8/21150. Max active instruction index: 3307
2024-11-14 12:38:24 | Simulation update: decoder round 279251, completed instructions: 3988/54952, actively running or decoding instructions: 4, waiting windows: 15/25474. Max active instruction index: 3984
2024-11-14 12:38:34 | Simulation update: decoder round 325187, completed instructions: 4621/54952, actively running or decoding instructions: 3, waiting windows: 11/29676. Max active instruction index: 4618
2024-11-14 12:38:44 | Simulation update: decoder round 372654, completed instructions: 5316/54952, actively running or decoding instructions: 2, waiting windows: 16/33996. Max active instruction index: 5312
2024-11-14 12:38:54 | Simulation update: decoder round 418424, completed instructions: 5955/54952, actively running or decoding instructions: 2, waiting windows: 14/38295. Max active instruction index: 5951
2024-11-14 12:39:04 | Simulation update: decoder round 464793, completed instructions: 6605/54952, actively running or decoding instructions: 3, waiting windows: 14/42601. Max active instruction index: 6601
2024-11-14 12:39:14 | Simulation update: decoder round 510896, completed instructions: 7264/54952, actively running or decoding instructions: 3, waiting windows: 16/46948. Max active instruction index: 7260
2024-11-14 12:39:24 | Simulation update: decoder round 554571, completed instructions: 7860/54952, actively running or decoding instructions: 4, waiting windows: 9/51059. Max active instruction index: 7856
2024-11-14 12:39:34 | Simulation update: decoder round 600818, completed instructions: 8477/54952, actively running or decoding instructions: 3, waiting windows: 17/55252. Max active instruction index: 8473
2024-11-14 12:39:44 | Simulation update: decoder round 647750, completed instructions: 9149/54952, actively running or decoding instructions: 3, waiting windows: 15/59621. Max active instruction index: 9145
2024-11-14 12:39:54 | Simulation update: decoder round 694381, completed instructions: 9807/54952, actively running or decoding instructions: 3, waiting windows: 17/63867. Max active instruction index: 9803
2024-11-14 12:40:04 | Simulation update: decoder round 740901, completed instructions: 10484/54952, actively running or decoding instructions: 2, waiting windows: 14/68184. Max active instruction index: 10480
2024-11-14 12:40:14 | Simulation update: decoder round 787467, completed instructions: 11136/54952, actively running or decoding instructions: 2, waiting windows: 14/72420. Max active instruction index: 11132
2024-11-14 12:40:24 | Simulation update: decoder round 834454, completed instructions: 11813/54952, actively running or decoding instructions: 3, waiting windows: 14/76805. Max active instruction index: 11809
2024-11-14 12:40:34 | Simulation update: decoder round 881134, completed instructions: 12468/54952, actively running or decoding instructions: 4, waiting windows: 17/81091. Max active instruction index: 12464
2024-11-14 12:40:44 | Simulation update: decoder round 927282, completed instructions: 13097/54952, actively running or decoding instructions: 3, waiting windows: 16/85427. Max active instruction index: 13093
2024-11-14 12:40:54 | Simulation update: decoder round 973472, completed instructions: 13755/54952, actively running or decoding instructions: 3, waiting windows: 13/89665. Max active instruction index: 13751
2024-11-14 12:41:04 | Simulation update: decoder round 1019257, completed instructions: 14379/54952, actively running or decoding instructions: 2, waiting windows: 17/93858. Max active instruction index: 14375
2024-11-14 12:41:14 | Simulation update: decoder round 1062631, completed instructions: 14980/54952, actively running or decoding instructions: 2, waiting windows: 10/97790. Max active instruction index: 14977
2024-11-14 12:41:24 | Simulation update: decoder round 1109266, completed instructions: 15651/54952, actively running or decoding instructions: 2, waiting windows: 21/102096. Max active instruction index: 15647
2024-11-14 12:41:34 | Simulation update: decoder round 1155802, completed instructions: 16298/54952, actively running or decoding instructions: 3, waiting windows: 8/106418. Max active instruction index: 16295
2024-11-14 12:41:44 | Simulation update: decoder round 1202231, completed instructions: 16920/54952, actively running or decoding instructions: 2, waiting windows: 15/110660. Max active instruction index: 16916
2024-11-14 12:41:54 | Simulation update: decoder round 1249204, completed instructions: 17589/54952, actively running or decoding instructions: 4, waiting windows: 13/114894. Max active instruction index: 17585
2024-11-14 12:42:04 | Simulation update: decoder round 1296190, completed instructions: 18240/54952, actively running or decoding instructions: 2, waiting windows: 18/119229. Max active instruction index: 18236
2024-11-14 12:42:14 | Simulation update: decoder round 1342215, completed instructions: 18890/54952, actively running or decoding instructions: 2, waiting windows: 14/123556. Max active instruction index: 18886
2024-11-14 12:42:24 | Simulation update: decoder round 1388640, completed instructions: 19543/54952, actively running or decoding instructions: 3, waiting windows: 15/127856. Max active instruction index: 19540
2024-11-14 12:42:34 | Simulation update: decoder round 1434859, completed instructions: 20178/54952, actively running or decoding instructions: 2, waiting windows: 18/132087. Max active instruction index: 20174
2024-11-14 12:42:44 | Simulation update: decoder round 1481777, completed instructions: 20881/54952, actively running or decoding instructions: 2, waiting windows: 8/136505. Max active instruction index: 20878
2024-11-14 12:42:54 | Simulation update: decoder round 1527552, completed instructions: 21525/54952, actively running or decoding instructions: 2, waiting windows: 16/140823. Max active instruction index: 21521
2024-11-14 12:43:04 | Simulation update: decoder round 1574133, completed instructions: 22198/54952, actively running or decoding instructions: 3, waiting windows: 14/145084. Max active instruction index: 22195
2024-11-14 12:43:14 | Simulation update: decoder round 1620856, completed instructions: 22829/54952, actively running or decoding instructions: 2, waiting windows: 16/149271. Max active instruction index: 22825
2024-11-14 12:43:24 | Simulation update: decoder round 1662212, completed instructions: 23387/54952, actively running or decoding instructions: 2, waiting windows: 15/153048. Max active instruction index: 23383
2024-11-14 12:43:34 | Simulation update: decoder round 1707234, completed instructions: 24007/54952, actively running or decoding instructions: 3, waiting windows: 13/157328. Max active instruction index: 24003
2024-11-14 12:43:44 | Simulation update: decoder round 1752948, completed instructions: 24621/54952, actively running or decoding instructions: 2, waiting windows: 13/161554. Max active instruction index: 24617
2024-11-14 12:43:54 | Simulation update: decoder round 1799108, completed instructions: 25268/54952, actively running or decoding instructions: 2, waiting windows: 16/165756. Max active instruction index: 25264
2024-11-14 12:44:04 | Simulation update: decoder round 1845439, completed instructions: 25935/54952, actively running or decoding instructions: 2, waiting windows: 15/170034. Max active instruction index: 25931
2024-11-14 12:44:14 | Simulation update: decoder round 1892041, completed instructions: 26550/54952, actively running or decoding instructions: 2, waiting windows: 15/174160. Max active instruction index: 26546
2024-11-14 12:44:24 | Simulation update: decoder round 1937177, completed instructions: 27144/54952, actively running or decoding instructions: 2, waiting windows: 14/178296. Max active instruction index: 27140
2024-11-14 12:44:34 | Simulation update: decoder round 1983076, completed instructions: 27792/54952, actively running or decoding instructions: 4, waiting windows: 12/182574. Max active instruction index: 27788
2024-11-14 12:44:44 | Simulation update: decoder round 2029800, completed instructions: 28430/54952, actively running or decoding instructions: 3, waiting windows: 18/186795. Max active instruction index: 28426
2024-11-14 12:44:54 | Simulation update: decoder round 2076835, completed instructions: 29111/54952, actively running or decoding instructions: 3, waiting windows: 16/191103. Max active instruction index: 29107
2024-11-14 12:45:04 | Simulation update: decoder round 2123905, completed instructions: 29748/54952, actively running or decoding instructions: 3, waiting windows: 10/195377. Max active instruction index: 29745
2024-11-14 12:45:14 | Simulation update: decoder round 2171116, completed instructions: 30422/54952, actively running or decoding instructions: 2, waiting windows: 15/199648. Max active instruction index: 30418
2024-11-14 12:45:24 | Simulation update: decoder round 2218033, completed instructions: 31072/54952, actively running or decoding instructions: 3, waiting windows: 14/203994. Max active instruction index: 31068
2024-11-14 12:45:34 | Simulation update: decoder round 2264410, completed instructions: 31715/54952, actively running or decoding instructions: 3, waiting windows: 17/208306. Max active instruction index: 31711
2024-11-14 12:45:44 | Simulation update: decoder round 2311801, completed instructions: 32427/54952, actively running or decoding instructions: 4, waiting windows: 16/212707. Max active instruction index: 32429
2024-11-14 12:45:54 | Simulation update: decoder round 2359459, completed instructions: 33104/54952, actively running or decoding instructions: 2, waiting windows: 10/216967. Max active instruction index: 33101
2024-11-14 12:46:04 | Simulation update: decoder round 2400562, completed instructions: 33677/54952, actively running or decoding instructions: 3, waiting windows: 18/220665. Max active instruction index: 33678
2024-11-14 12:46:14 | Simulation update: decoder round 2447177, completed instructions: 34328/54952, actively running or decoding instructions: 3, waiting windows: 18/224931. Max active instruction index: 34325
2024-11-14 12:46:24 | Simulation update: decoder round 2494320, completed instructions: 35000/54952, actively running or decoding instructions: 2, waiting windows: 17/229219. Max active instruction index: 34996
2024-11-14 12:46:34 | Simulation update: decoder round 2541073, completed instructions: 35644/54952, actively running or decoding instructions: 2, waiting windows: 15/233497. Max active instruction index: 35640
2024-11-14 12:46:44 | Simulation update: decoder round 2586593, completed instructions: 36249/54952, actively running or decoding instructions: 2, waiting windows: 16/237727. Max active instruction index: 36245
2024-11-14 12:46:54 | Simulation update: decoder round 2633057, completed instructions: 36892/54952, actively running or decoding instructions: 2, waiting windows: 10/241998. Max active instruction index: 36889
2024-11-14 12:47:04 | Simulation update: decoder round 2679825, completed instructions: 37560/54952, actively running or decoding instructions: 2, waiting windows: 12/246361. Max active instruction index: 37556
2024-11-14 12:47:14 | Simulation update: decoder round 2726872, completed instructions: 38206/54952, actively running or decoding instructions: 2, waiting windows: 18/250627. Max active instruction index: 38202
2024-11-14 12:47:24 | Simulation update: decoder round 2772252, completed instructions: 38836/54952, actively running or decoding instructions: 2, waiting windows: 14/254712. Max active instruction index: 38832
2024-11-14 12:47:34 | Simulation update: decoder round 2816724, completed instructions: 39448/54952, actively running or decoding instructions: 2, waiting windows: 17/258878. Max active instruction index: 39444
2024-11-14 12:47:44 | Simulation update: decoder round 2860808, completed instructions: 40051/54952, actively running or decoding instructions: 3, waiting windows: 21/263030. Max active instruction index: 40047
2024-11-14 12:47:54 | Simulation update: decoder round 2905497, completed instructions: 40676/54952, actively running or decoding instructions: 4, waiting windows: 15/267224. Max active instruction index: 40672
2024-11-14 12:48:04 | Simulation update: decoder round 2950274, completed instructions: 41289/54952, actively running or decoding instructions: 3, waiting windows: 15/271329. Max active instruction index: 41285
2024-11-14 12:48:14 | Simulation update: decoder round 2995087, completed instructions: 41887/54952, actively running or decoding instructions: 4, waiting windows: 8/275495. Max active instruction index: 41887
2024-11-14 12:48:24 | Simulation update: decoder round 3040603, completed instructions: 42526/54952, actively running or decoding instructions: 3, waiting windows: 14/279667. Max active instruction index: 42523
2024-11-14 12:48:34 | Simulation update: decoder round 3084948, completed instructions: 43158/54952, actively running or decoding instructions: 2, waiting windows: 10/283845. Max active instruction index: 43155
2024-11-14 12:48:44 | Simulation update: decoder round 3129319, completed instructions: 43773/54952, actively running or decoding instructions: 3, waiting windows: 15/288010. Max active instruction index: 43769
2024-11-14 12:48:54 | Simulation update: decoder round 3174116, completed instructions: 44381/54952, actively running or decoding instructions: 2, waiting windows: 14/292126. Max active instruction index: 44377
2024-11-14 12:49:04 | Simulation update: decoder round 3218797, completed instructions: 44991/54952, actively running or decoding instructions: 2, waiting windows: 12/296182. Max active instruction index: 44987
2024-11-14 12:49:14 | Simulation update: decoder round 3264953, completed instructions: 45603/54952, actively running or decoding instructions: 4, waiting windows: 13/300344. Max active instruction index: 45599
2024-11-14 12:49:24 | Simulation update: decoder round 3301994, completed instructions: 46107/54952, actively running or decoding instructions: 2, waiting windows: 15/303780. Max active instruction index: 46103
2024-11-14 12:49:34 | Simulation update: decoder round 3349453, completed instructions: 46791/54952, actively running or decoding instructions: 2, waiting windows: 17/308063. Max active instruction index: 46790
2024-11-14 12:49:44 | Simulation update: decoder round 3394841, completed instructions: 47442/54952, actively running or decoding instructions: 3, waiting windows: 16/312277. Max active instruction index: 47438
2024-11-14 12:49:54 | Simulation update: decoder round 3441297, completed instructions: 48099/54952, actively running or decoding instructions: 2, waiting windows: 18/316579. Max active instruction index: 48095
2024-11-14 12:50:04 | Simulation update: decoder round 3487846, completed instructions: 48757/54952, actively running or decoding instructions: 4, waiting windows: 18/320863. Max active instruction index: 48758
2024-11-14 12:50:14 | Simulation update: decoder round 3534675, completed instructions: 49418/54952, actively running or decoding instructions: 2, waiting windows: 18/325164. Max active instruction index: 49414
2024-11-14 12:50:24 | Simulation update: decoder round 3581320, completed instructions: 50089/54952, actively running or decoding instructions: 4, waiting windows: 15/329450. Max active instruction index: 50090
2024-11-14 12:50:34 | Simulation update: decoder round 3627628, completed instructions: 50730/54952, actively running or decoding instructions: 2, waiting windows: 16/333661. Max active instruction index: 50726
2024-11-14 12:50:44 | Simulation update: decoder round 3675160, completed instructions: 51405/54952, actively running or decoding instructions: 3, waiting windows: 15/338038. Max active instruction index: 51401
2024-11-14 12:50:54 | Simulation update: decoder round 3721165, completed instructions: 52023/54952, actively running or decoding instructions: 2, waiting windows: 17/342233. Max active instruction index: 52019
2024-11-14 12:51:04 | Simulation update: decoder round 3768242, completed instructions: 52678/54952, actively running or decoding instructions: 2, waiting windows: 14/346504. Max active instruction index: 52674
2024-11-14 12:51:14 | Simulation update: decoder round 3814850, completed instructions: 53329/54952, actively running or decoding instructions: 2, waiting windows: 16/350871. Max active instruction index: 53325
2024-11-14 12:51:24 | Simulation update: decoder round 3861612, completed instructions: 53987/54952, actively running or decoding instructions: 2, waiting windows: 17/355103. Max active instruction index: 53983
2024-11-14 12:51:34 | Simulation update: decoder round 3907297, completed instructions: 54614/54952, actively running or decoding instructions: 2, waiting windows: 15/359281. Max active instruction index: 54610
2024-11-14 12:51:39 | Finished simulation
2024-11-14 12:51:54 | Finished saving output. Done! Total elapsed time: 0:14:39.125676
