CONFIG 168
benchmark_file: slurm/data/20241114_123625/benchmarks/rz_seq_100.lss
decoder_latency_or_dist_filename: lambda volume: volume*5.994842503189409
distance: 21
lightweight_setting: 1
max_parallel_processes: None
missed_speculation_modifier: 1.4
poison_policy: successors
rng: 0
scheduling_method: parallel
speculation_accuracy: 0.5
speculation_latency: 1
speculation_mode: separate
2024-11-14 12:36:41 | Loading benchmark slurm/data/20241114_123625/benchmarks/rz_seq_100.lss...
2024-11-14 12:36:45 | Starting simulation
2024-11-14 12:36:50 | Simulation update: decoder round 1, completed instructions: 0/54952, actively running or decoding instructions: 1, waiting windows: 0/0. Max active instruction index: 0
2024-11-14 12:37:00 | Simulation update: decoder round 45697, completed instructions: 350/54952, actively running or decoding instructions: 4, waiting windows: 2015/4117. Max active instruction index: 346
2024-11-14 12:37:10 | Simulation update: decoder round 91814, completed instructions: 699/54952, actively running or decoding instructions: 3, waiting windows: 4022/8222. Max active instruction index: 695
2024-11-14 12:37:20 | Simulation update: decoder round 137497, completed instructions: 1058/54952, actively running or decoding instructions: 2, waiting windows: 6015/12347. Max active instruction index: 1054
2024-11-14 12:37:30 | Simulation update: decoder round 183185, completed instructions: 1408/54952, actively running or decoding instructions: 3, waiting windows: 8024/16481. Max active instruction index: 1404
2024-11-14 12:37:40 | Simulation update: decoder round 231283, completed instructions: 1777/54952, actively running or decoding instructions: 4, waiting windows: 9959/20474. Max active instruction index: 1773
2024-11-14 12:37:50 | Simulation update: decoder round 274913, completed instructions: 2115/54952, actively running or decoding instructions: 3, waiting windows: 11867/24399. Max active instruction index: 2111
2024-11-14 12:38:00 | Simulation update: decoder round 319280, completed instructions: 2459/54952, actively running or decoding instructions: 3, waiting windows: 13894/28575. Max active instruction index: 2455
2024-11-14 12:38:10 | Simulation update: decoder round 364700, completed instructions: 2793/54952, actively running or decoding instructions: 3, waiting windows: 15899/32689. Max active instruction index: 2789
2024-11-14 12:38:20 | Simulation update: decoder round 409365, completed instructions: 3110/54952, actively running or decoding instructions: 3, waiting windows: 17915/36827. Max active instruction index: 3106
2024-11-14 12:38:30 | Simulation update: decoder round 455546, completed instructions: 3471/54952, actively running or decoding instructions: 3, waiting windows: 19891/40900. Max active instruction index: 3467
2024-11-14 12:38:40 | Simulation update: decoder round 502285, completed instructions: 3823/54952, actively running or decoding instructions: 2, waiting windows: 21871/44982. Max active instruction index: 3819
2024-11-14 12:38:50 | Simulation update: decoder round 547079, completed instructions: 4153/54952, actively running or decoding instructions: 3, waiting windows: 23888/49144. Max active instruction index: 4149
2024-11-14 12:39:00 | Simulation update: decoder round 593178, completed instructions: 4506/54952, actively running or decoding instructions: 3, waiting windows: 25878/53240. Max active instruction index: 4502
2024-11-14 12:39:10 | Simulation update: decoder round 639068, completed instructions: 4861/54952, actively running or decoding instructions: 2, waiting windows: 27857/57324. Max active instruction index: 4857
2024-11-14 12:39:20 | Simulation update: decoder round 685156, completed instructions: 5201/54952, actively running or decoding instructions: 4, waiting windows: 29854/61445. Max active instruction index: 5197
2024-11-14 12:39:30 | Simulation update: decoder round 731235, completed instructions: 5540/54952, actively running or decoding instructions: 2, waiting windows: 31851/65536. Max active instruction index: 5536
2024-11-14 12:39:40 | Simulation update: decoder round 775535, completed instructions: 5869/54952, actively running or decoding instructions: 3, waiting windows: 33883/69709. Max active instruction index: 5865
2024-11-14 12:39:50 | Simulation update: decoder round 820366, completed instructions: 6196/54952, actively running or decoding instructions: 3, waiting windows: 35889/73829. Max active instruction index: 6192
2024-11-14 12:40:00 | Simulation update: decoder round 865358, completed instructions: 6530/54952, actively running or decoding instructions: 3, waiting windows: 37897/77966. Max active instruction index: 6526
2024-11-14 12:40:10 | Simulation update: decoder round 909753, completed instructions: 6867/54952, actively running or decoding instructions: 2, waiting windows: 39921/82126. Max active instruction index: 6863
2024-11-14 12:40:20 | Simulation update: decoder round 955014, completed instructions: 7209/54952, actively running or decoding instructions: 3, waiting windows: 41936/86270. Max active instruction index: 7205
2024-11-14 12:40:30 | Simulation update: decoder round 1000426, completed instructions: 7562/54952, actively running or decoding instructions: 3, waiting windows: 43925/90376. Max active instruction index: 7558
2024-11-14 12:40:40 | Simulation update: decoder round 1042235, completed instructions: 7895/54952, actively running or decoding instructions: 3, waiting windows: 45808/94267. Max active instruction index: 7891
2024-11-14 12:40:50 | Simulation update: decoder round 1087857, completed instructions: 8235/54952, actively running or decoding instructions: 3, waiting windows: 47798/98369. Max active instruction index: 8231
2024-11-14 12:41:00 | Simulation update: decoder round 1133041, completed instructions: 8588/54952, actively running or decoding instructions: 2, waiting windows: 49794/102484. Max active instruction index: 8584
2024-11-14 12:41:10 | Simulation update: decoder round 1178339, completed instructions: 8926/54952, actively running or decoding instructions: 3, waiting windows: 51805/106623. Max active instruction index: 8922
2024-11-14 12:41:20 | Simulation update: decoder round 1224243, completed instructions: 9262/54952, actively running or decoding instructions: 2, waiting windows: 53775/110706. Max active instruction index: 9259
2024-11-14 12:41:30 | Simulation update: decoder round 1269571, completed instructions: 9609/54952, actively running or decoding instructions: 2, waiting windows: 55792/114831. Max active instruction index: 9606
2024-11-14 12:41:40 | Simulation update: decoder round 1315267, completed instructions: 9961/54952, actively running or decoding instructions: 2, waiting windows: 57785/118942. Max active instruction index: 9957
2024-11-14 12:41:50 | Simulation update: decoder round 1360059, completed instructions: 10283/54952, actively running or decoding instructions: 2, waiting windows: 59784/123078. Max active instruction index: 10280
2024-11-14 12:42:00 | Simulation update: decoder round 1406117, completed instructions: 10644/54952, actively running or decoding instructions: 2, waiting windows: 61770/127154. Max active instruction index: 10641
2024-11-14 12:42:10 | Simulation update: decoder round 1451849, completed instructions: 11015/54952, actively running or decoding instructions: 2, waiting windows: 63754/131242. Max active instruction index: 11011
2024-11-14 12:42:20 | Simulation update: decoder round 1497548, completed instructions: 11356/54952, actively running or decoding instructions: 2, waiting windows: 65739/135327. Max active instruction index: 11352
2024-11-14 12:42:30 | Simulation update: decoder round 1543049, completed instructions: 11705/54952, actively running or decoding instructions: 4, waiting windows: 67724/139409. Max active instruction index: 11706
2024-11-14 12:42:40 | Simulation update: decoder round 1587623, completed instructions: 12032/54952, actively running or decoding instructions: 3, waiting windows: 69742/143560. Max active instruction index: 12028
2024-11-14 12:42:50 | Simulation update: decoder round 1634183, completed instructions: 12385/54952, actively running or decoding instructions: 3, waiting windows: 71722/147633. Max active instruction index: 12381
2024-11-14 12:43:00 | Simulation update: decoder round 1678930, completed instructions: 12726/54952, actively running or decoding instructions: 3, waiting windows: 73739/151778. Max active instruction index: 12722
2024-11-14 12:43:10 | Simulation update: decoder round 1724241, completed instructions: 13054/54952, actively running or decoding instructions: 3, waiting windows: 75752/155915. Max active instruction index: 13050
2024-11-14 12:43:20 | Simulation update: decoder round 1770221, completed instructions: 13394/54952, actively running or decoding instructions: 2, waiting windows: 77733/159994. Max active instruction index: 13390
2024-11-14 12:43:30 | Simulation update: decoder round 1815016, completed instructions: 13723/54952, actively running or decoding instructions: 2, waiting windows: 79745/164129. Max active instruction index: 13719
2024-11-14 12:43:40 | Simulation update: decoder round 1861123, completed instructions: 14069/54952, actively running or decoding instructions: 3, waiting windows: 81737/168250. Max active instruction index: 14065
2024-11-14 12:43:50 | Simulation update: decoder round 1906408, completed instructions: 14412/54952, actively running or decoding instructions: 3, waiting windows: 83741/172373. Max active instruction index: 14408
2024-11-14 12:44:00 | Simulation update: decoder round 1952023, completed instructions: 14754/54952, actively running or decoding instructions: 3, waiting windows: 85741/176477. Max active instruction index: 14750
2024-11-14 12:44:10 | Simulation update: decoder round 1993415, completed instructions: 15067/54952, actively running or decoding instructions: 2, waiting windows: 87582/180280. Max active instruction index: 15063
2024-11-14 12:44:20 | Simulation update: decoder round 2039403, completed instructions: 15405/54952, actively running or decoding instructions: 2, waiting windows: 89553/184364. Max active instruction index: 15402
2024-11-14 12:44:30 | Simulation update: decoder round 2085057, completed instructions: 15739/54952, actively running or decoding instructions: 4, waiting windows: 91581/188507. Max active instruction index: 15735
2024-11-14 12:44:40 | Simulation update: decoder round 2130597, completed instructions: 16081/54952, actively running or decoding instructions: 3, waiting windows: 93596/192647. Max active instruction index: 16077
2024-11-14 12:44:50 | Simulation update: decoder round 2176347, completed instructions: 16426/54952, actively running or decoding instructions: 3, waiting windows: 95590/196764. Max active instruction index: 16422
2024-11-14 12:45:00 | Simulation update: decoder round 2222770, completed instructions: 16773/54952, actively running or decoding instructions: 3, waiting windows: 97582/200856. Max active instruction index: 16769
2024-11-14 12:45:10 | Simulation update: decoder round 2267793, completed instructions: 17125/54952, actively running or decoding instructions: 2, waiting windows: 99603/205012. Max active instruction index: 17121
2024-11-14 12:45:20 | Simulation update: decoder round 2313251, completed instructions: 17480/54952, actively running or decoding instructions: 3, waiting windows: 101597/209140. Max active instruction index: 17476
2024-11-14 12:45:30 | Simulation update: decoder round 2359909, completed instructions: 17832/54952, actively running or decoding instructions: 4, waiting windows: 103569/213218. Max active instruction index: 17828
2024-11-14 12:45:40 | Simulation update: decoder round 2405585, completed instructions: 18179/54952, actively running or decoding instructions: 3, waiting windows: 105582/217347. Max active instruction index: 18175
2024-11-14 12:45:50 | Simulation update: decoder round 2450448, completed instructions: 18513/54952, actively running or decoding instructions: 5, waiting windows: 107596/221501. Max active instruction index: 18509
2024-11-14 12:46:00 | Simulation update: decoder round 2495647, completed instructions: 18853/54952, actively running or decoding instructions: 3, waiting windows: 109627/225662. Max active instruction index: 18849
2024-11-14 12:46:10 | Simulation update: decoder round 2540028, completed instructions: 19179/54952, actively running or decoding instructions: 2, waiting windows: 111650/229821. Max active instruction index: 19175
2024-11-14 12:46:20 | Simulation update: decoder round 2585771, completed instructions: 19534/54952, actively running or decoding instructions: 4, waiting windows: 113628/233916. Max active instruction index: 19530
2024-11-14 12:46:30 | Simulation update: decoder round 2630896, completed instructions: 19879/54952, actively running or decoding instructions: 2, waiting windows: 115643/238056. Max active instruction index: 19875
2024-11-14 12:46:40 | Simulation update: decoder round 2677053, completed instructions: 20228/54952, actively running or decoding instructions: 3, waiting windows: 117617/242124. Max active instruction index: 20224
2024-11-14 12:46:50 | Simulation update: decoder round 2721637, completed instructions: 20571/54952, actively running or decoding instructions: 3, waiting windows: 119630/246260. Max active instruction index: 20567
2024-11-14 12:47:00 | Simulation update: decoder round 2767105, completed instructions: 20899/54952, actively running or decoding instructions: 2, waiting windows: 121648/250399. Max active instruction index: 20895
2024-11-14 12:47:10 | Simulation update: decoder round 2812009, completed instructions: 21236/54952, actively running or decoding instructions: 3, waiting windows: 123671/254562. Max active instruction index: 21232
2024-11-14 12:47:20 | Simulation update: decoder round 2856501, completed instructions: 21564/54952, actively running or decoding instructions: 2, waiting windows: 125690/258711. Max active instruction index: 21560
2024-11-14 12:47:30 | Simulation update: decoder round 2902194, completed instructions: 21912/54952, actively running or decoding instructions: 3, waiting windows: 127695/262835. Max active instruction index: 21908
2024-11-14 12:47:40 | Simulation update: decoder round 2947874, completed instructions: 22267/54952, actively running or decoding instructions: 2, waiting windows: 129697/266952. Max active instruction index: 22263
2024-11-14 12:47:50 | Simulation update: decoder round 2994122, completed instructions: 22624/54952, actively running or decoding instructions: 2, waiting windows: 131671/271021. Max active instruction index: 22620
2024-11-14 12:48:00 | Simulation update: decoder round 3039957, completed instructions: 22960/54952, actively running or decoding instructions: 4, waiting windows: 133668/275130. Max active instruction index: 22956
2024-11-14 12:48:10 | Simulation update: decoder round 3086270, completed instructions: 23329/54952, actively running or decoding instructions: 3, waiting windows: 135651/279230. Max active instruction index: 23325
2024-11-14 12:48:21 | Simulation update: decoder round 3127291, completed instructions: 23636/54952, actively running or decoding instructions: 3, waiting windows: 137504/283033. Max active instruction index: 23632
2024-11-14 12:48:31 | Simulation update: decoder round 3171146, completed instructions: 23964/54952, actively running or decoding instructions: 3, waiting windows: 139523/287184. Max active instruction index: 23960
2024-11-14 12:48:41 | Simulation update: decoder round 3216132, completed instructions: 24294/54952, actively running or decoding instructions: 3, waiting windows: 141538/291329. Max active instruction index: 24290
2024-11-14 12:48:51 | Simulation update: decoder round 3262593, completed instructions: 24650/54952, actively running or decoding instructions: 2, waiting windows: 143526/295414. Max active instruction index: 24646
2024-11-14 12:49:01 | Simulation update: decoder round 3308442, completed instructions: 25008/54952, actively running or decoding instructions: 3, waiting windows: 145524/299529. Max active instruction index: 25004
2024-11-14 12:49:11 | Simulation update: decoder round 3353241, completed instructions: 25345/54952, actively running or decoding instructions: 2, waiting windows: 147547/303700. Max active instruction index: 25341
2024-11-14 12:49:21 | Simulation update: decoder round 3398191, completed instructions: 25679/54952, actively running or decoding instructions: 2, waiting windows: 149562/307845. Max active instruction index: 25675
2024-11-14 12:49:31 | Simulation update: decoder round 3444744, completed instructions: 26040/54952, actively running or decoding instructions: 3, waiting windows: 151545/311950. Max active instruction index: 26037
2024-11-14 12:49:41 | Simulation update: decoder round 3491657, completed instructions: 26388/54952, actively running or decoding instructions: 3, waiting windows: 153536/316040. Max active instruction index: 26384
2024-11-14 12:49:51 | Simulation update: decoder round 3536620, completed instructions: 26728/54952, actively running or decoding instructions: 2, waiting windows: 155558/320201. Max active instruction index: 26724
2024-11-14 12:50:01 | Simulation update: decoder round 3582500, completed instructions: 27074/54952, actively running or decoding instructions: 2, waiting windows: 157549/324308. Max active instruction index: 27070
2024-11-14 12:50:11 | Simulation update: decoder round 3628433, completed instructions: 27438/54952, actively running or decoding instructions: 2, waiting windows: 159530/328385. Max active instruction index: 27434
2024-11-14 12:50:21 | Simulation update: decoder round 3673625, completed instructions: 27765/54952, actively running or decoding instructions: 2, waiting windows: 161542/332513. Max active instruction index: 27761
2024-11-14 12:50:31 | Simulation update: decoder round 3720134, completed instructions: 28115/54952, actively running or decoding instructions: 3, waiting windows: 163522/336593. Max active instruction index: 28111
2024-11-14 12:50:41 | Simulation update: decoder round 3765793, completed instructions: 28466/54952, actively running or decoding instructions: 2, waiting windows: 165523/340715. Max active instruction index: 28462
2024-11-14 12:50:51 | Simulation update: decoder round 3811744, completed instructions: 28823/54952, actively running or decoding instructions: 2, waiting windows: 167517/344813. Max active instruction index: 28819
2024-11-14 12:51:01 | Simulation update: decoder round 3857382, completed instructions: 29165/54952, actively running or decoding instructions: 2, waiting windows: 169509/348915. Max active instruction index: 29161
2024-11-14 12:51:11 | Simulation update: decoder round 3902777, completed instructions: 29491/54952, actively running or decoding instructions: 2, waiting windows: 171494/353020. Max active instruction index: 29488
2024-11-14 12:51:21 | Simulation update: decoder round 3948586, completed instructions: 29843/54952, actively running or decoding instructions: 3, waiting windows: 173497/357107. Max active instruction index: 29839
2024-11-14 12:51:31 | Simulation update: decoder round 3994705, completed instructions: 30200/54952, actively running or decoding instructions: 3, waiting windows: 175465/361193. Max active instruction index: 30196
2024-11-14 12:51:41 | Simulation update: decoder round 4040555, completed instructions: 30538/54952, actively running or decoding instructions: 2, waiting windows: 177452/365285. Max active instruction index: 30535
2024-11-14 12:51:51 | Simulation update: decoder round 4086509, completed instructions: 30878/54952, actively running or decoding instructions: 2, waiting windows: 179453/369372. Max active instruction index: 30874
2024-11-14 12:52:01 | Simulation update: decoder round 4130891, completed instructions: 31208/54952, actively running or decoding instructions: 3, waiting windows: 181474/373528. Max active instruction index: 31204
2024-11-14 12:52:11 | Simulation update: decoder round 4176167, completed instructions: 31553/54952, actively running or decoding instructions: 3, waiting windows: 183467/377632. Max active instruction index: 31549
2024-11-14 12:52:21 | Simulation update: decoder round 4222220, completed instructions: 31893/54952, actively running or decoding instructions: 3, waiting windows: 185462/381729. Max active instruction index: 31889
2024-11-14 12:52:31 | Simulation update: decoder round 4267104, completed instructions: 32229/54952, actively running or decoding instructions: 2, waiting windows: 187464/385856. Max active instruction index: 32225
2024-11-14 12:52:41 | Simulation update: decoder round 4313200, completed instructions: 32582/54952, actively running or decoding instructions: 2, waiting windows: 189439/389924. Max active instruction index: 32578
2024-11-14 12:52:51 | Simulation update: decoder round 4358590, completed instructions: 32921/54952, actively running or decoding instructions: 2, waiting windows: 191443/394048. Max active instruction index: 32917
2024-11-14 12:53:01 | Simulation update: decoder round 4405832, completed instructions: 33282/54952, actively running or decoding instructions: 2, waiting windows: 193406/398102. Max active instruction index: 33278
2024-11-14 12:53:11 | Simulation update: decoder round 4451293, completed instructions: 33625/54952, actively running or decoding instructions: 3, waiting windows: 195399/402216. Max active instruction index: 33622
2024-11-14 12:53:21 | Simulation update: decoder round 4497427, completed instructions: 33972/54952, actively running or decoding instructions: 3, waiting windows: 197401/406316. Max active instruction index: 33968
2024-11-14 12:53:31 | Simulation update: decoder round 4536368, completed instructions: 34268/54952, actively running or decoding instructions: 2, waiting windows: 199151/409922. Max active instruction index: 34264
2024-11-14 12:53:41 | Simulation update: decoder round 4582295, completed instructions: 34614/54952, actively running or decoding instructions: 2, waiting windows: 201150/414036. Max active instruction index: 34610
2024-11-14 12:53:51 | Simulation update: decoder round 4628021, completed instructions: 34951/54952, actively running or decoding instructions: 2, waiting windows: 203153/418152. Max active instruction index: 34947
2024-11-14 12:54:01 | Simulation update: decoder round 4673887, completed instructions: 35294/54952, actively running or decoding instructions: 2, waiting windows: 205132/422229. Max active instruction index: 35290
2024-11-14 12:54:11 | Simulation update: decoder round 4719344, completed instructions: 35639/54952, actively running or decoding instructions: 4, waiting windows: 207135/426334. Max active instruction index: 35635
2024-11-14 12:54:21 | Simulation update: decoder round 4765019, completed instructions: 35991/54952, actively running or decoding instructions: 3, waiting windows: 209123/430440. Max active instruction index: 35987
2024-11-14 12:54:31 | Simulation update: decoder round 4810120, completed instructions: 36323/54952, actively running or decoding instructions: 3, waiting windows: 211147/434597. Max active instruction index: 36319
2024-11-14 12:54:41 | Simulation update: decoder round 4854709, completed instructions: 36662/54952, actively running or decoding instructions: 3, waiting windows: 213170/438759. Max active instruction index: 36658
2024-11-14 12:54:51 | Simulation update: decoder round 4901093, completed instructions: 37010/54952, actively running or decoding instructions: 2, waiting windows: 215124/442799. Max active instruction index: 37007
2024-11-14 12:55:01 | Simulation update: decoder round 4945795, completed instructions: 37340/54952, actively running or decoding instructions: 2, waiting windows: 217138/446919. Max active instruction index: 37336
2024-11-14 12:55:11 | Simulation update: decoder round 4990592, completed instructions: 37694/54952, actively running or decoding instructions: 4, waiting windows: 219127/451027. Max active instruction index: 37690
2024-11-14 12:55:21 | Simulation update: decoder round 5036415, completed instructions: 38036/54952, actively running or decoding instructions: 3, waiting windows: 221127/455127. Max active instruction index: 38032
2024-11-14 12:55:31 | Simulation update: decoder round 5082910, completed instructions: 38389/54952, actively running or decoding instructions: 3, waiting windows: 223112/459216. Max active instruction index: 38385
2024-11-14 12:55:41 | Simulation update: decoder round 5128522, completed instructions: 38719/54952, actively running or decoding instructions: 3, waiting windows: 225115/463323. Max active instruction index: 38715
2024-11-14 12:55:51 | Simulation update: decoder round 5174594, completed instructions: 39064/54952, actively running or decoding instructions: 2, waiting windows: 227096/467404. Max active instruction index: 39060
2024-11-14 12:56:01 | Simulation update: decoder round 5219136, completed instructions: 39388/54952, actively running or decoding instructions: 2, waiting windows: 229106/471545. Max active instruction index: 39384
2024-11-14 12:56:11 | Simulation update: decoder round 5264802, completed instructions: 39732/54952, actively running or decoding instructions: 3, waiting windows: 231100/475645. Max active instruction index: 39728
2024-11-14 12:56:21 | Simulation update: decoder round 5309267, completed instructions: 40067/54952, actively running or decoding instructions: 3, waiting windows: 233135/479831. Max active instruction index: 40067
2024-11-14 12:56:31 | Simulation update: decoder round 5354337, completed instructions: 40404/54952, actively running or decoding instructions: 2, waiting windows: 235142/483968. Max active instruction index: 40400
2024-11-14 12:56:41 | Simulation update: decoder round 5398860, completed instructions: 40743/54952, actively running or decoding instructions: 2, waiting windows: 237156/488120. Max active instruction index: 40739
2024-11-14 12:56:51 | Simulation update: decoder round 5444516, completed instructions: 41096/54952, actively running or decoding instructions: 2, waiting windows: 239156/492239. Max active instruction index: 41092
2024-11-14 12:57:01 | Simulation update: decoder round 5491515, completed instructions: 41441/54952, actively running or decoding instructions: 4, waiting windows: 241133/496317. Max active instruction index: 41437
2024-11-14 12:57:11 | Simulation update: decoder round 5536581, completed instructions: 41784/54952, actively running or decoding instructions: 3, waiting windows: 243150/500468. Max active instruction index: 41780
2024-11-14 12:57:21 | Simulation update: decoder round 5581990, completed instructions: 42131/54952, actively running or decoding instructions: 3, waiting windows: 245167/504619. Max active instruction index: 42128
2024-11-14 12:57:31 | Simulation update: decoder round 5628100, completed instructions: 42473/54952, actively running or decoding instructions: 4, waiting windows: 247156/508735. Max active instruction index: 42470
2024-11-14 12:57:41 | Simulation update: decoder round 5672832, completed instructions: 42804/54952, actively running or decoding instructions: 2, waiting windows: 249188/512898. Max active instruction index: 42800
2024-11-14 12:57:51 | Simulation update: decoder round 5717464, completed instructions: 43132/54952, actively running or decoding instructions: 3, waiting windows: 251206/517039. Max active instruction index: 43128
2024-11-14 12:58:01 | Simulation update: decoder round 5762889, completed instructions: 43473/54952, actively running or decoding instructions: 2, waiting windows: 253214/521176. Max active instruction index: 43469
2024-11-14 12:58:11 | Simulation update: decoder round 5807700, completed instructions: 43807/54952, actively running or decoding instructions: 3, waiting windows: 255241/525345. Max active instruction index: 43803
2024-11-14 12:58:21 | Simulation update: decoder round 5853372, completed instructions: 44170/54952, actively running or decoding instructions: 2, waiting windows: 257231/529445. Max active instruction index: 44166
2024-11-14 12:58:31 | Simulation update: decoder round 5898361, completed instructions: 44493/54952, actively running or decoding instructions: 3, waiting windows: 259228/533562. Max active instruction index: 44489
2024-11-14 12:58:41 | Simulation update: decoder round 5943892, completed instructions: 44839/54952, actively running or decoding instructions: 2, waiting windows: 261238/537696. Max active instruction index: 44835
2024-11-14 12:58:51 | Simulation update: decoder round 5990708, completed instructions: 45194/54952, actively running or decoding instructions: 3, waiting windows: 263217/541773. Max active instruction index: 45190
2024-11-14 12:59:01 | Simulation update: decoder round 6036092, completed instructions: 45530/54952, actively running or decoding instructions: 2, waiting windows: 265217/545894. Max active instruction index: 45526
2024-11-14 12:59:11 | Simulation update: decoder round 6081608, completed instructions: 45877/54952, actively running or decoding instructions: 4, waiting windows: 267209/550015. Max active instruction index: 45873
2024-11-14 12:59:21 | Simulation update: decoder round 6127325, completed instructions: 46228/54952, actively running or decoding instructions: 2, waiting windows: 269225/554146. Max active instruction index: 46224
2024-11-14 12:59:31 | Simulation update: decoder round 6174185, completed instructions: 46568/54952, actively running or decoding instructions: 2, waiting windows: 271198/558217. Max active instruction index: 46564
2024-11-14 12:59:41 | Simulation update: decoder round 6212498, completed instructions: 46862/54952, actively running or decoding instructions: 3, waiting windows: 272873/561652. Max active instruction index: 46858
2024-11-14 12:59:51 | Simulation update: decoder round 6258115, completed instructions: 47202/54952, actively running or decoding instructions: 2, waiting windows: 274877/565775. Max active instruction index: 47198
2024-11-14 13:00:01 | Simulation update: decoder round 6302796, completed instructions: 47535/54952, actively running or decoding instructions: 2, waiting windows: 276899/569936. Max active instruction index: 47531
2024-11-14 13:00:11 | Simulation update: decoder round 6348177, completed instructions: 47891/54952, actively running or decoding instructions: 2, waiting windows: 278904/574058. Max active instruction index: 47887
2024-11-14 13:00:21 | Simulation update: decoder round 6393440, completed instructions: 48223/54952, actively running or decoding instructions: 2, waiting windows: 280899/578159. Max active instruction index: 48219
2024-11-14 13:00:31 | Simulation update: decoder round 6439206, completed instructions: 48584/54952, actively running or decoding instructions: 2, waiting windows: 282887/582267. Max active instruction index: 48580
2024-11-14 13:00:41 | Simulation update: decoder round 6484327, completed instructions: 48924/54952, actively running or decoding instructions: 3, waiting windows: 284908/586428. Max active instruction index: 48920
2024-11-14 13:00:51 | Simulation update: decoder round 6530008, completed instructions: 49274/54952, actively running or decoding instructions: 4, waiting windows: 286899/590521. Max active instruction index: 49274
2024-11-14 13:01:01 | Simulation update: decoder round 6575752, completed instructions: 49629/54952, actively running or decoding instructions: 3, waiting windows: 288883/594614. Max active instruction index: 49629
2024-11-14 13:01:11 | Simulation update: decoder round 6619964, completed instructions: 49957/54952, actively running or decoding instructions: 2, waiting windows: 290906/598770. Max active instruction index: 49953
2024-11-14 13:01:21 | Simulation update: decoder round 6666043, completed instructions: 50301/54952, actively running or decoding instructions: 2, waiting windows: 292884/602845. Max active instruction index: 50297
2024-11-14 13:01:31 | Simulation update: decoder round 6711503, completed instructions: 50647/54952, actively running or decoding instructions: 3, waiting windows: 294887/606963. Max active instruction index: 50643
2024-11-14 13:01:41 | Simulation update: decoder round 6757673, completed instructions: 51006/54952, actively running or decoding instructions: 2, waiting windows: 296872/611059. Max active instruction index: 51002
2024-11-14 13:01:51 | Simulation update: decoder round 6802555, completed instructions: 51349/54952, actively running or decoding instructions: 3, waiting windows: 298888/615216. Max active instruction index: 51345
2024-11-14 13:02:01 | Simulation update: decoder round 6848646, completed instructions: 51697/54952, actively running or decoding instructions: 3, waiting windows: 300873/619299. Max active instruction index: 51693
2024-11-14 13:02:11 | Simulation update: decoder round 6893626, completed instructions: 52033/54952, actively running or decoding instructions: 2, waiting windows: 302885/623440. Max active instruction index: 52029
2024-11-14 13:02:21 | Simulation update: decoder round 6939661, completed instructions: 52383/54952, actively running or decoding instructions: 2, waiting windows: 304881/627545. Max active instruction index: 52379
2024-11-14 13:02:31 | Simulation update: decoder round 6984809, completed instructions: 52714/54952, actively running or decoding instructions: 3, waiting windows: 306884/631681. Max active instruction index: 52711
2024-11-14 13:02:41 | Simulation update: decoder round 7030716, completed instructions: 53071/54952, actively running or decoding instructions: 3, waiting windows: 308896/635797. Max active instruction index: 53067
2024-11-14 13:02:51 | Simulation update: decoder round 7075455, completed instructions: 53412/54952, actively running or decoding instructions: 2, waiting windows: 310900/639937. Max active instruction index: 53409
2024-11-14 13:03:01 | Simulation update: decoder round 7121277, completed instructions: 53770/54952, actively running or decoding instructions: 2, waiting windows: 312893/644032. Max active instruction index: 53766
