CONFIG 181
benchmark_file: slurm/data/20241114_123625/benchmarks/rz_seq_100.lss
decoder_latency_or_dist_filename: lambda volume: volume*0.16681005372000587
distance: 21
lightweight_setting: 1
max_parallel_processes: None
missed_speculation_modifier: 1.4
poison_policy: successors
rng: 0
scheduling_method: sliding
speculation_accuracy: 0.6000000000000001
speculation_latency: 1
speculation_mode: separate
2024-11-14 12:36:42 | Loading benchmark slurm/data/20241114_123625/benchmarks/rz_seq_100.lss...
2024-11-14 12:36:45 | Starting simulation
2024-11-14 12:36:50 | Simulation update: decoder round 1, completed instructions: 0/54952, actively running or decoding instructions: 1, waiting windows: 0/0. Max active instruction index: 0
2024-11-14 12:37:00 | Simulation update: decoder round 97219, completed instructions: 8070/54952, actively running or decoding instructions: 3, waiting windows: 2/10536. Max active instruction index: 8072
2024-11-14 12:37:10 | Simulation update: decoder round 189988, completed instructions: 15775/54952, actively running or decoding instructions: 2, waiting windows: 3/20611. Max active instruction index: 15772
2024-11-14 12:37:20 | Simulation update: decoder round 287092, completed instructions: 23765/54952, actively running or decoding instructions: 2, waiting windows: 2/31155. Max active instruction index: 23761
2024-11-14 12:37:30 | Simulation update: decoder round 384526, completed instructions: 31809/54952, actively running or decoding instructions: 3, waiting windows: 5/41672. Max active instruction index: 31811
2024-11-14 12:37:40 | Simulation update: decoder round 475953, completed instructions: 39366/54952, actively running or decoding instructions: 2, waiting windows: 3/51591. Max active instruction index: 39362
2024-11-14 12:37:50 | Simulation update: decoder round 573131, completed instructions: 47364/54952, actively running or decoding instructions: 2, waiting windows: 1/62153. Max active instruction index: 47363
2024-11-14 12:38:00 | Finished simulation
2024-11-14 12:38:03 | Finished saving output. Done! Total elapsed time: 0:01:21.002700
