CONFIG 21
benchmark_file: slurm/data/20241114_123625/benchmarks/rz_seq_100.lss
decoder_latency_or_dist_filename: lambda volume: volume*0.16681005372000587
distance: 21
lightweight_setting: 1
max_parallel_processes: None
missed_speculation_modifier: 1.4
poison_policy: successors
rng: 0
scheduling_method: aligned
speculation_accuracy: 0.0
speculation_latency: 1
speculation_mode: separate
2024-11-14 12:36:41 | Loading benchmark slurm/data/20241114_123625/benchmarks/rz_seq_100.lss...
2024-11-14 12:36:45 | Starting simulation
2024-11-14 12:36:50 | Simulation update: decoder round 1, completed instructions: 0/54952, actively running or decoding instructions: 1, waiting windows: 0/0. Max active instruction index: 0
2024-11-14 12:37:00 | Simulation update: decoder round 90326, completed instructions: 8235/54952, actively running or decoding instructions: 3, waiting windows: 1969/9559. Max active instruction index: 8231
2024-11-14 12:37:10 | Simulation update: decoder round 176138, completed instructions: 16035/54952, actively running or decoding instructions: 4, waiting windows: 3851/18657. Max active instruction index: 16036
2024-11-14 12:37:20 | Simulation update: decoder round 266456, completed instructions: 24233/54952, actively running or decoding instructions: 3, waiting windows: 5825/28249. Max active instruction index: 24235
2024-11-14 12:37:30 | Simulation update: decoder round 357058, completed instructions: 32461/54952, actively running or decoding instructions: 4, waiting windows: 7809/37800. Max active instruction index: 32462
2024-11-14 12:37:40 | Simulation update: decoder round 447452, completed instructions: 40676/54952, actively running or decoding instructions: 4, waiting windows: 9797/47385. Max active instruction index: 40672
2024-11-14 12:37:50 | Simulation update: decoder round 531970, completed instructions: 48312/54952, actively running or decoding instructions: 4, waiting windows: 11650/56338. Max active instruction index: 48312
2024-11-14 12:37:58 | Finished simulation
2024-11-14 12:38:00 | Finished saving output. Done! Total elapsed time: 0:01:18.905683
