CONFIG 259
benchmark_file: slurm/data/20241114_123625/benchmarks/rz_seq_100.lss
decoder_latency_or_dist_filename: lambda volume: volume*10.0
distance: 21
lightweight_setting: 1
max_parallel_processes: None
missed_speculation_modifier: 1.4
poison_policy: successors
rng: 0
scheduling_method: parallel
speculation_accuracy: 0.8
speculation_latency: 1
speculation_mode: separate
2024-11-14 12:36:59 | Loading benchmark slurm/data/20241114_123625/benchmarks/rz_seq_100.lss...
2024-11-14 12:37:02 | Starting simulation
2024-11-14 12:37:08 | Simulation update: decoder round 1, completed instructions: 0/54952, actively running or decoding instructions: 1, waiting windows: 0/0. Max active instruction index: 0
2024-11-14 12:37:18 | Simulation update: decoder round 37654, completed instructions: 216/54952, actively running or decoding instructions: 2, waiting windows: 1684/3383. Max active instruction index: 212
2024-11-14 12:37:28 | Simulation update: decoder round 75876, completed instructions: 421/54952, actively running or decoding instructions: 2, waiting windows: 3352/6771. Max active instruction index: 417
2024-11-14 12:37:38 | Simulation update: decoder round 113709, completed instructions: 639/54952, actively running or decoding instructions: 4, waiting windows: 4985/10136. Max active instruction index: 635
2024-11-14 12:37:48 | Simulation update: decoder round 151252, completed instructions: 844/54952, actively running or decoding instructions: 2, waiting windows: 6663/13550. Max active instruction index: 840
2024-11-14 12:37:58 | Simulation update: decoder round 189392, completed instructions: 1070/54952, actively running or decoding instructions: 2, waiting windows: 8325/16948. Max active instruction index: 1066
2024-11-14 12:38:08 | Simulation update: decoder round 227179, completed instructions: 1286/54952, actively running or decoding instructions: 2, waiting windows: 9969/20328. Max active instruction index: 1283
2024-11-14 12:38:18 | Simulation update: decoder round 262286, completed instructions: 1479/54952, actively running or decoding instructions: 3, waiting windows: 11562/23579. Max active instruction index: 1481
2024-11-14 12:38:28 | Simulation update: decoder round 302617, completed instructions: 1733/54952, actively running or decoding instructions: 2, waiting windows: 13160/26865. Max active instruction index: 1729
2024-11-14 12:38:38 | Simulation update: decoder round 341372, completed instructions: 1960/54952, actively running or decoding instructions: 3, waiting windows: 14794/30215. Max active instruction index: 1956
2024-11-14 12:38:48 | Simulation update: decoder round 378074, completed instructions: 2158/54952, actively running or decoding instructions: 3, waiting windows: 16468/33640. Max active instruction index: 2154
2024-11-14 12:38:58 | Simulation update: decoder round 414940, completed instructions: 2378/54952, actively running or decoding instructions: 2, waiting windows: 18146/37065. Max active instruction index: 2374
2024-11-14 12:39:08 | Simulation update: decoder round 451684, completed instructions: 2564/54952, actively running or decoding instructions: 2, waiting windows: 19817/40473. Max active instruction index: 2560
2024-11-14 12:39:18 | Simulation update: decoder round 489315, completed instructions: 2783/54952, actively running or decoding instructions: 3, waiting windows: 21483/43887. Max active instruction index: 2779
2024-11-14 12:39:28 | Simulation update: decoder round 526623, completed instructions: 2983/54952, actively running or decoding instructions: 2, waiting windows: 23149/47300. Max active instruction index: 2979
2024-11-14 12:39:38 | Simulation update: decoder round 563102, completed instructions: 3188/54952, actively running or decoding instructions: 2, waiting windows: 24845/50761. Max active instruction index: 3184
2024-11-14 12:39:48 | Simulation update: decoder round 602377, completed instructions: 3410/54952, actively running or decoding instructions: 3, waiting windows: 26473/54091. Max active instruction index: 3406
2024-11-14 12:39:58 | Simulation update: decoder round 641312, completed instructions: 3625/54952, actively running or decoding instructions: 2, waiting windows: 28093/57422. Max active instruction index: 3624
2024-11-14 12:40:08 | Simulation update: decoder round 678482, completed instructions: 3839/54952, actively running or decoding instructions: 2, waiting windows: 29764/60831. Max active instruction index: 3835
2024-11-14 12:40:18 | Simulation update: decoder round 715192, completed instructions: 4037/54952, actively running or decoding instructions: 2, waiting windows: 31443/64266. Max active instruction index: 4033
2024-11-14 12:40:28 | Simulation update: decoder round 753055, completed instructions: 4263/54952, actively running or decoding instructions: 3, waiting windows: 33096/67650. Max active instruction index: 4259
2024-11-14 12:40:38 | Simulation update: decoder round 791157, completed instructions: 4474/54952, actively running or decoding instructions: 3, waiting windows: 34750/71035. Max active instruction index: 4470
2024-11-14 12:40:48 | Simulation update: decoder round 828715, completed instructions: 4672/54952, actively running or decoding instructions: 3, waiting windows: 36414/74432. Max active instruction index: 4668
2024-11-14 12:40:58 | Simulation update: decoder round 866424, completed instructions: 4883/54952, actively running or decoding instructions: 2, waiting windows: 38067/77811. Max active instruction index: 4879
2024-11-14 12:41:08 | Simulation update: decoder round 903361, completed instructions: 5085/54952, actively running or decoding instructions: 2, waiting windows: 39737/81224. Max active instruction index: 5081
2024-11-14 12:41:18 | Simulation update: decoder round 942397, completed instructions: 5300/54952, actively running or decoding instructions: 3, waiting windows: 41371/84572. Max active instruction index: 5296
2024-11-14 12:41:28 | Simulation update: decoder round 980904, completed instructions: 5517/54952, actively running or decoding instructions: 3, waiting windows: 43030/87951. Max active instruction index: 5513
2024-11-14 12:41:38 | Simulation update: decoder round 1017755, completed instructions: 5729/54952, actively running or decoding instructions: 2, waiting windows: 44695/91356. Max active instruction index: 5725
2024-11-14 12:41:48 | Simulation update: decoder round 1054205, completed instructions: 5928/54952, actively running or decoding instructions: 3, waiting windows: 46372/94794. Max active instruction index: 5924
2024-11-14 12:41:58 | Simulation update: decoder round 1088968, completed instructions: 6117/54952, actively running or decoding instructions: 2, waiting windows: 47931/97973. Max active instruction index: 6114
2024-11-14 12:42:08 | Simulation update: decoder round 1126462, completed instructions: 6319/54952, actively running or decoding instructions: 3, waiting windows: 49603/101385. Max active instruction index: 6315
2024-11-14 12:42:18 | Simulation update: decoder round 1163594, completed instructions: 6519/54952, actively running or decoding instructions: 3, waiting windows: 51264/104774. Max active instruction index: 6515
2024-11-14 12:42:28 | Simulation update: decoder round 1199677, completed instructions: 6710/54952, actively running or decoding instructions: 2, waiting windows: 52958/108236. Max active instruction index: 6706
2024-11-14 12:42:38 | Simulation update: decoder round 1237346, completed instructions: 6920/54952, actively running or decoding instructions: 2, waiting windows: 54624/111637. Max active instruction index: 6916
2024-11-14 12:42:48 | Simulation update: decoder round 1274749, completed instructions: 7130/54952, actively running or decoding instructions: 2, waiting windows: 56282/115041. Max active instruction index: 7126
2024-11-14 12:42:58 | Simulation update: decoder round 1312696, completed instructions: 7356/54952, actively running or decoding instructions: 3, waiting windows: 57939/118425. Max active instruction index: 7352
2024-11-14 12:43:08 | Simulation update: decoder round 1350217, completed instructions: 7562/54952, actively running or decoding instructions: 3, waiting windows: 59607/121828. Max active instruction index: 7558
2024-11-14 12:43:18 | Simulation update: decoder round 1386945, completed instructions: 7771/54952, actively running or decoding instructions: 3, waiting windows: 61306/125302. Max active instruction index: 7767
2024-11-14 12:43:28 | Simulation update: decoder round 1424126, completed instructions: 7989/54952, actively running or decoding instructions: 2, waiting windows: 62976/128725. Max active instruction index: 7989
2024-11-14 12:43:38 | Simulation update: decoder round 1462072, completed instructions: 8197/54952, actively running or decoding instructions: 2, waiting windows: 64641/132122. Max active instruction index: 8193
2024-11-14 12:43:48 | Simulation update: decoder round 1499817, completed instructions: 8407/54952, actively running or decoding instructions: 4, waiting windows: 66299/135531. Max active instruction index: 8403
2024-11-14 12:43:58 | Simulation update: decoder round 1536674, completed instructions: 8615/54952, actively running or decoding instructions: 3, waiting windows: 67979/138938. Max active instruction index: 8611
2024-11-14 12:44:08 | Simulation update: decoder round 1574286, completed instructions: 8810/54952, actively running or decoding instructions: 3, waiting windows: 69645/142347. Max active instruction index: 8806
2024-11-14 12:44:18 | Simulation update: decoder round 1612466, completed instructions: 9012/54952, actively running or decoding instructions: 3, waiting windows: 71288/145707. Max active instruction index: 9008
2024-11-14 12:44:28 | Simulation update: decoder round 1649685, completed instructions: 9236/54952, actively running or decoding instructions: 3, waiting windows: 72946/149105. Max active instruction index: 9232
2024-11-14 12:44:38 | Simulation update: decoder round 1687512, completed instructions: 9447/54952, actively running or decoding instructions: 2, waiting windows: 74598/152497. Max active instruction index: 9444
2024-11-14 12:44:48 | Simulation update: decoder round 1725995, completed instructions: 9656/54952, actively running or decoding instructions: 3, waiting windows: 76273/155901. Max active instruction index: 9652
2024-11-14 12:44:58 | Simulation update: decoder round 1763829, completed instructions: 9870/54952, actively running or decoding instructions: 2, waiting windows: 77927/159286. Max active instruction index: 9866
2024-11-14 12:45:08 | Simulation update: decoder round 1800113, completed instructions: 10067/54952, actively running or decoding instructions: 3, waiting windows: 79618/162733. Max active instruction index: 10063
2024-11-14 12:45:18 | Simulation update: decoder round 1837098, completed instructions: 10263/54952, actively running or decoding instructions: 3, waiting windows: 81305/166185. Max active instruction index: 10259
2024-11-14 12:45:28 | Simulation update: decoder round 1874969, completed instructions: 10472/54952, actively running or decoding instructions: 4, waiting windows: 82939/169550. Max active instruction index: 10469
2024-11-14 12:45:38 | Simulation update: decoder round 1914202, completed instructions: 10690/54952, actively running or decoding instructions: 2, waiting windows: 84590/172904. Max active instruction index: 10686
2024-11-14 12:45:48 | Simulation update: decoder round 1951405, completed instructions: 10900/54952, actively running or decoding instructions: 4, waiting windows: 86264/176311. Max active instruction index: 10901
2024-11-14 12:45:58 | Simulation update: decoder round 1989280, completed instructions: 11131/54952, actively running or decoding instructions: 3, waiting windows: 87907/179683. Max active instruction index: 11127
2024-11-14 12:46:08 | Simulation update: decoder round 2023854, completed instructions: 11330/54952, actively running or decoding instructions: 2, waiting windows: 89429/182801. Max active instruction index: 11326
2024-11-14 12:46:18 | Simulation update: decoder round 2061875, completed instructions: 11551/54952, actively running or decoding instructions: 3, waiting windows: 91073/186168. Max active instruction index: 11547
2024-11-14 12:46:28 | Simulation update: decoder round 2099245, completed instructions: 11750/54952, actively running or decoding instructions: 3, waiting windows: 92751/189584. Max active instruction index: 11746
2024-11-14 12:46:38 | Simulation update: decoder round 2135616, completed instructions: 11940/54952, actively running or decoding instructions: 2, waiting windows: 94443/193036. Max active instruction index: 11936
2024-11-14 12:46:48 | Simulation update: decoder round 2173906, completed instructions: 12151/54952, actively running or decoding instructions: 2, waiting windows: 96100/196422. Max active instruction index: 12147
2024-11-14 12:46:58 | Simulation update: decoder round 2211826, completed instructions: 12342/54952, actively running or decoding instructions: 2, waiting windows: 97748/199791. Max active instruction index: 12338
2024-11-14 12:47:08 | Simulation update: decoder round 2249082, completed instructions: 12534/54952, actively running or decoding instructions: 3, waiting windows: 99422/203206. Max active instruction index: 12530
2024-11-14 12:47:18 | Simulation update: decoder round 2285577, completed instructions: 12742/54952, actively running or decoding instructions: 2, waiting windows: 101109/206648. Max active instruction index: 12738
2024-11-14 12:47:28 | Simulation update: decoder round 2322721, completed instructions: 12945/54952, actively running or decoding instructions: 3, waiting windows: 102785/210071. Max active instruction index: 12941
2024-11-14 12:47:38 | Simulation update: decoder round 2361095, completed instructions: 13143/54952, actively running or decoding instructions: 4, waiting windows: 104437/213442. Max active instruction index: 13139
2024-11-14 12:47:48 | Simulation update: decoder round 2398861, completed instructions: 13349/54952, actively running or decoding instructions: 4, waiting windows: 106104/216845. Max active instruction index: 13350
2024-11-14 12:47:58 | Simulation update: decoder round 2435627, completed instructions: 13564/54952, actively running or decoding instructions: 2, waiting windows: 107781/220285. Max active instruction index: 13560
2024-11-14 12:48:08 | Simulation update: decoder round 2473003, completed instructions: 13773/54952, actively running or decoding instructions: 3, waiting windows: 109437/223672. Max active instruction index: 13769
2024-11-14 12:48:18 | Simulation update: decoder round 2511123, completed instructions: 13990/54952, actively running or decoding instructions: 3, waiting windows: 111104/227084. Max active instruction index: 13986
2024-11-14 12:48:28 | Simulation update: decoder round 2548929, completed instructions: 14173/54952, actively running or decoding instructions: 2, waiting windows: 112742/230436. Max active instruction index: 14169
2024-11-14 12:48:38 | Simulation update: decoder round 2585816, completed instructions: 14402/54952, actively running or decoding instructions: 2, waiting windows: 114417/233855. Max active instruction index: 14398
2024-11-14 12:48:48 | Simulation update: decoder round 2624048, completed instructions: 14627/54952, actively running or decoding instructions: 2, waiting windows: 116085/237263. Max active instruction index: 14623
2024-11-14 12:48:58 | Simulation update: decoder round 2661431, completed instructions: 14832/54952, actively running or decoding instructions: 2, waiting windows: 117737/240638. Max active instruction index: 14828
2024-11-14 12:49:08 | Simulation update: decoder round 2698666, completed instructions: 15042/54952, actively running or decoding instructions: 3, waiting windows: 119392/244026. Max active instruction index: 15038
2024-11-14 12:49:18 | Simulation update: decoder round 2737400, completed instructions: 15261/54952, actively running or decoding instructions: 4, waiting windows: 121023/247387. Max active instruction index: 15257
2024-11-14 12:49:28 | Simulation update: decoder round 2774532, completed instructions: 15459/54952, actively running or decoding instructions: 2, waiting windows: 122700/250804. Max active instruction index: 15455
2024-11-14 12:49:38 | Simulation update: decoder round 2811937, completed instructions: 15662/54952, actively running or decoding instructions: 3, waiting windows: 124385/254248. Max active instruction index: 15658
2024-11-14 12:49:48 | Simulation update: decoder round 2849623, completed instructions: 15886/54952, actively running or decoding instructions: 3, waiting windows: 126052/257671. Max active instruction index: 15882
2024-11-14 12:49:58 | Simulation update: decoder round 2887470, completed instructions: 16086/54952, actively running or decoding instructions: 2, waiting windows: 127714/261065. Max active instruction index: 16082
2024-11-14 12:50:08 | Simulation update: decoder round 2924630, completed instructions: 16298/54952, actively running or decoding instructions: 3, waiting windows: 129393/264502. Max active instruction index: 16295
2024-11-14 12:50:18 | Simulation update: decoder round 2963486, completed instructions: 16510/54952, actively running or decoding instructions: 2, waiting windows: 131034/267855. Max active instruction index: 16506
2024-11-14 12:50:28 | Simulation update: decoder round 3001802, completed instructions: 16726/54952, actively running or decoding instructions: 3, waiting windows: 132666/271197. Max active instruction index: 16722
2024-11-14 12:50:38 | Simulation update: decoder round 3038046, completed instructions: 16941/54952, actively running or decoding instructions: 4, waiting windows: 134351/274646. Max active instruction index: 16937
2024-11-14 12:50:48 | Simulation update: decoder round 3075666, completed instructions: 17145/54952, actively running or decoding instructions: 3, waiting windows: 136006/278027. Max active instruction index: 17141
2024-11-14 12:50:58 | Simulation update: decoder round 3113118, completed instructions: 17361/54952, actively running or decoding instructions: 3, waiting windows: 137670/281433. Max active instruction index: 17357
2024-11-14 12:51:08 | Simulation update: decoder round 3152643, completed instructions: 17581/54952, actively running or decoding instructions: 2, waiting windows: 139288/284762. Max active instruction index: 17578
2024-11-14 12:51:18 | Simulation update: decoder round 3186200, completed instructions: 17769/54952, actively running or decoding instructions: 2, waiting windows: 140800/287846. Max active instruction index: 17766
2024-11-14 12:51:28 | Simulation update: decoder round 3224710, completed instructions: 17978/54952, actively running or decoding instructions: 2, waiting windows: 142462/291225. Max active instruction index: 17974
2024-11-14 12:51:38 | Simulation update: decoder round 3262661, completed instructions: 18201/54952, actively running or decoding instructions: 4, waiting windows: 144110/294631. Max active instruction index: 18197
2024-11-14 12:51:48 | Simulation update: decoder round 3299668, completed instructions: 18410/54952, actively running or decoding instructions: 3, waiting windows: 145799/298080. Max active instruction index: 18406
2024-11-14 12:51:58 | Simulation update: decoder round 3337384, completed instructions: 18634/54952, actively running or decoding instructions: 3, waiting windows: 147469/301495. Max active instruction index: 18630
2024-11-14 12:52:08 | Simulation update: decoder round 3373869, completed instructions: 18837/54952, actively running or decoding instructions: 2, waiting windows: 149147/304928. Max active instruction index: 18833
2024-11-14 12:52:18 | Simulation update: decoder round 3411107, completed instructions: 19045/54952, actively running or decoding instructions: 2, waiting windows: 150824/308349. Max active instruction index: 19041
2024-11-14 12:52:28 | Simulation update: decoder round 3447361, completed instructions: 19245/54952, actively running or decoding instructions: 2, waiting windows: 152507/311798. Max active instruction index: 19241
2024-11-14 12:52:38 | Simulation update: decoder round 3485859, completed instructions: 19472/54952, actively running or decoding instructions: 3, waiting windows: 154155/315159. Max active instruction index: 19468
2024-11-14 12:52:48 | Simulation update: decoder round 3522965, completed instructions: 19679/54952, actively running or decoding instructions: 3, waiting windows: 155832/318592. Max active instruction index: 19675
2024-11-14 12:52:58 | Simulation update: decoder round 3560376, completed instructions: 19879/54952, actively running or decoding instructions: 2, waiting windows: 157486/321979. Max active instruction index: 19875
2024-11-14 12:53:08 | Simulation update: decoder round 3599132, completed instructions: 20102/54952, actively running or decoding instructions: 2, waiting windows: 159128/325338. Max active instruction index: 20098
2024-11-14 12:53:18 | Simulation update: decoder round 3636379, completed instructions: 20305/54952, actively running or decoding instructions: 2, waiting windows: 160795/328743. Max active instruction index: 20301
2024-11-14 12:53:28 | Simulation update: decoder round 3673248, completed instructions: 20515/54952, actively running or decoding instructions: 4, waiting windows: 162450/332130. Max active instruction index: 20511
2024-11-14 12:53:38 | Simulation update: decoder round 3710726, completed instructions: 20707/54952, actively running or decoding instructions: 2, waiting windows: 164117/335533. Max active instruction index: 20703
2024-11-14 12:53:48 | Simulation update: decoder round 3747853, completed instructions: 20921/54952, actively running or decoding instructions: 3, waiting windows: 165779/338934. Max active instruction index: 20917
2024-11-14 12:53:58 | Simulation update: decoder round 3784283, completed instructions: 21118/54952, actively running or decoding instructions: 2, waiting windows: 167467/342377. Max active instruction index: 21114
2024-11-14 12:54:08 | Simulation update: decoder round 3822355, completed instructions: 21323/54952, actively running or decoding instructions: 3, waiting windows: 169114/345749. Max active instruction index: 21319
2024-11-14 12:54:18 | Simulation update: decoder round 3858631, completed instructions: 21520/54952, actively running or decoding instructions: 2, waiting windows: 170795/349174. Max active instruction index: 21516
2024-11-14 12:54:28 | Simulation update: decoder round 3895334, completed instructions: 21735/54952, actively running or decoding instructions: 2, waiting windows: 172461/352580. Max active instruction index: 21731
2024-11-14 12:54:38 | Simulation update: decoder round 3933348, completed instructions: 21955/54952, actively running or decoding instructions: 3, waiting windows: 174120/355982. Max active instruction index: 21951
2024-11-14 12:54:48 | Simulation update: decoder round 3971387, completed instructions: 22172/54952, actively running or decoding instructions: 2, waiting windows: 175767/359343. Max active instruction index: 22172
2024-11-14 12:54:58 | Simulation update: decoder round 4009279, completed instructions: 22393/54952, actively running or decoding instructions: 2, waiting windows: 177412/362721. Max active instruction index: 22389
2024-11-14 12:55:08 | Simulation update: decoder round 4047868, completed instructions: 22614/54952, actively running or decoding instructions: 2, waiting windows: 179067/366102. Max active instruction index: 22610
2024-11-14 12:55:18 | Simulation update: decoder round 4086041, completed instructions: 22834/54952, actively running or decoding instructions: 2, waiting windows: 180728/369498. Max active instruction index: 22830
2024-11-14 12:55:28 | Simulation update: decoder round 4123568, completed instructions: 23044/54952, actively running or decoding instructions: 2, waiting windows: 182400/372914. Max active instruction index: 23040
2024-11-14 12:55:38 | Simulation update: decoder round 4161233, completed instructions: 23257/54952, actively running or decoding instructions: 2, waiting windows: 184067/376316. Max active instruction index: 23253
2024-11-14 12:55:48 | Simulation update: decoder round 4198725, completed instructions: 23456/54952, actively running or decoding instructions: 4, waiting windows: 185716/379695. Max active instruction index: 23452
2024-11-14 12:55:58 | Simulation update: decoder round 4235493, completed instructions: 23657/54952, actively running or decoding instructions: 3, waiting windows: 187387/383102. Max active instruction index: 23653
2024-11-14 12:56:08 | Simulation update: decoder round 4271955, completed instructions: 23863/54952, actively running or decoding instructions: 3, waiting windows: 189076/386549. Max active instruction index: 23859
2024-11-14 12:56:18 | Simulation update: decoder round 4309056, completed instructions: 24052/54952, actively running or decoding instructions: 2, waiting windows: 190746/389964. Max active instruction index: 24048
2024-11-14 12:56:28 | Simulation update: decoder round 4345956, completed instructions: 24252/54952, actively running or decoding instructions: 2, waiting windows: 192420/393379. Max active instruction index: 24248
2024-11-14 12:56:38 | Simulation update: decoder round 4382957, completed instructions: 24457/54952, actively running or decoding instructions: 3, waiting windows: 194094/396800. Max active instruction index: 24453
2024-11-14 12:56:48 | Simulation update: decoder round 4421534, completed instructions: 24676/54952, actively running or decoding instructions: 3, waiting windows: 195713/400124. Max active instruction index: 24673
2024-11-14 12:56:58 | Simulation update: decoder round 4460039, completed instructions: 24901/54952, actively running or decoding instructions: 4, waiting windows: 197338/403496. Max active instruction index: 24902
2024-11-14 12:57:08 | Simulation update: decoder round 4497861, completed instructions: 25123/54952, actively running or decoding instructions: 3, waiting windows: 199033/406927. Max active instruction index: 25119
2024-11-14 12:57:18 | Simulation update: decoder round 4534355, completed instructions: 25329/54952, actively running or decoding instructions: 3, waiting windows: 200698/410327. Max active instruction index: 25325
2024-11-14 12:57:28 | Simulation update: decoder round 4566813, completed instructions: 25502/54952, actively running or decoding instructions: 3, waiting windows: 202163/413322. Max active instruction index: 25498
2024-11-14 12:57:38 | Simulation update: decoder round 4603747, completed instructions: 25705/54952, actively running or decoding instructions: 3, waiting windows: 203834/416726. Max active instruction index: 25706
2024-11-14 12:57:48 | Simulation update: decoder round 4642928, completed instructions: 25913/54952, actively running or decoding instructions: 3, waiting windows: 205468/420070. Max active instruction index: 25909
2024-11-14 12:57:58 | Simulation update: decoder round 4681474, completed instructions: 26113/54952, actively running or decoding instructions: 2, waiting windows: 207098/423409. Max active instruction index: 26109
2024-11-14 12:58:08 | Simulation update: decoder round 4718878, completed instructions: 26313/54952, actively running or decoding instructions: 3, waiting windows: 208746/426780. Max active instruction index: 26313
2024-11-14 12:58:18 | Simulation update: decoder round 4757049, completed instructions: 26538/54952, actively running or decoding instructions: 3, waiting windows: 210380/430133. Max active instruction index: 26534
2024-11-14 12:58:28 | Simulation update: decoder round 4793252, completed instructions: 26732/54952, actively running or decoding instructions: 3, waiting windows: 212069/433570. Max active instruction index: 26733
2024-11-14 12:58:38 | Simulation update: decoder round 4832072, completed instructions: 26941/54952, actively running or decoding instructions: 3, waiting windows: 213704/436922. Max active instruction index: 26937
2024-11-14 12:58:48 | Simulation update: decoder round 4869662, completed instructions: 27167/54952, actively running or decoding instructions: 2, waiting windows: 215356/440301. Max active instruction index: 27163
2024-11-14 12:58:58 | Simulation update: decoder round 4907626, completed instructions: 27401/54952, actively running or decoding instructions: 3, waiting windows: 217028/443727. Max active instruction index: 27397
2024-11-14 12:59:08 | Simulation update: decoder round 4944679, completed instructions: 27598/54952, actively running or decoding instructions: 3, waiting windows: 218704/447143. Max active instruction index: 27594
2024-11-14 12:59:18 | Simulation update: decoder round 4981812, completed instructions: 27803/54952, actively running or decoding instructions: 2, waiting windows: 220358/450524. Max active instruction index: 27799
2024-11-14 12:59:28 | Simulation update: decoder round 5020503, completed instructions: 28019/54952, actively running or decoding instructions: 4, waiting windows: 221979/453853. Max active instruction index: 28015
2024-11-14 12:59:38 | Simulation update: decoder round 5058697, completed instructions: 28215/54952, actively running or decoding instructions: 3, waiting windows: 223608/457184. Max active instruction index: 28212
2024-11-14 12:59:48 | Simulation update: decoder round 5096745, completed instructions: 28424/54952, actively running or decoding instructions: 2, waiting windows: 225269/460567. Max active instruction index: 28420
2024-11-14 12:59:58 | Simulation update: decoder round 5133984, completed instructions: 28627/54952, actively running or decoding instructions: 3, waiting windows: 226936/463962. Max active instruction index: 28627
2024-11-14 13:00:08 | Simulation update: decoder round 5172528, completed instructions: 28850/54952, actively running or decoding instructions: 2, waiting windows: 228579/467327. Max active instruction index: 28846
2024-11-14 13:00:18 | Simulation update: decoder round 5209913, completed instructions: 29046/54952, actively running or decoding instructions: 3, waiting windows: 230237/470710. Max active instruction index: 29042
2024-11-14 13:00:28 | Simulation update: decoder round 5247246, completed instructions: 29255/54952, actively running or decoding instructions: 3, waiting windows: 231904/474122. Max active instruction index: 29251
2024-11-14 13:00:38 | Simulation update: decoder round 5285251, completed instructions: 29465/54952, actively running or decoding instructions: 3, waiting windows: 233541/477471. Max active instruction index: 29461
2024-11-14 13:00:48 | Simulation update: decoder round 5322279, completed instructions: 29670/54952, actively running or decoding instructions: 3, waiting windows: 235206/480875. Max active instruction index: 29666
2024-11-14 13:00:58 | Simulation update: decoder round 5360339, completed instructions: 29900/54952, actively running or decoding instructions: 2, waiting windows: 236829/484228. Max active instruction index: 29897
2024-11-14 13:01:08 | Simulation update: decoder round 5397909, completed instructions: 30106/54952, actively running or decoding instructions: 3, waiting windows: 238504/487637. Max active instruction index: 30102
2024-11-14 13:01:18 | Simulation update: decoder round 5437111, completed instructions: 30335/54952, actively running or decoding instructions: 2, waiting windows: 240128/490956. Max active instruction index: 30331
2024-11-14 13:01:28 | Simulation update: decoder round 5474673, completed instructions: 30538/54952, actively running or decoding instructions: 2, waiting windows: 241775/494335. Max active instruction index: 30535
2024-11-14 13:01:38 | Simulation update: decoder round 5513723, completed instructions: 30761/54952, actively running or decoding instructions: 2, waiting windows: 243421/497690. Max active instruction index: 30757
2024-11-14 13:01:48 | Simulation update: decoder round 5551049, completed instructions: 30977/54952, actively running or decoding instructions: 3, waiting windows: 245081/501080. Max active instruction index: 30973
2024-11-14 13:01:58 | Simulation update: decoder round 5587398, completed instructions: 31163/54952, actively running or decoding instructions: 3, waiting windows: 246779/504536. Max active instruction index: 31159
2024-11-14 13:02:08 | Simulation update: decoder round 5625502, completed instructions: 31378/54952, actively running or decoding instructions: 4, waiting windows: 248425/507928. Max active instruction index: 31374
2024-11-14 13:02:18 | Simulation update: decoder round 5662130, completed instructions: 31569/54952, actively running or decoding instructions: 3, waiting windows: 250117/511360. Max active instruction index: 31565
2024-11-14 13:02:28 | Simulation update: decoder round 5699479, completed instructions: 31760/54952, actively running or decoding instructions: 3, waiting windows: 251783/514787. Max active instruction index: 31757
2024-11-14 13:02:38 | Simulation update: decoder round 5737388, completed instructions: 31981/54952, actively running or decoding instructions: 2, waiting windows: 253447/518161. Max active instruction index: 31977
2024-11-14 13:02:48 | Simulation update: decoder round 5774689, completed instructions: 32197/54952, actively running or decoding instructions: 3, waiting windows: 255103/521560. Max active instruction index: 32193
2024-11-14 13:02:58 | Simulation update: decoder round 5811456, completed instructions: 32394/54952, actively running or decoding instructions: 3, waiting windows: 256781/524995. Max active instruction index: 32390
