CONFIG 287
benchmark_file: slurm/data/20241114_123625/benchmarks/rz_seq_100.lss
decoder_latency_or_dist_filename: lambda volume: volume*3.593813663804626
distance: 21
lightweight_setting: 1
max_parallel_processes: None
missed_speculation_modifier: 1.4
poison_policy: successors
rng: 0
scheduling_method: parallel
speculation_accuracy: 0.9
speculation_latency: 1
speculation_mode: separate
2024-11-14 12:37:01 | Loading benchmark slurm/data/20241114_123625/benchmarks/rz_seq_100.lss...
2024-11-14 12:37:05 | Starting simulation
2024-11-14 12:37:10 | Simulation update: decoder round 1, completed instructions: 0/54952, actively running or decoding instructions: 1, waiting windows: 0/0. Max active instruction index: 0
2024-11-14 12:37:20 | Simulation update: decoder round 59471, completed instructions: 921/54952, actively running or decoding instructions: 3, waiting windows: 2593/5497. Max active instruction index: 917
2024-11-14 12:37:30 | Simulation update: decoder round 120098, completed instructions: 1847/54952, actively running or decoding instructions: 4, waiting windows: 5100/10855. Max active instruction index: 1843
2024-11-14 12:37:40 | Simulation update: decoder round 178912, completed instructions: 2728/54952, actively running or decoding instructions: 3, waiting windows: 7704/16358. Max active instruction index: 2724
2024-11-14 12:37:50 | Simulation update: decoder round 238644, completed instructions: 3610/54952, actively running or decoding instructions: 3, waiting windows: 10257/21786. Max active instruction index: 3610
2024-11-14 12:38:00 | Simulation update: decoder round 295224, completed instructions: 4475/54952, actively running or decoding instructions: 2, waiting windows: 12712/27015. Max active instruction index: 4475
2024-11-14 12:38:10 | Simulation update: decoder round 354509, completed instructions: 5387/54952, actively running or decoding instructions: 3, waiting windows: 15271/32465. Max active instruction index: 5383
2024-11-14 12:38:20 | Simulation update: decoder round 413186, completed instructions: 6267/54952, actively running or decoding instructions: 3, waiting windows: 17871/37972. Max active instruction index: 6263
2024-11-14 12:38:30 | Simulation update: decoder round 471769, completed instructions: 7147/54952, actively running or decoding instructions: 3, waiting windows: 20463/43470. Max active instruction index: 7143
2024-11-14 12:38:40 | Simulation update: decoder round 530749, completed instructions: 8065/54952, actively running or decoding instructions: 3, waiting windows: 23050/48969. Max active instruction index: 8061
2024-11-14 12:38:50 | Simulation update: decoder round 590096, completed instructions: 8952/54952, actively running or decoding instructions: 3, waiting windows: 25617/54408. Max active instruction index: 8948
2024-11-14 12:39:00 | Simulation update: decoder round 649584, completed instructions: 9878/54952, actively running or decoding instructions: 2, waiting windows: 28179/59870. Max active instruction index: 9878
2024-11-14 12:39:10 | Simulation update: decoder round 708856, completed instructions: 10764/54952, actively running or decoding instructions: 2, waiting windows: 30741/65319. Max active instruction index: 10761
2024-11-14 12:39:20 | Simulation update: decoder round 768261, completed instructions: 11679/54952, actively running or decoding instructions: 3, waiting windows: 33303/70766. Max active instruction index: 11675
2024-11-14 12:39:30 | Simulation update: decoder round 827318, completed instructions: 12581/54952, actively running or decoding instructions: 3, waiting windows: 35883/76255. Max active instruction index: 12578
2024-11-14 12:39:40 | Simulation update: decoder round 886406, completed instructions: 13490/54952, actively running or decoding instructions: 2, waiting windows: 38464/81744. Max active instruction index: 13486
2024-11-14 12:39:50 | Simulation update: decoder round 945795, completed instructions: 14407/54952, actively running or decoding instructions: 3, waiting windows: 41051/87244. Max active instruction index: 14403
2024-11-14 12:40:00 | Simulation update: decoder round 1002130, completed instructions: 15272/54952, actively running or decoding instructions: 3, waiting windows: 43473/92385. Max active instruction index: 15273
2024-11-14 12:40:10 | Simulation update: decoder round 1061269, completed instructions: 16145/54952, actively running or decoding instructions: 4, waiting windows: 46051/97879. Max active instruction index: 16145
2024-11-14 12:40:20 | Simulation update: decoder round 1120738, completed instructions: 17048/54952, actively running or decoding instructions: 3, waiting windows: 48648/103367. Max active instruction index: 17044
2024-11-14 12:40:30 | Simulation update: decoder round 1180739, completed instructions: 17947/54952, actively running or decoding instructions: 2, waiting windows: 51205/108818. Max active instruction index: 17943
2024-11-14 12:40:40 | Simulation update: decoder round 1239659, completed instructions: 18837/54952, actively running or decoding instructions: 2, waiting windows: 53795/114298. Max active instruction index: 18833
2024-11-14 12:40:50 | Simulation update: decoder round 1298650, completed instructions: 19747/54952, actively running or decoding instructions: 2, waiting windows: 56406/119838. Max active instruction index: 19744
2024-11-14 12:41:00 | Simulation update: decoder round 1358349, completed instructions: 20675/54952, actively running or decoding instructions: 3, waiting windows: 58981/125311. Max active instruction index: 20676
2024-11-14 12:41:10 | Simulation update: decoder round 1416967, completed instructions: 21582/54952, actively running or decoding instructions: 3, waiting windows: 61583/130842. Max active instruction index: 21578
2024-11-14 12:41:20 | Simulation update: decoder round 1476511, completed instructions: 22498/54952, actively running or decoding instructions: 5, waiting windows: 64131/136256. Max active instruction index: 22499
2024-11-14 12:41:30 | Simulation update: decoder round 1535805, completed instructions: 23392/54952, actively running or decoding instructions: 2, waiting windows: 66689/141682. Max active instruction index: 23388
2024-11-14 12:41:40 | Simulation update: decoder round 1594187, completed instructions: 24273/54952, actively running or decoding instructions: 2, waiting windows: 69284/147179. Max active instruction index: 24269
2024-11-14 12:41:50 | Simulation update: decoder round 1654173, completed instructions: 25198/54952, actively running or decoding instructions: 2, waiting windows: 71844/152632. Max active instruction index: 25197
2024-11-14 12:42:00 | Simulation update: decoder round 1713797, completed instructions: 26075/54952, actively running or decoding instructions: 3, waiting windows: 74417/158097. Max active instruction index: 26071
2024-11-14 12:42:10 | Simulation update: decoder round 1773318, completed instructions: 26986/54952, actively running or decoding instructions: 2, waiting windows: 76993/163566. Max active instruction index: 26982
2024-11-14 12:42:20 | Simulation update: decoder round 1832212, completed instructions: 27862/54952, actively running or decoding instructions: 2, waiting windows: 79555/169019. Max active instruction index: 27858
2024-11-14 12:42:30 | Simulation update: decoder round 1887240, completed instructions: 28679/54952, actively running or decoding instructions: 2, waiting windows: 81921/174038. Max active instruction index: 28675
2024-11-14 12:42:40 | Simulation update: decoder round 1946692, completed instructions: 29558/54952, actively running or decoding instructions: 3, waiting windows: 84489/179474. Max active instruction index: 29554
2024-11-14 12:42:50 | Simulation update: decoder round 2006758, completed instructions: 30472/54952, actively running or decoding instructions: 2, waiting windows: 87009/184856. Max active instruction index: 30468
2024-11-14 12:43:00 | Simulation update: decoder round 2066064, completed instructions: 31361/54952, actively running or decoding instructions: 4, waiting windows: 89573/190309. Max active instruction index: 31357
2024-11-14 12:43:10 | Simulation update: decoder round 2125054, completed instructions: 32280/54952, actively running or decoding instructions: 3, waiting windows: 92183/195826. Max active instruction index: 32276
2024-11-14 12:43:20 | Simulation update: decoder round 2184883, completed instructions: 33177/54952, actively running or decoding instructions: 2, waiting windows: 94731/201239. Max active instruction index: 33177
2024-11-14 12:43:30 | Simulation update: decoder round 2244859, completed instructions: 34085/54952, actively running or decoding instructions: 2, waiting windows: 97282/206661. Max active instruction index: 34081
2024-11-14 12:43:40 | Simulation update: decoder round 2304185, completed instructions: 34987/54952, actively running or decoding instructions: 2, waiting windows: 99865/212148. Max active instruction index: 34984
2024-11-14 12:43:50 | Simulation update: decoder round 2363785, completed instructions: 35870/54952, actively running or decoding instructions: 3, waiting windows: 102419/217579. Max active instruction index: 35866
2024-11-14 12:44:00 | Simulation update: decoder round 2422575, completed instructions: 36755/54952, actively running or decoding instructions: 4, waiting windows: 105017/223078. Max active instruction index: 36756
2024-11-14 12:44:10 | Simulation update: decoder round 2481618, completed instructions: 37666/54952, actively running or decoding instructions: 2, waiting windows: 107599/228554. Max active instruction index: 37662
2024-11-14 12:44:20 | Simulation update: decoder round 2541675, completed instructions: 38587/54952, actively running or decoding instructions: 3, waiting windows: 110132/233961. Max active instruction index: 38583
2024-11-14 12:44:30 | Simulation update: decoder round 2601344, completed instructions: 39504/54952, actively running or decoding instructions: 4, waiting windows: 112698/239418. Max active instruction index: 39500
2024-11-14 12:44:40 | Simulation update: decoder round 2660123, completed instructions: 40376/54952, actively running or decoding instructions: 3, waiting windows: 115286/244921. Max active instruction index: 40376
2024-11-14 12:44:50 | Simulation update: decoder round 2719847, completed instructions: 41317/54952, actively running or decoding instructions: 2, waiting windows: 117863/250411. Max active instruction index: 41317
2024-11-14 12:45:00 | Simulation update: decoder round 2779149, completed instructions: 42222/54952, actively running or decoding instructions: 4, waiting windows: 120452/255922. Max active instruction index: 42218
2024-11-14 12:45:10 | Simulation update: decoder round 2838007, completed instructions: 43121/54952, actively running or decoding instructions: 2, waiting windows: 123034/261409. Max active instruction index: 43117
2024-11-14 12:45:20 | Simulation update: decoder round 2896986, completed instructions: 43993/54952, actively running or decoding instructions: 3, waiting windows: 125631/266907. Max active instruction index: 43989
2024-11-14 12:45:30 | Simulation update: decoder round 2950737, completed instructions: 44793/54952, actively running or decoding instructions: 2, waiting windows: 127940/271800. Max active instruction index: 44792
2024-11-14 12:45:40 | Simulation update: decoder round 3010664, completed instructions: 45683/54952, actively running or decoding instructions: 2, waiting windows: 130505/277243. Max active instruction index: 45679
2024-11-14 12:45:50 | Simulation update: decoder round 3070262, completed instructions: 46568/54952, actively running or decoding instructions: 2, waiting windows: 133055/282658. Max active instruction index: 46564
2024-11-14 12:46:00 | Simulation update: decoder round 3129391, completed instructions: 47503/54952, actively running or decoding instructions: 2, waiting windows: 135638/288163. Max active instruction index: 47499
2024-11-14 12:46:10 | Simulation update: decoder round 3188786, completed instructions: 48426/54952, actively running or decoding instructions: 3, waiting windows: 138213/293637. Max active instruction index: 48422
2024-11-14 12:46:20 | Simulation update: decoder round 3247832, completed instructions: 49325/54952, actively running or decoding instructions: 2, waiting windows: 140797/299122. Max active instruction index: 49321
2024-11-14 12:46:30 | Simulation update: decoder round 3306996, completed instructions: 50237/54952, actively running or decoding instructions: 2, waiting windows: 143350/304566. Max active instruction index: 50233
2024-11-14 12:46:40 | Simulation update: decoder round 3367120, completed instructions: 51111/54952, actively running or decoding instructions: 3, waiting windows: 145902/309968. Max active instruction index: 51107
2024-11-14 12:46:50 | Simulation update: decoder round 3426335, completed instructions: 52017/54952, actively running or decoding instructions: 3, waiting windows: 148497/315476. Max active instruction index: 52013
2024-11-14 12:47:00 | Simulation update: decoder round 3485448, completed instructions: 52912/54952, actively running or decoding instructions: 3, waiting windows: 151075/320948. Max active instruction index: 52908
2024-11-14 12:47:10 | Simulation update: decoder round 3544740, completed instructions: 53834/54952, actively running or decoding instructions: 2, waiting windows: 153641/326413. Max active instruction index: 53830
2024-11-14 12:47:20 | Simulation update: decoder round 3604079, completed instructions: 54744/54952, actively running or decoding instructions: 3, waiting windows: 156179/331819. Max active instruction index: 54746
2024-11-14 12:47:22 | Finished simulation
2024-11-14 12:47:32 | Finished saving output. Done! Total elapsed time: 0:10:30.382542
