CONFIG 317
benchmark_file: slurm/data/20241114_123625/benchmarks/rz_seq_100.lss
decoder_latency_or_dist_filename: lambda volume: volume*3.593813663804626
distance: 21
lightweight_setting: 1
max_parallel_processes: None
missed_speculation_modifier: 1.4
poison_policy: successors
rng: 0
scheduling_method: parallel
speculation_accuracy: 1.0
speculation_latency: 1
speculation_mode: separate
2024-11-14 12:37:03 | Loading benchmark slurm/data/20241114_123625/benchmarks/rz_seq_100.lss...
2024-11-14 12:37:07 | Starting simulation
2024-11-14 12:37:12 | Simulation update: decoder round 1, completed instructions: 0/54952, actively running or decoding instructions: 1, waiting windows: 0/0. Max active instruction index: 0
2024-11-14 12:37:22 | Simulation update: decoder round 61629, completed instructions: 1044/54952, actively running or decoding instructions: 3, waiting windows: 2640/5644. Max active instruction index: 1044
2024-11-14 12:37:32 | Simulation update: decoder round 123648, completed instructions: 2092/54952, actively running or decoding instructions: 3, waiting windows: 5228/11211. Max active instruction index: 2088
2024-11-14 12:37:42 | Simulation update: decoder round 184033, completed instructions: 3088/54952, actively running or decoding instructions: 2, waiting windows: 7878/16879. Max active instruction index: 3084
2024-11-14 12:37:52 | Simulation update: decoder round 242519, completed instructions: 4059/54952, actively running or decoding instructions: 2, waiting windows: 10364/22216. Max active instruction index: 4055
2024-11-14 12:38:02 | Simulation update: decoder round 303917, completed instructions: 5097/54952, actively running or decoding instructions: 4, waiting windows: 12966/27817. Max active instruction index: 5093
2024-11-14 12:38:12 | Simulation update: decoder round 364871, completed instructions: 6112/54952, actively running or decoding instructions: 3, waiting windows: 15608/33473. Max active instruction index: 6108
2024-11-14 12:38:22 | Simulation update: decoder round 425054, completed instructions: 7113/54952, actively running or decoding instructions: 2, waiting windows: 18248/39127. Max active instruction index: 7110
2024-11-14 12:38:32 | Simulation update: decoder round 486072, completed instructions: 8146/54952, actively running or decoding instructions: 2, waiting windows: 20874/44756. Max active instruction index: 8142
2024-11-14 12:38:42 | Simulation update: decoder round 547203, completed instructions: 9166/54952, actively running or decoding instructions: 3, waiting windows: 23501/50395. Max active instruction index: 9162
2024-11-14 12:38:52 | Simulation update: decoder round 607972, completed instructions: 10181/54952, actively running or decoding instructions: 3, waiting windows: 26139/56045. Max active instruction index: 10177
2024-11-14 12:39:02 | Simulation update: decoder round 669751, completed instructions: 11227/54952, actively running or decoding instructions: 3, waiting windows: 28727/61612. Max active instruction index: 11223
2024-11-14 12:39:12 | Simulation update: decoder round 730673, completed instructions: 12245/54952, actively running or decoding instructions: 4, waiting windows: 31354/67248. Max active instruction index: 12241
2024-11-14 12:39:22 | Simulation update: decoder round 791499, completed instructions: 13265/54952, actively running or decoding instructions: 2, waiting windows: 33994/72907. Max active instruction index: 13262
2024-11-14 12:39:32 | Simulation update: decoder round 852723, completed instructions: 14278/54952, actively running or decoding instructions: 2, waiting windows: 36603/78507. Max active instruction index: 14274
2024-11-14 12:39:42 | Simulation update: decoder round 913982, completed instructions: 15310/54952, actively running or decoding instructions: 4, waiting windows: 39230/84151. Max active instruction index: 15306
2024-11-14 12:39:52 | Simulation update: decoder round 971159, completed instructions: 16250/54952, actively running or decoding instructions: 3, waiting windows: 41720/89476. Max active instruction index: 16246
2024-11-14 12:40:02 | Simulation update: decoder round 1032457, completed instructions: 17270/54952, actively running or decoding instructions: 2, waiting windows: 44343/95104. Max active instruction index: 17266
2024-11-14 12:40:12 | Simulation update: decoder round 1094016, completed instructions: 18295/54952, actively running or decoding instructions: 3, waiting windows: 46949/100711. Max active instruction index: 18291
2024-11-14 12:40:22 | Simulation update: decoder round 1154471, completed instructions: 19304/54952, actively running or decoding instructions: 3, waiting windows: 49612/106411. Max active instruction index: 19301
2024-11-14 12:40:32 | Simulation update: decoder round 1215961, completed instructions: 20335/54952, actively running or decoding instructions: 2, waiting windows: 52234/112041. Max active instruction index: 20334
2024-11-14 12:40:42 | Simulation update: decoder round 1276567, completed instructions: 21339/54952, actively running or decoding instructions: 2, waiting windows: 54882/117713. Max active instruction index: 21335
2024-11-14 12:40:52 | Simulation update: decoder round 1337311, completed instructions: 22364/54952, actively running or decoding instructions: 3, waiting windows: 57487/123301. Max active instruction index: 22360
2024-11-14 12:41:02 | Simulation update: decoder round 1398601, completed instructions: 23398/54952, actively running or decoding instructions: 2, waiting windows: 60086/128876. Max active instruction index: 23394
2024-11-14 12:41:12 | Simulation update: decoder round 1458759, completed instructions: 24402/54952, actively running or decoding instructions: 2, waiting windows: 62727/134534. Max active instruction index: 24398
2024-11-14 12:41:22 | Simulation update: decoder round 1519839, completed instructions: 25427/54952, actively running or decoding instructions: 2, waiting windows: 65357/140177. Max active instruction index: 25424
2024-11-14 12:41:32 | Simulation update: decoder round 1581792, completed instructions: 26472/54952, actively running or decoding instructions: 3, waiting windows: 67953/145746. Max active instruction index: 26468
2024-11-14 12:41:42 | Simulation update: decoder round 1642863, completed instructions: 27503/54952, actively running or decoding instructions: 2, waiting windows: 70568/151367. Max active instruction index: 27499
2024-11-14 12:41:52 | Simulation update: decoder round 1703877, completed instructions: 28521/54952, actively running or decoding instructions: 3, waiting windows: 73187/156982. Max active instruction index: 28521
2024-11-14 12:42:02 | Simulation update: decoder round 1765142, completed instructions: 29548/54952, actively running or decoding instructions: 3, waiting windows: 75804/162599. Max active instruction index: 29544
2024-11-14 12:42:12 | Simulation update: decoder round 1826642, completed instructions: 30576/54952, actively running or decoding instructions: 3, waiting windows: 78381/168140. Max active instruction index: 30572
2024-11-14 12:42:22 | Simulation update: decoder round 1882913, completed instructions: 31513/54952, actively running or decoding instructions: 2, waiting windows: 80808/173340. Max active instruction index: 31509
2024-11-14 12:42:32 | Simulation update: decoder round 1944300, completed instructions: 32546/54952, actively running or decoding instructions: 3, waiting windows: 83431/178969. Max active instruction index: 32546
2024-11-14 12:42:42 | Simulation update: decoder round 2006003, completed instructions: 33583/54952, actively running or decoding instructions: 2, waiting windows: 86050/184588. Max active instruction index: 33579
2024-11-14 12:42:52 | Simulation update: decoder round 2067209, completed instructions: 34604/54952, actively running or decoding instructions: 3, waiting windows: 88669/190210. Max active instruction index: 34600
2024-11-14 12:43:02 | Simulation update: decoder round 2128373, completed instructions: 35617/54952, actively running or decoding instructions: 2, waiting windows: 91275/195803. Max active instruction index: 35613
2024-11-14 12:43:12 | Simulation update: decoder round 2189199, completed instructions: 36632/54952, actively running or decoding instructions: 3, waiting windows: 93923/201478. Max active instruction index: 36634
2024-11-14 12:43:22 | Simulation update: decoder round 2250140, completed instructions: 37661/54952, actively running or decoding instructions: 3, waiting windows: 96549/207111. Max active instruction index: 37657
2024-11-14 12:43:32 | Simulation update: decoder round 2311862, completed instructions: 38690/54952, actively running or decoding instructions: 4, waiting windows: 99142/212697. Max active instruction index: 38686
2024-11-14 12:43:42 | Simulation update: decoder round 2373143, completed instructions: 39716/54952, actively running or decoding instructions: 3, waiting windows: 101779/218343. Max active instruction index: 39716
2024-11-14 12:43:52 | Simulation update: decoder round 2433486, completed instructions: 40721/54952, actively running or decoding instructions: 3, waiting windows: 104437/224037. Max active instruction index: 40717
2024-11-14 12:44:02 | Simulation update: decoder round 2494988, completed instructions: 41756/54952, actively running or decoding instructions: 2, waiting windows: 107052/229654. Max active instruction index: 41752
2024-11-14 12:44:12 | Simulation update: decoder round 2556109, completed instructions: 42769/54952, actively running or decoding instructions: 2, waiting windows: 109696/235321. Max active instruction index: 42765
2024-11-14 12:44:22 | Simulation update: decoder round 2616676, completed instructions: 43773/54952, actively running or decoding instructions: 3, waiting windows: 112361/241018. Max active instruction index: 43769
2024-11-14 12:44:32 | Simulation update: decoder round 2677881, completed instructions: 44798/54952, actively running or decoding instructions: 3, waiting windows: 114975/246637. Max active instruction index: 44794
2024-11-14 12:44:42 | Simulation update: decoder round 2739437, completed instructions: 45819/54952, actively running or decoding instructions: 3, waiting windows: 117602/252267. Max active instruction index: 45815
2024-11-14 12:44:52 | Simulation update: decoder round 2801004, completed instructions: 46839/54952, actively running or decoding instructions: 2, waiting windows: 120216/257882. Max active instruction index: 46835
2024-11-14 12:45:02 | Simulation update: decoder round 2861815, completed instructions: 47870/54952, actively running or decoding instructions: 3, waiting windows: 122855/263537. Max active instruction index: 47866
2024-11-14 12:45:12 | Simulation update: decoder round 2916707, completed instructions: 48786/54952, actively running or decoding instructions: 3, waiting windows: 125227/268625. Max active instruction index: 48782
2024-11-14 12:45:22 | Simulation update: decoder round 2977988, completed instructions: 49819/54952, actively running or decoding instructions: 4, waiting windows: 127852/274256. Max active instruction index: 49820
2024-11-14 12:45:32 | Simulation update: decoder round 3039267, completed instructions: 50851/54952, actively running or decoding instructions: 3, waiting windows: 130455/279856. Max active instruction index: 50848
2024-11-14 12:45:42 | Simulation update: decoder round 3100978, completed instructions: 51886/54952, actively running or decoding instructions: 2, waiting windows: 133098/285519. Max active instruction index: 51885
2024-11-14 12:45:52 | Simulation update: decoder round 3162167, completed instructions: 52912/54952, actively running or decoding instructions: 3, waiting windows: 135745/291192. Max active instruction index: 52908
2024-11-14 12:46:02 | Simulation update: decoder round 3223527, completed instructions: 53948/54952, actively running or decoding instructions: 4, waiting windows: 138359/296810. Max active instruction index: 53944
2024-11-14 12:46:12 | Finished simulation
2024-11-14 12:46:21 | Finished saving output. Done! Total elapsed time: 0:09:17.602170
