CONFIG 329
benchmark_file: slurm/data/20241114_123625/benchmarks/rz_seq_100.lss
decoder_latency_or_dist_filename: lambda volume: volume*10.0
distance: 21
lightweight_setting: 1
max_parallel_processes: None
missed_speculation_modifier: 1.4
poison_policy: successors
rng: 0
scheduling_method: aligned
speculation_accuracy: 1.0
speculation_latency: 1
speculation_mode: separate
2024-11-14 12:37:03 | Loading benchmark slurm/data/20241114_123625/benchmarks/rz_seq_100.lss...
2024-11-14 12:37:07 | Starting simulation
2024-11-14 12:37:12 | Simulation update: decoder round 1, completed instructions: 0/54952, actively running or decoding instructions: 1, waiting windows: 0/0. Max active instruction index: 0
2024-11-14 12:37:22 | Simulation update: decoder round 39805, completed instructions: 333/54952, actively running or decoding instructions: 3, waiting windows: 1720/3611. Max active instruction index: 329
2024-11-14 12:37:32 | Simulation update: decoder round 80246, completed instructions: 671/54952, actively running or decoding instructions: 3, waiting windows: 3390/7191. Max active instruction index: 667
2024-11-14 12:37:42 | Simulation update: decoder round 119504, completed instructions: 995/54952, actively running or decoding instructions: 3, waiting windows: 5085/10814. Max active instruction index: 992
2024-11-14 12:37:52 | Simulation update: decoder round 160113, completed instructions: 1331/54952, actively running or decoding instructions: 2, waiting windows: 6749/14383. Max active instruction index: 1327
2024-11-14 12:38:02 | Simulation update: decoder round 201480, completed instructions: 1672/54952, actively running or decoding instructions: 3, waiting windows: 8387/17900. Max active instruction index: 1668
2024-11-14 12:38:12 | Simulation update: decoder round 242025, completed instructions: 2015/54952, actively running or decoding instructions: 3, waiting windows: 10059/21464. Max active instruction index: 2011
2024-11-14 12:38:22 | Simulation update: decoder round 278864, completed instructions: 2317/54952, actively running or decoding instructions: 2, waiting windows: 11673/24911. Max active instruction index: 2313
2024-11-14 12:38:32 | Simulation update: decoder round 318190, completed instructions: 2637/54952, actively running or decoding instructions: 3, waiting windows: 13353/28501. Max active instruction index: 2633
2024-11-14 12:38:42 | Simulation update: decoder round 357496, completed instructions: 2957/54952, actively running or decoding instructions: 4, waiting windows: 15016/32087. Max active instruction index: 2953
2024-11-14 12:38:52 | Simulation update: decoder round 397181, completed instructions: 3277/54952, actively running or decoding instructions: 2, waiting windows: 16712/35687. Max active instruction index: 3273
2024-11-14 12:39:02 | Simulation update: decoder round 437710, completed instructions: 3614/54952, actively running or decoding instructions: 3, waiting windows: 18373/39245. Max active instruction index: 3610
2024-11-14 12:39:12 | Simulation update: decoder round 476826, completed instructions: 3924/54952, actively running or decoding instructions: 3, waiting windows: 20050/42840. Max active instruction index: 3920
2024-11-14 12:39:22 | Simulation update: decoder round 516711, completed instructions: 4251/54952, actively running or decoding instructions: 2, waiting windows: 21730/46425. Max active instruction index: 4247
2024-11-14 12:39:32 | Simulation update: decoder round 556582, completed instructions: 4587/54952, actively running or decoding instructions: 3, waiting windows: 23404/50009. Max active instruction index: 4583
2024-11-14 12:39:42 | Simulation update: decoder round 596356, completed instructions: 4916/54952, actively running or decoding instructions: 3, waiting windows: 25072/53583. Max active instruction index: 4912
2024-11-14 12:39:52 | Simulation update: decoder round 636693, completed instructions: 5251/54952, actively running or decoding instructions: 2, waiting windows: 26743/57155. Max active instruction index: 5247
2024-11-14 12:40:02 | Simulation update: decoder round 676964, completed instructions: 5579/54952, actively running or decoding instructions: 3, waiting windows: 28401/60710. Max active instruction index: 5575
2024-11-14 12:40:12 | Simulation update: decoder round 715224, completed instructions: 5885/54952, actively running or decoding instructions: 3, waiting windows: 30108/64353. Max active instruction index: 5881
2024-11-14 12:40:22 | Simulation update: decoder round 754370, completed instructions: 6212/54952, actively running or decoding instructions: 3, waiting windows: 31795/67960. Max active instruction index: 6208
2024-11-14 12:40:32 | Simulation update: decoder round 793768, completed instructions: 6530/54952, actively running or decoding instructions: 3, waiting windows: 33481/71560. Max active instruction index: 6526
2024-11-14 12:40:42 | Simulation update: decoder round 832419, completed instructions: 6852/54952, actively running or decoding instructions: 2, waiting windows: 35172/75173. Max active instruction index: 6848
2024-11-14 12:40:52 | Simulation update: decoder round 871906, completed instructions: 7176/54952, actively running or decoding instructions: 4, waiting windows: 36829/78745. Max active instruction index: 7172
2024-11-14 12:41:02 | Simulation update: decoder round 911719, completed instructions: 7507/54952, actively running or decoding instructions: 3, waiting windows: 38508/82319. Max active instruction index: 7503
2024-11-14 12:41:12 | Simulation update: decoder round 950013, completed instructions: 7825/54952, actively running or decoding instructions: 3, waiting windows: 40218/85964. Max active instruction index: 7821
2024-11-14 12:41:22 | Simulation update: decoder round 990109, completed instructions: 8157/54952, actively running or decoding instructions: 2, waiting windows: 41884/89534. Max active instruction index: 8154
2024-11-14 12:41:32 | Simulation update: decoder round 1027324, completed instructions: 8459/54952, actively running or decoding instructions: 2, waiting windows: 43471/92926. Max active instruction index: 8455
2024-11-14 12:41:42 | Simulation update: decoder round 1066704, completed instructions: 8782/54952, actively running or decoding instructions: 2, waiting windows: 45154/96524. Max active instruction index: 8778
2024-11-14 12:41:52 | Simulation update: decoder round 1106829, completed instructions: 9111/54952, actively running or decoding instructions: 2, waiting windows: 46825/100106. Max active instruction index: 9110
2024-11-14 12:42:02 | Simulation update: decoder round 1146298, completed instructions: 9441/54952, actively running or decoding instructions: 5, waiting windows: 48487/103683. Max active instruction index: 9443
2024-11-14 12:42:12 | Simulation update: decoder round 1186242, completed instructions: 9765/54952, actively running or decoding instructions: 2, waiting windows: 50177/107272. Max active instruction index: 9761
2024-11-14 12:42:22 | Simulation update: decoder round 1225368, completed instructions: 10089/54952, actively running or decoding instructions: 3, waiting windows: 51866/110876. Max active instruction index: 10085
2024-11-14 12:42:32 | Simulation update: decoder round 1265178, completed instructions: 10415/54952, actively running or decoding instructions: 3, waiting windows: 53537/114456. Max active instruction index: 10417
2024-11-14 12:42:42 | Simulation update: decoder round 1305744, completed instructions: 10751/54952, actively running or decoding instructions: 3, waiting windows: 55201/118017. Max active instruction index: 10747
2024-11-14 12:42:52 | Simulation update: decoder round 1345599, completed instructions: 11087/54952, actively running or decoding instructions: 2, waiting windows: 56874/121597. Max active instruction index: 11083
2024-11-14 12:43:02 | Simulation update: decoder round 1385201, completed instructions: 11410/54952, actively running or decoding instructions: 3, waiting windows: 58550/125183. Max active instruction index: 11406
2024-11-14 12:43:12 | Simulation update: decoder round 1425055, completed instructions: 11744/54952, actively running or decoding instructions: 3, waiting windows: 60226/128768. Max active instruction index: 11740
2024-11-14 12:43:22 | Simulation update: decoder round 1464044, completed instructions: 12060/54952, actively running or decoding instructions: 3, waiting windows: 61920/132392. Max active instruction index: 12056
2024-11-14 12:43:32 | Simulation update: decoder round 1504340, completed instructions: 12397/54952, actively running or decoding instructions: 2, waiting windows: 63585/135955. Max active instruction index: 12393
2024-11-14 12:43:42 | Simulation update: decoder round 1543265, completed instructions: 12720/54952, actively running or decoding instructions: 3, waiting windows: 65279/139573. Max active instruction index: 12716
2024-11-14 12:43:52 | Simulation update: decoder round 1582642, completed instructions: 13042/54952, actively running or decoding instructions: 4, waiting windows: 66953/143173. Max active instruction index: 13038
2024-11-14 12:44:02 | Simulation update: decoder round 1622524, completed instructions: 13373/54952, actively running or decoding instructions: 2, waiting windows: 68637/146755. Max active instruction index: 13369
2024-11-14 12:44:12 | Simulation update: decoder round 1661588, completed instructions: 13685/54952, actively running or decoding instructions: 3, waiting windows: 70319/150346. Max active instruction index: 13681
2024-11-14 12:44:22 | Simulation update: decoder round 1701710, completed instructions: 14012/54952, actively running or decoding instructions: 3, waiting windows: 71991/153925. Max active instruction index: 14008
2024-11-14 12:44:32 | Simulation update: decoder round 1741574, completed instructions: 14340/54952, actively running or decoding instructions: 3, waiting windows: 73667/157511. Max active instruction index: 14336
2024-11-14 12:44:42 | Simulation update: decoder round 1781016, completed instructions: 14663/54952, actively running or decoding instructions: 3, waiting windows: 75356/161122. Max active instruction index: 14659
2024-11-14 12:44:52 | Simulation update: decoder round 1820848, completed instructions: 14992/54952, actively running or decoding instructions: 2, waiting windows: 77025/164700. Max active instruction index: 14988
2024-11-14 12:45:02 | Simulation update: decoder round 1860925, completed instructions: 15320/54952, actively running or decoding instructions: 3, waiting windows: 78695/168276. Max active instruction index: 15316
2024-11-14 12:45:12 | Simulation update: decoder round 1900143, completed instructions: 15641/54952, actively running or decoding instructions: 3, waiting windows: 80390/171891. Max active instruction index: 15637
2024-11-14 12:45:22 | Simulation update: decoder round 1936735, completed instructions: 15934/54952, actively running or decoding instructions: 2, waiting windows: 81948/175221. Max active instruction index: 15930
2024-11-14 12:45:32 | Simulation update: decoder round 1976462, completed instructions: 16260/54952, actively running or decoding instructions: 3, waiting windows: 83635/178829. Max active instruction index: 16256
2024-11-14 12:45:42 | Simulation update: decoder round 2017084, completed instructions: 16590/54952, actively running or decoding instructions: 4, waiting windows: 85296/182395. Max active instruction index: 16586
2024-11-14 12:45:52 | Simulation update: decoder round 2056593, completed instructions: 16914/54952, actively running or decoding instructions: 3, waiting windows: 86990/186008. Max active instruction index: 16910
2024-11-14 12:46:02 | Simulation update: decoder round 2096198, completed instructions: 17237/54952, actively running or decoding instructions: 2, waiting windows: 88670/189615. Max active instruction index: 17234
2024-11-14 12:46:12 | Simulation update: decoder round 2137217, completed instructions: 17569/54952, actively running or decoding instructions: 3, waiting windows: 90325/193176. Max active instruction index: 17566
2024-11-14 12:46:22 | Simulation update: decoder round 2177728, completed instructions: 17909/54952, actively running or decoding instructions: 3, waiting windows: 92022/196786. Max active instruction index: 17905
2024-11-14 12:46:32 | Simulation update: decoder round 2217317, completed instructions: 18229/54952, actively running or decoding instructions: 3, waiting windows: 93713/200403. Max active instruction index: 18225
2024-11-14 12:46:42 | Simulation update: decoder round 2256759, completed instructions: 18550/54952, actively running or decoding instructions: 2, waiting windows: 95416/204043. Max active instruction index: 18546
2024-11-14 12:46:52 | Simulation update: decoder round 2295874, completed instructions: 18874/54952, actively running or decoding instructions: 3, waiting windows: 97121/207678. Max active instruction index: 18870
2024-11-14 12:47:02 | Simulation update: decoder round 2334730, completed instructions: 19191/54952, actively running or decoding instructions: 3, waiting windows: 98822/211315. Max active instruction index: 19187
2024-11-14 12:47:12 | Simulation update: decoder round 2374951, completed instructions: 19522/54952, actively running or decoding instructions: 2, waiting windows: 100498/214905. Max active instruction index: 19518
2024-11-14 12:47:22 | Simulation update: decoder round 2414556, completed instructions: 19851/54952, actively running or decoding instructions: 3, waiting windows: 102194/218531. Max active instruction index: 19847
2024-11-14 12:47:32 | Simulation update: decoder round 2455245, completed instructions: 20182/54952, actively running or decoding instructions: 3, waiting windows: 103858/222100. Max active instruction index: 20179
2024-11-14 12:47:42 | Simulation update: decoder round 2494257, completed instructions: 20504/54952, actively running or decoding instructions: 2, waiting windows: 105559/225727. Max active instruction index: 20500
2024-11-14 12:47:52 | Simulation update: decoder round 2533805, completed instructions: 20823/54952, actively running or decoding instructions: 3, waiting windows: 107250/229348. Max active instruction index: 20819
2024-11-14 12:48:02 | Simulation update: decoder round 2572702, completed instructions: 21143/54952, actively running or decoding instructions: 2, waiting windows: 108952/232984. Max active instruction index: 21140
2024-11-14 12:48:12 | Simulation update: decoder round 2612470, completed instructions: 21464/54952, actively running or decoding instructions: 2, waiting windows: 110641/236593. Max active instruction index: 21460
2024-11-14 12:48:22 | Simulation update: decoder round 2651521, completed instructions: 21787/54952, actively running or decoding instructions: 4, waiting windows: 112330/240221. Max active instruction index: 21783
2024-11-14 12:48:32 | Simulation update: decoder round 2692270, completed instructions: 22129/54952, actively running or decoding instructions: 2, waiting windows: 114007/243792. Max active instruction index: 22126
2024-11-14 12:48:42 | Simulation update: decoder round 2732141, completed instructions: 22458/54952, actively running or decoding instructions: 2, waiting windows: 115673/247383. Max active instruction index: 22455
2024-11-14 12:48:52 | Simulation update: decoder round 2773454, completed instructions: 22803/54952, actively running or decoding instructions: 3, waiting windows: 117350/250950. Max active instruction index: 22799
2024-11-14 12:49:02 | Simulation update: decoder round 2813515, completed instructions: 23133/54952, actively running or decoding instructions: 3, waiting windows: 119038/254557. Max active instruction index: 23129
2024-11-14 12:49:12 | Simulation update: decoder round 2853040, completed instructions: 23456/54952, actively running or decoding instructions: 3, waiting windows: 120716/258159. Max active instruction index: 23452
2024-11-14 12:49:22 | Simulation update: decoder round 2892114, completed instructions: 23783/54952, actively running or decoding instructions: 3, waiting windows: 122420/261788. Max active instruction index: 23779
2024-11-14 12:49:32 | Simulation update: decoder round 2930903, completed instructions: 24096/54952, actively running or decoding instructions: 2, waiting windows: 124121/265420. Max active instruction index: 24092
2024-11-14 12:49:42 | Simulation update: decoder round 2970357, completed instructions: 24425/54952, actively running or decoding instructions: 3, waiting windows: 125804/269021. Max active instruction index: 24421
2024-11-14 12:49:52 | Simulation update: decoder round 3007415, completed instructions: 24726/54952, actively running or decoding instructions: 3, waiting windows: 127310/272253. Max active instruction index: 24722
2024-11-14 12:50:02 | Simulation update: decoder round 3047340, completed instructions: 25065/54952, actively running or decoding instructions: 2, waiting windows: 128993/275845. Max active instruction index: 25061
2024-11-14 12:50:12 | Simulation update: decoder round 3086210, completed instructions: 25382/54952, actively running or decoding instructions: 3, waiting windows: 130696/279487. Max active instruction index: 25378
2024-11-14 12:50:22 | Simulation update: decoder round 3125526, completed instructions: 25701/54952, actively running or decoding instructions: 3, waiting windows: 132393/283110. Max active instruction index: 25697
2024-11-14 12:50:32 | Simulation update: decoder round 3166311, completed instructions: 26040/54952, actively running or decoding instructions: 3, waiting windows: 134038/286665. Max active instruction index: 26037
2024-11-14 12:50:42 | Simulation update: decoder round 3207358, completed instructions: 26382/54952, actively running or decoding instructions: 3, waiting windows: 135723/290241. Max active instruction index: 26378
2024-11-14 12:50:52 | Simulation update: decoder round 3246662, completed instructions: 26708/54952, actively running or decoding instructions: 3, waiting windows: 137417/293864. Max active instruction index: 26704
2024-11-14 12:51:02 | Simulation update: decoder round 3286847, completed instructions: 27040/54952, actively running or decoding instructions: 2, waiting windows: 139093/297449. Max active instruction index: 27036
2024-11-14 12:51:12 | Simulation update: decoder round 3327224, completed instructions: 27378/54952, actively running or decoding instructions: 3, waiting windows: 140761/301024. Max active instruction index: 27374
2024-11-14 12:51:22 | Simulation update: decoder round 3366454, completed instructions: 27703/54952, actively running or decoding instructions: 3, waiting windows: 142453/304639. Max active instruction index: 27699
2024-11-14 12:51:32 | Simulation update: decoder round 3406690, completed instructions: 28025/54952, actively running or decoding instructions: 2, waiting windows: 144128/308226. Max active instruction index: 28021
2024-11-14 12:51:42 | Simulation update: decoder round 3447292, completed instructions: 28368/54952, actively running or decoding instructions: 2, waiting windows: 145793/311789. Max active instruction index: 28364
2024-11-14 12:51:52 | Simulation update: decoder round 3486349, completed instructions: 28690/54952, actively running or decoding instructions: 2, waiting windows: 147494/315421. Max active instruction index: 28686
2024-11-14 12:52:02 | Simulation update: decoder round 3526970, completed instructions: 29029/54952, actively running or decoding instructions: 4, waiting windows: 149156/318991. Max active instruction index: 29025
2024-11-14 12:52:12 | Simulation update: decoder round 3566964, completed instructions: 29355/54952, actively running or decoding instructions: 2, waiting windows: 150843/322590. Max active instruction index: 29351
2024-11-14 12:52:22 | Simulation update: decoder round 3606494, completed instructions: 29675/54952, actively running or decoding instructions: 3, waiting windows: 152528/326200. Max active instruction index: 29671
2024-11-14 12:52:32 | Simulation update: decoder round 3646887, completed instructions: 30013/54952, actively running or decoding instructions: 3, waiting windows: 154197/329765. Max active instruction index: 30009
2024-11-14 12:52:42 | Simulation update: decoder round 3687732, completed instructions: 30351/54952, actively running or decoding instructions: 4, waiting windows: 155847/333325. Max active instruction index: 30347
2024-11-14 12:52:52 | Simulation update: decoder round 3728121, completed instructions: 30676/54952, actively running or decoding instructions: 2, waiting windows: 157537/336924. Max active instruction index: 30672
2024-11-14 12:53:02 | Simulation update: decoder round 3767862, completed instructions: 31004/54952, actively running or decoding instructions: 2, waiting windows: 159221/340524. Max active instruction index: 31000
2024-11-14 12:53:12 | Simulation update: decoder round 3806873, completed instructions: 31314/54952, actively running or decoding instructions: 3, waiting windows: 160926/344189. Max active instruction index: 31311
2024-11-14 12:53:22 | Simulation update: decoder round 3846900, completed instructions: 31648/54952, actively running or decoding instructions: 3, waiting windows: 162633/347812. Max active instruction index: 31644
2024-11-14 12:53:32 | Simulation update: decoder round 3887360, completed instructions: 31986/54952, actively running or decoding instructions: 3, waiting windows: 164320/351427. Max active instruction index: 31982
2024-11-14 12:53:42 | Simulation update: decoder round 3926687, completed instructions: 32310/54952, actively running or decoding instructions: 2, waiting windows: 166031/355080. Max active instruction index: 32306
2024-11-14 12:53:52 | Simulation update: decoder round 3968126, completed instructions: 32653/54952, actively running or decoding instructions: 3, waiting windows: 167704/358665. Max active instruction index: 32649
2024-11-14 12:54:02 | Simulation update: decoder round 4007954, completed instructions: 32978/54952, actively running or decoding instructions: 2, waiting windows: 169407/362308. Max active instruction index: 32974
2024-11-14 12:54:12 | Simulation update: decoder round 4049642, completed instructions: 33325/54952, actively running or decoding instructions: 2, waiting windows: 171080/365892. Max active instruction index: 33321
2024-11-14 12:54:22 | Simulation update: decoder round 4089960, completed instructions: 33654/54952, actively running or decoding instructions: 2, waiting windows: 172778/369526. Max active instruction index: 33650
2024-11-14 12:54:32 | Simulation update: decoder round 4130757, completed instructions: 33988/54952, actively running or decoding instructions: 3, waiting windows: 174446/373117. Max active instruction index: 33985
2024-11-14 12:54:42 | Simulation update: decoder round 4170274, completed instructions: 34318/54952, actively running or decoding instructions: 2, waiting windows: 176168/376780. Max active instruction index: 34314
2024-11-14 12:54:52 | Simulation update: decoder round 4210599, completed instructions: 34646/54952, actively running or decoding instructions: 2, waiting windows: 177868/380410. Max active instruction index: 34642
2024-11-14 12:55:02 | Simulation update: decoder round 4250639, completed instructions: 34971/54952, actively running or decoding instructions: 2, waiting windows: 179565/384038. Max active instruction index: 34967
2024-11-14 12:55:12 | Simulation update: decoder round 4291067, completed instructions: 35300/54952, actively running or decoding instructions: 3, waiting windows: 181247/387643. Max active instruction index: 35296
2024-11-14 12:55:22 | Simulation update: decoder round 4326828, completed instructions: 35596/54952, actively running or decoding instructions: 3, waiting windows: 182740/390835. Max active instruction index: 35592
2024-11-14 12:55:32 | Simulation update: decoder round 4367057, completed instructions: 35925/54952, actively running or decoding instructions: 3, waiting windows: 184430/394451. Max active instruction index: 35921
2024-11-14 12:55:42 | Simulation update: decoder round 4406462, completed instructions: 36244/54952, actively running or decoding instructions: 3, waiting windows: 186145/398112. Max active instruction index: 36240
2024-11-14 12:55:52 | Simulation update: decoder round 4446196, completed instructions: 36575/54952, actively running or decoding instructions: 5, waiting windows: 187830/401750. Max active instruction index: 36576
2024-11-14 12:56:02 | Simulation update: decoder round 4486853, completed instructions: 36903/54952, actively running or decoding instructions: 2, waiting windows: 189513/405352. Max active instruction index: 36900
2024-11-14 12:56:12 | Simulation update: decoder round 4526104, completed instructions: 37227/54952, actively running or decoding instructions: 3, waiting windows: 191246/409025. Max active instruction index: 37223
2024-11-14 12:56:22 | Simulation update: decoder round 4565874, completed instructions: 37566/54952, actively running or decoding instructions: 3, waiting windows: 192945/412657. Max active instruction index: 37562
2024-11-14 12:56:32 | Simulation update: decoder round 4606339, completed instructions: 37897/54952, actively running or decoding instructions: 3, waiting windows: 194630/416265. Max active instruction index: 37893
2024-11-14 12:56:42 | Simulation update: decoder round 4646741, completed instructions: 38228/54952, actively running or decoding instructions: 4, waiting windows: 196302/419869. Max active instruction index: 38224
2024-11-14 12:56:52 | Simulation update: decoder round 4687282, completed instructions: 38560/54952, actively running or decoding instructions: 2, waiting windows: 198003/423486. Max active instruction index: 38556
2024-11-14 12:57:02 | Simulation update: decoder round 4728237, completed instructions: 38901/54952, actively running or decoding instructions: 2, waiting windows: 199682/427083. Max active instruction index: 38897
2024-11-14 12:57:12 | Simulation update: decoder round 4767989, completed instructions: 39229/54952, actively running or decoding instructions: 3, waiting windows: 201384/430719. Max active instruction index: 39225
2024-11-14 12:57:22 | Simulation update: decoder round 4807606, completed instructions: 39553/54952, actively running or decoding instructions: 4, waiting windows: 203093/434373. Max active instruction index: 39554
2024-11-14 12:57:32 | Simulation update: decoder round 4847837, completed instructions: 39885/54952, actively running or decoding instructions: 2, waiting windows: 204782/437988. Max active instruction index: 39881
2024-11-14 12:57:42 | Simulation update: decoder round 4886704, completed instructions: 40201/54952, actively running or decoding instructions: 2, waiting windows: 206500/441656. Max active instruction index: 40197
2024-11-14 12:57:52 | Simulation update: decoder round 4926271, completed instructions: 40522/54952, actively running or decoding instructions: 2, waiting windows: 208202/445297. Max active instruction index: 40518
2024-11-14 12:58:02 | Simulation update: decoder round 4966062, completed instructions: 40856/54952, actively running or decoding instructions: 2, waiting windows: 209908/448940. Max active instruction index: 40852
2024-11-14 12:58:12 | Simulation update: decoder round 5006800, completed instructions: 41196/54952, actively running or decoding instructions: 2, waiting windows: 211595/452551. Max active instruction index: 41192
2024-11-14 12:58:22 | Simulation update: decoder round 5047252, completed instructions: 41519/54952, actively running or decoding instructions: 2, waiting windows: 213276/456157. Max active instruction index: 41515
2024-11-14 12:58:32 | Simulation update: decoder round 5086596, completed instructions: 41843/54952, actively running or decoding instructions: 2, waiting windows: 214986/459812. Max active instruction index: 41839
2024-11-14 12:58:42 | Simulation update: decoder round 5126864, completed instructions: 42176/54952, actively running or decoding instructions: 3, waiting windows: 216685/463440. Max active instruction index: 42172
2024-11-14 12:58:52 | Simulation update: decoder round 5167372, completed instructions: 42506/54952, actively running or decoding instructions: 2, waiting windows: 218373/467057. Max active instruction index: 42502
2024-11-14 12:59:02 | Simulation update: decoder round 5206800, completed instructions: 42820/54952, actively running or decoding instructions: 3, waiting windows: 220085/470718. Max active instruction index: 42816
2024-11-14 12:59:12 | Simulation update: decoder round 5246123, completed instructions: 43143/54952, actively running or decoding instructions: 3, waiting windows: 221797/474368. Max active instruction index: 43139
2024-11-14 12:59:22 | Simulation update: decoder round 5286424, completed instructions: 43473/54952, actively running or decoding instructions: 2, waiting windows: 223497/478001. Max active instruction index: 43469
2024-11-14 12:59:32 | Simulation update: decoder round 5325756, completed instructions: 43796/54952, actively running or decoding instructions: 3, waiting windows: 225209/481657. Max active instruction index: 43792
2024-11-14 12:59:42 | Simulation update: decoder round 5365944, completed instructions: 44131/54952, actively running or decoding instructions: 3, waiting windows: 226899/485271. Max active instruction index: 44127
2024-11-14 12:59:52 | Simulation update: decoder round 5405687, completed instructions: 44450/54952, actively running or decoding instructions: 2, waiting windows: 228594/488900. Max active instruction index: 44446
2024-11-14 13:00:02 | Simulation update: decoder round 5445982, completed instructions: 44786/54952, actively running or decoding instructions: 2, waiting windows: 230290/492529. Max active instruction index: 44783
2024-11-14 13:00:12 | Simulation update: decoder round 5487151, completed instructions: 45126/54952, actively running or decoding instructions: 3, waiting windows: 231968/496121. Max active instruction index: 45122
2024-11-14 13:00:22 | Simulation update: decoder round 5527466, completed instructions: 45453/54952, actively running or decoding instructions: 3, waiting windows: 233667/499754. Max active instruction index: 45449
2024-11-14 13:00:32 | Simulation update: decoder round 5567455, completed instructions: 45771/54952, actively running or decoding instructions: 3, waiting windows: 235358/503378. Max active instruction index: 45767
2024-11-14 13:00:42 | Simulation update: decoder round 5607013, completed instructions: 46096/54952, actively running or decoding instructions: 3, waiting windows: 237068/507026. Max active instruction index: 46092
2024-11-14 13:00:52 | Simulation update: decoder round 5647381, completed instructions: 46421/54952, actively running or decoding instructions: 3, waiting windows: 238756/510634. Max active instruction index: 46417
2024-11-14 13:01:02 | Simulation update: decoder round 5688486, completed instructions: 46762/54952, actively running or decoding instructions: 3, waiting windows: 240427/514215. Max active instruction index: 46758
2024-11-14 13:01:12 | Simulation update: decoder round 5728618, completed instructions: 47091/54952, actively running or decoding instructions: 3, waiting windows: 242116/517827. Max active instruction index: 47087
2024-11-14 13:01:22 | Simulation update: decoder round 5767672, completed instructions: 47414/54952, actively running or decoding instructions: 2, waiting windows: 243803/521461. Max active instruction index: 47411
2024-11-14 13:01:32 | Simulation update: decoder round 5806898, completed instructions: 47740/54952, actively running or decoding instructions: 3, waiting windows: 245516/525095. Max active instruction index: 47736
2024-11-14 13:01:42 | Simulation update: decoder round 5846848, completed instructions: 48071/54952, actively running or decoding instructions: 2, waiting windows: 247199/528707. Max active instruction index: 48068
2024-11-14 13:01:52 | Simulation update: decoder round 5887250, completed instructions: 48403/54952, actively running or decoding instructions: 2, waiting windows: 248891/532324. Max active instruction index: 48399
2024-11-14 13:02:02 | Simulation update: decoder round 5920572, completed instructions: 48677/54952, actively running or decoding instructions: 2, waiting windows: 250330/535399. Max active instruction index: 48673
2024-11-14 13:02:12 | Simulation update: decoder round 5960349, completed instructions: 49010/54952, actively running or decoding instructions: 3, waiting windows: 251972/538913. Max active instruction index: 49006
2024-11-14 13:02:22 | Simulation update: decoder round 5999070, completed instructions: 49330/54952, actively running or decoding instructions: 2, waiting windows: 253642/542483. Max active instruction index: 49326
2024-11-14 13:02:32 | Simulation update: decoder round 6038702, completed instructions: 49656/54952, actively running or decoding instructions: 2, waiting windows: 255278/545982. Max active instruction index: 49652
2024-11-14 13:02:42 | Simulation update: decoder round 6076499, completed instructions: 49968/54952, actively running or decoding instructions: 3, waiting windows: 256949/549549. Max active instruction index: 49964
2024-11-14 13:02:52 | Simulation update: decoder round 6115977, completed instructions: 50296/54952, actively running or decoding instructions: 2, waiting windows: 258572/553026. Max active instruction index: 50292
2024-11-14 13:03:02 | Simulation update: decoder round 6155016, completed instructions: 50618/54952, actively running or decoding instructions: 3, waiting windows: 260208/556528. Max active instruction index: 50614
