CONFIG 7
benchmark_file: slurm/data/20241114_123625/benchmarks/rz_seq_100.lss
decoder_latency_or_dist_filename: lambda volume: volume*3.593813663804626
distance: 21
lightweight_setting: 1
max_parallel_processes: None
missed_speculation_modifier: 1.4
poison_policy: successors
rng: 0
scheduling_method: sliding
speculation_accuracy: 0.0
speculation_latency: 1
speculation_mode: separate
2024-11-14 12:36:42 | Loading benchmark slurm/data/20241114_123625/benchmarks/rz_seq_100.lss...
2024-11-14 12:36:45 | Starting simulation
2024-11-14 12:36:51 | Simulation update: decoder round 1, completed instructions: 0/54952, actively running or decoding instructions: 1, waiting windows: 0/0. Max active instruction index: 0
2024-11-14 12:37:01 | Simulation update: decoder round 3556, completed instructions: 14/54952, actively running or decoding instructions: 2, waiting windows: 165/339. Max active instruction index: 10
2024-11-14 12:37:11 | Simulation update: decoder round 4484, completed instructions: 14/54952, actively running or decoding instructions: 2, waiting windows: 205/427. Max active instruction index: 10
2024-11-14 12:37:21 | Simulation update: decoder round 5123, completed instructions: 14/54952, actively running or decoding instructions: 2, waiting windows: 232/487. Max active instruction index: 10
2024-11-14 12:37:31 | Simulation update: decoder round 5626, completed instructions: 14/54952, actively running or decoding instructions: 2, waiting windows: 253/535. Max active instruction index: 10
2024-11-14 12:37:41 | Simulation update: decoder round 6051, completed instructions: 14/54952, actively running or decoding instructions: 2, waiting windows: 273/575. Max active instruction index: 10
2024-11-14 12:37:51 | Simulation update: decoder round 6422, completed instructions: 14/54952, actively running or decoding instructions: 2, waiting windows: 290/611. Max active instruction index: 10
2024-11-14 12:38:01 | Simulation update: decoder round 6754, completed instructions: 14/54952, actively running or decoding instructions: 2, waiting windows: 307/643. Max active instruction index: 10
2024-11-14 12:38:11 | Simulation update: decoder round 7057, completed instructions: 20/54952, actively running or decoding instructions: 3, waiting windows: 321/673. Max active instruction index: 16
2024-11-14 12:38:21 | Simulation update: decoder round 7342, completed instructions: 20/54952, actively running or decoding instructions: 3, waiting windows: 332/699. Max active instruction index: 16
2024-11-14 12:38:31 | Simulation update: decoder round 7614, completed instructions: 20/54952, actively running or decoding instructions: 3, waiting windows: 344/725. Max active instruction index: 16
2024-11-14 12:38:41 | Simulation update: decoder round 7874, completed instructions: 20/54952, actively running or decoding instructions: 3, waiting windows: 357/751. Max active instruction index: 16
2024-11-14 12:38:51 | Simulation update: decoder round 8124, completed instructions: 20/54952, actively running or decoding instructions: 3, waiting windows: 366/773. Max active instruction index: 16
2024-11-14 12:39:01 | Simulation update: decoder round 8365, completed instructions: 20/54952, actively running or decoding instructions: 3, waiting windows: 378/797. Max active instruction index: 16
2024-11-14 12:39:11 | Simulation update: decoder round 8596, completed instructions: 20/54952, actively running or decoding instructions: 3, waiting windows: 388/819. Max active instruction index: 16
2024-11-14 12:39:21 | Simulation update: decoder round 8820, completed instructions: 20/54952, actively running or decoding instructions: 3, waiting windows: 399/841. Max active instruction index: 16
2024-11-14 12:39:31 | Simulation update: decoder round 9036, completed instructions: 20/54952, actively running or decoding instructions: 3, waiting windows: 407/861. Max active instruction index: 16
2024-11-14 12:39:41 | Simulation update: decoder round 9244, completed instructions: 20/54952, actively running or decoding instructions: 3, waiting windows: 415/881. Max active instruction index: 16
2024-11-14 12:39:51 | Simulation update: decoder round 9445, completed instructions: 20/54952, actively running or decoding instructions: 3, waiting windows: 424/899. Max active instruction index: 16
2024-11-14 12:40:01 | Simulation update: decoder round 9639, completed instructions: 20/54952, actively running or decoding instructions: 3, waiting windows: 435/919. Max active instruction index: 16
2024-11-14 12:40:11 | Simulation update: decoder round 9827, completed instructions: 20/54952, actively running or decoding instructions: 3, waiting windows: 443/937. Max active instruction index: 16
2024-11-14 12:40:21 | Simulation update: decoder round 10009, completed instructions: 20/54952, actively running or decoding instructions: 3, waiting windows: 448/953. Max active instruction index: 16
2024-11-14 12:40:31 | Simulation update: decoder round 10186, completed instructions: 20/54952, actively running or decoding instructions: 3, waiting windows: 459/971. Max active instruction index: 16
2024-11-14 12:40:41 | Simulation update: decoder round 10358, completed instructions: 20/54952, actively running or decoding instructions: 3, waiting windows: 465/987. Max active instruction index: 16
2024-11-14 12:40:51 | Simulation update: decoder round 10525, completed instructions: 20/54952, actively running or decoding instructions: 3, waiting windows: 472/1003. Max active instruction index: 16
2024-11-14 12:41:01 | Simulation update: decoder round 10687, completed instructions: 20/54952, actively running or decoding instructions: 3, waiting windows: 479/1017. Max active instruction index: 16
2024-11-14 12:41:11 | Simulation update: decoder round 10844, completed instructions: 20/54952, actively running or decoding instructions: 3, waiting windows: 486/1033. Max active instruction index: 16
2024-11-14 12:41:21 | Simulation update: decoder round 10997, completed instructions: 20/54952, actively running or decoding instructions: 3, waiting windows: 492/1047. Max active instruction index: 16
2024-11-14 12:41:32 | Simulation update: decoder round 11147, completed instructions: 20/54952, actively running or decoding instructions: 3, waiting windows: 499/1061. Max active instruction index: 16
2024-11-14 12:41:42 | Simulation update: decoder round 11292, completed instructions: 20/54952, actively running or decoding instructions: 3, waiting windows: 505/1075. Max active instruction index: 16
2024-11-14 12:41:52 | Simulation update: decoder round 11434, completed instructions: 20/54952, actively running or decoding instructions: 3, waiting windows: 512/1089. Max active instruction index: 16
2024-11-14 12:42:02 | Simulation update: decoder round 11573, completed instructions: 20/54952, actively running or decoding instructions: 3, waiting windows: 518/1103. Max active instruction index: 16
2024-11-14 12:42:12 | Simulation update: decoder round 11709, completed instructions: 20/54952, actively running or decoding instructions: 3, waiting windows: 524/1115. Max active instruction index: 16
2024-11-14 12:42:22 | Simulation update: decoder round 11842, completed instructions: 20/54952, actively running or decoding instructions: 3, waiting windows: 528/1127. Max active instruction index: 16
2024-11-14 12:42:32 | Simulation update: decoder round 11972, completed instructions: 20/54952, actively running or decoding instructions: 3, waiting windows: 537/1141. Max active instruction index: 16
2024-11-14 12:42:42 | Simulation update: decoder round 12100, completed instructions: 20/54952, actively running or decoding instructions: 3, waiting windows: 540/1153. Max active instruction index: 16
2024-11-14 12:42:52 | Simulation update: decoder round 12225, completed instructions: 20/54952, actively running or decoding instructions: 3, waiting windows: 547/1165. Max active instruction index: 16
2024-11-14 12:43:02 | Simulation update: decoder round 12347, completed instructions: 20/54952, actively running or decoding instructions: 3, waiting windows: 552/1177. Max active instruction index: 16
2024-11-14 12:43:12 | Simulation update: decoder round 12467, completed instructions: 20/54952, actively running or decoding instructions: 3, waiting windows: 557/1187. Max active instruction index: 16
2024-11-14 12:43:22 | Simulation update: decoder round 12585, completed instructions: 20/54952, actively running or decoding instructions: 3, waiting windows: 562/1199. Max active instruction index: 16
2024-11-14 12:43:32 | Simulation update: decoder round 12701, completed instructions: 20/54952, actively running or decoding instructions: 3, waiting windows: 567/1209. Max active instruction index: 16
2024-11-14 12:43:42 | Simulation update: decoder round 12815, completed instructions: 20/54952, actively running or decoding instructions: 3, waiting windows: 572/1221. Max active instruction index: 16
2024-11-14 12:43:52 | Simulation update: decoder round 12927, completed instructions: 20/54952, actively running or decoding instructions: 3, waiting windows: 577/1231. Max active instruction index: 16
2024-11-14 12:44:02 | Simulation update: decoder round 13039, completed instructions: 20/54952, actively running or decoding instructions: 3, waiting windows: 582/1241. Max active instruction index: 16
2024-11-14 12:44:12 | Simulation update: decoder round 13151, completed instructions: 20/54952, actively running or decoding instructions: 3, waiting windows: 587/1253. Max active instruction index: 16
2024-11-14 12:44:22 | Simulation update: decoder round 13261, completed instructions: 20/54952, actively running or decoding instructions: 3, waiting windows: 592/1263. Max active instruction index: 16
2024-11-14 12:44:32 | Simulation update: decoder round 13369, completed instructions: 20/54952, actively running or decoding instructions: 3, waiting windows: 596/1273. Max active instruction index: 16
2024-11-14 12:44:43 | Simulation update: decoder round 13475, completed instructions: 20/54952, actively running or decoding instructions: 3, waiting windows: 601/1283. Max active instruction index: 16
2024-11-14 12:44:53 | Simulation update: decoder round 13579, completed instructions: 20/54952, actively running or decoding instructions: 3, waiting windows: 605/1293. Max active instruction index: 16
2024-11-14 12:45:03 | Simulation update: decoder round 13682, completed instructions: 20/54952, actively running or decoding instructions: 3, waiting windows: 610/1303. Max active instruction index: 16
2024-11-14 12:45:13 | Simulation update: decoder round 13783, completed instructions: 20/54952, actively running or decoding instructions: 3, waiting windows: 615/1313. Max active instruction index: 16
2024-11-14 12:45:23 | Simulation update: decoder round 13883, completed instructions: 20/54952, actively running or decoding instructions: 3, waiting windows: 620/1323. Max active instruction index: 16
2024-11-14 12:45:33 | Simulation update: decoder round 13981, completed instructions: 20/54952, actively running or decoding instructions: 3, waiting windows: 623/1331. Max active instruction index: 16
2024-11-14 12:45:43 | Simulation update: decoder round 14078, completed instructions: 20/54952, actively running or decoding instructions: 3, waiting windows: 628/1341. Max active instruction index: 16
2024-11-14 12:45:53 | Simulation update: decoder round 14174, completed instructions: 20/54952, actively running or decoding instructions: 3, waiting windows: 632/1351. Max active instruction index: 16
2024-11-14 12:46:03 | Simulation update: decoder round 14268, completed instructions: 20/54952, actively running or decoding instructions: 3, waiting windows: 636/1359. Max active instruction index: 16
2024-11-14 12:46:13 | Simulation update: decoder round 14361, completed instructions: 20/54952, actively running or decoding instructions: 3, waiting windows: 639/1367. Max active instruction index: 16
2024-11-14 12:46:23 | Simulation update: decoder round 14453, completed instructions: 20/54952, actively running or decoding instructions: 3, waiting windows: 644/1377. Max active instruction index: 16
2024-11-14 12:46:33 | Simulation update: decoder round 14544, completed instructions: 20/54952, actively running or decoding instructions: 3, waiting windows: 648/1385. Max active instruction index: 16
2024-11-14 12:46:43 | Simulation update: decoder round 14633, completed instructions: 20/54952, actively running or decoding instructions: 3, waiting windows: 651/1393. Max active instruction index: 16
2024-11-14 12:46:53 | Simulation update: decoder round 14721, completed instructions: 20/54952, actively running or decoding instructions: 3, waiting windows: 657/1403. Max active instruction index: 16
2024-11-14 12:47:03 | Simulation update: decoder round 14808, completed instructions: 20/54952, actively running or decoding instructions: 3, waiting windows: 660/1411. Max active instruction index: 16
2024-11-14 12:47:13 | Simulation update: decoder round 14894, completed instructions: 20/54952, actively running or decoding instructions: 3, waiting windows: 663/1419. Max active instruction index: 16
2024-11-14 12:47:23 | Simulation update: decoder round 14979, completed instructions: 20/54952, actively running or decoding instructions: 3, waiting windows: 667/1427. Max active instruction index: 16
2024-11-14 12:47:33 | Simulation update: decoder round 15063, completed instructions: 20/54952, actively running or decoding instructions: 3, waiting windows: 671/1435. Max active instruction index: 16
2024-11-14 12:47:43 | Simulation update: decoder round 15146, completed instructions: 20/54952, actively running or decoding instructions: 3, waiting windows: 674/1443. Max active instruction index: 16
2024-11-14 12:47:53 | Simulation update: decoder round 15228, completed instructions: 20/54952, actively running or decoding instructions: 3, waiting windows: 678/1451. Max active instruction index: 16
2024-11-14 12:48:04 | Simulation update: decoder round 15309, completed instructions: 20/54952, actively running or decoding instructions: 3, waiting windows: 683/1459. Max active instruction index: 16
2024-11-14 12:48:14 | Simulation update: decoder round 15389, completed instructions: 20/54952, actively running or decoding instructions: 3, waiting windows: 685/1465. Max active instruction index: 16
2024-11-14 12:48:24 | Simulation update: decoder round 15468, completed instructions: 20/54952, actively running or decoding instructions: 3, waiting windows: 687/1473. Max active instruction index: 16
2024-11-14 12:48:34 | Simulation update: decoder round 15546, completed instructions: 20/54952, actively running or decoding instructions: 3, waiting windows: 692/1481. Max active instruction index: 16
2024-11-14 12:48:44 | Simulation update: decoder round 15623, completed instructions: 20/54952, actively running or decoding instructions: 3, waiting windows: 697/1489. Max active instruction index: 16
2024-11-14 12:48:54 | Simulation update: decoder round 15699, completed instructions: 20/54952, actively running or decoding instructions: 3, waiting windows: 698/1495. Max active instruction index: 16
2024-11-14 12:49:04 | Simulation update: decoder round 15775, completed instructions: 20/54952, actively running or decoding instructions: 3, waiting windows: 702/1503. Max active instruction index: 16
2024-11-14 12:49:14 | Simulation update: decoder round 15850, completed instructions: 20/54952, actively running or decoding instructions: 3, waiting windows: 705/1509. Max active instruction index: 16
2024-11-14 12:49:24 | Simulation update: decoder round 15924, completed instructions: 20/54952, actively running or decoding instructions: 3, waiting windows: 708/1517. Max active instruction index: 16
2024-11-14 12:49:34 | Simulation update: decoder round 15997, completed instructions: 20/54952, actively running or decoding instructions: 3, waiting windows: 710/1523. Max active instruction index: 16
2024-11-14 12:49:44 | Simulation update: decoder round 16069, completed instructions: 20/54952, actively running or decoding instructions: 3, waiting windows: 715/1531. Max active instruction index: 16
2024-11-14 12:49:54 | Simulation update: decoder round 16141, completed instructions: 20/54952, actively running or decoding instructions: 3, waiting windows: 718/1537. Max active instruction index: 16
2024-11-14 12:50:04 | Simulation update: decoder round 16212, completed instructions: 20/54952, actively running or decoding instructions: 3, waiting windows: 722/1545. Max active instruction index: 16
2024-11-14 12:50:14 | Simulation update: decoder round 16282, completed instructions: 20/54952, actively running or decoding instructions: 3, waiting windows: 724/1551. Max active instruction index: 16
2024-11-14 12:50:24 | Simulation update: decoder round 16352, completed instructions: 20/54952, actively running or decoding instructions: 3, waiting windows: 727/1557. Max active instruction index: 16
2024-11-14 12:50:34 | Simulation update: decoder round 16421, completed instructions: 20/54952, actively running or decoding instructions: 3, waiting windows: 732/1565. Max active instruction index: 16
2024-11-14 12:50:44 | Simulation update: decoder round 16489, completed instructions: 20/54952, actively running or decoding instructions: 3, waiting windows: 733/1571. Max active instruction index: 16
2024-11-14 12:50:55 | Simulation update: decoder round 16557, completed instructions: 20/54952, actively running or decoding instructions: 3, waiting windows: 736/1577. Max active instruction index: 16
2024-11-14 12:51:05 | Simulation update: decoder round 16624, completed instructions: 20/54952, actively running or decoding instructions: 3, waiting windows: 739/1583. Max active instruction index: 16
2024-11-14 12:51:15 | Simulation update: decoder round 16691, completed instructions: 20/54952, actively running or decoding instructions: 3, waiting windows: 741/1589. Max active instruction index: 16
2024-11-14 12:51:25 | Simulation update: decoder round 16757, completed instructions: 20/54952, actively running or decoding instructions: 3, waiting windows: 746/1597. Max active instruction index: 16
2024-11-14 12:51:35 | Simulation update: decoder round 16822, completed instructions: 20/54952, actively running or decoding instructions: 3, waiting windows: 749/1603. Max active instruction index: 16
2024-11-14 12:51:45 | Simulation update: decoder round 16887, completed instructions: 20/54952, actively running or decoding instructions: 3, waiting windows: 751/1609. Max active instruction index: 16
2024-11-14 12:51:55 | Simulation update: decoder round 16951, completed instructions: 20/54952, actively running or decoding instructions: 3, waiting windows: 753/1615. Max active instruction index: 16
2024-11-14 12:52:05 | Simulation update: decoder round 17014, completed instructions: 20/54952, actively running or decoding instructions: 3, waiting windows: 756/1621. Max active instruction index: 16
2024-11-14 12:52:15 | Simulation update: decoder round 17077, completed instructions: 20/54952, actively running or decoding instructions: 3, waiting windows: 759/1627. Max active instruction index: 16
2024-11-14 12:52:25 | Simulation update: decoder round 17139, completed instructions: 20/54952, actively running or decoding instructions: 3, waiting windows: 762/1633. Max active instruction index: 16
2024-11-14 12:52:35 | Simulation update: decoder round 17201, completed instructions: 20/54952, actively running or decoding instructions: 3, waiting windows: 766/1639. Max active instruction index: 16
2024-11-14 12:52:45 | Simulation update: decoder round 17262, completed instructions: 20/54952, actively running or decoding instructions: 3, waiting windows: 768/1645. Max active instruction index: 16
2024-11-14 12:52:55 | Simulation update: decoder round 17323, completed instructions: 20/54952, actively running or decoding instructions: 3, waiting windows: 769/1649. Max active instruction index: 16
2024-11-14 12:53:05 | Simulation update: decoder round 17383, completed instructions: 20/54952, actively running or decoding instructions: 3, waiting windows: 772/1655. Max active instruction index: 16
2024-11-14 12:53:16 | Simulation update: decoder round 17443, completed instructions: 20/54952, actively running or decoding instructions: 3, waiting windows: 775/1661. Max active instruction index: 16
2024-11-14 12:53:26 | Simulation update: decoder round 17502, completed instructions: 20/54952, actively running or decoding instructions: 3, waiting windows: 777/1667. Max active instruction index: 16
2024-11-14 12:53:36 | Simulation update: decoder round 17561, completed instructions: 20/54952, actively running or decoding instructions: 3, waiting windows: 779/1673. Max active instruction index: 16
2024-11-14 12:53:46 | Simulation update: decoder round 17620, completed instructions: 20/54952, actively running or decoding instructions: 3, waiting windows: 784/1679. Max active instruction index: 16
2024-11-14 12:53:56 | Simulation update: decoder round 17678, completed instructions: 20/54952, actively running or decoding instructions: 3, waiting windows: 785/1683. Max active instruction index: 16
2024-11-14 12:54:06 | Simulation update: decoder round 17736, completed instructions: 20/54952, actively running or decoding instructions: 3, waiting windows: 787/1689. Max active instruction index: 16
2024-11-14 12:54:16 | Simulation update: decoder round 17793, completed instructions: 20/54952, actively running or decoding instructions: 3, waiting windows: 790/1695. Max active instruction index: 16
2024-11-14 12:54:26 | Simulation update: decoder round 17850, completed instructions: 20/54952, actively running or decoding instructions: 3, waiting windows: 794/1701. Max active instruction index: 16
2024-11-14 12:54:36 | Simulation update: decoder round 17906, completed instructions: 20/54952, actively running or decoding instructions: 3, waiting windows: 795/1705. Max active instruction index: 16
2024-11-14 12:54:46 | Simulation update: decoder round 17962, completed instructions: 20/54952, actively running or decoding instructions: 3, waiting windows: 798/1711. Max active instruction index: 16
2024-11-14 12:54:56 | Simulation update: decoder round 18018, completed instructions: 20/54952, actively running or decoding instructions: 3, waiting windows: 801/1717. Max active instruction index: 16
2024-11-14 12:55:06 | Simulation update: decoder round 18073, completed instructions: 20/54952, actively running or decoding instructions: 3, waiting windows: 801/1721. Max active instruction index: 16
2024-11-14 12:55:16 | Simulation update: decoder round 18128, completed instructions: 20/54952, actively running or decoding instructions: 3, waiting windows: 805/1727. Max active instruction index: 16
2024-11-14 12:55:27 | Simulation update: decoder round 18183, completed instructions: 20/54952, actively running or decoding instructions: 3, waiting windows: 807/1731. Max active instruction index: 16
2024-11-14 12:55:37 | Simulation update: decoder round 18237, completed instructions: 20/54952, actively running or decoding instructions: 3, waiting windows: 810/1737. Max active instruction index: 16
2024-11-14 12:55:47 | Simulation update: decoder round 18291, completed instructions: 20/54952, actively running or decoding instructions: 3, waiting windows: 813/1743. Max active instruction index: 16
2024-11-14 12:55:57 | Simulation update: decoder round 18344, completed instructions: 20/54952, actively running or decoding instructions: 3, waiting windows: 813/1747. Max active instruction index: 16
2024-11-14 12:56:07 | Simulation update: decoder round 18397, completed instructions: 20/54952, actively running or decoding instructions: 3, waiting windows: 818/1753. Max active instruction index: 16
2024-11-14 12:56:17 | Simulation update: decoder round 18450, completed instructions: 20/54952, actively running or decoding instructions: 3, waiting windows: 819/1757. Max active instruction index: 16
2024-11-14 12:56:27 | Simulation update: decoder round 18502, completed instructions: 20/54952, actively running or decoding instructions: 3, waiting windows: 823/1763. Max active instruction index: 16
2024-11-14 12:56:37 | Simulation update: decoder round 18554, completed instructions: 20/54952, actively running or decoding instructions: 3, waiting windows: 823/1767. Max active instruction index: 16
2024-11-14 12:56:47 | Simulation update: decoder round 18606, completed instructions: 20/54952, actively running or decoding instructions: 3, waiting windows: 826/1773. Max active instruction index: 16
2024-11-14 12:56:57 | Simulation update: decoder round 18657, completed instructions: 20/54952, actively running or decoding instructions: 3, waiting windows: 828/1777. Max active instruction index: 16
2024-11-14 12:57:07 | Simulation update: decoder round 18708, completed instructions: 20/54952, actively running or decoding instructions: 3, waiting windows: 830/1781. Max active instruction index: 16
2024-11-14 12:57:18 | Simulation update: decoder round 18759, completed instructions: 20/54952, actively running or decoding instructions: 3, waiting windows: 833/1787. Max active instruction index: 16
2024-11-14 12:57:28 | Simulation update: decoder round 18809, completed instructions: 20/54952, actively running or decoding instructions: 3, waiting windows: 834/1791. Max active instruction index: 16
2024-11-14 12:57:38 | Simulation update: decoder round 18859, completed instructions: 20/54952, actively running or decoding instructions: 3, waiting windows: 837/1797. Max active instruction index: 16
2024-11-14 12:57:48 | Simulation update: decoder round 18909, completed instructions: 20/54952, actively running or decoding instructions: 3, waiting windows: 839/1801. Max active instruction index: 16
2024-11-14 12:57:58 | Simulation update: decoder round 18959, completed instructions: 20/54952, actively running or decoding instructions: 3, waiting windows: 841/1805. Max active instruction index: 16
2024-11-14 12:58:08 | Simulation update: decoder round 19008, completed instructions: 20/54952, actively running or decoding instructions: 3, waiting windows: 844/1811. Max active instruction index: 16
2024-11-14 12:58:18 | Simulation update: decoder round 19057, completed instructions: 20/54952, actively running or decoding instructions: 3, waiting windows: 845/1815. Max active instruction index: 16
2024-11-14 12:58:28 | Simulation update: decoder round 19106, completed instructions: 20/54952, actively running or decoding instructions: 3, waiting windows: 846/1819. Max active instruction index: 16
2024-11-14 12:58:38 | Simulation update: decoder round 19154, completed instructions: 20/54952, actively running or decoding instructions: 3, waiting windows: 851/1825. Max active instruction index: 16
2024-11-14 12:58:48 | Simulation update: decoder round 19202, completed instructions: 20/54952, actively running or decoding instructions: 3, waiting windows: 852/1829. Max active instruction index: 16
2024-11-14 12:58:58 | Simulation update: decoder round 19250, completed instructions: 20/54952, actively running or decoding instructions: 3, waiting windows: 854/1833. Max active instruction index: 16
2024-11-14 12:59:09 | Simulation update: decoder round 19298, completed instructions: 20/54952, actively running or decoding instructions: 3, waiting windows: 857/1839. Max active instruction index: 16
2024-11-14 12:59:19 | Simulation update: decoder round 19345, completed instructions: 20/54952, actively running or decoding instructions: 3, waiting windows: 858/1843. Max active instruction index: 16
2024-11-14 12:59:29 | Simulation update: decoder round 19392, completed instructions: 20/54952, actively running or decoding instructions: 3, waiting windows: 860/1847. Max active instruction index: 16
2024-11-14 12:59:39 | Simulation update: decoder round 19439, completed instructions: 20/54952, actively running or decoding instructions: 3, waiting windows: 862/1851. Max active instruction index: 16
2024-11-14 12:59:49 | Simulation update: decoder round 19486, completed instructions: 20/54952, actively running or decoding instructions: 3, waiting windows: 864/1855. Max active instruction index: 16
2024-11-14 12:59:59 | Simulation update: decoder round 19532, completed instructions: 20/54952, actively running or decoding instructions: 3, waiting windows: 868/1861. Max active instruction index: 16
2024-11-14 13:00:09 | Simulation update: decoder round 19578, completed instructions: 20/54952, actively running or decoding instructions: 3, waiting windows: 868/1865. Max active instruction index: 16
2024-11-14 13:00:19 | Simulation update: decoder round 19624, completed instructions: 20/54952, actively running or decoding instructions: 3, waiting windows: 870/1869. Max active instruction index: 16
2024-11-14 13:00:30 | Simulation update: decoder round 19670, completed instructions: 20/54952, actively running or decoding instructions: 3, waiting windows: 872/1873. Max active instruction index: 16
2024-11-14 13:00:40 | Simulation update: decoder round 19715, completed instructions: 20/54952, actively running or decoding instructions: 3, waiting windows: 874/1877. Max active instruction index: 16
2024-11-14 13:00:50 | Simulation update: decoder round 19760, completed instructions: 20/54952, actively running or decoding instructions: 3, waiting windows: 878/1883. Max active instruction index: 16
2024-11-14 13:01:00 | Simulation update: decoder round 19805, completed instructions: 20/54952, actively running or decoding instructions: 3, waiting windows: 880/1887. Max active instruction index: 16
2024-11-14 13:01:10 | Simulation update: decoder round 19850, completed instructions: 20/54952, actively running or decoding instructions: 3, waiting windows: 880/1891. Max active instruction index: 16
2024-11-14 13:01:20 | Simulation update: decoder round 19894, completed instructions: 20/54952, actively running or decoding instructions: 3, waiting windows: 881/1895. Max active instruction index: 16
2024-11-14 13:01:30 | Simulation update: decoder round 19938, completed instructions: 20/54952, actively running or decoding instructions: 3, waiting windows: 884/1899. Max active instruction index: 16
2024-11-14 13:01:40 | Simulation update: decoder round 19982, completed instructions: 20/54952, actively running or decoding instructions: 3, waiting windows: 886/1903. Max active instruction index: 16
2024-11-14 13:01:51 | Simulation update: decoder round 20026, completed instructions: 20/54952, actively running or decoding instructions: 3, waiting windows: 888/1907. Max active instruction index: 16
2024-11-14 13:02:01 | Simulation update: decoder round 20070, completed instructions: 20/54952, actively running or decoding instructions: 3, waiting windows: 889/1911. Max active instruction index: 16
2024-11-14 13:02:11 | Simulation update: decoder round 20113, completed instructions: 20/54952, actively running or decoding instructions: 3, waiting windows: 891/1915. Max active instruction index: 16
2024-11-14 13:02:21 | Simulation update: decoder round 20156, completed instructions: 20/54952, actively running or decoding instructions: 3, waiting windows: 892/1919. Max active instruction index: 16
2024-11-14 13:02:31 | Simulation update: decoder round 20199, completed instructions: 20/54952, actively running or decoding instructions: 3, waiting windows: 895/1923. Max active instruction index: 16
2024-11-14 13:02:41 | Simulation update: decoder round 20242, completed instructions: 20/54952, actively running or decoding instructions: 3, waiting windows: 897/1927. Max active instruction index: 16
2024-11-14 13:02:51 | Simulation update: decoder round 20284, completed instructions: 20/54952, actively running or decoding instructions: 3, waiting windows: 899/1931. Max active instruction index: 16
2024-11-14 13:03:02 | Simulation update: decoder round 20326, completed instructions: 20/54952, actively running or decoding instructions: 3, waiting windows: 901/1935. Max active instruction index: 16
