CONFIG 13
benchmark_file: slurm/data/20250212_152913/benchmarks/heisenberg_3.lss
decoder_latency_or_dist_filename: slurm/data/20250212_152913/decoder_dists.json
distance: 27
lightweight_setting: 2
max_parallel_processes: None
missed_speculation_modifier: 1.4
poison_policy: successors
rng: 0
scheduling_method: sliding
speculation_accuracy: 0.9
speculation_latency: 1
speculation_mode: separate
2025-02-12 15:29:21 | Loading benchmark slurm/data/20250212_152913/benchmarks/heisenberg_3.lss...
2025-02-12 15:29:39 | Starting simulation
2025-02-12 15:30:06 | Simulation update: decoder round 1, completed instructions: 0/167857, actively running or decoding instructions: 15, waiting windows: 0/0. Max active instruction index: 36
2025-02-12 15:30:16 | Simulation update: decoder round 54, completed instructions: 40/167857, actively running or decoding instructions: 16, waiting windows: 20/20. Max active instruction index: 37
2025-02-12 15:30:26 | Simulation update: decoder round 109, completed instructions: 40/167857, actively running or decoding instructions: 16, waiting windows: 75/75. Max active instruction index: 37
2025-02-12 15:30:36 | Simulation update: decoder round 164, completed instructions: 40/167857, actively running or decoding instructions: 16, waiting windows: 105/105. Max active instruction index: 37
2025-02-12 15:30:46 | Simulation update: decoder round 220, completed instructions: 40/167857, actively running or decoding instructions: 16, waiting windows: 135/135. Max active instruction index: 37
2025-02-12 15:30:56 | Simulation update: decoder round 276, completed instructions: 40/167857, actively running or decoding instructions: 16, waiting windows: 164/165. Max active instruction index: 37
2025-02-12 15:31:06 | Simulation update: decoder round 331, completed instructions: 40/167857, actively running or decoding instructions: 11, waiting windows: 171/195. Max active instruction index: 37
