CONFIG 32
benchmark_file: slurm/data/20250212_152913/benchmarks/grover_ancilla_5.lss
decoder_latency_or_dist_filename: slurm/data/20250212_152913/decoder_dists.json
distance: 21
lightweight_setting: 2
max_parallel_processes: None
missed_speculation_modifier: 1.4
poison_policy: successors
rng: 0
scheduling_method: parallel
speculation_accuracy: 0.9
speculation_latency: 1
speculation_mode: separate
2025-02-12 15:29:21 | Loading benchmark slurm/data/20250212_152913/benchmarks/grover_ancilla_5.lss...
2025-02-12 15:29:35 | Starting simulation
2025-02-12 15:30:00 | Simulation update: decoder round 1, completed instructions: 0/141975, actively running or decoding instructions: 1, waiting windows: 0/0. Max active instruction index: 0
2025-02-12 15:30:10 | Simulation update: decoder round 514, completed instructions: 28/141975, actively running or decoding instructions: 8, waiting windows: 27/44. Max active instruction index: 21
2025-02-12 15:30:20 | Simulation update: decoder round 1035, completed instructions: 44/141975, actively running or decoding instructions: 5, waiting windows: 36/77. Max active instruction index: 37
2025-02-12 15:30:30 | Simulation update: decoder round 1559, completed instructions: 76/141975, actively running or decoding instructions: 5, waiting windows: 57/120. Max active instruction index: 69
2025-02-12 15:30:40 | Simulation update: decoder round 2083, completed instructions: 92/141975, actively running or decoding instructions: 5, waiting windows: 65/156. Max active instruction index: 85
2025-02-12 15:30:50 | Simulation update: decoder round 2604, completed instructions: 108/141975, actively running or decoding instructions: 8, waiting windows: 78/192. Max active instruction index: 101
