CONFIG 40
benchmark_file: slurm/data/20250212_152913/benchmarks/rz_seq_100_1e-10.lss
decoder_latency_or_dist_filename: slurm/data/20250212_152913/decoder_dists.json
distance: 27
lightweight_setting: 2
max_parallel_processes: None
missed_speculation_modifier: 1.4
poison_policy: successors
rng: 0
scheduling_method: parallel
speculation_accuracy: 0.9
speculation_latency: 1
speculation_mode: separate
2025-02-12 15:29:22 | Loading benchmark slurm/data/20250212_152913/benchmarks/rz_seq_100_1e-10.lss...
2025-02-12 15:29:32 | Starting simulation
2025-02-12 15:29:48 | Simulation update: decoder round 1, completed instructions: 0/99451, actively running or decoding instructions: 2, waiting windows: 0/0. Max active instruction index: 2
2025-02-12 15:29:58 | Simulation update: decoder round 64033, completed instructions: 839/99451, actively running or decoding instructions: 5, waiting windows: 1538/3385. Max active instruction index: 839
2025-02-12 15:30:08 | Simulation update: decoder round 127865, completed instructions: 1690/99451, actively running or decoding instructions: 2, waiting windows: 3013/6690. Max active instruction index: 1690
2025-02-12 15:30:18 | Simulation update: decoder round 192677, completed instructions: 2574/99451, actively running or decoding instructions: 5, waiting windows: 4461/9949. Max active instruction index: 2571
2025-02-12 15:30:28 | Simulation update: decoder round 257378, completed instructions: 3447/99451, actively running or decoding instructions: 5, waiting windows: 5927/13233. Max active instruction index: 3443
2025-02-12 15:30:38 | Simulation update: decoder round 322616, completed instructions: 4258/99451, actively running or decoding instructions: 5, waiting windows: 7440/16595. Max active instruction index: 4255
2025-02-12 15:30:48 | Simulation update: decoder round 387177, completed instructions: 5062/99451, actively running or decoding instructions: 2, waiting windows: 8981/19988. Max active instruction index: 5059
2025-02-12 15:30:58 | Simulation update: decoder round 450516, completed instructions: 5903/99451, actively running or decoding instructions: 2, waiting windows: 10524/23418. Max active instruction index: 5899
2025-02-12 15:31:08 | Simulation update: decoder round 514092, completed instructions: 6766/99451, actively running or decoding instructions: 2, waiting windows: 12071/26855. Max active instruction index: 6763
