CONFIG 62
benchmark_file: slurm/data/20250212_152913/benchmarks/grover_ancilla_5.lss
decoder_latency_or_dist_filename: slurm/data/20250212_152913/decoder_dists.json
distance: 27
lightweight_setting: 2
max_parallel_processes: None
missed_speculation_modifier: 1.4
poison_policy: successors
rng: 0
scheduling_method: aligned
speculation_accuracy: 0.9
speculation_latency: 1
speculation_mode: separate
2025-02-12 15:29:21 | Loading benchmark slurm/data/20250212_152913/benchmarks/grover_ancilla_5.lss...
2025-02-12 15:29:36 | Starting simulation
2025-02-12 15:30:01 | Simulation update: decoder round 1, completed instructions: 0/141975, actively running or decoding instructions: 1, waiting windows: 0/0. Max active instruction index: 0
2025-02-12 15:30:11 | Simulation update: decoder round 519, completed instructions: 12/141975, actively running or decoding instructions: 3, waiting windows: 18/27. Max active instruction index: 5
2025-02-12 15:30:21 | Simulation update: decoder round 1042, completed instructions: 28/141975, actively running or decoding instructions: 8, waiting windows: 39/58. Max active instruction index: 21
2025-02-12 15:30:31 | Simulation update: decoder round 1569, completed instructions: 28/141975, actively running or decoding instructions: 6, waiting windows: 42/78. Max active instruction index: 21
2025-02-12 15:30:41 | Simulation update: decoder round 2097, completed instructions: 44/141975, actively running or decoding instructions: 5, waiting windows: 55/106. Max active instruction index: 37
2025-02-12 15:30:51 | Simulation update: decoder round 2626, completed instructions: 60/141975, actively running or decoding instructions: 5, waiting windows: 63/135. Max active instruction index: 53
2025-02-12 15:31:01 | Simulation update: decoder round 3155, completed instructions: 60/141975, actively running or decoding instructions: 5, waiting windows: 68/154. Max active instruction index: 53
2025-02-12 15:31:11 | Simulation update: decoder round 3686, completed instructions: 76/141975, actively running or decoding instructions: 3, waiting windows: 83/183. Max active instruction index: 69
