CONFIG 33
benchmark_file: slurm/data/20241113_124552/benchmarks/random_t_10000_200_0.lss
decoder_latency_or_dist_filename: slurm/data/20241113_124552/decoder_dists.json
distance: 21
lightweight_setting: 2
max_parallel_processes: None
missed_speculation_modifier: 1.4
poison_policy: successors
rng: 0
scheduling_method: parallel
speculation_accuracy: 0.9
speculation_latency: 1
speculation_mode: separate
2024-11-13 13:39:46 | Loading benchmark slurm/data/20241113_124552/benchmarks/random_t_10000_200_0.lss...
2024-11-13 13:39:49 | Starting simulation
2024-11-13 13:39:53 | Simulation update: decoder round 1, completed instructions: 0/49943, actively running or decoding instructions: 1, waiting windows: 0/0. Max active instruction index: 0
2024-11-13 13:40:03 | Simulation update: decoder round 70709, completed instructions: 911/49943, actively running or decoding instructions: 3, waiting windows: 1843/3844. Max active instruction index: 911
2024-11-13 13:40:13 | Simulation update: decoder round 141415, completed instructions: 1809/49943, actively running or decoding instructions: 3, waiting windows: 3686/7695. Max active instruction index: 1809
2024-11-13 13:40:23 | Simulation update: decoder round 212545, completed instructions: 2733/49943, actively running or decoding instructions: 2, waiting windows: 5516/11530. Max active instruction index: 2733
2024-11-13 13:40:33 | Simulation update: decoder round 283626, completed instructions: 3666/49943, actively running or decoding instructions: 4, waiting windows: 7337/15343. Max active instruction index: 3664
2024-11-13 13:40:43 | Simulation update: decoder round 355333, completed instructions: 4600/49943, actively running or decoding instructions: 3, waiting windows: 9139/19128. Max active instruction index: 4598
2024-11-13 13:40:53 | Simulation update: decoder round 426320, completed instructions: 5510/49943, actively running or decoding instructions: 3, waiting windows: 10956/22935. Max active instruction index: 5508
2024-11-13 13:41:03 | Simulation update: decoder round 498255, completed instructions: 6446/49943, actively running or decoding instructions: 2, waiting windows: 12760/26721. Max active instruction index: 6446
2024-11-13 13:41:13 | Simulation update: decoder round 569282, completed instructions: 7340/49943, actively running or decoding instructions: 4, waiting windows: 14577/30526. Max active instruction index: 7340
2024-11-13 13:41:23 | Simulation update: decoder round 640734, completed instructions: 8279/49943, actively running or decoding instructions: 2, waiting windows: 16389/34326. Max active instruction index: 8277
2024-11-13 13:41:33 | Simulation update: decoder round 711654, completed instructions: 9160/49943, actively running or decoding instructions: 3, waiting windows: 18227/38161. Max active instruction index: 9158
2024-11-13 13:41:43 | Simulation update: decoder round 778172, completed instructions: 10009/49943, actively running or decoding instructions: 4, waiting windows: 20013/41877. Max active instruction index: 10007
2024-11-13 13:41:53 | Simulation update: decoder round 849274, completed instructions: 10923/49943, actively running or decoding instructions: 4, waiting windows: 21828/45687. Max active instruction index: 10921
2024-11-13 13:42:03 | Simulation update: decoder round 920062, completed instructions: 11834/49943, actively running or decoding instructions: 3, waiting windows: 23676/49551. Max active instruction index: 11834
2024-11-13 13:42:13 | Simulation update: decoder round 990491, completed instructions: 12726/49943, actively running or decoding instructions: 3, waiting windows: 25527/53415. Max active instruction index: 12724
2024-11-13 13:42:23 | Simulation update: decoder round 1060605, completed instructions: 13639/49943, actively running or decoding instructions: 3, waiting windows: 27369/57269. Max active instruction index: 13637
2024-11-13 13:42:33 | Simulation update: decoder round 1131377, completed instructions: 14523/49943, actively running or decoding instructions: 2, waiting windows: 29224/61133. Max active instruction index: 14523
2024-11-13 13:42:43 | Simulation update: decoder round 1201717, completed instructions: 15425/49943, actively running or decoding instructions: 3, waiting windows: 31067/64981. Max active instruction index: 15423
2024-11-13 13:42:53 | Simulation update: decoder round 1272415, completed instructions: 16335/49943, actively running or decoding instructions: 3, waiting windows: 32907/68828. Max active instruction index: 16333
2024-11-13 13:43:03 | Simulation update: decoder round 1342272, completed instructions: 17233/49943, actively running or decoding instructions: 3, waiting windows: 34771/72707. Max active instruction index: 17231
2024-11-13 13:43:13 | Simulation update: decoder round 1412617, completed instructions: 18136/49943, actively running or decoding instructions: 4, waiting windows: 36616/76561. Max active instruction index: 18134
2024-11-13 13:43:23 | Simulation update: decoder round 1482779, completed instructions: 19071/49943, actively running or decoding instructions: 4, waiting windows: 38447/80397. Max active instruction index: 19069
2024-11-13 13:43:33 | Simulation update: decoder round 1553645, completed instructions: 19995/49943, actively running or decoding instructions: 3, waiting windows: 40271/84223. Max active instruction index: 19993
2024-11-13 13:43:43 | Simulation update: decoder round 1624378, completed instructions: 20909/49943, actively running or decoding instructions: 3, waiting windows: 42113/88074. Max active instruction index: 20907
2024-11-13 13:43:53 | Simulation update: decoder round 1694577, completed instructions: 21824/49943, actively running or decoding instructions: 4, waiting windows: 43955/91919. Max active instruction index: 21822
2024-11-13 13:44:03 | Simulation update: decoder round 1765078, completed instructions: 22734/49943, actively running or decoding instructions: 3, waiting windows: 45787/95750. Max active instruction index: 22732
2024-11-13 13:44:13 | Simulation update: decoder round 1835892, completed instructions: 23656/49943, actively running or decoding instructions: 3, waiting windows: 47618/99579. Max active instruction index: 23656
2024-11-13 13:44:23 | Simulation update: decoder round 1906739, completed instructions: 24589/49943, actively running or decoding instructions: 2, waiting windows: 49426/103374. Max active instruction index: 24589
2024-11-13 13:44:33 | Simulation update: decoder round 1976937, completed instructions: 25503/49943, actively running or decoding instructions: 4, waiting windows: 51283/107238. Max active instruction index: 25501
2024-11-13 13:44:43 | Simulation update: decoder round 2043163, completed instructions: 26343/49943, actively running or decoding instructions: 3, waiting windows: 53014/110852. Max active instruction index: 26341
2024-11-13 13:44:53 | Simulation update: decoder round 2114055, completed instructions: 27280/49943, actively running or decoding instructions: 3, waiting windows: 54829/114660. Max active instruction index: 27278
2024-11-13 13:45:03 | Simulation update: decoder round 2184010, completed instructions: 28188/49943, actively running or decoding instructions: 3, waiting windows: 56675/118514. Max active instruction index: 28186
2024-11-13 13:45:13 | Simulation update: decoder round 2255495, completed instructions: 29121/49943, actively running or decoding instructions: 3, waiting windows: 58499/122342. Max active instruction index: 29119
2024-11-13 13:45:23 | Simulation update: decoder round 2326690, completed instructions: 30061/49943, actively running or decoding instructions: 4, waiting windows: 60323/126169. Max active instruction index: 30059
2024-11-13 13:45:33 | Simulation update: decoder round 2397361, completed instructions: 30987/49943, actively running or decoding instructions: 3, waiting windows: 62147/129993. Max active instruction index: 30987
2024-11-13 13:45:43 | Simulation update: decoder round 2468876, completed instructions: 31929/49943, actively running or decoding instructions: 3, waiting windows: 63949/133785. Max active instruction index: 31927
2024-11-13 13:45:53 | Simulation update: decoder round 2538831, completed instructions: 32845/49943, actively running or decoding instructions: 2, waiting windows: 65781/137619. Max active instruction index: 32845
2024-11-13 13:46:03 | Simulation update: decoder round 2608013, completed instructions: 33763/49943, actively running or decoding instructions: 2, waiting windows: 67652/141525. Max active instruction index: 33763
2024-11-13 13:46:13 | Simulation update: decoder round 2677984, completed instructions: 34672/49943, actively running or decoding instructions: 4, waiting windows: 69500/145379. Max active instruction index: 34670
2024-11-13 13:46:23 | Simulation update: decoder round 2748993, completed instructions: 35576/49943, actively running or decoding instructions: 3, waiting windows: 71331/149206. Max active instruction index: 35574
2024-11-13 13:46:33 | Simulation update: decoder round 2820268, completed instructions: 36480/49943, actively running or decoding instructions: 3, waiting windows: 73164/153039. Max active instruction index: 36477
2024-11-13 13:46:43 | Simulation update: decoder round 2890784, completed instructions: 37374/49943, actively running or decoding instructions: 3, waiting windows: 75004/156880. Max active instruction index: 37373
2024-11-13 13:46:53 | Simulation update: decoder round 2961096, completed instructions: 38274/49943, actively running or decoding instructions: 3, waiting windows: 76832/160707. Max active instruction index: 38272
2024-11-13 13:47:03 | Simulation update: decoder round 3032280, completed instructions: 39204/49943, actively running or decoding instructions: 3, waiting windows: 78650/164516. Max active instruction index: 39204
2024-11-13 13:47:13 | Simulation update: decoder round 3103509, completed instructions: 40118/49943, actively running or decoding instructions: 2, waiting windows: 80457/168308. Max active instruction index: 40116
2024-11-13 13:47:23 | Simulation update: decoder round 3174567, completed instructions: 41031/49943, actively running or decoding instructions: 4, waiting windows: 82258/172090. Max active instruction index: 41029
2024-11-13 13:47:33 | Simulation update: decoder round 3244998, completed instructions: 41931/49943, actively running or decoding instructions: 2, waiting windows: 84093/175923. Max active instruction index: 41931
2024-11-13 13:47:43 | Simulation update: decoder round 3315480, completed instructions: 42835/49943, actively running or decoding instructions: 3, waiting windows: 85931/179763. Max active instruction index: 42833
2024-11-13 13:47:53 | Simulation update: decoder round 3386256, completed instructions: 43745/49943, actively running or decoding instructions: 4, waiting windows: 87767/183590. Max active instruction index: 43743
2024-11-13 13:48:03 | Simulation update: decoder round 3456793, completed instructions: 44649/49943, actively running or decoding instructions: 3, waiting windows: 89585/187403. Max active instruction index: 44647
2024-11-13 13:48:13 | Simulation update: decoder round 3527233, completed instructions: 45550/49943, actively running or decoding instructions: 3, waiting windows: 91421/191240. Max active instruction index: 45548
2024-11-13 13:48:23 | Simulation update: decoder round 3592547, completed instructions: 46384/49943, actively running or decoding instructions: 3, waiting windows: 93091/194734. Max active instruction index: 46382
2024-11-13 13:48:33 | Simulation update: decoder round 3663537, completed instructions: 47326/49943, actively running or decoding instructions: 4, waiting windows: 94902/198538. Max active instruction index: 47324
2024-11-13 13:48:43 | Simulation update: decoder round 3734612, completed instructions: 48231/49943, actively running or decoding instructions: 5, waiting windows: 96716/202335. Max active instruction index: 48229
2024-11-13 13:48:53 | Simulation update: decoder round 3805180, completed instructions: 49151/49943, actively running or decoding instructions: 4, waiting windows: 98534/206143. Max active instruction index: 49149
2024-11-13 13:49:02 | Finished simulation
2024-11-13 13:49:09 | Finished saving output. Done! Total elapsed time: 0:09:22.944629
