CONFIG 73
benchmark_file: slurm/data/20241113_124552/benchmarks/qpeexact_5.lss
decoder_latency_or_dist_filename: slurm/data/20241113_124552/decoder_dists.json
distance: 21
lightweight_setting: 2
max_parallel_processes: None
missed_speculation_modifier: 1.4
poison_policy: successors
rng: 0
scheduling_method: aligned
speculation_accuracy: 0.9
speculation_latency: 1
speculation_mode: separate
2024-11-13 14:41:20 | Loading benchmark slurm/data/20241113_124552/benchmarks/qpeexact_5.lss...
2024-11-13 14:41:21 | Starting simulation
2024-11-13 14:41:23 | Simulation update: decoder round 1, completed instructions: 0/15704, actively running or decoding instructions: 5, waiting windows: 0/0. Max active instruction index: 8
2024-11-13 14:41:33 | Simulation update: decoder round 1621, completed instructions: 57/15704, actively running or decoding instructions: 1, waiting windows: 244/455. Max active instruction index: -1
2024-11-13 14:41:43 | Simulation update: decoder round 3229, completed instructions: 89/15704, actively running or decoding instructions: 4, waiting windows: 452/899. Max active instruction index: 89
2024-11-13 14:41:53 | Simulation update: decoder round 4853, completed instructions: 132/15704, actively running or decoding instructions: 3, waiting windows: 675/1362. Max active instruction index: 128
2024-11-13 14:42:03 | Simulation update: decoder round 6477, completed instructions: 163/15704, actively running or decoding instructions: 3, waiting windows: 901/1831. Max active instruction index: 160
2024-11-13 14:42:13 | Simulation update: decoder round 8116, completed instructions: 196/15704, actively running or decoding instructions: 2, waiting windows: 1115/2292. Max active instruction index: 192
2024-11-13 14:42:23 | Simulation update: decoder round 9764, completed instructions: 233/15704, actively running or decoding instructions: 3, waiting windows: 1342/2768. Max active instruction index: 229
2024-11-13 14:42:33 | Simulation update: decoder round 11434, completed instructions: 270/15704, actively running or decoding instructions: 3, waiting windows: 1573/3253. Max active instruction index: 271
2024-11-13 14:42:43 | Simulation update: decoder round 13122, completed instructions: 303/15704, actively running or decoding instructions: 3, waiting windows: 1798/3738. Max active instruction index: 299
2024-11-13 14:42:53 | Simulation update: decoder round 14816, completed instructions: 340/15704, actively running or decoding instructions: 2, waiting windows: 2031/4220. Max active instruction index: 336
2024-11-13 14:43:03 | Simulation update: decoder round 16531, completed instructions: 372/15704, actively running or decoding instructions: 2, waiting windows: 2246/4684. Max active instruction index: 369
2024-11-13 14:43:13 | Simulation update: decoder round 18256, completed instructions: 406/15704, actively running or decoding instructions: 4, waiting windows: 2476/5163. Max active instruction index: 402
2024-11-13 14:43:23 | Simulation update: decoder round 19991, completed instructions: 440/15704, actively running or decoding instructions: 2, waiting windows: 2701/5646. Max active instruction index: 437
2024-11-13 14:43:33 | Simulation update: decoder round 21738, completed instructions: 485/15704, actively running or decoding instructions: 3, waiting windows: 2941/6139. Max active instruction index: 481
2024-11-13 14:43:43 | Simulation update: decoder round 23498, completed instructions: 523/15704, actively running or decoding instructions: 2, waiting windows: 3166/6629. Max active instruction index: 519
2024-11-13 14:43:53 | Simulation update: decoder round 25272, completed instructions: 565/15704, actively running or decoding instructions: 2, waiting windows: 3411/7144. Max active instruction index: 562
2024-11-13 14:44:03 | Simulation update: decoder round 27034, completed instructions: 653/15704, actively running or decoding instructions: 6, waiting windows: 3703/7771. Max active instruction index: 1204
2024-11-13 14:44:13 | Simulation update: decoder round 28795, completed instructions: 725/15704, actively running or decoding instructions: 6, waiting windows: 4012/8424. Max active instruction index: 1283
2024-11-13 14:44:23 | Simulation update: decoder round 30614, completed instructions: 801/15704, actively running or decoding instructions: 5, waiting windows: 4335/9117. Max active instruction index: 1361
2024-11-13 14:44:33 | Simulation update: decoder round 32471, completed instructions: 885/15704, actively running or decoding instructions: 3, waiting windows: 4642/9807. Max active instruction index: 1455
2024-11-13 14:44:43 | Simulation update: decoder round 34360, completed instructions: 967/15704, actively running or decoding instructions: 4, waiting windows: 4974/10510. Max active instruction index: 1525
2024-11-13 14:44:53 | Simulation update: decoder round 36292, completed instructions: 1057/15704, actively running or decoding instructions: 6, waiting windows: 5296/11228. Max active instruction index: 1617
2024-11-13 14:45:03 | Simulation update: decoder round 38263, completed instructions: 1140/15704, actively running or decoding instructions: 6, waiting windows: 5634/11956. Max active instruction index: 1706
2024-11-13 14:45:13 | Simulation update: decoder round 40264, completed instructions: 1221/15704, actively running or decoding instructions: 4, waiting windows: 5991/12722. Max active instruction index: 1784
2024-11-13 14:45:23 | Simulation update: decoder round 42320, completed instructions: 1300/15704, actively running or decoding instructions: 4, waiting windows: 6342/13480. Max active instruction index: 1852
2024-11-13 14:45:33 | Simulation update: decoder round 44402, completed instructions: 1383/15704, actively running or decoding instructions: 6, waiting windows: 6700/14254. Max active instruction index: 1939
2024-11-13 14:45:43 | Simulation update: decoder round 46533, completed instructions: 1480/15704, actively running or decoding instructions: 5, waiting windows: 7068/15046. Max active instruction index: 2037
2024-11-13 14:45:53 | Simulation update: decoder round 48725, completed instructions: 1565/15704, actively running or decoding instructions: 4, waiting windows: 7458/15877. Max active instruction index: 2122
2024-11-13 14:46:03 | Simulation update: decoder round 50985, completed instructions: 1655/15704, actively running or decoding instructions: 4, waiting windows: 7844/16723. Max active instruction index: 2218
2024-11-13 14:46:13 | Simulation update: decoder round 53359, completed instructions: 1722/15704, actively running or decoding instructions: 3, waiting windows: 8169/17438. Max active instruction index: 1210
2024-11-13 14:46:23 | Simulation update: decoder round 55813, completed instructions: 1782/15704, actively running or decoding instructions: 2, waiting windows: 8500/18135. Max active instruction index: 1331
2024-11-13 14:46:33 | Simulation update: decoder round 58314, completed instructions: 1833/15704, actively running or decoding instructions: 3, waiting windows: 8842/18859. Max active instruction index: 1437
2024-11-13 14:46:43 | Simulation update: decoder round 60862, completed instructions: 1881/15704, actively running or decoding instructions: 2, waiting windows: 9177/19566. Max active instruction index: 1529
2024-11-13 14:46:53 | Simulation update: decoder round 63412, completed instructions: 1933/15704, actively running or decoding instructions: 2, waiting windows: 9518/20288. Max active instruction index: 1631
2024-11-13 14:47:03 | Simulation update: decoder round 66053, completed instructions: 1991/15704, actively running or decoding instructions: 2, waiting windows: 9875/21038. Max active instruction index: 1749
2024-11-13 14:47:13 | Simulation update: decoder round 68765, completed instructions: 2049/15704, actively running or decoding instructions: 3, waiting windows: 10224/21768. Max active instruction index: 1870
2024-11-13 14:47:23 | Simulation update: decoder round 71524, completed instructions: 2114/15704, actively running or decoding instructions: 4, waiting windows: 10581/22539. Max active instruction index: 1995
2024-11-13 14:47:33 | Simulation update: decoder round 74357, completed instructions: 2180/15704, actively running or decoding instructions: 4, waiting windows: 10967/23337. Max active instruction index: 2136
2024-11-13 14:47:43 | Simulation update: decoder round 77256, completed instructions: 2236/15704, actively running or decoding instructions: 2, waiting windows: 11349/24148. Max active instruction index: 2235
2024-11-13 14:47:53 | Simulation update: decoder round 78218, completed instructions: 2310/15704, actively running or decoding instructions: 4, waiting windows: 11528/24524. Max active instruction index: 2848
2024-11-13 14:48:03 | Simulation update: decoder round 79123, completed instructions: 2360/15704, actively running or decoding instructions: 4, waiting windows: 11684/24875. Max active instruction index: 2896
2024-11-13 14:48:13 | Simulation update: decoder round 80038, completed instructions: 2410/15704, actively running or decoding instructions: 3, waiting windows: 11843/25228. Max active instruction index: 2942
2024-11-13 14:48:23 | Simulation update: decoder round 80951, completed instructions: 2444/15704, actively running or decoding instructions: 6, waiting windows: 12006/25586. Max active instruction index: 2962
2024-11-13 14:48:33 | Simulation update: decoder round 81870, completed instructions: 2489/15704, actively running or decoding instructions: 4, waiting windows: 12167/25942. Max active instruction index: 3002
2024-11-13 14:48:43 | Simulation update: decoder round 82789, completed instructions: 2528/15704, actively running or decoding instructions: 4, waiting windows: 12335/26304. Max active instruction index: 3042
2024-11-13 14:48:53 | Simulation update: decoder round 83712, completed instructions: 2581/15704, actively running or decoding instructions: 3, waiting windows: 12493/26668. Max active instruction index: 3095
2024-11-13 14:49:03 | Simulation update: decoder round 84643, completed instructions: 2622/15704, actively running or decoding instructions: 3, waiting windows: 12663/27038. Max active instruction index: 3141
2024-11-13 14:49:13 | Simulation update: decoder round 85579, completed instructions: 2669/15704, actively running or decoding instructions: 5, waiting windows: 12830/27406. Max active instruction index: 3173
2024-11-13 14:49:23 | Simulation update: decoder round 86524, completed instructions: 2722/15704, actively running or decoding instructions: 5, waiting windows: 12989/27774. Max active instruction index: 3232
2024-11-13 14:49:33 | Simulation update: decoder round 87479, completed instructions: 2774/15704, actively running or decoding instructions: 5, waiting windows: 13151/28126. Max active instruction index: 3286
2024-11-13 14:49:43 | Simulation update: decoder round 88439, completed instructions: 2818/15704, actively running or decoding instructions: 5, waiting windows: 13315/28484. Max active instruction index: 3340
2024-11-13 14:49:53 | Simulation update: decoder round 89400, completed instructions: 2866/15704, actively running or decoding instructions: 4, waiting windows: 13485/28852. Max active instruction index: 3380
2024-11-13 14:50:03 | Simulation update: decoder round 90366, completed instructions: 2914/15704, actively running or decoding instructions: 6, waiting windows: 13650/29223. Max active instruction index: 3412
2024-11-13 14:50:13 | Simulation update: decoder round 91337, completed instructions: 2964/15704, actively running or decoding instructions: 5, waiting windows: 13824/29607. Max active instruction index: 3465
2024-11-13 14:50:23 | Simulation update: decoder round 92316, completed instructions: 3005/15704, actively running or decoding instructions: 4, waiting windows: 13986/29976. Max active instruction index: 3516
2024-11-13 14:50:33 | Simulation update: decoder round 93304, completed instructions: 3060/15704, actively running or decoding instructions: 5, waiting windows: 14159/30362. Max active instruction index: 3555
2024-11-13 14:50:43 | Simulation update: decoder round 94299, completed instructions: 3113/15704, actively running or decoding instructions: 5, waiting windows: 14334/30736. Max active instruction index: 3607
2024-11-13 14:50:53 | Simulation update: decoder round 95298, completed instructions: 3153/15704, actively running or decoding instructions: 6, waiting windows: 14495/31097. Max active instruction index: 3645
2024-11-13 14:51:03 | Simulation update: decoder round 96302, completed instructions: 3206/15704, actively running or decoding instructions: 6, waiting windows: 14673/31486. Max active instruction index: 3709
2024-11-13 14:51:13 | Simulation update: decoder round 97309, completed instructions: 3266/15704, actively running or decoding instructions: 6, waiting windows: 14846/31881. Max active instruction index: 3775
2024-11-13 14:51:23 | Simulation update: decoder round 98324, completed instructions: 3317/15704, actively running or decoding instructions: 3, waiting windows: 15033/32282. Max active instruction index: 3815
2024-11-13 14:51:33 | Simulation update: decoder round 99347, completed instructions: 3367/15704, actively running or decoding instructions: 6, waiting windows: 15213/32692. Max active instruction index: 3872
2024-11-13 14:51:43 | Simulation update: decoder round 100379, completed instructions: 3420/15704, actively running or decoding instructions: 5, waiting windows: 15375/33067. Max active instruction index: 3920
2024-11-13 14:51:53 | Simulation update: decoder round 101422, completed instructions: 3478/15704, actively running or decoding instructions: 3, waiting windows: 15545/33442. Max active instruction index: 3974
2024-11-13 14:52:03 | Simulation update: decoder round 102455, completed instructions: 3533/15704, actively running or decoding instructions: 7, waiting windows: 15697/33783. Max active instruction index: 4032
2024-11-13 14:52:13 | Simulation update: decoder round 103512, completed instructions: 3591/15704, actively running or decoding instructions: 5, waiting windows: 15867/34157. Max active instruction index: 4095
2024-11-13 14:52:23 | Simulation update: decoder round 104576, completed instructions: 3649/15704, actively running or decoding instructions: 3, waiting windows: 16028/34518. Max active instruction index: 4118
2024-11-13 14:52:33 | Simulation update: decoder round 105656, completed instructions: 3697/15704, actively running or decoding instructions: 3, waiting windows: 16192/34894. Max active instruction index: 4148
2024-11-13 14:52:43 | Simulation update: decoder round 106741, completed instructions: 3750/15704, actively running or decoding instructions: 6, waiting windows: 16355/35258. Max active instruction index: 4178
2024-11-13 14:52:53 | Simulation update: decoder round 107830, completed instructions: 3810/15704, actively running or decoding instructions: 4, waiting windows: 16524/35637. Max active instruction index: 4216
2024-11-13 14:53:03 | Simulation update: decoder round 108928, completed instructions: 3861/15704, actively running or decoding instructions: 4, waiting windows: 16692/36017. Max active instruction index: 4240
2024-11-13 14:53:13 | Simulation update: decoder round 110036, completed instructions: 3920/15704, actively running or decoding instructions: 4, waiting windows: 16857/36392. Max active instruction index: 4277
2024-11-13 14:53:23 | Simulation update: decoder round 111154, completed instructions: 3991/15704, actively running or decoding instructions: 11, waiting windows: 17045/36791. Max active instruction index: 4341
2024-11-13 14:53:33 | Simulation update: decoder round 112294, completed instructions: 4042/15704, actively running or decoding instructions: 3, waiting windows: 17184/37125. Max active instruction index: 3356
2024-11-13 14:53:43 | Simulation update: decoder round 113442, completed instructions: 4062/15704, actively running or decoding instructions: 2, waiting windows: 17334/37452. Max active instruction index: 3400
2024-11-13 14:53:53 | Simulation update: decoder round 114588, completed instructions: 4091/15704, actively running or decoding instructions: 3, waiting windows: 17485/37778. Max active instruction index: 3472
2024-11-13 14:54:03 | Simulation update: decoder round 115744, completed instructions: 4119/15704, actively running or decoding instructions: 4, waiting windows: 17641/38103. Max active instruction index: 3537
2024-11-13 14:54:13 | Simulation update: decoder round 116909, completed instructions: 4146/15704, actively running or decoding instructions: 3, waiting windows: 17803/38432. Max active instruction index: 3601
2024-11-13 14:54:23 | Simulation update: decoder round 118080, completed instructions: 4167/15704, actively running or decoding instructions: 2, waiting windows: 17955/38756. Max active instruction index: 3652
2024-11-13 14:54:33 | Simulation update: decoder round 119255, completed instructions: 4195/15704, actively running or decoding instructions: 4, waiting windows: 18104/39076. Max active instruction index: 3717
2024-11-13 14:54:43 | Simulation update: decoder round 120435, completed instructions: 4223/15704, actively running or decoding instructions: 3, waiting windows: 18261/39406. Max active instruction index: 3784
2024-11-13 14:54:53 | Simulation update: decoder round 121615, completed instructions: 4245/15704, actively running or decoding instructions: 2, waiting windows: 18423/39746. Max active instruction index: 3835
2024-11-13 14:55:03 | Simulation update: decoder round 122737, completed instructions: 4272/15704, actively running or decoding instructions: 2, waiting windows: 18571/40060. Max active instruction index: 3894
2024-11-13 14:55:13 | Simulation update: decoder round 123806, completed instructions: 4295/15704, actively running or decoding instructions: 2, waiting windows: 18715/40361. Max active instruction index: 3948
2024-11-13 14:55:23 | Simulation update: decoder round 124871, completed instructions: 4318/15704, actively running or decoding instructions: 3, waiting windows: 18859/40668. Max active instruction index: 4002
2024-11-13 14:55:33 | Simulation update: decoder round 125956, completed instructions: 4344/15704, actively running or decoding instructions: 3, waiting windows: 19008/40983. Max active instruction index: 4066
2024-11-13 14:55:43 | Simulation update: decoder round 126781, completed instructions: 4438/15704, actively running or decoding instructions: 15, waiting windows: 19132/41263. Max active instruction index: 4481
2024-11-13 14:55:53 | Simulation update: decoder round 127430, completed instructions: 4506/15704, actively running or decoding instructions: 5, waiting windows: 19225/41478. Max active instruction index: 4534
2024-11-13 14:56:03 | Simulation update: decoder round 128080, completed instructions: 4550/15704, actively running or decoding instructions: 6, waiting windows: 19323/41713. Max active instruction index: 4573
2024-11-13 14:56:13 | Simulation update: decoder round 128734, completed instructions: 4594/15704, actively running or decoding instructions: 8, waiting windows: 19400/41919. Max active instruction index: 4645
2024-11-13 14:56:23 | Simulation update: decoder round 129394, completed instructions: 4646/15704, actively running or decoding instructions: 6, waiting windows: 19496/42135. Max active instruction index: 4669
2024-11-13 14:56:33 | Simulation update: decoder round 130057, completed instructions: 4703/15704, actively running or decoding instructions: 6, waiting windows: 19594/42379. Max active instruction index: 4733
2024-11-13 14:56:43 | Simulation update: decoder round 130722, completed instructions: 4761/15704, actively running or decoding instructions: 7, waiting windows: 19694/42622. Max active instruction index: 4779
2024-11-13 14:56:53 | Simulation update: decoder round 131389, completed instructions: 4804/15704, actively running or decoding instructions: 6, waiting windows: 19789/42857. Max active instruction index: 4822
2024-11-13 14:57:03 | Simulation update: decoder round 132067, completed instructions: 4853/15704, actively running or decoding instructions: 7, waiting windows: 19889/43095. Max active instruction index: 4858
2024-11-13 14:57:13 | Simulation update: decoder round 132749, completed instructions: 4915/15704, actively running or decoding instructions: 8, waiting windows: 19971/43321. Max active instruction index: 4933
2024-11-13 14:57:23 | Simulation update: decoder round 133433, completed instructions: 4972/15704, actively running or decoding instructions: 5, waiting windows: 20083/43573. Max active instruction index: 4971
2024-11-13 14:57:33 | Simulation update: decoder round 134121, completed instructions: 5036/15704, actively running or decoding instructions: 7, waiting windows: 20182/43818. Max active instruction index: 5040
2024-11-13 14:57:43 | Simulation update: decoder round 134813, completed instructions: 5081/15704, actively running or decoding instructions: 7, waiting windows: 20263/44047. Max active instruction index: 5092
2024-11-13 14:57:53 | Simulation update: decoder round 135517, completed instructions: 5150/15704, actively running or decoding instructions: 5, waiting windows: 20366/44292. Max active instruction index: 5183
2024-11-13 14:58:03 | Simulation update: decoder round 136228, completed instructions: 5206/15704, actively running or decoding instructions: 7, waiting windows: 20471/44539. Max active instruction index: 5248
2024-11-13 14:58:13 | Simulation update: decoder round 136939, completed instructions: 5264/15704, actively running or decoding instructions: 5, waiting windows: 20567/44775. Max active instruction index: 5271
2024-11-13 14:58:23 | Simulation update: decoder round 137648, completed instructions: 5320/15704, actively running or decoding instructions: 4, waiting windows: 20664/45019. Max active instruction index: 5339
2024-11-13 14:58:33 | Simulation update: decoder round 138354, completed instructions: 5385/15704, actively running or decoding instructions: 9, waiting windows: 20772/45272. Max active instruction index: 5423
2024-11-13 14:58:43 | Simulation update: decoder round 139064, completed instructions: 5434/15704, actively running or decoding instructions: 6, waiting windows: 20872/45511. Max active instruction index: 5453
2024-11-13 14:58:53 | Simulation update: decoder round 139783, completed instructions: 5492/15704, actively running or decoding instructions: 4, waiting windows: 20966/45764. Max active instruction index: 5512
2024-11-13 14:59:03 | Simulation update: decoder round 140512, completed instructions: 5560/15704, actively running or decoding instructions: 5, waiting windows: 21074/46028. Max active instruction index: 5575
2024-11-13 14:59:13 | Simulation update: decoder round 141242, completed instructions: 5634/15704, actively running or decoding instructions: 5, waiting windows: 21183/46289. Max active instruction index: 5639
2024-11-13 14:59:23 | Simulation update: decoder round 141979, completed instructions: 5700/15704, actively running or decoding instructions: 7, waiting windows: 21287/46556. Max active instruction index: 5719
2024-11-13 14:59:33 | Simulation update: decoder round 142714, completed instructions: 5753/15704, actively running or decoding instructions: 7, waiting windows: 21382/46804. Max active instruction index: 5756
2024-11-13 14:59:43 | Simulation update: decoder round 143463, completed instructions: 5812/15704, actively running or decoding instructions: 6, waiting windows: 21495/47052. Max active instruction index: 5824
2024-11-13 14:59:53 | Simulation update: decoder round 144214, completed instructions: 5888/15704, actively running or decoding instructions: 9, waiting windows: 21590/47297. Max active instruction index: 5946
2024-11-13 15:00:03 | Simulation update: decoder round 144978, completed instructions: 5958/15704, actively running or decoding instructions: 7, waiting windows: 21709/47576. Max active instruction index: 5995
2024-11-13 15:00:13 | Simulation update: decoder round 145746, completed instructions: 6015/15704, actively running or decoding instructions: 5, waiting windows: 21814/47855. Max active instruction index: 6056
2024-11-13 15:00:23 | Simulation update: decoder round 146522, completed instructions: 6077/15704, actively running or decoding instructions: 7, waiting windows: 21927/48121. Max active instruction index: 6138
2024-11-13 15:00:33 | Simulation update: decoder round 147304, completed instructions: 6144/15704, actively running or decoding instructions: 8, waiting windows: 22040/48385. Max active instruction index: 6182
2024-11-13 15:00:43 | Simulation update: decoder round 148098, completed instructions: 6198/15704, actively running or decoding instructions: 4, waiting windows: 22148/48649. Max active instruction index: 6225
2024-11-13 15:00:53 | Simulation update: decoder round 148891, completed instructions: 6255/15704, actively running or decoding instructions: 5, waiting windows: 22255/48925. Max active instruction index: 6291
2024-11-13 15:01:03 | Simulation update: decoder round 149695, completed instructions: 6323/15704, actively running or decoding instructions: 8, waiting windows: 22372/49193. Max active instruction index: 6390
2024-11-13 15:01:13 | Simulation update: decoder round 150509, completed instructions: 6381/15704, actively running or decoding instructions: 8, waiting windows: 22486/49474. Max active instruction index: 6469
2024-11-13 15:01:23 | Simulation update: decoder round 151298, completed instructions: 6456/15704, actively running or decoding instructions: 6, waiting windows: 22607/49769. Max active instruction index: 6538
2024-11-13 15:01:33 | Simulation update: decoder round 152123, completed instructions: 6528/15704, actively running or decoding instructions: 6, waiting windows: 22724/50059. Max active instruction index: 6583
2024-11-13 15:01:43 | Simulation update: decoder round 152967, completed instructions: 6590/15704, actively running or decoding instructions: 6, waiting windows: 22827/50329. Max active instruction index: 6643
2024-11-13 15:01:53 | Simulation update: decoder round 153816, completed instructions: 6641/15704, actively running or decoding instructions: 6, waiting windows: 22932/50582. Max active instruction index: 6683
2024-11-13 15:02:03 | Simulation update: decoder round 154668, completed instructions: 6681/15704, actively running or decoding instructions: 4, waiting windows: 23050/50844. Max active instruction index: 6689
2024-11-13 15:02:13 | Simulation update: decoder round 155546, completed instructions: 6710/15704, actively running or decoding instructions: 2, waiting windows: 23143/51062. Max active instruction index: 6709
2024-11-13 15:02:23 | Simulation update: decoder round 156418, completed instructions: 6731/15704, actively running or decoding instructions: 3, waiting windows: 23235/51261. Max active instruction index: 6726
2024-11-13 15:02:33 | Simulation update: decoder round 157286, completed instructions: 6752/15704, actively running or decoding instructions: 2, waiting windows: 23333/51471. Max active instruction index: 6747
2024-11-13 15:02:43 | Simulation update: decoder round 158154, completed instructions: 6762/15704, actively running or decoding instructions: 2, waiting windows: 23436/51681. Max active instruction index: 6757
2024-11-13 15:02:53 | Simulation update: decoder round 159025, completed instructions: 6780/15704, actively running or decoding instructions: 2, waiting windows: 23531/51894. Max active instruction index: 6778
2024-11-13 15:03:03 | Simulation update: decoder round 159896, completed instructions: 6811/15704, actively running or decoding instructions: 5, waiting windows: 23632/52106. Max active instruction index: 6812
2024-11-13 15:03:13 | Simulation update: decoder round 160772, completed instructions: 6841/15704, actively running or decoding instructions: 2, waiting windows: 23758/52362. Max active instruction index: 6833
2024-11-13 15:03:23 | Simulation update: decoder round 161650, completed instructions: 6863/15704, actively running or decoding instructions: 2, waiting windows: 23875/52614. Max active instruction index: 6855
2024-11-13 15:03:33 | Simulation update: decoder round 162530, completed instructions: 6885/15704, actively running or decoding instructions: 3, waiting windows: 23992/52867. Max active instruction index: 6877
2024-11-13 15:03:43 | Simulation update: decoder round 163409, completed instructions: 6904/15704, actively running or decoding instructions: 4, waiting windows: 24100/53109. Max active instruction index: 6899
2024-11-13 15:03:53 | Simulation update: decoder round 164294, completed instructions: 6925/15704, actively running or decoding instructions: 3, waiting windows: 24230/53365. Max active instruction index: 6917
2024-11-13 15:04:03 | Simulation update: decoder round 165187, completed instructions: 6941/15704, actively running or decoding instructions: 3, waiting windows: 24348/53619. Max active instruction index: 6934
2024-11-13 15:04:13 | Simulation update: decoder round 166099, completed instructions: 6964/15704, actively running or decoding instructions: 3, waiting windows: 24470/53873. Max active instruction index: 6956
2024-11-13 15:04:23 | Simulation update: decoder round 167000, completed instructions: 6986/15704, actively running or decoding instructions: 2, waiting windows: 24593/54137. Max active instruction index: 6978
2024-11-13 15:04:33 | Simulation update: decoder round 167905, completed instructions: 7006/15704, actively running or decoding instructions: 3, waiting windows: 24720/54400. Max active instruction index: 7004
2024-11-13 15:04:43 | Simulation update: decoder round 168808, completed instructions: 7018/15704, actively running or decoding instructions: 3, waiting windows: 24836/54659. Max active instruction index: 7010
2024-11-13 15:04:53 | Simulation update: decoder round 169727, completed instructions: 7045/15704, actively running or decoding instructions: 3, waiting windows: 24966/54927. Max active instruction index: 7037
2024-11-13 15:05:03 | Simulation update: decoder round 170648, completed instructions: 7063/15704, actively running or decoding instructions: 2, waiting windows: 25092/55191. Max active instruction index: 7055
2024-11-13 15:05:13 | Simulation update: decoder round 171560, completed instructions: 7086/15704, actively running or decoding instructions: 2, waiting windows: 25216/55454. Max active instruction index: 7078
2024-11-13 15:05:23 | Simulation update: decoder round 172472, completed instructions: 7109/15704, actively running or decoding instructions: 2, waiting windows: 25331/55710. Max active instruction index: 7101
2024-11-13 15:05:33 | Simulation update: decoder round 173401, completed instructions: 7124/15704, actively running or decoding instructions: 4, waiting windows: 25445/55953. Max active instruction index: 7117
2024-11-13 15:05:43 | Simulation update: decoder round 174333, completed instructions: 7148/15704, actively running or decoding instructions: 3, waiting windows: 25573/56213. Max active instruction index: 7140
2024-11-13 15:05:53 | Simulation update: decoder round 175272, completed instructions: 7165/15704, actively running or decoding instructions: 2, waiting windows: 25701/56485. Max active instruction index: 7161
2024-11-13 15:06:03 | Simulation update: decoder round 176208, completed instructions: 7185/15704, actively running or decoding instructions: 2, waiting windows: 25832/56757. Max active instruction index: 7177
2024-11-13 15:06:13 | Simulation update: decoder round 177137, completed instructions: 7208/15704, actively running or decoding instructions: 3, waiting windows: 25960/57025. Max active instruction index: 7200
2024-11-13 15:06:23 | Simulation update: decoder round 178088, completed instructions: 7227/15704, actively running or decoding instructions: 3, waiting windows: 26080/57282. Max active instruction index: 7223
2024-11-13 15:06:33 | Simulation update: decoder round 179035, completed instructions: 7249/15704, actively running or decoding instructions: 3, waiting windows: 26204/57554. Max active instruction index: 7241
2024-11-13 15:06:43 | Simulation update: decoder round 179983, completed instructions: 7270/15704, actively running or decoding instructions: 2, waiting windows: 26334/57830. Max active instruction index: 7262
2024-11-13 15:06:53 | Simulation update: decoder round 180949, completed instructions: 7293/15704, actively running or decoding instructions: 3, waiting windows: 26463/58089. Max active instruction index: 7285
2024-11-13 15:07:03 | Simulation update: decoder round 181905, completed instructions: 7316/15704, actively running or decoding instructions: 3, waiting windows: 26593/58367. Max active instruction index: 7308
2024-11-13 15:07:13 | Simulation update: decoder round 182865, completed instructions: 7334/15704, actively running or decoding instructions: 5, waiting windows: 26718/58635. Max active instruction index: 7330
2024-11-13 15:07:23 | Simulation update: decoder round 183820, completed instructions: 7355/15704, actively running or decoding instructions: 3, waiting windows: 26850/58909. Max active instruction index: 7347
2024-11-13 15:07:33 | Simulation update: decoder round 184786, completed instructions: 7375/15704, actively running or decoding instructions: 3, waiting windows: 26987/59189. Max active instruction index: 7367
2024-11-13 15:07:43 | Simulation update: decoder round 185760, completed instructions: 7392/15704, actively running or decoding instructions: 2, waiting windows: 27120/59473. Max active instruction index: 7384
2024-11-13 15:07:53 | Simulation update: decoder round 186734, completed instructions: 7415/15704, actively running or decoding instructions: 3, waiting windows: 27254/59757. Max active instruction index: 7407
2024-11-13 15:08:03 | Simulation update: decoder round 187716, completed instructions: 7437/15704, actively running or decoding instructions: 3, waiting windows: 27388/60043. Max active instruction index: 7429
2024-11-13 15:08:13 | Simulation update: decoder round 188705, completed instructions: 7461/15704, actively running or decoding instructions: 3, waiting windows: 27524/60329. Max active instruction index: 7453
2024-11-13 15:08:23 | Simulation update: decoder round 189695, completed instructions: 7478/15704, actively running or decoding instructions: 2, waiting windows: 27661/60615. Max active instruction index: 7470
2024-11-13 15:08:33 | Simulation update: decoder round 190688, completed instructions: 7499/15704, actively running or decoding instructions: 2, waiting windows: 27793/60901. Max active instruction index: 7491
2024-11-13 15:08:43 | Simulation update: decoder round 191679, completed instructions: 7521/15704, actively running or decoding instructions: 2, waiting windows: 27928/61179. Max active instruction index: 7513
2024-11-13 15:08:53 | Simulation update: decoder round 192678, completed instructions: 7559/15704, actively running or decoding instructions: 8, waiting windows: 28076/61478. Max active instruction index: 8118
2024-11-13 15:09:03 | Simulation update: decoder round 193671, completed instructions: 7603/15704, actively running or decoding instructions: 5, waiting windows: 28222/61819. Max active instruction index: 8143
2024-11-13 15:09:13 | Simulation update: decoder round 194655, completed instructions: 7662/15704, actively running or decoding instructions: 3, waiting windows: 28378/62167. Max active instruction index: 8201
2024-11-13 15:09:23 | Simulation update: decoder round 195628, completed instructions: 7703/15704, actively running or decoding instructions: 5, waiting windows: 28514/62479. Max active instruction index: 8240
2024-11-13 15:09:33 | Simulation update: decoder round 196612, completed instructions: 7755/15704, actively running or decoding instructions: 3, waiting windows: 28671/62820. Max active instruction index: 8294
2024-11-13 15:09:43 | Simulation update: decoder round 197586, completed instructions: 7804/15704, actively running or decoding instructions: 5, waiting windows: 28816/63155. Max active instruction index: 8346
2024-11-13 15:09:53 | Simulation update: decoder round 198568, completed instructions: 7850/15704, actively running or decoding instructions: 3, waiting windows: 28961/63477. Max active instruction index: 8383
2024-11-13 15:10:03 | Simulation update: decoder round 199549, completed instructions: 7900/15704, actively running or decoding instructions: 5, waiting windows: 29115/63817. Max active instruction index: 8441
2024-11-13 15:10:13 | Simulation update: decoder round 200533, completed instructions: 7951/15704, actively running or decoding instructions: 5, waiting windows: 29261/64154. Max active instruction index: 8493
2024-11-13 15:10:23 | Simulation update: decoder round 201534, completed instructions: 8006/15704, actively running or decoding instructions: 3, waiting windows: 29424/64506. Max active instruction index: 8539
2024-11-13 15:10:33 | Simulation update: decoder round 202622, completed instructions: 8056/15704, actively running or decoding instructions: 5, waiting windows: 29587/64888. Max active instruction index: 8589
2024-11-13 15:10:43 | Simulation update: decoder round 203730, completed instructions: 8114/15704, actively running or decoding instructions: 4, waiting windows: 29759/65273. Max active instruction index: 8637
2024-11-13 15:10:53 | Simulation update: decoder round 204857, completed instructions: 8161/15704, actively running or decoding instructions: 4, waiting windows: 29926/65650. Max active instruction index: 8692
2024-11-13 15:11:03 | Simulation update: decoder round 205999, completed instructions: 8227/15704, actively running or decoding instructions: 6, waiting windows: 30111/66052. Max active instruction index: 8741
2024-11-13 15:11:13 | Simulation update: decoder round 207157, completed instructions: 8281/15704, actively running or decoding instructions: 4, waiting windows: 30280/66448. Max active instruction index: 8795
2024-11-13 15:11:23 | Simulation update: decoder round 208330, completed instructions: 8346/15704, actively running or decoding instructions: 5, waiting windows: 30455/66832. Max active instruction index: 8864
2024-11-13 15:11:33 | Simulation update: decoder round 209473, completed instructions: 8402/15704, actively running or decoding instructions: 4, waiting windows: 30634/67230. Max active instruction index: 8915
2024-11-13 15:11:43 | Simulation update: decoder round 210664, completed instructions: 8464/15704, actively running or decoding instructions: 7, waiting windows: 30803/67623. Max active instruction index: 8975
2024-11-13 15:11:53 | Simulation update: decoder round 211864, completed instructions: 8525/15704, actively running or decoding instructions: 3, waiting windows: 30986/68038. Max active instruction index: 9046
2024-11-13 15:12:03 | Simulation update: decoder round 213072, completed instructions: 8593/15704, actively running or decoding instructions: 3, waiting windows: 31174/68459. Max active instruction index: 9099
2024-11-13 15:12:13 | Simulation update: decoder round 214287, completed instructions: 8657/15704, actively running or decoding instructions: 4, waiting windows: 31358/68876. Max active instruction index: 9165
2024-11-13 15:12:23 | Simulation update: decoder round 215514, completed instructions: 8712/15704, actively running or decoding instructions: 3, waiting windows: 31548/69293. Max active instruction index: 9216
2024-11-13 15:12:33 | Simulation update: decoder round 216763, completed instructions: 8776/15704, actively running or decoding instructions: 3, waiting windows: 31719/69704. Max active instruction index: 9275
2024-11-13 15:12:43 | Simulation update: decoder round 218028, completed instructions: 8834/15704, actively running or decoding instructions: 5, waiting windows: 31930/70140. Max active instruction index: 9326
2024-11-13 15:12:53 | Simulation update: decoder round 219318, completed instructions: 8897/15704, actively running or decoding instructions: 4, waiting windows: 32114/70576. Max active instruction index: 9382
2024-11-13 15:13:03 | Simulation update: decoder round 220634, completed instructions: 8977/15704, actively running or decoding instructions: 4, waiting windows: 32313/71016. Max active instruction index: 9461
2024-11-13 15:13:13 | Simulation update: decoder round 221968, completed instructions: 9041/15704, actively running or decoding instructions: 4, waiting windows: 32513/71468. Max active instruction index: 9513
2024-11-13 15:13:23 | Simulation update: decoder round 223314, completed instructions: 9106/15704, actively running or decoding instructions: 4, waiting windows: 32714/71917. Max active instruction index: 9584
2024-11-13 15:13:33 | Simulation update: decoder round 224671, completed instructions: 9172/15704, actively running or decoding instructions: 4, waiting windows: 32919/72378. Max active instruction index: 9654
2024-11-13 15:13:43 | Simulation update: decoder round 226040, completed instructions: 9245/15704, actively running or decoding instructions: 4, waiting windows: 33130/72846. Max active instruction index: 9731
2024-11-13 15:13:53 | Simulation update: decoder round 227434, completed instructions: 9277/15704, actively running or decoding instructions: 3, waiting windows: 33308/73249. Max active instruction index: 8629
2024-11-13 15:14:03 | Simulation update: decoder round 228853, completed instructions: 9309/15704, actively running or decoding instructions: 3, waiting windows: 33496/73640. Max active instruction index: 8689
2024-11-13 15:14:13 | Simulation update: decoder round 230271, completed instructions: 9339/15704, actively running or decoding instructions: 3, waiting windows: 33685/74041. Max active instruction index: 8775
2024-11-13 15:14:23 | Simulation update: decoder round 231707, completed instructions: 9370/15704, actively running or decoding instructions: 2, waiting windows: 33885/74458. Max active instruction index: 8839
2024-11-13 15:14:33 | Simulation update: decoder round 233148, completed instructions: 9400/15704, actively running or decoding instructions: 3, waiting windows: 34078/74873. Max active instruction index: 8909
2024-11-13 15:14:43 | Simulation update: decoder round 234606, completed instructions: 9430/15704, actively running or decoding instructions: 3, waiting windows: 34274/75285. Max active instruction index: 8981
2024-11-13 15:14:53 | Simulation update: decoder round 236064, completed instructions: 9458/15704, actively running or decoding instructions: 3, waiting windows: 34470/75692. Max active instruction index: 9042
2024-11-13 15:15:03 | Simulation update: decoder round 237501, completed instructions: 9485/15704, actively running or decoding instructions: 3, waiting windows: 34663/76105. Max active instruction index: 9107
2024-11-13 15:15:13 | Simulation update: decoder round 238937, completed instructions: 9518/15704, actively running or decoding instructions: 4, waiting windows: 34859/76515. Max active instruction index: 9185
2024-11-13 15:15:23 | Simulation update: decoder round 240406, completed instructions: 9546/15704, actively running or decoding instructions: 2, waiting windows: 35049/76920. Max active instruction index: 9250
2024-11-13 15:15:33 | Simulation update: decoder round 241925, completed instructions: 9580/15704, actively running or decoding instructions: 3, waiting windows: 35252/77347. Max active instruction index: 9334
2024-11-13 15:15:43 | Simulation update: decoder round 243467, completed instructions: 9613/15704, actively running or decoding instructions: 2, waiting windows: 35433/77730. Max active instruction index: 9430
2024-11-13 15:15:53 | Simulation update: decoder round 245019, completed instructions: 9644/15704, actively running or decoding instructions: 2, waiting windows: 35605/78104. Max active instruction index: 9505
2024-11-13 15:16:03 | Simulation update: decoder round 246576, completed instructions: 9677/15704, actively running or decoding instructions: 2, waiting windows: 35785/78482. Max active instruction index: 9579
2024-11-13 15:16:13 | Simulation update: decoder round 248149, completed instructions: 9708/15704, actively running or decoding instructions: 3, waiting windows: 35956/78859. Max active instruction index: 9648
2024-11-13 15:16:23 | Simulation update: decoder round 249724, completed instructions: 9740/15704, actively running or decoding instructions: 2, waiting windows: 36138/79240. Max active instruction index: 9725
2024-11-13 15:16:33 | Simulation update: decoder round 251295, completed instructions: 9821/15704, actively running or decoding instructions: 3, waiting windows: 36361/79721. Max active instruction index: 9823
2024-11-13 15:16:43 | Simulation update: decoder round 252871, completed instructions: 9889/15704, actively running or decoding instructions: 5, waiting windows: 36601/80253. Max active instruction index: 9881
2024-11-13 15:16:53 | Simulation update: decoder round 254378, completed instructions: 9958/15704, actively running or decoding instructions: 7, waiting windows: 36827/80759. Max active instruction index: 9963
2024-11-13 15:17:03 | Simulation update: decoder round 255920, completed instructions: 10019/15704, actively running or decoding instructions: 4, waiting windows: 37050/81241. Max active instruction index: 10011
2024-11-13 15:17:13 | Simulation update: decoder round 257467, completed instructions: 10087/15704, actively running or decoding instructions: 5, waiting windows: 37293/81759. Max active instruction index: 10078
2024-11-13 15:17:24 | Simulation update: decoder round 259053, completed instructions: 10156/15704, actively running or decoding instructions: 4, waiting windows: 37520/82272. Max active instruction index: 10147
2024-11-13 15:17:34 | Simulation update: decoder round 260660, completed instructions: 10221/15704, actively running or decoding instructions: 5, waiting windows: 37750/82785. Max active instruction index: 10219
2024-11-13 15:17:44 | Simulation update: decoder round 262295, completed instructions: 10304/15704, actively running or decoding instructions: 4, waiting windows: 38005/83331. Max active instruction index: 10305
2024-11-13 15:17:54 | Simulation update: decoder round 263957, completed instructions: 10373/15704, actively running or decoding instructions: 6, waiting windows: 38251/83886. Max active instruction index: 10370
2024-11-13 15:18:04 | Simulation update: decoder round 265648, completed instructions: 10452/15704, actively running or decoding instructions: 4, waiting windows: 38509/84453. Max active instruction index: 10448
2024-11-13 15:18:14 | Simulation update: decoder round 267375, completed instructions: 10524/15704, actively running or decoding instructions: 3, waiting windows: 38774/85041. Max active instruction index: 10519
2024-11-13 15:18:24 | Simulation update: decoder round 269163, completed instructions: 10654/15704, actively running or decoding instructions: 5, waiting windows: 39021/85618. Max active instruction index: 10665
2024-11-13 15:18:34 | Simulation update: decoder round 270951, completed instructions: 10804/15704, actively running or decoding instructions: 5, waiting windows: 39251/86159. Max active instruction index: 10805
2024-11-13 15:18:44 | Simulation update: decoder round 272994, completed instructions: 10960/15704, actively running or decoding instructions: 6, waiting windows: 39493/86736. Max active instruction index: 10960
2024-11-13 15:18:54 | Simulation update: decoder round 275116, completed instructions: 11135/15704, actively running or decoding instructions: 12, waiting windows: 39796/87446. Max active instruction index: 11144
2024-11-13 15:19:04 | Simulation update: decoder round 277393, completed instructions: 11315/15704, actively running or decoding instructions: 4, waiting windows: 40068/88124. Max active instruction index: 11329
2024-11-13 15:19:14 | Simulation update: decoder round 279807, completed instructions: 11518/15704, actively running or decoding instructions: 8, waiting windows: 40387/88870. Max active instruction index: 11522
2024-11-13 15:19:24 | Simulation update: decoder round 282378, completed instructions: 11732/15704, actively running or decoding instructions: 8, waiting windows: 40723/89664. Max active instruction index: 11734
2024-11-13 15:19:34 | Simulation update: decoder round 285193, completed instructions: 11888/15704, actively running or decoding instructions: 2, waiting windows: 41022/90377. Max active instruction index: 11875
2024-11-13 15:19:44 | Simulation update: decoder round 288171, completed instructions: 12062/15704, actively running or decoding instructions: 7, waiting windows: 41357/91132. Max active instruction index: 12063
2024-11-13 15:19:54 | Simulation update: decoder round 291365, completed instructions: 12234/15704, actively running or decoding instructions: 4, waiting windows: 41729/91959. Max active instruction index: 12231
2024-11-13 15:20:04 | Simulation update: decoder round 294816, completed instructions: 12409/15704, actively running or decoding instructions: 2, waiting windows: 42117/92831. Max active instruction index: 12403
2024-11-13 15:20:14 | Simulation update: decoder round 298530, completed instructions: 12502/15704, actively running or decoding instructions: 4, waiting windows: 42523/93710. Max active instruction index: 12498
2024-11-13 15:20:24 | Simulation update: decoder round 302414, completed instructions: 12585/15704, actively running or decoding instructions: 3, waiting windows: 42952/94628. Max active instruction index: 12575
2024-11-13 15:20:34 | Simulation update: decoder round 306511, completed instructions: 12676/15704, actively running or decoding instructions: 4, waiting windows: 43392/95575. Max active instruction index: 12671
2024-11-13 15:20:44 | Simulation update: decoder round 310769, completed instructions: 12779/15704, actively running or decoding instructions: 2, waiting windows: 43875/96603. Max active instruction index: 12769
2024-11-13 15:20:54 | Simulation update: decoder round 315265, completed instructions: 12874/15704, actively running or decoding instructions: 2, waiting windows: 44381/97674. Max active instruction index: 12864
2024-11-13 15:21:04 | Simulation update: decoder round 320041, completed instructions: 13012/15704, actively running or decoding instructions: 5, waiting windows: 44882/98795. Max active instruction index: 13018
2024-11-13 15:21:14 | Simulation update: decoder round 325240, completed instructions: 13303/15704, actively running or decoding instructions: 4, waiting windows: 45425/100085. Max active instruction index: 13317
2024-11-13 15:21:24 | Simulation update: decoder round 331209, completed instructions: 13627/15704, actively running or decoding instructions: 3, waiting windows: 46023/101530. Max active instruction index: 13688
2024-11-13 15:21:34 | Simulation update: decoder round 338503, completed instructions: 14041/15704, actively running or decoding instructions: 5, waiting windows: 46767/103338. Max active instruction index: 14128
2024-11-13 15:21:44 | Simulation update: decoder round 350304, completed instructions: 14543/15704, actively running or decoding instructions: 3, waiting windows: 47678/105587. Max active instruction index: 14532
2024-11-13 15:21:53 | Finished simulation
2024-11-13 15:21:54 | Finished saving output. Done! Total elapsed time: 0:40:33.978295
