CONFIG 0
benchmark_file: slurm/data/20241106_154004/benchmarks/regular_t_1000_0.lss
decoder_dist_filename: slurm/data/20241106_154004/decoder_dists.json
distance: 21
max_parallel_processes: None
rng: 0
scheduling_method: sliding
speculation_accuracy: 0.99
speculation_latency: 1
speculation_mode: None
2024-11-06 15:40:22 | Loading benchmark slurm/data/20241106_154004/benchmarks/regular_t_1000_0.lss...
2024-11-06 15:40:22 | Starting simulation
2024-11-06 15:40:22 | Simulation update: decoder round 1, completed instructions: 0/4001, actively running or decoding instructions: 1, waiting windows: 0/0. Max active instruction index: 0
2024-11-06 15:40:32 | Simulation update: decoder round 2667, completed instructions: 13/4001, actively running or decoding instructions: 2, waiting windows: 276/363. Max active instruction index: 9
2024-11-06 15:40:42 | Simulation update: decoder round 3376, completed instructions: 13/4001, actively running or decoding instructions: 2, waiting windows: 351/464. Max active instruction index: 9
2024-11-06 15:40:52 | Simulation update: decoder round 3879, completed instructions: 13/4001, actively running or decoding instructions: 2, waiting windows: 405/536. Max active instruction index: 9
2024-11-06 15:41:02 | Simulation update: decoder round 4282, completed instructions: 13/4001, actively running or decoding instructions: 2, waiting windows: 447/594. Max active instruction index: 9
2024-11-06 15:41:12 | Simulation update: decoder round 4623, completed instructions: 13/4001, actively running or decoding instructions: 2, waiting windows: 485/644. Max active instruction index: 9
2024-11-06 15:41:22 | Simulation update: decoder round 4922, completed instructions: 13/4001, actively running or decoding instructions: 2, waiting windows: 515/686. Max active instruction index: 9
2024-11-06 15:41:32 | Simulation update: decoder round 5189, completed instructions: 13/4001, actively running or decoding instructions: 2, waiting windows: 546/725. Max active instruction index: 9
2024-11-06 15:41:42 | Simulation update: decoder round 5434, completed instructions: 13/4001, actively running or decoding instructions: 2, waiting windows: 568/758. Max active instruction index: 9
2024-11-06 15:41:52 | Simulation update: decoder round 5658, completed instructions: 13/4001, actively running or decoding instructions: 2, waiting windows: 593/791. Max active instruction index: 9
2024-11-06 15:42:02 | Simulation update: decoder round 5866, completed instructions: 13/4001, actively running or decoding instructions: 2, waiting windows: 615/821. Max active instruction index: 9
2024-11-06 15:42:12 | Simulation update: decoder round 6061, completed instructions: 13/4001, actively running or decoding instructions: 2, waiting windows: 636/848. Max active instruction index: 9
2024-11-06 15:42:22 | Simulation update: decoder round 6245, completed instructions: 13/4001, actively running or decoding instructions: 2, waiting windows: 656/875. Max active instruction index: 9
2024-11-06 15:42:32 | Simulation update: decoder round 6420, completed instructions: 13/4001, actively running or decoding instructions: 2, waiting windows: 672/899. Max active instruction index: 9
2024-11-06 15:42:42 | Simulation update: decoder round 6586, completed instructions: 13/4001, actively running or decoding instructions: 2, waiting windows: 692/923. Max active instruction index: 9
2024-11-06 15:42:52 | Simulation update: decoder round 6744, completed instructions: 13/4001, actively running or decoding instructions: 2, waiting windows: 708/947. Max active instruction index: 9
2024-11-06 15:43:02 | Simulation update: decoder round 6895, completed instructions: 13/4001, actively running or decoding instructions: 2, waiting windows: 725/968. Max active instruction index: 9
2024-11-06 15:43:12 | Simulation update: decoder round 7040, completed instructions: 13/4001, actively running or decoding instructions: 2, waiting windows: 740/989. Max active instruction index: 9
2024-11-06 15:43:22 | Simulation update: decoder round 7180, completed instructions: 13/4001, actively running or decoding instructions: 2, waiting windows: 754/1008. Max active instruction index: 9
2024-11-06 15:43:32 | Simulation update: decoder round 7315, completed instructions: 13/4001, actively running or decoding instructions: 2, waiting windows: 771/1028. Max active instruction index: 9
2024-11-06 15:43:42 | Simulation update: decoder round 7444, completed instructions: 13/4001, actively running or decoding instructions: 2, waiting windows: 786/1046. Max active instruction index: 9
2024-11-06 15:43:52 | Simulation update: decoder round 7568, completed instructions: 13/4001, actively running or decoding instructions: 2, waiting windows: 801/1064. Max active instruction index: 9
2024-11-06 15:44:02 | Simulation update: decoder round 7688, completed instructions: 13/4001, actively running or decoding instructions: 2, waiting windows: 815/1082. Max active instruction index: 9
2024-11-06 15:44:12 | Simulation update: decoder round 7805, completed instructions: 13/4001, actively running or decoding instructions: 2, waiting windows: 827/1097. Max active instruction index: 9
2024-11-06 15:44:23 | Simulation update: decoder round 7918, completed instructions: 13/4001, actively running or decoding instructions: 2, waiting windows: 841/1115. Max active instruction index: 9
2024-11-06 15:44:33 | Simulation update: decoder round 8027, completed instructions: 13/4001, actively running or decoding instructions: 2, waiting windows: 853/1130. Max active instruction index: 9
2024-11-06 15:44:43 | Simulation update: decoder round 8133, completed instructions: 13/4001, actively running or decoding instructions: 2, waiting windows: 865/1145. Max active instruction index: 9
2024-11-06 15:44:53 | Simulation update: decoder round 8237, completed instructions: 13/4001, actively running or decoding instructions: 2, waiting windows: 878/1160. Max active instruction index: 9
2024-11-06 15:45:03 | Simulation update: decoder round 8338, completed instructions: 16/4001, actively running or decoding instructions: 2, waiting windows: 887/1172. Max active instruction index: 13
2024-11-06 15:45:13 | Simulation update: decoder round 8436, completed instructions: 16/4001, actively running or decoding instructions: 2, waiting windows: 893/1180. Max active instruction index: 13
2024-11-06 15:45:23 | Simulation update: decoder round 8531, completed instructions: 16/4001, actively running or decoding instructions: 2, waiting windows: 900/1190. Max active instruction index: 13
2024-11-06 15:45:33 | Simulation update: decoder round 8624, completed instructions: 16/4001, actively running or decoding instructions: 2, waiting windows: 905/1198. Max active instruction index: 13
2024-11-06 15:45:43 | Simulation update: decoder round 8715, completed instructions: 16/4001, actively running or decoding instructions: 2, waiting windows: 911/1207. Max active instruction index: 13
2024-11-06 15:45:53 | Simulation update: decoder round 8805, completed instructions: 16/4001, actively running or decoding instructions: 2, waiting windows: 917/1216. Max active instruction index: 13
2024-11-06 15:46:03 | Simulation update: decoder round 8893, completed instructions: 16/4001, actively running or decoding instructions: 2, waiting windows: 923/1224. Max active instruction index: 13
2024-11-06 15:46:13 | Simulation update: decoder round 8979, completed instructions: 16/4001, actively running or decoding instructions: 2, waiting windows: 930/1232. Max active instruction index: 13
2024-11-06 15:46:23 | Simulation update: decoder round 9064, completed instructions: 16/4001, actively running or decoding instructions: 2, waiting windows: 935/1240. Max active instruction index: 13
2024-11-06 15:46:33 | Simulation update: decoder round 9147, completed instructions: 16/4001, actively running or decoding instructions: 2, waiting windows: 940/1248. Max active instruction index: 13
2024-11-06 15:46:43 | Simulation update: decoder round 9228, completed instructions: 16/4001, actively running or decoding instructions: 2, waiting windows: 945/1256. Max active instruction index: 13
2024-11-06 15:46:53 | Simulation update: decoder round 9308, completed instructions: 16/4001, actively running or decoding instructions: 2, waiting windows: 952/1264. Max active instruction index: 13
2024-11-06 15:47:03 | Simulation update: decoder round 9387, completed instructions: 16/4001, actively running or decoding instructions: 2, waiting windows: 957/1271. Max active instruction index: 13
2024-11-06 15:47:13 | Simulation update: decoder round 9465, completed instructions: 16/4001, actively running or decoding instructions: 2, waiting windows: 961/1278. Max active instruction index: 13
2024-11-06 15:47:24 | Simulation update: decoder round 9541, completed instructions: 16/4001, actively running or decoding instructions: 2, waiting windows: 967/1286. Max active instruction index: 13
2024-11-06 15:47:34 | Simulation update: decoder round 9616, completed instructions: 16/4001, actively running or decoding instructions: 2, waiting windows: 973/1293. Max active instruction index: 13
2024-11-06 15:47:44 | Simulation update: decoder round 9690, completed instructions: 16/4001, actively running or decoding instructions: 2, waiting windows: 977/1300. Max active instruction index: 13
2024-11-06 15:47:54 | Simulation update: decoder round 9763, completed instructions: 16/4001, actively running or decoding instructions: 2, waiting windows: 981/1307. Max active instruction index: 13
2024-11-06 15:48:04 | Simulation update: decoder round 9835, completed instructions: 16/4001, actively running or decoding instructions: 2, waiting windows: 988/1314. Max active instruction index: 13
2024-11-06 15:48:14 | Simulation update: decoder round 9906, completed instructions: 16/4001, actively running or decoding instructions: 2, waiting windows: 991/1320. Max active instruction index: 13
2024-11-06 15:48:24 | Simulation update: decoder round 9976, completed instructions: 16/4001, actively running or decoding instructions: 2, waiting windows: 997/1328. Max active instruction index: 13
2024-11-06 15:48:34 | Simulation update: decoder round 10045, completed instructions: 16/4001, actively running or decoding instructions: 2, waiting windows: 1002/1334. Max active instruction index: 13
2024-11-06 15:48:44 | Simulation update: decoder round 10113, completed instructions: 16/4001, actively running or decoding instructions: 2, waiting windows: 1005/1340. Max active instruction index: 13
2024-11-06 15:48:55 | Simulation update: decoder round 10180, completed instructions: 16/4001, actively running or decoding instructions: 2, waiting windows: 1010/1346. Max active instruction index: 13
2024-11-06 15:49:05 | Simulation update: decoder round 10246, completed instructions: 16/4001, actively running or decoding instructions: 2, waiting windows: 1015/1353. Max active instruction index: 13
2024-11-06 15:49:15 | Simulation update: decoder round 10311, completed instructions: 16/4001, actively running or decoding instructions: 2, waiting windows: 1018/1359. Max active instruction index: 13
2024-11-06 15:49:25 | Simulation update: decoder round 10375, completed instructions: 16/4001, actively running or decoding instructions: 2, waiting windows: 1025/1366. Max active instruction index: 13
2024-11-06 15:49:35 | Simulation update: decoder round 10439, completed instructions: 16/4001, actively running or decoding instructions: 2, waiting windows: 1028/1372. Max active instruction index: 13
2024-11-06 15:49:45 | Simulation update: decoder round 10502, completed instructions: 16/4001, actively running or decoding instructions: 2, waiting windows: 1033/1378. Max active instruction index: 13
2024-11-06 15:49:55 | Simulation update: decoder round 10564, completed instructions: 16/4001, actively running or decoding instructions: 2, waiting windows: 1037/1384. Max active instruction index: 13
2024-11-06 15:50:05 | Simulation update: decoder round 10626, completed instructions: 16/4001, actively running or decoding instructions: 2, waiting windows: 1040/1389. Max active instruction index: 13
2024-11-06 15:50:15 | Simulation update: decoder round 10687, completed instructions: 16/4001, actively running or decoding instructions: 2, waiting windows: 1045/1395. Max active instruction index: 13
2024-11-06 15:50:25 | Simulation update: decoder round 10747, completed instructions: 16/4001, actively running or decoding instructions: 2, waiting windows: 1047/1400. Max active instruction index: 13
2024-11-06 15:50:35 | Simulation update: decoder round 10806, completed instructions: 16/4001, actively running or decoding instructions: 2, waiting windows: 1053/1406. Max active instruction index: 13
2024-11-06 15:50:45 | Simulation update: decoder round 10865, completed instructions: 16/4001, actively running or decoding instructions: 2, waiting windows: 1056/1412. Max active instruction index: 13
2024-11-06 15:50:56 | Simulation update: decoder round 10923, completed instructions: 16/4001, actively running or decoding instructions: 2, waiting windows: 1062/1418. Max active instruction index: 13
2024-11-06 15:51:06 | Simulation update: decoder round 10980, completed instructions: 16/4001, actively running or decoding instructions: 2, waiting windows: 1063/1422. Max active instruction index: 13
2024-11-06 15:51:16 | Simulation update: decoder round 11037, completed instructions: 16/4001, actively running or decoding instructions: 2, waiting windows: 1068/1428. Max active instruction index: 13
2024-11-06 15:51:26 | Simulation update: decoder round 11093, completed instructions: 16/4001, actively running or decoding instructions: 2, waiting windows: 1072/1434. Max active instruction index: 13
2024-11-06 15:51:36 | Simulation update: decoder round 11149, completed instructions: 16/4001, actively running or decoding instructions: 2, waiting windows: 1076/1439. Max active instruction index: 13
2024-11-06 15:51:46 | Simulation update: decoder round 11204, completed instructions: 16/4001, actively running or decoding instructions: 2, waiting windows: 1079/1444. Max active instruction index: 13
2024-11-06 15:51:56 | Simulation update: decoder round 11259, completed instructions: 16/4001, actively running or decoding instructions: 2, waiting windows: 1084/1450. Max active instruction index: 13
2024-11-06 15:52:06 | Simulation update: decoder round 11313, completed instructions: 16/4001, actively running or decoding instructions: 2, waiting windows: 1086/1454. Max active instruction index: 13
2024-11-06 15:52:16 | Simulation update: decoder round 11367, completed instructions: 16/4001, actively running or decoding instructions: 2, waiting windows: 1091/1460. Max active instruction index: 13
2024-11-06 15:52:26 | Simulation update: decoder round 11420, completed instructions: 16/4001, actively running or decoding instructions: 2, waiting windows: 1093/1464. Max active instruction index: 13
2024-11-06 15:52:36 | Simulation update: decoder round 11473, completed instructions: 16/4001, actively running or decoding instructions: 2, waiting windows: 1098/1470. Max active instruction index: 13
2024-11-06 15:52:46 | Simulation update: decoder round 11525, completed instructions: 16/4001, actively running or decoding instructions: 2, waiting windows: 1100/1474. Max active instruction index: 13
2024-11-06 15:52:57 | Simulation update: decoder round 11577, completed instructions: 16/4001, actively running or decoding instructions: 2, waiting windows: 1105/1480. Max active instruction index: 13
2024-11-06 15:53:07 | Simulation update: decoder round 11629, completed instructions: 16/4001, actively running or decoding instructions: 2, waiting windows: 1107/1484. Max active instruction index: 13
2024-11-06 15:53:17 | Simulation update: decoder round 11680, completed instructions: 16/4001, actively running or decoding instructions: 2, waiting windows: 1113/1490. Max active instruction index: 13
2024-11-06 15:53:27 | Simulation update: decoder round 11731, completed instructions: 16/4001, actively running or decoding instructions: 2, waiting windows: 1114/1494. Max active instruction index: 13
2024-11-06 15:53:37 | Simulation update: decoder round 11781, completed instructions: 16/4001, actively running or decoding instructions: 2, waiting windows: 1119/1499. Max active instruction index: 13
2024-11-06 15:53:47 | Simulation update: decoder round 11831, completed instructions: 16/4001, actively running or decoding instructions: 2, waiting windows: 1121/1504. Max active instruction index: 13
2024-11-06 15:53:57 | Simulation update: decoder round 11880, completed instructions: 16/4001, actively running or decoding instructions: 2, waiting windows: 1125/1508. Max active instruction index: 13
2024-11-06 15:54:07 | Simulation update: decoder round 11929, completed instructions: 16/4001, actively running or decoding instructions: 2, waiting windows: 1128/1514. Max active instruction index: 13
2024-11-06 15:54:18 | Simulation update: decoder round 11978, completed instructions: 16/4001, actively running or decoding instructions: 2, waiting windows: 1132/1518. Max active instruction index: 13
2024-11-06 15:54:28 | Simulation update: decoder round 12026, completed instructions: 16/4001, actively running or decoding instructions: 2, waiting windows: 1134/1522. Max active instruction index: 13
2024-11-06 15:54:38 | Simulation update: decoder round 12074, completed instructions: 16/4001, actively running or decoding instructions: 2, waiting windows: 1138/1527. Max active instruction index: 13
2024-11-06 15:54:48 | Simulation update: decoder round 12121, completed instructions: 16/4001, actively running or decoding instructions: 2, waiting windows: 1142/1532. Max active instruction index: 13
2024-11-06 15:54:58 | Simulation update: decoder round 12168, completed instructions: 16/4001, actively running or decoding instructions: 2, waiting windows: 1144/1536. Max active instruction index: 13
2024-11-06 15:55:08 | Simulation update: decoder round 12215, completed instructions: 16/4001, actively running or decoding instructions: 2, waiting windows: 1148/1540. Max active instruction index: 13
2024-11-06 15:55:18 | Simulation update: decoder round 12262, completed instructions: 16/4001, actively running or decoding instructions: 2, waiting windows: 1150/1545. Max active instruction index: 13
2024-11-06 15:55:22 | Finished simulation
2024-11-06 15:55:22 | Finished saving output. Done! Total elapsed time: 0:15:00.426594
