CONFIG 1086
benchmark_file: slurm/data/20241115_170539/benchmarks/adder_n28.lss
decoder_latency_or_dist_filename: slurm/data/20241115_170539/decoder_dists.json
distance: 21
lightweight_setting: 2
max_parallel_processes: None
missed_speculation_modifier: 1.4
poison_policy: successors
rng: 3
scheduling_method: parallel
speculation_accuracy: 0.9
speculation_latency: 1
speculation_mode: None
2024-11-15 17:36:10 | Loading benchmark slurm/data/20241115_170539/benchmarks/adder_n28.lss...
2024-11-15 17:36:10 | Starting simulation
2024-11-15 17:36:11 | Simulation update: decoder round 1, completed instructions: 0/2839, actively running or decoding instructions: 7, waiting windows: 0/0. Max active instruction index: 30
2024-11-15 17:36:21 | Simulation update: decoder round 1871, completed instructions: 228/2839, actively running or decoding instructions: 9, waiting windows: 1463/2659. Max active instruction index: 223
2024-11-15 17:36:31 | Simulation update: decoder round 3783, completed instructions: 344/2839, actively running or decoding instructions: 8, waiting windows: 2694/5180. Max active instruction index: 397
2024-11-15 17:36:41 | Simulation update: decoder round 5798, completed instructions: 483/2839, actively running or decoding instructions: 8, waiting windows: 3968/7811. Max active instruction index: 482
2024-11-15 17:36:51 | Simulation update: decoder round 7684, completed instructions: 767/2839, actively running or decoding instructions: 20, waiting windows: 5306/10602. Max active instruction index: 764
2024-11-15 17:37:01 | Simulation update: decoder round 9807, completed instructions: 993/2839, actively running or decoding instructions: 16, waiting windows: 6638/13394. Max active instruction index: 993
2024-11-15 17:37:11 | Simulation update: decoder round 12306, completed instructions: 1243/2839, actively running or decoding instructions: 8, waiting windows: 8026/16388. Max active instruction index: 1240
2024-11-15 17:37:21 | Simulation update: decoder round 15017, completed instructions: 1618/2839, actively running or decoding instructions: 20, waiting windows: 9482/19466. Max active instruction index: 1631
2024-11-15 17:37:31 | Simulation update: decoder round 18113, completed instructions: 2013/2839, actively running or decoding instructions: 13, waiting windows: 10790/22367. Max active instruction index: 2020
2024-11-15 17:37:41 | Simulation update: decoder round 22779, completed instructions: 2460/2839, actively running or decoding instructions: 6, waiting windows: 12262/25675. Max active instruction index: 2440
2024-11-15 17:37:46 | Finished simulation
2024-11-15 17:37:46 | Finished saving output. Done! Total elapsed time: 0:01:36.280478
