CONFIG 1105
benchmark_file: slurm/data/20241115_170539/benchmarks/fermi_hubbard_2_2.lss
decoder_latency_or_dist_filename: slurm/data/20241115_170539/decoder_dists.json
distance: 21
lightweight_setting: 2
max_parallel_processes: None
missed_speculation_modifier: 1.4
poison_policy: successors
rng: 5
scheduling_method: parallel
speculation_accuracy: 0.9
speculation_latency: 1
speculation_mode: None
2024-11-15 17:36:12 | Loading benchmark slurm/data/20241115_170539/benchmarks/fermi_hubbard_2_2.lss...
2024-11-15 17:36:13 | Starting simulation
2024-11-15 17:36:14 | Simulation update: decoder round 1, completed instructions: 0/14751, actively running or decoding instructions: 13, waiting windows: 0/0. Max active instruction index: 30
2024-11-15 17:36:24 | Simulation update: decoder round 865, completed instructions: 49/14751, actively running or decoding instructions: 2, waiting windows: 385/587. Max active instruction index: 45
2024-11-15 17:36:34 | Simulation update: decoder round 1713, completed instructions: 66/14751, actively running or decoding instructions: 3, waiting windows: 662/1151. Max active instruction index: 62
2024-11-15 17:36:44 | Simulation update: decoder round 2578, completed instructions: 72/14751, actively running or decoding instructions: 3, waiting windows: 947/1727. Max active instruction index: 68
2024-11-15 17:36:54 | Simulation update: decoder round 3448, completed instructions: 83/14751, actively running or decoding instructions: 4, waiting windows: 1229/2296. Max active instruction index: 79
2024-11-15 17:37:04 | Simulation update: decoder round 4302, completed instructions: 94/14751, actively running or decoding instructions: 3, waiting windows: 1507/2860. Max active instruction index: 90
2024-11-15 17:37:14 | Simulation update: decoder round 5174, completed instructions: 105/14751, actively running or decoding instructions: 4, waiting windows: 1789/3428. Max active instruction index: 101
2024-11-15 17:37:24 | Simulation update: decoder round 6044, completed instructions: 116/14751, actively running or decoding instructions: 3, waiting windows: 2071/4006. Max active instruction index: 112
2024-11-15 17:37:34 | Simulation update: decoder round 6914, completed instructions: 126/14751, actively running or decoding instructions: 3, waiting windows: 2369/4594. Max active instruction index: 122
2024-11-15 17:37:44 | Simulation update: decoder round 7789, completed instructions: 137/14751, actively running or decoding instructions: 4, waiting windows: 2641/5155. Max active instruction index: 133
2024-11-15 17:37:54 | Simulation update: decoder round 8658, completed instructions: 148/14751, actively running or decoding instructions: 4, waiting windows: 2927/5724. Max active instruction index: 144
2024-11-15 17:38:05 | Simulation update: decoder round 9539, completed instructions: 160/14751, actively running or decoding instructions: 4, waiting windows: 3211/6292. Max active instruction index: 156
2024-11-15 17:38:15 | Simulation update: decoder round 10404, completed instructions: 170/14751, actively running or decoding instructions: 2, waiting windows: 3502/6868. Max active instruction index: 166
2024-11-15 17:38:25 | Simulation update: decoder round 11287, completed instructions: 181/14751, actively running or decoding instructions: 4, waiting windows: 3778/7440. Max active instruction index: 177
2024-11-15 17:38:35 | Simulation update: decoder round 12169, completed instructions: 192/14751, actively running or decoding instructions: 3, waiting windows: 4075/8030. Max active instruction index: 188
2024-11-15 17:38:45 | Simulation update: decoder round 13052, completed instructions: 203/14751, actively running or decoding instructions: 3, waiting windows: 4368/8620. Max active instruction index: 199
2024-11-15 17:38:55 | Simulation update: decoder round 13931, completed instructions: 215/14751, actively running or decoding instructions: 3, waiting windows: 4658/9210. Max active instruction index: 211
2024-11-15 17:39:05 | Simulation update: decoder round 14819, completed instructions: 226/14751, actively running or decoding instructions: 4, waiting windows: 4945/9781. Max active instruction index: 222
2024-11-15 17:39:15 | Simulation update: decoder round 15700, completed instructions: 235/14751, actively running or decoding instructions: 2, waiting windows: 5216/10356. Max active instruction index: 232
2024-11-15 17:39:25 | Simulation update: decoder round 16579, completed instructions: 250/14751, actively running or decoding instructions: 5, waiting windows: 5511/10925. Max active instruction index: 250
2024-11-15 17:39:35 | Simulation update: decoder round 17473, completed instructions: 264/14751, actively running or decoding instructions: 3, waiting windows: 5813/11527. Max active instruction index: 261
2024-11-15 17:39:45 | Simulation update: decoder round 18371, completed instructions: 277/14751, actively running or decoding instructions: 4, waiting windows: 6083/12083. Max active instruction index: 273
2024-11-15 17:39:55 | Simulation update: decoder round 19260, completed instructions: 288/14751, actively running or decoding instructions: 3, waiting windows: 6391/12685. Max active instruction index: 284
2024-11-15 17:40:05 | Simulation update: decoder round 20162, completed instructions: 299/14751, actively running or decoding instructions: 4, waiting windows: 6673/13269. Max active instruction index: 295
2024-11-15 17:40:15 | Simulation update: decoder round 21064, completed instructions: 309/14751, actively running or decoding instructions: 3, waiting windows: 6976/13873. Max active instruction index: 305
2024-11-15 17:40:25 | Simulation update: decoder round 21970, completed instructions: 321/14751, actively running or decoding instructions: 4, waiting windows: 7263/14460. Max active instruction index: 317
2024-11-15 17:40:35 | Simulation update: decoder round 22859, completed instructions: 331/14751, actively running or decoding instructions: 3, waiting windows: 7547/15037. Max active instruction index: 328
2024-11-15 17:40:45 | Simulation update: decoder round 23761, completed instructions: 343/14751, actively running or decoding instructions: 2, waiting windows: 7838/15623. Max active instruction index: 340
2024-11-15 17:40:55 | Simulation update: decoder round 24667, completed instructions: 355/14751, actively running or decoding instructions: 4, waiting windows: 8114/16187. Max active instruction index: 352
2024-11-15 17:41:05 | Simulation update: decoder round 25576, completed instructions: 367/14751, actively running or decoding instructions: 2, waiting windows: 8418/16784. Max active instruction index: 363
2024-11-15 17:41:15 | Simulation update: decoder round 26484, completed instructions: 379/14751, actively running or decoding instructions: 2, waiting windows: 8729/17398. Max active instruction index: 378
2024-11-15 17:41:25 | Simulation update: decoder round 27393, completed instructions: 395/14751, actively running or decoding instructions: 3, waiting windows: 9015/17985. Max active instruction index: 391
2024-11-15 17:41:35 | Simulation update: decoder round 28309, completed instructions: 406/14751, actively running or decoding instructions: 4, waiting windows: 9309/18580. Max active instruction index: 402
2024-11-15 17:41:45 | Simulation update: decoder round 29223, completed instructions: 417/14751, actively running or decoding instructions: 3, waiting windows: 9610/19186. Max active instruction index: 413
2024-11-15 17:41:55 | Simulation update: decoder round 30137, completed instructions: 427/14751, actively running or decoding instructions: 2, waiting windows: 9915/19804. Max active instruction index: 423
2024-11-15 17:42:05 | Simulation update: decoder round 31031, completed instructions: 436/14751, actively running or decoding instructions: 3, waiting windows: 10201/20384. Max active instruction index: 433
2024-11-15 17:42:15 | Simulation update: decoder round 31947, completed instructions: 447/14751, actively running or decoding instructions: 3, waiting windows: 10497/20976. Max active instruction index: 449
2024-11-15 17:42:25 | Simulation update: decoder round 32875, completed instructions: 464/14751, actively running or decoding instructions: 2, waiting windows: 10801/21572. Max active instruction index: 461
2024-11-15 17:42:35 | Simulation update: decoder round 33800, completed instructions: 476/14751, actively running or decoding instructions: 3, waiting windows: 11099/22174. Max active instruction index: 472
2024-11-15 17:42:45 | Simulation update: decoder round 34726, completed instructions: 488/14751, actively running or decoding instructions: 4, waiting windows: 11390/22775. Max active instruction index: 484
2024-11-15 17:42:55 | Simulation update: decoder round 35651, completed instructions: 498/14751, actively running or decoding instructions: 3, waiting windows: 11698/23393. Max active instruction index: 494
2024-11-15 17:43:05 | Simulation update: decoder round 36574, completed instructions: 510/14751, actively running or decoding instructions: 3, waiting windows: 12009/24009. Max active instruction index: 506
2024-11-15 17:43:15 | Simulation update: decoder round 37504, completed instructions: 525/14751, actively running or decoding instructions: 4, waiting windows: 12300/24611. Max active instruction index: 522
2024-11-15 17:43:25 | Simulation update: decoder round 38414, completed instructions: 536/14751, actively running or decoding instructions: 6, waiting windows: 12610/25209. Max active instruction index: 537
2024-11-15 17:43:35 | Simulation update: decoder round 39344, completed instructions: 547/14751, actively running or decoding instructions: 3, waiting windows: 12911/25826. Max active instruction index: 543
2024-11-15 17:43:45 | Simulation update: decoder round 40274, completed instructions: 557/14751, actively running or decoding instructions: 3, waiting windows: 13216/26444. Max active instruction index: 553
2024-11-15 17:43:55 | Simulation update: decoder round 41208, completed instructions: 567/14751, actively running or decoding instructions: 2, waiting windows: 13527/27076. Max active instruction index: 563
2024-11-15 17:44:05 | Simulation update: decoder round 42149, completed instructions: 583/14751, actively running or decoding instructions: 4, waiting windows: 13837/27691. Max active instruction index: 584
2024-11-15 17:44:15 | Simulation update: decoder round 43087, completed instructions: 613/14751, actively running or decoding instructions: 9, waiting windows: 14142/28306. Max active instruction index: 607
2024-11-15 17:44:25 | Simulation update: decoder round 44023, completed instructions: 629/14751, actively running or decoding instructions: 3, waiting windows: 14480/28985. Max active instruction index: 623
2024-11-15 17:44:35 | Simulation update: decoder round 44966, completed instructions: 643/14751, actively running or decoding instructions: 3, waiting windows: 14805/29654. Max active instruction index: 638
2024-11-15 17:44:45 | Simulation update: decoder round 45887, completed instructions: 659/14751, actively running or decoding instructions: 2, waiting windows: 15132/30309. Max active instruction index: 653
2024-11-15 17:44:55 | Simulation update: decoder round 46829, completed instructions: 682/14751, actively running or decoding instructions: 3, waiting windows: 15463/30982. Max active instruction index: 676
2024-11-15 17:45:05 | Simulation update: decoder round 47779, completed instructions: 696/14751, actively running or decoding instructions: 2, waiting windows: 15795/31667. Max active instruction index: 691
2024-11-15 17:45:15 | Simulation update: decoder round 48729, completed instructions: 713/14751, actively running or decoding instructions: 3, waiting windows: 16124/32321. Max active instruction index: 707
2024-11-15 17:45:25 | Simulation update: decoder round 49689, completed instructions: 735/14751, actively running or decoding instructions: 4, waiting windows: 16453/33000. Max active instruction index: 729
2024-11-15 17:45:35 | Simulation update: decoder round 50647, completed instructions: 748/14751, actively running or decoding instructions: 2, waiting windows: 16782/33676. Max active instruction index: 743
2024-11-15 17:45:45 | Simulation update: decoder round 51612, completed instructions: 763/14751, actively running or decoding instructions: 2, waiting windows: 17113/34345. Max active instruction index: 758
2024-11-15 17:45:55 | Simulation update: decoder round 52553, completed instructions: 786/14751, actively running or decoding instructions: 4, waiting windows: 17450/35006. Max active instruction index: 787
2024-11-15 17:46:05 | Simulation update: decoder round 53518, completed instructions: 801/14751, actively running or decoding instructions: 3, waiting windows: 17791/35701. Max active instruction index: 795
2024-11-15 17:46:15 | Simulation update: decoder round 54484, completed instructions: 816/14751, actively running or decoding instructions: 2, waiting windows: 18133/36397. Max active instruction index: 810
2024-11-15 17:46:25 | Simulation update: decoder round 55458, completed instructions: 830/14751, actively running or decoding instructions: 2, waiting windows: 18476/37093. Max active instruction index: 824
2024-11-15 17:46:35 | Simulation update: decoder round 56428, completed instructions: 844/14751, actively running or decoding instructions: 2, waiting windows: 18826/37801. Max active instruction index: 838
2024-11-15 17:46:45 | Simulation update: decoder round 57408, completed instructions: 859/14751, actively running or decoding instructions: 4, waiting windows: 19150/38471. Max active instruction index: 854
2024-11-15 17:46:55 | Simulation update: decoder round 58387, completed instructions: 876/14751, actively running or decoding instructions: 3, waiting windows: 19504/39173. Max active instruction index: 870
2024-11-15 17:47:05 | Simulation update: decoder round 59370, completed instructions: 900/14751, actively running or decoding instructions: 4, waiting windows: 19841/39866. Max active instruction index: 894
2024-11-15 17:47:15 | Simulation update: decoder round 60361, completed instructions: 914/14751, actively running or decoding instructions: 3, waiting windows: 20194/40577. Max active instruction index: 908
2024-11-15 17:47:25 | Simulation update: decoder round 61333, completed instructions: 929/14751, actively running or decoding instructions: 3, waiting windows: 20541/41273. Max active instruction index: 923
2024-11-15 17:47:35 | Simulation update: decoder round 62336, completed instructions: 953/14751, actively running or decoding instructions: 5, waiting windows: 20891/41979. Max active instruction index: 947
2024-11-15 17:47:45 | Simulation update: decoder round 63344, completed instructions: 968/14751, actively running or decoding instructions: 3, waiting windows: 21236/42685. Max active instruction index: 962
2024-11-15 17:47:55 | Simulation update: decoder round 64348, completed instructions: 983/14751, actively running or decoding instructions: 4, waiting windows: 21584/43392. Max active instruction index: 977
2024-11-15 17:48:05 | Simulation update: decoder round 65343, completed instructions: 1004/14751, actively running or decoding instructions: 2, waiting windows: 21941/44107. Max active instruction index: 998
2024-11-15 17:48:15 | Simulation update: decoder round 66357, completed instructions: 1020/14751, actively running or decoding instructions: 4, waiting windows: 22280/44813. Max active instruction index: 1014
2024-11-15 17:48:25 | Simulation update: decoder round 67373, completed instructions: 1041/14751, actively running or decoding instructions: 2, waiting windows: 22650/45553. Max active instruction index: 1036
2024-11-15 17:48:35 | Simulation update: decoder round 68401, completed instructions: 1057/14751, actively running or decoding instructions: 2, waiting windows: 23014/46278. Max active instruction index: 1051
2024-11-15 17:48:45 | Simulation update: decoder round 69400, completed instructions: 1078/14751, actively running or decoding instructions: 3, waiting windows: 23360/46991. Max active instruction index: 1072
2024-11-15 17:48:55 | Simulation update: decoder round 70432, completed instructions: 1091/14751, actively running or decoding instructions: 2, waiting windows: 23720/47723. Max active instruction index: 1086
2024-11-15 17:49:05 | Simulation update: decoder round 71468, completed instructions: 1114/14751, actively running or decoding instructions: 4, waiting windows: 24078/48453. Max active instruction index: 1109
2024-11-15 17:49:15 | Simulation update: decoder round 72505, completed instructions: 1129/14751, actively running or decoding instructions: 2, waiting windows: 24431/49167. Max active instruction index: 1124
2024-11-15 17:49:25 | Simulation update: decoder round 73547, completed instructions: 1146/14751, actively running or decoding instructions: 4, waiting windows: 24783/49876. Max active instruction index: 1147
2024-11-15 17:49:35 | Simulation update: decoder round 74587, completed instructions: 1169/14751, actively running or decoding instructions: 2, waiting windows: 25146/50619. Max active instruction index: 1163
2024-11-15 17:49:45 | Simulation update: decoder round 75630, completed instructions: 1184/14751, actively running or decoding instructions: 3, waiting windows: 25528/51375. Max active instruction index: 1178
2024-11-15 17:49:55 | Simulation update: decoder round 76678, completed instructions: 1207/14751, actively running or decoding instructions: 4, waiting windows: 25885/52117. Max active instruction index: 1201
2024-11-15 17:50:05 | Simulation update: decoder round 77701, completed instructions: 1229/14751, actively running or decoding instructions: 4, waiting windows: 26248/52839. Max active instruction index: 1223
2024-11-15 17:50:15 | Simulation update: decoder round 78751, completed instructions: 1243/14751, actively running or decoding instructions: 2, waiting windows: 26620/53593. Max active instruction index: 1237
2024-11-15 17:50:25 | Simulation update: decoder round 79807, completed instructions: 1264/14751, actively running or decoding instructions: 3, waiting windows: 26998/54354. Max active instruction index: 1258
2024-11-15 17:50:35 | Simulation update: decoder round 80868, completed instructions: 1280/14751, actively running or decoding instructions: 3, waiting windows: 27368/55112. Max active instruction index: 1274
2024-11-15 17:50:45 | Simulation update: decoder round 81928, completed instructions: 1296/14751, actively running or decoding instructions: 2, waiting windows: 27750/55883. Max active instruction index: 1296
2024-11-15 17:50:55 | Simulation update: decoder round 82992, completed instructions: 1318/14751, actively running or decoding instructions: 3, waiting windows: 28110/56626. Max active instruction index: 1312
2024-11-15 17:51:05 | Simulation update: decoder round 84055, completed instructions: 1340/14751, actively running or decoding instructions: 4, waiting windows: 28499/57400. Max active instruction index: 1341
2024-11-15 17:51:15 | Simulation update: decoder round 85087, completed instructions: 1388/14751, actively running or decoding instructions: 9, waiting windows: 28889/58182. Max active instruction index: 1393
2024-11-15 17:51:25 | Simulation update: decoder round 86140, completed instructions: 1430/14751, actively running or decoding instructions: 5, waiting windows: 29308/59049. Max active instruction index: 1429
2024-11-15 17:51:35 | Simulation update: decoder round 87207, completed instructions: 1471/14751, actively running or decoding instructions: 6, waiting windows: 29726/59918. Max active instruction index: 1463
2024-11-15 17:51:45 | Simulation update: decoder round 88279, completed instructions: 1513/14751, actively running or decoding instructions: 5, waiting windows: 30157/60786. Max active instruction index: 1521
2024-11-15 17:51:55 | Simulation update: decoder round 89361, completed instructions: 1555/14751, actively running or decoding instructions: 6, waiting windows: 30590/61654. Max active instruction index: 1550
2024-11-15 17:52:05 | Simulation update: decoder round 90452, completed instructions: 1589/14751, actively running or decoding instructions: 4, waiting windows: 30995/62510. Max active instruction index: 1584
2024-11-15 17:52:15 | Simulation update: decoder round 91545, completed instructions: 1634/14751, actively running or decoding instructions: 3, waiting windows: 31447/63413. Max active instruction index: 1625
2024-11-15 17:52:25 | Simulation update: decoder round 92643, completed instructions: 1675/14751, actively running or decoding instructions: 4, waiting windows: 31883/64319. Max active instruction index: 1669
2024-11-15 17:52:35 | Simulation update: decoder round 93708, completed instructions: 1715/14751, actively running or decoding instructions: 4, waiting windows: 32322/65204. Max active instruction index: 1718
2024-11-15 17:52:45 | Simulation update: decoder round 94820, completed instructions: 1757/14751, actively running or decoding instructions: 4, waiting windows: 32758/66115. Max active instruction index: 1752
2024-11-15 17:52:55 | Simulation update: decoder round 95946, completed instructions: 1799/14751, actively running or decoding instructions: 3, waiting windows: 33213/67024. Max active instruction index: 1810
2024-11-15 17:53:05 | Simulation update: decoder round 97071, completed instructions: 1842/14751, actively running or decoding instructions: 4, waiting windows: 33670/67961. Max active instruction index: 1860
2024-11-15 17:53:15 | Simulation update: decoder round 98209, completed instructions: 1881/14751, actively running or decoding instructions: 5, waiting windows: 34111/68875. Max active instruction index: 1892
2024-11-15 17:53:25 | Simulation update: decoder round 99357, completed instructions: 1930/14751, actively running or decoding instructions: 6, waiting windows: 34576/69814. Max active instruction index: 1934
2024-11-15 17:53:35 | Simulation update: decoder round 100517, completed instructions: 1973/14751, actively running or decoding instructions: 6, waiting windows: 35018/70728. Max active instruction index: 1995
2024-11-15 17:53:45 | Simulation update: decoder round 101646, completed instructions: 2008/14751, actively running or decoding instructions: 4, waiting windows: 35461/71643. Max active instruction index: 2038
2024-11-15 17:53:55 | Simulation update: decoder round 102815, completed instructions: 2048/14751, actively running or decoding instructions: 3, waiting windows: 35910/72586. Max active instruction index: 2088
2024-11-15 17:54:05 | Simulation update: decoder round 103995, completed instructions: 2097/14751, actively running or decoding instructions: 5, waiting windows: 36405/73562. Max active instruction index: 2140
2024-11-15 17:54:15 | Simulation update: decoder round 105184, completed instructions: 2139/14751, actively running or decoding instructions: 6, waiting windows: 36870/74515. Max active instruction index: 2209
2024-11-15 17:54:25 | Simulation update: decoder round 106386, completed instructions: 2177/14751, actively running or decoding instructions: 5, waiting windows: 37343/75504. Max active instruction index: 2243
2024-11-15 17:54:35 | Simulation update: decoder round 107602, completed instructions: 2225/14751, actively running or decoding instructions: 6, waiting windows: 37814/76463. Max active instruction index: 2276
2024-11-15 17:54:45 | Simulation update: decoder round 108825, completed instructions: 2267/14751, actively running or decoding instructions: 6, waiting windows: 38284/77430. Max active instruction index: 2334
2024-11-15 17:54:55 | Simulation update: decoder round 110053, completed instructions: 2312/14751, actively running or decoding instructions: 4, waiting windows: 38771/78420. Max active instruction index: 2384
2024-11-15 17:55:05 | Simulation update: decoder round 111233, completed instructions: 2351/14751, actively running or decoding instructions: 4, waiting windows: 39242/79390. Max active instruction index: 2418
