CONFIG 1129
benchmark_file: slurm/data/20241115_170539/benchmarks/qpeinexact_5.lss
decoder_latency_or_dist_filename: slurm/data/20241115_170539/decoder_dists.json
distance: 21
lightweight_setting: 2
max_parallel_processes: None
missed_speculation_modifier: 1.4
poison_policy: successors
rng: 6
scheduling_method: parallel
speculation_accuracy: 0.9
speculation_latency: 1
speculation_mode: None
2024-11-15 17:36:11 | Loading benchmark slurm/data/20241115_170539/benchmarks/qpeinexact_5.lss...
2024-11-15 17:36:12 | Starting simulation
2024-11-15 17:36:14 | Simulation update: decoder round 1, completed instructions: 0/12893, actively running or decoding instructions: 5, waiting windows: 0/0. Max active instruction index: 8
2024-11-15 17:36:24 | Simulation update: decoder round 1357, completed instructions: 46/12893, actively running or decoding instructions: 3, waiting windows: 269/455. Max active instruction index: 37
2024-11-15 17:36:34 | Simulation update: decoder round 2689, completed instructions: 61/12893, actively running or decoding instructions: 3, waiting windows: 490/903. Max active instruction index: 52
2024-11-15 17:36:44 | Simulation update: decoder round 4045, completed instructions: 77/12893, actively running or decoding instructions: 4, waiting windows: 706/1341. Max active instruction index: 68
2024-11-15 17:36:54 | Simulation update: decoder round 5404, completed instructions: 99/12893, actively running or decoding instructions: 3, waiting windows: 921/1775. Max active instruction index: 91
2024-11-15 17:37:04 | Simulation update: decoder round 6773, completed instructions: 117/12893, actively running or decoding instructions: 4, waiting windows: 1124/2197. Max active instruction index: 108
2024-11-15 17:37:14 | Simulation update: decoder round 8140, completed instructions: 135/12893, actively running or decoding instructions: 4, waiting windows: 1346/2641. Max active instruction index: 126
2024-11-15 17:37:24 | Simulation update: decoder round 9514, completed instructions: 153/12893, actively running or decoding instructions: 3, waiting windows: 1565/3084. Max active instruction index: 144
2024-11-15 17:37:34 | Simulation update: decoder round 10896, completed instructions: 170/12893, actively running or decoding instructions: 4, waiting windows: 1780/3526. Max active instruction index: 161
2024-11-15 17:37:44 | Simulation update: decoder round 12274, completed instructions: 186/12893, actively running or decoding instructions: 3, waiting windows: 2000/3967. Max active instruction index: 177
2024-11-15 17:37:54 | Simulation update: decoder round 13654, completed instructions: 203/12893, actively running or decoding instructions: 4, waiting windows: 2215/4413. Max active instruction index: 194
2024-11-15 17:38:04 | Simulation update: decoder round 15034, completed instructions: 219/12893, actively running or decoding instructions: 3, waiting windows: 2448/4874. Max active instruction index: 210
2024-11-15 17:38:14 | Simulation update: decoder round 16425, completed instructions: 234/12893, actively running or decoding instructions: 3, waiting windows: 2674/5343. Max active instruction index: 225
2024-11-15 17:38:24 | Simulation update: decoder round 17835, completed instructions: 255/12893, actively running or decoding instructions: 2, waiting windows: 2902/5793. Max active instruction index: 247
2024-11-15 17:38:34 | Simulation update: decoder round 19250, completed instructions: 272/12893, actively running or decoding instructions: 3, waiting windows: 3131/6252. Max active instruction index: 263
2024-11-15 17:38:44 | Simulation update: decoder round 20670, completed instructions: 289/12893, actively running or decoding instructions: 2, waiting windows: 3356/6709. Max active instruction index: 280
2024-11-15 17:38:54 | Simulation update: decoder round 22093, completed instructions: 310/12893, actively running or decoding instructions: 3, waiting windows: 3579/7165. Max active instruction index: 302
2024-11-15 17:39:04 | Simulation update: decoder round 23506, completed instructions: 328/12893, actively running or decoding instructions: 3, waiting windows: 3796/7604. Max active instruction index: 319
2024-11-15 17:39:14 | Simulation update: decoder round 24941, completed instructions: 348/12893, actively running or decoding instructions: 2, waiting windows: 4030/8084. Max active instruction index: 339
2024-11-15 17:39:24 | Simulation update: decoder round 26385, completed instructions: 365/12893, actively running or decoding instructions: 3, waiting windows: 4271/8569. Max active instruction index: 356
2024-11-15 17:39:34 | Simulation update: decoder round 27837, completed instructions: 381/12893, actively running or decoding instructions: 3, waiting windows: 4500/9036. Max active instruction index: 372
2024-11-15 17:39:44 | Simulation update: decoder round 29296, completed instructions: 403/12893, actively running or decoding instructions: 3, waiting windows: 4738/9511. Max active instruction index: 394
2024-11-15 17:39:54 | Simulation update: decoder round 30751, completed instructions: 418/12893, actively running or decoding instructions: 3, waiting windows: 4976/9998. Max active instruction index: 409
2024-11-15 17:40:04 | Simulation update: decoder round 32229, completed instructions: 440/12893, actively running or decoding instructions: 3, waiting windows: 5200/10454. Max active instruction index: 432
2024-11-15 17:40:14 | Simulation update: decoder round 33701, completed instructions: 458/12893, actively running or decoding instructions: 3, waiting windows: 5438/10933. Max active instruction index: 449
2024-11-15 17:40:24 | Simulation update: decoder round 35187, completed instructions: 478/12893, actively running or decoding instructions: 3, waiting windows: 5668/11407. Max active instruction index: 470
2024-11-15 17:40:34 | Simulation update: decoder round 36686, completed instructions: 496/12893, actively running or decoding instructions: 4, waiting windows: 5883/11857. Max active instruction index: 488
2024-11-15 17:40:44 | Simulation update: decoder round 38175, completed instructions: 518/12893, actively running or decoding instructions: 2, waiting windows: 6129/12347. Max active instruction index: 510
2024-11-15 17:40:54 | Simulation update: decoder round 39675, completed instructions: 541/12893, actively running or decoding instructions: 4, waiting windows: 6365/12823. Max active instruction index: 532
2024-11-15 17:41:04 | Simulation update: decoder round 41181, completed instructions: 558/12893, actively running or decoding instructions: 3, waiting windows: 6609/13309. Max active instruction index: 549
2024-11-15 17:41:14 | Simulation update: decoder round 42688, completed instructions: 619/12893, actively running or decoding instructions: 16, waiting windows: 6878/13838. Max active instruction index: 1166
2024-11-15 17:41:24 | Simulation update: decoder round 44199, completed instructions: 663/12893, actively running or decoding instructions: 3, waiting windows: 7130/14395. Max active instruction index: 1189
2024-11-15 17:41:34 | Simulation update: decoder round 45720, completed instructions: 711/12893, actively running or decoding instructions: 4, waiting windows: 7404/14957. Max active instruction index: 1220
2024-11-15 17:41:44 | Simulation update: decoder round 47251, completed instructions: 757/12893, actively running or decoding instructions: 5, waiting windows: 7670/15516. Max active instruction index: 1242
2024-11-15 17:41:54 | Simulation update: decoder round 48788, completed instructions: 806/12893, actively running or decoding instructions: 5, waiting windows: 7954/16099. Max active instruction index: 1271
2024-11-15 17:42:04 | Simulation update: decoder round 50354, completed instructions: 850/12893, actively running or decoding instructions: 5, waiting windows: 8229/16673. Max active instruction index: 1301
2024-11-15 17:42:14 | Simulation update: decoder round 51941, completed instructions: 895/12893, actively running or decoding instructions: 5, waiting windows: 8507/17249. Max active instruction index: 1323
2024-11-15 17:42:24 | Simulation update: decoder round 53508, completed instructions: 943/12893, actively running or decoding instructions: 6, waiting windows: 8777/17819. Max active instruction index: 1353
2024-11-15 17:42:34 | Simulation update: decoder round 55122, completed instructions: 994/12893, actively running or decoding instructions: 4, waiting windows: 9049/18397. Max active instruction index: 1383
2024-11-15 17:42:44 | Simulation update: decoder round 56755, completed instructions: 1046/12893, actively running or decoding instructions: 6, waiting windows: 9351/19014. Max active instruction index: 1412
2024-11-15 17:42:54 | Simulation update: decoder round 58409, completed instructions: 1097/12893, actively running or decoding instructions: 5, waiting windows: 9648/19621. Max active instruction index: 1441
2024-11-15 17:43:04 | Simulation update: decoder round 60067, completed instructions: 1146/12893, actively running or decoding instructions: 4, waiting windows: 9958/20261. Max active instruction index: 1471
2024-11-15 17:43:14 | Simulation update: decoder round 61766, completed instructions: 1200/12893, actively running or decoding instructions: 6, waiting windows: 10231/20842. Max active instruction index: 1501
2024-11-15 17:43:24 | Simulation update: decoder round 63475, completed instructions: 1250/12893, actively running or decoding instructions: 4, waiting windows: 10526/21465. Max active instruction index: 1529
2024-11-15 17:43:34 | Simulation update: decoder round 65209, completed instructions: 1306/12893, actively running or decoding instructions: 6, waiting windows: 10834/22101. Max active instruction index: 1560
2024-11-15 17:43:44 | Simulation update: decoder round 66953, completed instructions: 1360/12893, actively running or decoding instructions: 4, waiting windows: 11170/22780. Max active instruction index: 1588
2024-11-15 17:43:54 | Simulation update: decoder round 68734, completed instructions: 1413/12893, actively running or decoding instructions: 5, waiting windows: 11468/23416. Max active instruction index: 1625
2024-11-15 17:44:04 | Simulation update: decoder round 70550, completed instructions: 1471/12893, actively running or decoding instructions: 7, waiting windows: 11740/24000. Max active instruction index: 1656
2024-11-15 17:44:14 | Simulation update: decoder round 72379, completed instructions: 1531/12893, actively running or decoding instructions: 5, waiting windows: 12050/24635. Max active instruction index: 1686
2024-11-15 17:44:24 | Simulation update: decoder round 74229, completed instructions: 1585/12893, actively running or decoding instructions: 4, waiting windows: 12356/25276. Max active instruction index: 1718
2024-11-15 17:44:34 | Simulation update: decoder round 76106, completed instructions: 1643/12893, actively running or decoding instructions: 7, waiting windows: 12668/25915. Max active instruction index: 1749
2024-11-15 17:44:44 | Simulation update: decoder round 77994, completed instructions: 1702/12893, actively running or decoding instructions: 5, waiting windows: 13007/26620. Max active instruction index: 1785
2024-11-15 17:44:54 | Simulation update: decoder round 79912, completed instructions: 1757/12893, actively running or decoding instructions: 5, waiting windows: 13366/27357. Max active instruction index: 1813
2024-11-15 17:45:04 | Simulation update: decoder round 81871, completed instructions: 1817/12893, actively running or decoding instructions: 6, waiting windows: 13697/28058. Max active instruction index: 1851
2024-11-15 17:45:14 | Simulation update: decoder round 83849, completed instructions: 1892/12893, actively running or decoding instructions: 9, waiting windows: 14064/28820. Max active instruction index: 1930
2024-11-15 17:45:24 | Simulation update: decoder round 85092, completed instructions: 1963/12893, actively running or decoding instructions: 9, waiting windows: 14267/29245. Max active instruction index: 1967
2024-11-15 17:45:34 | Simulation update: decoder round 85784, completed instructions: 1996/12893, actively running or decoding instructions: 7, waiting windows: 14386/29503. Max active instruction index: 1990
2024-11-15 17:45:44 | Simulation update: decoder round 86475, completed instructions: 2029/12893, actively running or decoding instructions: 6, waiting windows: 14509/29772. Max active instruction index: 2042
2024-11-15 17:45:54 | Simulation update: decoder round 87179, completed instructions: 2066/12893, actively running or decoding instructions: 8, waiting windows: 14623/30018. Max active instruction index: 2081
2024-11-15 17:46:04 | Simulation update: decoder round 87884, completed instructions: 2098/12893, actively running or decoding instructions: 7, waiting windows: 14754/30283. Max active instruction index: 2131
2024-11-15 17:46:14 | Simulation update: decoder round 88573, completed instructions: 2132/12893, actively running or decoding instructions: 7, waiting windows: 14870/30546. Max active instruction index: 2162
2024-11-15 17:46:24 | Simulation update: decoder round 89281, completed instructions: 2169/12893, actively running or decoding instructions: 6, waiting windows: 15001/30820. Max active instruction index: 2207
2024-11-15 17:46:34 | Simulation update: decoder round 89991, completed instructions: 2213/12893, actively running or decoding instructions: 8, waiting windows: 15135/31095. Max active instruction index: 2254
2024-11-15 17:46:44 | Simulation update: decoder round 90713, completed instructions: 2237/12893, actively running or decoding instructions: 7, waiting windows: 15251/31358. Max active instruction index: 2277
2024-11-15 17:46:54 | Simulation update: decoder round 91437, completed instructions: 2283/12893, actively running or decoding instructions: 9, waiting windows: 15368/31614. Max active instruction index: 2325
2024-11-15 17:47:04 | Simulation update: decoder round 92169, completed instructions: 2318/12893, actively running or decoding instructions: 8, waiting windows: 15504/31889. Max active instruction index: 2369
2024-11-15 17:47:14 | Simulation update: decoder round 92903, completed instructions: 2358/12893, actively running or decoding instructions: 8, waiting windows: 15634/32168. Max active instruction index: 2414
2024-11-15 17:47:24 | Simulation update: decoder round 93634, completed instructions: 2394/12893, actively running or decoding instructions: 8, waiting windows: 15770/32457. Max active instruction index: 2437
2024-11-15 17:47:34 | Simulation update: decoder round 94373, completed instructions: 2429/12893, actively running or decoding instructions: 7, waiting windows: 15887/32721. Max active instruction index: 2482
2024-11-15 17:47:44 | Simulation update: decoder round 95112, completed instructions: 2466/12893, actively running or decoding instructions: 6, waiting windows: 16030/33005. Max active instruction index: 2524
2024-11-15 17:47:54 | Simulation update: decoder round 95863, completed instructions: 2497/12893, actively running or decoding instructions: 7, waiting windows: 16160/33285. Max active instruction index: 2547
2024-11-15 17:48:04 | Simulation update: decoder round 96613, completed instructions: 2541/12893, actively running or decoding instructions: 8, waiting windows: 16307/33591. Max active instruction index: 2592
2024-11-15 17:48:14 | Simulation update: decoder round 97368, completed instructions: 2569/12893, actively running or decoding instructions: 6, waiting windows: 16432/33877. Max active instruction index: 2646
2024-11-15 17:48:24 | Simulation update: decoder round 98127, completed instructions: 2604/12893, actively running or decoding instructions: 5, waiting windows: 16553/34142. Max active instruction index: 2694
2024-11-15 17:48:34 | Simulation update: decoder round 98892, completed instructions: 2652/12893, actively running or decoding instructions: 10, waiting windows: 16677/34393. Max active instruction index: 2739
2024-11-15 17:48:44 | Simulation update: decoder round 99660, completed instructions: 2682/12893, actively running or decoding instructions: 7, waiting windows: 16803/34675. Max active instruction index: 2752
2024-11-15 17:48:54 | Simulation update: decoder round 100438, completed instructions: 2721/12893, actively running or decoding instructions: 10, waiting windows: 16930/34942. Max active instruction index: 2791
2024-11-15 17:49:04 | Simulation update: decoder round 101216, completed instructions: 2765/12893, actively running or decoding instructions: 10, waiting windows: 17068/35224. Max active instruction index: 2854
2024-11-15 17:49:14 | Simulation update: decoder round 101994, completed instructions: 2795/12893, actively running or decoding instructions: 7, waiting windows: 17183/35504. Max active instruction index: 2879
2024-11-15 17:49:24 | Simulation update: decoder round 102780, completed instructions: 2840/12893, actively running or decoding instructions: 7, waiting windows: 17306/35766. Max active instruction index: 2903
2024-11-15 17:49:34 | Simulation update: decoder round 103570, completed instructions: 2886/12893, actively running or decoding instructions: 6, waiting windows: 17449/36052. Max active instruction index: 2945
2024-11-15 17:49:44 | Simulation update: decoder round 104361, completed instructions: 2922/12893, actively running or decoding instructions: 5, waiting windows: 17592/36358. Max active instruction index: 2990
2024-11-15 17:49:54 | Simulation update: decoder round 105153, completed instructions: 2965/12893, actively running or decoding instructions: 7, waiting windows: 17727/36654. Max active instruction index: 3026
2024-11-15 17:50:04 | Simulation update: decoder round 105953, completed instructions: 3001/12893, actively running or decoding instructions: 9, waiting windows: 17874/36947. Max active instruction index: 3075
2024-11-15 17:50:14 | Simulation update: decoder round 106763, completed instructions: 3037/12893, actively running or decoding instructions: 6, waiting windows: 18028/37271. Max active instruction index: 3106
2024-11-15 17:50:24 | Simulation update: decoder round 107578, completed instructions: 3066/12893, actively running or decoding instructions: 9, waiting windows: 18141/37541. Max active instruction index: 3144
2024-11-15 17:50:34 | Simulation update: decoder round 108393, completed instructions: 3107/12893, actively running or decoding instructions: 9, waiting windows: 18294/37840. Max active instruction index: 3196
2024-11-15 17:50:44 | Simulation update: decoder round 109219, completed instructions: 3152/12893, actively running or decoding instructions: 9, waiting windows: 18416/38117. Max active instruction index: 3250
2024-11-15 17:50:54 | Simulation update: decoder round 110044, completed instructions: 3183/12893, actively running or decoding instructions: 5, waiting windows: 18551/38414. Max active instruction index: 3273
2024-11-15 17:51:04 | Simulation update: decoder round 110877, completed instructions: 3227/12893, actively running or decoding instructions: 9, waiting windows: 18691/38698. Max active instruction index: 3322
2024-11-15 17:51:14 | Simulation update: decoder round 111714, completed instructions: 3257/12893, actively running or decoding instructions: 7, waiting windows: 18842/38999. Max active instruction index: 3368
2024-11-15 17:51:24 | Simulation update: decoder round 112544, completed instructions: 3300/12893, actively running or decoding instructions: 7, waiting windows: 18976/39305. Max active instruction index: 3415
2024-11-15 17:51:34 | Simulation update: decoder round 113379, completed instructions: 3345/12893, actively running or decoding instructions: 7, waiting windows: 19113/39603. Max active instruction index: 3460
2024-11-15 17:51:44 | Simulation update: decoder round 114229, completed instructions: 3388/12893, actively running or decoding instructions: 11, waiting windows: 19243/39879. Max active instruction index: 3506
2024-11-15 17:51:54 | Simulation update: decoder round 115084, completed instructions: 3426/12893, actively running or decoding instructions: 7, waiting windows: 19371/40157. Max active instruction index: 3545
2024-11-15 17:52:04 | Simulation update: decoder round 115946, completed instructions: 3472/12893, actively running or decoding instructions: 8, waiting windows: 19512/40457. Max active instruction index: 3599
2024-11-15 17:52:14 | Simulation update: decoder round 116806, completed instructions: 3519/12893, actively running or decoding instructions: 7, waiting windows: 19663/40760. Max active instruction index: 3644
2024-11-15 17:52:24 | Simulation update: decoder round 117663, completed instructions: 3560/12893, actively running or decoding instructions: 6, waiting windows: 19822/41096. Max active instruction index: 3686
2024-11-15 17:52:34 | Simulation update: decoder round 118532, completed instructions: 3596/12893, actively running or decoding instructions: 5, waiting windows: 19980/41432. Max active instruction index: 3731
2024-11-15 17:52:44 | Simulation update: decoder round 119402, completed instructions: 3640/12893, actively running or decoding instructions: 6, waiting windows: 20128/41761. Max active instruction index: 3770
2024-11-15 17:52:54 | Simulation update: decoder round 120289, completed instructions: 3687/12893, actively running or decoding instructions: 10, waiting windows: 20263/42055. Max active instruction index: 3821
2024-11-15 17:53:04 | Simulation update: decoder round 121171, completed instructions: 3728/12893, actively running or decoding instructions: 8, waiting windows: 20407/42367. Max active instruction index: 3882
2024-11-15 17:53:14 | Simulation update: decoder round 122067, completed instructions: 3777/12893, actively running or decoding instructions: 9, waiting windows: 20554/42667. Max active instruction index: 3938
2024-11-15 17:53:24 | Simulation update: decoder round 122963, completed instructions: 3807/12893, actively running or decoding instructions: 7, waiting windows: 20714/43002. Max active instruction index: 3962
2024-11-15 17:53:34 | Simulation update: decoder round 123865, completed instructions: 3852/12893, actively running or decoding instructions: 7, waiting windows: 20877/43348. Max active instruction index: 4012
2024-11-15 17:53:44 | Simulation update: decoder round 124779, completed instructions: 3909/12893, actively running or decoding instructions: 9, waiting windows: 21033/43692. Max active instruction index: 4059
2024-11-15 17:53:54 | Simulation update: decoder round 125678, completed instructions: 3953/12893, actively running or decoding instructions: 7, waiting windows: 21190/44026. Max active instruction index: 4103
2024-11-15 17:54:04 | Simulation update: decoder round 126613, completed instructions: 4000/12893, actively running or decoding instructions: 9, waiting windows: 21323/44321. Max active instruction index: 4149
2024-11-15 17:54:14 | Simulation update: decoder round 127550, completed instructions: 4043/12893, actively running or decoding instructions: 6, waiting windows: 21455/44622. Max active instruction index: 4183
2024-11-15 17:54:24 | Simulation update: decoder round 128506, completed instructions: 4079/12893, actively running or decoding instructions: 5, waiting windows: 21595/44918. Max active instruction index: 4226
2024-11-15 17:54:34 | Simulation update: decoder round 129473, completed instructions: 4106/12893, actively running or decoding instructions: 4, waiting windows: 21732/45204. Max active instruction index: 4256
2024-11-15 17:54:44 | Simulation update: decoder round 130443, completed instructions: 4142/12893, actively running or decoding instructions: 6, waiting windows: 21887/45513. Max active instruction index: 4285
2024-11-15 17:54:54 | Simulation update: decoder round 131414, completed instructions: 4171/12893, actively running or decoding instructions: 4, waiting windows: 22040/45845. Max active instruction index: 4314
2024-11-15 17:55:04 | Simulation update: decoder round 132391, completed instructions: 4206/12893, actively running or decoding instructions: 4, waiting windows: 22194/46164. Max active instruction index: 4358
