CONFIG 1190
benchmark_file: slurm/data/20241115_170539/benchmarks/fermi_hubbard_2_2.lss
decoder_latency_or_dist_filename: slurm/data/20241115_170539/decoder_dists.json
distance: 21
lightweight_setting: 2
max_parallel_processes: None
missed_speculation_modifier: 1.4
poison_policy: successors
rng: 0
scheduling_method: aligned
speculation_accuracy: 0.9
speculation_latency: 1
speculation_mode: None
2024-11-15 17:36:11 | Loading benchmark slurm/data/20241115_170539/benchmarks/fermi_hubbard_2_2.lss...
2024-11-15 17:36:12 | Starting simulation
2024-11-15 17:36:13 | Simulation update: decoder round 1, completed instructions: 0/14751, actively running or decoding instructions: 13, waiting windows: 0/0. Max active instruction index: 30
2024-11-15 17:36:23 | Simulation update: decoder round 882, completed instructions: 53/14751, actively running or decoding instructions: 4, waiting windows: 373/586. Max active instruction index: 50
2024-11-15 17:36:33 | Simulation update: decoder round 1761, completed instructions: 65/14751, actively running or decoding instructions: 6, waiting windows: 642/1137. Max active instruction index: 62
2024-11-15 17:36:43 | Simulation update: decoder round 2642, completed instructions: 76/14751, actively running or decoding instructions: 3, waiting windows: 933/1706. Max active instruction index: 73
2024-11-15 17:36:53 | Simulation update: decoder round 3523, completed instructions: 87/14751, actively running or decoding instructions: 2, waiting windows: 1203/2270. Max active instruction index: 84
2024-11-15 17:37:03 | Simulation update: decoder round 4405, completed instructions: 99/14751, actively running or decoding instructions: 4, waiting windows: 1482/2839. Max active instruction index: 100
2024-11-15 17:37:13 | Simulation update: decoder round 5273, completed instructions: 116/14751, actively running or decoding instructions: 4, waiting windows: 1769/3412. Max active instruction index: 112
2024-11-15 17:37:23 | Simulation update: decoder round 6156, completed instructions: 126/14751, actively running or decoding instructions: 2, waiting windows: 2068/4002. Max active instruction index: 122
2024-11-15 17:37:33 | Simulation update: decoder round 7040, completed instructions: 141/14751, actively running or decoding instructions: 3, waiting windows: 2357/4592. Max active instruction index: 138
2024-11-15 17:37:43 | Simulation update: decoder round 7928, completed instructions: 153/14751, actively running or decoding instructions: 4, waiting windows: 2627/5144. Max active instruction index: 150
2024-11-15 17:37:53 | Simulation update: decoder round 8810, completed instructions: 165/14751, actively running or decoding instructions: 2, waiting windows: 2908/5725. Max active instruction index: 161
2024-11-15 17:38:03 | Simulation update: decoder round 9699, completed instructions: 180/14751, actively running or decoding instructions: 4, waiting windows: 3190/6300. Max active instruction index: 177
2024-11-15 17:38:13 | Simulation update: decoder round 10590, completed instructions: 192/14751, actively running or decoding instructions: 3, waiting windows: 3483/6889. Max active instruction index: 188
2024-11-15 17:38:23 | Simulation update: decoder round 11468, completed instructions: 208/14751, actively running or decoding instructions: 4, waiting windows: 3766/7461. Max active instruction index: 205
2024-11-15 17:38:33 | Simulation update: decoder round 12358, completed instructions: 220/14751, actively running or decoding instructions: 2, waiting windows: 4052/8037. Max active instruction index: 216
2024-11-15 17:38:43 | Simulation update: decoder round 13250, completed instructions: 236/14751, actively running or decoding instructions: 4, waiting windows: 4340/8629. Max active instruction index: 232
2024-11-15 17:38:53 | Simulation update: decoder round 14148, completed instructions: 248/14751, actively running or decoding instructions: 3, waiting windows: 4628/9215. Max active instruction index: 244
2024-11-15 17:39:03 | Simulation update: decoder round 15043, completed instructions: 265/14751, actively running or decoding instructions: 3, waiting windows: 4928/9821. Max active instruction index: 261
2024-11-15 17:39:13 | Simulation update: decoder round 15947, completed instructions: 277/14751, actively running or decoding instructions: 3, waiting windows: 5213/10411. Max active instruction index: 273
2024-11-15 17:39:23 | Simulation update: decoder round 16853, completed instructions: 292/14751, actively running or decoding instructions: 2, waiting windows: 5500/10994. Max active instruction index: 289
2024-11-15 17:39:33 | Simulation update: decoder round 17757, completed instructions: 308/14751, actively running or decoding instructions: 3, waiting windows: 5802/11589. Max active instruction index: 305
2024-11-15 17:39:43 | Simulation update: decoder round 18647, completed instructions: 321/14751, actively running or decoding instructions: 3, waiting windows: 6076/12166. Max active instruction index: 317
2024-11-15 17:39:53 | Simulation update: decoder round 19555, completed instructions: 332/14751, actively running or decoding instructions: 2, waiting windows: 6382/12780. Max active instruction index: 328
2024-11-15 17:40:03 | Simulation update: decoder round 20463, completed instructions: 350/14751, actively running or decoding instructions: 3, waiting windows: 6674/13369. Max active instruction index: 346
2024-11-15 17:40:13 | Simulation update: decoder round 21375, completed instructions: 362/14751, actively running or decoding instructions: 3, waiting windows: 6971/13973. Max active instruction index: 358
2024-11-15 17:40:23 | Simulation update: decoder round 22287, completed instructions: 378/14751, actively running or decoding instructions: 4, waiting windows: 7285/14593. Max active instruction index: 374
2024-11-15 17:40:33 | Simulation update: decoder round 23205, completed instructions: 390/14751, actively running or decoding instructions: 4, waiting windows: 7567/15183. Max active instruction index: 386
2024-11-15 17:40:43 | Simulation update: decoder round 24103, completed instructions: 406/14751, actively running or decoding instructions: 3, waiting windows: 7856/15785. Max active instruction index: 402
2024-11-15 17:40:53 | Simulation update: decoder round 25021, completed instructions: 417/14751, actively running or decoding instructions: 4, waiting windows: 8160/16387. Max active instruction index: 413
2024-11-15 17:41:03 | Simulation update: decoder round 25937, completed instructions: 427/14751, actively running or decoding instructions: 2, waiting windows: 8461/17003. Max active instruction index: 426
2024-11-15 17:41:13 | Simulation update: decoder round 26856, completed instructions: 443/14751, actively running or decoding instructions: 3, waiting windows: 8753/17607. Max active instruction index: 439
2024-11-15 17:41:23 | Simulation update: decoder round 27777, completed instructions: 453/14751, actively running or decoding instructions: 4, waiting windows: 9041/18193. Max active instruction index: 450
2024-11-15 17:41:33 | Simulation update: decoder round 28703, completed instructions: 471/14751, actively running or decoding instructions: 4, waiting windows: 9335/18791. Max active instruction index: 467
2024-11-15 17:41:43 | Simulation update: decoder round 29635, completed instructions: 488/14751, actively running or decoding instructions: 6, waiting windows: 9632/19392. Max active instruction index: 484
2024-11-15 17:41:53 | Simulation update: decoder round 30562, completed instructions: 497/14751, actively running or decoding instructions: 3, waiting windows: 9932/19999. Max active instruction index: 494
2024-11-15 17:42:03 | Simulation update: decoder round 31488, completed instructions: 515/14751, actively running or decoding instructions: 4, waiting windows: 10235/20597. Max active instruction index: 511
2024-11-15 17:42:13 | Simulation update: decoder round 32396, completed instructions: 525/14751, actively running or decoding instructions: 4, waiting windows: 10507/21177. Max active instruction index: 522
2024-11-15 17:42:23 | Simulation update: decoder round 33325, completed instructions: 542/14751, actively running or decoding instructions: 3, waiting windows: 10815/21789. Max active instruction index: 538
2024-11-15 17:42:33 | Simulation update: decoder round 34253, completed instructions: 553/14751, actively running or decoding instructions: 2, waiting windows: 11129/22421. Max active instruction index: 553
2024-11-15 17:42:43 | Simulation update: decoder round 35184, completed instructions: 566/14751, actively running or decoding instructions: 3, waiting windows: 11428/23034. Max active instruction index: 563
2024-11-15 17:42:53 | Simulation update: decoder round 36117, completed instructions: 580/14751, actively running or decoding instructions: 3, waiting windows: 11727/23643. Max active instruction index: 580
2024-11-15 17:43:03 | Simulation update: decoder round 37051, completed instructions: 613/14751, actively running or decoding instructions: 9, waiting windows: 12047/24276. Max active instruction index: 607
2024-11-15 17:43:13 | Simulation update: decoder round 37983, completed instructions: 630/14751, actively running or decoding instructions: 4, waiting windows: 12361/24928. Max active instruction index: 630
2024-11-15 17:43:23 | Simulation update: decoder round 38899, completed instructions: 652/14751, actively running or decoding instructions: 3, waiting windows: 12683/25578. Max active instruction index: 646
2024-11-15 17:43:33 | Simulation update: decoder round 39830, completed instructions: 673/14751, actively running or decoding instructions: 3, waiting windows: 13007/26248. Max active instruction index: 668
2024-11-15 17:43:43 | Simulation update: decoder round 40769, completed instructions: 690/14751, actively running or decoding instructions: 3, waiting windows: 13339/26913. Max active instruction index: 684
2024-11-15 17:43:53 | Simulation update: decoder round 41710, completed instructions: 707/14751, actively running or decoding instructions: 5, waiting windows: 13645/27558. Max active instruction index: 707
2024-11-15 17:44:03 | Simulation update: decoder round 42654, completed instructions: 727/14751, actively running or decoding instructions: 3, waiting windows: 13984/28241. Max active instruction index: 721
2024-11-15 17:44:13 | Simulation update: decoder round 43598, completed instructions: 742/14751, actively running or decoding instructions: 2, waiting windows: 14318/28922. Max active instruction index: 736
2024-11-15 17:44:23 | Simulation update: decoder round 44550, completed instructions: 764/14751, actively running or decoding instructions: 3, waiting windows: 14646/29590. Max active instruction index: 758
2024-11-15 17:44:33 | Simulation update: decoder round 45501, completed instructions: 780/14751, actively running or decoding instructions: 3, waiting windows: 14976/30273. Max active instruction index: 774
2024-11-15 17:44:43 | Simulation update: decoder round 46431, completed instructions: 801/14751, actively running or decoding instructions: 2, waiting windows: 15301/30942. Max active instruction index: 795
2024-11-15 17:44:53 | Simulation update: decoder round 47389, completed instructions: 823/14751, actively running or decoding instructions: 3, waiting windows: 15646/31639. Max active instruction index: 817
2024-11-15 17:45:03 | Simulation update: decoder round 48349, completed instructions: 838/14751, actively running or decoding instructions: 3, waiting windows: 15982/32335. Max active instruction index: 838
2024-11-15 17:45:13 | Simulation update: decoder round 49313, completed instructions: 859/14751, actively running or decoding instructions: 4, waiting windows: 16308/33009. Max active instruction index: 854
2024-11-15 17:45:23 | Simulation update: decoder round 50281, completed instructions: 883/14751, actively running or decoding instructions: 5, waiting windows: 16644/33683. Max active instruction index: 878
2024-11-15 17:45:33 | Simulation update: decoder round 51255, completed instructions: 900/14751, actively running or decoding instructions: 4, waiting windows: 16968/34350. Max active instruction index: 894
2024-11-15 17:45:43 | Simulation update: decoder round 52228, completed instructions: 922/14751, actively running or decoding instructions: 3, waiting windows: 17319/35065. Max active instruction index: 916
2024-11-15 17:45:53 | Simulation update: decoder round 53205, completed instructions: 936/14751, actively running or decoding instructions: 3, waiting windows: 17647/35744. Max active instruction index: 931
2024-11-15 17:46:03 | Simulation update: decoder round 54157, completed instructions: 960/14751, actively running or decoding instructions: 3, waiting windows: 17982/36426. Max active instruction index: 954
2024-11-15 17:46:13 | Simulation update: decoder round 55135, completed instructions: 983/14751, actively running or decoding instructions: 3, waiting windows: 18336/37136. Max active instruction index: 977
2024-11-15 17:46:23 | Simulation update: decoder round 56115, completed instructions: 997/14751, actively running or decoding instructions: 2, waiting windows: 18680/37847. Max active instruction index: 991
2024-11-15 17:46:33 | Simulation update: decoder round 57103, completed instructions: 1019/14751, actively running or decoding instructions: 3, waiting windows: 19014/38537. Max active instruction index: 1014
2024-11-15 17:46:43 | Simulation update: decoder round 58092, completed instructions: 1042/14751, actively running or decoding instructions: 2, waiting windows: 19367/39241. Max active instruction index: 1036
2024-11-15 17:46:54 | Simulation update: decoder round 59082, completed instructions: 1058/14751, actively running or decoding instructions: 3, waiting windows: 19715/39952. Max active instruction index: 1058
2024-11-15 17:47:04 | Simulation update: decoder round 60078, completed instructions: 1078/14751, actively running or decoding instructions: 2, waiting windows: 20063/40668. Max active instruction index: 1072
2024-11-15 17:47:14 | Simulation update: decoder round 61074, completed instructions: 1100/14751, actively running or decoding instructions: 5, waiting windows: 20403/41377. Max active instruction index: 1094
2024-11-15 17:47:24 | Simulation update: decoder round 62044, completed instructions: 1114/14751, actively running or decoding instructions: 3, waiting windows: 20739/42064. Max active instruction index: 1109
2024-11-15 17:47:34 | Simulation update: decoder round 63046, completed instructions: 1137/14751, actively running or decoding instructions: 3, waiting windows: 21095/42782. Max active instruction index: 1132
2024-11-15 17:47:44 | Simulation update: decoder round 64054, completed instructions: 1154/14751, actively running or decoding instructions: 4, waiting windows: 21432/43476. Max active instruction index: 1148
2024-11-15 17:47:54 | Simulation update: decoder round 65065, completed instructions: 1175/14751, actively running or decoding instructions: 3, waiting windows: 21783/44183. Max active instruction index: 1170
2024-11-15 17:48:04 | Simulation update: decoder round 66077, completed instructions: 1199/14751, actively running or decoding instructions: 4, waiting windows: 22124/44885. Max active instruction index: 1193
2024-11-15 17:48:14 | Simulation update: decoder round 67090, completed instructions: 1222/14751, actively running or decoding instructions: 5, waiting windows: 22462/45598. Max active instruction index: 1216
2024-11-15 17:48:24 | Simulation update: decoder round 68103, completed instructions: 1243/14751, actively running or decoding instructions: 3, waiting windows: 22826/46328. Max active instruction index: 1237
2024-11-15 17:48:34 | Simulation update: decoder round 69121, completed instructions: 1257/14751, actively running or decoding instructions: 3, waiting windows: 23189/47068. Max active instruction index: 1251
2024-11-15 17:48:44 | Simulation update: decoder round 70118, completed instructions: 1280/14751, actively running or decoding instructions: 4, waiting windows: 23516/47750. Max active instruction index: 1274
2024-11-15 17:48:54 | Simulation update: decoder round 71137, completed instructions: 1301/14751, actively running or decoding instructions: 5, waiting windows: 23887/48493. Max active instruction index: 1303
2024-11-15 17:49:04 | Simulation update: decoder round 72162, completed instructions: 1319/14751, actively running or decoding instructions: 4, waiting windows: 24245/49218. Max active instruction index: 1319
2024-11-15 17:49:14 | Simulation update: decoder round 73190, completed instructions: 1341/14751, actively running or decoding instructions: 3, waiting windows: 24600/49945. Max active instruction index: 1335
2024-11-15 17:49:24 | Simulation update: decoder round 74217, completed instructions: 1411/14751, actively running or decoding instructions: 10, waiting windows: 24986/50741. Max active instruction index: 1411
2024-11-15 17:49:34 | Simulation update: decoder round 75248, completed instructions: 1454/14751, actively running or decoding instructions: 6, waiting windows: 25393/51569. Max active instruction index: 1445
2024-11-15 17:49:44 | Simulation update: decoder round 76280, completed instructions: 1496/14751, actively running or decoding instructions: 5, waiting windows: 25810/52420. Max active instruction index: 1498
2024-11-15 17:49:54 | Simulation update: decoder round 77320, completed instructions: 1544/14751, actively running or decoding instructions: 8, waiting windows: 26208/53257. Max active instruction index: 1566
2024-11-15 17:50:04 | Simulation update: decoder round 78335, completed instructions: 1582/14751, actively running or decoding instructions: 6, waiting windows: 26599/54071. Max active instruction index: 1584
2024-11-15 17:50:14 | Simulation update: decoder round 79385, completed instructions: 1632/14751, actively running or decoding instructions: 4, waiting windows: 27030/54943. Max active instruction index: 1635
2024-11-15 17:50:24 | Simulation update: decoder round 80445, completed instructions: 1682/14751, actively running or decoding instructions: 4, waiting windows: 27432/55784. Max active instruction index: 1685
2024-11-15 17:50:34 | Simulation update: decoder round 81515, completed instructions: 1729/14751, actively running or decoding instructions: 3, waiting windows: 27846/56647. Max active instruction index: 1735
2024-11-15 17:50:44 | Simulation update: decoder round 82599, completed instructions: 1772/14751, actively running or decoding instructions: 4, waiting windows: 28264/57494. Max active instruction index: 1794
2024-11-15 17:50:54 | Simulation update: decoder round 83686, completed instructions: 1823/14751, actively running or decoding instructions: 6, waiting windows: 28695/58382. Max active instruction index: 1844
2024-11-15 17:51:04 | Simulation update: decoder round 84744, completed instructions: 1871/14751, actively running or decoding instructions: 4, waiting windows: 29122/59259. Max active instruction index: 1892
2024-11-15 17:51:14 | Simulation update: decoder round 85846, completed instructions: 1921/14751, actively running or decoding instructions: 5, waiting windows: 29553/60165. Max active instruction index: 1934
2024-11-15 17:51:24 | Simulation update: decoder round 86960, completed instructions: 1972/14751, actively running or decoding instructions: 6, waiting windows: 29987/61069. Max active instruction index: 1995
2024-11-15 17:51:34 | Simulation update: decoder round 88088, completed instructions: 2016/14751, actively running or decoding instructions: 6, waiting windows: 30420/61959. Max active instruction index: 2055
2024-11-15 17:51:44 | Simulation update: decoder round 89218, completed instructions: 2065/14751, actively running or decoding instructions: 5, waiting windows: 30868/62885. Max active instruction index: 2106
2024-11-15 17:51:54 | Simulation update: decoder round 90361, completed instructions: 2115/14751, actively running or decoding instructions: 7, waiting windows: 31315/63806. Max active instruction index: 2158
2024-11-15 17:52:04 | Simulation update: decoder round 91477, completed instructions: 2159/14751, actively running or decoding instructions: 5, waiting windows: 31745/64694. Max active instruction index: 2192
2024-11-15 17:52:14 | Simulation update: decoder round 92632, completed instructions: 2212/14751, actively running or decoding instructions: 6, waiting windows: 32200/65625. Max active instruction index: 2243
2024-11-15 17:52:24 | Simulation update: decoder round 93798, completed instructions: 2261/14751, actively running or decoding instructions: 4, waiting windows: 32672/66589. Max active instruction index: 2292
2024-11-15 17:52:34 | Simulation update: decoder round 94976, completed instructions: 2313/14751, actively running or decoding instructions: 6, waiting windows: 33125/67529. Max active instruction index: 2352
2024-11-15 17:52:44 | Simulation update: decoder round 96155, completed instructions: 2362/14751, actively running or decoding instructions: 5, waiting windows: 33587/68493. Max active instruction index: 2402
2024-11-15 17:52:54 | Simulation update: decoder round 97342, completed instructions: 2412/14751, actively running or decoding instructions: 5, waiting windows: 34072/69484. Max active instruction index: 2466
2024-11-15 17:53:04 | Simulation update: decoder round 98500, completed instructions: 2458/14751, actively running or decoding instructions: 4, waiting windows: 34521/70425. Max active instruction index: 2515
2024-11-15 17:53:14 | Simulation update: decoder round 99713, completed instructions: 2518/14751, actively running or decoding instructions: 5, waiting windows: 35002/71400. Max active instruction index: 2568
2024-11-15 17:53:24 | Simulation update: decoder round 100937, completed instructions: 2568/14751, actively running or decoding instructions: 5, waiting windows: 35480/72393. Max active instruction index: 2620
2024-11-15 17:53:34 | Simulation update: decoder round 102176, completed instructions: 2629/14751, actively running or decoding instructions: 7, waiting windows: 35961/73383. Max active instruction index: 2672
2024-11-15 17:53:44 | Simulation update: decoder round 103428, completed instructions: 2689/14751, actively running or decoding instructions: 4, waiting windows: 36461/74390. Max active instruction index: 2740
2024-11-15 17:53:54 | Simulation update: decoder round 104691, completed instructions: 2740/14751, actively running or decoding instructions: 4, waiting windows: 36933/75393. Max active instruction index: 2792
2024-11-15 17:54:04 | Simulation update: decoder round 105965, completed instructions: 2798/14751, actively running or decoding instructions: 4, waiting windows: 37443/76436. Max active instruction index: 2856
2024-11-15 17:54:14 | Simulation update: decoder round 107198, completed instructions: 2859/14751, actively running or decoding instructions: 5, waiting windows: 37942/77469. Max active instruction index: 2924
2024-11-15 17:54:24 | Simulation update: decoder round 108493, completed instructions: 2914/14751, actively running or decoding instructions: 5, waiting windows: 38450/78523. Max active instruction index: 2974
2024-11-15 17:54:34 | Simulation update: decoder round 109815, completed instructions: 2975/14751, actively running or decoding instructions: 6, waiting windows: 38967/79575. Max active instruction index: 3028
2024-11-15 17:54:44 | Simulation update: decoder round 111101, completed instructions: 3024/14751, actively running or decoding instructions: 3, waiting windows: 39451/80602. Max active instruction index: 3050
2024-11-15 17:54:54 | Simulation update: decoder round 112290, completed instructions: 3058/14751, actively running or decoding instructions: 5, waiting windows: 39895/81497. Max active instruction index: 3058
2024-11-15 17:55:04 | Simulation update: decoder round 113486, completed instructions: 3092/14751, actively running or decoding instructions: 2, waiting windows: 40349/82424. Max active instruction index: 3084
2024-11-15 17:55:14 | Simulation update: decoder round 114693, completed instructions: 3119/14751, actively running or decoding instructions: 2, waiting windows: 40793/83324. Max active instruction index: 3112
2024-11-15 17:55:24 | Simulation update: decoder round 115907, completed instructions: 3149/14751, actively running or decoding instructions: 4, waiting windows: 41249/84246. Max active instruction index: 3141
2024-11-15 17:55:34 | Simulation update: decoder round 117084, completed instructions: 3178/14751, actively running or decoding instructions: 4, waiting windows: 41680/85122. Max active instruction index: 3170
2024-11-15 17:55:44 | Simulation update: decoder round 118306, completed instructions: 3207/14751, actively running or decoding instructions: 5, waiting windows: 42138/86051. Max active instruction index: 3207
2024-11-15 17:55:54 | Simulation update: decoder round 119540, completed instructions: 3235/14751, actively running or decoding instructions: 4, waiting windows: 42593/86963. Max active instruction index: 3227
2024-11-15 17:56:04 | Simulation update: decoder round 120774, completed instructions: 3263/14751, actively running or decoding instructions: 2, waiting windows: 43057/87900. Max active instruction index: 3255
2024-11-15 17:56:14 | Simulation update: decoder round 122011, completed instructions: 3300/14751, actively running or decoding instructions: 6, waiting windows: 43526/88848. Max active instruction index: 3301
2024-11-15 17:56:24 | Simulation update: decoder round 123257, completed instructions: 3328/14751, actively running or decoding instructions: 4, waiting windows: 44003/89806. Max active instruction index: 3321
2024-11-15 17:56:34 | Simulation update: decoder round 124466, completed instructions: 3357/14751, actively running or decoding instructions: 3, waiting windows: 44438/90712. Max active instruction index: 3350
2024-11-15 17:56:44 | Simulation update: decoder round 125739, completed instructions: 3386/14751, actively running or decoding instructions: 3, waiting windows: 44907/91663. Max active instruction index: 3379
2024-11-15 17:56:54 | Simulation update: decoder round 127008, completed instructions: 3424/14751, actively running or decoding instructions: 2, waiting windows: 45389/92638. Max active instruction index: 3417
2024-11-15 17:57:04 | Simulation update: decoder round 128289, completed instructions: 3454/14751, actively running or decoding instructions: 5, waiting windows: 45866/93591. Max active instruction index: 3447
2024-11-15 17:57:14 | Simulation update: decoder round 129572, completed instructions: 3483/14751, actively running or decoding instructions: 5, waiting windows: 46354/94563. Max active instruction index: 3476
2024-11-15 17:57:24 | Simulation update: decoder round 130857, completed instructions: 3513/14751, actively running or decoding instructions: 2, waiting windows: 46832/95539. Max active instruction index: 3505
2024-11-15 17:57:34 | Simulation update: decoder round 132144, completed instructions: 3541/14751, actively running or decoding instructions: 3, waiting windows: 47315/96532. Max active instruction index: 3540
2024-11-15 17:57:44 | Simulation update: decoder round 133445, completed instructions: 3578/14751, actively running or decoding instructions: 4, waiting windows: 47804/97526. Max active instruction index: 3571
2024-11-15 17:57:54 | Simulation update: decoder round 134752, completed instructions: 3607/14751, actively running or decoding instructions: 2, waiting windows: 48301/98518. Max active instruction index: 3599
2024-11-15 17:58:04 | Simulation update: decoder round 136009, completed instructions: 3635/14751, actively running or decoding instructions: 3, waiting windows: 48772/99474. Max active instruction index: 3627
2024-11-15 17:58:14 | Simulation update: decoder round 137332, completed instructions: 3673/14751, actively running or decoding instructions: 3, waiting windows: 49270/100484. Max active instruction index: 3665
2024-11-15 17:58:24 | Simulation update: decoder round 138656, completed instructions: 3701/14751, actively running or decoding instructions: 3, waiting windows: 49763/101496. Max active instruction index: 3694
2024-11-15 17:58:34 | Simulation update: decoder round 139993, completed instructions: 3739/14751, actively running or decoding instructions: 3, waiting windows: 50286/102530. Max active instruction index: 3732
2024-11-15 17:58:44 | Simulation update: decoder round 141347, completed instructions: 3768/14751, actively running or decoding instructions: 2, waiting windows: 50787/103555. Max active instruction index: 3760
2024-11-15 17:58:54 | Simulation update: decoder round 142702, completed instructions: 3805/14751, actively running or decoding instructions: 3, waiting windows: 51314/104614. Max active instruction index: 3797
2024-11-15 17:59:04 | Simulation update: decoder round 144069, completed instructions: 3833/14751, actively running or decoding instructions: 3, waiting windows: 51824/105658. Max active instruction index: 3826
2024-11-15 17:59:14 | Simulation update: decoder round 145445, completed instructions: 3871/14751, actively running or decoding instructions: 4, waiting windows: 52326/106692. Max active instruction index: 3864
2024-11-15 17:59:24 | Simulation update: decoder round 146773, completed instructions: 3902/14751, actively running or decoding instructions: 4, waiting windows: 52834/107697. Max active instruction index: 3894
2024-11-15 17:59:34 | Simulation update: decoder round 148163, completed instructions: 3940/14751, actively running or decoding instructions: 4, waiting windows: 53367/108776. Max active instruction index: 3932
2024-11-15 17:59:44 | Simulation update: decoder round 149566, completed instructions: 3967/14751, actively running or decoding instructions: 3, waiting windows: 53887/109848. Max active instruction index: 3960
2024-11-15 17:59:54 | Simulation update: decoder round 150975, completed instructions: 4006/14751, actively running or decoding instructions: 3, waiting windows: 54436/110930. Max active instruction index: 3998
2024-11-15 18:00:04 | Simulation update: decoder round 152382, completed instructions: 4057/14751, actively running or decoding instructions: 4, waiting windows: 54984/112065. Max active instruction index: 4049
2024-11-15 18:00:14 | Simulation update: decoder round 153797, completed instructions: 4093/14751, actively running or decoding instructions: 2, waiting windows: 55553/113218. Max active instruction index: 4086
2024-11-15 18:00:24 | Simulation update: decoder round 155235, completed instructions: 4124/14751, actively running or decoding instructions: 4, waiting windows: 56132/114371. Max active instruction index: 4124
2024-11-15 18:00:34 | Simulation update: decoder round 156612, completed instructions: 4161/14751, actively running or decoding instructions: 3, waiting windows: 56672/115467. Max active instruction index: 4153
2024-11-15 18:00:44 | Simulation update: decoder round 158058, completed instructions: 4198/14751, actively running or decoding instructions: 5, waiting windows: 57241/116642. Max active instruction index: 4191
2024-11-15 18:00:54 | Simulation update: decoder round 159519, completed instructions: 4228/14751, actively running or decoding instructions: 3, waiting windows: 57834/117827. Max active instruction index: 4220
2024-11-15 18:01:04 | Simulation update: decoder round 160991, completed instructions: 4264/14751, actively running or decoding instructions: 2, waiting windows: 58427/119026. Max active instruction index: 4257
2024-11-15 18:01:14 | Simulation update: decoder round 162471, completed instructions: 4303/14751, actively running or decoding instructions: 4, waiting windows: 59013/120210. Max active instruction index: 4295
2024-11-15 18:01:24 | Simulation update: decoder round 163966, completed instructions: 4331/14751, actively running or decoding instructions: 3, waiting windows: 59594/121397. Max active instruction index: 4324
2024-11-15 18:01:34 | Simulation update: decoder round 165463, completed instructions: 4371/14751, actively running or decoding instructions: 3, waiting windows: 60212/122633. Max active instruction index: 4363
2024-11-15 18:01:44 | Simulation update: decoder round 166901, completed instructions: 4408/14751, actively running or decoding instructions: 4, waiting windows: 60779/123792. Max active instruction index: 4401
2024-11-15 18:01:54 | Simulation update: decoder round 168430, completed instructions: 4441/14751, actively running or decoding instructions: 6, waiting windows: 61375/124999. Max active instruction index: 4441
2024-11-15 18:02:04 | Simulation update: decoder round 169957, completed instructions: 4486/14751, actively running or decoding instructions: 4, waiting windows: 62012/126261. Max active instruction index: 4479
2024-11-15 18:02:14 | Simulation update: decoder round 171503, completed instructions: 4524/14751, actively running or decoding instructions: 2, waiting windows: 62616/127508. Max active instruction index: 4516
2024-11-15 18:02:24 | Simulation update: decoder round 173060, completed instructions: 4563/14751, actively running or decoding instructions: 5, waiting windows: 63246/128769. Max active instruction index: 4555
2024-11-15 18:02:34 | Simulation update: decoder round 174630, completed instructions: 4590/14751, actively running or decoding instructions: 4, waiting windows: 63859/130036. Max active instruction index: 4591
2024-11-15 18:02:44 | Simulation update: decoder round 176213, completed instructions: 4638/14751, actively running or decoding instructions: 3, waiting windows: 64513/131329. Max active instruction index: 4630
2024-11-15 18:02:54 | Simulation update: decoder round 177730, completed instructions: 4666/14751, actively running or decoding instructions: 4, waiting windows: 65114/132552. Max active instruction index: 4658
2024-11-15 18:03:04 | Simulation update: decoder round 179344, completed instructions: 4714/14751, actively running or decoding instructions: 3, waiting windows: 65767/133867. Max active instruction index: 4706
2024-11-15 18:03:14 | Simulation update: decoder round 180976, completed instructions: 4751/14751, actively running or decoding instructions: 2, waiting windows: 66423/135203. Max active instruction index: 4743
2024-11-15 18:03:24 | Simulation update: decoder round 182630, completed instructions: 4788/14751, actively running or decoding instructions: 4, waiting windows: 67073/136533. Max active instruction index: 4781
2024-11-15 18:03:34 | Simulation update: decoder round 184293, completed instructions: 4827/14751, actively running or decoding instructions: 3, waiting windows: 67742/137889. Max active instruction index: 4819
2024-11-15 18:03:44 | Simulation update: decoder round 185975, completed instructions: 4866/14751, actively running or decoding instructions: 3, waiting windows: 68409/139230. Max active instruction index: 4858
2024-11-15 18:03:54 | Simulation update: decoder round 187576, completed instructions: 4905/14751, actively running or decoding instructions: 3, waiting windows: 69061/140537. Max active instruction index: 4897
2024-11-15 18:04:04 | Simulation update: decoder round 189280, completed instructions: 4952/14751, actively running or decoding instructions: 5, waiting windows: 69744/141922. Max active instruction index: 4944
2024-11-15 18:04:14 | Simulation update: decoder round 191000, completed instructions: 4999/14751, actively running or decoding instructions: 5, waiting windows: 70450/143338. Max active instruction index: 5940
2024-11-15 18:04:24 | Simulation update: decoder round 192728, completed instructions: 5044/14751, actively running or decoding instructions: 5, waiting windows: 71170/144801. Max active instruction index: 5037
2024-11-15 18:04:34 | Simulation update: decoder round 194465, completed instructions: 5090/14751, actively running or decoding instructions: 2, waiting windows: 71908/146302. Max active instruction index: 5075
2024-11-15 18:04:44 | Simulation update: decoder round 196128, completed instructions: 5127/14751, actively running or decoding instructions: 2, waiting windows: 72612/147731. Max active instruction index: 5113
2024-11-15 18:04:54 | Simulation update: decoder round 197896, completed instructions: 5174/14751, actively running or decoding instructions: 2, waiting windows: 73375/149264. Max active instruction index: 5160
2024-11-15 18:05:04 | Simulation update: decoder round 199697, completed instructions: 5215/14751, actively running or decoding instructions: 3, waiting windows: 74136/150797. Max active instruction index: 5200
2024-11-15 18:05:14 | Simulation update: decoder round 201518, completed instructions: 5261/14751, actively running or decoding instructions: 2, waiting windows: 74907/152359. Max active instruction index: 5247
2024-11-15 18:05:24 | Simulation update: decoder round 203356, completed instructions: 5310/14751, actively running or decoding instructions: 5, waiting windows: 75685/153926. Max active instruction index: 5295
2024-11-15 18:05:34 | Simulation update: decoder round 205216, completed instructions: 5348/14751, actively running or decoding instructions: 3, waiting windows: 76470/155525. Max active instruction index: 5333
2024-11-15 18:05:44 | Simulation update: decoder round 207095, completed instructions: 5396/14751, actively running or decoding instructions: 3, waiting windows: 77269/157144. Max active instruction index: 5382
2024-11-15 18:05:54 | Simulation update: decoder round 209002, completed instructions: 5436/14751, actively running or decoding instructions: 6, waiting windows: 78063/158754. Max active instruction index: 5430
2024-11-15 18:06:04 | Simulation update: decoder round 210811, completed instructions: 5484/14751, actively running or decoding instructions: 3, waiting windows: 78842/160328. Max active instruction index: 5469
2024-11-15 18:06:14 | Simulation update: decoder round 212772, completed instructions: 5531/14751, actively running or decoding instructions: 4, waiting windows: 79662/161990. Max active instruction index: 5516
2024-11-15 18:06:24 | Simulation update: decoder round 214746, completed instructions: 5580/14751, actively running or decoding instructions: 4, waiting windows: 80508/163689. Max active instruction index: 5565
2024-11-15 18:06:34 | Simulation update: decoder round 216755, completed instructions: 5628/14751, actively running or decoding instructions: 2, waiting windows: 81370/165423. Max active instruction index: 5613
2024-11-15 18:06:44 | Simulation update: decoder round 218791, completed instructions: 5679/14751, actively running or decoding instructions: 5, waiting windows: 82237/167178. Max active instruction index: 5672
2024-11-15 18:06:54 | Simulation update: decoder round 220858, completed instructions: 5735/14751, actively running or decoding instructions: 4, waiting windows: 83110/168951. Max active instruction index: 5720
2024-11-15 18:07:05 | Simulation update: decoder round 222936, completed instructions: 5782/14751, actively running or decoding instructions: 3, waiting windows: 83962/170698. Max active instruction index: 5768
2024-11-15 18:07:15 | Simulation update: decoder round 225050, completed instructions: 5840/14751, actively running or decoding instructions: 3, waiting windows: 84879/172522. Max active instruction index: 5825
2024-11-15 18:07:25 | Simulation update: decoder round 227210, completed instructions: 5888/14751, actively running or decoding instructions: 2, waiting windows: 85796/174383. Max active instruction index: 5873
2024-11-15 18:07:35 | Simulation update: decoder round 229391, completed instructions: 5934/14751, actively running or decoding instructions: 2, waiting windows: 86731/176279. Max active instruction index: 5919
2024-11-15 18:07:45 | Simulation update: decoder round 231608, completed instructions: 6261/14751, actively running or decoding instructions: 15, waiting windows: 87742/178445. Max active instruction index: 6249
2024-11-15 18:07:55 | Simulation update: decoder round 234140, completed instructions: 6525/14751, actively running or decoding instructions: 15, waiting windows: 88872/180841. Max active instruction index: 6642
2024-11-15 18:08:05 | Simulation update: decoder round 236760, completed instructions: 6888/14751, actively running or decoding instructions: 21, waiting windows: 90090/183460. Max active instruction index: 6992
2024-11-15 18:08:15 | Simulation update: decoder round 239666, completed instructions: 7300/14751, actively running or decoding instructions: 19, waiting windows: 91389/186298. Max active instruction index: 7363
2024-11-15 18:08:25 | Simulation update: decoder round 242548, completed instructions: 7685/14751, actively running or decoding instructions: 18, waiting windows: 92714/189144. Max active instruction index: 7769
2024-11-15 18:08:35 | Simulation update: decoder round 245488, completed instructions: 8136/14751, actively running or decoding instructions: 14, waiting windows: 94128/192198. Max active instruction index: 8159
2024-11-15 18:08:45 | Simulation update: decoder round 248448, completed instructions: 8542/14751, actively running or decoding instructions: 24, waiting windows: 95485/195154. Max active instruction index: 8604
2024-11-15 18:08:55 | Simulation update: decoder round 252551, completed instructions: 8997/14751, actively running or decoding instructions: 8, waiting windows: 97057/198619. Max active instruction index: 8889
2024-11-15 18:09:05 | Simulation update: decoder round 257846, completed instructions: 9606/14751, actively running or decoding instructions: 22, waiting windows: 98876/202582. Max active instruction index: 9695
2024-11-15 18:09:15 | Simulation update: decoder round 275330, completed instructions: 10665/14751, actively running or decoding instructions: 6, waiting windows: 100932/207477. Max active instruction index: 10676
2024-11-15 18:09:25 | Simulation update: decoder round 298463, completed instructions: 11757/14751, actively running or decoding instructions: 4, waiting windows: 102973/212209. Max active instruction index: 11791
2024-11-15 18:09:35 | Simulation update: decoder round 326473, completed instructions: 12824/14751, actively running or decoding instructions: 3, waiting windows: 104999/216866. Max active instruction index: 12800
2024-11-15 18:09:45 | Simulation update: decoder round 369871, completed instructions: 13857/14751, actively running or decoding instructions: 5, waiting windows: 106920/221118. Max active instruction index: 13833
2024-11-15 18:09:53 | Finished simulation
2024-11-15 18:09:54 | Finished saving output. Done! Total elapsed time: 0:33:43.680138
