CONFIG 1222
benchmark_file: slurm/data/20241115_170539/benchmarks/adder_n28.lss
decoder_latency_or_dist_filename: slurm/data/20241115_170539/decoder_dists.json
distance: 21
lightweight_setting: 2
max_parallel_processes: None
missed_speculation_modifier: 1.4
poison_policy: successors
rng: 1
scheduling_method: aligned
speculation_accuracy: 0.9
speculation_latency: 1
speculation_mode: None
2024-11-15 17:36:25 | Loading benchmark slurm/data/20241115_170539/benchmarks/adder_n28.lss...
2024-11-15 17:36:25 | Starting simulation
2024-11-15 17:36:25 | Simulation update: decoder round 1, completed instructions: 0/2839, actively running or decoding instructions: 7, waiting windows: 0/0. Max active instruction index: 30
2024-11-15 17:36:35 | Simulation update: decoder round 1791, completed instructions: 234/2839, actively running or decoding instructions: 9, waiting windows: 1384/2511. Max active instruction index: 232
2024-11-15 17:36:45 | Simulation update: decoder round 3620, completed instructions: 379/2839, actively running or decoding instructions: 11, waiting windows: 2590/4962. Max active instruction index: 397
2024-11-15 17:36:55 | Simulation update: decoder round 5571, completed instructions: 512/2839, actively running or decoding instructions: 13, waiting windows: 3810/7508. Max active instruction index: 521
2024-11-15 17:37:05 | Simulation update: decoder round 7452, completed instructions: 786/2839, actively running or decoding instructions: 19, waiting windows: 5140/10277. Max active instruction index: 794
2024-11-15 17:37:15 | Simulation update: decoder round 9628, completed instructions: 1059/2839, actively running or decoding instructions: 17, waiting windows: 6473/13105. Max active instruction index: 1069
2024-11-15 17:37:25 | Simulation update: decoder round 12041, completed instructions: 1360/2839, actively running or decoding instructions: 21, waiting windows: 7826/16027. Max active instruction index: 1364
2024-11-15 17:37:35 | Simulation update: decoder round 14621, completed instructions: 1742/2839, actively running or decoding instructions: 13, waiting windows: 9076/18829. Max active instruction index: 1790
2024-11-15 17:37:45 | Simulation update: decoder round 17997, completed instructions: 2190/2839, actively running or decoding instructions: 7, waiting windows: 10381/21780. Max active instruction index: 2182
2024-11-15 17:37:55 | Simulation update: decoder round 26083, completed instructions: 2839/2839, actively running or decoding instructions: 7, waiting windows: 11875/25297. Max active instruction index: 2809
2024-11-15 17:37:55 | Finished simulation
2024-11-15 17:37:55 | Finished saving output. Done! Total elapsed time: 0:01:30.515785
