CONFIG 1265
benchmark_file: slurm/data/20241115_170539/benchmarks/qpeinexact_5.lss
decoder_latency_or_dist_filename: slurm/data/20241115_170539/decoder_dists.json
distance: 21
lightweight_setting: 2
max_parallel_processes: None
missed_speculation_modifier: 1.4
poison_policy: successors
rng: 4
scheduling_method: aligned
speculation_accuracy: 0.9
speculation_latency: 1
speculation_mode: None
2024-11-15 17:36:25 | Loading benchmark slurm/data/20241115_170539/benchmarks/qpeinexact_5.lss...
2024-11-15 17:36:26 | Starting simulation
2024-11-15 17:36:27 | Simulation update: decoder round 1, completed instructions: 0/12893, actively running or decoding instructions: 5, waiting windows: 0/0. Max active instruction index: 8
2024-11-15 17:36:37 | Simulation update: decoder round 1338, completed instructions: 46/12893, actively running or decoding instructions: 4, waiting windows: 257/431. Max active instruction index: 37
2024-11-15 17:36:47 | Simulation update: decoder round 2674, completed instructions: 61/12893, actively running or decoding instructions: 2, waiting windows: 473/881. Max active instruction index: 52
2024-11-15 17:36:57 | Simulation update: decoder round 4014, completed instructions: 81/12893, actively running or decoding instructions: 3, waiting windows: 673/1304. Max active instruction index: 73
2024-11-15 17:37:07 | Simulation update: decoder round 5365, completed instructions: 106/12893, actively running or decoding instructions: 3, waiting windows: 880/1736. Max active instruction index: 97
2024-11-15 17:37:17 | Simulation update: decoder round 6735, completed instructions: 129/12893, actively running or decoding instructions: 4, waiting windows: 1095/2168. Max active instruction index: 120
2024-11-15 17:37:27 | Simulation update: decoder round 8103, completed instructions: 153/12893, actively running or decoding instructions: 6, waiting windows: 1293/2581. Max active instruction index: 144
2024-11-15 17:37:37 | Simulation update: decoder round 9469, completed instructions: 170/12893, actively running or decoding instructions: 3, waiting windows: 1516/3038. Max active instruction index: 161
2024-11-15 17:37:47 | Simulation update: decoder round 10834, completed instructions: 192/12893, actively running or decoding instructions: 3, waiting windows: 1735/3482. Max active instruction index: 183
2024-11-15 17:37:57 | Simulation update: decoder round 12210, completed instructions: 213/12893, actively running or decoding instructions: 6, waiting windows: 1940/3912. Max active instruction index: 209
2024-11-15 17:38:07 | Simulation update: decoder round 13598, completed instructions: 229/12893, actively running or decoding instructions: 3, waiting windows: 2163/4375. Max active instruction index: 220
2024-11-15 17:38:17 | Simulation update: decoder round 14992, completed instructions: 251/12893, actively running or decoding instructions: 2, waiting windows: 2381/4829. Max active instruction index: 242
2024-11-15 17:38:27 | Simulation update: decoder round 16393, completed instructions: 272/12893, actively running or decoding instructions: 2, waiting windows: 2610/5289. Max active instruction index: 263
2024-11-15 17:38:37 | Simulation update: decoder round 17804, completed instructions: 293/12893, actively running or decoding instructions: 3, waiting windows: 2835/5760. Max active instruction index: 285
2024-11-15 17:38:47 | Simulation update: decoder round 19214, completed instructions: 316/12893, actively running or decoding instructions: 4, waiting windows: 3055/6220. Max active instruction index: 308
2024-11-15 17:38:58 | Simulation update: decoder round 20634, completed instructions: 338/12893, actively running or decoding instructions: 4, waiting windows: 3281/6682. Max active instruction index: 333
2024-11-15 17:39:08 | Simulation update: decoder round 22059, completed instructions: 358/12893, actively running or decoding instructions: 4, waiting windows: 3505/7146. Max active instruction index: 355
2024-11-15 17:39:18 | Simulation update: decoder round 23476, completed instructions: 376/12893, actively running or decoding instructions: 4, waiting windows: 3725/7602. Max active instruction index: 367
2024-11-15 17:39:28 | Simulation update: decoder round 24909, completed instructions: 397/12893, actively running or decoding instructions: 2, waiting windows: 3953/8070. Max active instruction index: 388
2024-11-15 17:39:38 | Simulation update: decoder round 26348, completed instructions: 418/12893, actively running or decoding instructions: 2, waiting windows: 4188/8554. Max active instruction index: 409
2024-11-15 17:39:48 | Simulation update: decoder round 27810, completed instructions: 440/12893, actively running or decoding instructions: 3, waiting windows: 4401/9003. Max active instruction index: 432
2024-11-15 17:39:58 | Simulation update: decoder round 29270, completed instructions: 462/12893, actively running or decoding instructions: 3, waiting windows: 4633/9480. Max active instruction index: 454
2024-11-15 17:40:08 | Simulation update: decoder round 30740, completed instructions: 485/12893, actively running or decoding instructions: 3, waiting windows: 4869/9962. Max active instruction index: 476
2024-11-15 17:40:18 | Simulation update: decoder round 32218, completed instructions: 507/12893, actively running or decoding instructions: 4, waiting windows: 5104/10442. Max active instruction index: 499
2024-11-15 17:40:28 | Simulation update: decoder round 33710, completed instructions: 530/12893, actively running or decoding instructions: 3, waiting windows: 5339/10927. Max active instruction index: 521
2024-11-15 17:40:38 | Simulation update: decoder round 35191, completed instructions: 545/12893, actively running or decoding instructions: 2, waiting windows: 5562/11405. Max active instruction index: 537
2024-11-15 17:40:48 | Simulation update: decoder round 36690, completed instructions: 569/12893, actively running or decoding instructions: 4, waiting windows: 5781/11860. Max active instruction index: 561
2024-11-15 17:40:58 | Simulation update: decoder round 38175, completed instructions: 653/12893, actively running or decoding instructions: 7, waiting windows: 6054/12423. Max active instruction index: 1182
2024-11-15 17:41:08 | Simulation update: decoder round 39686, completed instructions: 708/12893, actively running or decoding instructions: 7, waiting windows: 6307/12960. Max active instruction index: 1212
2024-11-15 17:41:18 | Simulation update: decoder round 41206, completed instructions: 756/12893, actively running or decoding instructions: 4, waiting windows: 6561/13514. Max active instruction index: 1242
2024-11-15 17:41:28 | Simulation update: decoder round 42736, completed instructions: 811/12893, actively running or decoding instructions: 6, waiting windows: 6850/14112. Max active instruction index: 1271
2024-11-15 17:41:38 | Simulation update: decoder round 44289, completed instructions: 864/12893, actively running or decoding instructions: 4, waiting windows: 7107/14681. Max active instruction index: 1301
2024-11-15 17:41:48 | Simulation update: decoder round 45853, completed instructions: 916/12893, actively running or decoding instructions: 6, waiting windows: 7387/15283. Max active instruction index: 1330
2024-11-15 17:41:58 | Simulation update: decoder round 47453, completed instructions: 979/12893, actively running or decoding instructions: 8, waiting windows: 7635/15825. Max active instruction index: 1375
2024-11-15 17:42:08 | Simulation update: decoder round 49055, completed instructions: 1032/12893, actively running or decoding instructions: 6, waiting windows: 7925/16436. Max active instruction index: 1397
2024-11-15 17:42:18 | Simulation update: decoder round 50677, completed instructions: 1088/12893, actively running or decoding instructions: 5, waiting windows: 8202/17041. Max active instruction index: 1427
2024-11-15 17:42:28 | Simulation update: decoder round 52320, completed instructions: 1149/12893, actively running or decoding instructions: 4, waiting windows: 8490/17664. Max active instruction index: 1463
2024-11-15 17:42:38 | Simulation update: decoder round 53994, completed instructions: 1205/12893, actively running or decoding instructions: 5, waiting windows: 8764/18253. Max active instruction index: 1501
2024-11-15 17:42:48 | Simulation update: decoder round 55646, completed instructions: 1264/12893, actively running or decoding instructions: 5, waiting windows: 9062/18882. Max active instruction index: 1529
2024-11-15 17:42:58 | Simulation update: decoder round 57354, completed instructions: 1328/12893, actively running or decoding instructions: 3, waiting windows: 9351/19504. Max active instruction index: 1567
2024-11-15 17:43:08 | Simulation update: decoder round 59094, completed instructions: 1386/12893, actively running or decoding instructions: 6, waiting windows: 9642/20148. Max active instruction index: 1602
2024-11-15 17:43:18 | Simulation update: decoder round 60855, completed instructions: 1450/12893, actively running or decoding instructions: 6, waiting windows: 9947/20804. Max active instruction index: 1640
2024-11-15 17:43:28 | Simulation update: decoder round 62641, completed instructions: 1511/12893, actively running or decoding instructions: 5, waiting windows: 10263/21464. Max active instruction index: 1672
2024-11-15 17:43:38 | Simulation update: decoder round 64478, completed instructions: 1577/12893, actively running or decoding instructions: 5, waiting windows: 10536/22073. Max active instruction index: 1710
2024-11-15 17:43:48 | Simulation update: decoder round 66335, completed instructions: 1638/12893, actively running or decoding instructions: 7, waiting windows: 10837/22715. Max active instruction index: 1749
2024-11-15 17:43:58 | Simulation update: decoder round 68213, completed instructions: 1708/12893, actively running or decoding instructions: 7, waiting windows: 11156/23396. Max active instruction index: 1785
2024-11-15 17:44:08 | Simulation update: decoder round 70112, completed instructions: 1772/12893, actively running or decoding instructions: 6, waiting windows: 11477/24105. Max active instruction index: 1828
2024-11-15 17:44:18 | Simulation update: decoder round 72064, completed instructions: 1844/12893, actively running or decoding instructions: 9, waiting windows: 11803/24788. Max active instruction index: 1874
2024-11-15 17:44:28 | Simulation update: decoder round 73941, completed instructions: 1952/12893, actively running or decoding instructions: 16, waiting windows: 12122/25457. Max active instruction index: 1946
2024-11-15 17:44:38 | Simulation update: decoder round 74625, completed instructions: 1975/12893, actively running or decoding instructions: 6, waiting windows: 12219/25710. Max active instruction index: 1984
2024-11-15 17:44:48 | Simulation update: decoder round 75310, completed instructions: 2022/12893, actively running or decoding instructions: 7, waiting windows: 12349/25988. Max active instruction index: 2056
2024-11-15 17:44:58 | Simulation update: decoder round 75999, completed instructions: 2059/12893, actively running or decoding instructions: 7, waiting windows: 12450/26230. Max active instruction index: 2063
2024-11-15 17:45:08 | Simulation update: decoder round 76693, completed instructions: 2104/12893, actively running or decoding instructions: 7, waiting windows: 12571/26489. Max active instruction index: 2110
2024-11-15 17:45:18 | Simulation update: decoder round 77387, completed instructions: 2149/12893, actively running or decoding instructions: 7, waiting windows: 12689/26763. Max active instruction index: 2162
2024-11-15 17:45:28 | Simulation update: decoder round 78084, completed instructions: 2184/12893, actively running or decoding instructions: 7, waiting windows: 12811/27040. Max active instruction index: 2207
2024-11-15 17:45:38 | Simulation update: decoder round 78785, completed instructions: 2222/12893, actively running or decoding instructions: 7, waiting windows: 12916/27290. Max active instruction index: 2254
2024-11-15 17:45:48 | Simulation update: decoder round 79492, completed instructions: 2267/12893, actively running or decoding instructions: 6, waiting windows: 13026/27552. Max active instruction index: 2301
2024-11-15 17:45:58 | Simulation update: decoder round 80200, completed instructions: 2312/12893, actively running or decoding instructions: 5, waiting windows: 13140/27809. Max active instruction index: 2347
2024-11-15 17:46:08 | Simulation update: decoder round 80910, completed instructions: 2358/12893, actively running or decoding instructions: 6, waiting windows: 13265/28074. Max active instruction index: 2390
2024-11-15 17:46:18 | Simulation update: decoder round 81628, completed instructions: 2403/12893, actively running or decoding instructions: 11, waiting windows: 13370/28328. Max active instruction index: 2437
2024-11-15 17:46:28 | Simulation update: decoder round 82348, completed instructions: 2448/12893, actively running or decoding instructions: 10, waiting windows: 13496/28592. Max active instruction index: 2482
2024-11-15 17:46:38 | Simulation update: decoder round 83076, completed instructions: 2483/12893, actively running or decoding instructions: 9, waiting windows: 13614/28861. Max active instruction index: 2546
2024-11-15 17:46:48 | Simulation update: decoder round 83799, completed instructions: 2535/12893, actively running or decoding instructions: 7, waiting windows: 13744/29158. Max active instruction index: 2569
2024-11-15 17:46:58 | Simulation update: decoder round 84533, completed instructions: 2572/12893, actively running or decoding instructions: 7, waiting windows: 13853/29417. Max active instruction index: 2622
2024-11-15 17:47:08 | Simulation update: decoder round 85271, completed instructions: 2619/12893, actively running or decoding instructions: 8, waiting windows: 13962/29683. Max active instruction index: 2670
2024-11-15 17:47:18 | Simulation update: decoder round 86023, completed instructions: 2666/12893, actively running or decoding instructions: 9, waiting windows: 14071/29934. Max active instruction index: 2718
2024-11-15 17:47:28 | Simulation update: decoder round 86777, completed instructions: 2712/12893, actively running or decoding instructions: 9, waiting windows: 14186/30195. Max active instruction index: 2752
2024-11-15 17:47:38 | Simulation update: decoder round 87529, completed instructions: 2756/12893, actively running or decoding instructions: 9, waiting windows: 14310/30482. Max active instruction index: 2791
2024-11-15 17:47:48 | Simulation update: decoder round 88275, completed instructions: 2804/12893, actively running or decoding instructions: 7, waiting windows: 14446/30783. Max active instruction index: 2834
2024-11-15 17:47:58 | Simulation update: decoder round 89037, completed instructions: 2858/12893, actively running or decoding instructions: 10, waiting windows: 14580/31080. Max active instruction index: 2879
2024-11-15 17:48:08 | Simulation update: decoder round 89804, completed instructions: 2902/12893, actively running or decoding instructions: 8, waiting windows: 14719/31388. Max active instruction index: 2924
2024-11-15 17:48:18 | Simulation update: decoder round 90582, completed instructions: 2942/12893, actively running or decoding instructions: 8, waiting windows: 14838/31669. Max active instruction index: 2969
2024-11-15 17:48:28 | Simulation update: decoder round 91367, completed instructions: 2987/12893, actively running or decoding instructions: 6, waiting windows: 14971/31973. Max active instruction index: 3026
2024-11-15 17:48:38 | Simulation update: decoder round 92153, completed instructions: 3030/12893, actively running or decoding instructions: 5, waiting windows: 15101/32272. Max active instruction index: 3063
2024-11-15 17:48:48 | Simulation update: decoder round 92947, completed instructions: 3076/12893, actively running or decoding instructions: 10, waiting windows: 15231/32565. Max active instruction index: 3106
2024-11-15 17:48:58 | Simulation update: decoder round 93747, completed instructions: 3110/12893, actively running or decoding instructions: 6, waiting windows: 15344/32855. Max active instruction index: 3145
2024-11-15 17:49:08 | Simulation update: decoder round 94555, completed instructions: 3166/12893, actively running or decoding instructions: 9, waiting windows: 15483/33147. Max active instruction index: 3196
2024-11-15 17:49:18 | Simulation update: decoder round 95370, completed instructions: 3221/12893, actively running or decoding instructions: 10, waiting windows: 15608/33441. Max active instruction index: 3273
2024-11-15 17:49:28 | Simulation update: decoder round 96185, completed instructions: 3265/12893, actively running or decoding instructions: 7, waiting windows: 15740/33731. Max active instruction index: 3300
2024-11-15 17:49:38 | Simulation update: decoder round 97005, completed instructions: 3314/12893, actively running or decoding instructions: 8, waiting windows: 15857/34020. Max active instruction index: 3368
2024-11-15 17:49:48 | Simulation update: decoder round 97831, completed instructions: 3366/12893, actively running or decoding instructions: 7, waiting windows: 16003/34339. Max active instruction index: 3415
2024-11-15 17:49:58 | Simulation update: decoder round 98664, completed instructions: 3422/12893, actively running or decoding instructions: 8, waiting windows: 16157/34663. Max active instruction index: 3476
2024-11-15 17:50:08 | Simulation update: decoder round 99497, completed instructions: 3464/12893, actively running or decoding instructions: 6, waiting windows: 16282/34981. Max active instruction index: 3506
2024-11-15 17:50:18 | Simulation update: decoder round 100342, completed instructions: 3534/12893, actively running or decoding instructions: 8, waiting windows: 16416/35285. Max active instruction index: 3569
2024-11-15 17:50:28 | Simulation update: decoder round 101190, completed instructions: 3581/12893, actively running or decoding instructions: 6, waiting windows: 16550/35588. Max active instruction index: 3620
2024-11-15 17:50:38 | Simulation update: decoder round 102042, completed instructions: 3627/12893, actively running or decoding instructions: 5, waiting windows: 16702/35921. Max active instruction index: 3665
2024-11-15 17:50:48 | Simulation update: decoder round 102899, completed instructions: 3672/12893, actively running or decoding instructions: 9, waiting windows: 16829/36227. Max active instruction index: 3710
2024-11-15 17:50:58 | Simulation update: decoder round 103767, completed instructions: 3733/12893, actively running or decoding instructions: 10, waiting windows: 16966/36546. Max active instruction index: 3770
2024-11-15 17:51:08 | Simulation update: decoder round 104647, completed instructions: 3784/12893, actively running or decoding instructions: 7, waiting windows: 17095/36847. Max active instruction index: 3821
2024-11-15 17:51:18 | Simulation update: decoder round 105527, completed instructions: 3829/12893, actively running or decoding instructions: 7, waiting windows: 17226/37153. Max active instruction index: 3869
2024-11-15 17:51:28 | Simulation update: decoder round 106421, completed instructions: 3885/12893, actively running or decoding instructions: 10, waiting windows: 17371/37468. Max active instruction index: 3906
2024-11-15 17:51:38 | Simulation update: decoder round 107319, completed instructions: 3945/12893, actively running or decoding instructions: 6, waiting windows: 17511/37778. Max active instruction index: 3975
2024-11-15 17:51:48 | Simulation update: decoder round 108220, completed instructions: 3998/12893, actively running or decoding instructions: 8, waiting windows: 17654/38122. Max active instruction index: 4012
2024-11-15 17:51:58 | Simulation update: decoder round 109136, completed instructions: 4051/12893, actively running or decoding instructions: 11, waiting windows: 17797/38446. Max active instruction index: 4080
2024-11-15 17:52:08 | Simulation update: decoder round 110061, completed instructions: 4112/12893, actively running or decoding instructions: 10, waiting windows: 17954/38790. Max active instruction index: 4126
2024-11-15 17:52:18 | Simulation update: decoder round 110997, completed instructions: 4169/12893, actively running or decoding instructions: 9, waiting windows: 18095/39124. Max active instruction index: 4183
2024-11-15 17:52:28 | Simulation update: decoder round 111942, completed instructions: 4199/12893, actively running or decoding instructions: 6, waiting windows: 18217/39421. Max active instruction index: 4211
2024-11-15 17:52:38 | Simulation update: decoder round 112892, completed instructions: 4237/12893, actively running or decoding instructions: 4, waiting windows: 18372/39746. Max active instruction index: 4256
2024-11-15 17:52:48 | Simulation update: decoder round 113844, completed instructions: 4280/12893, actively running or decoding instructions: 6, waiting windows: 18519/40064. Max active instruction index: 4300
2024-11-15 17:52:58 | Simulation update: decoder round 114803, completed instructions: 4324/12893, actively running or decoding instructions: 6, waiting windows: 18659/40387. Max active instruction index: 4344
2024-11-15 17:53:08 | Simulation update: decoder round 115771, completed instructions: 4355/12893, actively running or decoding instructions: 9, waiting windows: 18788/40691. Max active instruction index: 4387
2024-11-15 17:53:18 | Simulation update: decoder round 116748, completed instructions: 4398/12893, actively running or decoding instructions: 5, waiting windows: 18931/40994. Max active instruction index: 4410
2024-11-15 17:53:28 | Simulation update: decoder round 117732, completed instructions: 4444/12893, actively running or decoding instructions: 8, waiting windows: 19080/41315. Max active instruction index: 4457
2024-11-15 17:53:38 | Simulation update: decoder round 118721, completed instructions: 4474/12893, actively running or decoding instructions: 4, waiting windows: 19215/41624. Max active instruction index: 4474
2024-11-15 17:53:48 | Simulation update: decoder round 119709, completed instructions: 4521/12893, actively running or decoding instructions: 5, waiting windows: 19382/41972. Max active instruction index: 4532
2024-11-15 17:53:58 | Simulation update: decoder round 120712, completed instructions: 4565/12893, actively running or decoding instructions: 8, waiting windows: 19508/42270. Max active instruction index: 4569
2024-11-15 17:54:08 | Simulation update: decoder round 121727, completed instructions: 4589/12893, actively running or decoding instructions: 4, waiting windows: 19614/42525. Max active instruction index: 4575
2024-11-15 17:54:18 | Simulation update: decoder round 122748, completed instructions: 4653/12893, actively running or decoding instructions: 13, waiting windows: 19747/42798. Max active instruction index: 4672
2024-11-15 17:54:28 | Simulation update: decoder round 123780, completed instructions: 4687/12893, actively running or decoding instructions: 8, waiting windows: 19861/43066. Max active instruction index: 4700
2024-11-15 17:54:38 | Simulation update: decoder round 124817, completed instructions: 4737/12893, actively running or decoding instructions: 5, waiting windows: 19978/43338. Max active instruction index: 4730
2024-11-15 17:54:48 | Simulation update: decoder round 125858, completed instructions: 4781/12893, actively running or decoding instructions: 5, waiting windows: 20100/43601. Max active instruction index: 4777
2024-11-15 17:54:58 | Simulation update: decoder round 126891, completed instructions: 4823/12893, actively running or decoding instructions: 7, waiting windows: 20213/43853. Max active instruction index: 4823
2024-11-15 17:55:08 | Simulation update: decoder round 127951, completed instructions: 4861/12893, actively running or decoding instructions: 4, waiting windows: 20330/44104. Max active instruction index: 4854
