CONFIG 133
benchmark_file: slurm/data/20241115_170539/benchmarks/qpeexact_5.lss
decoder_latency_or_dist_filename: slurm/data/20241115_170539/decoder_dists.json
distance: 21
lightweight_setting: 2
max_parallel_processes: predict
missed_speculation_modifier: 1.4
poison_policy: successors
rng: 3
scheduling_method: sliding
speculation_accuracy: 0.9
speculation_latency: 1
speculation_mode: separate
2024-11-15 17:06:00 | Loading benchmark slurm/data/20241115_170539/benchmarks/qpeexact_5.lss...
2024-11-15 17:06:01 | Starting simulation
PREDICTION STEP BEGIN---------------------------------
Predicted max parallel processes: 59

PREDICTION STEP END-----------------------------------

2024-11-15 17:36:43 | Simulation update: decoder round 1, completed instructions: 0/14570, actively running or decoding instructions: 1, waiting windows: 0/0. Max active instruction index: 0
2024-11-15 17:36:53 | Simulation update: decoder round 6085, completed instructions: 133/14570, actively running or decoding instructions: 2, waiting windows: 13/558. Max active instruction index: 129
2024-11-15 17:37:03 | Simulation update: decoder round 13034, completed instructions: 290/14570, actively running or decoding instructions: 2, waiting windows: 15/1131. Max active instruction index: 286
2024-11-15 17:37:13 | Simulation update: decoder round 21155, completed instructions: 456/14570, actively running or decoding instructions: 2, waiting windows: 15/1841. Max active instruction index: 456
2024-11-15 17:37:23 | Simulation update: decoder round 30410, completed instructions: 671/14570, actively running or decoding instructions: 4, waiting windows: 23/3121. Max active instruction index: 662
2024-11-15 17:37:33 | Simulation update: decoder round 41784, completed instructions: 923/14570, actively running or decoding instructions: 3, waiting windows: 28/5236. Max active instruction index: 914
2024-11-15 17:37:43 | Simulation update: decoder round 51221, completed instructions: 1159/14570, actively running or decoding instructions: 12, waiting windows: 49/7042. Max active instruction index: 1698
2024-11-15 17:37:53 | Simulation update: decoder round 52100, completed instructions: 1199/14570, actively running or decoding instructions: 5, waiting windows: 42/7326. Max active instruction index: 1750
2024-11-15 17:38:03 | Simulation update: decoder round 52989, completed instructions: 1252/14570, actively running or decoding instructions: 5, waiting windows: 44/7627. Max active instruction index: 1789
2024-11-15 17:38:13 | Simulation update: decoder round 53884, completed instructions: 1297/14570, actively running or decoding instructions: 6, waiting windows: 40/7922. Max active instruction index: 1842
2024-11-15 17:38:24 | Simulation update: decoder round 54780, completed instructions: 1341/14570, actively running or decoding instructions: 6, waiting windows: 53/8230. Max active instruction index: 1883
2024-11-15 17:38:34 | Simulation update: decoder round 55682, completed instructions: 1389/14570, actively running or decoding instructions: 4, waiting windows: 50/8530. Max active instruction index: 1931
2024-11-15 17:38:44 | Simulation update: decoder round 56586, completed instructions: 1432/14570, actively running or decoding instructions: 3, waiting windows: 47/8846. Max active instruction index: 1980
2024-11-15 17:38:54 | Simulation update: decoder round 57500, completed instructions: 1473/14570, actively running or decoding instructions: 3, waiting windows: 49/9135. Max active instruction index: 2021
2024-11-15 17:39:04 | Simulation update: decoder round 58416, completed instructions: 1516/14570, actively running or decoding instructions: 4, waiting windows: 44/9446. Max active instruction index: 2063
2024-11-15 17:39:14 | Simulation update: decoder round 59339, completed instructions: 1567/14570, actively running or decoding instructions: 5, waiting windows: 47/9755. Max active instruction index: 2115
2024-11-15 17:39:24 | Simulation update: decoder round 60262, completed instructions: 1609/14570, actively running or decoding instructions: 5, waiting windows: 50/10065. Max active instruction index: 2163
2024-11-15 17:39:34 | Simulation update: decoder round 61194, completed instructions: 1661/14570, actively running or decoding instructions: 5, waiting windows: 46/10381. Max active instruction index: 2225
2024-11-15 17:39:44 | Simulation update: decoder round 62133, completed instructions: 1711/14570, actively running or decoding instructions: 4, waiting windows: 49/10699. Max active instruction index: 2267
2024-11-15 17:39:54 | Simulation update: decoder round 63087, completed instructions: 1759/14570, actively running or decoding instructions: 6, waiting windows: 46/10980. Max active instruction index: 2321
2024-11-15 17:40:04 | Simulation update: decoder round 64037, completed instructions: 1803/14570, actively running or decoding instructions: 5, waiting windows: 54/11301. Max active instruction index: 2384
2024-11-15 17:40:14 | Simulation update: decoder round 64988, completed instructions: 1839/14570, actively running or decoding instructions: 3, waiting windows: 43/11624. Max active instruction index: 2405
2024-11-15 17:40:24 | Simulation update: decoder round 65952, completed instructions: 1889/14570, actively running or decoding instructions: 4, waiting windows: 49/11940. Max active instruction index: 2451
2024-11-15 17:40:34 | Simulation update: decoder round 66922, completed instructions: 1928/14570, actively running or decoding instructions: 3, waiting windows: 50/12261. Max active instruction index: 2493
2024-11-15 17:40:44 | Simulation update: decoder round 67894, completed instructions: 1981/14570, actively running or decoding instructions: 4, waiting windows: 48/12582. Max active instruction index: 2546
2024-11-15 17:40:54 | Simulation update: decoder round 68876, completed instructions: 2032/14570, actively running or decoding instructions: 3, waiting windows: 40/12891. Max active instruction index: 2599
2024-11-15 17:41:04 | Simulation update: decoder round 69866, completed instructions: 2088/14570, actively running or decoding instructions: 6, waiting windows: 49/13208. Max active instruction index: 2651
2024-11-15 17:41:14 | Simulation update: decoder round 70865, completed instructions: 2138/14570, actively running or decoding instructions: 4, waiting windows: 46/13522. Max active instruction index: 2703
2024-11-15 17:41:24 | Simulation update: decoder round 71862, completed instructions: 2177/14570, actively running or decoding instructions: 3, waiting windows: 43/13835. Max active instruction index: 2740
2024-11-15 17:41:34 | Simulation update: decoder round 72870, completed instructions: 2229/14570, actively running or decoding instructions: 4, waiting windows: 52/14143. Max active instruction index: 2787
2024-11-15 17:41:44 | Simulation update: decoder round 73876, completed instructions: 2279/14570, actively running or decoding instructions: 5, waiting windows: 41/14484. Max active instruction index: 2851
2024-11-15 17:41:54 | Simulation update: decoder round 74891, completed instructions: 2330/14570, actively running or decoding instructions: 3, waiting windows: 44/14836. Max active instruction index: 2893
2024-11-15 17:42:04 | Simulation update: decoder round 75919, completed instructions: 2387/14570, actively running or decoding instructions: 6, waiting windows: 49/15160. Max active instruction index: 2966
2024-11-15 17:42:14 | Simulation update: decoder round 76951, completed instructions: 2431/14570, actively running or decoding instructions: 3, waiting windows: 37/15482. Max active instruction index: 2983
2024-11-15 17:42:24 | Simulation update: decoder round 77933, completed instructions: 2489/14570, actively running or decoding instructions: 4, waiting windows: 42/15751. Max active instruction index: 3013
2024-11-15 17:42:34 | Simulation update: decoder round 78983, completed instructions: 2535/14570, actively running or decoding instructions: 5, waiting windows: 36/16033. Max active instruction index: 3044
2024-11-15 17:42:44 | Simulation update: decoder round 80049, completed instructions: 2583/14570, actively running or decoding instructions: 5, waiting windows: 34/16328. Max active instruction index: 3067
2024-11-15 17:42:54 | Simulation update: decoder round 81118, completed instructions: 2627/14570, actively running or decoding instructions: 5, waiting windows: 33/16616. Max active instruction index: 3097
2024-11-15 17:43:04 | Simulation update: decoder round 82193, completed instructions: 2675/14570, actively running or decoding instructions: 3, waiting windows: 45/16920. Max active instruction index: 3120
2024-11-15 17:43:14 | Simulation update: decoder round 83280, completed instructions: 2733/14570, actively running or decoding instructions: 5, waiting windows: 44/17223. Max active instruction index: 3150
2024-11-15 17:43:24 | Simulation update: decoder round 84375, completed instructions: 2803/14570, actively running or decoding instructions: 5, waiting windows: 45/17563. Max active instruction index: 3205
2024-11-15 17:43:34 | Simulation update: decoder round 85454, completed instructions: 2840/14570, actively running or decoding instructions: 2, waiting windows: 42/17879. Max active instruction index: 2057
2024-11-15 17:43:44 | Simulation update: decoder round 86539, completed instructions: 2862/14570, actively running or decoding instructions: 2, waiting windows: 41/18178. Max active instruction index: 2110
2024-11-15 17:43:54 | Simulation update: decoder round 87636, completed instructions: 2893/14570, actively running or decoding instructions: 3, waiting windows: 47/18461. Max active instruction index: 2184
2024-11-15 17:44:04 | Simulation update: decoder round 88737, completed instructions: 2916/14570, actively running or decoding instructions: 2, waiting windows: 40/18779. Max active instruction index: 2243
2024-11-15 17:44:14 | Simulation update: decoder round 89845, completed instructions: 2931/14570, actively running or decoding instructions: 2, waiting windows: 31/19075. Max active instruction index: 2281
2024-11-15 17:44:24 | Simulation update: decoder round 90953, completed instructions: 2960/14570, actively running or decoding instructions: 2, waiting windows: 40/19383. Max active instruction index: 2341
2024-11-15 17:44:34 | Simulation update: decoder round 92068, completed instructions: 2982/14570, actively running or decoding instructions: 2, waiting windows: 39/19692. Max active instruction index: 2399
2024-11-15 17:44:44 | Simulation update: decoder round 93185, completed instructions: 3010/14570, actively running or decoding instructions: 3, waiting windows: 45/20006. Max active instruction index: 2463
2024-11-15 17:44:54 | Simulation update: decoder round 94299, completed instructions: 3036/14570, actively running or decoding instructions: 2, waiting windows: 42/20328. Max active instruction index: 2527
2024-11-15 17:45:04 | Simulation update: decoder round 95418, completed instructions: 3052/14570, actively running or decoding instructions: 2, waiting windows: 45/20651. Max active instruction index: 2565
2024-11-15 17:45:14 | Simulation update: decoder round 96545, completed instructions: 3076/14570, actively running or decoding instructions: 3, waiting windows: 41/20963. Max active instruction index: 2621
2024-11-15 17:45:24 | Simulation update: decoder round 97674, completed instructions: 3099/14570, actively running or decoding instructions: 4, waiting windows: 33/21277. Max active instruction index: 2684
2024-11-15 17:45:34 | Simulation update: decoder round 98808, completed instructions: 3123/14570, actively running or decoding instructions: 3, waiting windows: 34/21586. Max active instruction index: 2747
2024-11-15 17:45:44 | Simulation update: decoder round 99946, completed instructions: 3153/14570, actively running or decoding instructions: 3, waiting windows: 43/21914. Max active instruction index: 2807
2024-11-15 17:45:54 | Simulation update: decoder round 101097, completed instructions: 3175/14570, actively running or decoding instructions: 4, waiting windows: 38/22205. Max active instruction index: 2860
2024-11-15 17:46:04 | Simulation update: decoder round 102248, completed instructions: 3198/14570, actively running or decoding instructions: 3, waiting windows: 41/22512. Max active instruction index: 2913
2024-11-15 17:46:14 | Simulation update: decoder round 103402, completed instructions: 3241/14570, actively running or decoding instructions: 12, waiting windows: 54/22851. Max active instruction index: 3248
2024-11-15 17:46:24 | Simulation update: decoder round 104094, completed instructions: 3327/14570, actively running or decoding instructions: 4, waiting windows: 51/23117. Max active instruction index: 3355
2024-11-15 17:46:34 | Simulation update: decoder round 104797, completed instructions: 3391/14570, actively running or decoding instructions: 5, waiting windows: 48/23365. Max active instruction index: 3421
2024-11-15 17:46:44 | Simulation update: decoder round 105511, completed instructions: 3458/14570, actively running or decoding instructions: 9, waiting windows: 49/23590. Max active instruction index: 3492
2024-11-15 17:46:54 | Simulation update: decoder round 106230, completed instructions: 3513/14570, actively running or decoding instructions: 4, waiting windows: 48/23804. Max active instruction index: 3538
2024-11-15 17:47:04 | Simulation update: decoder round 106951, completed instructions: 3570/14570, actively running or decoding instructions: 6, waiting windows: 50/24041. Max active instruction index: 3553
2024-11-15 17:47:14 | Simulation update: decoder round 107675, completed instructions: 3633/14570, actively running or decoding instructions: 6, waiting windows: 60/24281. Max active instruction index: 3650
2024-11-15 17:47:24 | Simulation update: decoder round 108407, completed instructions: 3691/14570, actively running or decoding instructions: 6, waiting windows: 41/24499. Max active instruction index: 3694
2024-11-15 17:47:34 | Simulation update: decoder round 109141, completed instructions: 3757/14570, actively running or decoding instructions: 4, waiting windows: 52/24757. Max active instruction index: 3760
2024-11-15 17:47:44 | Simulation update: decoder round 109878, completed instructions: 3817/14570, actively running or decoding instructions: 5, waiting windows: 57/25031. Max active instruction index: 3857
2024-11-15 17:47:54 | Simulation update: decoder round 110624, completed instructions: 3875/14570, actively running or decoding instructions: 6, waiting windows: 53/25289. Max active instruction index: 3873
2024-11-15 17:48:04 | Simulation update: decoder round 111375, completed instructions: 3928/14570, actively running or decoding instructions: 6, waiting windows: 44/25531. Max active instruction index: 3926
2024-11-15 17:48:14 | Simulation update: decoder round 112127, completed instructions: 3998/14570, actively running or decoding instructions: 7, waiting windows: 39/25799. Max active instruction index: 4005
2024-11-15 17:48:24 | Simulation update: decoder round 112889, completed instructions: 4073/14570, actively running or decoding instructions: 6, waiting windows: 51/26084. Max active instruction index: 4064
2024-11-15 17:48:34 | Simulation update: decoder round 113659, completed instructions: 4118/14570, actively running or decoding instructions: 4, waiting windows: 42/26325. Max active instruction index: 4110
2024-11-15 17:48:44 | Simulation update: decoder round 114432, completed instructions: 4188/14570, actively running or decoding instructions: 5, waiting windows: 49/26597. Max active instruction index: 4186
2024-11-15 17:48:54 | Simulation update: decoder round 115212, completed instructions: 4248/14570, actively running or decoding instructions: 4, waiting windows: 43/26856. Max active instruction index: 4244
2024-11-15 17:49:04 | Simulation update: decoder round 116001, completed instructions: 4320/14570, actively running or decoding instructions: 5, waiting windows: 50/27143. Max active instruction index: 4316
2024-11-15 17:49:14 | Simulation update: decoder round 116795, completed instructions: 4386/14570, actively running or decoding instructions: 9, waiting windows: 46/27410. Max active instruction index: 4385
2024-11-15 17:49:24 | Simulation update: decoder round 117596, completed instructions: 4460/14570, actively running or decoding instructions: 6, waiting windows: 54/27705. Max active instruction index: 4470
2024-11-15 17:49:34 | Simulation update: decoder round 118405, completed instructions: 4520/14570, actively running or decoding instructions: 6, waiting windows: 43/27976. Max active instruction index: 4522
2024-11-15 17:49:44 | Simulation update: decoder round 119221, completed instructions: 4588/14570, actively running or decoding instructions: 4, waiting windows: 51/28277. Max active instruction index: 4594
2024-11-15 17:49:54 | Simulation update: decoder round 120045, completed instructions: 4657/14570, actively running or decoding instructions: 6, waiting windows: 52/28546. Max active instruction index: 4669
2024-11-15 17:50:04 | Simulation update: decoder round 120867, completed instructions: 4723/14570, actively running or decoding instructions: 5, waiting windows: 56/28847. Max active instruction index: 4728
2024-11-15 17:50:14 | Simulation update: decoder round 121707, completed instructions: 4791/14570, actively running or decoding instructions: 8, waiting windows: 46/29116. Max active instruction index: 4795
2024-11-15 17:50:24 | Simulation update: decoder round 122550, completed instructions: 4881/14570, actively running or decoding instructions: 8, waiting windows: 57/29402. Max active instruction index: 4906
2024-11-15 17:50:34 | Simulation update: decoder round 123400, completed instructions: 4947/14570, actively running or decoding instructions: 6, waiting windows: 55/29710. Max active instruction index: 4952
2024-11-15 17:50:44 | Simulation update: decoder round 124256, completed instructions: 5008/14570, actively running or decoding instructions: 5, waiting windows: 49/30011. Max active instruction index: 5009
2024-11-15 17:50:54 | Simulation update: decoder round 125122, completed instructions: 5074/14570, actively running or decoding instructions: 8, waiting windows: 48/30292. Max active instruction index: 5085
2024-11-15 17:51:04 | Simulation update: decoder round 125997, completed instructions: 5142/14570, actively running or decoding instructions: 5, waiting windows: 49/30571. Max active instruction index: 5147
2024-11-15 17:51:14 | Simulation update: decoder round 126881, completed instructions: 5218/14570, actively running or decoding instructions: 6, waiting windows: 38/30848. Max active instruction index: 5224
2024-11-15 17:51:24 | Simulation update: decoder round 127774, completed instructions: 5286/14570, actively running or decoding instructions: 5, waiting windows: 45/31125. Max active instruction index: 5285
2024-11-15 17:51:34 | Simulation update: decoder round 128667, completed instructions: 5363/14570, actively running or decoding instructions: 5, waiting windows: 54/31437. Max active instruction index: 5366
2024-11-15 17:51:44 | Simulation update: decoder round 129580, completed instructions: 5431/14570, actively running or decoding instructions: 7, waiting windows: 42/31709. Max active instruction index: 5430
2024-11-15 17:51:54 | Simulation update: decoder round 130504, completed instructions: 5487/14570, actively running or decoding instructions: 4, waiting windows: 45/31966. Max active instruction index: 5479
2024-11-15 17:52:04 | Simulation update: decoder round 131432, completed instructions: 5537/14570, actively running or decoding instructions: 4, waiting windows: 34/32214. Max active instruction index: 5530
2024-11-15 17:52:14 | Simulation update: decoder round 132376, completed instructions: 5564/14570, actively running or decoding instructions: 3, waiting windows: 38/32434. Max active instruction index: 5559
2024-11-15 17:52:24 | Simulation update: decoder round 133321, completed instructions: 5584/14570, actively running or decoding instructions: 3, waiting windows: 33/32652. Max active instruction index: 5580
2024-11-15 17:52:34 | Simulation update: decoder round 134271, completed instructions: 5602/14570, actively running or decoding instructions: 3, waiting windows: 38/32870. Max active instruction index: 5597
2024-11-15 17:52:44 | Simulation update: decoder round 135220, completed instructions: 5617/14570, actively running or decoding instructions: 2, waiting windows: 36/33097. Max active instruction index: 5612
2024-11-15 17:52:54 | Simulation update: decoder round 136168, completed instructions: 5628/14570, actively running or decoding instructions: 2, waiting windows: 32/33314. Max active instruction index: 5623
2024-11-15 17:53:04 | Simulation update: decoder round 137121, completed instructions: 5649/14570, actively running or decoding instructions: 2, waiting windows: 34/33545. Max active instruction index: 5644
2024-11-15 17:53:14 | Simulation update: decoder round 138081, completed instructions: 5665/14570, actively running or decoding instructions: 3, waiting windows: 28/33765. Max active instruction index: 5664
2024-11-15 17:53:24 | Simulation update: decoder round 139045, completed instructions: 5708/14570, actively running or decoding instructions: 2, waiting windows: 40/34037. Max active instruction index: 5700
2024-11-15 17:53:34 | Simulation update: decoder round 140012, completed instructions: 5730/14570, actively running or decoding instructions: 3, waiting windows: 41/34307. Max active instruction index: 5722
2024-11-15 17:53:44 | Simulation update: decoder round 140977, completed instructions: 5747/14570, actively running or decoding instructions: 2, waiting windows: 46/34589. Max active instruction index: 5743
2024-11-15 17:53:54 | Simulation update: decoder round 141952, completed instructions: 5774/14570, actively running or decoding instructions: 3, waiting windows: 41/34860. Max active instruction index: 5766
2024-11-15 17:54:04 | Simulation update: decoder round 142922, completed instructions: 5790/14570, actively running or decoding instructions: 2, waiting windows: 35/35122. Max active instruction index: 5783
2024-11-15 17:54:14 | Simulation update: decoder round 143898, completed instructions: 5807/14570, actively running or decoding instructions: 2, waiting windows: 35/35389. Max active instruction index: 5800
2024-11-15 17:54:24 | Simulation update: decoder round 144879, completed instructions: 5831/14570, actively running or decoding instructions: 3, waiting windows: 41/35657. Max active instruction index: 5823
2024-11-15 17:54:34 | Simulation update: decoder round 145866, completed instructions: 5851/14570, actively running or decoding instructions: 2, waiting windows: 34/35937. Max active instruction index: 5844
2024-11-15 17:54:44 | Simulation update: decoder round 146859, completed instructions: 5874/14570, actively running or decoding instructions: 2, waiting windows: 44/36217. Max active instruction index: 5866
2024-11-15 17:54:54 | Simulation update: decoder round 147850, completed instructions: 5895/14570, actively running or decoding instructions: 2, waiting windows: 40/36504. Max active instruction index: 5887
2024-11-15 17:55:04 | Simulation update: decoder round 148842, completed instructions: 5911/14570, actively running or decoding instructions: 2, waiting windows: 42/36790. Max active instruction index: 5903
2024-11-15 17:55:14 | Simulation update: decoder round 149846, completed instructions: 5934/14570, actively running or decoding instructions: 2, waiting windows: 35/37073. Max active instruction index: 5927
2024-11-15 17:55:24 | Simulation update: decoder round 150853, completed instructions: 5958/14570, actively running or decoding instructions: 3, waiting windows: 45/37360. Max active instruction index: 5950
2024-11-15 17:55:34 | Simulation update: decoder round 151863, completed instructions: 5981/14570, actively running or decoding instructions: 4, waiting windows: 38/37643. Max active instruction index: 5973
2024-11-15 17:55:44 | Simulation update: decoder round 152877, completed instructions: 6003/14570, actively running or decoding instructions: 3, waiting windows: 42/37927. Max active instruction index: 5995
2024-11-15 17:55:54 | Simulation update: decoder round 153894, completed instructions: 6020/14570, actively running or decoding instructions: 2, waiting windows: 38/38193. Max active instruction index: 6012
2024-11-15 17:56:04 | Simulation update: decoder round 154916, completed instructions: 6041/14570, actively running or decoding instructions: 3, waiting windows: 40/38475. Max active instruction index: 6033
2024-11-15 17:56:14 | Simulation update: decoder round 155934, completed instructions: 6058/14570, actively running or decoding instructions: 2, waiting windows: 41/38759. Max active instruction index: 6053
2024-11-15 17:56:24 | Simulation update: decoder round 156958, completed instructions: 6073/14570, actively running or decoding instructions: 2, waiting windows: 30/39021. Max active instruction index: 6066
2024-11-15 17:56:34 | Simulation update: decoder round 157984, completed instructions: 6097/14570, actively running or decoding instructions: 2, waiting windows: 43/39313. Max active instruction index: 6089
2024-11-15 17:56:44 | Simulation update: decoder round 159015, completed instructions: 6121/14570, actively running or decoding instructions: 2, waiting windows: 42/39590. Max active instruction index: 6113
2024-11-15 17:56:54 | Simulation update: decoder round 160048, completed instructions: 6142/14570, actively running or decoding instructions: 2, waiting windows: 42/39888. Max active instruction index: 6134
2024-11-15 17:57:04 | Simulation update: decoder round 161086, completed instructions: 6165/14570, actively running or decoding instructions: 4, waiting windows: 38/40155. Max active instruction index: 6157
2024-11-15 17:57:14 | Simulation update: decoder round 162126, completed instructions: 6190/14570, actively running or decoding instructions: 3, waiting windows: 41/40446. Max active instruction index: 6186
2024-11-15 17:57:24 | Simulation update: decoder round 163166, completed instructions: 6214/14570, actively running or decoding instructions: 2, waiting windows: 41/40746. Max active instruction index: 6207
2024-11-15 17:57:34 | Simulation update: decoder round 164209, completed instructions: 6236/14570, actively running or decoding instructions: 3, waiting windows: 45/41037. Max active instruction index: 6233
2024-11-15 17:57:44 | Simulation update: decoder round 165255, completed instructions: 6252/14570, actively running or decoding instructions: 2, waiting windows: 32/41317. Max active instruction index: 6245
2024-11-15 17:57:54 | Simulation update: decoder round 166308, completed instructions: 6281/14570, actively running or decoding instructions: 5, waiting windows: 36/41598. Max active instruction index: 6278
2024-11-15 17:58:04 | Simulation update: decoder round 167365, completed instructions: 6302/14570, actively running or decoding instructions: 2, waiting windows: 36/41891. Max active instruction index: 6295
2024-11-15 17:58:14 | Simulation update: decoder round 168427, completed instructions: 6326/14570, actively running or decoding instructions: 3, waiting windows: 42/42172. Max active instruction index: 6319
2024-11-15 17:58:24 | Simulation update: decoder round 169497, completed instructions: 6345/14570, actively running or decoding instructions: 2, waiting windows: 39/42450. Max active instruction index: 6337
2024-11-15 17:58:34 | Simulation update: decoder round 170566, completed instructions: 6366/14570, actively running or decoding instructions: 4, waiting windows: 42/42749. Max active instruction index: 6358
2024-11-15 17:58:44 | Simulation update: decoder round 171643, completed instructions: 6393/14570, actively running or decoding instructions: 2, waiting windows: 42/43041. Max active instruction index: 6385
2024-11-15 17:58:54 | Simulation update: decoder round 172636, completed instructions: 6425/14570, actively running or decoding instructions: 3, waiting windows: 45/43325. Max active instruction index: 6965
2024-11-15 17:59:04 | Simulation update: decoder round 173707, completed instructions: 6475/14570, actively running or decoding instructions: 3, waiting windows: 40/43666. Max active instruction index: 7011
2024-11-15 17:59:14 | Simulation update: decoder round 174784, completed instructions: 6526/14570, actively running or decoding instructions: 5, waiting windows: 43/44008. Max active instruction index: 7057
2024-11-15 17:59:24 | Simulation update: decoder round 175865, completed instructions: 6578/14570, actively running or decoding instructions: 4, waiting windows: 50/44377. Max active instruction index: 7114
2024-11-15 17:59:34 | Simulation update: decoder round 176957, completed instructions: 6628/14570, actively running or decoding instructions: 3, waiting windows: 43/44730. Max active instruction index: 7151
2024-11-15 17:59:44 | Simulation update: decoder round 178058, completed instructions: 6683/14570, actively running or decoding instructions: 4, waiting windows: 48/45091. Max active instruction index: 7204
2024-11-15 17:59:54 | Simulation update: decoder round 179167, completed instructions: 6735/14570, actively running or decoding instructions: 3, waiting windows: 49/45441. Max active instruction index: 7255
2024-11-15 18:00:04 | Simulation update: decoder round 180274, completed instructions: 6789/14570, actively running or decoding instructions: 4, waiting windows: 41/45809. Max active instruction index: 7313
2024-11-15 18:00:14 | Simulation update: decoder round 181395, completed instructions: 6848/14570, actively running or decoding instructions: 3, waiting windows: 39/46188. Max active instruction index: 7371
2024-11-15 18:00:24 | Simulation update: decoder round 182522, completed instructions: 6909/14570, actively running or decoding instructions: 5, waiting windows: 42/46572. Max active instruction index: 7453
2024-11-15 18:00:34 | Simulation update: decoder round 183662, completed instructions: 6965/14570, actively running or decoding instructions: 4, waiting windows: 48/46952. Max active instruction index: 7491
2024-11-15 18:00:44 | Simulation update: decoder round 184809, completed instructions: 7019/14570, actively running or decoding instructions: 5, waiting windows: 44/47343. Max active instruction index: 7537
2024-11-15 18:00:54 | Simulation update: decoder round 185961, completed instructions: 7071/14570, actively running or decoding instructions: 4, waiting windows: 46/47732. Max active instruction index: 7586
2024-11-15 18:01:04 | Simulation update: decoder round 187129, completed instructions: 7127/14570, actively running or decoding instructions: 4, waiting windows: 50/48120. Max active instruction index: 7636
2024-11-15 18:01:14 | Simulation update: decoder round 188305, completed instructions: 7184/14570, actively running or decoding instructions: 4, waiting windows: 49/48508. Max active instruction index: 7693
2024-11-15 18:01:24 | Simulation update: decoder round 189488, completed instructions: 7245/14570, actively running or decoding instructions: 6, waiting windows: 55/48920. Max active instruction index: 7749
2024-11-15 18:01:34 | Simulation update: decoder round 190692, completed instructions: 7311/14570, actively running or decoding instructions: 5, waiting windows: 42/49287. Max active instruction index: 7815
2024-11-15 18:01:44 | Simulation update: decoder round 191902, completed instructions: 7374/14570, actively running or decoding instructions: 3, waiting windows: 46/49685. Max active instruction index: 7874
2024-11-15 18:01:54 | Simulation update: decoder round 193127, completed instructions: 7427/14570, actively running or decoding instructions: 4, waiting windows: 48/50059. Max active instruction index: 7927
2024-11-15 18:02:04 | Simulation update: decoder round 194360, completed instructions: 7486/14570, actively running or decoding instructions: 3, waiting windows: 45/50455. Max active instruction index: 7975
2024-11-15 18:02:14 | Simulation update: decoder round 195604, completed instructions: 7550/14570, actively running or decoding instructions: 4, waiting windows: 53/50857. Max active instruction index: 8039
2024-11-15 18:02:24 | Simulation update: decoder round 196857, completed instructions: 7610/14570, actively running or decoding instructions: 5, waiting windows: 35/51256. Max active instruction index: 8113
2024-11-15 18:02:34 | Simulation update: decoder round 198129, completed instructions: 7674/14570, actively running or decoding instructions: 3, waiting windows: 43/51658. Max active instruction index: 8161
2024-11-15 18:02:44 | Simulation update: decoder round 199410, completed instructions: 7726/14570, actively running or decoding instructions: 4, waiting windows: 45/52083. Max active instruction index: 8212
2024-11-15 18:02:54 | Simulation update: decoder round 200706, completed instructions: 7800/14570, actively running or decoding instructions: 4, waiting windows: 50/52496. Max active instruction index: 8273
2024-11-15 18:03:04 | Simulation update: decoder round 202015, completed instructions: 7862/14570, actively running or decoding instructions: 3, waiting windows: 49/52920. Max active instruction index: 8339
2024-11-15 18:03:14 | Simulation update: decoder round 203336, completed instructions: 7933/14570, actively running or decoding instructions: 5, waiting windows: 55/53367. Max active instruction index: 8415
2024-11-15 18:03:24 | Simulation update: decoder round 204676, completed instructions: 7988/14570, actively running or decoding instructions: 6, waiting windows: 37/53778. Max active instruction index: 8469
2024-11-15 18:03:34 | Simulation update: decoder round 206024, completed instructions: 8055/14570, actively running or decoding instructions: 4, waiting windows: 45/54219. Max active instruction index: 8527
2024-11-15 18:03:44 | Simulation update: decoder round 207399, completed instructions: 8138/14570, actively running or decoding instructions: 10, waiting windows: 54/54661. Max active instruction index: 8638
2024-11-15 18:03:54 | Simulation update: decoder round 208786, completed instructions: 8201/14570, actively running or decoding instructions: 4, waiting windows: 44/55122. Max active instruction index: 8696
2024-11-15 18:04:04 | Simulation update: decoder round 210191, completed instructions: 8256/14570, actively running or decoding instructions: 3, waiting windows: 46/55576. Max active instruction index: 8750
2024-11-15 18:04:14 | Simulation update: decoder round 211599, completed instructions: 8309/14570, actively running or decoding instructions: 4, waiting windows: 46/56054. Max active instruction index: 8810
2024-11-15 18:04:24 | Simulation update: decoder round 213041, completed instructions: 8371/14570, actively running or decoding instructions: 4, waiting windows: 51/56499. Max active instruction index: 8876
2024-11-15 18:04:34 | Simulation update: decoder round 214491, completed instructions: 8431/14570, actively running or decoding instructions: 5, waiting windows: 49/56969. Max active instruction index: 8955
2024-11-15 18:04:44 | Simulation update: decoder round 215960, completed instructions: 8500/14570, actively running or decoding instructions: 7, waiting windows: 44/57432. Max active instruction index: 9012
2024-11-15 18:04:54 | Simulation update: decoder round 217447, completed instructions: 8563/14570, actively running or decoding instructions: 5, waiting windows: 44/57912. Max active instruction index: 9068
2024-11-15 18:05:04 | Simulation update: decoder round 218951, completed instructions: 8633/14570, actively running or decoding instructions: 4, waiting windows: 44/58403. Max active instruction index: 9136
2024-11-15 18:05:14 | Simulation update: decoder round 220478, completed instructions: 8697/14570, actively running or decoding instructions: 5, waiting windows: 51/58889. Max active instruction index: 9203
2024-11-15 18:05:24 | Simulation update: decoder round 222021, completed instructions: 8765/14570, actively running or decoding instructions: 6, waiting windows: 45/59384. Max active instruction index: 9276
2024-11-15 18:05:34 | Simulation update: decoder round 223593, completed instructions: 8834/14570, actively running or decoding instructions: 5, waiting windows: 43/59880. Max active instruction index: 9409
2024-11-15 18:05:44 | Simulation update: decoder round 225203, completed instructions: 8906/14570, actively running or decoding instructions: 4, waiting windows: 48/60365. Max active instruction index: 9398
2024-11-15 18:05:54 | Simulation update: decoder round 226813, completed instructions: 8964/14570, actively running or decoding instructions: 5, waiting windows: 41/60899. Max active instruction index: 9494
2024-11-15 18:06:04 | Simulation update: decoder round 228452, completed instructions: 9034/14570, actively running or decoding instructions: 7, waiting windows: 47/61404. Max active instruction index: 9655
2024-11-15 18:06:14 | Simulation update: decoder round 230104, completed instructions: 9098/14570, actively running or decoding instructions: 5, waiting windows: 50/61956. Max active instruction index: 9757
2024-11-15 18:06:24 | Simulation update: decoder round 231790, completed instructions: 9162/14570, actively running or decoding instructions: 3, waiting windows: 47/62485. Max active instruction index: 9862
2024-11-15 18:06:34 | Simulation update: decoder round 233496, completed instructions: 9230/14570, actively running or decoding instructions: 4, waiting windows: 48/63035. Max active instruction index: 9969
2024-11-15 18:06:44 | Simulation update: decoder round 235223, completed instructions: 9302/14570, actively running or decoding instructions: 5, waiting windows: 51/63592. Max active instruction index: 10106
2024-11-15 18:06:54 | Simulation update: decoder round 236981, completed instructions: 9369/14570, actively running or decoding instructions: 7, waiting windows: 33/64159. Max active instruction index: 10246
2024-11-15 18:07:04 | Simulation update: decoder round 238752, completed instructions: 9438/14570, actively running or decoding instructions: 3, waiting windows: 50/64741. Max active instruction index: 10373
2024-11-15 18:07:14 | Simulation update: decoder round 240577, completed instructions: 9521/14570, actively running or decoding instructions: 5, waiting windows: 49/65329. Max active instruction index: 10520
2024-11-15 18:07:24 | Simulation update: decoder round 242435, completed instructions: 9584/14570, actively running or decoding instructions: 1, waiting windows: 39/65911. Max active instruction index: -1
2024-11-15 18:07:34 | Simulation update: decoder round 244365, completed instructions: 9630/14570, actively running or decoding instructions: 3, waiting windows: 40/66413. Max active instruction index: 9176
2024-11-15 18:07:44 | Simulation update: decoder round 246292, completed instructions: 9667/14570, actively running or decoding instructions: 2, waiting windows: 39/66960. Max active instruction index: 9247
2024-11-15 18:07:54 | Simulation update: decoder round 248237, completed instructions: 9706/14570, actively running or decoding instructions: 3, waiting windows: 40/67507. Max active instruction index: 9325
2024-11-15 18:08:04 | Simulation update: decoder round 250212, completed instructions: 9761/14570, actively running or decoding instructions: 5, waiting windows: 33/68054. Max active instruction index: 9444
2024-11-15 18:08:14 | Simulation update: decoder round 252249, completed instructions: 9890/14570, actively running or decoding instructions: 5, waiting windows: 36/68607. Max active instruction index: 9622
2024-11-15 18:08:24 | Simulation update: decoder round 254360, completed instructions: 10014/14570, actively running or decoding instructions: 5, waiting windows: 38/69162. Max active instruction index: 9784
2024-11-15 18:08:34 | Simulation update: decoder round 256576, completed instructions: 10143/14570, actively running or decoding instructions: 3, waiting windows: 30/69709. Max active instruction index: 9965
2024-11-15 18:08:44 | Simulation update: decoder round 258856, completed instructions: 10277/14570, actively running or decoding instructions: 3, waiting windows: 36/70320. Max active instruction index: 10144
2024-11-15 18:08:54 | Simulation update: decoder round 261255, completed instructions: 10409/14570, actively running or decoding instructions: 4, waiting windows: 30/70911. Max active instruction index: 10334
2024-11-15 18:09:04 | Simulation update: decoder round 263727, completed instructions: 10549/14570, actively running or decoding instructions: 4, waiting windows: 36/71595. Max active instruction index: 10532
2024-11-15 18:09:14 | Simulation update: decoder round 266357, completed instructions: 10705/14570, actively running or decoding instructions: 5, waiting windows: 39/72285. Max active instruction index: 10697
2024-11-15 18:09:24 | Simulation update: decoder round 269132, completed instructions: 10860/14570, actively running or decoding instructions: 5, waiting windows: 38/72989. Max active instruction index: 10863
2024-11-15 18:09:34 | Simulation update: decoder round 271830, completed instructions: 11016/14570, actively running or decoding instructions: 3, waiting windows: 39/73667. Max active instruction index: 11012
2024-11-15 18:09:44 | Simulation update: decoder round 274962, completed instructions: 11185/14570, actively running or decoding instructions: 3, waiting windows: 29/74477. Max active instruction index: 11182
2024-11-15 18:09:54 | Simulation update: decoder round 278365, completed instructions: 11327/14570, actively running or decoding instructions: 2, waiting windows: 33/75339. Max active instruction index: 11318
2024-11-15 18:10:04 | Simulation update: decoder round 281961, completed instructions: 11400/14570, actively running or decoding instructions: 3, waiting windows: 35/76182. Max active instruction index: 11390
2024-11-15 18:10:14 | Simulation update: decoder round 285728, completed instructions: 11475/14570, actively running or decoding instructions: 2, waiting windows: 27/77054. Max active instruction index: 11466
2024-11-15 18:10:24 | Simulation update: decoder round 289662, completed instructions: 11560/14570, actively running or decoding instructions: 2, waiting windows: 35/77961. Max active instruction index: 11550
2024-11-15 18:10:34 | Simulation update: decoder round 293788, completed instructions: 11655/14570, actively running or decoding instructions: 2, waiting windows: 33/78888. Max active instruction index: 11645
2024-11-15 18:10:44 | Simulation update: decoder round 298129, completed instructions: 11745/14570, actively running or decoding instructions: 2, waiting windows: 37/79864. Max active instruction index: 11735
2024-11-15 18:10:54 | Simulation update: decoder round 302644, completed instructions: 11874/14570, actively running or decoding instructions: 5, waiting windows: 40/80911. Max active instruction index: 11864
2024-11-15 18:11:04 | Simulation update: decoder round 307529, completed instructions: 12144/14570, actively running or decoding instructions: 3, waiting windows: 39/82110. Max active instruction index: 12134
2024-11-15 18:11:14 | Simulation update: decoder round 313107, completed instructions: 12435/14570, actively running or decoding instructions: 3, waiting windows: 29/83415. Max active instruction index: 12448
2024-11-15 18:11:24 | Simulation update: decoder round 319672, completed instructions: 12791/14570, actively running or decoding instructions: 5, waiting windows: 37/84993. Max active instruction index: 12803
2024-11-15 18:11:34 | Simulation update: decoder round 328185, completed instructions: 13242/14570, actively running or decoding instructions: 6, waiting windows: 22/86937. Max active instruction index: 13277
2024-11-15 18:11:44 | Simulation update: decoder round 354502, completed instructions: 14041/14570, actively running or decoding instructions: 3, waiting windows: 13/89981. Max active instruction index: 14031
2024-11-15 18:11:49 | Finished simulation
2024-11-15 18:11:50 | Finished saving output. Done! Total elapsed time: 1:05:50.658061
