CONFIG 241
benchmark_file: slurm/data/20241115_170539/benchmarks/rz_seq_10.lss
decoder_latency_or_dist_filename: slurm/data/20241115_170539/decoder_dists.json
distance: 21
lightweight_setting: 2
max_parallel_processes: None
missed_speculation_modifier: 1.4
poison_policy: successors
rng: 7
scheduling_method: sliding
speculation_accuracy: 0.9
speculation_latency: 1
speculation_mode: separate
2024-11-15 17:06:11 | Loading benchmark slurm/data/20241115_170539/benchmarks/rz_seq_10.lss...
2024-11-15 17:06:12 | Starting simulation
2024-11-15 17:06:13 | Simulation update: decoder round 1, completed instructions: 0/5486, actively running or decoding instructions: 1, waiting windows: 0/0. Max active instruction index: 1
2024-11-15 17:06:23 | Simulation update: decoder round 44094, completed instructions: 941/5486, actively running or decoding instructions: 2, waiting windows: 14/3883. Max active instruction index: 937
2024-11-15 17:06:33 | Simulation update: decoder round 80542, completed instructions: 1720/5486, actively running or decoding instructions: 3, waiting windows: 16/7048. Max active instruction index: 1717
2024-11-15 17:06:43 | Simulation update: decoder round 117767, completed instructions: 2483/5486, actively running or decoding instructions: 4, waiting windows: 10/10314. Max active instruction index: 2479
2024-11-15 17:06:53 | Simulation update: decoder round 143758, completed instructions: 3013/5486, actively running or decoding instructions: 2, waiting windows: 15/12618. Max active instruction index: 3009
2024-11-15 17:07:03 | Simulation update: decoder round 170188, completed instructions: 3556/5486, actively running or decoding instructions: 3, waiting windows: 14/14936. Max active instruction index: 3552
2024-11-15 17:07:13 | Simulation update: decoder round 208554, completed instructions: 4342/5486, actively running or decoding instructions: 2, waiting windows: 8/18456. Max active instruction index: 4339
2024-11-15 17:07:23 | Simulation update: decoder round 256442, completed instructions: 5308/5486, actively running or decoding instructions: 2, waiting windows: 7/22602. Max active instruction index: 5308
2024-11-15 17:07:24 | Finished simulation
2024-11-15 17:07:25 | Finished saving output. Done! Total elapsed time: 0:01:13.597140
