CONFIG 270
benchmark_file: slurm/data/20241115_170539/benchmarks/adder_n28.lss
decoder_latency_or_dist_filename: slurm/data/20241115_170539/decoder_dists.json
distance: 21
lightweight_setting: 2
max_parallel_processes: predict
missed_speculation_modifier: 1.4
poison_policy: successors
rng: 7
scheduling_method: sliding
speculation_accuracy: 0.9
speculation_latency: 1
speculation_mode: separate
2024-11-15 17:06:14 | Loading benchmark slurm/data/20241115_170539/benchmarks/adder_n28.lss...
2024-11-15 17:06:14 | Starting simulation
PREDICTION STEP BEGIN---------------------------------
Predicted max parallel processes: 235

PREDICTION STEP END-----------------------------------

2024-11-15 17:07:12 | Simulation update: decoder round 1, completed instructions: 0/2839, actively running or decoding instructions: 7, waiting windows: 0/0. Max active instruction index: 30
2024-11-15 17:07:22 | Simulation update: decoder round 1772, completed instructions: 255/2839, actively running or decoding instructions: 5, waiting windows: 192/2498. Max active instruction index: 237
2024-11-15 17:07:32 | Simulation update: decoder round 3631, completed instructions: 433/2839, actively running or decoding instructions: 5, waiting windows: 186/4970. Max active instruction index: 425
2024-11-15 17:07:42 | Simulation update: decoder round 5435, completed instructions: 731/2839, actively running or decoding instructions: 9, waiting windows: 185/7636. Max active instruction index: 750
2024-11-15 17:07:52 | Simulation update: decoder round 7473, completed instructions: 1076/2839, actively running or decoding instructions: 11, waiting windows: 189/10343. Max active instruction index: 1080
2024-11-15 17:08:02 | Simulation update: decoder round 9868, completed instructions: 1489/2839, actively running or decoding instructions: 13, waiting windows: 154/13264. Max active instruction index: 1485
2024-11-15 17:08:12 | Simulation update: decoder round 12587, completed instructions: 2045/2839, actively running or decoding instructions: 8, waiting windows: 119/16025. Max active instruction index: 2059
2024-11-15 17:08:22 | Simulation update: decoder round 18118, completed instructions: 2698/2839, actively running or decoding instructions: 4, waiting windows: 45/19138. Max active instruction index: 2674
2024-11-15 17:08:24 | Finished simulation
2024-11-15 17:08:24 | Finished saving output. Done! Total elapsed time: 0:02:09.916074
