CONFIG 431
benchmark_file: slurm/data/20241115_170539/benchmarks/carleman_2_4.lss
decoder_latency_or_dist_filename: slurm/data/20241115_170539/decoder_dists.json
distance: 21
lightweight_setting: 2
max_parallel_processes: predict
missed_speculation_modifier: 1.4
poison_policy: successors
rng: 2
scheduling_method: parallel
speculation_accuracy: 0.9
speculation_latency: 1
speculation_mode: separate
2024-11-15 17:06:26 | Loading benchmark slurm/data/20241115_170539/benchmarks/carleman_2_4.lss...
2024-11-15 17:06:27 | Starting simulation
PREDICTION STEP BEGIN---------------------------------
Predicted max parallel processes: 307

PREDICTION STEP END-----------------------------------

2024-11-15 17:13:39 | Simulation update: decoder round 1, completed instructions: 0/12153, actively running or decoding instructions: 21, waiting windows: 0/0. Max active instruction index: 191
2024-11-15 17:13:49 | Simulation update: decoder round 531, completed instructions: 406/12153, actively running or decoding instructions: 13, waiting windows: 579/1046. Max active instruction index: 403
2024-11-15 17:13:59 | Simulation update: decoder round 970, completed instructions: 567/12153, actively running or decoding instructions: 17, waiting windows: 969/1838. Max active instruction index: 558
2024-11-15 17:14:09 | Simulation update: decoder round 1414, completed instructions: 661/12153, actively running or decoding instructions: 18, waiting windows: 1307/2591. Max active instruction index: 666
2024-11-15 17:14:19 | Simulation update: decoder round 1863, completed instructions: 799/12153, actively running or decoding instructions: 15, waiting windows: 1643/3358. Max active instruction index: 810
2024-11-15 17:14:29 | Simulation update: decoder round 2304, completed instructions: 891/12153, actively running or decoding instructions: 18, waiting windows: 1971/4055. Max active instruction index: 913
2024-11-15 17:14:39 | Simulation update: decoder round 2762, completed instructions: 954/12153, actively running or decoding instructions: 7, waiting windows: 2283/4786. Max active instruction index: 949
2024-11-15 17:14:49 | Simulation update: decoder round 3214, completed instructions: 1154/12153, actively running or decoding instructions: 21, waiting windows: 2692/5653. Max active instruction index: 1178
2024-11-15 17:14:59 | Simulation update: decoder round 3674, completed instructions: 1303/12153, actively running or decoding instructions: 26, waiting windows: 3104/6487. Max active instruction index: 1335
2024-11-15 17:15:09 | Simulation update: decoder round 4137, completed instructions: 1473/12153, actively running or decoding instructions: 24, waiting windows: 3495/7361. Max active instruction index: 1584
2024-11-15 17:15:19 | Simulation update: decoder round 4599, completed instructions: 1707/12153, actively running or decoding instructions: 25, waiting windows: 3878/8298. Max active instruction index: 1717
2024-11-15 17:15:29 | Simulation update: decoder round 5070, completed instructions: 1880/12153, actively running or decoding instructions: 18, waiting windows: 4300/9276. Max active instruction index: 1957
2024-11-15 17:15:39 | Simulation update: decoder round 5533, completed instructions: 2130/12153, actively running or decoding instructions: 22, waiting windows: 4744/10248. Max active instruction index: 2219
2024-11-15 17:15:49 | Simulation update: decoder round 6033, completed instructions: 2299/12153, actively running or decoding instructions: 14, waiting windows: 5135/11168. Max active instruction index: 2389
2024-11-15 17:15:59 | Simulation update: decoder round 6535, completed instructions: 2510/12153, actively running or decoding instructions: 18, waiting windows: 5592/12173. Max active instruction index: 2563
2024-11-15 17:16:09 | Simulation update: decoder round 7041, completed instructions: 2812/12153, actively running or decoding instructions: 34, waiting windows: 6120/13237. Max active instruction index: 2859
2024-11-15 17:16:19 | Simulation update: decoder round 7562, completed instructions: 2988/12153, actively running or decoding instructions: 28, waiting windows: 6522/14227. Max active instruction index: 3027
2024-11-15 17:16:29 | Simulation update: decoder round 8081, completed instructions: 3182/12153, actively running or decoding instructions: 26, waiting windows: 6983/15241. Max active instruction index: 3207
2024-11-15 17:16:39 | Simulation update: decoder round 8624, completed instructions: 3306/12153, actively running or decoding instructions: 22, waiting windows: 7425/16241. Max active instruction index: 3820
2024-11-15 17:16:49 | Simulation update: decoder round 9163, completed instructions: 3474/12153, actively running or decoding instructions: 23, waiting windows: 7925/17328. Max active instruction index: 3489
2024-11-15 17:16:59 | Simulation update: decoder round 9713, completed instructions: 3600/12153, actively running or decoding instructions: 21, waiting windows: 8365/18357. Max active instruction index: 3583
2024-11-15 17:17:09 | Simulation update: decoder round 10273, completed instructions: 3766/12153, actively running or decoding instructions: 16, waiting windows: 8858/19445. Max active instruction index: 3780
2024-11-15 17:17:19 | Simulation update: decoder round 10843, completed instructions: 3963/12153, actively running or decoding instructions: 20, waiting windows: 9337/20546. Max active instruction index: 3985
2024-11-15 17:17:29 | Simulation update: decoder round 11437, completed instructions: 4188/12153, actively running or decoding instructions: 21, waiting windows: 9860/21662. Max active instruction index: 4207
2024-11-15 17:17:39 | Simulation update: decoder round 12017, completed instructions: 4324/12153, actively running or decoding instructions: 17, waiting windows: 10350/22722. Max active instruction index: 4357
2024-11-15 17:17:49 | Simulation update: decoder round 12626, completed instructions: 4549/12153, actively running or decoding instructions: 18, waiting windows: 10855/23904. Max active instruction index: 4725
2024-11-15 17:17:59 | Simulation update: decoder round 13250, completed instructions: 4738/12153, actively running or decoding instructions: 16, waiting windows: 11426/25099. Max active instruction index: 4765
2024-11-15 17:18:09 | Simulation update: decoder round 13894, completed instructions: 4846/12153, actively running or decoding instructions: 13, waiting windows: 11961/26264. Max active instruction index: 4824
2024-11-15 17:18:19 | Simulation update: decoder round 14540, completed instructions: 5146/12153, actively running or decoding instructions: 26, waiting windows: 12533/27559. Max active instruction index: 5253
2024-11-15 17:18:29 | Simulation update: decoder round 15236, completed instructions: 5328/12153, actively running or decoding instructions: 17, waiting windows: 13063/28775. Max active instruction index: 5320
2024-11-15 17:18:39 | Simulation update: decoder round 15912, completed instructions: 5453/12153, actively running or decoding instructions: 15, waiting windows: 13605/29938. Max active instruction index: 5426
2024-11-15 17:18:50 | Simulation update: decoder round 16647, completed instructions: 5577/12153, actively running or decoding instructions: 12, waiting windows: 14158/31133. Max active instruction index: 5562
2024-11-15 17:19:00 | Simulation update: decoder round 17400, completed instructions: 5709/12153, actively running or decoding instructions: 14, waiting windows: 14740/32362. Max active instruction index: 5691
2024-11-15 17:19:10 | Simulation update: decoder round 18166, completed instructions: 5839/12153, actively running or decoding instructions: 13, waiting windows: 15322/33592. Max active instruction index: 5826
2024-11-15 17:19:20 | Simulation update: decoder round 18948, completed instructions: 5992/12153, actively running or decoding instructions: 23, waiting windows: 15953/34842. Max active instruction index: 5989
2024-11-15 17:19:30 | Simulation update: decoder round 19731, completed instructions: 6195/12153, actively running or decoding instructions: 15, waiting windows: 16567/36193. Max active instruction index: 6179
2024-11-15 17:19:40 | Simulation update: decoder round 20541, completed instructions: 6396/12153, actively running or decoding instructions: 12, waiting windows: 17200/37601. Max active instruction index: 6377
2024-11-15 17:19:50 | Simulation update: decoder round 21343, completed instructions: 6592/12153, actively running or decoding instructions: 8, waiting windows: 17839/38975. Max active instruction index: 6595
2024-11-15 17:20:00 | Simulation update: decoder round 22212, completed instructions: 6779/12153, actively running or decoding instructions: 12, waiting windows: 18516/40440. Max active instruction index: 6787
2024-11-15 17:20:10 | Simulation update: decoder round 23116, completed instructions: 6915/12153, actively running or decoding instructions: 3, waiting windows: 19184/41893. Max active instruction index: 6900
2024-11-15 17:20:20 | Simulation update: decoder round 24039, completed instructions: 7266/12153, actively running or decoding instructions: 22, waiting windows: 19948/43528. Max active instruction index: 7323
2024-11-15 17:20:30 | Simulation update: decoder round 25037, completed instructions: 7583/12153, actively running or decoding instructions: 22, waiting windows: 20720/45218. Max active instruction index: 7798
2024-11-15 17:20:40 | Simulation update: decoder round 26021, completed instructions: 7804/12153, actively running or decoding instructions: 12, waiting windows: 21459/46870. Max active instruction index: 7898
2024-11-15 17:20:50 | Simulation update: decoder round 27103, completed instructions: 8132/12153, actively running or decoding instructions: 12, waiting windows: 22296/48732. Max active instruction index: 8210
2024-11-15 17:21:00 | Simulation update: decoder round 28272, completed instructions: 8538/12153, actively running or decoding instructions: 27, waiting windows: 23157/50669. Max active instruction index: 8642
2024-11-15 17:21:10 | Simulation update: decoder round 29577, completed instructions: 8786/12153, actively running or decoding instructions: 6, waiting windows: 24028/52603. Max active instruction index: 8759
2024-11-15 17:21:20 | Simulation update: decoder round 30930, completed instructions: 9031/12153, actively running or decoding instructions: 30, waiting windows: 24955/54511. Max active instruction index: 9023
2024-11-15 17:21:30 | Simulation update: decoder round 32348, completed instructions: 9578/12153, actively running or decoding instructions: 32, waiting windows: 25953/56798. Max active instruction index: 9618
2024-11-15 17:21:40 | Simulation update: decoder round 33958, completed instructions: 10268/12153, actively running or decoding instructions: 20, waiting windows: 26928/59230. Max active instruction index: 10284
2024-11-15 17:21:50 | Simulation update: decoder round 36481, completed instructions: 10987/12153, actively running or decoding instructions: 16, waiting windows: 28142/62096. Max active instruction index: 10980
2024-11-15 17:22:00 | Simulation update: decoder round 40310, completed instructions: 11789/12153, actively running or decoding instructions: 19, waiting windows: 29739/65757. Max active instruction index: 11735
2024-11-15 17:22:02 | Finished simulation
2024-11-15 17:22:02 | Finished saving output. Done! Total elapsed time: 0:15:35.947252
