CONFIG 639
benchmark_file: slurm/data/20241115_170539/benchmarks/adder_n18.lss
decoder_latency_or_dist_filename: slurm/data/20241115_170539/decoder_dists.json
distance: 21
lightweight_setting: 2
max_parallel_processes: predict
missed_speculation_modifier: 1.4
poison_policy: successors
rng: 8
scheduling_method: parallel
speculation_accuracy: 0.9
speculation_latency: 1
speculation_mode: separate
2024-11-15 17:06:41 | Loading benchmark slurm/data/20241115_170539/benchmarks/adder_n18.lss...
2024-11-15 17:06:41 | Starting simulation
PREDICTION STEP BEGIN---------------------------------
Predicted max parallel processes: 157

PREDICTION STEP END-----------------------------------

2024-11-15 17:07:13 | Simulation update: decoder round 1, completed instructions: 0/2002, actively running or decoding instructions: 3, waiting windows: 0/0. Max active instruction index: 18
2024-11-15 17:07:23 | Simulation update: decoder round 3030, completed instructions: 462/2002, actively running or decoding instructions: 12, waiting windows: 1506/3053. Max active instruction index: 453
2024-11-15 17:07:33 | Simulation update: decoder round 5944, completed instructions: 864/2002, actively running or decoding instructions: 6, waiting windows: 2915/6082. Max active instruction index: 869
2024-11-15 17:07:43 | Simulation update: decoder round 9789, completed instructions: 1509/2002, actively running or decoding instructions: 12, waiting windows: 4374/9374. Max active instruction index: 1498
2024-11-15 17:07:48 | Finished simulation
2024-11-15 17:07:48 | Finished saving output. Done! Total elapsed time: 0:01:07.108275
