CONFIG 660
benchmark_file: slurm/data/20241115_170539/benchmarks/qpeexact_5.lss
decoder_latency_or_dist_filename: slurm/data/20241115_170539/decoder_dists.json
distance: 21
lightweight_setting: 2
max_parallel_processes: None
missed_speculation_modifier: 1.4
poison_policy: successors
rng: 9
scheduling_method: parallel
speculation_accuracy: 0.9
speculation_latency: 1
speculation_mode: separate
2024-11-15 17:06:42 | Loading benchmark slurm/data/20241115_170539/benchmarks/qpeexact_5.lss...
2024-11-15 17:06:43 | Starting simulation
2024-11-15 17:06:45 | Simulation update: decoder round 1, completed instructions: 0/14570, actively running or decoding instructions: 1, waiting windows: 0/0. Max active instruction index: 0
2024-11-15 17:06:55 | Simulation update: decoder round 6402, completed instructions: 137/14570, actively running or decoding instructions: 3, waiting windows: 243/523. Max active instruction index: 134
2024-11-15 17:07:05 | Simulation update: decoder round 13706, completed instructions: 290/14570, actively running or decoding instructions: 2, waiting windows: 513/1116. Max active instruction index: 286
2024-11-15 17:07:15 | Simulation update: decoder round 22375, completed instructions: 459/14570, actively running or decoding instructions: 2, waiting windows: 845/1842. Max active instruction index: 456
2024-11-15 17:07:25 | Simulation update: decoder round 32459, completed instructions: 650/14570, actively running or decoding instructions: 4, waiting windows: 1453/3102. Max active instruction index: 641
2024-11-15 17:07:35 | Simulation update: decoder round 44946, completed instructions: 895/14570, actively running or decoding instructions: 2, waiting windows: 2568/5420. Max active instruction index: 886
2024-11-15 17:07:45 | Simulation update: decoder round 57204, completed instructions: 1154/14570, actively running or decoding instructions: 18, waiting windows: 3690/7733. Max active instruction index: 1710
2024-11-15 17:07:55 | Simulation update: decoder round 58084, completed instructions: 1189/14570, actively running or decoding instructions: 4, waiting windows: 3823/8016. Max active instruction index: 1719
2024-11-15 17:08:05 | Simulation update: decoder round 58974, completed instructions: 1230/14570, actively running or decoding instructions: 6, waiting windows: 3947/8278. Max active instruction index: 1763
2024-11-15 17:08:15 | Simulation update: decoder round 59869, completed instructions: 1276/14570, actively running or decoding instructions: 4, waiting windows: 4081/8560. Max active instruction index: 1815
2024-11-15 17:08:25 | Simulation update: decoder round 60768, completed instructions: 1302/14570, actively running or decoding instructions: 4, waiting windows: 4213/8844. Max active instruction index: 1842
2024-11-15 17:08:35 | Simulation update: decoder round 61669, completed instructions: 1342/14570, actively running or decoding instructions: 5, waiting windows: 4349/9135. Max active instruction index: 1883
2024-11-15 17:08:45 | Simulation update: decoder round 62577, completed instructions: 1382/14570, actively running or decoding instructions: 6, waiting windows: 4494/9435. Max active instruction index: 1923
2024-11-15 17:08:55 | Simulation update: decoder round 63491, completed instructions: 1418/14570, actively running or decoding instructions: 3, waiting windows: 4645/9749. Max active instruction index: 1955
2024-11-15 17:09:05 | Simulation update: decoder round 64412, completed instructions: 1441/14570, actively running or decoding instructions: 3, waiting windows: 4769/10038. Max active instruction index: 1980
2024-11-15 17:09:15 | Simulation update: decoder round 65337, completed instructions: 1484/14570, actively running or decoding instructions: 6, waiting windows: 4914/10335. Max active instruction index: 2021
2024-11-15 17:09:25 | Simulation update: decoder round 66267, completed instructions: 1522/14570, actively running or decoding instructions: 6, waiting windows: 5048/10624. Max active instruction index: 2063
2024-11-15 17:09:35 | Simulation update: decoder round 67201, completed instructions: 1561/14570, actively running or decoding instructions: 5, waiting windows: 5202/10936. Max active instruction index: 2103
2024-11-15 17:09:45 | Simulation update: decoder round 68140, completed instructions: 1599/14570, actively running or decoding instructions: 5, waiting windows: 5337/11232. Max active instruction index: 2137
2024-11-15 17:09:55 | Simulation update: decoder round 69084, completed instructions: 1643/14570, actively running or decoding instructions: 5, waiting windows: 5486/11546. Max active instruction index: 2176
2024-11-15 17:10:05 | Simulation update: decoder round 70033, completed instructions: 1675/14570, actively running or decoding instructions: 3, waiting windows: 5635/11860. Max active instruction index: 2211
2024-11-15 17:10:15 | Simulation update: decoder round 70987, completed instructions: 1719/14570, actively running or decoding instructions: 4, waiting windows: 5766/12163. Max active instruction index: 2249
2024-11-15 17:10:25 | Simulation update: decoder round 71947, completed instructions: 1758/14570, actively running or decoding instructions: 5, waiting windows: 5917/12472. Max active instruction index: 2289
2024-11-15 17:10:35 | Simulation update: decoder round 72915, completed instructions: 1800/14570, actively running or decoding instructions: 6, waiting windows: 6060/12784. Max active instruction index: 2329
2024-11-15 17:10:45 | Simulation update: decoder round 73890, completed instructions: 1842/14570, actively running or decoding instructions: 4, waiting windows: 6205/13086. Max active instruction index: 2372
2024-11-15 17:10:55 | Simulation update: decoder round 74863, completed instructions: 1883/14570, actively running or decoding instructions: 3, waiting windows: 6368/13424. Max active instruction index: 2405
2024-11-15 17:11:05 | Simulation update: decoder round 75823, completed instructions: 1933/14570, actively running or decoding instructions: 4, waiting windows: 6523/13758. Max active instruction index: 2451
2024-11-15 17:11:15 | Simulation update: decoder round 76807, completed instructions: 1970/14570, actively running or decoding instructions: 5, waiting windows: 6658/14070. Max active instruction index: 2493
2024-11-15 17:11:25 | Simulation update: decoder round 77801, completed instructions: 2025/14570, actively running or decoding instructions: 3, waiting windows: 6823/14393. Max active instruction index: 2546
2024-11-15 17:11:35 | Simulation update: decoder round 78803, completed instructions: 2059/14570, actively running or decoding instructions: 6, waiting windows: 6965/14698. Max active instruction index: 2573
2024-11-15 17:11:45 | Simulation update: decoder round 79813, completed instructions: 2100/14570, actively running or decoding instructions: 3, waiting windows: 7106/15003. Max active instruction index: 2613
2024-11-15 17:11:55 | Simulation update: decoder round 80826, completed instructions: 2146/14570, actively running or decoding instructions: 5, waiting windows: 7256/15322. Max active instruction index: 2651
2024-11-15 17:12:05 | Simulation update: decoder round 81843, completed instructions: 2185/14570, actively running or decoding instructions: 4, waiting windows: 7414/15663. Max active instruction index: 2689
2024-11-15 17:12:15 | Simulation update: decoder round 82868, completed instructions: 2224/14570, actively running or decoding instructions: 5, waiting windows: 7568/16002. Max active instruction index: 2739
2024-11-15 17:12:25 | Simulation update: decoder round 83894, completed instructions: 2273/14570, actively running or decoding instructions: 3, waiting windows: 7736/16350. Max active instruction index: 2779
2024-11-15 17:12:35 | Simulation update: decoder round 84932, completed instructions: 2318/14570, actively running or decoding instructions: 4, waiting windows: 7894/16684. Max active instruction index: 2824
2024-11-15 17:12:45 | Simulation update: decoder round 85976, completed instructions: 2361/14570, actively running or decoding instructions: 5, waiting windows: 8044/17007. Max active instruction index: 2866
2024-11-15 17:12:55 | Simulation update: decoder round 87036, completed instructions: 2412/14570, actively running or decoding instructions: 6, waiting windows: 8167/17288. Max active instruction index: 2919
2024-11-15 17:13:05 | Simulation update: decoder round 88101, completed instructions: 2452/14570, actively running or decoding instructions: 3, waiting windows: 8299/17572. Max active instruction index: 2959
2024-11-15 17:13:15 | Simulation update: decoder round 89166, completed instructions: 2499/14570, actively running or decoding instructions: 5, waiting windows: 8440/17872. Max active instruction index: 2991
2024-11-15 17:13:25 | Simulation update: decoder round 90242, completed instructions: 2564/14570, actively running or decoding instructions: 6, waiting windows: 8593/18193. Max active instruction index: 3036
2024-11-15 17:13:35 | Simulation update: decoder round 91328, completed instructions: 2608/14570, actively running or decoding instructions: 6, waiting windows: 8720/18479. Max active instruction index: 3053
2024-11-15 17:13:45 | Simulation update: decoder round 92424, completed instructions: 2654/14570, actively running or decoding instructions: 6, waiting windows: 8855/18771. Max active instruction index: 3075
2024-11-15 17:13:55 | Simulation update: decoder round 93529, completed instructions: 2706/14570, actively running or decoding instructions: 6, waiting windows: 8977/19053. Max active instruction index: 3113
2024-11-15 17:14:05 | Simulation update: decoder round 94642, completed instructions: 2769/14570, actively running or decoding instructions: 5, waiting windows: 9131/19376. Max active instruction index: 3143
2024-11-15 17:14:15 | Simulation update: decoder round 95762, completed instructions: 2821/14570, actively running or decoding instructions: 4, waiting windows: 9282/19701. Max active instruction index: 3173
2024-11-15 17:14:25 | Simulation update: decoder round 96880, completed instructions: 2881/14570, actively running or decoding instructions: 4, waiting windows: 9435/20029. Max active instruction index: 2157
2024-11-15 17:14:35 | Simulation update: decoder round 97994, completed instructions: 2904/14570, actively running or decoding instructions: 3, waiting windows: 9590/20347. Max active instruction index: 2217
2024-11-15 17:14:45 | Simulation update: decoder round 99115, completed instructions: 2926/14570, actively running or decoding instructions: 3, waiting windows: 9748/20662. Max active instruction index: 2261
2024-11-15 17:14:55 | Simulation update: decoder round 100240, completed instructions: 2943/14570, actively running or decoding instructions: 3, waiting windows: 9903/20986. Max active instruction index: 2301
2024-11-15 17:15:05 | Simulation update: decoder round 101367, completed instructions: 2961/14570, actively running or decoding instructions: 2, waiting windows: 10064/21309. Max active instruction index: 2354
2024-11-15 17:15:15 | Simulation update: decoder round 102509, completed instructions: 2981/14570, actively running or decoding instructions: 3, waiting windows: 10211/21621. Max active instruction index: 2399
2024-11-15 17:15:25 | Simulation update: decoder round 103656, completed instructions: 3005/14570, actively running or decoding instructions: 4, waiting windows: 10358/21919. Max active instruction index: 2457
2024-11-15 17:15:35 | Simulation update: decoder round 104799, completed instructions: 3025/14570, actively running or decoding instructions: 3, waiting windows: 10523/22252. Max active instruction index: 2500
2024-11-15 17:15:45 | Simulation update: decoder round 105944, completed instructions: 3047/14570, actively running or decoding instructions: 2, waiting windows: 10687/22583. Max active instruction index: 2553
2024-11-15 17:15:55 | Simulation update: decoder round 107096, completed instructions: 3064/14570, actively running or decoding instructions: 2, waiting windows: 10835/22896. Max active instruction index: 2593
2024-11-15 17:16:05 | Simulation update: decoder round 108256, completed instructions: 3086/14570, actively running or decoding instructions: 2, waiting windows: 11001/23231. Max active instruction index: 2645
2024-11-15 17:16:15 | Simulation update: decoder round 109418, completed instructions: 3109/14570, actively running or decoding instructions: 4, waiting windows: 11151/23540. Max active instruction index: 2697
2024-11-15 17:16:25 | Simulation update: decoder round 110576, completed instructions: 3130/14570, actively running or decoding instructions: 3, waiting windows: 11316/23876. Max active instruction index: 2748
2024-11-15 17:16:35 | Simulation update: decoder round 111746, completed instructions: 3153/14570, actively running or decoding instructions: 3, waiting windows: 11471/24195. Max active instruction index: 2807
2024-11-15 17:16:45 | Simulation update: decoder round 112918, completed instructions: 3175/14570, actively running or decoding instructions: 4, waiting windows: 11623/24515. Max active instruction index: 2860
2024-11-15 17:16:55 | Simulation update: decoder round 114098, completed instructions: 3202/14570, actively running or decoding instructions: 2, waiting windows: 11787/24845. Max active instruction index: 2925
2024-11-15 17:17:05 | Simulation update: decoder round 115158, completed instructions: 3274/14570, actively running or decoding instructions: 18, waiting windows: 11939/25160. Max active instruction index: 3311
2024-11-15 17:17:15 | Simulation update: decoder round 115863, completed instructions: 3339/14570, actively running or decoding instructions: 8, waiting windows: 12047/25401. Max active instruction index: 3377
2024-11-15 17:17:25 | Simulation update: decoder round 116574, completed instructions: 3391/14570, actively running or decoding instructions: 8, waiting windows: 12144/25629. Max active instruction index: 3421
2024-11-15 17:17:35 | Simulation update: decoder round 117288, completed instructions: 3442/14570, actively running or decoding instructions: 7, waiting windows: 12237/25858. Max active instruction index: 3469
2024-11-15 17:17:45 | Simulation update: decoder round 118007, completed instructions: 3503/14570, actively running or decoding instructions: 8, waiting windows: 12347/26094. Max active instruction index: 3538
2024-11-15 17:17:55 | Simulation update: decoder round 118732, completed instructions: 3570/14570, actively running or decoding instructions: 9, waiting windows: 12450/26330. Max active instruction index: 3605
2024-11-15 17:18:05 | Simulation update: decoder round 119462, completed instructions: 3618/14570, actively running or decoding instructions: 4, waiting windows: 12544/26552. Max active instruction index: 3650
2024-11-15 17:18:15 | Simulation update: decoder round 120202, completed instructions: 3687/14570, actively running or decoding instructions: 10, waiting windows: 12633/26756. Max active instruction index: 3717
2024-11-15 17:18:25 | Simulation update: decoder round 120939, completed instructions: 3738/14570, actively running or decoding instructions: 7, waiting windows: 12755/27010. Max active instruction index: 3760
2024-11-15 17:18:35 | Simulation update: decoder round 121681, completed instructions: 3787/14570, actively running or decoding instructions: 6, waiting windows: 12874/27263. Max active instruction index: 3812
2024-11-15 17:18:45 | Simulation update: decoder round 122430, completed instructions: 3832/14570, actively running or decoding instructions: 6, waiting windows: 12969/27498. Max active instruction index: 3858
2024-11-15 17:18:55 | Simulation update: decoder round 123177, completed instructions: 3886/14570, actively running or decoding instructions: 7, waiting windows: 13084/27737. Max active instruction index: 3926
2024-11-15 17:19:05 | Simulation update: decoder round 123918, completed instructions: 3946/14570, actively running or decoding instructions: 8, waiting windows: 13176/27966. Max active instruction index: 3974
2024-11-15 17:19:15 | Simulation update: decoder round 124675, completed instructions: 4005/14570, actively running or decoding instructions: 7, waiting windows: 13312/28237. Max active instruction index: 4020
2024-11-15 17:19:25 | Simulation update: decoder round 125441, completed instructions: 4053/14570, actively running or decoding instructions: 7, waiting windows: 13434/28507. Max active instruction index: 4096
2024-11-15 17:19:35 | Simulation update: decoder round 126211, completed instructions: 4101/14570, actively running or decoding instructions: 5, waiting windows: 13550/28754. Max active instruction index: 4119
2024-11-15 17:19:45 | Simulation update: decoder round 126984, completed instructions: 4160/14570, actively running or decoding instructions: 5, waiting windows: 13673/29033. Max active instruction index: 4186
2024-11-15 17:19:55 | Simulation update: decoder round 127761, completed instructions: 4217/14570, actively running or decoding instructions: 5, waiting windows: 13788/29301. Max active instruction index: 4252
2024-11-15 17:20:05 | Simulation update: decoder round 128547, completed instructions: 4276/14570, actively running or decoding instructions: 5, waiting windows: 13909/29561. Max active instruction index: 4302
2024-11-15 17:20:15 | Simulation update: decoder round 129339, completed instructions: 4331/14570, actively running or decoding instructions: 7, waiting windows: 14028/29835. Max active instruction index: 4355
2024-11-15 17:20:25 | Simulation update: decoder round 130139, completed instructions: 4398/14570, actively running or decoding instructions: 5, waiting windows: 14149/30105. Max active instruction index: 4417
2024-11-15 17:20:35 | Simulation update: decoder round 130944, completed instructions: 4458/14570, actively running or decoding instructions: 8, waiting windows: 14269/30377. Max active instruction index: 4501
2024-11-15 17:20:45 | Simulation update: decoder round 131755, completed instructions: 4523/14570, actively running or decoding instructions: 4, waiting windows: 14402/30665. Max active instruction index: 4564
2024-11-15 17:20:55 | Simulation update: decoder round 132572, completed instructions: 4573/14570, actively running or decoding instructions: 7, waiting windows: 14533/30958. Max active instruction index: 4630
2024-11-15 17:21:05 | Simulation update: decoder round 133397, completed instructions: 4639/14570, actively running or decoding instructions: 8, waiting windows: 14642/31221. Max active instruction index: 4699
2024-11-15 17:21:15 | Simulation update: decoder round 134225, completed instructions: 4697/14570, actively running or decoding instructions: 8, waiting windows: 14778/31497. Max active instruction index: 4767
2024-11-15 17:21:25 | Simulation update: decoder round 135062, completed instructions: 4763/14570, actively running or decoding instructions: 8, waiting windows: 14905/31782. Max active instruction index: 4828
2024-11-15 17:21:35 | Simulation update: decoder round 135903, completed instructions: 4822/14570, actively running or decoding instructions: 6, waiting windows: 15037/32084. Max active instruction index: 4886
2024-11-15 17:21:45 | Simulation update: decoder round 136754, completed instructions: 4891/14570, actively running or decoding instructions: 8, waiting windows: 15145/32333. Max active instruction index: 4961
2024-11-15 17:21:55 | Simulation update: decoder round 137610, completed instructions: 4953/14570, actively running or decoding instructions: 4, waiting windows: 15279/32618. Max active instruction index: 5005
2024-11-15 17:22:05 | Simulation update: decoder round 138472, completed instructions: 5002/14570, actively running or decoding instructions: 5, waiting windows: 15409/32910. Max active instruction index: 5072
2024-11-15 17:22:15 | Simulation update: decoder round 139338, completed instructions: 5066/14570, actively running or decoding instructions: 6, waiting windows: 15536/33191. Max active instruction index: 5140
2024-11-15 17:22:25 | Simulation update: decoder round 140213, completed instructions: 5131/14570, actively running or decoding instructions: 6, waiting windows: 15667/33483. Max active instruction index: 5217
2024-11-15 17:22:35 | Simulation update: decoder round 141097, completed instructions: 5212/14570, actively running or decoding instructions: 6, waiting windows: 15791/33770. Max active instruction index: 5278
2024-11-15 17:22:45 | Simulation update: decoder round 141988, completed instructions: 5276/14570, actively running or decoding instructions: 9, waiting windows: 15918/34059. Max active instruction index: 5361
2024-11-15 17:22:55 | Simulation update: decoder round 142883, completed instructions: 5341/14570, actively running or decoding instructions: 8, waiting windows: 16045/34342. Max active instruction index: 5415
2024-11-15 17:23:05 | Simulation update: decoder round 143793, completed instructions: 5419/14570, actively running or decoding instructions: 7, waiting windows: 16169/34623. Max active instruction index: 5489
2024-11-15 17:23:15 | Simulation update: decoder round 144712, completed instructions: 5475/14570, actively running or decoding instructions: 7, waiting windows: 16290/34906. Max active instruction index: 5509
2024-11-15 17:23:25 | Simulation update: decoder round 145641, completed instructions: 5521/14570, actively running or decoding instructions: 5, waiting windows: 16418/35187. Max active instruction index: 5553
2024-11-15 17:23:35 | Simulation update: decoder round 146581, completed instructions: 5555/14570, actively running or decoding instructions: 6, waiting windows: 16527/35426. Max active instruction index: 5564
2024-11-15 17:23:45 | Simulation update: decoder round 147527, completed instructions: 5591/14570, actively running or decoding instructions: 4, waiting windows: 16625/35637. Max active instruction index: 5586
2024-11-15 17:23:55 | Simulation update: decoder round 148477, completed instructions: 5607/14570, actively running or decoding instructions: 3, waiting windows: 16739/35866. Max active instruction index: 5602
2024-11-15 17:24:05 | Simulation update: decoder round 149429, completed instructions: 5627/14570, actively running or decoding instructions: 4, waiting windows: 16842/36085. Max active instruction index: 5623
2024-11-15 17:24:15 | Simulation update: decoder round 150386, completed instructions: 5644/14570, actively running or decoding instructions: 3, waiting windows: 16952/36303. Max active instruction index: 5639
2024-11-15 17:24:25 | Simulation update: decoder round 151343, completed instructions: 5663/14570, actively running or decoding instructions: 2, waiting windows: 17057/36528. Max active instruction index: 5659
2024-11-15 17:24:35 | Simulation update: decoder round 152301, completed instructions: 5703/14570, actively running or decoding instructions: 3, waiting windows: 17188/36783. Max active instruction index: 5695
2024-11-15 17:24:45 | Simulation update: decoder round 153258, completed instructions: 5717/14570, actively running or decoding instructions: 3, waiting windows: 17313/37053. Max active instruction index: 5710
2024-11-15 17:24:55 | Simulation update: decoder round 154220, completed instructions: 5739/14570, actively running or decoding instructions: 3, waiting windows: 17451/37326. Max active instruction index: 5732
2024-11-15 17:25:05 | Simulation update: decoder round 155181, completed instructions: 5757/14570, actively running or decoding instructions: 3, waiting windows: 17580/37589. Max active instruction index: 5749
2024-11-15 17:25:15 | Simulation update: decoder round 156148, completed instructions: 5776/14570, actively running or decoding instructions: 4, waiting windows: 17705/37857. Max active instruction index: 5772
2024-11-15 17:25:25 | Simulation update: decoder round 157114, completed instructions: 5797/14570, actively running or decoding instructions: 4, waiting windows: 17836/38126. Max active instruction index: 5789
2024-11-15 17:25:35 | Simulation update: decoder round 158086, completed instructions: 5816/14570, actively running or decoding instructions: 4, waiting windows: 17967/38395. Max active instruction index: 5812
2024-11-15 17:25:45 | Simulation update: decoder round 159070, completed instructions: 5840/14570, actively running or decoding instructions: 4, waiting windows: 18104/38670. Max active instruction index: 5838
2024-11-15 17:25:55 | Simulation update: decoder round 160051, completed instructions: 5858/14570, actively running or decoding instructions: 4, waiting windows: 18230/38936. Max active instruction index: 5850
2024-11-15 17:26:05 | Simulation update: decoder round 161029, completed instructions: 5874/14570, actively running or decoding instructions: 2, waiting windows: 18369/39217. Max active instruction index: 5866
2024-11-15 17:26:15 | Simulation update: decoder round 162009, completed instructions: 5894/14570, actively running or decoding instructions: 3, waiting windows: 18498/39485. Max active instruction index: 5887
2024-11-15 17:26:25 | Simulation update: decoder round 162993, completed instructions: 5911/14570, actively running or decoding instructions: 2, waiting windows: 18633/39757. Max active instruction index: 5903
2024-11-15 17:26:35 | Simulation update: decoder round 163985, completed instructions: 5929/14570, actively running or decoding instructions: 4, waiting windows: 18747/40002. Max active instruction index: 5926
2024-11-15 17:26:45 | Simulation update: decoder round 164979, completed instructions: 5952/14570, actively running or decoding instructions: 3, waiting windows: 18886/40270. Max active instruction index: 5944
2024-11-15 17:26:55 | Simulation update: decoder round 165971, completed instructions: 5968/14570, actively running or decoding instructions: 3, waiting windows: 19014/40548. Max active instruction index: 5961
2024-11-15 17:27:05 | Simulation update: decoder round 166967, completed instructions: 5991/14570, actively running or decoding instructions: 2, waiting windows: 19155/40825. Max active instruction index: 5983
2024-11-15 17:27:15 | Simulation update: decoder round 167967, completed instructions: 6010/14570, actively running or decoding instructions: 4, waiting windows: 19275/41092. Max active instruction index: 6005
2024-11-15 17:27:25 | Simulation update: decoder round 168970, completed instructions: 6036/14570, actively running or decoding instructions: 4, waiting windows: 19412/41363. Max active instruction index: 6028
2024-11-15 17:27:35 | Simulation update: decoder round 169976, completed instructions: 6056/14570, actively running or decoding instructions: 4, waiting windows: 19549/41646. Max active instruction index: 6049
2024-11-15 17:27:45 | Simulation update: decoder round 170979, completed instructions: 6068/14570, actively running or decoding instructions: 3, waiting windows: 19680/41917. Max active instruction index: 6060
2024-11-15 17:27:55 | Simulation update: decoder round 171990, completed instructions: 6090/14570, actively running or decoding instructions: 3, waiting windows: 19815/42198. Max active instruction index: 6083
2024-11-15 17:28:05 | Simulation update: decoder round 173006, completed instructions: 6115/14570, actively running or decoding instructions: 3, waiting windows: 19960/42484. Max active instruction index: 6107
2024-11-15 17:28:15 | Simulation update: decoder round 174023, completed instructions: 6131/14570, actively running or decoding instructions: 3, waiting windows: 20104/42777. Max active instruction index: 6123
2024-11-15 17:28:25 | Simulation update: decoder round 175044, completed instructions: 6146/14570, actively running or decoding instructions: 3, waiting windows: 20252/43073. Max active instruction index: 6139
2024-11-15 17:28:35 | Simulation update: decoder round 176067, completed instructions: 6158/14570, actively running or decoding instructions: 2, waiting windows: 20375/43332. Max active instruction index: 6151
2024-11-15 17:28:45 | Simulation update: decoder round 177089, completed instructions: 6181/14570, actively running or decoding instructions: 4, waiting windows: 20509/43608. Max active instruction index: 6174
2024-11-15 17:28:55 | Simulation update: decoder round 178089, completed instructions: 6204/14570, actively running or decoding instructions: 2, waiting windows: 20647/43888. Max active instruction index: 6196
2024-11-15 17:29:05 | Simulation update: decoder round 179120, completed instructions: 6221/14570, actively running or decoding instructions: 4, waiting windows: 20787/44175. Max active instruction index: 6213
2024-11-15 17:29:15 | Simulation update: decoder round 180150, completed instructions: 6241/14570, actively running or decoding instructions: 4, waiting windows: 20936/44473. Max active instruction index: 6238
2024-11-15 17:29:25 | Simulation update: decoder round 181187, completed instructions: 6259/14570, actively running or decoding instructions: 3, waiting windows: 21070/44752. Max active instruction index: 6251
2024-11-15 17:29:35 | Simulation update: decoder round 182228, completed instructions: 6276/14570, actively running or decoding instructions: 2, waiting windows: 21216/45044. Max active instruction index: 6268
2024-11-15 17:29:45 | Simulation update: decoder round 183271, completed instructions: 6303/14570, actively running or decoding instructions: 3, waiting windows: 21353/45334. Max active instruction index: 6295
2024-11-15 17:29:55 | Simulation update: decoder round 184319, completed instructions: 6326/14570, actively running or decoding instructions: 4, waiting windows: 21479/45605. Max active instruction index: 6319
2024-11-15 17:30:05 | Simulation update: decoder round 185377, completed instructions: 6350/14570, actively running or decoding instructions: 2, waiting windows: 21619/45880. Max active instruction index: 6342
2024-11-15 17:30:15 | Simulation update: decoder round 186432, completed instructions: 6366/14570, actively running or decoding instructions: 3, waiting windows: 21766/46185. Max active instruction index: 6358
2024-11-15 17:30:25 | Simulation update: decoder round 187492, completed instructions: 6388/14570, actively running or decoding instructions: 2, waiting windows: 21911/46478. Max active instruction index: 6380
2024-11-15 17:30:35 | Simulation update: decoder round 188549, completed instructions: 6402/14570, actively running or decoding instructions: 3, waiting windows: 22055/46777. Max active instruction index: 6395
2024-11-15 17:30:45 | Simulation update: decoder round 189609, completed instructions: 6448/14570, actively running or decoding instructions: 5, waiting windows: 22209/47099. Max active instruction index: 6985
2024-11-15 17:30:55 | Simulation update: decoder round 190673, completed instructions: 6501/14570, actively running or decoding instructions: 4, waiting windows: 22371/47453. Max active instruction index: 7043
2024-11-15 17:31:05 | Simulation update: decoder round 191740, completed instructions: 6553/14570, actively running or decoding instructions: 5, waiting windows: 22540/47797. Max active instruction index: 7090
2024-11-15 17:31:15 | Simulation update: decoder round 192817, completed instructions: 6597/14570, actively running or decoding instructions: 4, waiting windows: 22709/48157. Max active instruction index: 7126
2024-11-15 17:31:25 | Simulation update: decoder round 193905, completed instructions: 6642/14570, actively running or decoding instructions: 5, waiting windows: 22882/48515. Max active instruction index: 7176
2024-11-15 17:31:35 | Simulation update: decoder round 195000, completed instructions: 6690/14570, actively running or decoding instructions: 5, waiting windows: 23038/48864. Max active instruction index: 7228
2024-11-15 17:31:45 | Simulation update: decoder round 196098, completed instructions: 6737/14570, actively running or decoding instructions: 3, waiting windows: 23199/49209. Max active instruction index: 7278
2024-11-15 17:31:55 | Simulation update: decoder round 197205, completed instructions: 6794/14570, actively running or decoding instructions: 3, waiting windows: 23373/49584. Max active instruction index: 7327
2024-11-15 17:32:05 | Simulation update: decoder round 198323, completed instructions: 6843/14570, actively running or decoding instructions: 5, waiting windows: 23547/49954. Max active instruction index: 7382
2024-11-15 17:32:15 | Simulation update: decoder round 199449, completed instructions: 6887/14570, actively running or decoding instructions: 5, waiting windows: 23715/50310. Max active instruction index: 7409
2024-11-15 17:32:25 | Simulation update: decoder round 200584, completed instructions: 6944/14570, actively running or decoding instructions: 5, waiting windows: 23885/50670. Max active instruction index: 7467
2024-11-15 17:32:35 | Simulation update: decoder round 201726, completed instructions: 6993/14570, actively running or decoding instructions: 3, waiting windows: 24075/51066. Max active instruction index: 7511
2024-11-15 17:32:45 | Simulation update: decoder round 202869, completed instructions: 7043/14570, actively running or decoding instructions: 5, waiting windows: 24253/51449. Max active instruction index: 7561
2024-11-15 17:32:55 | Simulation update: decoder round 204024, completed instructions: 7086/14570, actively running or decoding instructions: 4, waiting windows: 24424/51827. Max active instruction index: 7598
2024-11-15 17:33:05 | Simulation update: decoder round 205190, completed instructions: 7134/14570, actively running or decoding instructions: 5, waiting windows: 24606/52207. Max active instruction index: 7649
2024-11-15 17:33:15 | Simulation update: decoder round 206359, completed instructions: 7196/14570, actively running or decoding instructions: 5, waiting windows: 24793/52606. Max active instruction index: 7705
2024-11-15 17:33:25 | Simulation update: decoder round 207542, completed instructions: 7240/14570, actively running or decoding instructions: 4, waiting windows: 24965/52968. Max active instruction index: 7749
2024-11-15 17:33:35 | Simulation update: decoder round 208745, completed instructions: 7293/14570, actively running or decoding instructions: 7, waiting windows: 25124/53324. Max active instruction index: 7802
2024-11-15 17:33:45 | Simulation update: decoder round 209949, completed instructions: 7334/14570, actively running or decoding instructions: 5, waiting windows: 25310/53709. Max active instruction index: 7849
2024-11-15 17:33:55 | Simulation update: decoder round 211159, completed instructions: 7388/14570, actively running or decoding instructions: 4, waiting windows: 25506/54119. Max active instruction index: 7899
2024-11-15 17:34:05 | Simulation update: decoder round 212388, completed instructions: 7436/14570, actively running or decoding instructions: 3, waiting windows: 25678/54495. Max active instruction index: 7949
2024-11-15 17:34:16 | Simulation update: decoder round 213624, completed instructions: 7490/14570, actively running or decoding instructions: 5, waiting windows: 25868/54892. Max active instruction index: 8014
2024-11-15 17:34:26 | Simulation update: decoder round 214872, completed instructions: 7554/14570, actively running or decoding instructions: 7, waiting windows: 26054/55296. Max active instruction index: 8082
2024-11-15 17:34:36 | Simulation update: decoder round 216130, completed instructions: 7614/14570, actively running or decoding instructions: 4, waiting windows: 26247/55711. Max active instruction index: 8139
2024-11-15 17:34:46 | Simulation update: decoder round 217404, completed instructions: 7672/14570, actively running or decoding instructions: 4, waiting windows: 26427/56112. Max active instruction index: 8187
2024-11-15 17:34:56 | Simulation update: decoder round 218691, completed instructions: 7741/14570, actively running or decoding instructions: 4, waiting windows: 26627/56536. Max active instruction index: 8245
2024-11-15 17:35:06 | Simulation update: decoder round 219989, completed instructions: 7791/14570, actively running or decoding instructions: 6, waiting windows: 26819/56944. Max active instruction index: 8298
2024-11-15 17:35:16 | Simulation update: decoder round 221293, completed instructions: 7845/14570, actively running or decoding instructions: 3, waiting windows: 27018/57373. Max active instruction index: 8353
2024-11-15 17:35:26 | Simulation update: decoder round 222610, completed instructions: 7899/14570, actively running or decoding instructions: 5, waiting windows: 27219/57801. Max active instruction index: 8402
2024-11-15 17:35:36 | Simulation update: decoder round 223946, completed instructions: 7960/14570, actively running or decoding instructions: 4, waiting windows: 27427/58234. Max active instruction index: 8469
2024-11-15 17:35:46 | Simulation update: decoder round 225297, completed instructions: 8029/14570, actively running or decoding instructions: 6, waiting windows: 27619/58662. Max active instruction index: 8527
2024-11-15 17:35:56 | Simulation update: decoder round 226657, completed instructions: 8091/14570, actively running or decoding instructions: 4, waiting windows: 27807/59075. Max active instruction index: 8590
2024-11-15 17:36:06 | Simulation update: decoder round 228030, completed instructions: 8164/14570, actively running or decoding instructions: 5, waiting windows: 28023/59529. Max active instruction index: 8685
2024-11-15 17:36:16 | Simulation update: decoder round 229422, completed instructions: 8223/14570, actively running or decoding instructions: 6, waiting windows: 28235/59974. Max active instruction index: 8750
2024-11-15 17:36:26 | Simulation update: decoder round 230825, completed instructions: 8272/14570, actively running or decoding instructions: 5, waiting windows: 28450/60417. Max active instruction index: 8798
2024-11-15 17:36:36 | Simulation update: decoder round 232236, completed instructions: 8321/14570, actively running or decoding instructions: 5, waiting windows: 28679/60887. Max active instruction index: 8842
2024-11-15 17:36:46 | Simulation update: decoder round 233666, completed instructions: 8372/14570, actively running or decoding instructions: 5, waiting windows: 28899/61346. Max active instruction index: 8902
2024-11-15 17:36:56 | Simulation update: decoder round 235058, completed instructions: 8419/14570, actively running or decoding instructions: 3, waiting windows: 29121/61818. Max active instruction index: 8956
2024-11-15 17:37:06 | Simulation update: decoder round 236514, completed instructions: 8469/14570, actively running or decoding instructions: 6, waiting windows: 29348/62294. Max active instruction index: 9012
2024-11-15 17:37:16 | Simulation update: decoder round 237999, completed instructions: 8535/14570, actively running or decoding instructions: 6, waiting windows: 29560/62738. Max active instruction index: 9080
2024-11-15 17:37:26 | Simulation update: decoder round 239500, completed instructions: 8594/14570, actively running or decoding instructions: 6, waiting windows: 29778/63201. Max active instruction index: 9136
2024-11-15 17:37:36 | Simulation update: decoder round 241020, completed instructions: 8658/14570, actively running or decoding instructions: 7, waiting windows: 29999/63671. Max active instruction index: 9193
2024-11-15 17:37:46 | Simulation update: decoder round 242551, completed instructions: 8713/14570, actively running or decoding instructions: 5, waiting windows: 30244/64167. Max active instruction index: 9264
2024-11-15 17:37:56 | Simulation update: decoder round 244105, completed instructions: 8764/14570, actively running or decoding instructions: 4, waiting windows: 30498/64695. Max active instruction index: 9318
2024-11-15 17:38:06 | Simulation update: decoder round 245683, completed instructions: 8821/14570, actively running or decoding instructions: 6, waiting windows: 30728/65188. Max active instruction index: 9376
2024-11-15 17:38:16 | Simulation update: decoder round 247296, completed instructions: 8881/14570, actively running or decoding instructions: 5, waiting windows: 30957/65657. Max active instruction index: 9413
2024-11-15 17:38:26 | Simulation update: decoder round 248924, completed instructions: 8942/14570, actively running or decoding instructions: 5, waiting windows: 31196/66163. Max active instruction index: 9528
2024-11-15 17:38:36 | Simulation update: decoder round 250564, completed instructions: 8999/14570, actively running or decoding instructions: 5, waiting windows: 31446/66682. Max active instruction index: 9656
2024-11-15 17:38:46 | Simulation update: decoder round 252222, completed instructions: 9066/14570, actively running or decoding instructions: 3, waiting windows: 31701/67220. Max active instruction index: 9787
2024-11-15 17:38:56 | Simulation update: decoder round 253906, completed instructions: 9128/14570, actively running or decoding instructions: 5, waiting windows: 31970/67765. Max active instruction index: 9891
2024-11-15 17:39:06 | Simulation update: decoder round 255611, completed instructions: 9187/14570, actively running or decoding instructions: 4, waiting windows: 32224/68320. Max active instruction index: 9988
2024-11-15 17:39:16 | Simulation update: decoder round 257334, completed instructions: 9251/14570, actively running or decoding instructions: 3, waiting windows: 32510/68901. Max active instruction index: 10111
2024-11-15 17:39:26 | Simulation update: decoder round 259082, completed instructions: 9314/14570, actively running or decoding instructions: 5, waiting windows: 32776/69459. Max active instruction index: 10225
2024-11-15 17:39:36 | Simulation update: decoder round 260864, completed instructions: 9385/14570, actively running or decoding instructions: 5, waiting windows: 33052/70033. Max active instruction index: 10352
2024-11-15 17:39:46 | Simulation update: decoder round 262678, completed instructions: 9446/14570, actively running or decoding instructions: 5, waiting windows: 33319/70597. Max active instruction index: 10495
2024-11-15 17:39:56 | Simulation update: decoder round 264511, completed instructions: 9512/14570, actively running or decoding instructions: 4, waiting windows: 33607/71192. Max active instruction index: 10641
2024-11-15 17:40:06 | Simulation update: decoder round 266395, completed instructions: 9551/14570, actively running or decoding instructions: 4, waiting windows: 33858/71715. Max active instruction index: 9018
2024-11-15 17:40:16 | Simulation update: decoder round 268302, completed instructions: 9589/14570, actively running or decoding instructions: 2, waiting windows: 34122/72253. Max active instruction index: 9091
2024-11-15 17:40:26 | Simulation update: decoder round 270237, completed instructions: 9625/14570, actively running or decoding instructions: 4, waiting windows: 34390/72798. Max active instruction index: 9165
2024-11-15 17:40:36 | Simulation update: decoder round 272181, completed instructions: 9662/14570, actively running or decoding instructions: 2, waiting windows: 34657/73356. Max active instruction index: 9241
2024-11-15 17:40:46 | Simulation update: decoder round 274149, completed instructions: 9699/14570, actively running or decoding instructions: 2, waiting windows: 34929/73899. Max active instruction index: 9314
2024-11-15 17:40:56 | Simulation update: decoder round 276134, completed instructions: 9737/14570, actively running or decoding instructions: 2, waiting windows: 35188/74441. Max active instruction index: 9391
2024-11-15 17:41:06 | Simulation update: decoder round 278177, completed instructions: 9835/14570, actively running or decoding instructions: 5, waiting windows: 35425/74948. Max active instruction index: 9534
2024-11-15 17:41:16 | Simulation update: decoder round 280281, completed instructions: 9939/14570, actively running or decoding instructions: 5, waiting windows: 35660/75461. Max active instruction index: 9686
2024-11-15 17:41:26 | Simulation update: decoder round 282442, completed instructions: 10062/14570, actively running or decoding instructions: 5, waiting windows: 35925/76030. Max active instruction index: 9852
2024-11-15 17:41:36 | Simulation update: decoder round 284687, completed instructions: 10160/14570, actively running or decoding instructions: 7, waiting windows: 36181/76602. Max active instruction index: 10002
2024-11-15 17:41:46 | Simulation update: decoder round 287018, completed instructions: 10292/14570, actively running or decoding instructions: 5, waiting windows: 36450/77207. Max active instruction index: 10181
2024-11-15 17:41:56 | Simulation update: decoder round 289451, completed instructions: 10420/14570, actively running or decoding instructions: 8, waiting windows: 36733/77818. Max active instruction index: 10358
2024-11-15 17:42:06 | Simulation update: decoder round 291977, completed instructions: 10531/14570, actively running or decoding instructions: 2, waiting windows: 37040/78488. Max active instruction index: 10473
2024-11-15 17:42:16 | Simulation update: decoder round 294628, completed instructions: 10683/14570, actively running or decoding instructions: 6, waiting windows: 37353/79187. Max active instruction index: 10675
2024-11-15 17:42:26 | Simulation update: decoder round 297317, completed instructions: 10803/14570, actively running or decoding instructions: 6, waiting windows: 37661/79857. Max active instruction index: 10796
2024-11-15 17:42:36 | Simulation update: decoder round 300254, completed instructions: 10927/14570, actively running or decoding instructions: 5, waiting windows: 37982/80562. Max active instruction index: 10934
2024-11-15 17:42:46 | Simulation update: decoder round 303337, completed instructions: 11087/14570, actively running or decoding instructions: 6, waiting windows: 38355/81363. Max active instruction index: 11099
2024-11-15 17:42:56 | Simulation update: decoder round 306627, completed instructions: 11261/14570, actively running or decoding instructions: 5, waiting windows: 38739/82225. Max active instruction index: 11260
2024-11-15 17:43:06 | Simulation update: decoder round 310205, completed instructions: 11340/14570, actively running or decoding instructions: 4, waiting windows: 39141/83084. Max active instruction index: 11330
2024-11-15 17:43:16 | Simulation update: decoder round 313942, completed instructions: 11416/14570, actively running or decoding instructions: 3, waiting windows: 39574/83967. Max active instruction index: 11407
2024-11-15 17:43:26 | Simulation update: decoder round 317846, completed instructions: 11488/14570, actively running or decoding instructions: 3, waiting windows: 40021/84889. Max active instruction index: 11478
2024-11-15 17:43:36 | Simulation update: decoder round 321917, completed instructions: 11560/14570, actively running or decoding instructions: 3, waiting windows: 40484/85838. Max active instruction index: 11550
2024-11-15 17:43:46 | Simulation update: decoder round 326172, completed instructions: 11645/14570, actively running or decoding instructions: 2, waiting windows: 40947/86799. Max active instruction index: 11635
2024-11-15 17:43:56 | Simulation update: decoder round 330646, completed instructions: 11727/14570, actively running or decoding instructions: 4, waiting windows: 41430/87795. Max active instruction index: 11718
2024-11-15 17:44:06 | Simulation update: decoder round 335324, completed instructions: 11811/14570, actively running or decoding instructions: 2, waiting windows: 41948/88867. Max active instruction index: 11805
2024-11-15 17:44:16 | Simulation update: decoder round 340361, completed instructions: 12051/14570, actively running or decoding instructions: 3, waiting windows: 42482/90023. Max active instruction index: 12046
2024-11-15 17:44:26 | Simulation update: decoder round 345956, completed instructions: 12330/14570, actively running or decoding instructions: 6, waiting windows: 43085/91362. Max active instruction index: 12344
2024-11-15 17:44:36 | Simulation update: decoder round 352420, completed instructions: 12647/14570, actively running or decoding instructions: 3, waiting windows: 43807/92939. Max active instruction index: 12689
2024-11-15 17:44:46 | Simulation update: decoder round 360658, completed instructions: 13054/14570, actively running or decoding instructions: 4, waiting windows: 44655/94812. Max active instruction index: 13117
2024-11-15 17:44:56 | Simulation update: decoder round 376770, completed instructions: 13573/14570, actively running or decoding instructions: 2, waiting windows: 45782/97322. Max active instruction index: 13563
2024-11-15 17:45:03 | Finished simulation
2024-11-15 17:45:04 | Finished saving output. Done! Total elapsed time: 0:38:22.321866
