CONFIG 788
benchmark_file: slurm/data/20241115_170539/benchmarks/carleman_2_4.lss
decoder_latency_or_dist_filename: slurm/data/20241115_170539/decoder_dists.json
distance: 21
lightweight_setting: 2
max_parallel_processes: None
missed_speculation_modifier: 1.4
poison_policy: successors
rng: 3
scheduling_method: aligned
speculation_accuracy: 0.9
speculation_latency: 1
speculation_mode: separate
2024-11-15 17:06:51 | Loading benchmark slurm/data/20241115_170539/benchmarks/carleman_2_4.lss...
2024-11-15 17:06:52 | Starting simulation
2024-11-15 17:06:53 | Simulation update: decoder round 1, completed instructions: 0/12153, actively running or decoding instructions: 21, waiting windows: 0/0. Max active instruction index: 191
2024-11-15 17:07:03 | Simulation update: decoder round 526, completed instructions: 406/12153, actively running or decoding instructions: 18, waiting windows: 573/1045. Max active instruction index: 403
2024-11-15 17:07:13 | Simulation update: decoder round 964, completed instructions: 567/12153, actively running or decoding instructions: 16, waiting windows: 959/1816. Max active instruction index: 558
2024-11-15 17:07:23 | Simulation update: decoder round 1413, completed instructions: 746/12153, actively running or decoding instructions: 29, waiting windows: 1341/2661. Max active instruction index: 793
2024-11-15 17:07:33 | Simulation update: decoder round 1872, completed instructions: 912/12153, actively running or decoding instructions: 33, waiting windows: 1690/3487. Max active instruction index: 932
2024-11-15 17:07:43 | Simulation update: decoder round 2333, completed instructions: 1032/12153, actively running or decoding instructions: 20, waiting windows: 2059/4273. Max active instruction index: 1100
2024-11-15 17:07:53 | Simulation update: decoder round 2798, completed instructions: 1188/12153, actively running or decoding instructions: 13, waiting windows: 2392/5110. Max active instruction index: 1262
2024-11-15 17:08:03 | Simulation update: decoder round 3269, completed instructions: 1355/12153, actively running or decoding instructions: 8, waiting windows: 2764/5995. Max active instruction index: 1349
2024-11-15 17:08:13 | Simulation update: decoder round 3732, completed instructions: 1641/12153, actively running or decoding instructions: 39, waiting windows: 3275/7005. Max active instruction index: 1703
2024-11-15 17:08:23 | Simulation update: decoder round 4214, completed instructions: 1811/12153, actively running or decoding instructions: 22, waiting windows: 3660/7934. Max active instruction index: 1848
2024-11-15 17:08:33 | Simulation update: decoder round 4704, completed instructions: 2060/12153, actively running or decoding instructions: 31, waiting windows: 4100/8947. Max active instruction index: 2098
2024-11-15 17:08:43 | Simulation update: decoder round 5206, completed instructions: 2282/12153, actively running or decoding instructions: 31, waiting windows: 4503/9936. Max active instruction index: 2314
2024-11-15 17:08:53 | Simulation update: decoder round 5722, completed instructions: 2527/12153, actively running or decoding instructions: 25, waiting windows: 5000/11001. Max active instruction index: 2563
2024-11-15 17:09:03 | Simulation update: decoder round 6263, completed instructions: 2681/12153, actively running or decoding instructions: 9, waiting windows: 5414/11988. Max active instruction index: 2820
2024-11-15 17:09:13 | Simulation update: decoder round 6798, completed instructions: 2937/12153, actively running or decoding instructions: 25, waiting windows: 5891/13054. Max active instruction index: 3027
2024-11-15 17:09:23 | Simulation update: decoder round 7349, completed instructions: 3187/12153, actively running or decoding instructions: 29, waiting windows: 6411/14188. Max active instruction index: 3207
2024-11-15 17:09:33 | Simulation update: decoder round 7914, completed instructions: 3348/12153, actively running or decoding instructions: 25, waiting windows: 6878/15272. Max active instruction index: 3820
2024-11-15 17:09:43 | Simulation update: decoder round 8478, completed instructions: 3499/12153, actively running or decoding instructions: 10, waiting windows: 7368/16372. Max active instruction index: 3489
2024-11-15 17:09:53 | Simulation update: decoder round 9066, completed instructions: 3629/12153, actively running or decoding instructions: 10, waiting windows: 7888/17480. Max active instruction index: 3617
2024-11-15 17:10:03 | Simulation update: decoder round 9656, completed instructions: 3828/12153, actively running or decoding instructions: 14, waiting windows: 8414/18643. Max active instruction index: 3907
2024-11-15 17:10:13 | Simulation update: decoder round 10253, completed instructions: 4121/12153, actively running or decoding instructions: 28, waiting windows: 8956/19843. Max active instruction index: 4172
2024-11-15 17:10:23 | Simulation update: decoder round 10890, completed instructions: 4299/12153, actively running or decoding instructions: 14, waiting windows: 9447/21022. Max active instruction index: 4279
2024-11-15 17:10:33 | Simulation update: decoder round 11525, completed instructions: 4601/12153, actively running or decoding instructions: 20, waiting windows: 10036/22311. Max active instruction index: 4888
2024-11-15 17:10:43 | Simulation update: decoder round 12198, completed instructions: 4750/12153, actively running or decoding instructions: 8, waiting windows: 10569/23552. Max active instruction index: 4765
2024-11-15 17:10:53 | Simulation update: decoder round 12883, completed instructions: 4971/12153, actively running or decoding instructions: 29, waiting windows: 11232/24863. Max active instruction index: 5112
2024-11-15 17:11:03 | Simulation update: decoder round 13583, completed instructions: 5174/12153, actively running or decoding instructions: 23, waiting windows: 11773/26135. Max active instruction index: 5270
2024-11-15 17:11:13 | Simulation update: decoder round 14324, completed instructions: 5294/12153, actively running or decoding instructions: 13, waiting windows: 12329/27392. Max active instruction index: 5221
2024-11-15 17:11:23 | Simulation update: decoder round 15080, completed instructions: 5437/12153, actively running or decoding instructions: 13, waiting windows: 12939/28708. Max active instruction index: 5408
2024-11-15 17:11:33 | Simulation update: decoder round 15846, completed instructions: 5576/12153, actively running or decoding instructions: 9, waiting windows: 13517/29962. Max active instruction index: 5562
2024-11-15 17:11:43 | Simulation update: decoder round 16642, completed instructions: 5708/12153, actively running or decoding instructions: 9, waiting windows: 14121/31265. Max active instruction index: 5691
2024-11-15 17:11:53 | Simulation update: decoder round 17455, completed instructions: 5857/12153, actively running or decoding instructions: 14, waiting windows: 14743/32560. Max active instruction index: 5840
2024-11-15 17:12:03 | Simulation update: decoder round 18257, completed instructions: 6011/12153, actively running or decoding instructions: 15, waiting windows: 15354/33854. Max active instruction index: 5996
2024-11-15 17:12:13 | Simulation update: decoder round 19092, completed instructions: 6195/12153, actively running or decoding instructions: 11, waiting windows: 16011/35278. Max active instruction index: 6179
2024-11-15 17:12:23 | Simulation update: decoder round 19962, completed instructions: 6340/12153, actively running or decoding instructions: 5, waiting windows: 16679/36720. Max active instruction index: 6327
2024-11-15 17:12:33 | Simulation update: decoder round 20821, completed instructions: 6609/12153, actively running or decoding instructions: 10, waiting windows: 17410/38244. Max active instruction index: 6627
2024-11-15 17:12:43 | Simulation update: decoder round 21730, completed instructions: 6858/12153, actively running or decoding instructions: 18, waiting windows: 18164/39826. Max active instruction index: 6835
2024-11-15 17:12:53 | Simulation update: decoder round 22674, completed instructions: 7050/12153, actively running or decoding instructions: 16, waiting windows: 18845/41369. Max active instruction index: 7052
2024-11-15 17:13:03 | Simulation update: decoder round 23616, completed instructions: 7407/12153, actively running or decoding instructions: 30, waiting windows: 19569/43040. Max active instruction index: 7435
2024-11-15 17:13:13 | Simulation update: decoder round 24657, completed instructions: 7655/12153, actively running or decoding instructions: 14, waiting windows: 20362/44758. Max active instruction index: 7642
2024-11-15 17:13:23 | Simulation update: decoder round 25705, completed instructions: 7943/12153, actively running or decoding instructions: 22, waiting windows: 21187/46544. Max active instruction index: 7893
2024-11-15 17:13:33 | Simulation update: decoder round 26837, completed instructions: 8368/12153, actively running or decoding instructions: 35, waiting windows: 22085/48521. Max active instruction index: 8555
2024-11-15 17:13:43 | Simulation update: decoder round 28129, completed instructions: 8775/12153, actively running or decoding instructions: 12, waiting windows: 22932/50580. Max active instruction index: 8759
2024-11-15 17:13:53 | Simulation update: decoder round 29465, completed instructions: 9098/12153, actively running or decoding instructions: 18, waiting windows: 23848/52565. Max active instruction index: 9199
2024-11-15 17:14:03 | Simulation update: decoder round 30950, completed instructions: 9804/12153, actively running or decoding instructions: 26, waiting windows: 24880/55028. Max active instruction index: 9855
2024-11-15 17:14:13 | Simulation update: decoder round 32979, completed instructions: 10612/12153, actively running or decoding instructions: 12, waiting windows: 25954/57769. Max active instruction index: 10614
2024-11-15 17:14:23 | Simulation update: decoder round 35820, completed instructions: 11373/12153, actively running or decoding instructions: 24, waiting windows: 27304/60857. Max active instruction index: 11343
2024-11-15 17:14:30 | Finished simulation
2024-11-15 17:14:30 | Finished saving output. Done! Total elapsed time: 0:07:39.363163
