CONFIG 840
benchmark_file: slurm/data/20241115_170539/benchmarks/qpeinexact_5.lss
decoder_latency_or_dist_filename: slurm/data/20241115_170539/decoder_dists.json
distance: 21
lightweight_setting: 2
max_parallel_processes: predict
missed_speculation_modifier: 1.4
poison_policy: successors
rng: 4
scheduling_method: aligned
speculation_accuracy: 0.9
speculation_latency: 1
speculation_mode: separate
2024-11-15 17:35:53 | Loading benchmark slurm/data/20241115_170539/benchmarks/qpeinexact_5.lss...
2024-11-15 17:35:54 | Starting simulation
PREDICTION STEP BEGIN---------------------------------
Predicted max parallel processes: 60

PREDICTION STEP END-----------------------------------

2024-11-15 17:56:25 | Simulation update: decoder round 1, completed instructions: 0/12893, actively running or decoding instructions: 5, waiting windows: 0/0. Max active instruction index: 8
2024-11-15 17:56:35 | Simulation update: decoder round 1373, completed instructions: 51/12893, actively running or decoding instructions: 2, waiting windows: 255/453. Max active instruction index: 42
2024-11-15 17:56:45 | Simulation update: decoder round 2727, completed instructions: 77/12893, actively running or decoding instructions: 4, waiting windows: 459/894. Max active instruction index: 68
2024-11-15 17:56:55 | Simulation update: decoder round 4097, completed instructions: 107/12893, actively running or decoding instructions: 3, waiting windows: 669/1335. Max active instruction index: 102
2024-11-15 17:57:05 | Simulation update: decoder round 5484, completed instructions: 140/12893, actively running or decoding instructions: 4, waiting windows: 879/1769. Max active instruction index: 132
2024-11-15 17:57:15 | Simulation update: decoder round 6869, completed instructions: 170/12893, actively running or decoding instructions: 3, waiting windows: 1097/2214. Max active instruction index: 161
2024-11-15 17:57:25 | Simulation update: decoder round 8258, completed instructions: 203/12893, actively running or decoding instructions: 4, waiting windows: 1303/2657. Max active instruction index: 194
2024-11-15 17:57:35 | Simulation update: decoder round 9657, completed instructions: 229/12893, actively running or decoding instructions: 3, waiting windows: 1523/3110. Max active instruction index: 220
2024-11-15 17:57:45 | Simulation update: decoder round 11063, completed instructions: 251/12893, actively running or decoding instructions: 2, waiting windows: 1744/3573. Max active instruction index: 242
2024-11-15 17:57:55 | Simulation update: decoder round 12477, completed instructions: 288/12893, actively running or decoding instructions: 4, waiting windows: 1964/4039. Max active instruction index: 284
2024-11-15 17:58:05 | Simulation update: decoder round 13909, completed instructions: 319/12893, actively running or decoding instructions: 5, waiting windows: 2184/4502. Max active instruction index: 314
2024-11-15 17:58:15 | Simulation update: decoder round 15345, completed instructions: 347/12893, actively running or decoding instructions: 2, waiting windows: 2411/4979. Max active instruction index: 339
2024-11-15 17:58:25 | Simulation update: decoder round 16789, completed instructions: 381/12893, actively running or decoding instructions: 2, waiting windows: 2641/5451. Max active instruction index: 372
2024-11-15 17:58:35 | Simulation update: decoder round 18245, completed instructions: 412/12893, actively running or decoding instructions: 5, waiting windows: 2881/5935. Max active instruction index: 408
2024-11-15 17:58:45 | Simulation update: decoder round 19713, completed instructions: 440/12893, actively running or decoding instructions: 3, waiting windows: 3081/6389. Max active instruction index: 432
2024-11-15 17:58:55 | Simulation update: decoder round 21199, completed instructions: 474/12893, actively running or decoding instructions: 2, waiting windows: 3321/6870. Max active instruction index: 465
2024-11-15 17:59:05 | Simulation update: decoder round 22688, completed instructions: 504/12893, actively running or decoding instructions: 3, waiting windows: 3556/7365. Max active instruction index: 499
2024-11-15 17:59:15 | Simulation update: decoder round 24182, completed instructions: 535/12893, actively running or decoding instructions: 2, waiting windows: 3794/7860. Max active instruction index: 526
2024-11-15 17:59:25 | Simulation update: decoder round 25693, completed instructions: 575/12893, actively running or decoding instructions: 7, waiting windows: 4018/8331. Max active instruction index: 581
2024-11-15 17:59:35 | Simulation update: decoder round 27206, completed instructions: 669/12893, actively running or decoding instructions: 5, waiting windows: 4273/8898. Max active instruction index: 1189
2024-11-15 17:59:45 | Simulation update: decoder round 28738, completed instructions: 744/12893, actively running or decoding instructions: 5, waiting windows: 4541/9460. Max active instruction index: 1235
2024-11-15 17:59:55 | Simulation update: decoder round 30286, completed instructions: 816/12893, actively running or decoding instructions: 3, waiting windows: 4811/10072. Max active instruction index: 1271
2024-11-15 18:00:05 | Simulation update: decoder round 31815, completed instructions: 898/12893, actively running or decoding instructions: 6, waiting windows: 5078/10660. Max active instruction index: 1315
2024-11-15 18:00:15 | Simulation update: decoder round 33421, completed instructions: 976/12893, actively running or decoding instructions: 5, waiting windows: 5328/11229. Max active instruction index: 1360
2024-11-15 18:00:25 | Simulation update: decoder round 35046, completed instructions: 1068/12893, actively running or decoding instructions: 5, waiting windows: 5615/11854. Max active instruction index: 1412
2024-11-15 18:00:35 | Simulation update: decoder round 36705, completed instructions: 1142/12893, actively running or decoding instructions: 6, waiting windows: 5894/12473. Max active instruction index: 1449
2024-11-15 18:00:45 | Simulation update: decoder round 38401, completed instructions: 1229/12893, actively running or decoding instructions: 6, waiting windows: 6178/13094. Max active instruction index: 1501
2024-11-15 18:00:55 | Simulation update: decoder round 40121, completed instructions: 1316/12893, actively running or decoding instructions: 5, waiting windows: 6461/13745. Max active instruction index: 1552
2024-11-15 18:01:05 | Simulation update: decoder round 41884, completed instructions: 1407/12893, actively running or decoding instructions: 4, waiting windows: 6773/14410. Max active instruction index: 1602
2024-11-15 18:01:15 | Simulation update: decoder round 43683, completed instructions: 1495/12893, actively running or decoding instructions: 5, waiting windows: 7078/15081. Max active instruction index: 1656
2024-11-15 18:01:25 | Simulation update: decoder round 45519, completed instructions: 1582/12893, actively running or decoding instructions: 7, waiting windows: 7370/15740. Max active instruction index: 1710
2024-11-15 18:01:35 | Simulation update: decoder round 47407, completed instructions: 1675/12893, actively running or decoding instructions: 7, waiting windows: 7672/16398. Max active instruction index: 1764
2024-11-15 18:01:45 | Simulation update: decoder round 49327, completed instructions: 1768/12893, actively running or decoding instructions: 4, waiting windows: 7999/17126. Max active instruction index: 1806
2024-11-15 18:01:55 | Simulation update: decoder round 51299, completed instructions: 1872/12893, actively running or decoding instructions: 13, waiting windows: 8319/17836. Max active instruction index: 1867
2024-11-15 18:02:05 | Simulation update: decoder round 52522, completed instructions: 1972/12893, actively running or decoding instructions: 4, waiting windows: 8504/18258. Max active instruction index: 1967
2024-11-15 18:02:15 | Simulation update: decoder round 53234, completed instructions: 2032/12893, actively running or decoding instructions: 5, waiting windows: 8630/18549. Max active instruction index: 2028
2024-11-15 18:02:25 | Simulation update: decoder round 53948, completed instructions: 2094/12893, actively running or decoding instructions: 8, waiting windows: 8732/18812. Max active instruction index: 2104
2024-11-15 18:02:35 | Simulation update: decoder round 54665, completed instructions: 2160/12893, actively running or decoding instructions: 6, waiting windows: 8860/19100. Max active instruction index: 2180
2024-11-15 18:02:45 | Simulation update: decoder round 55392, completed instructions: 2216/12893, actively running or decoding instructions: 7, waiting windows: 8978/19383. Max active instruction index: 2231
2024-11-15 18:02:55 | Simulation update: decoder round 56122, completed instructions: 2272/12893, actively running or decoding instructions: 6, waiting windows: 9092/19664. Max active instruction index: 2299
2024-11-15 18:03:05 | Simulation update: decoder round 56861, completed instructions: 2332/12893, actively running or decoding instructions: 8, waiting windows: 9198/19913. Max active instruction index: 2347
2024-11-15 18:03:15 | Simulation update: decoder round 57605, completed instructions: 2388/12893, actively running or decoding instructions: 8, waiting windows: 9314/20194. Max active instruction index: 2414
2024-11-15 18:03:25 | Simulation update: decoder round 58348, completed instructions: 2435/12893, actively running or decoding instructions: 5, waiting windows: 9438/20467. Max active instruction index: 2464
2024-11-15 18:03:35 | Simulation update: decoder round 59091, completed instructions: 2502/12893, actively running or decoding instructions: 7, waiting windows: 9563/20763. Max active instruction index: 2547
2024-11-15 18:03:45 | Simulation update: decoder round 59847, completed instructions: 2567/12893, actively running or decoding instructions: 5, waiting windows: 9687/21050. Max active instruction index: 2592
2024-11-15 18:03:55 | Simulation update: decoder round 60609, completed instructions: 2621/12893, actively running or decoding instructions: 6, waiting windows: 9782/21327. Max active instruction index: 2670
2024-11-15 18:04:05 | Simulation update: decoder round 61388, completed instructions: 2689/12893, actively running or decoding instructions: 7, waiting windows: 9904/21603. Max active instruction index: 2739
2024-11-15 18:04:15 | Simulation update: decoder round 62155, completed instructions: 2756/12893, actively running or decoding instructions: 7, waiting windows: 10050/21909. Max active instruction index: 2791
2024-11-15 18:04:25 | Simulation update: decoder round 62930, completed instructions: 2824/12893, actively running or decoding instructions: 6, waiting windows: 10167/22216. Max active instruction index: 2855
2024-11-15 18:04:35 | Simulation update: decoder round 63722, completed instructions: 2897/12893, actively running or decoding instructions: 5, waiting windows: 10305/22546. Max active instruction index: 2945
2024-11-15 18:04:45 | Simulation update: decoder round 64512, completed instructions: 2964/12893, actively running or decoding instructions: 5, waiting windows: 10420/22846. Max active instruction index: 3011
2024-11-15 18:04:55 | Simulation update: decoder round 65313, completed instructions: 3034/12893, actively running or decoding instructions: 7, waiting windows: 10553/23150. Max active instruction index: 3084
2024-11-15 18:05:05 | Simulation update: decoder round 66117, completed instructions: 3097/12893, actively running or decoding instructions: 8, waiting windows: 10679/23470. Max active instruction index: 3195
2024-11-15 18:05:15 | Simulation update: decoder round 66939, completed instructions: 3158/12893, actively running or decoding instructions: 8, waiting windows: 10795/23758. Max active instruction index: 3219
2024-11-15 18:05:25 | Simulation update: decoder round 67755, completed instructions: 3227/12893, actively running or decoding instructions: 7, waiting windows: 10931/24055. Max active instruction index: 3317
2024-11-15 18:05:35 | Simulation update: decoder round 68579, completed instructions: 3285/12893, actively running or decoding instructions: 5, waiting windows: 11069/24368. Max active instruction index: 3368
2024-11-15 18:05:45 | Simulation update: decoder round 69411, completed instructions: 3371/12893, actively running or decoding instructions: 10, waiting windows: 11199/24705. Max active instruction index: 3475
2024-11-15 18:05:55 | Simulation update: decoder round 70256, completed instructions: 3444/12893, actively running or decoding instructions: 10, waiting windows: 11323/25014. Max active instruction index: 3545
2024-11-15 18:06:05 | Simulation update: decoder round 71106, completed instructions: 3523/12893, actively running or decoding instructions: 7, waiting windows: 11466/25339. Max active instruction index: 3620
2024-11-15 18:06:15 | Simulation update: decoder round 71966, completed instructions: 3592/12893, actively running or decoding instructions: 8, waiting windows: 11581/25649. Max active instruction index: 3686
2024-11-15 18:06:25 | Simulation update: decoder round 72838, completed instructions: 3648/12893, actively running or decoding instructions: 6, waiting windows: 11712/25958. Max active instruction index: 3738
2024-11-15 18:06:35 | Simulation update: decoder round 73713, completed instructions: 3739/12893, actively running or decoding instructions: 6, waiting windows: 11860/26296. Max active instruction index: 3845
2024-11-15 18:06:45 | Simulation update: decoder round 74604, completed instructions: 3807/12893, actively running or decoding instructions: 8, waiting windows: 11990/26612. Max active instruction index: 3906
2024-11-15 18:06:55 | Simulation update: decoder round 75497, completed instructions: 3893/12893, actively running or decoding instructions: 8, waiting windows: 12136/26951. Max active instruction index: 3975
2024-11-15 18:07:05 | Simulation update: decoder round 76399, completed instructions: 3973/12893, actively running or decoding instructions: 13, waiting windows: 12256/27268. Max active instruction index: 4063
2024-11-15 18:07:15 | Simulation update: decoder round 77316, completed instructions: 4044/12893, actively running or decoding instructions: 7, waiting windows: 12411/27608. Max active instruction index: 4129
2024-11-15 18:07:25 | Simulation update: decoder round 78243, completed instructions: 4108/12893, actively running or decoding instructions: 6, waiting windows: 12537/27936. Max active instruction index: 4196
2024-11-15 18:07:35 | Simulation update: decoder round 79182, completed instructions: 4160/12893, actively running or decoding instructions: 4, waiting windows: 12686/28259. Max active instruction index: 4256
2024-11-15 18:07:45 | Simulation update: decoder round 80126, completed instructions: 4202/12893, actively running or decoding instructions: 4, waiting windows: 12830/28587. Max active instruction index: 4300
2024-11-15 18:07:55 | Simulation update: decoder round 81078, completed instructions: 4259/12893, actively running or decoding instructions: 7, waiting windows: 12955/28893. Max active instruction index: 4358
2024-11-15 18:08:05 | Simulation update: decoder round 82043, completed instructions: 4317/12893, actively running or decoding instructions: 8, waiting windows: 13086/29199. Max active instruction index: 4404
2024-11-15 18:08:15 | Simulation update: decoder round 83011, completed instructions: 4363/12893, actively running or decoding instructions: 4, waiting windows: 13244/29533. Max active instruction index: 4445
2024-11-15 18:08:25 | Simulation update: decoder round 83980, completed instructions: 4403/12893, actively running or decoding instructions: 5, waiting windows: 13374/29838. Max active instruction index: 4502
2024-11-15 18:08:35 | Simulation update: decoder round 84960, completed instructions: 4458/12893, actively running or decoding instructions: 6, waiting windows: 13515/30155. Max active instruction index: 4569
2024-11-15 18:08:45 | Simulation update: decoder round 85956, completed instructions: 4491/12893, actively running or decoding instructions: 4, waiting windows: 13626/30430. Max active instruction index: 4431
2024-11-15 18:08:55 | Simulation update: decoder round 86954, completed instructions: 4530/12893, actively running or decoding instructions: 3, waiting windows: 13770/30735. Max active instruction index: 4477
2024-11-15 18:09:05 | Simulation update: decoder round 87966, completed instructions: 4559/12893, actively running or decoding instructions: 4, waiting windows: 13891/31006. Max active instruction index: 4524
2024-11-15 18:09:15 | Simulation update: decoder round 88973, completed instructions: 4600/12893, actively running or decoding instructions: 4, waiting windows: 14008/31272. Max active instruction index: 4596
2024-11-15 18:09:25 | Simulation update: decoder round 89993, completed instructions: 4663/12893, actively running or decoding instructions: 4, waiting windows: 14133/31545. Max active instruction index: 4653
2024-11-15 18:09:35 | Simulation update: decoder round 91018, completed instructions: 4719/12893, actively running or decoding instructions: 5, waiting windows: 14261/31824. Max active instruction index: 4728
2024-11-15 18:09:45 | Simulation update: decoder round 92056, completed instructions: 4774/12893, actively running or decoding instructions: 4, waiting windows: 14381/32100. Max active instruction index: 4767
2024-11-15 18:09:55 | Simulation update: decoder round 93101, completed instructions: 4830/12893, actively running or decoding instructions: 7, waiting windows: 14484/32344. Max active instruction index: 4830
2024-11-15 18:10:05 | Simulation update: decoder round 94158, completed instructions: 4897/12893, actively running or decoding instructions: 7, waiting windows: 14620/32628. Max active instruction index: 4900
2024-11-15 18:10:15 | Simulation update: decoder round 95232, completed instructions: 4946/12893, actively running or decoding instructions: 6, waiting windows: 14723/32883. Max active instruction index: 4942
2024-11-15 18:10:25 | Simulation update: decoder round 96314, completed instructions: 5005/12893, actively running or decoding instructions: 6, waiting windows: 14851/33151. Max active instruction index: 5006
2024-11-15 18:10:35 | Simulation update: decoder round 97397, completed instructions: 5064/12893, actively running or decoding instructions: 3, waiting windows: 14982/33453. Max active instruction index: 5057
2024-11-15 18:10:45 | Simulation update: decoder round 98488, completed instructions: 5119/12893, actively running or decoding instructions: 6, waiting windows: 15113/33755. Max active instruction index: 5128
2024-11-15 18:10:55 | Simulation update: decoder round 99588, completed instructions: 5186/12893, actively running or decoding instructions: 5, waiting windows: 15241/34037. Max active instruction index: 5178
2024-11-15 18:11:05 | Simulation update: decoder round 100707, completed instructions: 5254/12893, actively running or decoding instructions: 6, waiting windows: 15355/34337. Max active instruction index: 5250
2024-11-15 18:11:15 | Simulation update: decoder round 101844, completed instructions: 5309/12893, actively running or decoding instructions: 5, waiting windows: 15484/34610. Max active instruction index: 5305
2024-11-15 18:11:25 | Simulation update: decoder round 102991, completed instructions: 5370/12893, actively running or decoding instructions: 4, waiting windows: 15605/34898. Max active instruction index: 5366
2024-11-15 18:11:35 | Simulation update: decoder round 104143, completed instructions: 5430/12893, actively running or decoding instructions: 3, waiting windows: 15740/35209. Max active instruction index: 5430
2024-11-15 18:11:45 | Simulation update: decoder round 105307, completed instructions: 5511/12893, actively running or decoding instructions: 4, waiting windows: 15879/35514. Max active instruction index: 5501
2024-11-15 18:11:55 | Simulation update: decoder round 106430, completed instructions: 5567/12893, actively running or decoding instructions: 5, waiting windows: 15990/35783. Max active instruction index: 5566
2024-11-15 18:12:05 | Simulation update: decoder round 107631, completed instructions: 5639/12893, actively running or decoding instructions: 5, waiting windows: 16139/36095. Max active instruction index: 5638
2024-11-15 18:12:15 | Simulation update: decoder round 108837, completed instructions: 5719/12893, actively running or decoding instructions: 7, waiting windows: 16266/36397. Max active instruction index: 5716
2024-11-15 18:12:25 | Simulation update: decoder round 110065, completed instructions: 5787/12893, actively running or decoding instructions: 4, waiting windows: 16392/36698. Max active instruction index: 5785
2024-11-15 18:12:35 | Simulation update: decoder round 111309, completed instructions: 5858/12893, actively running or decoding instructions: 6, waiting windows: 16517/37000. Max active instruction index: 5851
2024-11-15 18:12:45 | Simulation update: decoder round 112563, completed instructions: 5921/12893, actively running or decoding instructions: 3, waiting windows: 16666/37334. Max active instruction index: 5915
2024-11-15 18:12:55 | Simulation update: decoder round 113836, completed instructions: 5983/12893, actively running or decoding instructions: 5, waiting windows: 16809/37653. Max active instruction index: 5984
2024-11-15 18:13:05 | Simulation update: decoder round 115127, completed instructions: 6037/12893, actively running or decoding instructions: 6, waiting windows: 16946/37954. Max active instruction index: 6044
2024-11-15 18:13:15 | Simulation update: decoder round 116431, completed instructions: 6123/12893, actively running or decoding instructions: 6, waiting windows: 17114/38302. Max active instruction index: 6116
2024-11-15 18:13:25 | Simulation update: decoder round 117733, completed instructions: 6177/12893, actively running or decoding instructions: 6, waiting windows: 17276/38673. Max active instruction index: 6171
2024-11-15 18:13:35 | Simulation update: decoder round 119056, completed instructions: 6217/12893, actively running or decoding instructions: 3, waiting windows: 17442/39029. Max active instruction index: 6209
2024-11-15 18:13:45 | Simulation update: decoder round 120379, completed instructions: 6247/12893, actively running or decoding instructions: 2, waiting windows: 17618/39402. Max active instruction index: 6242
2024-11-15 18:13:55 | Simulation update: decoder round 121717, completed instructions: 6280/12893, actively running or decoding instructions: 3, waiting windows: 17802/39784. Max active instruction index: 6272
2024-11-15 18:14:05 | Simulation update: decoder round 123059, completed instructions: 6307/12893, actively running or decoding instructions: 3, waiting windows: 17978/40169. Max active instruction index: 6300
2024-11-15 18:14:15 | Simulation update: decoder round 124404, completed instructions: 6336/12893, actively running or decoding instructions: 4, waiting windows: 18152/40534. Max active instruction index: 6328
2024-11-15 18:14:25 | Simulation update: decoder round 125754, completed instructions: 6362/12893, actively running or decoding instructions: 3, waiting windows: 18332/40909. Max active instruction index: 6355
2024-11-15 18:14:35 | Simulation update: decoder round 127111, completed instructions: 6436/12893, actively running or decoding instructions: 5, waiting windows: 18537/41359. Max active instruction index: 6432
2024-11-15 18:14:45 | Simulation update: decoder round 128477, completed instructions: 6507/12893, actively running or decoding instructions: 5, waiting windows: 18739/41814. Max active instruction index: 6499
2024-11-15 18:14:55 | Simulation update: decoder round 129867, completed instructions: 6589/12893, actively running or decoding instructions: 4, waiting windows: 18951/42293. Max active instruction index: 6579
2024-11-15 18:15:05 | Simulation update: decoder round 131274, completed instructions: 6654/12893, actively running or decoding instructions: 3, waiting windows: 19161/42774. Max active instruction index: 6648
2024-11-15 18:15:15 | Simulation update: decoder round 132707, completed instructions: 6723/12893, actively running or decoding instructions: 5, waiting windows: 19366/43230. Max active instruction index: 6715
2024-11-15 18:15:25 | Simulation update: decoder round 134148, completed instructions: 6791/12893, actively running or decoding instructions: 5, waiting windows: 19583/43716. Max active instruction index: 6792
2024-11-15 18:15:35 | Simulation update: decoder round 135614, completed instructions: 6851/12893, actively running or decoding instructions: 6, waiting windows: 19814/44212. Max active instruction index: 6848
2024-11-15 18:15:45 | Simulation update: decoder round 137101, completed instructions: 6923/12893, actively running or decoding instructions: 6, waiting windows: 20013/44686. Max active instruction index: 6933
2024-11-15 18:15:56 | Simulation update: decoder round 138613, completed instructions: 7011/12893, actively running or decoding instructions: 5, waiting windows: 20253/45208. Max active instruction index: 7003
2024-11-15 18:16:06 | Simulation update: decoder round 140156, completed instructions: 7081/12893, actively running or decoding instructions: 5, waiting windows: 20476/45719. Max active instruction index: 7086
2024-11-15 18:16:16 | Simulation update: decoder round 141718, completed instructions: 7157/12893, actively running or decoding instructions: 4, waiting windows: 20710/46252. Max active instruction index: 7156
2024-11-15 18:16:26 | Simulation update: decoder round 143310, completed instructions: 7240/12893, actively running or decoding instructions: 6, waiting windows: 20944/46777. Max active instruction index: 7254
2024-11-15 18:16:36 | Simulation update: decoder round 144930, completed instructions: 7312/12893, actively running or decoding instructions: 7, waiting windows: 21185/47305. Max active instruction index: 7334
2024-11-15 18:16:46 | Simulation update: decoder round 146571, completed instructions: 7391/12893, actively running or decoding instructions: 4, waiting windows: 21425/47847. Max active instruction index: 7406
2024-11-15 18:16:56 | Simulation update: decoder round 148236, completed instructions: 7472/12893, actively running or decoding instructions: 5, waiting windows: 21679/48399. Max active instruction index: 7492
2024-11-15 18:17:06 | Simulation update: decoder round 149938, completed instructions: 7553/12893, actively running or decoding instructions: 5, waiting windows: 21933/48966. Max active instruction index: 7577
2024-11-15 18:17:16 | Simulation update: decoder round 151688, completed instructions: 7674/12893, actively running or decoding instructions: 11, waiting windows: 22167/49508. Max active instruction index: 7758
2024-11-15 18:17:26 | Simulation update: decoder round 153502, completed instructions: 7830/12893, actively running or decoding instructions: 8, waiting windows: 22374/50044. Max active instruction index: 7899
2024-11-15 18:17:36 | Simulation update: decoder round 155403, completed instructions: 7992/12893, actively running or decoding instructions: 7, waiting windows: 22630/50651. Max active instruction index: 8053
2024-11-15 18:17:46 | Simulation update: decoder round 157407, completed instructions: 8074/12893, actively running or decoding instructions: 4, waiting windows: 22840/51149. Max active instruction index: 8040
2024-11-15 18:17:56 | Simulation update: decoder round 159453, completed instructions: 8219/12893, actively running or decoding instructions: 12, waiting windows: 23094/51706. Max active instruction index: 8220
2024-11-15 18:18:06 | Simulation update: decoder round 161592, completed instructions: 8391/12893, actively running or decoding instructions: 8, waiting windows: 23341/52299. Max active instruction index: 8388
2024-11-15 18:18:16 | Simulation update: decoder round 163832, completed instructions: 8573/12893, actively running or decoding instructions: 8, waiting windows: 23616/52970. Max active instruction index: 8574
2024-11-15 18:18:26 | Simulation update: decoder round 166197, completed instructions: 8749/12893, actively running or decoding instructions: 8, waiting windows: 23907/53661. Max active instruction index: 8763
2024-11-15 18:18:36 | Simulation update: decoder round 168683, completed instructions: 8931/12893, actively running or decoding instructions: 5, waiting windows: 24239/54435. Max active instruction index: 8942
2024-11-15 18:18:46 | Simulation update: decoder round 171359, completed instructions: 9144/12893, actively running or decoding instructions: 8, waiting windows: 24581/55234. Max active instruction index: 9162
2024-11-15 18:18:56 | Simulation update: decoder round 174247, completed instructions: 9353/12893, actively running or decoding instructions: 6, waiting windows: 24942/56120. Max active instruction index: 9384
2024-11-15 18:19:06 | Simulation update: decoder round 177442, completed instructions: 9612/12893, actively running or decoding instructions: 6, waiting windows: 25335/57076. Max active instruction index: 9646
2024-11-15 18:19:16 | Simulation update: decoder round 181102, completed instructions: 9856/12893, actively running or decoding instructions: 3, waiting windows: 25799/58159. Max active instruction index: 9848
2024-11-15 18:19:26 | Simulation update: decoder round 185241, completed instructions: 9942/12893, actively running or decoding instructions: 2, waiting windows: 26258/59143. Max active instruction index: 9933
2024-11-15 18:19:36 | Simulation update: decoder round 189557, completed instructions: 10036/12893, actively running or decoding instructions: 3, waiting windows: 26737/60165. Max active instruction index: 10028
2024-11-15 18:19:46 | Simulation update: decoder round 194133, completed instructions: 10156/12893, actively running or decoding instructions: 10, waiting windows: 27240/61229. Max active instruction index: 10149
2024-11-15 18:19:56 | Simulation update: decoder round 199125, completed instructions: 10443/12893, actively running or decoding instructions: 3, waiting windows: 27705/62394. Max active instruction index: 10449
2024-11-15 18:20:06 | Simulation update: decoder round 204846, completed instructions: 10753/12893, actively running or decoding instructions: 5, waiting windows: 28259/63720. Max active instruction index: 10793
2024-11-15 18:20:16 | Simulation update: decoder round 211232, completed instructions: 11103/12893, actively running or decoding instructions: 5, waiting windows: 28911/65307. Max active instruction index: 11151
2024-11-15 18:20:26 | Simulation update: decoder round 220487, completed instructions: 11594/12893, actively running or decoding instructions: 3, waiting windows: 29757/67380. Max active instruction index: 11558
2024-11-15 18:20:36 | Simulation update: decoder round 255732, completed instructions: 12644/12893, actively running or decoding instructions: 3, waiting windows: 31257/71179. Max active instruction index: 12634
2024-11-15 18:20:37 | Finished simulation
2024-11-15 18:20:38 | Finished saving output. Done! Total elapsed time: 0:44:44.665105
