CONFIG 898
benchmark_file: slurm/data/20241115_170539/benchmarks/qpeexact_5.lss
decoder_latency_or_dist_filename: slurm/data/20241115_170539/decoder_dists.json
distance: 21
lightweight_setting: 2
max_parallel_processes: None
missed_speculation_modifier: 1.4
poison_policy: successors
rng: 6
scheduling_method: aligned
speculation_accuracy: 0.9
speculation_latency: 1
speculation_mode: separate
2024-11-15 17:35:54 | Loading benchmark slurm/data/20241115_170539/benchmarks/qpeexact_5.lss...
2024-11-15 17:35:55 | Starting simulation
2024-11-15 17:35:56 | Simulation update: decoder round 1, completed instructions: 0/14570, actively running or decoding instructions: 1, waiting windows: 0/0. Max active instruction index: 0
2024-11-15 17:36:06 | Simulation update: decoder round 6284, completed instructions: 133/14570, actively running or decoding instructions: 3, waiting windows: 239/547. Max active instruction index: 129
2024-11-15 17:36:16 | Simulation update: decoder round 13435, completed instructions: 286/14570, actively running or decoding instructions: 2, waiting windows: 484/1136. Max active instruction index: 286
2024-11-15 17:36:26 | Simulation update: decoder round 21985, completed instructions: 466/14570, actively running or decoding instructions: 2, waiting windows: 777/1834. Max active instruction index: 462
2024-11-15 17:36:36 | Simulation update: decoder round 31996, completed instructions: 701/14570, actively running or decoding instructions: 4, waiting windows: 1428/3274. Max active instruction index: 693
2024-11-15 17:36:46 | Simulation update: decoder round 46375, completed instructions: 1009/14570, actively running or decoding instructions: 2, waiting windows: 2623/5861. Max active instruction index: 1000
2024-11-15 17:36:56 | Simulation update: decoder round 51924, completed instructions: 1165/14570, actively running or decoding instructions: 9, waiting windows: 3148/6979. Max active instruction index: 1698
2024-11-15 17:37:06 | Simulation update: decoder round 52776, completed instructions: 1215/14570, actively running or decoding instructions: 5, waiting windows: 3273/7257. Max active instruction index: 1750
2024-11-15 17:37:16 | Simulation update: decoder round 53642, completed instructions: 1251/14570, actively running or decoding instructions: 6, waiting windows: 3375/7511. Max active instruction index: 1789
2024-11-15 17:37:26 | Simulation update: decoder round 54519, completed instructions: 1295/14570, actively running or decoding instructions: 5, waiting windows: 3508/7795. Max active instruction index: 1828
2024-11-15 17:37:36 | Simulation update: decoder round 55385, completed instructions: 1327/14570, actively running or decoding instructions: 5, waiting windows: 3635/8070. Max active instruction index: 1856
2024-11-15 17:37:46 | Simulation update: decoder round 56256, completed instructions: 1370/14570, actively running or decoding instructions: 3, waiting windows: 3751/8348. Max active instruction index: 1895
2024-11-15 17:37:56 | Simulation update: decoder round 57141, completed instructions: 1417/14570, actively running or decoding instructions: 5, waiting windows: 3889/8645. Max active instruction index: 1943
2024-11-15 17:38:06 | Simulation update: decoder round 58026, completed instructions: 1460/14570, actively running or decoding instructions: 4, waiting windows: 4025/8954. Max active instruction index: 1980
2024-11-15 17:38:16 | Simulation update: decoder round 58917, completed instructions: 1506/14570, actively running or decoding instructions: 3, waiting windows: 4159/9238. Max active instruction index: 2021
2024-11-15 17:38:26 | Simulation update: decoder round 59818, completed instructions: 1541/14570, actively running or decoding instructions: 4, waiting windows: 4272/9517. Max active instruction index: 2063
2024-11-15 17:38:36 | Simulation update: decoder round 60728, completed instructions: 1594/14570, actively running or decoding instructions: 3, waiting windows: 4412/9813. Max active instruction index: 2115
2024-11-15 17:38:46 | Simulation update: decoder round 61638, completed instructions: 1634/14570, actively running or decoding instructions: 3, waiting windows: 4546/10109. Max active instruction index: 2149
2024-11-15 17:38:56 | Simulation update: decoder round 62551, completed instructions: 1681/14570, actively running or decoding instructions: 6, waiting windows: 4673/10409. Max active instruction index: 2189
2024-11-15 17:39:06 | Simulation update: decoder round 63478, completed instructions: 1728/14570, actively running or decoding instructions: 4, waiting windows: 4817/10718. Max active instruction index: 2237
2024-11-15 17:39:16 | Simulation update: decoder round 64391, completed instructions: 1764/14570, actively running or decoding instructions: 4, waiting windows: 4944/11027. Max active instruction index: 2275
2024-11-15 17:39:26 | Simulation update: decoder round 65325, completed instructions: 1812/14570, actively running or decoding instructions: 4, waiting windows: 5082/11308. Max active instruction index: 2321
2024-11-15 17:39:36 | Simulation update: decoder round 66265, completed instructions: 1848/14570, actively running or decoding instructions: 4, waiting windows: 5209/11616. Max active instruction index: 2359
2024-11-15 17:39:46 | Simulation update: decoder round 67209, completed instructions: 1901/14570, actively running or decoding instructions: 6, waiting windows: 5348/11924. Max active instruction index: 2418
2024-11-15 17:39:56 | Simulation update: decoder round 68166, completed instructions: 1951/14570, actively running or decoding instructions: 6, waiting windows: 5485/12233. Max active instruction index: 2451
2024-11-15 17:40:06 | Simulation update: decoder round 69132, completed instructions: 2008/14570, actively running or decoding instructions: 6, waiting windows: 5617/12528. Max active instruction index: 2506
2024-11-15 17:40:16 | Simulation update: decoder round 70096, completed instructions: 2053/14570, actively running or decoding instructions: 6, waiting windows: 5761/12848. Max active instruction index: 2546
2024-11-15 17:40:26 | Simulation update: decoder round 71072, completed instructions: 2103/14570, actively running or decoding instructions: 7, waiting windows: 5892/13152. Max active instruction index: 2599
2024-11-15 17:40:36 | Simulation update: decoder round 72042, completed instructions: 2146/14570, actively running or decoding instructions: 3, waiting windows: 6038/13473. Max active instruction index: 2638
2024-11-15 17:40:46 | Simulation update: decoder round 73014, completed instructions: 2190/14570, actively running or decoding instructions: 3, waiting windows: 6189/13804. Max active instruction index: 2689
2024-11-15 17:40:56 | Simulation update: decoder round 74004, completed instructions: 2231/14570, actively running or decoding instructions: 3, waiting windows: 6322/14119. Max active instruction index: 2727
2024-11-15 17:41:06 | Simulation update: decoder round 75011, completed instructions: 2285/14570, actively running or decoding instructions: 5, waiting windows: 6466/14435. Max active instruction index: 2779
2024-11-15 17:41:16 | Simulation update: decoder round 76013, completed instructions: 2336/14570, actively running or decoding instructions: 4, waiting windows: 6617/14766. Max active instruction index: 2824
2024-11-15 17:41:26 | Simulation update: decoder round 77030, completed instructions: 2394/14570, actively running or decoding instructions: 7, waiting windows: 6728/15038. Max active instruction index: 2880
2024-11-15 17:41:36 | Simulation update: decoder round 78051, completed instructions: 2440/14570, actively running or decoding instructions: 4, waiting windows: 6854/15328. Max active instruction index: 2919
2024-11-15 17:41:46 | Simulation update: decoder round 79078, completed instructions: 2494/14570, actively running or decoding instructions: 7, waiting windows: 6970/15600. Max active instruction index: 2967
2024-11-15 17:41:56 | Simulation update: decoder round 80114, completed instructions: 2540/14570, actively running or decoding instructions: 5, waiting windows: 7095/15882. Max active instruction index: 2998
2024-11-15 17:42:06 | Simulation update: decoder round 81149, completed instructions: 2586/14570, actively running or decoding instructions: 6, waiting windows: 7215/16164. Max active instruction index: 3021
2024-11-15 17:42:16 | Simulation update: decoder round 82192, completed instructions: 2630/14570, actively running or decoding instructions: 6, waiting windows: 7340/16439. Max active instruction index: 3053
2024-11-15 17:42:26 | Simulation update: decoder round 83241, completed instructions: 2682/14570, actively running or decoding instructions: 5, waiting windows: 7476/16744. Max active instruction index: 3075
2024-11-15 17:42:36 | Simulation update: decoder round 84301, completed instructions: 2734/14570, actively running or decoding instructions: 5, waiting windows: 7605/17040. Max active instruction index: 3105
2024-11-15 17:42:46 | Simulation update: decoder round 85384, completed instructions: 2796/14570, actively running or decoding instructions: 7, waiting windows: 7740/17335. Max active instruction index: 3143
2024-11-15 17:42:56 | Simulation update: decoder round 86457, completed instructions: 2854/14570, actively running or decoding instructions: 7, waiting windows: 7857/17623. Max active instruction index: 3173
2024-11-15 17:43:06 | Simulation update: decoder round 87539, completed instructions: 2912/14570, actively running or decoding instructions: 2, waiting windows: 8003/17939. Max active instruction index: 2243
2024-11-15 17:43:16 | Simulation update: decoder round 88615, completed instructions: 2938/14570, actively running or decoding instructions: 4, waiting windows: 8142/18239. Max active instruction index: 2295
2024-11-15 17:43:26 | Simulation update: decoder round 89706, completed instructions: 2960/14570, actively running or decoding instructions: 3, waiting windows: 8293/18555. Max active instruction index: 2341
2024-11-15 17:43:36 | Simulation update: decoder round 90792, completed instructions: 2988/14570, actively running or decoding instructions: 6, waiting windows: 8429/18847. Max active instruction index: 2413
2024-11-15 17:43:46 | Simulation update: decoder round 91871, completed instructions: 3010/14570, actively running or decoding instructions: 3, waiting windows: 8577/19160. Max active instruction index: 2463
2024-11-15 17:43:56 | Simulation update: decoder round 92977, completed instructions: 3031/14570, actively running or decoding instructions: 4, waiting windows: 8720/19461. Max active instruction index: 2514
2024-11-15 17:44:06 | Simulation update: decoder round 94080, completed instructions: 3057/14570, actively running or decoding instructions: 4, waiting windows: 8861/19766. Max active instruction index: 2579
2024-11-15 17:44:16 | Simulation update: decoder round 95190, completed instructions: 3081/14570, actively running or decoding instructions: 2, waiting windows: 9016/20082. Max active instruction index: 2633
2024-11-15 17:44:26 | Simulation update: decoder round 96304, completed instructions: 3109/14570, actively running or decoding instructions: 4, waiting windows: 9162/20396. Max active instruction index: 2697
2024-11-15 17:44:36 | Simulation update: decoder round 97422, completed instructions: 3136/14570, actively running or decoding instructions: 3, waiting windows: 9309/20707. Max active instruction index: 2761
2024-11-15 17:44:46 | Simulation update: decoder round 98540, completed instructions: 3157/14570, actively running or decoding instructions: 3, waiting windows: 9449/21010. Max active instruction index: 2819
2024-11-15 17:44:56 | Simulation update: decoder round 99671, completed instructions: 3183/14570, actively running or decoding instructions: 5, waiting windows: 9601/21314. Max active instruction index: 2887
2024-11-15 17:45:06 | Simulation update: decoder round 100799, completed instructions: 3209/14570, actively running or decoding instructions: 3, waiting windows: 9755/21643. Max active instruction index: 2939
2024-11-15 17:45:16 | Simulation update: decoder round 101632, completed instructions: 3303/14570, actively running or decoding instructions: 12, waiting windows: 9881/21923. Max active instruction index: 3331
2024-11-15 17:45:27 | Simulation update: decoder round 102301, completed instructions: 3361/14570, actively running or decoding instructions: 6, waiting windows: 9988/22172. Max active instruction index: 3398
2024-11-15 17:45:37 | Simulation update: decoder round 102974, completed instructions: 3412/14570, actively running or decoding instructions: 7, waiting windows: 10055/22379. Max active instruction index: 3445
2024-11-15 17:45:47 | Simulation update: decoder round 103651, completed instructions: 3460/14570, actively running or decoding instructions: 7, waiting windows: 10143/22590. Max active instruction index: 3492
2024-11-15 17:45:57 | Simulation update: decoder round 104326, completed instructions: 3521/14570, actively running or decoding instructions: 11, waiting windows: 10234/22803. Max active instruction index: 3560
2024-11-15 17:46:07 | Simulation update: decoder round 105014, completed instructions: 3585/14570, actively running or decoding instructions: 8, waiting windows: 10343/23049. Max active instruction index: 3605
2024-11-15 17:46:17 | Simulation update: decoder round 105704, completed instructions: 3638/14570, actively running or decoding instructions: 6, waiting windows: 10433/23271. Max active instruction index: 3650
2024-11-15 17:46:27 | Simulation update: decoder round 106398, completed instructions: 3696/14570, actively running or decoding instructions: 4, waiting windows: 10525/23514. Max active instruction index: 3694
2024-11-15 17:46:37 | Simulation update: decoder round 107096, completed instructions: 3750/14570, actively running or decoding instructions: 7, waiting windows: 10638/23770. Max active instruction index: 3760
2024-11-15 17:46:47 | Simulation update: decoder round 107801, completed instructions: 3812/14570, actively running or decoding instructions: 8, waiting windows: 10724/23994. Max active instruction index: 3844
2024-11-15 17:46:57 | Simulation update: decoder round 108508, completed instructions: 3863/14570, actively running or decoding instructions: 6, waiting windows: 10816/24227. Max active instruction index: 3890
2024-11-15 17:47:07 | Simulation update: decoder round 109226, completed instructions: 3926/14570, actively running or decoding instructions: 8, waiting windows: 10917/24474. Max active instruction index: 3943
2024-11-15 17:47:17 | Simulation update: decoder round 109951, completed instructions: 3985/14570, actively running or decoding instructions: 7, waiting windows: 11003/24698. Max active instruction index: 4006
2024-11-15 17:47:27 | Simulation update: decoder round 110690, completed instructions: 4044/14570, actively running or decoding instructions: 8, waiting windows: 11097/24921. Max active instruction index: 4074
2024-11-15 17:47:37 | Simulation update: decoder round 111424, completed instructions: 4100/14570, actively running or decoding instructions: 8, waiting windows: 11193/25151. Max active instruction index: 4119
2024-11-15 17:47:47 | Simulation update: decoder round 112161, completed instructions: 4173/14570, actively running or decoding instructions: 8, waiting windows: 11299/25404. Max active instruction index: 4186
2024-11-15 17:47:57 | Simulation update: decoder round 112913, completed instructions: 4231/14570, actively running or decoding instructions: 6, waiting windows: 11397/25664. Max active instruction index: 4252
2024-11-15 17:48:07 | Simulation update: decoder round 113672, completed instructions: 4305/14570, actively running or decoding instructions: 6, waiting windows: 11513/25927. Max active instruction index: 4302
2024-11-15 17:48:17 | Simulation update: decoder round 114441, completed instructions: 4375/14570, actively running or decoding instructions: 6, waiting windows: 11599/26162. Max active instruction index: 4371
2024-11-15 17:48:27 | Simulation update: decoder round 115208, completed instructions: 4429/14570, actively running or decoding instructions: 6, waiting windows: 11690/26408. Max active instruction index: 4432
2024-11-15 17:48:37 | Simulation update: decoder round 115982, completed instructions: 4510/14570, actively running or decoding instructions: 7, waiting windows: 11805/26679. Max active instruction index: 4522
2024-11-15 17:48:47 | Simulation update: decoder round 116769, completed instructions: 4577/14570, actively running or decoding instructions: 7, waiting windows: 11927/26965. Max active instruction index: 4588
2024-11-15 17:48:57 | Simulation update: decoder round 117554, completed instructions: 4639/14570, actively running or decoding instructions: 7, waiting windows: 12051/27252. Max active instruction index: 4678
2024-11-15 17:49:07 | Simulation update: decoder round 118347, completed instructions: 4696/14570, actively running or decoding instructions: 7, waiting windows: 12154/27524. Max active instruction index: 4723
2024-11-15 17:49:17 | Simulation update: decoder round 119134, completed instructions: 4775/14570, actively running or decoding instructions: 8, waiting windows: 12267/27799. Max active instruction index: 4812
2024-11-15 17:49:27 | Simulation update: decoder round 119941, completed instructions: 4834/14570, actively running or decoding instructions: 6, waiting windows: 12375/28075. Max active instruction index: 4864
2024-11-15 17:49:37 | Simulation update: decoder round 120759, completed instructions: 4910/14570, actively running or decoding instructions: 7, waiting windows: 12483/28340. Max active instruction index: 4939
2024-11-15 17:49:47 | Simulation update: decoder round 121575, completed instructions: 4970/14570, actively running or decoding instructions: 6, waiting windows: 12610/28624. Max active instruction index: 4983
2024-11-15 17:49:57 | Simulation update: decoder round 122400, completed instructions: 5036/14570, actively running or decoding instructions: 8, waiting windows: 12720/28914. Max active instruction index: 5049
2024-11-15 17:50:07 | Simulation update: decoder round 123235, completed instructions: 5115/14570, actively running or decoding instructions: 7, waiting windows: 12845/29214. Max active instruction index: 5140
2024-11-15 17:50:17 | Simulation update: decoder round 124085, completed instructions: 5191/14570, actively running or decoding instructions: 7, waiting windows: 12938/29479. Max active instruction index: 5217
2024-11-15 17:50:27 | Simulation update: decoder round 124939, completed instructions: 5259/14570, actively running or decoding instructions: 5, waiting windows: 13067/29767. Max active instruction index: 5292
2024-11-15 17:50:37 | Simulation update: decoder round 125795, completed instructions: 5329/14570, actively running or decoding instructions: 7, waiting windows: 13186/30067. Max active instruction index: 5361
2024-11-15 17:50:47 | Simulation update: decoder round 126675, completed instructions: 5391/14570, actively running or decoding instructions: 11, waiting windows: 13307/30352. Max active instruction index: 5439
2024-11-15 17:50:57 | Simulation update: decoder round 127559, completed instructions: 5451/14570, actively running or decoding instructions: 3, waiting windows: 13417/30632. Max active instruction index: 5503
2024-11-15 17:51:07 | Simulation update: decoder round 128457, completed instructions: 5504/14570, actively running or decoding instructions: 4, waiting windows: 13535/30905. Max active instruction index: 5540
2024-11-15 17:51:17 | Simulation update: decoder round 129366, completed instructions: 5555/14570, actively running or decoding instructions: 5, waiting windows: 13632/31147. Max active instruction index: 5564
2024-11-15 17:51:27 | Simulation update: decoder round 130290, completed instructions: 5591/14570, actively running or decoding instructions: 4, waiting windows: 13718/31355. Max active instruction index: 5586
2024-11-15 17:51:37 | Simulation update: decoder round 131216, completed instructions: 5612/14570, actively running or decoding instructions: 3, waiting windows: 13824/31568. Max active instruction index: 5607
2024-11-15 17:51:47 | Simulation update: decoder round 132143, completed instructions: 5628/14570, actively running or decoding instructions: 3, waiting windows: 13923/31790. Max active instruction index: 5623
2024-11-15 17:51:57 | Simulation update: decoder round 133064, completed instructions: 5648/14570, actively running or decoding instructions: 3, waiting windows: 14032/32015. Max active instruction index: 5648
2024-11-15 17:52:07 | Simulation update: decoder round 133989, completed instructions: 5678/14570, actively running or decoding instructions: 9, waiting windows: 14133/32235. Max active instruction index: 5680
2024-11-15 17:52:17 | Simulation update: decoder round 134923, completed instructions: 5708/14570, actively running or decoding instructions: 3, waiting windows: 14263/32497. Max active instruction index: 5700
2024-11-15 17:52:27 | Simulation update: decoder round 135856, completed instructions: 5723/14570, actively running or decoding instructions: 2, waiting windows: 14376/32756. Max active instruction index: 5716
2024-11-15 17:52:37 | Simulation update: decoder round 136789, completed instructions: 5746/14570, actively running or decoding instructions: 4, waiting windows: 14506/33013. Max active instruction index: 5738
2024-11-15 17:52:47 | Simulation update: decoder round 137728, completed instructions: 5767/14570, actively running or decoding instructions: 4, waiting windows: 14620/33269. Max active instruction index: 5760
2024-11-15 17:52:57 | Simulation update: decoder round 138671, completed instructions: 5790/14570, actively running or decoding instructions: 3, waiting windows: 14748/33534. Max active instruction index: 5783
2024-11-15 17:53:07 | Simulation update: decoder round 139615, completed instructions: 5814/14570, actively running or decoding instructions: 4, waiting windows: 14873/33787. Max active instruction index: 5806
2024-11-15 17:53:17 | Simulation update: decoder round 140568, completed instructions: 5836/14570, actively running or decoding instructions: 2, waiting windows: 15000/34053. Max active instruction index: 5828
2024-11-15 17:53:27 | Simulation update: decoder round 141517, completed instructions: 5854/14570, actively running or decoding instructions: 3, waiting windows: 15128/34327. Max active instruction index: 5850
2024-11-15 17:53:37 | Simulation update: decoder round 142466, completed instructions: 5878/14570, actively running or decoding instructions: 2, waiting windows: 15260/34602. Max active instruction index: 5871
2024-11-15 17:53:47 | Simulation update: decoder round 143434, completed instructions: 5895/14570, actively running or decoding instructions: 3, waiting windows: 15379/34866. Max active instruction index: 5887
2024-11-15 17:53:57 | Simulation update: decoder round 144394, completed instructions: 5918/14570, actively running or decoding instructions: 2, waiting windows: 15507/35137. Max active instruction index: 5913
2024-11-15 17:54:07 | Simulation update: decoder round 145361, completed instructions: 5941/14570, actively running or decoding instructions: 3, waiting windows: 15644/35415. Max active instruction index: 5933
2024-11-15 17:54:17 | Simulation update: decoder round 146329, completed instructions: 5962/14570, actively running or decoding instructions: 3, waiting windows: 15774/35696. Max active instruction index: 5960
2024-11-15 17:54:27 | Simulation update: decoder round 147300, completed instructions: 5981/14570, actively running or decoding instructions: 4, waiting windows: 15893/35950. Max active instruction index: 5973
2024-11-15 17:54:37 | Simulation update: decoder round 148280, completed instructions: 6003/14570, actively running or decoding instructions: 4, waiting windows: 16015/36206. Max active instruction index: 5995
2024-11-15 17:54:47 | Simulation update: decoder round 149257, completed instructions: 6025/14570, actively running or decoding instructions: 2, waiting windows: 16147/36479. Max active instruction index: 6017
2024-11-15 17:54:57 | Simulation update: decoder round 150234, completed instructions: 6046/14570, actively running or decoding instructions: 3, waiting windows: 16283/36762. Max active instruction index: 6038
2024-11-15 17:55:07 | Simulation update: decoder round 151222, completed instructions: 6067/14570, actively running or decoding instructions: 5, waiting windows: 16407/37024. Max active instruction index: 6065
2024-11-15 17:55:17 | Simulation update: decoder round 152203, completed instructions: 6086/14570, actively running or decoding instructions: 1, waiting windows: 16533/37293. Max active instruction index: -1
2024-11-15 17:55:27 | Simulation update: decoder round 153191, completed instructions: 6108/14570, actively running or decoding instructions: 2, waiting windows: 16658/37558. Max active instruction index: 6101
2024-11-15 17:55:37 | Simulation update: decoder round 154194, completed instructions: 6130/14570, actively running or decoding instructions: 2, waiting windows: 16795/37845. Max active instruction index: 6123
2024-11-15 17:55:47 | Simulation update: decoder round 155195, completed instructions: 6146/14570, actively running or decoding instructions: 2, waiting windows: 16921/38113. Max active instruction index: 6142
2024-11-15 17:55:57 | Simulation update: decoder round 156201, completed instructions: 6175/14570, actively running or decoding instructions: 3, waiting windows: 17052/38383. Max active instruction index: 6168
2024-11-15 17:56:07 | Simulation update: decoder round 157204, completed instructions: 6194/14570, actively running or decoding instructions: 2, waiting windows: 17185/38663. Max active instruction index: 6186
2024-11-15 17:56:17 | Simulation update: decoder round 158205, completed instructions: 6214/14570, actively running or decoding instructions: 2, waiting windows: 17329/38953. Max active instruction index: 6207
2024-11-15 17:56:27 | Simulation update: decoder round 159216, completed instructions: 6232/14570, actively running or decoding instructions: 3, waiting windows: 17461/39235. Max active instruction index: 6224
2024-11-15 17:56:37 | Simulation update: decoder round 160227, completed instructions: 6252/14570, actively running or decoding instructions: 3, waiting windows: 17592/39518. Max active instruction index: 6245
2024-11-15 17:56:47 | Simulation update: decoder round 161239, completed instructions: 6275/14570, actively running or decoding instructions: 4, waiting windows: 17713/39777. Max active instruction index: 6268
2024-11-15 17:56:57 | Simulation update: decoder round 162262, completed instructions: 6298/14570, actively running or decoding instructions: 2, waiting windows: 17848/40053. Max active instruction index: 6290
2024-11-15 17:57:07 | Simulation update: decoder round 163285, completed instructions: 6326/14570, actively running or decoding instructions: 5, waiting windows: 17972/40322. Max active instruction index: 6324
2024-11-15 17:57:17 | Simulation update: decoder round 164313, completed instructions: 6350/14570, actively running or decoding instructions: 3, waiting windows: 18113/40600. Max active instruction index: 6342
2024-11-15 17:57:27 | Simulation update: decoder round 165338, completed instructions: 6370/14570, actively running or decoding instructions: 2, waiting windows: 18239/40882. Max active instruction index: 6363
2024-11-15 17:57:37 | Simulation update: decoder round 166374, completed instructions: 6393/14570, actively running or decoding instructions: 3, waiting windows: 18381/41177. Max active instruction index: 6385
2024-11-15 17:57:47 | Simulation update: decoder round 167412, completed instructions: 6444/14570, actively running or decoding instructions: 4, waiting windows: 18533/41500. Max active instruction index: 6985
2024-11-15 17:57:57 | Simulation update: decoder round 168457, completed instructions: 6488/14570, actively running or decoding instructions: 5, waiting windows: 18678/41826. Max active instruction index: 7025
2024-11-15 17:58:07 | Simulation update: decoder round 169506, completed instructions: 6526/14570, actively running or decoding instructions: 5, waiting windows: 18844/42179. Max active instruction index: 7065
2024-11-15 17:58:17 | Simulation update: decoder round 170557, completed instructions: 6579/14570, actively running or decoding instructions: 7, waiting windows: 18997/42524. Max active instruction index: 7137
2024-11-15 17:58:27 | Simulation update: decoder round 171619, completed instructions: 6618/14570, actively running or decoding instructions: 5, waiting windows: 19145/42859. Max active instruction index: 7164
2024-11-15 17:58:37 | Simulation update: decoder round 172691, completed instructions: 6674/14570, actively running or decoding instructions: 7, waiting windows: 19294/43198. Max active instruction index: 7216
2024-11-15 17:58:47 | Simulation update: decoder round 173767, completed instructions: 6731/14570, actively running or decoding instructions: 7, waiting windows: 19435/43518. Max active instruction index: 7269
2024-11-15 17:58:57 | Simulation update: decoder round 174827, completed instructions: 6785/14570, actively running or decoding instructions: 3, waiting windows: 19597/43876. Max active instruction index: 7335
2024-11-15 17:59:07 | Simulation update: decoder round 175913, completed instructions: 6838/14570, actively running or decoding instructions: 5, waiting windows: 19742/44226. Max active instruction index: 7383
2024-11-15 17:59:17 | Simulation update: decoder round 177009, completed instructions: 6898/14570, actively running or decoding instructions: 4, waiting windows: 19893/44560. Max active instruction index: 7441
2024-11-15 17:59:27 | Simulation update: decoder round 178113, completed instructions: 6952/14570, actively running or decoding instructions: 4, waiting windows: 20060/44921. Max active instruction index: 7491
2024-11-15 17:59:37 | Simulation update: decoder round 179231, completed instructions: 7009/14570, actively running or decoding instructions: 4, waiting windows: 20235/45313. Max active instruction index: 7549
2024-11-15 17:59:47 | Simulation update: decoder round 180351, completed instructions: 7060/14570, actively running or decoding instructions: 3, waiting windows: 20398/45680. Max active instruction index: 7598
2024-11-15 17:59:57 | Simulation update: decoder round 181479, completed instructions: 7111/14570, actively running or decoding instructions: 4, waiting windows: 20571/46064. Max active instruction index: 7649
2024-11-15 18:00:07 | Simulation update: decoder round 182622, completed instructions: 7179/14570, actively running or decoding instructions: 3, waiting windows: 20731/46433. Max active instruction index: 7717
2024-11-15 18:00:17 | Simulation update: decoder round 183780, completed instructions: 7234/14570, actively running or decoding instructions: 4, waiting windows: 20894/46791. Max active instruction index: 7775
2024-11-15 18:00:27 | Simulation update: decoder round 184942, completed instructions: 7281/14570, actively running or decoding instructions: 6, waiting windows: 21059/47164. Max active instruction index: 7829
2024-11-15 18:00:37 | Simulation update: decoder round 186110, completed instructions: 7329/14570, actively running or decoding instructions: 3, waiting windows: 21247/47565. Max active instruction index: 7874
2024-11-15 18:00:47 | Simulation update: decoder round 187300, completed instructions: 7375/14570, actively running or decoding instructions: 6, waiting windows: 21395/47920. Max active instruction index: 7926
2024-11-15 18:00:57 | Simulation update: decoder round 188487, completed instructions: 7436/14570, actively running or decoding instructions: 5, waiting windows: 21564/48287. Max active instruction index: 7975
2024-11-15 18:01:07 | Simulation update: decoder round 189686, completed instructions: 7485/14570, actively running or decoding instructions: 5, waiting windows: 21726/48661. Max active instruction index: 8027
2024-11-15 18:01:17 | Simulation update: decoder round 190907, completed instructions: 7548/14570, actively running or decoding instructions: 5, waiting windows: 21886/49019. Max active instruction index: 8083
2024-11-15 18:01:27 | Simulation update: decoder round 192135, completed instructions: 7612/14570, actively running or decoding instructions: 6, waiting windows: 22064/49411. Max active instruction index: 8153
2024-11-15 18:01:37 | Simulation update: decoder round 193374, completed instructions: 7668/14570, actively running or decoding instructions: 3, waiting windows: 22247/49809. Max active instruction index: 8200
2024-11-15 18:01:47 | Simulation update: decoder round 194630, completed instructions: 7743/14570, actively running or decoding instructions: 7, waiting windows: 22409/50195. Max active instruction index: 8259
2024-11-15 18:01:57 | Simulation update: decoder round 195896, completed instructions: 7805/14570, actively running or decoding instructions: 7, waiting windows: 22608/50613. Max active instruction index: 8311
2024-11-15 18:02:07 | Simulation update: decoder round 197176, completed instructions: 7865/14570, actively running or decoding instructions: 5, waiting windows: 22803/51056. Max active instruction index: 8389
2024-11-15 18:02:17 | Simulation update: decoder round 198474, completed instructions: 7934/14570, actively running or decoding instructions: 5, waiting windows: 22980/51469. Max active instruction index: 8455
2024-11-15 18:02:27 | Simulation update: decoder round 199793, completed instructions: 8003/14570, actively running or decoding instructions: 6, waiting windows: 23173/51895. Max active instruction index: 8526
2024-11-15 18:02:37 | Simulation update: decoder round 201119, completed instructions: 8063/14570, actively running or decoding instructions: 4, waiting windows: 23364/52322. Max active instruction index: 8572
2024-11-15 18:02:47 | Simulation update: decoder round 202465, completed instructions: 8141/14570, actively running or decoding instructions: 4, waiting windows: 23565/52767. Max active instruction index: 8674
2024-11-15 18:02:57 | Simulation update: decoder round 203832, completed instructions: 8199/14570, actively running or decoding instructions: 4, waiting windows: 23752/53192. Max active instruction index: 8738
2024-11-15 18:03:07 | Simulation update: decoder round 205217, completed instructions: 8263/14570, actively running or decoding instructions: 7, waiting windows: 23942/53607. Max active instruction index: 8798
2024-11-15 18:03:17 | Simulation update: decoder round 206617, completed instructions: 8322/14570, actively running or decoding instructions: 5, waiting windows: 24153/54060. Max active instruction index: 8854
2024-11-15 18:03:27 | Simulation update: decoder round 208041, completed instructions: 8388/14570, actively running or decoding instructions: 5, waiting windows: 24342/54481. Max active instruction index: 8914
2024-11-15 18:03:37 | Simulation update: decoder round 209470, completed instructions: 8446/14570, actively running or decoding instructions: 4, waiting windows: 24559/54949. Max active instruction index: 8976
2024-11-15 18:03:47 | Simulation update: decoder round 210932, completed instructions: 8508/14570, actively running or decoding instructions: 7, waiting windows: 24750/55388. Max active instruction index: 9045
2024-11-15 18:03:57 | Simulation update: decoder round 212409, completed instructions: 8576/14570, actively running or decoding instructions: 4, waiting windows: 24952/55828. Max active instruction index: 9113
2024-11-15 18:04:07 | Simulation update: decoder round 213901, completed instructions: 8646/14570, actively running or decoding instructions: 6, waiting windows: 25164/56289. Max active instruction index: 9170
2024-11-15 18:04:17 | Simulation update: decoder round 215409, completed instructions: 8714/14570, actively running or decoding instructions: 6, waiting windows: 25381/56774. Max active instruction index: 9237
2024-11-15 18:04:27 | Simulation update: decoder round 216945, completed instructions: 8777/14570, actively running or decoding instructions: 7, waiting windows: 25594/57242. Max active instruction index: 9317
2024-11-15 18:04:37 | Simulation update: decoder round 218510, completed instructions: 8853/14570, actively running or decoding instructions: 5, waiting windows: 25816/57731. Max active instruction index: 9409
2024-11-15 18:04:47 | Simulation update: decoder round 220100, completed instructions: 8921/14570, actively running or decoding instructions: 4, waiting windows: 26055/58235. Max active instruction index: 9434
2024-11-15 18:04:57 | Simulation update: decoder round 221697, completed instructions: 8985/14570, actively running or decoding instructions: 5, waiting windows: 26299/58764. Max active instruction index: 9528
2024-11-15 18:05:07 | Simulation update: decoder round 223319, completed instructions: 9055/14570, actively running or decoding instructions: 3, waiting windows: 26530/59291. Max active instruction index: 9656
2024-11-15 18:05:17 | Simulation update: decoder round 224973, completed instructions: 9131/14570, actively running or decoding instructions: 6, waiting windows: 26769/59831. Max active instruction index: 9789
2024-11-15 18:05:27 | Simulation update: decoder round 226634, completed instructions: 9194/14570, actively running or decoding instructions: 5, waiting windows: 27028/60384. Max active instruction index: 9891
2024-11-15 18:05:37 | Simulation update: decoder round 228318, completed instructions: 9274/14570, actively running or decoding instructions: 8, waiting windows: 27267/60919. Max active instruction index: 10031
2024-11-15 18:05:47 | Simulation update: decoder round 230005, completed instructions: 9349/14570, actively running or decoding instructions: 8, waiting windows: 27512/61458. Max active instruction index: 10176
2024-11-15 18:05:57 | Simulation update: decoder round 231778, completed instructions: 9427/14570, actively running or decoding instructions: 7, waiting windows: 27745/61978. Max active instruction index: 10306
2024-11-15 18:06:07 | Simulation update: decoder round 233596, completed instructions: 9506/14570, actively running or decoding instructions: 6, waiting windows: 28011/62545. Max active instruction index: 10447
2024-11-15 18:06:17 | Simulation update: decoder round 235446, completed instructions: 9587/14570, actively running or decoding instructions: 5, waiting windows: 28277/63135. Max active instruction index: 10579
2024-11-15 18:06:27 | Simulation update: decoder round 237344, completed instructions: 9631/14570, actively running or decoding instructions: 3, waiting windows: 28527/63685. Max active instruction index: 9187
2024-11-15 18:06:37 | Simulation update: decoder round 239267, completed instructions: 9667/14570, actively running or decoding instructions: 3, waiting windows: 28786/64224. Max active instruction index: 9247
2024-11-15 18:06:47 | Simulation update: decoder round 241219, completed instructions: 9705/14570, actively running or decoding instructions: 2, waiting windows: 29029/64746. Max active instruction index: 9325
2024-11-15 18:06:57 | Simulation update: decoder round 243184, completed instructions: 9760/14570, actively running or decoding instructions: 4, waiting windows: 29283/65277. Max active instruction index: 9438
2024-11-15 18:07:07 | Simulation update: decoder round 245215, completed instructions: 9874/14570, actively running or decoding instructions: 4, waiting windows: 29512/65796. Max active instruction index: 9594
2024-11-15 18:07:17 | Simulation update: decoder round 247308, completed instructions: 10000/14570, actively running or decoding instructions: 7, waiting windows: 29760/66364. Max active instruction index: 9764
2024-11-15 18:07:27 | Simulation update: decoder round 249490, completed instructions: 10112/14570, actively running or decoding instructions: 4, waiting windows: 30009/66932. Max active instruction index: 9934
2024-11-15 18:07:37 | Simulation update: decoder round 251762, completed instructions: 10261/14570, actively running or decoding instructions: 4, waiting windows: 30265/67512. Max active instruction index: 10117
2024-11-15 18:07:47 | Simulation update: decoder round 254142, completed instructions: 10404/14570, actively running or decoding instructions: 5, waiting windows: 30518/68116. Max active instruction index: 10318
2024-11-15 18:07:57 | Simulation update: decoder round 256628, completed instructions: 10565/14570, actively running or decoding instructions: 4, waiting windows: 30810/68803. Max active instruction index: 10550
2024-11-15 18:08:07 | Simulation update: decoder round 259282, completed instructions: 10745/14570, actively running or decoding instructions: 5, waiting windows: 31123/69532. Max active instruction index: 10738
2024-11-15 18:08:17 | Simulation update: decoder round 262121, completed instructions: 10904/14570, actively running or decoding instructions: 6, waiting windows: 31425/70230. Max active instruction index: 10897
2024-11-15 18:08:27 | Simulation update: decoder round 265135, completed instructions: 11071/14570, actively running or decoding instructions: 4, waiting windows: 31771/70999. Max active instruction index: 11071
2024-11-15 18:08:37 | Simulation update: decoder round 268369, completed instructions: 11267/14570, actively running or decoding instructions: 7, waiting windows: 32161/71868. Max active instruction index: 11272
2024-11-15 18:08:47 | Simulation update: decoder round 271918, completed instructions: 11357/14570, actively running or decoding instructions: 4, waiting windows: 32537/72709. Max active instruction index: 11347
2024-11-15 18:08:57 | Simulation update: decoder round 275642, completed instructions: 11434/14570, actively running or decoding instructions: 3, waiting windows: 32941/73562. Max active instruction index: 11427
2024-11-15 18:09:07 | Simulation update: decoder round 279538, completed instructions: 11516/14570, actively running or decoding instructions: 2, waiting windows: 33374/74490. Max active instruction index: 11506
2024-11-15 18:09:17 | Simulation update: decoder round 283655, completed instructions: 11612/14570, actively running or decoding instructions: 4, waiting windows: 33800/75401. Max active instruction index: 11602
2024-11-15 18:09:27 | Simulation update: decoder round 287945, completed instructions: 11711/14570, actively running or decoding instructions: 3, waiting windows: 34272/76396. Max active instruction index: 11701
2024-11-15 18:09:37 | Simulation update: decoder round 292504, completed instructions: 11806/14570, actively running or decoding instructions: 2, waiting windows: 34768/77454. Max active instruction index: 11799
2024-11-15 18:09:47 | Simulation update: decoder round 297440, completed instructions: 12074/14570, actively running or decoding instructions: 6, waiting windows: 35246/78610. Max active instruction index: 12069
2024-11-15 18:09:57 | Simulation update: decoder round 303038, completed instructions: 12389/14570, actively running or decoding instructions: 4, waiting windows: 35804/79979. Max active instruction index: 12403
2024-11-15 18:10:07 | Simulation update: decoder round 309776, completed instructions: 12744/14570, actively running or decoding instructions: 5, waiting windows: 36491/81605. Max active instruction index: 12747
2024-11-15 18:10:17 | Simulation update: decoder round 318349, completed instructions: 13212/14570, actively running or decoding instructions: 6, waiting windows: 37312/83624. Max active instruction index: 13277
2024-11-15 18:10:27 | Simulation update: decoder round 349780, completed instructions: 14190/14570, actively running or decoding instructions: 3, waiting windows: 38735/87237. Max active instruction index: 14181
2024-11-15 18:10:30 | Finished simulation
2024-11-15 18:10:30 | Finished saving output. Done! Total elapsed time: 0:34:36.697884
