CONFIG 153
benchmark_file: slurm/data/20241114_113627/benchmarks/rz_seq_100.lss
decoder_latency_or_dist_filename: slurm/data/20241114_113627/decoder_dists.json
distance: 21
lightweight_setting: 2
max_parallel_processes: None
missed_speculation_modifier: 1.4
poison_policy: successors
rng: 0
scheduling_method: parallel
speculation_accuracy: 0.9
speculation_latency: 1
speculation_mode: separate
2024-11-14 11:36:56 | Loading benchmark slurm/data/20241114_113627/benchmarks/rz_seq_100.lss...
2024-11-14 11:37:00 | Starting simulation
2024-11-14 11:37:05 | Simulation update: decoder round 1, completed instructions: 0/54952, actively running or decoding instructions: 1, waiting windows: 0/0. Max active instruction index: 0
2024-11-14 11:37:15 | Simulation update: decoder round 53055, completed instructions: 984/54952, actively running or decoding instructions: 2, waiting windows: 2303/4941. Max active instruction index: 980
2024-11-14 11:37:25 | Simulation update: decoder round 107496, completed instructions: 2026/54952, actively running or decoding instructions: 3, waiting windows: 4552/9826. Max active instruction index: 2022
2024-11-14 11:37:35 | Simulation update: decoder round 159960, completed instructions: 2999/54952, actively running or decoding instructions: 3, waiting windows: 6853/14787. Max active instruction index: 2995
2024-11-14 11:37:45 | Simulation update: decoder round 213376, completed instructions: 3944/54952, actively running or decoding instructions: 3, waiting windows: 9143/19714. Max active instruction index: 3946
2024-11-14 11:37:55 | Simulation update: decoder round 264085, completed instructions: 4887/54952, actively running or decoding instructions: 4, waiting windows: 11298/24374. Max active instruction index: 4888
2024-11-14 11:38:05 | Simulation update: decoder round 317001, completed instructions: 5880/54952, actively running or decoding instructions: 3, waiting windows: 13586/29318. Max active instruction index: 5876
2024-11-14 11:38:15 | Simulation update: decoder round 369320, completed instructions: 6852/54952, actively running or decoding instructions: 2, waiting windows: 15903/34297. Max active instruction index: 6848
2024-11-14 11:38:25 | Simulation update: decoder round 421815, completed instructions: 7825/54952, actively running or decoding instructions: 3, waiting windows: 18195/39240. Max active instruction index: 7821
2024-11-14 11:38:35 | Simulation update: decoder round 474784, completed instructions: 8786/54952, actively running or decoding instructions: 2, waiting windows: 20487/44173. Max active instruction index: 8783
2024-11-14 11:38:45 | Simulation update: decoder round 527967, completed instructions: 9786/54952, actively running or decoding instructions: 2, waiting windows: 22773/49095. Max active instruction index: 9782
2024-11-14 11:38:55 | Simulation update: decoder round 581122, completed instructions: 10762/54952, actively running or decoding instructions: 3, waiting windows: 25065/54032. Max active instruction index: 10758
2024-11-14 11:39:05 | Simulation update: decoder round 634304, completed instructions: 11780/54952, actively running or decoding instructions: 3, waiting windows: 27352/58971. Max active instruction index: 11782
2024-11-14 11:39:15 | Simulation update: decoder round 687087, completed instructions: 12730/54952, actively running or decoding instructions: 4, waiting windows: 29653/63911. Max active instruction index: 12731
2024-11-14 11:39:25 | Simulation update: decoder round 739918, completed instructions: 13716/54952, actively running or decoding instructions: 3, waiting windows: 31957/68873. Max active instruction index: 13718
2024-11-14 11:39:35 | Simulation update: decoder round 793310, completed instructions: 14697/54952, actively running or decoding instructions: 4, waiting windows: 34238/73794. Max active instruction index: 14693
2024-11-14 11:39:45 | Simulation update: decoder round 846287, completed instructions: 15673/54952, actively running or decoding instructions: 2, waiting windows: 36530/78728. Max active instruction index: 15669
2024-11-14 11:39:55 | Simulation update: decoder round 899792, completed instructions: 16695/54952, actively running or decoding instructions: 4, waiting windows: 38802/83659. Max active instruction index: 16691
2024-11-14 11:40:05 | Simulation update: decoder round 949715, completed instructions: 17622/54952, actively running or decoding instructions: 3, waiting windows: 40955/88281. Max active instruction index: 17618
2024-11-14 11:40:15 | Simulation update: decoder round 1002895, completed instructions: 18607/54952, actively running or decoding instructions: 4, waiting windows: 43245/93219. Max active instruction index: 18603
2024-11-14 11:40:25 | Simulation update: decoder round 1055256, completed instructions: 19565/54952, actively running or decoding instructions: 2, waiting windows: 45544/98175. Max active instruction index: 19564
2024-11-14 11:40:35 | Simulation update: decoder round 1108264, completed instructions: 20526/54952, actively running or decoding instructions: 2, waiting windows: 47834/103101. Max active instruction index: 20522
2024-11-14 11:40:45 | Simulation update: decoder round 1160195, completed instructions: 21480/54952, actively running or decoding instructions: 4, waiting windows: 50125/108028. Max active instruction index: 21482
2024-11-14 11:40:55 | Simulation update: decoder round 1213012, completed instructions: 22478/54952, actively running or decoding instructions: 4, waiting windows: 52374/112902. Max active instruction index: 22478
2024-11-14 11:41:05 | Simulation update: decoder round 1266315, completed instructions: 23473/54952, actively running or decoding instructions: 3, waiting windows: 54642/117786. Max active instruction index: 23469
2024-11-14 11:41:15 | Simulation update: decoder round 1318301, completed instructions: 24473/54952, actively running or decoding instructions: 2, waiting windows: 56937/122763. Max active instruction index: 24469
2024-11-14 11:41:25 | Simulation update: decoder round 1371277, completed instructions: 25467/54952, actively running or decoding instructions: 3, waiting windows: 59220/127688. Max active instruction index: 25464
2024-11-14 11:41:35 | Simulation update: decoder round 1424891, completed instructions: 26481/54952, actively running or decoding instructions: 3, waiting windows: 61477/132569. Max active instruction index: 26483
2024-11-14 11:41:45 | Simulation update: decoder round 1478063, completed instructions: 27477/54952, actively running or decoding instructions: 3, waiting windows: 63766/137495. Max active instruction index: 27473
2024-11-14 11:41:55 | Simulation update: decoder round 1530780, completed instructions: 28455/54952, actively running or decoding instructions: 4, waiting windows: 66045/142408. Max active instruction index: 28456
2024-11-14 11:42:05 | Simulation update: decoder round 1584015, completed instructions: 29449/54952, actively running or decoding instructions: 2, waiting windows: 68326/147337. Max active instruction index: 29445
2024-11-14 11:42:15 | Simulation update: decoder round 1637131, completed instructions: 30452/54952, actively running or decoding instructions: 4, waiting windows: 70574/152194. Max active instruction index: 30452
2024-11-14 11:42:25 | Simulation update: decoder round 1689320, completed instructions: 31423/54952, actively running or decoding instructions: 2, waiting windows: 72824/157069. Max active instruction index: 31423
2024-11-14 11:42:35 | Simulation update: decoder round 1741265, completed instructions: 32388/54952, actively running or decoding instructions: 4, waiting windows: 75084/161925. Max active instruction index: 32384
2024-11-14 11:42:45 | Simulation update: decoder round 1789495, completed instructions: 33276/54952, actively running or decoding instructions: 4, waiting windows: 77101/166276. Max active instruction index: 33272
2024-11-14 11:42:55 | Simulation update: decoder round 1842192, completed instructions: 34268/54952, actively running or decoding instructions: 3, waiting windows: 79373/171180. Max active instruction index: 34264
2024-11-14 11:43:05 | Simulation update: decoder round 1895035, completed instructions: 35227/54952, actively running or decoding instructions: 2, waiting windows: 81654/176089. Max active instruction index: 35227
2024-11-14 11:43:15 | Simulation update: decoder round 1947850, completed instructions: 36234/54952, actively running or decoding instructions: 3, waiting windows: 83936/181006. Max active instruction index: 36230
2024-11-14 11:43:25 | Simulation update: decoder round 2000368, completed instructions: 37205/54952, actively running or decoding instructions: 2, waiting windows: 86218/185919. Max active instruction index: 37201
2024-11-14 11:43:35 | Simulation update: decoder round 2053165, completed instructions: 38195/54952, actively running or decoding instructions: 3, waiting windows: 88485/190820. Max active instruction index: 38191
2024-11-14 11:43:45 | Simulation update: decoder round 2106335, completed instructions: 39185/54952, actively running or decoding instructions: 2, waiting windows: 90721/195671. Max active instruction index: 39181
2024-11-14 11:43:55 | Simulation update: decoder round 2157815, completed instructions: 40148/54952, actively running or decoding instructions: 3, waiting windows: 92978/200552. Max active instruction index: 40145
2024-11-14 11:44:05 | Simulation update: decoder round 2210996, completed instructions: 41151/54952, actively running or decoding instructions: 4, waiting windows: 95257/205473. Max active instruction index: 41152
2024-11-14 11:44:15 | Simulation update: decoder round 2263817, completed instructions: 42165/54952, actively running or decoding instructions: 3, waiting windows: 97539/210433. Max active instruction index: 42161
2024-11-14 11:44:25 | Simulation update: decoder round 2315579, completed instructions: 43132/54952, actively running or decoding instructions: 3, waiting windows: 99799/215302. Max active instruction index: 43128
2024-11-14 11:44:35 | Simulation update: decoder round 2367830, completed instructions: 44098/54952, actively running or decoding instructions: 2, waiting windows: 102077/220208. Max active instruction index: 44094
2024-11-14 11:44:45 | Simulation update: decoder round 2420716, completed instructions: 45085/54952, actively running or decoding instructions: 3, waiting windows: 104361/225138. Max active instruction index: 45082
2024-11-14 11:44:55 | Simulation update: decoder round 2473851, completed instructions: 46046/54952, actively running or decoding instructions: 4, waiting windows: 106638/230038. Max active instruction index: 46042
2024-11-14 11:45:05 | Simulation update: decoder round 2527424, completed instructions: 47019/54952, actively running or decoding instructions: 4, waiting windows: 108903/234929. Max active instruction index: 47015
2024-11-14 11:45:15 | Simulation update: decoder round 2579561, completed instructions: 48011/54952, actively running or decoding instructions: 3, waiting windows: 111186/239858. Max active instruction index: 48007
2024-11-14 11:45:25 | Simulation update: decoder round 2632465, completed instructions: 49005/54952, actively running or decoding instructions: 3, waiting windows: 113449/244748. Max active instruction index: 49001
2024-11-14 11:45:35 | Simulation update: decoder round 2685151, completed instructions: 49996/54952, actively running or decoding instructions: 3, waiting windows: 115735/249672. Max active instruction index: 49993
2024-11-14 11:45:45 | Simulation update: decoder round 2738905, completed instructions: 51045/54952, actively running or decoding instructions: 4, waiting windows: 117962/254507. Max active instruction index: 51041
2024-11-14 11:45:55 | Simulation update: decoder round 2784882, completed instructions: 51903/54952, actively running or decoding instructions: 2, waiting windows: 119956/258799. Max active instruction index: 51899
2024-11-14 11:46:05 | Simulation update: decoder round 2836511, completed instructions: 52848/54952, actively running or decoding instructions: 4, waiting windows: 122197/263629. Max active instruction index: 52844
2024-11-14 11:46:15 | Simulation update: decoder round 2888013, completed instructions: 53802/54952, actively running or decoding instructions: 3, waiting windows: 124435/268443. Max active instruction index: 53798
2024-11-14 11:46:25 | Simulation update: decoder round 2940227, completed instructions: 54794/54952, actively running or decoding instructions: 3, waiting windows: 126641/273222. Max active instruction index: 54790
2024-11-14 11:46:27 | Finished simulation
2024-11-14 11:46:33 | Finished saving output. Done! Total elapsed time: 0:09:36.301313
