CONFIG 258
benchmark_file: slurm/data/20241114_113627/benchmarks/fermi_hubbard_2_2.lss
decoder_latency_or_dist_filename: slurm/data/20241114_113627/decoder_dists.json
distance: 21
lightweight_setting: 2
max_parallel_processes: None
missed_speculation_modifier: 1.4
poison_policy: successors
rng: 0
scheduling_method: aligned
speculation_accuracy: 0.9
speculation_latency: 1
speculation_mode: separate
2024-11-14 11:37:23 | Loading benchmark slurm/data/20241114_113627/benchmarks/fermi_hubbard_2_2.lss...
2024-11-14 11:37:24 | Starting simulation
2024-11-14 11:37:26 | Simulation update: decoder round 1, completed instructions: 0/14751, actively running or decoding instructions: 13, waiting windows: 0/0. Max active instruction index: 30
2024-11-14 11:37:36 | Simulation update: decoder round 900, completed instructions: 53/14751, actively running or decoding instructions: 3, waiting windows: 349/592. Max active instruction index: 50
2024-11-14 11:37:46 | Simulation update: decoder round 1798, completed instructions: 77/14751, actively running or decoding instructions: 2, waiting windows: 648/1183. Max active instruction index: 73
2024-11-14 11:37:56 | Simulation update: decoder round 2749, completed instructions: 99/14751, actively running or decoding instructions: 2, waiting windows: 950/1817. Max active instruction index: 95
2024-11-14 11:38:06 | Simulation update: decoder round 3603, completed instructions: 116/14751, actively running or decoding instructions: 4, waiting windows: 1222/2384. Max active instruction index: 112
2024-11-14 11:38:16 | Simulation update: decoder round 4538, completed instructions: 137/14751, actively running or decoding instructions: 4, waiting windows: 1536/3005. Max active instruction index: 133
2024-11-14 11:38:26 | Simulation update: decoder round 5494, completed instructions: 159/14751, actively running or decoding instructions: 3, waiting windows: 1840/3630. Max active instruction index: 160
2024-11-14 11:38:36 | Simulation update: decoder round 6417, completed instructions: 170/14751, actively running or decoding instructions: 3, waiting windows: 2146/4247. Max active instruction index: 166
2024-11-14 11:38:46 | Simulation update: decoder round 7326, completed instructions: 187/14751, actively running or decoding instructions: 3, waiting windows: 2441/4851. Max active instruction index: 183
2024-11-14 11:38:56 | Simulation update: decoder round 8290, completed instructions: 209/14751, actively running or decoding instructions: 3, waiting windows: 2751/5499. Max active instruction index: 205
2024-11-14 11:39:06 | Simulation update: decoder round 9168, completed instructions: 226/14751, actively running or decoding instructions: 2, waiting windows: 3040/6089. Max active instruction index: 222
2024-11-14 11:39:16 | Simulation update: decoder round 10123, completed instructions: 248/14751, actively running or decoding instructions: 2, waiting windows: 3364/6735. Max active instruction index: 244
2024-11-14 11:39:26 | Simulation update: decoder round 11073, completed instructions: 271/14751, actively running or decoding instructions: 3, waiting windows: 3657/7367. Max active instruction index: 267
2024-11-14 11:39:36 | Simulation update: decoder round 11997, completed instructions: 288/14751, actively running or decoding instructions: 3, waiting windows: 3970/7987. Max active instruction index: 284
2024-11-14 11:39:46 | Simulation update: decoder round 12923, completed instructions: 309/14751, actively running or decoding instructions: 3, waiting windows: 4274/8607. Max active instruction index: 305
2024-11-14 11:39:56 | Simulation update: decoder round 13851, completed instructions: 327/14751, actively running or decoding instructions: 4, waiting windows: 4569/9217. Max active instruction index: 323
2024-11-14 11:40:06 | Simulation update: decoder round 14784, completed instructions: 343/14751, actively running or decoding instructions: 3, waiting windows: 4859/9814. Max active instruction index: 340
2024-11-14 11:40:16 | Simulation update: decoder round 15761, completed instructions: 367/14751, actively running or decoding instructions: 3, waiting windows: 5183/10455. Max active instruction index: 363
2024-11-14 11:40:26 | Simulation update: decoder round 16715, completed instructions: 384/14751, actively running or decoding instructions: 3, waiting windows: 5483/11091. Max active instruction index: 380
2024-11-14 11:40:36 | Simulation update: decoder round 17649, completed instructions: 406/14751, actively running or decoding instructions: 3, waiting windows: 5797/11723. Max active instruction index: 402
2024-11-14 11:40:46 | Simulation update: decoder round 18600, completed instructions: 422/14751, actively running or decoding instructions: 3, waiting windows: 6114/12357. Max active instruction index: 418
2024-11-14 11:40:56 | Simulation update: decoder round 19513, completed instructions: 437/14751, actively running or decoding instructions: 4, waiting windows: 6408/12965. Max active instruction index: 438
2024-11-14 11:41:06 | Simulation update: decoder round 20473, completed instructions: 460/14751, actively running or decoding instructions: 2, waiting windows: 6715/13599. Max active instruction index: 456
2024-11-14 11:41:16 | Simulation update: decoder round 21472, completed instructions: 482/14751, actively running or decoding instructions: 3, waiting windows: 7046/14265. Max active instruction index: 478
2024-11-14 11:41:26 | Simulation update: decoder round 22395, completed instructions: 500/14751, actively running or decoding instructions: 5, waiting windows: 7336/14868. Max active instruction index: 500
2024-11-14 11:41:36 | Simulation update: decoder round 23360, completed instructions: 519/14751, actively running or decoding instructions: 2, waiting windows: 7651/15507. Max active instruction index: 516
2024-11-14 11:41:46 | Simulation update: decoder round 24327, completed instructions: 542/14751, actively running or decoding instructions: 4, waiting windows: 7972/16149. Max active instruction index: 538
2024-11-14 11:41:56 | Simulation update: decoder round 25230, completed instructions: 562/14751, actively running or decoding instructions: 2, waiting windows: 8263/16755. Max active instruction index: 558
2024-11-14 11:42:06 | Simulation update: decoder round 26224, completed instructions: 584/14751, actively running or decoding instructions: 2, waiting windows: 8588/17417. Max active instruction index: 580
2024-11-14 11:42:16 | Simulation update: decoder round 27224, completed instructions: 623/14751, actively running or decoding instructions: 2, waiting windows: 8930/18118. Max active instruction index: 623
2024-11-14 11:42:26 | Simulation update: decoder round 28154, completed instructions: 652/14751, actively running or decoding instructions: 3, waiting windows: 9249/18788. Max active instruction index: 646
2024-11-14 11:42:36 | Simulation update: decoder round 29111, completed instructions: 681/14751, actively running or decoding instructions: 2, waiting windows: 9588/19485. Max active instruction index: 676
2024-11-14 11:42:46 | Simulation update: decoder round 30096, completed instructions: 707/14751, actively running or decoding instructions: 4, waiting windows: 9921/20166. Max active instruction index: 707
2024-11-14 11:42:56 | Simulation update: decoder round 31010, completed instructions: 735/14751, actively running or decoding instructions: 4, waiting windows: 10234/20814. Max active instruction index: 729
2024-11-14 11:43:06 | Simulation update: decoder round 32031, completed instructions: 757/14751, actively running or decoding instructions: 4, waiting windows: 10594/21545. Max active instruction index: 751
2024-11-14 11:43:16 | Simulation update: decoder round 33046, completed instructions: 780/14751, actively running or decoding instructions: 2, waiting windows: 10948/22275. Max active instruction index: 774
2024-11-14 11:43:26 | Simulation update: decoder round 33986, completed instructions: 800/14751, actively running or decoding instructions: 2, waiting windows: 11272/22948. Max active instruction index: 795
2024-11-14 11:43:36 | Simulation update: decoder round 34946, completed instructions: 823/14751, actively running or decoding instructions: 2, waiting windows: 11616/23644. Max active instruction index: 817
2024-11-14 11:43:46 | Simulation update: decoder round 35964, completed instructions: 843/14751, actively running or decoding instructions: 2, waiting windows: 11963/24367. Max active instruction index: 838
2024-11-14 11:43:56 | Simulation update: decoder round 36903, completed instructions: 876/14751, actively running or decoding instructions: 2, waiting windows: 12308/25049. Max active instruction index: 870
2024-11-14 11:44:06 | Simulation update: decoder round 37944, completed instructions: 907/14751, actively running or decoding instructions: 3, waiting windows: 12654/25798. Max active instruction index: 901
2024-11-14 11:44:16 | Simulation update: decoder round 38961, completed instructions: 929/14751, actively running or decoding instructions: 2, waiting windows: 13023/26541. Max active instruction index: 923
2024-11-14 11:44:26 | Simulation update: decoder round 39957, completed instructions: 960/14751, actively running or decoding instructions: 2, waiting windows: 13361/27258. Max active instruction index: 954
2024-11-14 11:44:36 | Simulation update: decoder round 40943, completed instructions: 990/14751, actively running or decoding instructions: 3, waiting windows: 13719/27973. Max active instruction index: 984
2024-11-14 11:44:46 | Simulation update: decoder round 41951, completed instructions: 1020/14751, actively running or decoding instructions: 3, waiting windows: 14076/28705. Max active instruction index: 1014
2024-11-14 11:44:56 | Simulation update: decoder round 42952, completed instructions: 1050/14751, actively running or decoding instructions: 4, waiting windows: 14420/29426. Max active instruction index: 1044
2024-11-14 11:45:06 | Simulation update: decoder round 43997, completed instructions: 1078/14751, actively running or decoding instructions: 2, waiting windows: 14793/30187. Max active instruction index: 1072
2024-11-14 11:45:16 | Simulation update: decoder round 45011, completed instructions: 1100/14751, actively running or decoding instructions: 2, waiting windows: 15134/30918. Max active instruction index: 1094
2024-11-14 11:45:26 | Simulation update: decoder round 46037, completed instructions: 1130/14751, actively running or decoding instructions: 2, waiting windows: 15495/31651. Max active instruction index: 1124
2024-11-14 11:45:36 | Simulation update: decoder round 47053, completed instructions: 1163/14751, actively running or decoding instructions: 3, waiting windows: 15851/32386. Max active instruction index: 1163
2024-11-14 11:45:46 | Simulation update: decoder round 48062, completed instructions: 1192/14751, actively running or decoding instructions: 4, waiting windows: 16195/33105. Max active instruction index: 1186
2024-11-14 11:45:56 | Simulation update: decoder round 49120, completed instructions: 1222/14751, actively running or decoding instructions: 4, waiting windows: 16577/33869. Max active instruction index: 1216
2024-11-14 11:46:06 | Simulation update: decoder round 50215, completed instructions: 1249/14751, actively running or decoding instructions: 4, waiting windows: 16960/34664. Max active instruction index: 1250
2024-11-14 11:46:16 | Simulation update: decoder round 51198, completed instructions: 1280/14751, actively running or decoding instructions: 2, waiting windows: 17294/35366. Max active instruction index: 1274
2024-11-14 11:46:26 | Simulation update: decoder round 52246, completed instructions: 1309/14751, actively running or decoding instructions: 3, waiting windows: 17668/36129. Max active instruction index: 1304
2024-11-14 11:46:36 | Simulation update: decoder round 53323, completed instructions: 1332/14751, actively running or decoding instructions: 2, waiting windows: 18031/36890. Max active instruction index: 1327
2024-11-14 11:46:46 | Simulation update: decoder round 54318, completed instructions: 1402/14751, actively running or decoding instructions: 7, waiting windows: 18415/37654. Max active instruction index: 1393
2024-11-14 11:46:56 | Simulation update: decoder round 55408, completed instructions: 1472/14751, actively running or decoding instructions: 4, waiting windows: 18852/38562. Max active instruction index: 1463
2024-11-14 11:47:06 | Simulation update: decoder round 56526, completed instructions: 1538/14751, actively running or decoding instructions: 5, waiting windows: 19281/39484. Max active instruction index: 1550
2024-11-14 11:47:16 | Simulation update: decoder round 57532, completed instructions: 1609/14751, actively running or decoding instructions: 8, waiting windows: 19691/40327. Max active instruction index: 1619
2024-11-14 11:47:26 | Simulation update: decoder round 58614, completed instructions: 1673/14751, actively running or decoding instructions: 4, waiting windows: 20118/41235. Max active instruction index: 1685
2024-11-14 11:47:36 | Simulation update: decoder round 59750, completed instructions: 1747/14751, actively running or decoding instructions: 4, waiting windows: 20592/42191. Max active instruction index: 1778
2024-11-14 11:47:46 | Simulation update: decoder round 60789, completed instructions: 1814/14751, actively running or decoding instructions: 5, waiting windows: 20986/43043. Max active instruction index: 1844
2024-11-14 11:47:56 | Simulation update: decoder round 61964, completed instructions: 1895/14751, actively running or decoding instructions: 6, waiting windows: 21449/44024. Max active instruction index: 1916
2024-11-14 11:48:06 | Simulation update: decoder round 63139, completed instructions: 1954/14751, actively running or decoding instructions: 5, waiting windows: 21903/44968. Max active instruction index: 1995
2024-11-14 11:48:16 | Simulation update: decoder round 64236, completed instructions: 2038/14751, actively running or decoding instructions: 4, waiting windows: 22333/45876. Max active instruction index: 2088
2024-11-14 11:48:26 | Simulation update: decoder round 65391, completed instructions: 2106/14751, actively running or decoding instructions: 6, waiting windows: 22787/46821. Max active instruction index: 2158
2024-11-14 11:48:36 | Simulation update: decoder round 66597, completed instructions: 2182/14751, actively running or decoding instructions: 6, waiting windows: 23277/47830. Max active instruction index: 2259
2024-11-14 11:48:46 | Simulation update: decoder round 67732, completed instructions: 2260/14751, actively running or decoding instructions: 5, waiting windows: 23731/48767. Max active instruction index: 2309
2024-11-14 11:48:56 | Simulation update: decoder round 68985, completed instructions: 2335/14751, actively running or decoding instructions: 5, waiting windows: 24222/49809. Max active instruction index: 2402
2024-11-14 11:49:06 | Simulation update: decoder round 70214, completed instructions: 2415/14751, actively running or decoding instructions: 3, waiting windows: 24713/50849. Max active instruction index: 2482
2024-11-14 11:49:16 | Simulation update: decoder round 71420, completed instructions: 2493/14751, actively running or decoding instructions: 5, waiting windows: 25177/51832. Max active instruction index: 2568
2024-11-14 11:49:26 | Simulation update: decoder round 72692, completed instructions: 2561/14751, actively running or decoding instructions: 5, waiting windows: 25696/52884. Max active instruction index: 2638
2024-11-14 11:49:36 | Simulation update: decoder round 73962, completed instructions: 2634/14751, actively running or decoding instructions: 4, waiting windows: 26180/53931. Max active instruction index: 2706
2024-11-14 11:49:46 | Simulation update: decoder round 75233, completed instructions: 2712/14751, actively running or decoding instructions: 3, waiting windows: 26704/54995. Max active instruction index: 2792
2024-11-14 11:49:56 | Simulation update: decoder round 76597, completed instructions: 2796/14751, actively running or decoding instructions: 4, waiting windows: 27246/56125. Max active instruction index: 2864
2024-11-14 11:50:06 | Simulation update: decoder round 77914, completed instructions: 2871/14751, actively running or decoding instructions: 4, waiting windows: 27770/57228. Max active instruction index: 2958
2024-11-14 11:50:16 | Simulation update: decoder round 79263, completed instructions: 2964/14751, actively running or decoding instructions: 4, waiting windows: 28307/58352. Max active instruction index: 3036
2024-11-14 11:50:26 | Simulation update: decoder round 80517, completed instructions: 3018/14751, actively running or decoding instructions: 2, waiting windows: 28795/59362. Max active instruction index: 2933
2024-11-14 11:50:36 | Simulation update: decoder round 81696, completed instructions: 3065/14751, actively running or decoding instructions: 7, waiting windows: 29242/60284. Max active instruction index: 3065
2024-11-14 11:50:46 | Simulation update: decoder round 82940, completed instructions: 3120/14751, actively running or decoding instructions: 2, waiting windows: 29719/61248. Max active instruction index: 3112
2024-11-14 11:50:56 | Simulation update: decoder round 84217, completed instructions: 3170/14751, actively running or decoding instructions: 4, waiting windows: 30193/62237. Max active instruction index: 3170
2024-11-14 11:51:06 | Simulation update: decoder round 85424, completed instructions: 3215/14751, actively running or decoding instructions: 3, waiting windows: 30657/63174. Max active instruction index: 3207
2024-11-14 11:51:16 | Simulation update: decoder round 86690, completed instructions: 3263/14751, actively running or decoding instructions: 3, waiting windows: 31146/64164. Max active instruction index: 3255
2024-11-14 11:51:26 | Simulation update: decoder round 87959, completed instructions: 3301/14751, actively running or decoding instructions: 2, waiting windows: 31612/65129. Max active instruction index: 3293
2024-11-14 11:51:36 | Simulation update: decoder round 89180, completed instructions: 3349/14751, actively running or decoding instructions: 3, waiting windows: 32074/66063. Max active instruction index: 3341
2024-11-14 11:51:46 | Simulation update: decoder round 90515, completed instructions: 3397/14751, actively running or decoding instructions: 4, waiting windows: 32584/67102. Max active instruction index: 3389
2024-11-14 11:51:56 | Simulation update: decoder round 91860, completed instructions: 3444/14751, actively running or decoding instructions: 4, waiting windows: 33106/68151. Max active instruction index: 3446
2024-11-14 11:52:06 | Simulation update: decoder round 93138, completed instructions: 3484/14751, actively running or decoding instructions: 3, waiting windows: 33587/69142. Max active instruction index: 3476
2024-11-14 11:52:16 | Simulation update: decoder round 94473, completed instructions: 3523/14751, actively running or decoding instructions: 2, waiting windows: 34083/70173. Max active instruction index: 3515
2024-11-14 11:52:26 | Simulation update: decoder round 95846, completed instructions: 3578/14751, actively running or decoding instructions: 3, waiting windows: 34625/71252. Max active instruction index: 3571
2024-11-14 11:52:36 | Simulation update: decoder round 97113, completed instructions: 3616/14751, actively running or decoding instructions: 2, waiting windows: 35094/72221. Max active instruction index: 3608
2024-11-14 11:52:46 | Simulation update: decoder round 98527, completed instructions: 3673/14751, actively running or decoding instructions: 3, waiting windows: 35636/73324. Max active instruction index: 3665
2024-11-14 11:52:56 | Simulation update: decoder round 99894, completed instructions: 3711/14751, actively running or decoding instructions: 4, waiting windows: 36163/74383. Max active instruction index: 3712
2024-11-14 11:53:06 | Simulation update: decoder round 101270, completed instructions: 3759/14751, actively running or decoding instructions: 3, waiting windows: 36687/75451. Max active instruction index: 3751
2024-11-14 11:53:16 | Simulation update: decoder round 102665, completed instructions: 3805/14751, actively running or decoding instructions: 2, waiting windows: 37207/76518. Max active instruction index: 3797
2024-11-14 11:53:26 | Simulation update: decoder round 104075, completed instructions: 3853/14751, actively running or decoding instructions: 2, waiting windows: 37739/77608. Max active instruction index: 3852
2024-11-14 11:53:36 | Simulation update: decoder round 105412, completed instructions: 3911/14751, actively running or decoding instructions: 2, waiting windows: 38251/78642. Max active instruction index: 3903
2024-11-14 11:53:46 | Simulation update: decoder round 106902, completed instructions: 3957/14751, actively running or decoding instructions: 2, waiting windows: 38816/79796. Max active instruction index: 3950
2024-11-14 11:53:56 | Simulation update: decoder round 108356, completed instructions: 4006/14751, actively running or decoding instructions: 3, waiting windows: 39365/80917. Max active instruction index: 3998
2024-11-14 11:54:06 | Simulation update: decoder round 109809, completed instructions: 4066/14751, actively running or decoding instructions: 2, waiting windows: 39946/82102. Max active instruction index: 4058
2024-11-14 11:54:16 | Simulation update: decoder round 111269, completed instructions: 4123/14751, actively running or decoding instructions: 3, waiting windows: 40546/83311. Max active instruction index: 4115
2024-11-14 11:54:26 | Simulation update: decoder round 112770, completed instructions: 4170/14751, actively running or decoding instructions: 3, waiting windows: 41139/84533. Max active instruction index: 4162
2024-11-14 11:54:36 | Simulation update: decoder round 114273, completed instructions: 4228/14751, actively running or decoding instructions: 3, waiting windows: 41769/85788. Max active instruction index: 4220
2024-11-14 11:54:46 | Simulation update: decoder round 115782, completed instructions: 4284/14751, actively running or decoding instructions: 3, waiting windows: 42378/87040. Max active instruction index: 4276
2024-11-14 11:54:56 | Simulation update: decoder round 117276, completed instructions: 4331/14751, actively running or decoding instructions: 2, waiting windows: 42969/88253. Max active instruction index: 4324
2024-11-14 11:55:06 | Simulation update: decoder round 118878, completed instructions: 4381/14751, actively running or decoding instructions: 2, waiting windows: 43615/89555. Max active instruction index: 4373
2024-11-14 11:55:16 | Simulation update: decoder round 120407, completed instructions: 4439/14751, actively running or decoding instructions: 3, waiting windows: 44238/90826. Max active instruction index: 4431
2024-11-14 11:55:26 | Simulation update: decoder round 121975, completed instructions: 4486/14751, actively running or decoding instructions: 2, waiting windows: 44872/92113. Max active instruction index: 4479
2024-11-14 11:55:36 | Simulation update: decoder round 123611, completed instructions: 4543/14751, actively running or decoding instructions: 3, waiting windows: 45543/93466. Max active instruction index: 4535
2024-11-14 11:55:46 | Simulation update: decoder round 125223, completed instructions: 4608/14751, actively running or decoding instructions: 6, waiting windows: 46185/94792. Max active instruction index: 4610
2024-11-14 11:55:56 | Simulation update: decoder round 126918, completed instructions: 4656/14751, actively running or decoding instructions: 3, waiting windows: 46871/96180. Max active instruction index: 4648
2024-11-14 11:56:06 | Simulation update: decoder round 128658, completed instructions: 4716/14751, actively running or decoding instructions: 4, waiting windows: 47562/97606. Max active instruction index: 4715
2024-11-14 11:56:16 | Simulation update: decoder round 130317, completed instructions: 4779/14751, actively running or decoding instructions: 2, waiting windows: 48253/98984. Max active instruction index: 4771
2024-11-14 11:56:26 | Simulation update: decoder round 132115, completed instructions: 4845/14751, actively running or decoding instructions: 4, waiting windows: 48973/100456. Max active instruction index: 4838
2024-11-14 11:56:36 | Simulation update: decoder round 133947, completed instructions: 4894/14751, actively running or decoding instructions: 2, waiting windows: 49690/101917. Max active instruction index: 4887
2024-11-14 11:56:46 | Simulation update: decoder round 135703, completed instructions: 4952/14751, actively running or decoding instructions: 2, waiting windows: 50402/103344. Max active instruction index: 4944
2024-11-14 11:56:56 | Simulation update: decoder round 137427, completed instructions: 5033/14751, actively running or decoding instructions: 3, waiting windows: 51124/104807. Max active instruction index: 5018
2024-11-14 11:57:06 | Simulation update: decoder round 139299, completed instructions: 5090/14751, actively running or decoding instructions: 2, waiting windows: 51922/106439. Max active instruction index: 5075
2024-11-14 11:57:16 | Simulation update: decoder round 141136, completed instructions: 5147/14751, actively running or decoding instructions: 2, waiting windows: 52698/108009. Max active instruction index: 5132
2024-11-14 11:57:26 | Simulation update: decoder round 143069, completed instructions: 5215/14751, actively running or decoding instructions: 2, waiting windows: 53520/109679. Max active instruction index: 5207
2024-11-14 11:57:36 | Simulation update: decoder round 144858, completed instructions: 5290/14751, actively running or decoding instructions: 2, waiting windows: 54288/111245. Max active instruction index: 5275
2024-11-14 11:57:46 | Simulation update: decoder round 146865, completed instructions: 5357/14751, actively running or decoding instructions: 4, waiting windows: 55141/112972. Max active instruction index: 5343
2024-11-14 11:57:56 | Simulation update: decoder round 148798, completed instructions: 5416/14751, actively running or decoding instructions: 4, waiting windows: 55956/114619. Max active instruction index: 5410
2024-11-14 11:58:06 | Simulation update: decoder round 150880, completed instructions: 5476/14751, actively running or decoding instructions: 4, waiting windows: 56825/116402. Max active instruction index: 5469
2024-11-14 11:58:16 | Simulation update: decoder round 152843, completed instructions: 5550/14751, actively running or decoding instructions: 2, waiting windows: 57683/118128. Max active instruction index: 5535
2024-11-14 11:58:26 | Simulation update: decoder round 155018, completed instructions: 5628/14751, actively running or decoding instructions: 2, waiting windows: 58614/120026. Max active instruction index: 5613
2024-11-14 11:58:36 | Simulation update: decoder round 157154, completed instructions: 5706/14751, actively running or decoding instructions: 2, waiting windows: 59513/121871. Max active instruction index: 5691
2024-11-14 11:58:46 | Simulation update: decoder round 159422, completed instructions: 5773/14751, actively running or decoding instructions: 2, waiting windows: 60463/123801. Max active instruction index: 5758
2024-11-14 11:58:56 | Simulation update: decoder round 161656, completed instructions: 5849/14751, actively running or decoding instructions: 2, waiting windows: 61425/125749. Max active instruction index: 5834
2024-11-14 11:59:06 | Simulation update: decoder round 163904, completed instructions: 5925/14751, actively running or decoding instructions: 2, waiting windows: 62392/127717. Max active instruction index: 5910
2024-11-14 11:59:16 | Simulation update: decoder round 166303, completed instructions: 6294/14751, actively running or decoding instructions: 20, waiting windows: 63503/130087. Max active instruction index: 6384
2024-11-14 11:59:26 | Simulation update: decoder round 169136, completed instructions: 6690/14751, actively running or decoding instructions: 23, waiting windows: 64802/132886. Max active instruction index: 6688
2024-11-14 11:59:36 | Simulation update: decoder round 172317, completed instructions: 7256/14751, actively running or decoding instructions: 12, waiting windows: 66231/136096. Max active instruction index: 7259
2024-11-14 11:59:46 | Simulation update: decoder round 175250, completed instructions: 7876/14751, actively running or decoding instructions: 14, waiting windows: 67620/139187. Max active instruction index: 7895
2024-11-14 11:59:56 | Simulation update: decoder round 178403, completed instructions: 8556/14751, actively running or decoding instructions: 15, waiting windows: 69102/142571. Max active instruction index: 8612
2024-11-14 12:00:06 | Simulation update: decoder round 183438, completed instructions: 9361/14751, actively running or decoding instructions: 28, waiting windows: 70991/146806. Max active instruction index: 9469
2024-11-14 12:00:16 | Simulation update: decoder round 200787, completed instructions: 10966/14751, actively running or decoding instructions: 4, waiting windows: 73296/152557. Max active instruction index: 10951
2024-11-14 12:00:26 | Simulation update: decoder round 225822, completed instructions: 12492/14751, actively running or decoding instructions: 4, waiting windows: 75498/157846. Max active instruction index: 12519
2024-11-14 12:00:36 | Simulation update: decoder round 270322, completed instructions: 14076/14751, actively running or decoding instructions: 2, waiting windows: 77692/162938. Max active instruction index: 14052
2024-11-14 12:00:41 | Finished simulation
2024-11-14 12:00:41 | Finished saving output. Done! Total elapsed time: 0:23:18.030868
