CONFIG 32
benchmark_file: slurm/data/20241114_113627/benchmarks/carleman_encoding_2_4.lss
decoder_latency_or_dist_filename: slurm/data/20241114_113627/decoder_dists.json
distance: 21
lightweight_setting: 2
max_parallel_processes: None
missed_speculation_modifier: 1.4
poison_policy: successors
rng: 0
scheduling_method: sliding
speculation_accuracy: 0.9
speculation_latency: 1
speculation_mode: separate
2024-11-14 11:36:47 | Loading benchmark slurm/data/20241114_113627/benchmarks/carleman_encoding_2_4.lss...
2024-11-14 11:36:48 | Starting simulation
2024-11-14 11:36:50 | Simulation update: decoder round 1, completed instructions: 0/12153, actively running or decoding instructions: 21, waiting windows: 0/0. Max active instruction index: 191
2024-11-14 11:37:00 | Simulation update: decoder round 462, completed instructions: 390/12153, actively running or decoding instructions: 20, waiting windows: 233/918. Max active instruction index: 402
2024-11-14 11:37:10 | Simulation update: decoder round 853, completed instructions: 469/12153, actively running or decoding instructions: 12, waiting windows: 247/1575. Max active instruction index: 506
2024-11-14 11:37:20 | Simulation update: decoder round 1235, completed instructions: 568/12153, actively running or decoding instructions: 6, waiting windows: 202/2220. Max active instruction index: 567
2024-11-14 11:37:30 | Simulation update: decoder round 1621, completed instructions: 746/12153, actively running or decoding instructions: 27, waiting windows: 258/2964. Max active instruction index: 793
2024-11-14 11:37:40 | Simulation update: decoder round 2019, completed instructions: 814/12153, actively running or decoding instructions: 9, waiting windows: 244/3615. Max active instruction index: 824
2024-11-14 11:37:50 | Simulation update: decoder round 2416, completed instructions: 951/12153, actively running or decoding instructions: 10, waiting windows: 227/4315. Max active instruction index: 949
2024-11-14 11:38:00 | Simulation update: decoder round 2813, completed instructions: 1154/12153, actively running or decoding instructions: 29, waiting windows: 283/5070. Max active instruction index: 1178
2024-11-14 11:38:10 | Simulation update: decoder round 3204, completed instructions: 1333/12153, actively running or decoding instructions: 25, waiting windows: 297/5847. Max active instruction index: 1348
2024-11-14 11:38:20 | Simulation update: decoder round 3609, completed instructions: 1504/12153, actively running or decoding instructions: 27, waiting windows: 289/6629. Max active instruction index: 1584
2024-11-14 11:38:30 | Simulation update: decoder round 4013, completed instructions: 1754/12153, actively running or decoding instructions: 26, waiting windows: 357/7531. Max active instruction index: 1788
2024-11-14 11:38:40 | Simulation update: decoder round 4419, completed instructions: 1944/12153, actively running or decoding instructions: 30, waiting windows: 324/8374. Max active instruction index: 1980
2024-11-14 11:38:50 | Simulation update: decoder round 4847, completed instructions: 2063/12153, actively running or decoding instructions: 7, waiting windows: 220/9145. Max active instruction index: 2117
2024-11-14 11:39:00 | Simulation update: decoder round 5283, completed instructions: 2246/12153, actively running or decoding instructions: 17, waiting windows: 231/9983. Max active instruction index: 2290
2024-11-14 11:39:10 | Simulation update: decoder round 5708, completed instructions: 2462/12153, actively running or decoding instructions: 17, waiting windows: 261/10860. Max active instruction index: 2510
2024-11-14 11:39:20 | Simulation update: decoder round 6151, completed instructions: 2676/12153, actively running or decoding instructions: 16, waiting windows: 266/11757. Max active instruction index: 2820
2024-11-14 11:39:30 | Simulation update: decoder round 6600, completed instructions: 2850/12153, actively running or decoding instructions: 12, waiting windows: 252/12634. Max active instruction index: 2873
2024-11-14 11:39:40 | Simulation update: decoder round 7049, completed instructions: 2999/12153, actively running or decoding instructions: 8, waiting windows: 240/13494. Max active instruction index: 2978
2024-11-14 11:39:50 | Simulation update: decoder round 7518, completed instructions: 3119/12153, actively running or decoding instructions: 22, waiting windows: 326/14381. Max active instruction index: 3134
2024-11-14 11:40:00 | Simulation update: decoder round 7985, completed instructions: 3304/12153, actively running or decoding instructions: 20, waiting windows: 312/15304. Max active instruction index: 3820
2024-11-14 11:40:10 | Simulation update: decoder round 8467, completed instructions: 3351/12153, actively running or decoding instructions: 8, waiting windows: 246/16166. Max active instruction index: 3347
2024-11-14 11:40:20 | Simulation update: decoder round 8937, completed instructions: 3481/12153, actively running or decoding instructions: 18, waiting windows: 268/17085. Max active instruction index: 3489
2024-11-14 11:40:30 | Simulation update: decoder round 9423, completed instructions: 3600/12153, actively running or decoding instructions: 13, waiting windows: 256/18010. Max active instruction index: 3583
2024-11-14 11:40:40 | Simulation update: decoder round 9911, completed instructions: 3765/12153, actively running or decoding instructions: 17, waiting windows: 246/18972. Max active instruction index: 3764
2024-11-14 11:40:50 | Simulation update: decoder round 10393, completed instructions: 3966/12153, actively running or decoding instructions: 17, waiting windows: 243/19930. Max active instruction index: 3985
2024-11-14 11:41:00 | Simulation update: decoder round 10903, completed instructions: 4219/12153, actively running or decoding instructions: 21, waiting windows: 303/20944. Max active instruction index: 4401
2024-11-14 11:41:10 | Simulation update: decoder round 11426, completed instructions: 4331/12153, actively running or decoding instructions: 11, waiting windows: 263/21913. Max active instruction index: 4358
2024-11-14 11:41:20 | Simulation update: decoder round 11953, completed instructions: 4568/12153, actively running or decoding instructions: 15, waiting windows: 264/22962. Max active instruction index: 4725
2024-11-14 11:41:30 | Simulation update: decoder round 12480, completed instructions: 4737/12153, actively running or decoding instructions: 15, waiting windows: 270/23988. Max active instruction index: 4709
2024-11-14 11:41:40 | Simulation update: decoder round 13039, completed instructions: 4821/12153, actively running or decoding instructions: 6, waiting windows: 254/24980. Max active instruction index: 4817
2024-11-14 11:41:50 | Simulation update: decoder round 13596, completed instructions: 5060/12153, actively running or decoding instructions: 15, waiting windows: 249/26070. Max active instruction index: 5135
2024-11-14 11:42:00 | Simulation update: decoder round 14179, completed instructions: 5269/12153, actively running or decoding instructions: 16, waiting windows: 244/27153. Max active instruction index: 5347
2024-11-14 11:42:10 | Simulation update: decoder round 14760, completed instructions: 5390/12153, actively running or decoding instructions: 14, waiting windows: 263/28174. Max active instruction index: 5448
2024-11-14 11:42:20 | Simulation update: decoder round 15377, completed instructions: 5493/12153, actively running or decoding instructions: 11, waiting windows: 220/29179. Max active instruction index: 5474
2024-11-14 11:42:30 | Simulation update: decoder round 16003, completed instructions: 5646/12153, actively running or decoding instructions: 16, waiting windows: 258/30251. Max active instruction index: 5678
2024-11-14 11:42:40 | Simulation update: decoder round 16654, completed instructions: 5758/12153, actively running or decoding instructions: 9, waiting windows: 219/31281. Max active instruction index: 5746
2024-11-14 11:42:50 | Simulation update: decoder round 17290, completed instructions: 5881/12153, actively running or decoding instructions: 9, waiting windows: 225/32304. Max active instruction index: 5869
2024-11-14 11:43:00 | Simulation update: decoder round 17956, completed instructions: 6071/12153, actively running or decoding instructions: 16, waiting windows: 246/33415. Max active instruction index: 6056
2024-11-14 11:43:10 | Simulation update: decoder round 18628, completed instructions: 6218/12153, actively running or decoding instructions: 6, waiting windows: 228/34571. Max active instruction index: 6200
2024-11-14 11:43:20 | Simulation update: decoder round 19315, completed instructions: 6448/12153, actively running or decoding instructions: 10, waiting windows: 259/35808. Max active instruction index: 6446
2024-11-14 11:43:30 | Simulation update: decoder round 19999, completed instructions: 6641/12153, actively running or decoding instructions: 12, waiting windows: 253/37013. Max active instruction index: 6643
2024-11-14 11:43:40 | Simulation update: decoder round 20733, completed instructions: 6779/12153, actively running or decoding instructions: 8, waiting windows: 233/38239. Max active instruction index: 6787
2024-11-14 11:43:50 | Simulation update: decoder round 21492, completed instructions: 6942/12153, actively running or decoding instructions: 10, waiting windows: 221/39489. Max active instruction index: 6933
2024-11-14 11:44:00 | Simulation update: decoder round 22224, completed instructions: 7228/12153, actively running or decoding instructions: 11, waiting windows: 223/40787. Max active instruction index: 7204
2024-11-14 11:44:10 | Simulation update: decoder round 23022, completed instructions: 7516/12153, actively running or decoding instructions: 11, waiting windows: 225/42178. Max active instruction index: 7542
2024-11-14 11:44:20 | Simulation update: decoder round 23860, completed instructions: 7749/12153, actively running or decoding instructions: 26, waiting windows: 289/43650. Max active instruction index: 7869
2024-11-14 11:44:30 | Simulation update: decoder round 24736, completed instructions: 7905/12153, actively running or decoding instructions: 6, waiting windows: 205/45050. Max active instruction index: 7878
2024-11-14 11:44:40 | Simulation update: decoder round 25600, completed instructions: 8156/12153, actively running or decoding instructions: 15, waiting windows: 226/46501. Max active instruction index: 8187
2024-11-14 11:44:50 | Simulation update: decoder round 26530, completed instructions: 8581/12153, actively running or decoding instructions: 19, waiting windows: 194/48110. Max active instruction index: 8617
2024-11-14 11:45:00 | Simulation update: decoder round 27575, completed instructions: 8796/12153, actively running or decoding instructions: 7, waiting windows: 186/49659. Max active instruction index: 8761
2024-11-14 11:45:10 | Simulation update: decoder round 28659, completed instructions: 9094/12153, actively running or decoding instructions: 15, waiting windows: 227/51264. Max active instruction index: 9115
2024-11-14 11:45:20 | Simulation update: decoder round 29736, completed instructions: 9582/12153, actively running or decoding instructions: 25, waiting windows: 253/53037. Max active instruction index: 9574
2024-11-14 11:45:30 | Simulation update: decoder round 31038, completed instructions: 10239/12153, actively running or decoding instructions: 25, waiting windows: 182/55097. Max active instruction index: 10273
2024-11-14 11:45:40 | Simulation update: decoder round 32875, completed instructions: 10827/12153, actively running or decoding instructions: 20, waiting windows: 168/57263. Max active instruction index: 10818
2024-11-14 11:45:50 | Simulation update: decoder round 35299, completed instructions: 11458/12153, actively running or decoding instructions: 18, waiting windows: 162/59876. Max active instruction index: 11425
2024-11-14 11:45:57 | Finished simulation
2024-11-14 11:45:58 | Finished saving output. Done! Total elapsed time: 0:09:10.538350
