CONFIG 419
benchmark_file: slurm/data/20241114_113627/benchmarks/carleman_encoding_2_4.lss
decoder_latency_or_dist_filename: slurm/data/20241114_113627/decoder_dists.json
distance: 21
lightweight_setting: 2
max_parallel_processes: None
missed_speculation_modifier: 1.4
poison_policy: successors
rng: 0
scheduling_method: parallel
speculation_accuracy: 0.9
speculation_latency: 1
speculation_mode: None
2024-11-14 11:37:59 | Loading benchmark slurm/data/20241114_113627/benchmarks/carleman_encoding_2_4.lss...
2024-11-14 11:38:00 | Starting simulation
2024-11-14 11:38:01 | Simulation update: decoder round 1, completed instructions: 0/12153, actively running or decoding instructions: 21, waiting windows: 0/0. Max active instruction index: 191
2024-11-14 11:38:11 | Simulation update: decoder round 538, completed instructions: 406/12153, actively running or decoding instructions: 28, waiting windows: 673/1053. Max active instruction index: 403
2024-11-14 11:38:21 | Simulation update: decoder round 987, completed instructions: 408/12153, actively running or decoding instructions: 8, waiting windows: 956/1704. Max active instruction index: 427
2024-11-14 11:38:31 | Simulation update: decoder round 1417, completed instructions: 567/12153, actively running or decoding instructions: 20, waiting windows: 1331/2495. Max active instruction index: 558
2024-11-14 11:38:41 | Simulation update: decoder round 1862, completed instructions: 587/12153, actively running or decoding instructions: 7, waiting windows: 1644/3165. Max active instruction index: 601
2024-11-14 11:38:51 | Simulation update: decoder round 2306, completed instructions: 746/12153, actively running or decoding instructions: 26, waiting windows: 2005/3957. Max active instruction index: 793
2024-11-14 11:39:01 | Simulation update: decoder round 2764, completed instructions: 891/12153, actively running or decoding instructions: 29, waiting windows: 2423/4748. Max active instruction index: 913
2024-11-14 11:39:12 | Simulation update: decoder round 3217, completed instructions: 952/12153, actively running or decoding instructions: 12, waiting windows: 2689/5476. Max active instruction index: 949
2024-11-14 11:39:22 | Simulation update: decoder round 3682, completed instructions: 1110/12153, actively running or decoding instructions: 33, waiting windows: 3161/6300. Max active instruction index: 1177
2024-11-14 11:39:32 | Simulation update: decoder round 4147, completed instructions: 1169/12153, actively running or decoding instructions: 11, waiting windows: 3421/7058. Max active instruction index: 1175
2024-11-14 11:39:42 | Simulation update: decoder round 4620, completed instructions: 1355/12153, actively running or decoding instructions: 30, waiting windows: 3871/7960. Max active instruction index: 1349
2024-11-14 11:39:52 | Simulation update: decoder round 5095, completed instructions: 1475/12153, actively running or decoding instructions: 23, waiting windows: 4298/8818. Max active instruction index: 1584
2024-11-14 11:40:02 | Simulation update: decoder round 5573, completed instructions: 1608/12153, actively running or decoding instructions: 22, waiting windows: 4634/9716. Max active instruction index: 1703
2024-11-14 11:40:12 | Simulation update: decoder round 6052, completed instructions: 1809/12153, actively running or decoding instructions: 32, waiting windows: 5134/10686. Max active instruction index: 1848
2024-11-14 11:40:22 | Simulation update: decoder round 6532, completed instructions: 1966/12153, actively running or decoding instructions: 32, waiting windows: 5591/11624. Max active instruction index: 2015
2024-11-14 11:40:32 | Simulation update: decoder round 7027, completed instructions: 2061/12153, actively running or decoding instructions: 12, waiting windows: 5881/12474. Max active instruction index: 2098
2024-11-14 11:40:42 | Simulation update: decoder round 7534, completed instructions: 2245/12153, actively running or decoding instructions: 21, waiting windows: 6296/13419. Max active instruction index: 2290
2024-11-14 11:40:52 | Simulation update: decoder round 8035, completed instructions: 2460/12153, actively running or decoding instructions: 28, waiting windows: 6775/14414. Max active instruction index: 2510
2024-11-14 11:41:02 | Simulation update: decoder round 8552, completed instructions: 2631/12153, actively running or decoding instructions: 31, waiting windows: 7283/15399. Max active instruction index: 2631
2024-11-14 11:41:12 | Simulation update: decoder round 9069, completed instructions: 2811/12153, actively running or decoding instructions: 30, waiting windows: 7727/16351. Max active instruction index: 2859
2024-11-14 11:41:22 | Simulation update: decoder round 9606, completed instructions: 2891/12153, actively running or decoding instructions: 19, waiting windows: 8084/17273. Max active instruction index: 2912
2024-11-14 11:41:32 | Simulation update: decoder round 10138, completed instructions: 2999/12153, actively running or decoding instructions: 13, waiting windows: 8509/18236. Max active instruction index: 3027
2024-11-14 11:41:42 | Simulation update: decoder round 10682, completed instructions: 3188/12153, actively running or decoding instructions: 19, waiting windows: 8991/19293. Max active instruction index: 3207
2024-11-14 11:41:52 | Simulation update: decoder round 11236, completed instructions: 3348/12153, actively running or decoding instructions: 29, waiting windows: 9539/20357. Max active instruction index: 3820
2024-11-14 11:42:02 | Simulation update: decoder round 11787, completed instructions: 3402/12153, actively running or decoding instructions: 18, waiting windows: 10002/21351. Max active instruction index: 3423
2024-11-14 11:42:12 | Simulation update: decoder round 12348, completed instructions: 3485/12153, actively running or decoding instructions: 9, waiting windows: 10449/22372. Max active instruction index: 3535
2024-11-14 11:42:22 | Simulation update: decoder round 12915, completed instructions: 3600/12153, actively running or decoding instructions: 16, waiting windows: 10950/23423. Max active instruction index: 3583
2024-11-14 11:42:32 | Simulation update: decoder round 13478, completed instructions: 3765/12153, actively running or decoding instructions: 26, waiting windows: 11503/24505. Max active instruction index: 3764
2024-11-14 11:42:42 | Simulation update: decoder round 14059, completed instructions: 3944/12153, actively running or decoding instructions: 32, waiting windows: 12053/25619. Max active instruction index: 3985
2024-11-14 11:42:52 | Simulation update: decoder round 14660, completed instructions: 4038/12153, actively running or decoding instructions: 23, waiting windows: 12480/26672. Max active instruction index: 4094
2024-11-14 11:43:02 | Simulation update: decoder round 15260, completed instructions: 4221/12153, actively running or decoding instructions: 24, waiting windows: 12980/27759. Max active instruction index: 4401
2024-11-14 11:43:12 | Simulation update: decoder round 15878, completed instructions: 4299/12153, actively running or decoding instructions: 13, waiting windows: 13480/28852. Max active instruction index: 4279
2024-11-14 11:43:22 | Simulation update: decoder round 16502, completed instructions: 4510/12153, actively running or decoding instructions: 37, waiting windows: 14095/30050. Max active instruction index: 4696
2024-11-14 11:43:32 | Simulation update: decoder round 17130, completed instructions: 4601/12153, actively running or decoding instructions: 21, waiting windows: 14558/31153. Max active instruction index: 4888
2024-11-14 11:43:42 | Simulation update: decoder round 17773, completed instructions: 4735/12153, actively running or decoding instructions: 18, waiting windows: 15092/32370. Max active instruction index: 4709
2024-11-14 11:43:52 | Simulation update: decoder round 18433, completed instructions: 4821/12153, actively running or decoding instructions: 8, waiting windows: 15640/33524. Max active instruction index: 4817
2024-11-14 11:44:02 | Simulation update: decoder round 19082, completed instructions: 5060/12153, actively running or decoding instructions: 22, waiting windows: 16175/34743. Max active instruction index: 5135
2024-11-14 11:44:12 | Simulation update: decoder round 19778, completed instructions: 5223/12153, actively running or decoding instructions: 17, waiting windows: 16719/35948. Max active instruction index: 5270
2024-11-14 11:44:22 | Simulation update: decoder round 20498, completed instructions: 5297/12153, actively running or decoding instructions: 9, waiting windows: 17299/37151. Max active instruction index: 5278
2024-11-14 11:44:32 | Simulation update: decoder round 21199, completed instructions: 5430/12153, actively running or decoding instructions: 26, waiting windows: 17924/38376. Max active instruction index: 5448
2024-11-14 11:44:42 | Simulation update: decoder round 21940, completed instructions: 5481/12153, actively running or decoding instructions: 10, waiting windows: 18455/39547. Max active instruction index: 5471
2024-11-14 11:44:52 | Simulation update: decoder round 22690, completed instructions: 5589/12153, actively running or decoding instructions: 14, waiting windows: 19039/40782. Max active instruction index: 5652
2024-11-14 11:45:02 | Simulation update: decoder round 23448, completed instructions: 5707/12153, actively running or decoding instructions: 19, waiting windows: 19628/42020. Max active instruction index: 5691
2024-11-14 11:45:12 | Simulation update: decoder round 24224, completed instructions: 5760/12153, actively running or decoding instructions: 9, waiting windows: 20175/43196. Max active instruction index: 5736
2024-11-14 11:45:22 | Simulation update: decoder round 25021, completed instructions: 5878/12153, actively running or decoding instructions: 13, waiting windows: 20775/44443. Max active instruction index: 5869
2024-11-14 11:45:32 | Simulation update: decoder round 25821, completed instructions: 5999/12153, actively running or decoding instructions: 22, waiting windows: 21421/45701. Max active instruction index: 5989
2024-11-14 11:45:42 | Simulation update: decoder round 26624, completed instructions: 6114/12153, actively running or decoding instructions: 23, waiting windows: 22025/46992. Max active instruction index: 6118
2024-11-14 11:45:52 | Simulation update: decoder round 27423, completed instructions: 6195/12153, actively running or decoding instructions: 11, waiting windows: 22600/48272. Max active instruction index: 6179
2024-11-14 11:46:02 | Simulation update: decoder round 28260, completed instructions: 6335/12153, actively running or decoding instructions: 7, waiting windows: 23276/49680. Max active instruction index: 6307
2024-11-14 11:46:12 | Simulation update: decoder round 29111, completed instructions: 6574/12153, actively running or decoding instructions: 31, waiting windows: 24055/51159. Max active instruction index: 6573
2024-11-14 11:46:22 | Simulation update: decoder round 29945, completed instructions: 6680/12153, actively running or decoding instructions: 19, waiting windows: 24650/52525. Max active instruction index: 6670
2024-11-14 11:46:32 | Simulation update: decoder round 30837, completed instructions: 6758/12153, actively running or decoding instructions: 6, waiting windows: 25285/53917. Max active instruction index: 6758
2024-11-14 11:46:42 | Simulation update: decoder round 31740, completed instructions: 6912/12153, actively running or decoding instructions: 11, waiting windows: 25986/55393. Max active instruction index: 6894
2024-11-14 11:46:52 | Simulation update: decoder round 32674, completed instructions: 7086/12153, actively running or decoding instructions: 10, waiting windows: 26694/56882. Max active instruction index: 7120
2024-11-14 11:47:02 | Simulation update: decoder round 33578, completed instructions: 7407/12153, actively running or decoding instructions: 33, waiting windows: 27456/58460. Max active instruction index: 7435
2024-11-14 11:47:12 | Simulation update: decoder round 34575, completed instructions: 7540/12153, actively running or decoding instructions: 16, waiting windows: 28114/59991. Max active instruction index: 7565
2024-11-14 11:47:22 | Simulation update: decoder round 35584, completed instructions: 7656/12153, actively running or decoding instructions: 11, waiting windows: 28902/61621. Max active instruction index: 7626
2024-11-14 11:47:32 | Simulation update: decoder round 36578, completed instructions: 7857/12153, actively running or decoding instructions: 15, waiting windows: 29667/63246. Max active instruction index: 7952
2024-11-14 11:47:42 | Simulation update: decoder round 37646, completed instructions: 8118/12153, actively running or decoding instructions: 20, waiting windows: 30489/65015. Max active instruction index: 8187
2024-11-14 11:47:52 | Simulation update: decoder round 38763, completed instructions: 8343/12153, actively running or decoding instructions: 25, waiting windows: 31330/66772. Max active instruction index: 8370
2024-11-14 11:48:02 | Simulation update: decoder round 39868, completed instructions: 8690/12153, actively running or decoding instructions: 24, waiting windows: 32069/68544. Max active instruction index: 8825
2024-11-14 11:48:12 | Simulation update: decoder round 41120, completed instructions: 8786/12153, actively running or decoding instructions: 5, waiting windows: 32890/70265. Max active instruction index: 8697
2024-11-14 11:48:22 | Simulation update: decoder round 42397, completed instructions: 9031/12153, actively running or decoding instructions: 32, waiting windows: 33764/72079. Max active instruction index: 9023
2024-11-14 11:48:32 | Simulation update: decoder round 43737, completed instructions: 9447/12153, actively running or decoding instructions: 36, waiting windows: 34694/74121. Max active instruction index: 9471
2024-11-14 11:48:42 | Simulation update: decoder round 45168, completed instructions: 9884/12153, actively running or decoding instructions: 34, waiting windows: 35608/76266. Max active instruction index: 9862
2024-11-14 11:48:52 | Simulation update: decoder round 46958, completed instructions: 10463/12153, actively running or decoding instructions: 38, waiting windows: 36689/78682. Max active instruction index: 10592
2024-11-14 11:49:02 | Simulation update: decoder round 49396, completed instructions: 10851/12153, actively running or decoding instructions: 24, waiting windows: 37757/81155. Max active instruction index: 10819
2024-11-14 11:49:12 | Simulation update: decoder round 52409, completed instructions: 11381/12153, actively running or decoding instructions: 24, waiting windows: 39104/84176. Max active instruction index: 11344
2024-11-14 11:49:22 | Simulation update: decoder round 57748, completed instructions: 12150/12153, actively running or decoding instructions: 10, waiting windows: 40499/87650. Max active instruction index: 12105
2024-11-14 11:49:22 | Finished simulation
2024-11-14 11:49:22 | Finished saving output. Done! Total elapsed time: 0:11:22.742009
