CONFIG 528
benchmark_file: slurm/data/20241114_113627/benchmarks/qpeinexact_5.lss
decoder_latency_or_dist_filename: slurm/data/20241114_113627/decoder_dists.json
distance: 21
lightweight_setting: 2
max_parallel_processes: None
missed_speculation_modifier: 1.4
poison_policy: successors
rng: 0
scheduling_method: aligned
speculation_accuracy: 0.9
speculation_latency: 1
speculation_mode: None
2024-11-14 11:38:02 | Loading benchmark slurm/data/20241114_113627/benchmarks/qpeinexact_5.lss...
2024-11-14 11:38:02 | Starting simulation
2024-11-14 11:38:04 | Simulation update: decoder round 1, completed instructions: 0/12893, actively running or decoding instructions: 5, waiting windows: 0/0. Max active instruction index: 8
2024-11-14 11:38:14 | Simulation update: decoder round 1373, completed instructions: 46/12893, actively running or decoding instructions: 4, waiting windows: 261/445. Max active instruction index: 37
2024-11-14 11:38:24 | Simulation update: decoder round 2735, completed instructions: 66/12893, actively running or decoding instructions: 3, waiting windows: 485/904. Max active instruction index: 57
2024-11-14 11:38:34 | Simulation update: decoder round 4110, completed instructions: 88/12893, actively running or decoding instructions: 4, waiting windows: 708/1367. Max active instruction index: 79
2024-11-14 11:38:44 | Simulation update: decoder round 5488, completed instructions: 106/12893, actively running or decoding instructions: 4, waiting windows: 925/1812. Max active instruction index: 97
2024-11-14 11:38:54 | Simulation update: decoder round 6879, completed instructions: 129/12893, actively running or decoding instructions: 5, waiting windows: 1135/2247. Max active instruction index: 120
2024-11-14 11:39:04 | Simulation update: decoder round 8268, completed instructions: 152/12893, actively running or decoding instructions: 4, waiting windows: 1360/2713. Max active instruction index: 144
2024-11-14 11:39:14 | Simulation update: decoder round 9662, completed instructions: 170/12893, actively running or decoding instructions: 2, waiting windows: 1590/3184. Max active instruction index: 161
2024-11-14 11:39:24 | Simulation update: decoder round 11069, completed instructions: 196/12893, actively running or decoding instructions: 4, waiting windows: 1807/3640. Max active instruction index: 188
2024-11-14 11:39:34 | Simulation update: decoder round 12474, completed instructions: 219/12893, actively running or decoding instructions: 3, waiting windows: 2036/4110. Max active instruction index: 210
2024-11-14 11:39:44 | Simulation update: decoder round 13883, completed instructions: 240/12893, actively running or decoding instructions: 2, waiting windows: 2270/4588. Max active instruction index: 231
2024-11-14 11:39:54 | Simulation update: decoder round 15301, completed instructions: 256/12893, actively running or decoding instructions: 2, waiting windows: 2499/5063. Max active instruction index: 247
2024-11-14 11:40:04 | Simulation update: decoder round 16727, completed instructions: 279/12893, actively running or decoding instructions: 4, waiting windows: 2727/5541. Max active instruction index: 274
2024-11-14 11:40:14 | Simulation update: decoder round 18166, completed instructions: 306/12893, actively running or decoding instructions: 5, waiting windows: 2958/6012. Max active instruction index: 297
2024-11-14 11:40:24 | Simulation update: decoder round 19609, completed instructions: 323/12893, actively running or decoding instructions: 3, waiting windows: 3185/6478. Max active instruction index: 314
2024-11-14 11:40:34 | Simulation update: decoder round 21056, completed instructions: 347/12893, actively running or decoding instructions: 5, waiting windows: 3421/6968. Max active instruction index: 344
2024-11-14 11:40:44 | Simulation update: decoder round 22493, completed instructions: 365/12893, actively running or decoding instructions: 4, waiting windows: 3640/7432. Max active instruction index: 356
2024-11-14 11:40:54 | Simulation update: decoder round 23946, completed instructions: 386/12893, actively running or decoding instructions: 2, waiting windows: 3874/7905. Max active instruction index: 377
2024-11-14 11:41:04 | Simulation update: decoder round 25409, completed instructions: 408/12893, actively running or decoding instructions: 2, waiting windows: 4107/8396. Max active instruction index: 399
2024-11-14 11:41:14 | Simulation update: decoder round 26875, completed instructions: 429/12893, actively running or decoding instructions: 3, waiting windows: 4348/8890. Max active instruction index: 420
2024-11-14 11:41:24 | Simulation update: decoder round 28352, completed instructions: 453/12893, actively running or decoding instructions: 3, waiting windows: 4581/9373. Max active instruction index: 444
2024-11-14 11:41:34 | Simulation update: decoder round 29840, completed instructions: 474/12893, actively running or decoding instructions: 2, waiting windows: 4817/9855. Max active instruction index: 465
2024-11-14 11:41:44 | Simulation update: decoder round 31336, completed instructions: 496/12893, actively running or decoding instructions: 3, waiting windows: 5043/10334. Max active instruction index: 488
2024-11-14 11:41:54 | Simulation update: decoder round 32830, completed instructions: 521/12893, actively running or decoding instructions: 2, waiting windows: 5284/10826. Max active instruction index: 513
2024-11-14 11:42:04 | Simulation update: decoder round 34323, completed instructions: 545/12893, actively running or decoding instructions: 4, waiting windows: 5530/11330. Max active instruction index: 542
2024-11-14 11:42:14 | Simulation update: decoder round 35830, completed instructions: 570/12893, actively running or decoding instructions: 3, waiting windows: 5774/11835. Max active instruction index: 561
2024-11-14 11:42:24 | Simulation update: decoder round 37324, completed instructions: 639/12893, actively running or decoding instructions: 6, waiting windows: 6050/12408. Max active instruction index: 1174
2024-11-14 11:42:34 | Simulation update: decoder round 38825, completed instructions: 696/12893, actively running or decoding instructions: 5, waiting windows: 6312/12979. Max active instruction index: 1204
2024-11-14 11:42:44 | Simulation update: decoder round 40344, completed instructions: 750/12893, actively running or decoding instructions: 5, waiting windows: 6575/13544. Max active instruction index: 1235
2024-11-14 11:42:54 | Simulation update: decoder round 41877, completed instructions: 798/12893, actively running or decoding instructions: 4, waiting windows: 6868/14144. Max active instruction index: 1263
2024-11-14 11:43:04 | Simulation update: decoder round 43425, completed instructions: 850/12893, actively running or decoding instructions: 5, waiting windows: 7129/14729. Max active instruction index: 1294
2024-11-14 11:43:14 | Simulation update: decoder round 44999, completed instructions: 900/12893, actively running or decoding instructions: 5, waiting windows: 7404/15328. Max active instruction index: 1323
2024-11-14 11:43:24 | Simulation update: decoder round 46600, completed instructions: 954/12893, actively running or decoding instructions: 6, waiting windows: 7681/15916. Max active instruction index: 1360
2024-11-14 11:43:34 | Simulation update: decoder round 48184, completed instructions: 1014/12893, actively running or decoding instructions: 4, waiting windows: 7958/16506. Max active instruction index: 1390
2024-11-14 11:43:44 | Simulation update: decoder round 49808, completed instructions: 1069/12893, actively running or decoding instructions: 5, waiting windows: 8252/17140. Max active instruction index: 1419
2024-11-14 11:43:54 | Simulation update: decoder round 51457, completed instructions: 1132/12893, actively running or decoding instructions: 5, waiting windows: 8544/17773. Max active instruction index: 1456
2024-11-14 11:44:04 | Simulation update: decoder round 53125, completed instructions: 1187/12893, actively running or decoding instructions: 4, waiting windows: 8840/18408. Max active instruction index: 1487
2024-11-14 11:44:14 | Simulation update: decoder round 54809, completed instructions: 1250/12893, actively running or decoding instructions: 4, waiting windows: 9154/19069. Max active instruction index: 1522
2024-11-14 11:44:24 | Simulation update: decoder round 56524, completed instructions: 1315/12893, actively running or decoding instructions: 8, waiting windows: 9449/19708. Max active instruction index: 1566
2024-11-14 11:44:34 | Simulation update: decoder round 58254, completed instructions: 1370/12893, actively running or decoding instructions: 4, waiting windows: 9754/20367. Max active instruction index: 1588
2024-11-14 11:44:44 | Simulation update: decoder round 60009, completed instructions: 1435/12893, actively running or decoding instructions: 5, waiting windows: 10068/21040. Max active instruction index: 1625
2024-11-14 11:44:54 | Simulation update: decoder round 61803, completed instructions: 1493/12893, actively running or decoding instructions: 8, waiting windows: 10354/21677. Max active instruction index: 1664
2024-11-14 11:45:04 | Simulation update: decoder round 63583, completed instructions: 1557/12893, actively running or decoding instructions: 6, waiting windows: 10660/22321. Max active instruction index: 1694
2024-11-14 11:45:14 | Simulation update: decoder round 65310, completed instructions: 1622/12893, actively running or decoding instructions: 5, waiting windows: 10940/22940. Max active instruction index: 1733
2024-11-14 11:45:24 | Simulation update: decoder round 67057, completed instructions: 1683/12893, actively running or decoding instructions: 4, waiting windows: 11259/23600. Max active instruction index: 1771
2024-11-14 11:45:34 | Simulation update: decoder round 68829, completed instructions: 1745/12893, actively running or decoding instructions: 4, waiting windows: 11580/24288. Max active instruction index: 1806
2024-11-14 11:45:44 | Simulation update: decoder round 70641, completed instructions: 1805/12893, actively running or decoding instructions: 5, waiting windows: 11887/24955. Max active instruction index: 1843
2024-11-14 11:45:54 | Simulation update: decoder round 72494, completed instructions: 1862/12893, actively running or decoding instructions: 4, waiting windows: 12187/25611. Max active instruction index: 1875
2024-11-14 11:46:04 | Simulation update: decoder round 73775, completed instructions: 1952/12893, actively running or decoding instructions: 12, waiting windows: 12411/26084. Max active instruction index: 1946
2024-11-14 11:46:14 | Simulation update: decoder round 74426, completed instructions: 1996/12893, actively running or decoding instructions: 6, waiting windows: 12533/26348. Max active instruction index: 1990
2024-11-14 11:46:24 | Simulation update: decoder round 75080, completed instructions: 2038/12893, actively running or decoding instructions: 8, waiting windows: 12637/26593. Max active instruction index: 2042
2024-11-14 11:46:34 | Simulation update: decoder round 75737, completed instructions: 2077/12893, actively running or decoding instructions: 8, waiting windows: 12741/26833. Max active instruction index: 2087
2024-11-14 11:46:44 | Simulation update: decoder round 76378, completed instructions: 2115/12893, actively running or decoding instructions: 6, waiting windows: 12856/27088. Max active instruction index: 2110
2024-11-14 11:46:54 | Simulation update: decoder round 77035, completed instructions: 2157/12893, actively running or decoding instructions: 8, waiting windows: 12966/27350. Max active instruction index: 2162
2024-11-14 11:47:04 | Simulation update: decoder round 77703, completed instructions: 2194/12893, actively running or decoding instructions: 7, waiting windows: 13084/27605. Max active instruction index: 2207
2024-11-14 11:47:14 | Simulation update: decoder round 78383, completed instructions: 2238/12893, actively running or decoding instructions: 8, waiting windows: 13197/27873. Max active instruction index: 2254
2024-11-14 11:47:24 | Simulation update: decoder round 79094, completed instructions: 2280/12893, actively running or decoding instructions: 9, waiting windows: 13302/28123. Max active instruction index: 2301
2024-11-14 11:47:34 | Simulation update: decoder round 79827, completed instructions: 2332/12893, actively running or decoding instructions: 7, waiting windows: 13426/28406. Max active instruction index: 2347
2024-11-14 11:47:44 | Simulation update: decoder round 80563, completed instructions: 2372/12893, actively running or decoding instructions: 7, waiting windows: 13566/28706. Max active instruction index: 2390
2024-11-14 11:47:54 | Simulation update: decoder round 81291, completed instructions: 2422/12893, actively running or decoding instructions: 9, waiting windows: 13684/28986. Max active instruction index: 2437
2024-11-14 11:48:04 | Simulation update: decoder round 82020, completed instructions: 2467/12893, actively running or decoding instructions: 6, waiting windows: 13820/29282. Max active instruction index: 2482
2024-11-14 11:48:14 | Simulation update: decoder round 82754, completed instructions: 2509/12893, actively running or decoding instructions: 6, waiting windows: 13954/29578. Max active instruction index: 2524
2024-11-14 11:48:24 | Simulation update: decoder round 83485, completed instructions: 2553/12893, actively running or decoding instructions: 6, waiting windows: 14079/29863. Max active instruction index: 2569
2024-11-14 11:48:34 | Simulation update: decoder round 84211, completed instructions: 2590/12893, actively running or decoding instructions: 8, waiting windows: 14191/30135. Max active instruction index: 2622
2024-11-14 11:48:44 | Simulation update: decoder round 84942, completed instructions: 2639/12893, actively running or decoding instructions: 7, waiting windows: 14315/30419. Max active instruction index: 2670
2024-11-14 11:48:54 | Simulation update: decoder round 85677, completed instructions: 2694/12893, actively running or decoding instructions: 8, waiting windows: 14439/30708. Max active instruction index: 2718
2024-11-14 11:49:04 | Simulation update: decoder round 86400, completed instructions: 2740/12893, actively running or decoding instructions: 7, waiting windows: 14576/31004. Max active instruction index: 2752
2024-11-14 11:49:14 | Simulation update: decoder round 87175, completed instructions: 2785/12893, actively running or decoding instructions: 7, waiting windows: 14697/31299. Max active instruction index: 2791
2024-11-14 11:49:24 | Simulation update: decoder round 87947, completed instructions: 2838/12893, actively running or decoding instructions: 7, waiting windows: 14830/31602. Max active instruction index: 2841
2024-11-14 11:49:34 | Simulation update: decoder round 88725, completed instructions: 2881/12893, actively running or decoding instructions: 5, waiting windows: 14971/31914. Max active instruction index: 2886
2024-11-14 11:49:44 | Simulation update: decoder round 89498, completed instructions: 2932/12893, actively running or decoding instructions: 6, waiting windows: 15098/32214. Max active instruction index: 2968
2024-11-14 11:49:54 | Simulation update: decoder round 90283, completed instructions: 2977/12893, actively running or decoding instructions: 4, waiting windows: 15238/32529. Max active instruction index: 2990
2024-11-14 11:50:04 | Simulation update: decoder round 91069, completed instructions: 3027/12893, actively running or decoding instructions: 7, waiting windows: 15367/32835. Max active instruction index: 3075
2024-11-14 11:50:14 | Simulation update: decoder round 91862, completed instructions: 3072/12893, actively running or decoding instructions: 7, waiting windows: 15505/33140. Max active instruction index: 3099
2024-11-14 11:50:24 | Simulation update: decoder round 92661, completed instructions: 3120/12893, actively running or decoding instructions: 8, waiting windows: 15630/33449. Max active instruction index: 3151
2024-11-14 11:50:34 | Simulation update: decoder round 93466, completed instructions: 3176/12893, actively running or decoding instructions: 10, waiting windows: 15772/33761. Max active instruction index: 3189
2024-11-14 11:50:44 | Simulation update: decoder round 94275, completed instructions: 3223/12893, actively running or decoding instructions: 8, waiting windows: 15909/34071. Max active instruction index: 3256
2024-11-14 11:50:54 | Simulation update: decoder round 95090, completed instructions: 3268/12893, actively running or decoding instructions: 6, waiting windows: 16053/34401. Max active instruction index: 3302
2024-11-14 11:51:04 | Simulation update: decoder round 95909, completed instructions: 3327/12893, actively running or decoding instructions: 7, waiting windows: 16193/34722. Max active instruction index: 3347
2024-11-14 11:51:14 | Simulation update: decoder round 96735, completed instructions: 3379/12893, actively running or decoding instructions: 8, waiting windows: 16332/35038. Max active instruction index: 3392
2024-11-14 11:51:24 | Simulation update: decoder round 97565, completed instructions: 3422/12893, actively running or decoding instructions: 6, waiting windows: 16465/35351. Max active instruction index: 3436
2024-11-14 11:51:34 | Simulation update: decoder round 98402, completed instructions: 3478/12893, actively running or decoding instructions: 5, waiting windows: 16612/35677. Max active instruction index: 3482
2024-11-14 11:51:44 | Simulation update: decoder round 99244, completed instructions: 3537/12893, actively running or decoding instructions: 7, waiting windows: 16774/36026. Max active instruction index: 3551
2024-11-14 11:51:54 | Simulation update: decoder round 100096, completed instructions: 3584/12893, actively running or decoding instructions: 6, waiting windows: 16914/36351. Max active instruction index: 3599
2024-11-14 11:52:04 | Simulation update: decoder round 100948, completed instructions: 3643/12893, actively running or decoding instructions: 8, waiting windows: 17068/36699. Max active instruction index: 3665
2024-11-14 11:52:14 | Simulation update: decoder round 101807, completed instructions: 3695/12893, actively running or decoding instructions: 7, waiting windows: 17212/37044. Max active instruction index: 3715
2024-11-14 11:52:24 | Simulation update: decoder round 102675, completed instructions: 3744/12893, actively running or decoding instructions: 8, waiting windows: 17362/37381. Max active instruction index: 3799
2024-11-14 11:52:34 | Simulation update: decoder round 103550, completed instructions: 3801/12893, actively running or decoding instructions: 5, waiting windows: 17516/37731. Max active instruction index: 3821
2024-11-14 11:52:44 | Simulation update: decoder round 104431, completed instructions: 3855/12893, actively running or decoding instructions: 7, waiting windows: 17665/38075. Max active instruction index: 3869
2024-11-14 11:52:54 | Simulation update: decoder round 105318, completed instructions: 3907/12893, actively running or decoding instructions: 7, waiting windows: 17826/38433. Max active instruction index: 3938
2024-11-14 11:53:04 | Simulation update: decoder round 106192, completed instructions: 3962/12893, actively running or decoding instructions: 7, waiting windows: 17969/38765. Max active instruction index: 3975
2024-11-14 11:53:14 | Simulation update: decoder round 107099, completed instructions: 4019/12893, actively running or decoding instructions: 11, waiting windows: 18105/39082. Max active instruction index: 4035
2024-11-14 11:53:24 | Simulation update: decoder round 108012, completed instructions: 4065/12893, actively running or decoding instructions: 7, waiting windows: 18258/39425. Max active instruction index: 4080
2024-11-14 11:53:34 | Simulation update: decoder round 108934, completed instructions: 4123/12893, actively running or decoding instructions: 9, waiting windows: 18422/39787. Max active instruction index: 4141
2024-11-14 11:53:44 | Simulation update: decoder round 109875, completed instructions: 4179/12893, actively running or decoding instructions: 6, waiting windows: 18541/40094. Max active instruction index: 4179
2024-11-14 11:53:54 | Simulation update: decoder round 110817, completed instructions: 4215/12893, actively running or decoding instructions: 4, waiting windows: 18690/40423. Max active instruction index: 4226
2024-11-14 11:54:04 | Simulation update: decoder round 111766, completed instructions: 4254/12893, actively running or decoding instructions: 4, waiting windows: 18836/40743. Max active instruction index: 4256
2024-11-14 11:54:14 | Simulation update: decoder round 112720, completed instructions: 4290/12893, actively running or decoding instructions: 5, waiting windows: 18989/41072. Max active instruction index: 4300
2024-11-14 11:54:24 | Simulation update: decoder round 113681, completed instructions: 4326/12893, actively running or decoding instructions: 5, waiting windows: 19130/41398. Max active instruction index: 4328
2024-11-14 11:54:34 | Simulation update: decoder round 114650, completed instructions: 4364/12893, actively running or decoding instructions: 6, waiting windows: 19274/41707. Max active instruction index: 4364
2024-11-14 11:54:44 | Simulation update: decoder round 115623, completed instructions: 4407/12893, actively running or decoding instructions: 5, waiting windows: 19418/42027. Max active instruction index: 4410
2024-11-14 11:54:54 | Simulation update: decoder round 116603, completed instructions: 4453/12893, actively running or decoding instructions: 7, waiting windows: 19561/42343. Max active instruction index: 4470
2024-11-14 11:55:04 | Simulation update: decoder round 117590, completed instructions: 4494/12893, actively running or decoding instructions: 6, waiting windows: 19715/42676. Max active instruction index: 4486
2024-11-14 11:55:14 | Simulation update: decoder round 118585, completed instructions: 4530/12893, actively running or decoding instructions: 6, waiting windows: 19849/43001. Max active instruction index: 4532
2024-11-14 11:55:24 | Simulation update: decoder round 119582, completed instructions: 4568/12893, actively running or decoding instructions: 4, waiting windows: 20008/43335. Max active instruction index: 4569
2024-11-14 11:55:34 | Simulation update: decoder round 120593, completed instructions: 4599/12893, actively running or decoding instructions: 3, waiting windows: 20133/43630. Max active instruction index: 4587
2024-11-14 11:55:44 | Simulation update: decoder round 121618, completed instructions: 4663/12893, actively running or decoding instructions: 6, waiting windows: 20252/43900. Max active instruction index: 4653
2024-11-14 11:55:54 | Simulation update: decoder round 122650, completed instructions: 4702/12893, actively running or decoding instructions: 6, waiting windows: 20372/44169. Max active instruction index: 4709
2024-11-14 11:56:04 | Simulation update: decoder round 123685, completed instructions: 4748/12893, actively running or decoding instructions: 5, waiting windows: 20496/44442. Max active instruction index: 4748
2024-11-14 11:56:14 | Simulation update: decoder round 124728, completed instructions: 4795/12893, actively running or decoding instructions: 6, waiting windows: 20616/44709. Max active instruction index: 4797
2024-11-14 11:56:24 | Simulation update: decoder round 125787, completed instructions: 4828/12893, actively running or decoding instructions: 4, waiting windows: 20733/44969. Max active instruction index: 4824
2024-11-14 11:56:34 | Simulation update: decoder round 126849, completed instructions: 4881/12893, actively running or decoding instructions: 6, waiting windows: 20854/45232. Max active instruction index: 4874
2024-11-14 11:56:44 | Simulation update: decoder round 127916, completed instructions: 4926/12893, actively running or decoding instructions: 8, waiting windows: 20963/45485. Max active instruction index: 4926
2024-11-14 11:56:54 | Simulation update: decoder round 128990, completed instructions: 4961/12893, actively running or decoding instructions: 4, waiting windows: 21093/45754. Max active instruction index: 4957
2024-11-14 11:57:04 | Simulation update: decoder round 130069, completed instructions: 5007/12893, actively running or decoding instructions: 4, waiting windows: 21218/46026. Max active instruction index: 5002
2024-11-14 11:57:14 | Simulation update: decoder round 131142, completed instructions: 5048/12893, actively running or decoding instructions: 3, waiting windows: 21374/46350. Max active instruction index: 5043
2024-11-14 11:57:24 | Simulation update: decoder round 132227, completed instructions: 5090/12893, actively running or decoding instructions: 5, waiting windows: 21496/46648. Max active instruction index: 5096
2024-11-14 11:57:34 | Simulation update: decoder round 133316, completed instructions: 5129/12893, actively running or decoding instructions: 4, waiting windows: 21640/46962. Max active instruction index: 5116
2024-11-14 11:57:44 | Simulation update: decoder round 134421, completed instructions: 5177/12893, actively running or decoding instructions: 7, waiting windows: 21762/47233. Max active instruction index: 5173
2024-11-14 11:57:54 | Simulation update: decoder round 135532, completed instructions: 5236/12893, actively running or decoding instructions: 8, waiting windows: 21898/47530. Max active instruction index: 5233
2024-11-14 11:58:04 | Simulation update: decoder round 136660, completed instructions: 5272/12893, actively running or decoding instructions: 3, waiting windows: 22021/47807. Max active instruction index: 5265
2024-11-14 11:58:14 | Simulation update: decoder round 137798, completed instructions: 5324/12893, actively running or decoding instructions: 5, waiting windows: 22152/48088. Max active instruction index: 5319
2024-11-14 11:58:24 | Simulation update: decoder round 138937, completed instructions: 5364/12893, actively running or decoding instructions: 5, waiting windows: 22290/48394. Max active instruction index: 5356
2024-11-14 11:58:34 | Simulation update: decoder round 140085, completed instructions: 5410/12893, actively running or decoding instructions: 6, waiting windows: 22431/48697. Max active instruction index: 5401
2024-11-14 11:58:44 | Simulation update: decoder round 141244, completed instructions: 5466/12893, actively running or decoding instructions: 4, waiting windows: 22566/49012. Max active instruction index: 5458
2024-11-14 11:58:54 | Simulation update: decoder round 142414, completed instructions: 5519/12893, actively running or decoding instructions: 6, waiting windows: 22696/49313. Max active instruction index: 5512
2024-11-14 11:59:04 | Simulation update: decoder round 143596, completed instructions: 5569/12893, actively running or decoding instructions: 3, waiting windows: 22833/49615. Max active instruction index: 5552
2024-11-14 11:59:14 | Simulation update: decoder round 144789, completed instructions: 5615/12893, actively running or decoding instructions: 6, waiting windows: 22970/49916. Max active instruction index: 5615
2024-11-14 11:59:24 | Simulation update: decoder round 145989, completed instructions: 5669/12893, actively running or decoding instructions: 5, waiting windows: 23110/50230. Max active instruction index: 5668
2024-11-14 11:59:34 | Simulation update: decoder round 147208, completed instructions: 5735/12893, actively running or decoding instructions: 7, waiting windows: 23252/50534. Max active instruction index: 5733
2024-11-14 11:59:44 | Simulation update: decoder round 148436, completed instructions: 5773/12893, actively running or decoding instructions: 4, waiting windows: 23393/50844. Max active instruction index: 5770
2024-11-14 11:59:54 | Simulation update: decoder round 149673, completed instructions: 5819/12893, actively running or decoding instructions: 6, waiting windows: 23528/51148. Max active instruction index: 5827
2024-11-14 12:00:04 | Simulation update: decoder round 150917, completed instructions: 5876/12893, actively running or decoding instructions: 7, waiting windows: 23679/51466. Max active instruction index: 5876
2024-11-14 12:00:14 | Simulation update: decoder round 152176, completed instructions: 5921/12893, actively running or decoding instructions: 4, waiting windows: 23821/51781. Max active instruction index: 5915
2024-11-14 12:00:24 | Simulation update: decoder round 153449, completed instructions: 5974/12893, actively running or decoding instructions: 5, waiting windows: 23966/52099. Max active instruction index: 5967
2024-11-14 12:00:34 | Simulation update: decoder round 154731, completed instructions: 6028/12893, actively running or decoding instructions: 6, waiting windows: 24123/52433. Max active instruction index: 6030
2024-11-14 12:00:44 | Simulation update: decoder round 156021, completed instructions: 6074/12893, actively running or decoding instructions: 6, waiting windows: 24277/52774. Max active instruction index: 6074
2024-11-14 12:00:54 | Simulation update: decoder round 157333, completed instructions: 6141/12893, actively running or decoding instructions: 5, waiting windows: 24426/53094. Max active instruction index: 6132
2024-11-14 12:01:04 | Simulation update: decoder round 158628, completed instructions: 6195/12893, actively running or decoding instructions: 3, waiting windows: 24617/53523. Max active instruction index: 6185
2024-11-14 12:01:14 | Simulation update: decoder round 159942, completed instructions: 6212/12893, actively running or decoding instructions: 2, waiting windows: 24801/53903. Max active instruction index: 6204
2024-11-14 12:01:24 | Simulation update: decoder round 161225, completed instructions: 6234/12893, actively running or decoding instructions: 3, waiting windows: 24979/54275. Max active instruction index: 6226
2024-11-14 12:01:34 | Simulation update: decoder round 162551, completed instructions: 6257/12893, actively running or decoding instructions: 3, waiting windows: 25161/54657. Max active instruction index: 6249
2024-11-14 12:01:44 | Simulation update: decoder round 163885, completed instructions: 6279/12893, actively running or decoding instructions: 4, waiting windows: 25344/55043. Max active instruction index: 6277
