CONFIG 549
benchmark_file: slurm/data/20241114_113627/benchmarks/heisenberg_5.lss
decoder_latency_or_dist_filename: slurm/data/20241114_113627/decoder_dists.json
distance: 21
lightweight_setting: 2
max_parallel_processes: None
missed_speculation_modifier: 1.4
poison_policy: successors
rng: 0
scheduling_method: aligned
speculation_accuracy: 0.9
speculation_latency: 1
speculation_mode: None
2024-11-14 11:38:00 | Loading benchmark slurm/data/20241114_113627/benchmarks/heisenberg_5.lss...
2024-11-14 11:38:31 | Starting simulation
2024-11-14 11:39:18 | Simulation update: decoder round 1, completed instructions: 0/444840, actively running or decoding instructions: 34, waiting windows: 0/0. Max active instruction index: 87
2024-11-14 11:39:28 | Simulation update: decoder round 30, completed instructions: 60/444840, actively running or decoding instructions: 35, waiting windows: 52/52. Max active instruction index: 88
2024-11-14 11:39:39 | Simulation update: decoder round 57, completed instructions: 86/444840, actively running or decoding instructions: 35, waiting windows: 103/103. Max active instruction index: 88
2024-11-14 11:39:49 | Simulation update: decoder round 84, completed instructions: 86/444840, actively running or decoding instructions: 35, waiting windows: 136/136. Max active instruction index: 88
2024-11-14 11:39:59 | Simulation update: decoder round 111, completed instructions: 86/444840, actively running or decoding instructions: 35, waiting windows: 201/202. Max active instruction index: 88
2024-11-14 11:40:09 | Simulation update: decoder round 138, completed instructions: 86/444840, actively running or decoding instructions: 35, waiting windows: 223/235. Max active instruction index: 88
2024-11-14 11:40:20 | Simulation update: decoder round 165, completed instructions: 86/444840, actively running or decoding instructions: 35, waiting windows: 252/268. Max active instruction index: 88
2024-11-14 11:40:30 | Simulation update: decoder round 192, completed instructions: 86/444840, actively running or decoding instructions: 35, waiting windows: 318/334. Max active instruction index: 88
2024-11-14 11:40:40 | Simulation update: decoder round 219, completed instructions: 86/444840, actively running or decoding instructions: 33, waiting windows: 333/367. Max active instruction index: 88
2024-11-14 11:40:50 | Simulation update: decoder round 246, completed instructions: 86/444840, actively running or decoding instructions: 23, waiting windows: 353/400. Max active instruction index: 88
2024-11-14 11:41:00 | Simulation update: decoder round 273, completed instructions: 86/444840, actively running or decoding instructions: 20, waiting windows: 381/433. Max active instruction index: 88
2024-11-14 11:41:11 | Simulation update: decoder round 300, completed instructions: 86/444840, actively running or decoding instructions: 19, waiting windows: 429/499. Max active instruction index: 88
2024-11-14 11:41:21 | Simulation update: decoder round 327, completed instructions: 90/444840, actively running or decoding instructions: 11, waiting windows: 438/532. Max active instruction index: 88
2024-11-14 11:41:31 | Simulation update: decoder round 354, completed instructions: 91/444840, actively running or decoding instructions: 8, waiting windows: 460/565. Max active instruction index: 88
2024-11-14 11:41:41 | Simulation update: decoder round 381, completed instructions: 92/444840, actively running or decoding instructions: 7, waiting windows: 510/631. Max active instruction index: 88
2024-11-14 11:41:51 | Simulation update: decoder round 408, completed instructions: 96/444840, actively running or decoding instructions: 8, waiting windows: 525/664. Max active instruction index: 96
2024-11-14 11:42:01 | Simulation update: decoder round 435, completed instructions: 101/444840, actively running or decoding instructions: 9, waiting windows: 559/702. Max active instruction index: 102
2024-11-14 11:42:11 | Simulation update: decoder round 462, completed instructions: 102/444840, actively running or decoding instructions: 8, waiting windows: 572/735. Max active instruction index: 96
2024-11-14 11:42:21 | Simulation update: decoder round 489, completed instructions: 102/444840, actively running or decoding instructions: 8, waiting windows: 608/801. Max active instruction index: 96
2024-11-14 11:42:31 | Simulation update: decoder round 516, completed instructions: 102/444840, actively running or decoding instructions: 8, waiting windows: 633/837. Max active instruction index: 96
2024-11-14 11:42:42 | Simulation update: decoder round 543, completed instructions: 102/444840, actively running or decoding instructions: 8, waiting windows: 643/871. Max active instruction index: 96
2024-11-14 11:42:52 | Simulation update: decoder round 570, completed instructions: 102/444840, actively running or decoding instructions: 8, waiting windows: 677/937. Max active instruction index: 96
2024-11-14 11:43:02 | Simulation update: decoder round 597, completed instructions: 102/444840, actively running or decoding instructions: 7, waiting windows: 701/973. Max active instruction index: 96
2024-11-14 11:43:12 | Simulation update: decoder round 624, completed instructions: 102/444840, actively running or decoding instructions: 7, waiting windows: 715/1007. Max active instruction index: 96
2024-11-14 11:43:22 | Simulation update: decoder round 651, completed instructions: 102/444840, actively running or decoding instructions: 7, waiting windows: 721/1041. Max active instruction index: 96
2024-11-14 11:43:32 | Simulation update: decoder round 678, completed instructions: 102/444840, actively running or decoding instructions: 7, waiting windows: 768/1107. Max active instruction index: 96
2024-11-14 11:43:42 | Simulation update: decoder round 705, completed instructions: 102/444840, actively running or decoding instructions: 7, waiting windows: 790/1143. Max active instruction index: 96
2024-11-14 11:43:52 | Simulation update: decoder round 732, completed instructions: 102/444840, actively running or decoding instructions: 7, waiting windows: 790/1177. Max active instruction index: 96
2024-11-14 11:44:02 | Simulation update: decoder round 759, completed instructions: 102/444840, actively running or decoding instructions: 5, waiting windows: 842/1243. Max active instruction index: 96
2024-11-14 11:44:12 | Simulation update: decoder round 786, completed instructions: 102/444840, actively running or decoding instructions: 4, waiting windows: 856/1279. Max active instruction index: 96
2024-11-14 11:44:22 | Simulation update: decoder round 813, completed instructions: 103/444840, actively running or decoding instructions: 5, waiting windows: 854/1315. Max active instruction index: 103
2024-11-14 11:44:33 | Simulation update: decoder round 840, completed instructions: 108/444840, actively running or decoding instructions: 6, waiting windows: 881/1352. Max active instruction index: 110
2024-11-14 11:44:43 | Simulation update: decoder round 867, completed instructions: 109/444840, actively running or decoding instructions: 5, waiting windows: 931/1417. Max active instruction index: 103
2024-11-14 11:44:53 | Simulation update: decoder round 894, completed instructions: 109/444840, actively running or decoding instructions: 5, waiting windows: 933/1451. Max active instruction index: 103
2024-11-14 11:45:03 | Simulation update: decoder round 921, completed instructions: 109/444840, actively running or decoding instructions: 3, waiting windows: 951/1487. Max active instruction index: 103
2024-11-14 11:45:13 | Simulation update: decoder round 948, completed instructions: 109/444840, actively running or decoding instructions: 3, waiting windows: 1010/1553. Max active instruction index: 103
2024-11-14 11:45:23 | Simulation update: decoder round 975, completed instructions: 109/444840, actively running or decoding instructions: 3, waiting windows: 1010/1587. Max active instruction index: 103
2024-11-14 11:45:33 | Simulation update: decoder round 1002, completed instructions: 109/444840, actively running or decoding instructions: 3, waiting windows: 1016/1623. Max active instruction index: 103
2024-11-14 11:45:43 | Simulation update: decoder round 1029, completed instructions: 109/444840, actively running or decoding instructions: 3, waiting windows: 1040/1657. Max active instruction index: 103
2024-11-14 11:45:54 | Simulation update: decoder round 1056, completed instructions: 109/444840, actively running or decoding instructions: 3, waiting windows: 1078/1723. Max active instruction index: 103
2024-11-14 11:46:04 | Simulation update: decoder round 1083, completed instructions: 109/444840, actively running or decoding instructions: 3, waiting windows: 1085/1757. Max active instruction index: 103
2024-11-14 11:46:14 | Simulation update: decoder round 1110, completed instructions: 109/444840, actively running or decoding instructions: 3, waiting windows: 1108/1793. Max active instruction index: 103
2024-11-14 11:46:24 | Simulation update: decoder round 1137, completed instructions: 109/444840, actively running or decoding instructions: 3, waiting windows: 1148/1859. Max active instruction index: 103
2024-11-14 11:46:34 | Simulation update: decoder round 1164, completed instructions: 109/444840, actively running or decoding instructions: 3, waiting windows: 1153/1893. Max active instruction index: 103
2024-11-14 11:46:44 | Simulation update: decoder round 1191, completed instructions: 109/444840, actively running or decoding instructions: 3, waiting windows: 1173/1929. Max active instruction index: 108
2024-11-14 11:46:54 | Simulation update: decoder round 1218, completed instructions: 116/444840, actively running or decoding instructions: 5, waiting windows: 1187/1968. Max active instruction index: 118
2024-11-14 11:47:05 | Simulation update: decoder round 1245, completed instructions: 117/444840, actively running or decoding instructions: 4, waiting windows: 1226/2033. Max active instruction index: 111
2024-11-14 11:47:15 | Simulation update: decoder round 1272, completed instructions: 117/444840, actively running or decoding instructions: 4, waiting windows: 1248/2067. Max active instruction index: 111
2024-11-14 11:47:25 | Simulation update: decoder round 1299, completed instructions: 117/444840, actively running or decoding instructions: 4, waiting windows: 1255/2101. Max active instruction index: 111
2024-11-14 11:47:35 | Simulation update: decoder round 1326, completed instructions: 117/444840, actively running or decoding instructions: 4, waiting windows: 1293/2169. Max active instruction index: 111
2024-11-14 11:47:45 | Simulation update: decoder round 1353, completed instructions: 117/444840, actively running or decoding instructions: 3, waiting windows: 1316/2203. Max active instruction index: 111
2024-11-14 11:47:55 | Simulation update: decoder round 1380, completed instructions: 117/444840, actively running or decoding instructions: 3, waiting windows: 1326/2237. Max active instruction index: 111
2024-11-14 11:48:05 | Simulation update: decoder round 1407, completed instructions: 117/444840, actively running or decoding instructions: 3, waiting windows: 1331/2273. Max active instruction index: 111
2024-11-14 11:48:15 | Simulation update: decoder round 1434, completed instructions: 117/444840, actively running or decoding instructions: 3, waiting windows: 1383/2339. Max active instruction index: 111
2024-11-14 11:48:25 | Simulation update: decoder round 1461, completed instructions: 117/444840, actively running or decoding instructions: 3, waiting windows: 1401/2373. Max active instruction index: 111
2024-11-14 11:48:35 | Simulation update: decoder round 1488, completed instructions: 117/444840, actively running or decoding instructions: 3, waiting windows: 1392/2407. Max active instruction index: 111
2024-11-14 11:48:45 | Simulation update: decoder round 1515, completed instructions: 117/444840, actively running or decoding instructions: 3, waiting windows: 1449/2475. Max active instruction index: 111
2024-11-14 11:48:56 | Simulation update: decoder round 1542, completed instructions: 117/444840, actively running or decoding instructions: 3, waiting windows: 1469/2509. Max active instruction index: 111
2024-11-14 11:49:06 | Simulation update: decoder round 1569, completed instructions: 117/444840, actively running or decoding instructions: 3, waiting windows: 1469/2543. Max active instruction index: 116
2024-11-14 11:49:16 | Simulation update: decoder round 1596, completed instructions: 124/444840, actively running or decoding instructions: 5, waiting windows: 1487/2582. Max active instruction index: 125
2024-11-14 11:49:26 | Simulation update: decoder round 1623, completed instructions: 125/444840, actively running or decoding instructions: 4, waiting windows: 1542/2647. Max active instruction index: 119
2024-11-14 11:49:36 | Simulation update: decoder round 1650, completed instructions: 125/444840, actively running or decoding instructions: 4, waiting windows: 1539/2681. Max active instruction index: 119
2024-11-14 11:49:46 | Simulation update: decoder round 1677, completed instructions: 125/444840, actively running or decoding instructions: 3, waiting windows: 1554/2715. Max active instruction index: 119
2024-11-14 11:49:56 | Simulation update: decoder round 1704, completed instructions: 125/444840, actively running or decoding instructions: 3, waiting windows: 1615/2783. Max active instruction index: 119
2024-11-14 11:50:06 | Simulation update: decoder round 1731, completed instructions: 125/444840, actively running or decoding instructions: 3, waiting windows: 1616/2817. Max active instruction index: 119
2024-11-14 11:50:16 | Simulation update: decoder round 1758, completed instructions: 125/444840, actively running or decoding instructions: 3, waiting windows: 1626/2851. Max active instruction index: 119
2024-11-14 11:50:27 | Simulation update: decoder round 1785, completed instructions: 125/444840, actively running or decoding instructions: 3, waiting windows: 1645/2887. Max active instruction index: 119
2024-11-14 11:50:37 | Simulation update: decoder round 1812, completed instructions: 125/444840, actively running or decoding instructions: 3, waiting windows: 1681/2953. Max active instruction index: 119
2024-11-14 11:50:47 | Simulation update: decoder round 1839, completed instructions: 125/444840, actively running or decoding instructions: 3, waiting windows: 1691/2987. Max active instruction index: 119
2024-11-14 11:50:57 | Simulation update: decoder round 1866, completed instructions: 125/444840, actively running or decoding instructions: 3, waiting windows: 1711/3021. Max active instruction index: 119
2024-11-14 11:51:07 | Simulation update: decoder round 1893, completed instructions: 125/444840, actively running or decoding instructions: 3, waiting windows: 1746/3089. Max active instruction index: 119
2024-11-14 11:51:17 | Simulation update: decoder round 1920, completed instructions: 125/444840, actively running or decoding instructions: 3, waiting windows: 1756/3123. Max active instruction index: 124
2024-11-14 11:51:27 | Simulation update: decoder round 1947, completed instructions: 131/444840, actively running or decoding instructions: 4, waiting windows: 1781/3157. Max active instruction index: 126
2024-11-14 11:51:37 | Simulation update: decoder round 1974, completed instructions: 132/444840, actively running or decoding instructions: 4, waiting windows: 1795/3195. Max active instruction index: 126
2024-11-14 11:51:48 | Simulation update: decoder round 2001, completed instructions: 132/444840, actively running or decoding instructions: 4, waiting windows: 1839/3261. Max active instruction index: 126
2024-11-14 11:51:58 | Simulation update: decoder round 2028, completed instructions: 132/444840, actively running or decoding instructions: 3, waiting windows: 1858/3295. Max active instruction index: 126
2024-11-14 11:52:08 | Simulation update: decoder round 2055, completed instructions: 132/444840, actively running or decoding instructions: 3, waiting windows: 1868/3331. Max active instruction index: 126
2024-11-14 11:52:18 | Simulation update: decoder round 2082, completed instructions: 132/444840, actively running or decoding instructions: 3, waiting windows: 1905/3397. Max active instruction index: 126
2024-11-14 11:52:28 | Simulation update: decoder round 2109, completed instructions: 132/444840, actively running or decoding instructions: 3, waiting windows: 1924/3431. Max active instruction index: 126
2024-11-14 11:52:38 | Simulation update: decoder round 2136, completed instructions: 132/444840, actively running or decoding instructions: 2, waiting windows: 1930/3465. Max active instruction index: 126
2024-11-14 11:52:48 | Simulation update: decoder round 2163, completed instructions: 132/444840, actively running or decoding instructions: 2, waiting windows: 1937/3501. Max active instruction index: 126
2024-11-14 11:52:58 | Simulation update: decoder round 2190, completed instructions: 132/444840, actively running or decoding instructions: 2, waiting windows: 1988/3567. Max active instruction index: 126
2024-11-14 11:53:08 | Simulation update: decoder round 2217, completed instructions: 132/444840, actively running or decoding instructions: 2, waiting windows: 2006/3601. Max active instruction index: 126
2024-11-14 11:53:18 | Simulation update: decoder round 2244, completed instructions: 132/444840, actively running or decoding instructions: 2, waiting windows: 2010/3637. Max active instruction index: 126
2024-11-14 11:53:28 | Simulation update: decoder round 2271, completed instructions: 138/444840, actively running or decoding instructions: 3, waiting windows: 2061/3708. Max active instruction index: 139
2024-11-14 11:53:39 | Simulation update: decoder round 2298, completed instructions: 139/444840, actively running or decoding instructions: 2, waiting windows: 2073/3741. Max active instruction index: 133
2024-11-14 11:53:49 | Simulation update: decoder round 2325, completed instructions: 139/444840, actively running or decoding instructions: 2, waiting windows: 2079/3775. Max active instruction index: 133
2024-11-14 11:53:59 | Simulation update: decoder round 2352, completed instructions: 139/444840, actively running or decoding instructions: 2, waiting windows: 2094/3811. Max active instruction index: 133
2024-11-14 11:54:09 | Simulation update: decoder round 2379, completed instructions: 139/444840, actively running or decoding instructions: 2, waiting windows: 2149/3877. Max active instruction index: 133
2024-11-14 11:54:19 | Simulation update: decoder round 2406, completed instructions: 139/444840, actively running or decoding instructions: 2, waiting windows: 2151/3911. Max active instruction index: 133
2024-11-14 11:54:29 | Simulation update: decoder round 2433, completed instructions: 139/444840, actively running or decoding instructions: 2, waiting windows: 2160/3945. Max active instruction index: 133
2024-11-14 11:54:40 | Simulation update: decoder round 2460, completed instructions: 139/444840, actively running or decoding instructions: 2, waiting windows: 2217/4013. Max active instruction index: 133
2024-11-14 11:54:50 | Simulation update: decoder round 2487, completed instructions: 139/444840, actively running or decoding instructions: 2, waiting windows: 2224/4047. Max active instruction index: 133
2024-11-14 11:55:00 | Simulation update: decoder round 2514, completed instructions: 139/444840, actively running or decoding instructions: 2, waiting windows: 2236/4081. Max active instruction index: 133
2024-11-14 11:55:10 | Simulation update: decoder round 2541, completed instructions: 139/444840, actively running or decoding instructions: 2, waiting windows: 2253/4117. Max active instruction index: 133
2024-11-14 11:55:20 | Simulation update: decoder round 2568, completed instructions: 139/444840, actively running or decoding instructions: 2, waiting windows: 2292/4183. Max active instruction index: 133
2024-11-14 11:55:30 | Simulation update: decoder round 2595, completed instructions: 139/444840, actively running or decoding instructions: 2, waiting windows: 2298/4217. Max active instruction index: 133
2024-11-14 11:55:41 | Simulation update: decoder round 2622, completed instructions: 140/444840, actively running or decoding instructions: 3, waiting windows: 2323/4253. Max active instruction index: 140
2024-11-14 11:55:51 | Simulation update: decoder round 2649, completed instructions: 145/444840, actively running or decoding instructions: 4, waiting windows: 2361/4322. Max active instruction index: 146
2024-11-14 11:56:01 | Simulation update: decoder round 2676, completed instructions: 146/444840, actively running or decoding instructions: 3, waiting windows: 2371/4355. Max active instruction index: 140
2024-11-14 11:56:11 | Simulation update: decoder round 2703, completed instructions: 146/444840, actively running or decoding instructions: 3, waiting windows: 2396/4391. Max active instruction index: 140
2024-11-14 11:56:21 | Simulation update: decoder round 2730, completed instructions: 146/444840, actively running or decoding instructions: 3, waiting windows: 2407/4425. Max active instruction index: 140
2024-11-14 11:56:31 | Simulation update: decoder round 2757, completed instructions: 146/444840, actively running or decoding instructions: 3, waiting windows: 2442/4491. Max active instruction index: 140
2024-11-14 11:56:41 | Simulation update: decoder round 2784, completed instructions: 146/444840, actively running or decoding instructions: 3, waiting windows: 2463/4527. Max active instruction index: 140
2024-11-14 11:56:51 | Simulation update: decoder round 2811, completed instructions: 146/444840, actively running or decoding instructions: 3, waiting windows: 2471/4561. Max active instruction index: 140
2024-11-14 11:57:01 | Simulation update: decoder round 2838, completed instructions: 146/444840, actively running or decoding instructions: 3, waiting windows: 2508/4627. Max active instruction index: 140
2024-11-14 11:57:12 | Simulation update: decoder round 2865, completed instructions: 146/444840, actively running or decoding instructions: 3, waiting windows: 2529/4661. Max active instruction index: 140
2024-11-14 11:57:22 | Simulation update: decoder round 2892, completed instructions: 146/444840, actively running or decoding instructions: 3, waiting windows: 2546/4697. Max active instruction index: 140
2024-11-14 11:57:32 | Simulation update: decoder round 2919, completed instructions: 146/444840, actively running or decoding instructions: 3, waiting windows: 2547/4731. Max active instruction index: 140
2024-11-14 11:57:42 | Simulation update: decoder round 2946, completed instructions: 146/444840, actively running or decoding instructions: 3, waiting windows: 2598/4797. Max active instruction index: 140
2024-11-14 11:57:52 | Simulation update: decoder round 2973, completed instructions: 146/444840, actively running or decoding instructions: 3, waiting windows: 2618/4833. Max active instruction index: 140
2024-11-14 11:58:02 | Simulation update: decoder round 3000, completed instructions: 147/444840, actively running or decoding instructions: 4, waiting windows: 2620/4869. Max active instruction index: 147
2024-11-14 11:58:12 | Simulation update: decoder round 3027, completed instructions: 152/444840, actively running or decoding instructions: 5, waiting windows: 2672/4938. Max active instruction index: 154
2024-11-14 11:58:22 | Simulation update: decoder round 3054, completed instructions: 153/444840, actively running or decoding instructions: 4, waiting windows: 2691/4971. Max active instruction index: 147
2024-11-14 11:58:33 | Simulation update: decoder round 3081, completed instructions: 153/444840, actively running or decoding instructions: 4, waiting windows: 2699/5007. Max active instruction index: 147
2024-11-14 11:58:43 | Simulation update: decoder round 3108, completed instructions: 153/444840, actively running or decoding instructions: 3, waiting windows: 2712/5041. Max active instruction index: 147
2024-11-14 11:58:53 | Simulation update: decoder round 3135, completed instructions: 153/444840, actively running or decoding instructions: 3, waiting windows: 2764/5107. Max active instruction index: 147
2024-11-14 11:59:03 | Simulation update: decoder round 3162, completed instructions: 153/444840, actively running or decoding instructions: 3, waiting windows: 2763/5141. Max active instruction index: 147
2024-11-14 11:59:13 | Simulation update: decoder round 3189, completed instructions: 153/444840, actively running or decoding instructions: 3, waiting windows: 2777/5177. Max active instruction index: 147
2024-11-14 11:59:23 | Simulation update: decoder round 3216, completed instructions: 153/444840, actively running or decoding instructions: 3, waiting windows: 2829/5243. Max active instruction index: 147
2024-11-14 11:59:34 | Simulation update: decoder round 3243, completed instructions: 153/444840, actively running or decoding instructions: 3, waiting windows: 2828/5277. Max active instruction index: 147
2024-11-14 11:59:44 | Simulation update: decoder round 3270, completed instructions: 153/444840, actively running or decoding instructions: 3, waiting windows: 2842/5313. Max active instruction index: 147
2024-11-14 11:59:54 | Simulation update: decoder round 3297, completed instructions: 153/444840, actively running or decoding instructions: 3, waiting windows: 2866/5347. Max active instruction index: 147
2024-11-14 12:00:04 | Simulation update: decoder round 3324, completed instructions: 153/444840, actively running or decoding instructions: 3, waiting windows: 2904/5413. Max active instruction index: 147
2024-11-14 12:00:14 | Simulation update: decoder round 3351, completed instructions: 153/444840, actively running or decoding instructions: 3, waiting windows: 2909/5447. Max active instruction index: 147
2024-11-14 12:00:24 | Simulation update: decoder round 3378, completed instructions: 155/444840, actively running or decoding instructions: 3, waiting windows: 2930/5483. Max active instruction index: 155
2024-11-14 12:00:34 | Simulation update: decoder round 3405, completed instructions: 160/444840, actively running or decoding instructions: 4, waiting windows: 2974/5552. Max active instruction index: 161
2024-11-14 12:00:45 | Simulation update: decoder round 3432, completed instructions: 161/444840, actively running or decoding instructions: 3, waiting windows: 2980/5587. Max active instruction index: 155
2024-11-14 12:00:55 | Simulation update: decoder round 3459, completed instructions: 161/444840, actively running or decoding instructions: 3, waiting windows: 3005/5621. Max active instruction index: 155
2024-11-14 12:01:05 | Simulation update: decoder round 3486, completed instructions: 161/444840, actively running or decoding instructions: 3, waiting windows: 3013/5655. Max active instruction index: 155
2024-11-14 12:01:15 | Simulation update: decoder round 3513, completed instructions: 161/444840, actively running or decoding instructions: 3, waiting windows: 3056/5723. Max active instruction index: 155
2024-11-14 12:01:25 | Simulation update: decoder round 3540, completed instructions: 161/444840, actively running or decoding instructions: 3, waiting windows: 3075/5757. Max active instruction index: 155
2024-11-14 12:01:35 | Simulation update: decoder round 3567, completed instructions: 161/444840, actively running or decoding instructions: 3, waiting windows: 3089/5791. Max active instruction index: 155
2024-11-14 12:01:45 | Simulation update: decoder round 3594, completed instructions: 161/444840, actively running or decoding instructions: 3, waiting windows: 3114/5857. Max active instruction index: 155
2024-11-14 12:01:55 | Simulation update: decoder round 3621, completed instructions: 161/444840, actively running or decoding instructions: 2, waiting windows: 3137/5893. Max active instruction index: 155
2024-11-14 12:02:05 | Simulation update: decoder round 3648, completed instructions: 161/444840, actively running or decoding instructions: 2, waiting windows: 3157/5927. Max active instruction index: 155
2024-11-14 12:02:15 | Simulation update: decoder round 3675, completed instructions: 161/444840, actively running or decoding instructions: 2, waiting windows: 3160/5961. Max active instruction index: 155
2024-11-14 12:02:26 | Simulation update: decoder round 3702, completed instructions: 161/444840, actively running or decoding instructions: 2, waiting windows: 3212/6029. Max active instruction index: 155
2024-11-14 12:02:36 | Simulation update: decoder round 3729, completed instructions: 161/444840, actively running or decoding instructions: 2, waiting windows: 3224/6063. Max active instruction index: 155
2024-11-14 12:02:46 | Simulation update: decoder round 3756, completed instructions: 167/444840, actively running or decoding instructions: 3, waiting windows: 3232/6102. Max active instruction index: 168
2024-11-14 12:02:56 | Simulation update: decoder round 3783, completed instructions: 168/444840, actively running or decoding instructions: 2, waiting windows: 3278/6167. Max active instruction index: 162
2024-11-14 12:03:06 | Simulation update: decoder round 3810, completed instructions: 168/444840, actively running or decoding instructions: 2, waiting windows: 3299/6201. Max active instruction index: 162
2024-11-14 12:03:16 | Simulation update: decoder round 3837, completed instructions: 168/444840, actively running or decoding instructions: 2, waiting windows: 3302/6237. Max active instruction index: 162
2024-11-14 12:03:26 | Simulation update: decoder round 3864, completed instructions: 168/444840, actively running or decoding instructions: 2, waiting windows: 3318/6271. Max active instruction index: 162
2024-11-14 12:03:37 | Simulation update: decoder round 3891, completed instructions: 168/444840, actively running or decoding instructions: 2, waiting windows: 3371/6337. Max active instruction index: 162
2024-11-14 12:03:47 | Simulation update: decoder round 3918, completed instructions: 168/444840, actively running or decoding instructions: 2, waiting windows: 3364/6371. Max active instruction index: 162
2024-11-14 12:03:57 | Simulation update: decoder round 3945, completed instructions: 168/444840, actively running or decoding instructions: 2, waiting windows: 3380/6407. Max active instruction index: 162
2024-11-14 12:04:07 | Simulation update: decoder round 3972, completed instructions: 168/444840, actively running or decoding instructions: 2, waiting windows: 3433/6473. Max active instruction index: 162
2024-11-14 12:04:17 | Simulation update: decoder round 3999, completed instructions: 168/444840, actively running or decoding instructions: 2, waiting windows: 3437/6507. Max active instruction index: 162
2024-11-14 12:04:27 | Simulation update: decoder round 4026, completed instructions: 168/444840, actively running or decoding instructions: 2, waiting windows: 3452/6543. Max active instruction index: 162
2024-11-14 12:04:38 | Simulation update: decoder round 4053, completed instructions: 168/444840, actively running or decoding instructions: 2, waiting windows: 3472/6577. Max active instruction index: 162
2024-11-14 12:04:48 | Simulation update: decoder round 4080, completed instructions: 169/444840, actively running or decoding instructions: 1, waiting windows: 3507/6643. Max active instruction index: -1
2024-11-14 12:04:58 | Simulation update: decoder round 4107, completed instructions: 174/444840, actively running or decoding instructions: 3, waiting windows: 3517/6682. Max active instruction index: 175
2024-11-14 12:05:08 | Simulation update: decoder round 4134, completed instructions: 175/444840, actively running or decoding instructions: 2, waiting windows: 3542/6715. Max active instruction index: 169
2024-11-14 12:05:18 | Simulation update: decoder round 4161, completed instructions: 175/444840, actively running or decoding instructions: 2, waiting windows: 3577/6781. Max active instruction index: 169
2024-11-14 12:05:28 | Simulation update: decoder round 4188, completed instructions: 175/444840, actively running or decoding instructions: 2, waiting windows: 3585/6817. Max active instruction index: 169
2024-11-14 12:05:38 | Simulation update: decoder round 4215, completed instructions: 175/444840, actively running or decoding instructions: 2, waiting windows: 3613/6851. Max active instruction index: 169
2024-11-14 12:05:48 | Simulation update: decoder round 4242, completed instructions: 175/444840, actively running or decoding instructions: 2, waiting windows: 3616/6885. Max active instruction index: 169
2024-11-14 12:05:58 | Simulation update: decoder round 4269, completed instructions: 175/444840, actively running or decoding instructions: 2, waiting windows: 3658/6951. Max active instruction index: 169
2024-11-14 12:06:08 | Simulation update: decoder round 4296, completed instructions: 175/444840, actively running or decoding instructions: 2, waiting windows: 3680/6987. Max active instruction index: 169
2024-11-14 12:06:18 | Simulation update: decoder round 4323, completed instructions: 175/444840, actively running or decoding instructions: 2, waiting windows: 3683/7021. Max active instruction index: 169
2024-11-14 12:06:28 | Simulation update: decoder round 4350, completed instructions: 175/444840, actively running or decoding instructions: 2, waiting windows: 3720/7087. Max active instruction index: 169
2024-11-14 12:06:38 | Simulation update: decoder round 4377, completed instructions: 175/444840, actively running or decoding instructions: 2, waiting windows: 3746/7123. Max active instruction index: 169
2024-11-14 12:06:48 | Simulation update: decoder round 4404, completed instructions: 176/444840, actively running or decoding instructions: 3, waiting windows: 3759/7159. Max active instruction index: 176
2024-11-14 12:06:58 | Simulation update: decoder round 4431, completed instructions: 181/444840, actively running or decoding instructions: 3, waiting windows: 3764/7196. Max active instruction index: 176
2024-11-14 12:07:09 | Simulation update: decoder round 4458, completed instructions: 181/444840, actively running or decoding instructions: 3, waiting windows: 3816/7261. Max active instruction index: 176
2024-11-14 12:07:19 | Simulation update: decoder round 4485, completed instructions: 181/444840, actively running or decoding instructions: 3, waiting windows: 3832/7295. Max active instruction index: 176
2024-11-14 12:07:29 | Simulation update: decoder round 4512, completed instructions: 181/444840, actively running or decoding instructions: 3, waiting windows: 3829/7328. Max active instruction index: 176
2024-11-14 12:07:39 | Simulation update: decoder round 4539, completed instructions: 181/444840, actively running or decoding instructions: 3, waiting windows: 3881/7393. Max active instruction index: 176
2024-11-14 12:07:49 | Simulation update: decoder round 4566, completed instructions: 181/444840, actively running or decoding instructions: 3, waiting windows: 3903/7427. Max active instruction index: 176
2024-11-14 12:07:59 | Simulation update: decoder round 4593, completed instructions: 181/444840, actively running or decoding instructions: 3, waiting windows: 3894/7460. Max active instruction index: 176
2024-11-14 12:08:09 | Simulation update: decoder round 4620, completed instructions: 181/444840, actively running or decoding instructions: 3, waiting windows: 3911/7493. Max active instruction index: 176
2024-11-14 12:08:19 | Simulation update: decoder round 4647, completed instructions: 181/444840, actively running or decoding instructions: 3, waiting windows: 3965/7558. Max active instruction index: 176
2024-11-14 12:08:29 | Simulation update: decoder round 4674, completed instructions: 181/444840, actively running or decoding instructions: 3, waiting windows: 3969/7592. Max active instruction index: 176
2024-11-14 12:08:39 | Simulation update: decoder round 4701, completed instructions: 181/444840, actively running or decoding instructions: 3, waiting windows: 3977/7625. Max active instruction index: 176
2024-11-14 12:08:50 | Simulation update: decoder round 4728, completed instructions: 181/444840, actively running or decoding instructions: 3, waiting windows: 4034/7690. Max active instruction index: 176
2024-11-14 12:09:00 | Simulation update: decoder round 4755, completed instructions: 182/444840, actively running or decoding instructions: 5, waiting windows: 4031/7724. Max active instruction index: 183
2024-11-14 12:09:10 | Simulation update: decoder round 4782, completed instructions: 189/444840, actively running or decoding instructions: 5, waiting windows: 4039/7757. Max active instruction index: 184
2024-11-14 12:09:20 | Simulation update: decoder round 4809, completed instructions: 190/444840, actively running or decoding instructions: 5, waiting windows: 4064/7795. Max active instruction index: 184
2024-11-14 12:09:30 | Simulation update: decoder round 4836, completed instructions: 190/444840, actively running or decoding instructions: 5, waiting windows: 4101/7861. Max active instruction index: 184
2024-11-14 12:09:40 | Simulation update: decoder round 4863, completed instructions: 190/444840, actively running or decoding instructions: 5, waiting windows: 4113/7895. Max active instruction index: 184
2024-11-14 12:09:50 | Simulation update: decoder round 4890, completed instructions: 190/444840, actively running or decoding instructions: 5, waiting windows: 4138/7931. Max active instruction index: 184
2024-11-14 12:10:00 | Simulation update: decoder round 4917, completed instructions: 190/444840, actively running or decoding instructions: 5, waiting windows: 4178/7997. Max active instruction index: 184
2024-11-14 12:10:10 | Simulation update: decoder round 4944, completed instructions: 190/444840, actively running or decoding instructions: 3, waiting windows: 4183/8031. Max active instruction index: 184
2024-11-14 12:10:20 | Simulation update: decoder round 4971, completed instructions: 190/444840, actively running or decoding instructions: 3, waiting windows: 4202/8065. Max active instruction index: 184
2024-11-14 12:10:30 | Simulation update: decoder round 4998, completed instructions: 190/444840, actively running or decoding instructions: 3, waiting windows: 4212/8101. Max active instruction index: 184
2024-11-14 12:10:41 | Simulation update: decoder round 5025, completed instructions: 190/444840, actively running or decoding instructions: 3, waiting windows: 4254/8167. Max active instruction index: 184
2024-11-14 12:10:51 | Simulation update: decoder round 5052, completed instructions: 190/444840, actively running or decoding instructions: 3, waiting windows: 4277/8201. Max active instruction index: 184
2024-11-14 12:11:01 | Simulation update: decoder round 5079, completed instructions: 190/444840, actively running or decoding instructions: 3, waiting windows: 4288/8237. Max active instruction index: 184
2024-11-14 12:11:11 | Simulation update: decoder round 5106, completed instructions: 190/444840, actively running or decoding instructions: 3, waiting windows: 4318/8303. Max active instruction index: 184
2024-11-14 12:11:21 | Simulation update: decoder round 5133, completed instructions: 190/444840, actively running or decoding instructions: 3, waiting windows: 4345/8337. Max active instruction index: 184
2024-11-14 12:11:31 | Simulation update: decoder round 5160, completed instructions: 192/444840, actively running or decoding instructions: 4, waiting windows: 4358/8373. Max active instruction index: 192
2024-11-14 12:11:41 | Simulation update: decoder round 5187, completed instructions: 197/444840, actively running or decoding instructions: 4, waiting windows: 4364/8410. Max active instruction index: 192
2024-11-14 12:11:51 | Simulation update: decoder round 5214, completed instructions: 197/444840, actively running or decoding instructions: 4, waiting windows: 4417/8476. Max active instruction index: 192
2024-11-14 12:12:01 | Simulation update: decoder round 5241, completed instructions: 197/444840, actively running or decoding instructions: 3, waiting windows: 4433/8509. Max active instruction index: 192
2024-11-14 12:12:11 | Simulation update: decoder round 5268, completed instructions: 197/444840, actively running or decoding instructions: 3, waiting windows: 4426/8542. Max active instruction index: 192
2024-11-14 12:12:21 | Simulation update: decoder round 5295, completed instructions: 197/444840, actively running or decoding instructions: 3, waiting windows: 4481/8608. Max active instruction index: 192
2024-11-14 12:12:32 | Simulation update: decoder round 5322, completed instructions: 197/444840, actively running or decoding instructions: 3, waiting windows: 4497/8641. Max active instruction index: 192
2024-11-14 12:12:42 | Simulation update: decoder round 5349, completed instructions: 197/444840, actively running or decoding instructions: 3, waiting windows: 4496/8674. Max active instruction index: 192
2024-11-14 12:12:52 | Simulation update: decoder round 5376, completed instructions: 197/444840, actively running or decoding instructions: 3, waiting windows: 4513/8707. Max active instruction index: 192
2024-11-14 12:13:02 | Simulation update: decoder round 5403, completed instructions: 197/444840, actively running or decoding instructions: 3, waiting windows: 4569/8773. Max active instruction index: 192
2024-11-14 12:13:12 | Simulation update: decoder round 5430, completed instructions: 197/444840, actively running or decoding instructions: 3, waiting windows: 4564/8806. Max active instruction index: 192
2024-11-14 12:13:22 | Simulation update: decoder round 5457, completed instructions: 197/444840, actively running or decoding instructions: 3, waiting windows: 4576/8839. Max active instruction index: 192
2024-11-14 12:13:32 | Simulation update: decoder round 5484, completed instructions: 197/444840, actively running or decoding instructions: 3, waiting windows: 4633/8905. Max active instruction index: 192
2024-11-14 12:13:42 | Simulation update: decoder round 5511, completed instructions: 197/444840, actively running or decoding instructions: 3, waiting windows: 4639/8938. Max active instruction index: 192
2024-11-14 12:13:52 | Simulation update: decoder round 5538, completed instructions: 197/444840, actively running or decoding instructions: 3, waiting windows: 4647/8971. Max active instruction index: 192
2024-11-14 12:14:02 | Simulation update: decoder round 5565, completed instructions: 198/444840, actively running or decoding instructions: 5, waiting windows: 4668/9004. Max active instruction index: 199
2024-11-14 12:14:13 | Simulation update: decoder round 5592, completed instructions: 205/444840, actively running or decoding instructions: 6, waiting windows: 4713/9075. Max active instruction index: 206
2024-11-14 12:14:23 | Simulation update: decoder round 5619, completed instructions: 206/444840, actively running or decoding instructions: 5, waiting windows: 4716/9108. Max active instruction index: 200
2024-11-14 12:14:33 | Simulation update: decoder round 5646, completed instructions: 206/444840, actively running or decoding instructions: 5, waiting windows: 4742/9142. Max active instruction index: 200
2024-11-14 12:14:43 | Simulation update: decoder round 5673, completed instructions: 206/444840, actively running or decoding instructions: 4, waiting windows: 4783/9208. Max active instruction index: 200
2024-11-14 12:14:53 | Simulation update: decoder round 5700, completed instructions: 206/444840, actively running or decoding instructions: 4, waiting windows: 4788/9244. Max active instruction index: 200
2024-11-14 12:15:03 | Simulation update: decoder round 5727, completed instructions: 206/444840, actively running or decoding instructions: 4, waiting windows: 4808/9278. Max active instruction index: 200
2024-11-14 12:15:13 | Simulation update: decoder round 5754, completed instructions: 206/444840, actively running or decoding instructions: 4, waiting windows: 4818/9312. Max active instruction index: 200
2024-11-14 12:15:23 | Simulation update: decoder round 5781, completed instructions: 206/444840, actively running or decoding instructions: 4, waiting windows: 4852/9380. Max active instruction index: 200
2024-11-14 12:15:33 | Simulation update: decoder round 5808, completed instructions: 206/444840, actively running or decoding instructions: 4, waiting windows: 4877/9414. Max active instruction index: 200
2024-11-14 12:15:43 | Simulation update: decoder round 5835, completed instructions: 206/444840, actively running or decoding instructions: 4, waiting windows: 4880/9448. Max active instruction index: 200
2024-11-14 12:15:53 | Simulation update: decoder round 5862, completed instructions: 206/444840, actively running or decoding instructions: 4, waiting windows: 4923/9514. Max active instruction index: 200
2024-11-14 12:16:03 | Simulation update: decoder round 5889, completed instructions: 207/444840, actively running or decoding instructions: 5, waiting windows: 4946/9550. Max active instruction index: 207
2024-11-14 12:16:13 | Simulation update: decoder round 5916, completed instructions: 212/444840, actively running or decoding instructions: 6, waiting windows: 4962/9587. Max active instruction index: 214
2024-11-14 12:16:23 | Simulation update: decoder round 5943, completed instructions: 213/444840, actively running or decoding instructions: 3, waiting windows: 4961/9620. Max active instruction index: 207
2024-11-14 12:16:34 | Simulation update: decoder round 5970, completed instructions: 213/444840, actively running or decoding instructions: 3, waiting windows: 5018/9688. Max active instruction index: 207
2024-11-14 12:16:44 | Simulation update: decoder round 5997, completed instructions: 213/444840, actively running or decoding instructions: 3, waiting windows: 5034/9722. Max active instruction index: 207
2024-11-14 12:16:54 | Simulation update: decoder round 6024, completed instructions: 213/444840, actively running or decoding instructions: 3, waiting windows: 5037/9756. Max active instruction index: 207
2024-11-14 12:17:04 | Simulation update: decoder round 6051, completed instructions: 213/444840, actively running or decoding instructions: 3, waiting windows: 5091/9824. Max active instruction index: 207
2024-11-14 12:17:14 | Simulation update: decoder round 6078, completed instructions: 213/444840, actively running or decoding instructions: 3, waiting windows: 5107/9858. Max active instruction index: 207
2024-11-14 12:17:24 | Simulation update: decoder round 6105, completed instructions: 213/444840, actively running or decoding instructions: 3, waiting windows: 5101/9892. Max active instruction index: 207
2024-11-14 12:17:34 | Simulation update: decoder round 6132, completed instructions: 213/444840, actively running or decoding instructions: 3, waiting windows: 5118/9926. Max active instruction index: 207
2024-11-14 12:17:44 | Simulation update: decoder round 6159, completed instructions: 213/444840, actively running or decoding instructions: 3, waiting windows: 5176/9994. Max active instruction index: 207
2024-11-14 12:17:54 | Simulation update: decoder round 6186, completed instructions: 213/444840, actively running or decoding instructions: 3, waiting windows: 5170/10028. Max active instruction index: 207
2024-11-14 12:18:05 | Simulation update: decoder round 6213, completed instructions: 213/444840, actively running or decoding instructions: 3, waiting windows: 5188/10062. Max active instruction index: 207
2024-11-14 12:18:15 | Simulation update: decoder round 6240, completed instructions: 213/444840, actively running or decoding instructions: 2, waiting windows: 5244/10130. Max active instruction index: 205
2024-11-14 12:18:25 | Simulation update: decoder round 6267, completed instructions: 215/444840, actively running or decoding instructions: 4, waiting windows: 5241/10164. Max active instruction index: 215
2024-11-14 12:18:35 | Simulation update: decoder round 6294, completed instructions: 221/444840, actively running or decoding instructions: 5, waiting windows: 5257/10201. Max active instruction index: 221
2024-11-14 12:18:45 | Simulation update: decoder round 6321, completed instructions: 221/444840, actively running or decoding instructions: 4, waiting windows: 5279/10236. Max active instruction index: 215
2024-11-14 12:18:55 | Simulation update: decoder round 6348, completed instructions: 221/444840, actively running or decoding instructions: 3, waiting windows: 5320/10302. Max active instruction index: 215
2024-11-14 12:19:05 | Simulation update: decoder round 6375, completed instructions: 221/444840, actively running or decoding instructions: 3, waiting windows: 5325/10336. Max active instruction index: 215
2024-11-14 12:19:15 | Simulation update: decoder round 6402, completed instructions: 221/444840, actively running or decoding instructions: 3, waiting windows: 5353/10372. Max active instruction index: 215
2024-11-14 12:19:25 | Simulation update: decoder round 6429, completed instructions: 221/444840, actively running or decoding instructions: 3, waiting windows: 5388/10438. Max active instruction index: 215
