CONFIG 9
benchmark_file: slurm/data/20241113_075122/benchmarks/qrom_15_15.lss
decoder_latency_or_dist_filename: lambda volume: volume*10.0
distance: 21
lightweight_setting: 1
max_parallel_processes: None
missed_speculation_modifier: 1.4
poison_policy: successors
rng: 0
scheduling_method: sliding
speculation_accuracy: 0.9
speculation_latency: 1
speculation_mode: separate
2024-11-13 07:51:44 | Loading benchmark slurm/data/20241113_075122/benchmarks/qrom_15_15.lss...
2024-11-13 07:51:44 | Starting simulation
2024-11-13 07:51:44 | Simulation update: decoder round 1, completed instructions: 0/1498, actively running or decoding instructions: 10, waiting windows: 0/0. Max active instruction index: 66
2024-11-13 07:51:54 | Simulation update: decoder round 1513, completed instructions: 162/1498, actively running or decoding instructions: 9, waiting windows: 387/1293. Max active instruction index: 136
2024-11-13 07:52:04 | Simulation update: decoder round 2792, completed instructions: 223/1498, actively running or decoding instructions: 10, waiting windows: 371/2323. Max active instruction index: 214
2024-11-13 07:52:14 | Simulation update: decoder round 4056, completed instructions: 298/1498, actively running or decoding instructions: 4, waiting windows: 408/3458. Max active instruction index: 296
2024-11-13 07:52:24 | Simulation update: decoder round 5265, completed instructions: 559/1498, actively running or decoding instructions: 25, waiting windows: 422/4633. Max active instruction index: 611
2024-11-13 07:52:34 | Simulation update: decoder round 6590, completed instructions: 713/1498, actively running or decoding instructions: 11, waiting windows: 349/5785. Max active instruction index: 701
2024-11-13 07:52:44 | Simulation update: decoder round 8277, completed instructions: 1009/1498, actively running or decoding instructions: 22, waiting windows: 361/7072. Max active instruction index: 1082
2024-11-13 07:52:54 | Simulation update: decoder round 10294, completed instructions: 1251/1498, actively running or decoding instructions: 44, waiting windows: 333/8303. Max active instruction index: 1214
2024-11-13 07:53:03 | Finished simulation
2024-11-13 07:53:03 | Finished saving output. Done! Total elapsed time: 0:01:19.019381
