CONFIG 1069
benchmark_file: slurm/data/20241127_100432/benchmarks/adder_n18.lss
decoder_latency_or_dist_filename: slurm/data/20241127_100432/decoder_dists.json
distance: 21
lightweight_setting: 2
max_parallel_processes: None
missed_speculation_modifier: 1.4
poison_policy: successors
rng: 1
scheduling_method: parallel
speculation_accuracy: 0.9
speculation_latency: 1
speculation_mode: None
2024-11-27 22:05:02 | Loading benchmark slurm/data/20241127_100432/benchmarks/adder_n18.lss...
2024-11-27 22:05:02 | Starting simulation
2024-11-27 22:05:02 | Simulation update: decoder round 1, completed instructions: 0/2338, actively running or decoding instructions: 3, waiting windows: 0/0. Max active instruction index: 18
2024-11-27 22:05:12 | Simulation update: decoder round 2803, completed instructions: 300/2338, actively running or decoding instructions: 9, waiting windows: 1373/2656. Max active instruction index: 297
2024-11-27 22:05:22 | Simulation update: decoder round 5828, completed instructions: 478/2338, actively running or decoding instructions: 8, waiting windows: 2755/5459. Max active instruction index: 481
2024-11-27 22:05:32 | Simulation update: decoder round 9029, completed instructions: 677/2338, actively running or decoding instructions: 15, waiting windows: 4250/8521. Max active instruction index: 677
2024-11-27 22:05:42 | Simulation update: decoder round 11517, completed instructions: 925/2338, actively running or decoding instructions: 14, waiting windows: 5413/11039. Max active instruction index: 922
2024-11-27 22:05:52 | Simulation update: decoder round 14662, completed instructions: 1248/2338, actively running or decoding instructions: 12, waiting windows: 6676/13755. Max active instruction index: 1257
2024-11-27 22:06:02 | Simulation update: decoder round 18993, completed instructions: 1761/2338, actively running or decoding instructions: 16, waiting windows: 8121/16981. Max active instruction index: 1753
2024-11-27 22:06:11 | Finished simulation
2024-11-27 22:06:11 | Finished saving output. Done! Total elapsed time: 0:01:09.335426
