CONFIG 1099
benchmark_file: slurm/data/20241127_100432/benchmarks/adder_n10.lss
decoder_latency_or_dist_filename: slurm/data/20241127_100432/decoder_dists.json
distance: 21
lightweight_setting: 2
max_parallel_processes: None
missed_speculation_modifier: 1.4
poison_policy: successors
rng: 3
scheduling_method: parallel
speculation_accuracy: 0.9
speculation_latency: 1
speculation_mode: None
2024-11-27 22:09:31 | Loading benchmark slurm/data/20241127_100432/benchmarks/adder_n10.lss...
2024-11-27 22:09:31 | Starting simulation
2024-11-27 22:09:31 | Simulation update: decoder round 1, completed instructions: 0/887, actively running or decoding instructions: 4, waiting windows: 0/0. Max active instruction index: 9
2024-11-27 22:09:41 | Simulation update: decoder round 5394, completed instructions: 306/887, actively running or decoding instructions: 10, waiting windows: 1486/2919. Max active instruction index: 350
2024-11-27 22:09:51 | Simulation update: decoder round 13128, completed instructions: 678/887, actively running or decoding instructions: 16, waiting windows: 3308/6763. Max active instruction index: 674
2024-11-27 22:09:53 | Finished simulation
2024-11-27 22:09:53 | Finished saving output. Done! Total elapsed time: 0:00:22.740075
