CONFIG 1140
benchmark_file: slurm/data/20241127_100432/benchmarks/fermi_hubbard_2_2.lss
decoder_latency_or_dist_filename: slurm/data/20241127_100432/decoder_dists.json
distance: 21
lightweight_setting: 2
max_parallel_processes: None
missed_speculation_modifier: 1.4
poison_policy: successors
rng: 6
scheduling_method: parallel
speculation_accuracy: 0.9
speculation_latency: 1
speculation_mode: None
2024-11-27 22:10:03 | Loading benchmark slurm/data/20241127_100432/benchmarks/fermi_hubbard_2_2.lss...
2024-11-27 22:10:05 | Starting simulation
2024-11-27 22:10:08 | Simulation update: decoder round 1, completed instructions: 0/21751, actively running or decoding instructions: 14, waiting windows: 0/0. Max active instruction index: 50
2024-11-27 22:10:18 | Simulation update: decoder round 496, completed instructions: 59/21751, actively running or decoding instructions: 8, waiting windows: 243/320. Max active instruction index: 59
2024-11-27 22:10:28 | Simulation update: decoder round 989, completed instructions: 62/21751, actively running or decoding instructions: 5, waiting windows: 393/632. Max active instruction index: 59
2024-11-27 22:10:38 | Simulation update: decoder round 1481, completed instructions: 74/21751, actively running or decoding instructions: 5, waiting windows: 542/940. Max active instruction index: 71
2024-11-27 22:10:48 | Simulation update: decoder round 1976, completed instructions: 87/21751, actively running or decoding instructions: 2, waiting windows: 718/1274. Max active instruction index: 87
2024-11-27 22:10:58 | Simulation update: decoder round 2472, completed instructions: 98/21751, actively running or decoding instructions: 5, waiting windows: 866/1582. Max active instruction index: 95
2024-11-27 22:11:08 | Simulation update: decoder round 2966, completed instructions: 110/21751, actively running or decoding instructions: 5, waiting windows: 1025/1898. Max active instruction index: 107
2024-11-27 22:11:18 | Simulation update: decoder round 3459, completed instructions: 122/21751, actively running or decoding instructions: 5, waiting windows: 1174/2203. Max active instruction index: 119
2024-11-27 22:11:28 | Simulation update: decoder round 3956, completed instructions: 130/21751, actively running or decoding instructions: 5, waiting windows: 1330/2520. Max active instruction index: 127
2024-11-27 22:11:38 | Simulation update: decoder round 4448, completed instructions: 142/21751, actively running or decoding instructions: 5, waiting windows: 1476/2824. Max active instruction index: 139
2024-11-27 22:11:48 | Simulation update: decoder round 4943, completed instructions: 143/21751, actively running or decoding instructions: 4, waiting windows: 1629/3137. Max active instruction index: 144
2024-11-27 22:11:58 | Simulation update: decoder round 5443, completed instructions: 154/21751, actively running or decoding instructions: 8, waiting windows: 1785/3454. Max active instruction index: 151
2024-11-27 22:12:08 | Simulation update: decoder round 5937, completed instructions: 162/21751, actively running or decoding instructions: 2, waiting windows: 1933/3759. Max active instruction index: 159
2024-11-27 22:12:18 | Simulation update: decoder round 6422, completed instructions: 170/21751, actively running or decoding instructions: 2, waiting windows: 2090/4064. Max active instruction index: 167
2024-11-27 22:12:28 | Simulation update: decoder round 6919, completed instructions: 182/21751, actively running or decoding instructions: 2, waiting windows: 2250/4380. Max active instruction index: 179
2024-11-27 22:12:38 | Simulation update: decoder round 7414, completed instructions: 194/21751, actively running or decoding instructions: 3, waiting windows: 2405/4695. Max active instruction index: 191
2024-11-27 22:12:48 | Simulation update: decoder round 7910, completed instructions: 202/21751, actively running or decoding instructions: 5, waiting windows: 2551/5000. Max active instruction index: 199
2024-11-27 22:12:58 | Simulation update: decoder round 8406, completed instructions: 214/21751, actively running or decoding instructions: 5, waiting windows: 2707/5316. Max active instruction index: 211
2024-11-27 22:13:08 | Simulation update: decoder round 8906, completed instructions: 226/21751, actively running or decoding instructions: 8, waiting windows: 2867/5635. Max active instruction index: 223
2024-11-27 22:13:18 | Simulation update: decoder round 9404, completed instructions: 239/21751, actively running or decoding instructions: 5, waiting windows: 3018/5946. Max active instruction index: 235
2024-11-27 22:13:28 | Simulation update: decoder round 9902, completed instructions: 246/21751, actively running or decoding instructions: 2, waiting windows: 3184/6276. Max active instruction index: 243
2024-11-27 22:13:38 | Simulation update: decoder round 10406, completed instructions: 258/21751, actively running or decoding instructions: 5, waiting windows: 3332/6593. Max active instruction index: 255
2024-11-27 22:13:48 | Simulation update: decoder round 10905, completed instructions: 270/21751, actively running or decoding instructions: 8, waiting windows: 3495/6912. Max active instruction index: 267
2024-11-27 22:13:58 | Simulation update: decoder round 11403, completed instructions: 278/21751, actively running or decoding instructions: 5, waiting windows: 3634/7217. Max active instruction index: 275
2024-11-27 22:14:08 | Simulation update: decoder round 11901, completed instructions: 290/21751, actively running or decoding instructions: 5, waiting windows: 3800/7533. Max active instruction index: 287
2024-11-27 22:14:18 | Simulation update: decoder round 12396, completed instructions: 298/21751, actively running or decoding instructions: 5, waiting windows: 3955/7849. Max active instruction index: 295
2024-11-27 22:14:28 | Simulation update: decoder round 12897, completed instructions: 310/21751, actively running or decoding instructions: 5, waiting windows: 4115/8166. Max active instruction index: 307
2024-11-27 22:14:38 | Simulation update: decoder round 13398, completed instructions: 322/21751, actively running or decoding instructions: 5, waiting windows: 4264/8472. Max active instruction index: 319
2024-11-27 22:14:48 | Simulation update: decoder round 13903, completed instructions: 334/21751, actively running or decoding instructions: 6, waiting windows: 4432/8803. Max active instruction index: 331
2024-11-27 22:14:58 | Simulation update: decoder round 14410, completed instructions: 347/21751, actively running or decoding instructions: 5, waiting windows: 4591/9123. Max active instruction index: 343
2024-11-27 22:15:08 | Simulation update: decoder round 14912, completed instructions: 354/21751, actively running or decoding instructions: 2, waiting windows: 4760/9459. Max active instruction index: 351
2024-11-27 22:15:18 | Simulation update: decoder round 15420, completed instructions: 362/21751, actively running or decoding instructions: 5, waiting windows: 4913/9776. Max active instruction index: 359
2024-11-27 22:15:28 | Simulation update: decoder round 15928, completed instructions: 374/21751, actively running or decoding instructions: 5, waiting windows: 5063/10094. Max active instruction index: 371
2024-11-27 22:15:38 | Simulation update: decoder round 16422, completed instructions: 386/21751, actively running or decoding instructions: 8, waiting windows: 5214/10401. Max active instruction index: 383
2024-11-27 22:15:48 | Simulation update: decoder round 16927, completed instructions: 398/21751, actively running or decoding instructions: 8, waiting windows: 5381/10731. Max active instruction index: 395
2024-11-27 22:15:58 | Simulation update: decoder round 17437, completed instructions: 410/21751, actively running or decoding instructions: 5, waiting windows: 5536/11048. Max active instruction index: 407
2024-11-27 22:16:08 | Simulation update: decoder round 17944, completed instructions: 422/21751, actively running or decoding instructions: 8, waiting windows: 5697/11369. Max active instruction index: 419
2024-11-27 22:16:18 | Simulation update: decoder round 18451, completed instructions: 435/21751, actively running or decoding instructions: 5, waiting windows: 5849/11691. Max active instruction index: 431
2024-11-27 22:16:28 | Simulation update: decoder round 18956, completed instructions: 435/21751, actively running or decoding instructions: 5, waiting windows: 6019/12029. Max active instruction index: 431
2024-11-27 22:16:38 | Simulation update: decoder round 19468, completed instructions: 451/21751, actively running or decoding instructions: 5, waiting windows: 6186/12362. Max active instruction index: 447
2024-11-27 22:16:48 | Simulation update: decoder round 19976, completed instructions: 458/21751, actively running or decoding instructions: 2, waiting windows: 6350/12697. Max active instruction index: 455
2024-11-27 22:16:58 | Simulation update: decoder round 20485, completed instructions: 470/21751, actively running or decoding instructions: 8, waiting windows: 6505/13017. Max active instruction index: 467
2024-11-27 22:17:08 | Simulation update: decoder round 20996, completed instructions: 478/21751, actively running or decoding instructions: 5, waiting windows: 6662/13334. Max active instruction index: 475
2024-11-27 22:17:18 | Simulation update: decoder round 21509, completed instructions: 490/21751, actively running or decoding instructions: 8, waiting windows: 6828/13665. Max active instruction index: 487
2024-11-27 22:17:28 | Simulation update: decoder round 22020, completed instructions: 503/21751, actively running or decoding instructions: 5, waiting windows: 6990/13993. Max active instruction index: 499
2024-11-27 22:17:38 | Simulation update: decoder round 22533, completed instructions: 510/21751, actively running or decoding instructions: 2, waiting windows: 7151/14321. Max active instruction index: 507
2024-11-27 22:17:48 | Simulation update: decoder round 23049, completed instructions: 522/21751, actively running or decoding instructions: 8, waiting windows: 7312/14653. Max active instruction index: 519
2024-11-27 22:17:58 | Simulation update: decoder round 23562, completed instructions: 534/21751, actively running or decoding instructions: 5, waiting windows: 7468/14970. Max active instruction index: 531
2024-11-27 22:18:08 | Simulation update: decoder round 24076, completed instructions: 546/21751, actively running or decoding instructions: 5, waiting windows: 7638/15299. Max active instruction index: 543
2024-11-27 22:18:18 | Simulation update: decoder round 24589, completed instructions: 554/21751, actively running or decoding instructions: 5, waiting windows: 7784/15617. Max active instruction index: 551
2024-11-27 22:18:28 | Simulation update: decoder round 25100, completed instructions: 562/21751, actively running or decoding instructions: 5, waiting windows: 7949/15945. Max active instruction index: 559
2024-11-27 22:18:38 | Simulation update: decoder round 25614, completed instructions: 574/21751, actively running or decoding instructions: 8, waiting windows: 8108/16266. Max active instruction index: 571
2024-11-27 22:18:48 | Simulation update: decoder round 26132, completed instructions: 586/21751, actively running or decoding instructions: 5, waiting windows: 8274/16596. Max active instruction index: 583
2024-11-27 22:18:58 | Simulation update: decoder round 26645, completed instructions: 598/21751, actively running or decoding instructions: 5, waiting windows: 8431/16913. Max active instruction index: 595
2024-11-27 22:19:08 | Simulation update: decoder round 27161, completed instructions: 606/21751, actively running or decoding instructions: 5, waiting windows: 8594/17243. Max active instruction index: 603
2024-11-27 22:19:18 | Simulation update: decoder round 27675, completed instructions: 618/21751, actively running or decoding instructions: 5, waiting windows: 8749/17560. Max active instruction index: 615
2024-11-27 22:19:28 | Simulation update: decoder round 28177, completed instructions: 630/21751, actively running or decoding instructions: 5, waiting windows: 8903/17878. Max active instruction index: 627
2024-11-27 22:19:38 | Simulation update: decoder round 28692, completed instructions: 642/21751, actively running or decoding instructions: 5, waiting windows: 9065/18206. Max active instruction index: 639
2024-11-27 22:19:48 | Simulation update: decoder round 29212, completed instructions: 654/21751, actively running or decoding instructions: 5, waiting windows: 9226/18536. Max active instruction index: 651
2024-11-27 22:19:58 | Simulation update: decoder round 29730, completed instructions: 662/21751, actively running or decoding instructions: 3, waiting windows: 9383/18855. Max active instruction index: 659
2024-11-27 22:20:08 | Simulation update: decoder round 30253, completed instructions: 674/21751, actively running or decoding instructions: 6, waiting windows: 9546/19187. Max active instruction index: 671
2024-11-27 22:20:19 | Simulation update: decoder round 30776, completed instructions: 686/21751, actively running or decoding instructions: 8, waiting windows: 9715/19519. Max active instruction index: 683
2024-11-27 22:20:29 | Simulation update: decoder round 31302, completed instructions: 694/21751, actively running or decoding instructions: 5, waiting windows: 9870/19849. Max active instruction index: 691
2024-11-27 22:20:39 | Simulation update: decoder round 31828, completed instructions: 702/21751, actively running or decoding instructions: 5, waiting windows: 10033/20179. Max active instruction index: 699
2024-11-27 22:20:49 | Simulation update: decoder round 32353, completed instructions: 714/21751, actively running or decoding instructions: 5, waiting windows: 10201/20509. Max active instruction index: 711
2024-11-27 22:20:59 | Simulation update: decoder round 32877, completed instructions: 726/21751, actively running or decoding instructions: 5, waiting windows: 10367/20839. Max active instruction index: 723
2024-11-27 22:21:09 | Simulation update: decoder round 33402, completed instructions: 734/21751, actively running or decoding instructions: 2, waiting windows: 10526/21169. Max active instruction index: 731
2024-11-27 22:21:19 | Simulation update: decoder round 33927, completed instructions: 742/21751, actively running or decoding instructions: 5, waiting windows: 10687/21499. Max active instruction index: 739
2024-11-27 22:21:29 | Simulation update: decoder round 34454, completed instructions: 750/21751, actively running or decoding instructions: 5, waiting windows: 10854/21829. Max active instruction index: 747
2024-11-27 22:21:39 | Simulation update: decoder round 34980, completed instructions: 762/21751, actively running or decoding instructions: 8, waiting windows: 11017/22161. Max active instruction index: 759
2024-11-27 22:21:49 | Simulation update: decoder round 35504, completed instructions: 770/21751, actively running or decoding instructions: 5, waiting windows: 11172/22492. Max active instruction index: 767
2024-11-27 22:21:59 | Simulation update: decoder round 36029, completed instructions: 779/21751, actively running or decoding instructions: 3, waiting windows: 11356/22840. Max active instruction index: 775
2024-11-27 22:22:09 | Simulation update: decoder round 36538, completed instructions: 790/21751, actively running or decoding instructions: 5, waiting windows: 11508/23161. Max active instruction index: 790
2024-11-27 22:22:19 | Simulation update: decoder round 37068, completed instructions: 806/21751, actively running or decoding instructions: 2, waiting windows: 11699/23522. Max active instruction index: 803
2024-11-27 22:22:29 | Simulation update: decoder round 37596, completed instructions: 818/21751, actively running or decoding instructions: 8, waiting windows: 11859/23855. Max active instruction index: 815
2024-11-27 22:22:39 | Simulation update: decoder round 38123, completed instructions: 830/21751, actively running or decoding instructions: 5, waiting windows: 12011/24186. Max active instruction index: 827
2024-11-27 22:22:49 | Simulation update: decoder round 38650, completed instructions: 838/21751, actively running or decoding instructions: 5, waiting windows: 12175/24516. Max active instruction index: 835
2024-11-27 22:22:59 | Simulation update: decoder round 39176, completed instructions: 850/21751, actively running or decoding instructions: 6, waiting windows: 12343/24849. Max active instruction index: 847
2024-11-27 22:23:09 | Simulation update: decoder round 39704, completed instructions: 858/21751, actively running or decoding instructions: 5, waiting windows: 12504/25180. Max active instruction index: 855
2024-11-27 22:23:19 | Simulation update: decoder round 40235, completed instructions: 867/21751, actively running or decoding instructions: 5, waiting windows: 12678/25525. Max active instruction index: 863
2024-11-27 22:23:29 | Simulation update: decoder round 40765, completed instructions: 882/21751, actively running or decoding instructions: 5, waiting windows: 12855/25875. Max active instruction index: 879
2024-11-27 22:23:39 | Simulation update: decoder round 41298, completed instructions: 890/21751, actively running or decoding instructions: 5, waiting windows: 13010/26206. Max active instruction index: 887
2024-11-27 22:23:49 | Simulation update: decoder round 41827, completed instructions: 898/21751, actively running or decoding instructions: 5, waiting windows: 13176/26537. Max active instruction index: 895
2024-11-27 22:23:59 | Simulation update: decoder round 42363, completed instructions: 910/21751, actively running or decoding instructions: 5, waiting windows: 13352/26879. Max active instruction index: 907
2024-11-27 22:24:09 | Simulation update: decoder round 42896, completed instructions: 922/21751, actively running or decoding instructions: 5, waiting windows: 13497/27210. Max active instruction index: 919
2024-11-27 22:24:19 | Simulation update: decoder round 43425, completed instructions: 930/21751, actively running or decoding instructions: 5, waiting windows: 13661/27540. Max active instruction index: 927
2024-11-27 22:24:29 | Simulation update: decoder round 43959, completed instructions: 942/21751, actively running or decoding instructions: 5, waiting windows: 13840/27881. Max active instruction index: 939
2024-11-27 22:24:39 | Simulation update: decoder round 44494, completed instructions: 950/21751, actively running or decoding instructions: 5, waiting windows: 13995/28213. Max active instruction index: 947
2024-11-27 22:24:49 | Simulation update: decoder round 45035, completed instructions: 959/21751, actively running or decoding instructions: 3, waiting windows: 14188/28577. Max active instruction index: 955
2024-11-27 22:24:59 | Simulation update: decoder round 45556, completed instructions: 978/21751, actively running or decoding instructions: 8, waiting windows: 14355/28912. Max active instruction index: 975
2024-11-27 22:25:09 | Simulation update: decoder round 46091, completed instructions: 990/21751, actively running or decoding instructions: 5, waiting windows: 14510/29244. Max active instruction index: 987
2024-11-27 22:25:19 | Simulation update: decoder round 46624, completed instructions: 1002/21751, actively running or decoding instructions: 5, waiting windows: 14683/29585. Max active instruction index: 999
2024-11-27 22:25:29 | Simulation update: decoder round 47162, completed instructions: 1010/21751, actively running or decoding instructions: 5, waiting windows: 14846/29916. Max active instruction index: 1007
2024-11-27 22:25:39 | Simulation update: decoder round 47703, completed instructions: 1022/21751, actively running or decoding instructions: 8, waiting windows: 15015/30262. Max active instruction index: 1019
2024-11-27 22:25:49 | Simulation update: decoder round 48247, completed instructions: 1034/21751, actively running or decoding instructions: 5, waiting windows: 15188/30605. Max active instruction index: 1031
2024-11-27 22:25:59 | Simulation update: decoder round 48791, completed instructions: 1046/21751, actively running or decoding instructions: 8, waiting windows: 15352/30950. Max active instruction index: 1043
2024-11-27 22:26:09 | Simulation update: decoder round 49334, completed instructions: 1058/21751, actively running or decoding instructions: 5, waiting windows: 15522/31291. Max active instruction index: 1055
2024-11-27 22:26:19 | Simulation update: decoder round 49877, completed instructions: 1070/21751, actively running or decoding instructions: 5, waiting windows: 15691/31634. Max active instruction index: 1067
2024-11-27 22:26:29 | Simulation update: decoder round 50423, completed instructions: 1105/21751, actively running or decoding instructions: 13, waiting windows: 15888/32000. Max active instruction index: 1100
2024-11-27 22:26:39 | Simulation update: decoder round 50969, completed instructions: 1119/21751, actively running or decoding instructions: 5, waiting windows: 16058/32371. Max active instruction index: 1114
2024-11-27 22:26:49 | Simulation update: decoder round 51511, completed instructions: 1134/21751, actively running or decoding instructions: 8, waiting windows: 16238/32737. Max active instruction index: 1128
2024-11-27 22:26:59 | Simulation update: decoder round 52056, completed instructions: 1143/21751, actively running or decoding instructions: 2, waiting windows: 16427/33124. Max active instruction index: 1138
2024-11-27 22:27:09 | Simulation update: decoder round 52603, completed instructions: 1157/21751, actively running or decoding instructions: 8, waiting windows: 16606/33497. Max active instruction index: 1152
2024-11-27 22:27:19 | Simulation update: decoder round 53151, completed instructions: 1172/21751, actively running or decoding instructions: 5, waiting windows: 16792/33876. Max active instruction index: 1166
2024-11-27 22:27:29 | Simulation update: decoder round 53700, completed instructions: 1181/21751, actively running or decoding instructions: 2, waiting windows: 16999/34276. Max active instruction index: 1176
2024-11-27 22:27:39 | Simulation update: decoder round 54247, completed instructions: 1195/21751, actively running or decoding instructions: 8, waiting windows: 17174/34649. Max active instruction index: 1190
2024-11-27 22:27:49 | Simulation update: decoder round 54795, completed instructions: 1206/21751, actively running or decoding instructions: 5, waiting windows: 17365/35027. Max active instruction index: 1200
2024-11-27 22:27:59 | Simulation update: decoder round 55344, completed instructions: 1215/21751, actively running or decoding instructions: 2, waiting windows: 17546/35410. Max active instruction index: 1210
2024-11-27 22:28:09 | Simulation update: decoder round 55875, completed instructions: 1225/21751, actively running or decoding instructions: 2, waiting windows: 17722/35768. Max active instruction index: 1220
2024-11-27 22:28:19 | Simulation update: decoder round 56421, completed instructions: 1239/21751, actively running or decoding instructions: 3, waiting windows: 17903/36139. Max active instruction index: 1234
2024-11-27 22:28:29 | Simulation update: decoder round 56973, completed instructions: 1253/21751, actively running or decoding instructions: 2, waiting windows: 18085/36512. Max active instruction index: 1248
2024-11-27 22:28:39 | Simulation update: decoder round 57523, completed instructions: 1267/21751, actively running or decoding instructions: 5, waiting windows: 18277/36894. Max active instruction index: 1262
2024-11-27 22:28:49 | Simulation update: decoder round 58076, completed instructions: 1277/21751, actively running or decoding instructions: 2, waiting windows: 18464/37268. Max active instruction index: 1277
2024-11-27 22:28:59 | Simulation update: decoder round 58627, completed instructions: 1291/21751, actively running or decoding instructions: 6, waiting windows: 18638/37641. Max active instruction index: 1286
2024-11-27 22:29:09 | Simulation update: decoder round 59180, completed instructions: 1305/21751, actively running or decoding instructions: 8, waiting windows: 18827/38026. Max active instruction index: 1300
2024-11-27 22:29:19 | Simulation update: decoder round 59728, completed instructions: 1325/21751, actively running or decoding instructions: 2, waiting windows: 19034/38421. Max active instruction index: 1320
2024-11-27 22:29:29 | Simulation update: decoder round 60283, completed instructions: 1339/21751, actively running or decoding instructions: 5, waiting windows: 19212/38794. Max active instruction index: 1334
2024-11-27 22:29:39 | Simulation update: decoder round 60839, completed instructions: 1353/21751, actively running or decoding instructions: 8, waiting windows: 19407/39179. Max active instruction index: 1348
2024-11-27 22:29:49 | Simulation update: decoder round 61395, completed instructions: 1367/21751, actively running or decoding instructions: 8, waiting windows: 19584/39555. Max active instruction index: 1362
2024-11-27 22:29:59 | Simulation update: decoder round 61952, completed instructions: 1377/21751, actively running or decoding instructions: 5, waiting windows: 19778/39937. Max active instruction index: 1372
2024-11-27 22:30:09 | Simulation update: decoder round 62505, completed instructions: 1391/21751, actively running or decoding instructions: 8, waiting windows: 19958/40312. Max active instruction index: 1386
2024-11-27 22:30:19 | Simulation update: decoder round 63059, completed instructions: 1406/21751, actively running or decoding instructions: 5, waiting windows: 20139/40697. Max active instruction index: 1400
2024-11-27 22:30:29 | Simulation update: decoder round 63619, completed instructions: 1415/21751, actively running or decoding instructions: 2, waiting windows: 20337/41088. Max active instruction index: 1410
2024-11-27 22:30:39 | Simulation update: decoder round 64179, completed instructions: 1435/21751, actively running or decoding instructions: 2, waiting windows: 20542/41495. Max active instruction index: 1430
2024-11-27 22:30:49 | Simulation update: decoder round 64738, completed instructions: 1445/21751, actively running or decoding instructions: 5, waiting windows: 20720/41869. Max active instruction index: 1440
2024-11-27 22:30:59 | Simulation update: decoder round 65300, completed instructions: 1459/21751, actively running or decoding instructions: 8, waiting windows: 20919/42256. Max active instruction index: 1454
2024-11-27 22:31:09 | Simulation update: decoder round 65861, completed instructions: 1473/21751, actively running or decoding instructions: 5, waiting windows: 21100/42639. Max active instruction index: 1468
2024-11-27 22:31:19 | Simulation update: decoder round 66421, completed instructions: 1483/21751, actively running or decoding instructions: 5, waiting windows: 21275/43012. Max active instruction index: 1478
2024-11-27 22:31:29 | Simulation update: decoder round 66986, completed instructions: 1497/21751, actively running or decoding instructions: 5, waiting windows: 21464/43396. Max active instruction index: 1492
2024-11-27 22:31:39 | Simulation update: decoder round 67550, completed instructions: 1511/21751, actively running or decoding instructions: 6, waiting windows: 21658/43783. Max active instruction index: 1506
2024-11-27 22:31:49 | Simulation update: decoder round 68113, completed instructions: 1521/21751, actively running or decoding instructions: 5, waiting windows: 21846/44168. Max active instruction index: 1516
2024-11-27 22:31:59 | Simulation update: decoder round 68678, completed instructions: 1531/21751, actively running or decoding instructions: 5, waiting windows: 22037/44552. Max active instruction index: 1526
2024-11-27 22:32:09 | Simulation update: decoder round 69216, completed instructions: 1545/21751, actively running or decoding instructions: 5, waiting windows: 22205/44911. Max active instruction index: 1540
2024-11-27 22:32:19 | Simulation update: decoder round 69783, completed instructions: 1560/21751, actively running or decoding instructions: 3, waiting windows: 22412/45316. Max active instruction index: 1554
2024-11-27 22:32:29 | Simulation update: decoder round 70349, completed instructions: 1583/21751, actively running or decoding instructions: 8, waiting windows: 22610/45710. Max active instruction index: 1578
2024-11-27 22:32:39 | Simulation update: decoder round 70913, completed instructions: 1597/21751, actively running or decoding instructions: 8, waiting windows: 22798/46097. Max active instruction index: 1592
2024-11-27 22:32:49 | Simulation update: decoder round 71483, completed instructions: 1611/21751, actively running or decoding instructions: 8, waiting windows: 22987/46485. Max active instruction index: 1606
2024-11-27 22:32:59 | Simulation update: decoder round 72054, completed instructions: 1625/21751, actively running or decoding instructions: 8, waiting windows: 23183/46884. Max active instruction index: 1620
2024-11-27 22:33:09 | Simulation update: decoder round 72625, completed instructions: 1639/21751, actively running or decoding instructions: 5, waiting windows: 23370/47269. Max active instruction index: 1634
2024-11-27 22:33:19 | Simulation update: decoder round 73196, completed instructions: 1654/21751, actively running or decoding instructions: 8, waiting windows: 23572/47665. Max active instruction index: 1648
2024-11-27 22:33:29 | Simulation update: decoder round 73768, completed instructions: 1663/21751, actively running or decoding instructions: 2, waiting windows: 23763/48063. Max active instruction index: 1658
2024-11-27 22:33:39 | Simulation update: decoder round 74341, completed instructions: 1674/21751, actively running or decoding instructions: 5, waiting windows: 23971/48476. Max active instruction index: 1668
2024-11-27 22:33:49 | Simulation update: decoder round 74917, completed instructions: 1692/21751, actively running or decoding instructions: 5, waiting windows: 24153/48866. Max active instruction index: 1692
2024-11-27 22:33:59 | Simulation update: decoder round 75492, completed instructions: 1711/21751, actively running or decoding instructions: 5, waiting windows: 24347/49255. Max active instruction index: 1706
2024-11-27 22:34:09 | Simulation update: decoder round 76064, completed instructions: 1725/21751, actively running or decoding instructions: 5, waiting windows: 24548/49652. Max active instruction index: 1720
2024-11-27 22:34:19 | Simulation update: decoder round 76637, completed instructions: 1739/21751, actively running or decoding instructions: 5, waiting windows: 24737/50038. Max active instruction index: 1734
2024-11-27 22:34:29 | Simulation update: decoder round 77192, completed instructions: 1750/21751, actively running or decoding instructions: 5, waiting windows: 24917/50423. Max active instruction index: 1744
2024-11-27 22:34:39 | Simulation update: decoder round 77769, completed instructions: 1769/21751, actively running or decoding instructions: 2, waiting windows: 25136/50847. Max active instruction index: 1764
2024-11-27 22:34:49 | Simulation update: decoder round 78344, completed instructions: 1779/21751, actively running or decoding instructions: 5, waiting windows: 25323/51234. Max active instruction index: 1774
2024-11-27 22:34:59 | Simulation update: decoder round 78921, completed instructions: 1793/21751, actively running or decoding instructions: 8, waiting windows: 25519/51633. Max active instruction index: 1788
2024-11-27 22:35:09 | Simulation update: decoder round 79500, completed instructions: 1807/21751, actively running or decoding instructions: 5, waiting windows: 25710/52021. Max active instruction index: 1802
2024-11-27 22:35:19 | Simulation update: decoder round 80079, completed instructions: 1817/21751, actively running or decoding instructions: 3, waiting windows: 25904/52418. Max active instruction index: 1812
2024-11-27 22:35:29 | Simulation update: decoder round 80658, completed instructions: 1827/21751, actively running or decoding instructions: 5, waiting windows: 26088/52805. Max active instruction index: 1822
2024-11-27 22:35:39 | Simulation update: decoder round 81239, completed instructions: 1841/21751, actively running or decoding instructions: 2, waiting windows: 26286/53206. Max active instruction index: 1841
2024-11-27 22:35:49 | Simulation update: decoder round 81820, completed instructions: 1865/21751, actively running or decoding instructions: 8, waiting windows: 26494/53611. Max active instruction index: 1860
2024-11-27 22:35:59 | Simulation update: decoder round 82403, completed instructions: 1876/21751, actively running or decoding instructions: 5, waiting windows: 26677/54000. Max active instruction index: 1870
2024-11-27 22:36:09 | Simulation update: decoder round 82983, completed instructions: 1885/21751, actively running or decoding instructions: 2, waiting windows: 26888/54416. Max active instruction index: 1880
2024-11-27 22:36:19 | Simulation update: decoder round 83568, completed instructions: 1899/21751, actively running or decoding instructions: 8, waiting windows: 27079/54818. Max active instruction index: 1894
2024-11-27 22:36:29 | Simulation update: decoder round 84149, completed instructions: 1909/21751, actively running or decoding instructions: 3, waiting windows: 27276/55215. Max active instruction index: 1913
2024-11-27 22:36:39 | Simulation update: decoder round 84732, completed instructions: 1929/21751, actively running or decoding instructions: 5, waiting windows: 27465/55609. Max active instruction index: 1924
2024-11-27 22:36:49 | Simulation update: decoder round 85320, completed instructions: 1943/21751, actively running or decoding instructions: 5, waiting windows: 27665/56008. Max active instruction index: 1938
2024-11-27 22:36:59 | Simulation update: decoder round 85907, completed instructions: 1957/21751, actively running or decoding instructions: 8, waiting windows: 27859/56409. Max active instruction index: 1952
2024-11-27 22:37:09 | Simulation update: decoder round 86497, completed instructions: 1967/21751, actively running or decoding instructions: 5, waiting windows: 28051/56808. Max active instruction index: 1962
2024-11-27 22:37:19 | Simulation update: decoder round 87085, completed instructions: 1981/21751, actively running or decoding instructions: 5, waiting windows: 28247/57206. Max active instruction index: 1976
2024-11-27 22:37:29 | Simulation update: decoder round 87673, completed instructions: 1992/21751, actively running or decoding instructions: 5, waiting windows: 28449/57615. Max active instruction index: 1986
2024-11-27 22:37:39 | Simulation update: decoder round 88262, completed instructions: 2001/21751, actively running or decoding instructions: 2, waiting windows: 28646/58018. Max active instruction index: 1996
2024-11-27 22:37:49 | Simulation update: decoder round 88852, completed instructions: 2024/21751, actively running or decoding instructions: 5, waiting windows: 28854/58433. Max active instruction index: 2024
2024-11-27 22:37:59 | Simulation update: decoder round 89443, completed instructions: 2044/21751, actively running or decoding instructions: 5, waiting windows: 29054/58842. Max active instruction index: 2038
2024-11-27 22:38:09 | Simulation update: decoder round 90043, completed instructions: 2053/21751, actively running or decoding instructions: 2, waiting windows: 29251/59254. Max active instruction index: 2048
2024-11-27 22:38:19 | Simulation update: decoder round 90644, completed instructions: 2067/21751, actively running or decoding instructions: 3, waiting windows: 29459/59665. Max active instruction index: 2062
2024-11-27 22:38:29 | Simulation update: decoder round 91244, completed instructions: 2081/21751, actively running or decoding instructions: 2, waiting windows: 29654/60068. Max active instruction index: 2076
2024-11-27 22:38:39 | Simulation update: decoder round 91841, completed instructions: 2095/21751, actively running or decoding instructions: 6, waiting windows: 29864/60482. Max active instruction index: 2090
2024-11-27 22:38:49 | Simulation update: decoder round 92415, completed instructions: 2109/21751, actively running or decoding instructions: 5, waiting windows: 30049/60868. Max active instruction index: 2104
2024-11-27 22:38:59 | Simulation update: decoder round 93009, completed instructions: 2123/21751, actively running or decoding instructions: 3, waiting windows: 30242/61267. Max active instruction index: 2118
2024-11-27 22:39:10 | Simulation update: decoder round 93604, completed instructions: 2137/21751, actively running or decoding instructions: 3, waiting windows: 30449/61677. Max active instruction index: 2132
2024-11-27 22:39:20 | Simulation update: decoder round 94203, completed instructions: 2165/21751, actively running or decoding instructions: 9, waiting windows: 30652/62089. Max active instruction index: 2169
2024-11-27 22:39:30 | Simulation update: decoder round 94805, completed instructions: 2175/21751, actively running or decoding instructions: 2, waiting windows: 30859/62519. Max active instruction index: 2170
2024-11-27 22:39:40 | Simulation update: decoder round 95407, completed instructions: 2189/21751, actively running or decoding instructions: 8, waiting windows: 31066/62933. Max active instruction index: 2184
2024-11-27 22:39:50 | Simulation update: decoder round 96010, completed instructions: 2204/21751, actively running or decoding instructions: 8, waiting windows: 31269/63348. Max active instruction index: 2198
2024-11-27 22:40:00 | Simulation update: decoder round 96614, completed instructions: 2214/21751, actively running or decoding instructions: 2, waiting windows: 31488/63785. Max active instruction index: 2208
2024-11-27 22:40:10 | Simulation update: decoder round 97217, completed instructions: 2224/21751, actively running or decoding instructions: 2, waiting windows: 31707/64221. Max active instruction index: 2218
2024-11-27 22:40:20 | Simulation update: decoder round 97822, completed instructions: 2248/21751, actively running or decoding instructions: 5, waiting windows: 31912/64641. Max active instruction index: 2242
2024-11-27 22:40:30 | Simulation update: decoder round 98431, completed instructions: 2257/21751, actively running or decoding instructions: 2, waiting windows: 32120/65069. Max active instruction index: 2252
2024-11-27 22:40:40 | Simulation update: decoder round 99039, completed instructions: 2271/21751, actively running or decoding instructions: 6, waiting windows: 32318/65484. Max active instruction index: 2266
2024-11-27 22:40:50 | Simulation update: decoder round 99651, completed instructions: 2285/21751, actively running or decoding instructions: 2, waiting windows: 32524/65900. Max active instruction index: 2285
2024-11-27 22:41:00 | Simulation update: decoder round 100259, completed instructions: 2304/21751, actively running or decoding instructions: 8, waiting windows: 32728/66318. Max active instruction index: 2304
2024-11-27 22:41:10 | Simulation update: decoder round 100870, completed instructions: 2349/21751, actively running or decoding instructions: 12, waiting windows: 32984/66790. Max active instruction index: 2381
2024-11-27 22:41:20 | Simulation update: decoder round 101449, completed instructions: 2389/21751, actively running or decoding instructions: 16, waiting windows: 33178/67237. Max active instruction index: 2393
2024-11-27 22:41:30 | Simulation update: decoder round 102057, completed instructions: 2435/21751, actively running or decoding instructions: 13, waiting windows: 33400/67700. Max active instruction index: 2467
2024-11-27 22:41:40 | Simulation update: decoder round 102673, completed instructions: 2457/21751, actively running or decoding instructions: 6, waiting windows: 33643/68185. Max active instruction index: 2468
2024-11-27 22:41:50 | Simulation update: decoder round 103293, completed instructions: 2488/21751, actively running or decoding instructions: 9, waiting windows: 33855/68652. Max active instruction index: 2498
2024-11-27 22:42:00 | Simulation update: decoder round 103918, completed instructions: 2522/21751, actively running or decoding instructions: 9, waiting windows: 34095/69133. Max active instruction index: 2520
2024-11-27 22:42:10 | Simulation update: decoder round 104538, completed instructions: 2566/21751, actively running or decoding instructions: 12, waiting windows: 34324/69600. Max active instruction index: 2562
2024-11-27 22:42:20 | Simulation update: decoder round 105164, completed instructions: 2591/21751, actively running or decoding instructions: 6, waiting windows: 34550/70082. Max active instruction index: 2588
2024-11-27 22:42:30 | Simulation update: decoder round 105795, completed instructions: 2617/21751, actively running or decoding instructions: 6, waiting windows: 34771/70551. Max active instruction index: 2614
2024-11-27 22:42:40 | Simulation update: decoder round 106428, completed instructions: 2653/21751, actively running or decoding instructions: 6, waiting windows: 35018/71042. Max active instruction index: 2652
2024-11-27 22:42:50 | Simulation update: decoder round 107063, completed instructions: 2700/21751, actively running or decoding instructions: 9, waiting windows: 35269/71541. Max active instruction index: 2696
2024-11-27 22:43:00 | Simulation update: decoder round 107703, completed instructions: 2725/21751, actively running or decoding instructions: 5, waiting windows: 35486/72017. Max active instruction index: 2718
2024-11-27 22:43:10 | Simulation update: decoder round 108346, completed instructions: 2757/21751, actively running or decoding instructions: 6, waiting windows: 35733/72521. Max active instruction index: 2756
2024-11-27 22:43:20 | Simulation update: decoder round 108991, completed instructions: 2784/21751, actively running or decoding instructions: 9, waiting windows: 35974/73003. Max active instruction index: 2799
2024-11-27 22:43:30 | Simulation update: decoder round 109638, completed instructions: 2832/21751, actively running or decoding instructions: 6, waiting windows: 36222/73508. Max active instruction index: 2830
2024-11-27 22:43:40 | Simulation update: decoder round 110285, completed instructions: 2859/21751, actively running or decoding instructions: 6, waiting windows: 36461/74025. Max active instruction index: 2856
2024-11-27 22:43:50 | Simulation update: decoder round 110939, completed instructions: 2898/21751, actively running or decoding instructions: 12, waiting windows: 36709/74527. Max active instruction index: 2908
2024-11-27 22:44:00 | Simulation update: decoder round 111599, completed instructions: 2935/21751, actively running or decoding instructions: 12, waiting windows: 36955/75031. Max active instruction index: 2934
2024-11-27 22:44:10 | Simulation update: decoder round 112257, completed instructions: 2962/21751, actively running or decoding instructions: 12, waiting windows: 37196/75529. Max active instruction index: 2960
2024-11-27 22:44:20 | Simulation update: decoder round 112889, completed instructions: 3000/21751, actively running or decoding instructions: 12, waiting windows: 37424/76010. Max active instruction index: 2994
2024-11-27 22:44:30 | Simulation update: decoder round 113556, completed instructions: 3026/21751, actively running or decoding instructions: 3, waiting windows: 37684/76543. Max active instruction index: 3024
2024-11-27 22:44:40 | Simulation update: decoder round 114224, completed instructions: 3063/21751, actively running or decoding instructions: 12, waiting windows: 37941/77063. Max active instruction index: 3072
2024-11-27 22:44:50 | Simulation update: decoder round 114891, completed instructions: 3099/21751, actively running or decoding instructions: 6, waiting windows: 38183/77578. Max active instruction index: 3098
2024-11-27 22:45:00 | Simulation update: decoder round 115565, completed instructions: 3125/21751, actively running or decoding instructions: 12, waiting windows: 38433/78087. Max active instruction index: 3124
2024-11-27 22:45:10 | Simulation update: decoder round 116243, completed instructions: 3162/21751, actively running or decoding instructions: 9, waiting windows: 38685/78606. Max active instruction index: 3172
2024-11-27 22:45:20 | Simulation update: decoder round 116925, completed instructions: 3199/21751, actively running or decoding instructions: 12, waiting windows: 38924/79111. Max active instruction index: 3198
2024-11-27 22:45:30 | Simulation update: decoder round 117600, completed instructions: 3225/21751, actively running or decoding instructions: 12, waiting windows: 39168/79617. Max active instruction index: 3224
2024-11-27 22:45:40 | Simulation update: decoder round 118281, completed instructions: 3262/21751, actively running or decoding instructions: 6, waiting windows: 39447/80161. Max active instruction index: 3272
2024-11-27 22:45:50 | Simulation update: decoder round 118966, completed instructions: 3284/21751, actively running or decoding instructions: 3, waiting windows: 39713/80699. Max active instruction index: 3294
2024-11-27 22:46:00 | Simulation update: decoder round 119656, completed instructions: 3332/21751, actively running or decoding instructions: 6, waiting windows: 39966/81237. Max active instruction index: 3350
2024-11-27 22:46:10 | Simulation update: decoder round 120346, completed instructions: 3354/21751, actively running or decoding instructions: 6, waiting windows: 40224/81777. Max active instruction index: 3372
2024-11-27 22:46:20 | Simulation update: decoder round 121037, completed instructions: 3386/21751, actively running or decoding instructions: 7, waiting windows: 40479/82303. Max active instruction index: 3412
2024-11-27 22:46:30 | Simulation update: decoder round 121735, completed instructions: 3435/21751, actively running or decoding instructions: 6, waiting windows: 40767/82862. Max active instruction index: 3460
2024-11-27 22:46:40 | Simulation update: decoder round 122434, completed instructions: 3455/21751, actively running or decoding instructions: 3, waiting windows: 41028/83415. Max active instruction index: 3482
2024-11-27 22:46:50 | Simulation update: decoder round 123138, completed instructions: 3495/21751, actively running or decoding instructions: 7, waiting windows: 41283/83955. Max active instruction index: 3534
2024-11-27 22:47:00 | Simulation update: decoder round 123846, completed instructions: 3537/21751, actively running or decoding instructions: 6, waiting windows: 41560/84511. Max active instruction index: 3564
2024-11-27 22:47:10 | Simulation update: decoder round 124558, completed instructions: 3577/21751, actively running or decoding instructions: 9, waiting windows: 41825/85065. Max active instruction index: 3616
2024-11-27 22:47:20 | Simulation update: decoder round 125233, completed instructions: 3603/21751, actively running or decoding instructions: 4, waiting windows: 42057/85562. Max active instruction index: 3647
2024-11-27 22:47:30 | Simulation update: decoder round 125953, completed instructions: 3656/21751, actively running or decoding instructions: 6, waiting windows: 42344/86128. Max active instruction index: 3690
2024-11-27 22:47:40 | Simulation update: decoder round 126677, completed instructions: 3682/21751, actively running or decoding instructions: 6, waiting windows: 42617/86695. Max active instruction index: 3720
2024-11-27 22:47:50 | Simulation update: decoder round 127405, completed instructions: 3717/21751, actively running or decoding instructions: 9, waiting windows: 42878/87247. Max active instruction index: 3768
2024-11-27 22:48:00 | Simulation update: decoder round 128140, completed instructions: 3760/21751, actively running or decoding instructions: 12, waiting windows: 43141/87801. Max active instruction index: 3802
2024-11-27 22:48:10 | Simulation update: decoder round 128875, completed instructions: 3789/21751, actively running or decoding instructions: 6, waiting windows: 43420/88365. Max active instruction index: 3857
2024-11-27 22:48:20 | Simulation update: decoder round 129614, completed instructions: 3838/21751, actively running or decoding instructions: 9, waiting windows: 43711/88957. Max active instruction index: 3888
2024-11-27 22:48:30 | Simulation update: decoder round 130358, completed instructions: 3875/21751, actively running or decoding instructions: 3, waiting windows: 44006/89557. Max active instruction index: 3944
2024-11-27 22:48:40 | Simulation update: decoder round 131107, completed instructions: 3911/21751, actively running or decoding instructions: 9, waiting windows: 44272/90137. Max active instruction index: 3958
2024-11-27 22:48:50 | Simulation update: decoder round 131858, completed instructions: 3945/21751, actively running or decoding instructions: 9, waiting windows: 44565/90718. Max active instruction index: 4006
2024-11-27 22:49:00 | Simulation update: decoder round 132611, completed instructions: 3991/21751, actively running or decoding instructions: 9, waiting windows: 44842/91296. Max active instruction index: 4054
2024-11-27 22:49:10 | Simulation update: decoder round 133373, completed instructions: 4017/21751, actively running or decoding instructions: 7, waiting windows: 45108/91864. Max active instruction index: 4092
2024-11-27 22:49:20 | Simulation update: decoder round 134138, completed instructions: 4069/21751, actively running or decoding instructions: 3, waiting windows: 45428/92480. Max active instruction index: 4144
2024-11-27 22:49:30 | Simulation update: decoder round 134911, completed instructions: 4100/21751, actively running or decoding instructions: 6, waiting windows: 45699/93064. Max active instruction index: 4199
2024-11-27 22:49:40 | Simulation update: decoder round 135690, completed instructions: 4151/21751, actively running or decoding instructions: 9, waiting windows: 45997/93658. Max active instruction index: 4234
2024-11-27 22:49:50 | Simulation update: decoder round 136423, completed instructions: 4177/21751, actively running or decoding instructions: 12, waiting windows: 46248/94200. Max active instruction index: 4264
2024-11-27 22:50:00 | Simulation update: decoder round 137205, completed instructions: 4229/21751, actively running or decoding instructions: 12, waiting windows: 46542/94791. Max active instruction index: 4316
2024-11-27 22:50:10 | Simulation update: decoder round 137987, completed instructions: 4255/21751, actively running or decoding instructions: 12, waiting windows: 46806/95364. Max active instruction index: 4338
2024-11-27 22:50:20 | Simulation update: decoder round 138781, completed instructions: 4285/21751, actively running or decoding instructions: 7, waiting windows: 47094/95952. Max active instruction index: 4368
2024-11-27 22:50:30 | Simulation update: decoder round 139579, completed instructions: 4342/21751, actively running or decoding instructions: 9, waiting windows: 47394/96563. Max active instruction index: 4428
2024-11-27 22:50:40 | Simulation update: decoder round 140387, completed instructions: 4382/21751, actively running or decoding instructions: 12, waiting windows: 47702/97189. Max active instruction index: 4472
2024-11-27 22:50:50 | Simulation update: decoder round 141195, completed instructions: 4415/21751, actively running or decoding instructions: 7, waiting windows: 47973/97785. Max active instruction index: 4494
2024-11-27 22:51:00 | Simulation update: decoder round 142009, completed instructions: 4475/21751, actively running or decoding instructions: 12, waiting windows: 48284/98400. Max active instruction index: 4550
2024-11-27 22:51:10 | Simulation update: decoder round 142835, completed instructions: 4516/21751, actively running or decoding instructions: 9, waiting windows: 48594/99041. Max active instruction index: 4606
2024-11-27 22:51:20 | Simulation update: decoder round 143655, completed instructions: 4558/21751, actively running or decoding instructions: 6, waiting windows: 48904/99686. Max active instruction index: 4654
2024-11-27 22:51:30 | Simulation update: decoder round 144486, completed instructions: 4590/21751, actively running or decoding instructions: 9, waiting windows: 49219/100325. Max active instruction index: 4684
2024-11-27 22:51:40 | Simulation update: decoder round 145320, completed instructions: 4627/21751, actively running or decoding instructions: 4, waiting windows: 49513/100954. Max active instruction index: 4710
2024-11-27 22:51:50 | Simulation update: decoder round 146168, completed instructions: 4683/21751, actively running or decoding instructions: 9, waiting windows: 49834/101599. Max active instruction index: 4778
2024-11-27 22:52:00 | Simulation update: decoder round 146978, completed instructions: 4709/21751, actively running or decoding instructions: 9, waiting windows: 50112/102189. Max active instruction index: 4800
2024-11-27 22:52:10 | Simulation update: decoder round 147829, completed instructions: 4766/21751, actively running or decoding instructions: 9, waiting windows: 50433/102839. Max active instruction index: 4852
2024-11-27 22:52:20 | Simulation update: decoder round 148693, completed instructions: 4821/21751, actively running or decoding instructions: 13, waiting windows: 50765/103509. Max active instruction index: 4884
2024-11-27 22:52:30 | Simulation update: decoder round 149562, completed instructions: 4844/21751, actively running or decoding instructions: 6, waiting windows: 51083/104177. Max active instruction index: 4894
2024-11-27 22:52:40 | Simulation update: decoder round 150407, completed instructions: 4895/21751, actively running or decoding instructions: 12, waiting windows: 51408/104832. Max active instruction index: 4918
2024-11-27 22:52:50 | Simulation update: decoder round 151169, completed instructions: 4926/21751, actively running or decoding instructions: 7, waiting windows: 51684/105409. Max active instruction index: 4935
2024-11-27 22:53:00 | Simulation update: decoder round 151940, completed instructions: 4960/21751, actively running or decoding instructions: 12, waiting windows: 51963/105995. Max active instruction index: 4953
2024-11-27 22:53:10 | Simulation update: decoder round 152721, completed instructions: 4989/21751, actively running or decoding instructions: 6, waiting windows: 52248/106569. Max active instruction index: 4992
2024-11-27 22:53:20 | Simulation update: decoder round 153504, completed instructions: 5000/21751, actively running or decoding instructions: 2, waiting windows: 52527/107152. Max active instruction index: 4993
2024-11-27 22:53:30 | Simulation update: decoder round 154284, completed instructions: 5025/21751, actively running or decoding instructions: 5, waiting windows: 52810/107724. Max active instruction index: 5017
2024-11-27 22:53:40 | Simulation update: decoder round 155071, completed instructions: 5036/21751, actively running or decoding instructions: 2, waiting windows: 53106/108320. Max active instruction index: 5029
2024-11-27 22:53:50 | Simulation update: decoder round 155860, completed instructions: 5064/21751, actively running or decoding instructions: 8, waiting windows: 53396/108897. Max active instruction index: 5057
2024-11-27 22:54:00 | Simulation update: decoder round 156648, completed instructions: 5076/21751, actively running or decoding instructions: 5, waiting windows: 53671/109475. Max active instruction index: 5069
2024-11-27 22:54:10 | Simulation update: decoder round 157441, completed instructions: 5104/21751, actively running or decoding instructions: 2, waiting windows: 53982/110082. Max active instruction index: 5097
2024-11-27 22:54:20 | Simulation update: decoder round 158244, completed instructions: 5124/21751, actively running or decoding instructions: 6, waiting windows: 54264/110665. Max active instruction index: 5128
2024-11-27 22:54:30 | Simulation update: decoder round 159045, completed instructions: 5148/21751, actively running or decoding instructions: 2, waiting windows: 54569/111276. Max active instruction index: 5141
2024-11-27 22:54:40 | Simulation update: decoder round 159807, completed instructions: 5160/21751, actively running or decoding instructions: 3, waiting windows: 54831/111826. Max active instruction index: 5164
2024-11-27 22:54:50 | Simulation update: decoder round 160615, completed instructions: 5185/21751, actively running or decoding instructions: 5, waiting windows: 55142/112436. Max active instruction index: 5177
2024-11-27 22:55:00 | Simulation update: decoder round 161417, completed instructions: 5197/21751, actively running or decoding instructions: 2, waiting windows: 55443/113051. Max active instruction index: 5189
2024-11-27 22:55:10 | Simulation update: decoder round 162226, completed instructions: 5220/21751, actively running or decoding instructions: 5, waiting windows: 55739/113652. Max active instruction index: 5213
2024-11-27 22:55:20 | Simulation update: decoder round 163035, completed instructions: 5240/21751, actively running or decoding instructions: 3, waiting windows: 56020/114236. Max active instruction index: 5244
2024-11-27 22:55:30 | Simulation update: decoder round 163848, completed instructions: 5268/21751, actively running or decoding instructions: 8, waiting windows: 56320/114840. Max active instruction index: 5261
2024-11-27 22:55:40 | Simulation update: decoder round 164663, completed instructions: 5296/21751, actively running or decoding instructions: 2, waiting windows: 56636/115462. Max active instruction index: 5289
2024-11-27 22:55:50 | Simulation update: decoder round 165488, completed instructions: 5308/21751, actively running or decoding instructions: 5, waiting windows: 56917/116058. Max active instruction index: 5301
2024-11-27 22:56:00 | Simulation update: decoder round 166315, completed instructions: 5340/21751, actively running or decoding instructions: 5, waiting windows: 57213/116662. Max active instruction index: 5333
2024-11-27 22:56:10 | Simulation update: decoder round 167138, completed instructions: 5356/21751, actively running or decoding instructions: 8, waiting windows: 57503/117258. Max active instruction index: 5349
2024-11-27 22:56:20 | Simulation update: decoder round 167971, completed instructions: 5388/21751, actively running or decoding instructions: 8, waiting windows: 57815/117881. Max active instruction index: 5381
2024-11-27 22:56:30 | Simulation update: decoder round 168799, completed instructions: 5400/21751, actively running or decoding instructions: 5, waiting windows: 58112/118488. Max active instruction index: 5393
2024-11-27 22:56:40 | Simulation update: decoder round 169633, completed instructions: 5428/21751, actively running or decoding instructions: 5, waiting windows: 58415/119094. Max active instruction index: 5421
2024-11-27 22:56:50 | Simulation update: decoder round 170469, completed instructions: 5444/21751, actively running or decoding instructions: 6, waiting windows: 58714/119705. Max active instruction index: 5437
2024-11-27 22:57:00 | Simulation update: decoder round 171254, completed instructions: 5473/21751, actively running or decoding instructions: 5, waiting windows: 58999/120284. Max active instruction index: 5465
2024-11-27 22:57:10 | Simulation update: decoder round 172098, completed instructions: 5485/21751, actively running or decoding instructions: 5, waiting windows: 59314/120920. Max active instruction index: 5488
2024-11-27 22:57:20 | Simulation update: decoder round 172939, completed instructions: 5508/21751, actively running or decoding instructions: 2, waiting windows: 59632/121557. Max active instruction index: 5501
2024-11-27 22:57:30 | Simulation update: decoder round 173788, completed instructions: 5532/21751, actively running or decoding instructions: 2, waiting windows: 59947/122197. Max active instruction index: 5525
2024-11-27 22:57:40 | Simulation update: decoder round 174640, completed instructions: 5549/21751, actively running or decoding instructions: 3, waiting windows: 60270/122839. Max active instruction index: 5541
2024-11-27 22:57:50 | Simulation update: decoder round 175497, completed instructions: 5576/21751, actively running or decoding instructions: 8, waiting windows: 60574/123462. Max active instruction index: 5569
2024-11-27 22:58:00 | Simulation update: decoder round 176353, completed instructions: 5608/21751, actively running or decoding instructions: 8, waiting windows: 60883/124097. Max active instruction index: 5601
2024-11-27 22:58:10 | Simulation update: decoder round 177218, completed instructions: 5624/21751, actively running or decoding instructions: 2, waiting windows: 61180/124724. Max active instruction index: 5617
2024-11-27 22:58:20 | Simulation update: decoder round 178091, completed instructions: 5657/21751, actively running or decoding instructions: 5, waiting windows: 61517/125383. Max active instruction index: 5649
2024-11-27 22:58:30 | Simulation update: decoder round 178965, completed instructions: 5680/21751, actively running or decoding instructions: 5, waiting windows: 61841/126038. Max active instruction index: 5673
2024-11-27 22:58:40 | Simulation update: decoder round 179843, completed instructions: 5692/21751, actively running or decoding instructions: 3, waiting windows: 62138/126664. Max active instruction index: 5685
2024-11-27 22:58:50 | Simulation update: decoder round 180722, completed instructions: 5720/21751, actively running or decoding instructions: 5, waiting windows: 62465/127313. Max active instruction index: 5713
2024-11-27 22:59:00 | Simulation update: decoder round 181598, completed instructions: 5741/21751, actively running or decoding instructions: 5, waiting windows: 62776/127953. Max active instruction index: 5740
2024-11-27 22:59:10 | Simulation update: decoder round 182478, completed instructions: 5764/21751, actively running or decoding instructions: 8, waiting windows: 63101/128602. Max active instruction index: 5757
2024-11-27 22:59:20 | Simulation update: decoder round 183362, completed instructions: 5789/21751, actively running or decoding instructions: 5, waiting windows: 63419/129254. Max active instruction index: 5781
2024-11-27 22:59:30 | Simulation update: decoder round 184247, completed instructions: 5812/21751, actively running or decoding instructions: 2, waiting windows: 63761/129933. Max active instruction index: 5805
2024-11-27 22:59:40 | Simulation update: decoder round 185140, completed instructions: 5828/21751, actively running or decoding instructions: 3, waiting windows: 64078/130588. Max active instruction index: 5821
2024-11-27 22:59:50 | Simulation update: decoder round 186035, completed instructions: 5856/21751, actively running or decoding instructions: 2, waiting windows: 64401/131256. Max active instruction index: 5849
2024-11-27 23:00:00 | Simulation update: decoder round 186941, completed instructions: 5884/21751, actively running or decoding instructions: 5, waiting windows: 64732/131919. Max active instruction index: 5877
2024-11-27 23:00:10 | Simulation update: decoder round 187846, completed instructions: 5905/21751, actively running or decoding instructions: 5, waiting windows: 65065/132588. Max active instruction index: 5908
2024-11-27 23:00:20 | Simulation update: decoder round 188691, completed instructions: 5928/21751, actively running or decoding instructions: 5, waiting windows: 65376/133206. Max active instruction index: 5921
2024-11-27 23:00:30 | Simulation update: decoder round 189601, completed instructions: 5960/21751, actively running or decoding instructions: 5, waiting windows: 65692/133871. Max active instruction index: 5953
2024-11-27 23:00:40 | Simulation update: decoder round 190512, completed instructions: 5973/21751, actively running or decoding instructions: 4, waiting windows: 66011/134527. Max active instruction index: 5974
2024-11-27 23:00:50 | Simulation update: decoder round 191425, completed instructions: 6001/21751, actively running or decoding instructions: 5, waiting windows: 66358/135216. Max active instruction index: 5993
2024-11-27 23:01:00 | Simulation update: decoder round 192345, completed instructions: 6028/21751, actively running or decoding instructions: 5, waiting windows: 66696/135907. Max active instruction index: 6021
2024-11-27 23:01:10 | Simulation update: decoder round 193270, completed instructions: 6044/21751, actively running or decoding instructions: 6, waiting windows: 67027/136578. Max active instruction index: 6037
2024-11-27 23:01:20 | Simulation update: decoder round 194200, completed instructions: 6076/21751, actively running or decoding instructions: 8, waiting windows: 67358/137262. Max active instruction index: 6069
2024-11-27 23:01:30 | Simulation update: decoder round 195138, completed instructions: 6104/21751, actively running or decoding instructions: 5, waiting windows: 67706/137956. Max active instruction index: 6097
2024-11-27 23:01:40 | Simulation update: decoder round 196076, completed instructions: 6137/21751, actively running or decoding instructions: 5, waiting windows: 68040/138635. Max active instruction index: 6129
2024-11-27 23:01:50 | Simulation update: decoder round 197019, completed instructions: 6164/21751, actively running or decoding instructions: 5, waiting windows: 68390/139344. Max active instruction index: 6157
2024-11-27 23:02:00 | Simulation update: decoder round 197961, completed instructions: 6180/21751, actively running or decoding instructions: 6, waiting windows: 68725/140030. Max active instruction index: 6173
2024-11-27 23:02:10 | Simulation update: decoder round 198907, completed instructions: 6208/21751, actively running or decoding instructions: 2, waiting windows: 69081/140742. Max active instruction index: 6201
2024-11-27 23:02:20 | Simulation update: decoder round 199859, completed instructions: 6236/21751, actively running or decoding instructions: 5, waiting windows: 69434/141449. Max active instruction index: 6229
2024-11-27 23:02:30 | Simulation update: decoder round 200812, completed instructions: 6264/21751, actively running or decoding instructions: 2, waiting windows: 69781/142166. Max active instruction index: 6257
2024-11-27 23:02:40 | Simulation update: decoder round 201772, completed instructions: 6289/21751, actively running or decoding instructions: 5, waiting windows: 70136/142878. Max active instruction index: 6281
2024-11-27 23:02:50 | Simulation update: decoder round 202731, completed instructions: 6330/21751, actively running or decoding instructions: 8, waiting windows: 70508/143614. Max active instruction index: 6346
2024-11-27 23:03:00 | Simulation update: decoder round 203683, completed instructions: 6365/21751, actively running or decoding instructions: 2, waiting windows: 70881/144404. Max active instruction index: 6365
2024-11-27 23:03:10 | Simulation update: decoder round 204645, completed instructions: 6388/21751, actively running or decoding instructions: 5, waiting windows: 71241/145146. Max active instruction index: 6381
2024-11-27 23:03:20 | Simulation update: decoder round 205623, completed instructions: 6416/21751, actively running or decoding instructions: 3, waiting windows: 71614/145913. Max active instruction index: 6409
2024-11-27 23:03:30 | Simulation update: decoder round 206537, completed instructions: 6444/21751, actively running or decoding instructions: 5, waiting windows: 71979/146633. Max active instruction index: 6437
2024-11-27 23:03:40 | Simulation update: decoder round 207517, completed instructions: 6476/21751, actively running or decoding instructions: 8, waiting windows: 72353/147393. Max active instruction index: 6469
2024-11-27 23:03:50 | Simulation update: decoder round 208501, completed instructions: 6492/21751, actively running or decoding instructions: 6, waiting windows: 72727/148157. Max active instruction index: 6496
2024-11-27 23:04:00 | Simulation update: decoder round 209496, completed instructions: 6516/21751, actively running or decoding instructions: 3, waiting windows: 73101/148929. Max active instruction index: 6509
2024-11-27 23:04:10 | Simulation update: decoder round 210490, completed instructions: 6549/21751, actively running or decoding instructions: 8, waiting windows: 73501/149727. Max active instruction index: 6541
2024-11-27 23:04:20 | Simulation update: decoder round 211488, completed instructions: 6576/21751, actively running or decoding instructions: 8, waiting windows: 73877/150509. Max active instruction index: 6569
2024-11-27 23:04:30 | Simulation update: decoder round 212493, completed instructions: 6604/21751, actively running or decoding instructions: 2, waiting windows: 74278/151317. Max active instruction index: 6597
2024-11-27 23:04:40 | Simulation update: decoder round 213511, completed instructions: 6632/21751, actively running or decoding instructions: 5, waiting windows: 74673/152117. Max active instruction index: 6625
2024-11-27 23:04:50 | Simulation update: decoder round 214528, completed instructions: 6661/21751, actively running or decoding instructions: 5, waiting windows: 75070/152913. Max active instruction index: 6653
2024-11-27 23:05:00 | Simulation update: decoder round 215553, completed instructions: 6684/21751, actively running or decoding instructions: 5, waiting windows: 75471/153727. Max active instruction index: 6677
2024-11-27 23:05:10 | Simulation update: decoder round 216586, completed instructions: 6717/21751, actively running or decoding instructions: 5, waiting windows: 75877/154541. Max active instruction index: 6709
2024-11-27 23:05:20 | Simulation update: decoder round 217614, completed instructions: 6744/21751, actively running or decoding instructions: 5, waiting windows: 76267/155352. Max active instruction index: 6737
2024-11-27 23:05:30 | Simulation update: decoder round 218648, completed instructions: 6773/21751, actively running or decoding instructions: 2, waiting windows: 76680/156189. Max active instruction index: 6765
2024-11-27 23:05:40 | Simulation update: decoder round 219687, completed instructions: 6796/21751, actively running or decoding instructions: 2, waiting windows: 77099/157032. Max active instruction index: 6789
2024-11-27 23:05:50 | Simulation update: decoder round 220745, completed instructions: 6824/21751, actively running or decoding instructions: 5, waiting windows: 77500/157851. Max active instruction index: 6817
2024-11-27 23:06:00 | Simulation update: decoder round 221805, completed instructions: 6856/21751, actively running or decoding instructions: 5, waiting windows: 77918/158684. Max active instruction index: 6849
2024-11-27 23:06:10 | Simulation update: decoder round 222791, completed instructions: 6884/21751, actively running or decoding instructions: 2, waiting windows: 78318/159476. Max active instruction index: 6877
2024-11-27 23:06:20 | Simulation update: decoder round 223858, completed instructions: 6913/21751, actively running or decoding instructions: 2, waiting windows: 78725/160323. Max active instruction index: 6905
2024-11-27 23:06:30 | Simulation update: decoder round 224920, completed instructions: 6936/21751, actively running or decoding instructions: 2, waiting windows: 79155/161190. Max active instruction index: 6929
2024-11-27 23:06:40 | Simulation update: decoder round 226002, completed instructions: 6968/21751, actively running or decoding instructions: 8, waiting windows: 79564/162031. Max active instruction index: 6961
2024-11-27 23:06:50 | Simulation update: decoder round 227090, completed instructions: 7000/21751, actively running or decoding instructions: 5, waiting windows: 79979/162880. Max active instruction index: 6993
2024-11-27 23:07:00 | Simulation update: decoder round 228185, completed instructions: 7025/21751, actively running or decoding instructions: 2, waiting windows: 80420/163753. Max active instruction index: 7017
2024-11-27 23:07:10 | Simulation update: decoder round 229284, completed instructions: 7052/21751, actively running or decoding instructions: 5, waiting windows: 80843/164630. Max active instruction index: 7045
2024-11-27 23:07:21 | Simulation update: decoder round 230388, completed instructions: 7076/21751, actively running or decoding instructions: 5, waiting windows: 81255/165484. Max active instruction index: 7069
2024-11-27 23:07:31 | Simulation update: decoder round 231501, completed instructions: 7109/21751, actively running or decoding instructions: 5, waiting windows: 81701/166372. Max active instruction index: 7101
2024-11-27 23:07:41 | Simulation update: decoder round 232624, completed instructions: 7137/21751, actively running or decoding instructions: 5, waiting windows: 82150/167276. Max active instruction index: 7140
2024-11-27 23:07:51 | Simulation update: decoder round 233761, completed instructions: 7169/21751, actively running or decoding instructions: 5, waiting windows: 82577/168162. Max active instruction index: 7169
2024-11-27 23:08:01 | Simulation update: decoder round 234900, completed instructions: 7204/21751, actively running or decoding instructions: 5, waiting windows: 83023/169050. Max active instruction index: 7197
2024-11-27 23:08:11 | Simulation update: decoder round 236047, completed instructions: 7228/21751, actively running or decoding instructions: 2, waiting windows: 83478/169968. Max active instruction index: 7221
2024-11-27 23:08:21 | Simulation update: decoder round 237199, completed instructions: 7260/21751, actively running or decoding instructions: 6, waiting windows: 83915/170870. Max active instruction index: 7253
2024-11-27 23:08:31 | Simulation update: decoder round 238271, completed instructions: 7288/21751, actively running or decoding instructions: 5, waiting windows: 84330/171704. Max active instruction index: 7281
2024-11-27 23:08:41 | Simulation update: decoder round 239434, completed instructions: 7328/21751, actively running or decoding instructions: 2, waiting windows: 84805/172653. Max active instruction index: 7321
2024-11-27 23:08:51 | Simulation update: decoder round 240612, completed instructions: 7360/21751, actively running or decoding instructions: 5, waiting windows: 85246/173567. Max active instruction index: 7353
2024-11-27 23:09:01 | Simulation update: decoder round 241799, completed instructions: 7392/21751, actively running or decoding instructions: 6, waiting windows: 85706/174499. Max active instruction index: 7385
2024-11-27 23:09:11 | Simulation update: decoder round 242992, completed instructions: 7421/21751, actively running or decoding instructions: 8, waiting windows: 86172/175454. Max active instruction index: 7424
2024-11-27 23:09:21 | Simulation update: decoder round 244198, completed instructions: 7465/21751, actively running or decoding instructions: 5, waiting windows: 86644/176399. Max active instruction index: 7457
2024-11-27 23:09:31 | Simulation update: decoder round 245414, completed instructions: 7492/21751, actively running or decoding instructions: 5, waiting windows: 87112/177357. Max active instruction index: 7485
2024-11-27 23:09:41 | Simulation update: decoder round 246635, completed instructions: 7525/21751, actively running or decoding instructions: 8, waiting windows: 87588/178325. Max active instruction index: 7528
2024-11-27 23:09:51 | Simulation update: decoder round 247859, completed instructions: 7564/21751, actively running or decoding instructions: 8, waiting windows: 88069/179297. Max active instruction index: 7557
2024-11-27 23:10:01 | Simulation update: decoder round 249095, completed instructions: 7592/21751, actively running or decoding instructions: 3, waiting windows: 88543/180261. Max active instruction index: 7585
2024-11-27 23:10:11 | Simulation update: decoder round 250348, completed instructions: 7632/21751, actively running or decoding instructions: 8, waiting windows: 89044/181268. Max active instruction index: 7625
2024-11-27 23:10:21 | Simulation update: decoder round 251609, completed instructions: 7660/21751, actively running or decoding instructions: 5, waiting windows: 89520/182247. Max active instruction index: 7653
2024-11-27 23:10:31 | Simulation update: decoder round 252869, completed instructions: 7705/21751, actively running or decoding instructions: 8, waiting windows: 90017/183244. Max active instruction index: 7697
2024-11-27 23:10:41 | Simulation update: decoder round 254155, completed instructions: 7735/21751, actively running or decoding instructions: 5, waiting windows: 90520/184275. Max active instruction index: 7725
2024-11-27 23:10:51 | Simulation update: decoder round 255467, completed instructions: 7793/21751, actively running or decoding instructions: 5, waiting windows: 91038/185320. Max active instruction index: 7786
2024-11-27 23:11:01 | Simulation update: decoder round 256791, completed instructions: 7825/21751, actively running or decoding instructions: 5, waiting windows: 91539/186349. Max active instruction index: 7818
2024-11-27 23:11:11 | Simulation update: decoder round 258131, completed instructions: 7854/21751, actively running or decoding instructions: 3, waiting windows: 92056/187399. Max active instruction index: 7846
2024-11-27 23:11:21 | Simulation update: decoder round 259471, completed instructions: 7893/21751, actively running or decoding instructions: 6, waiting windows: 92574/188469. Max active instruction index: 7886
2024-11-27 23:11:31 | Simulation update: decoder round 260719, completed instructions: 7925/21751, actively running or decoding instructions: 5, waiting windows: 93060/189448. Max active instruction index: 7918
2024-11-27 23:11:41 | Simulation update: decoder round 262077, completed instructions: 7970/21751, actively running or decoding instructions: 5, waiting windows: 93591/190522. Max active instruction index: 7962
2024-11-27 23:11:51 | Simulation update: decoder round 263452, completed instructions: 7993/21751, actively running or decoding instructions: 2, waiting windows: 94139/191629. Max active instruction index: 7986
2024-11-27 23:12:01 | Simulation update: decoder round 264848, completed instructions: 8029/21751, actively running or decoding instructions: 5, waiting windows: 94677/192731. Max active instruction index: 8022
2024-11-27 23:12:11 | Simulation update: decoder round 266283, completed instructions: 8065/21751, actively running or decoding instructions: 2, waiting windows: 95254/193880. Max active instruction index: 8058
2024-11-27 23:12:21 | Simulation update: decoder round 267720, completed instructions: 8105/21751, actively running or decoding instructions: 8, waiting windows: 95806/194998. Max active instruction index: 8098
2024-11-27 23:12:31 | Simulation update: decoder round 269169, completed instructions: 8138/21751, actively running or decoding instructions: 2, waiting windows: 96374/196146. Max active instruction index: 8138
2024-11-27 23:12:41 | Simulation update: decoder round 270643, completed instructions: 8173/21751, actively running or decoding instructions: 6, waiting windows: 96932/197293. Max active instruction index: 8166
2024-11-27 23:12:51 | Simulation update: decoder round 272118, completed instructions: 8213/21751, actively running or decoding instructions: 2, waiting windows: 97512/198468. Max active instruction index: 8206
2024-11-27 23:13:01 | Simulation update: decoder round 273625, completed instructions: 8257/21751, actively running or decoding instructions: 8, waiting windows: 98095/199649. Max active instruction index: 8250
2024-11-27 23:13:11 | Simulation update: decoder round 275144, completed instructions: 8298/21751, actively running or decoding instructions: 8, waiting windows: 98691/200847. Max active instruction index: 8290
2024-11-27 23:13:21 | Simulation update: decoder round 276691, completed instructions: 8342/21751, actively running or decoding instructions: 5, waiting windows: 99288/202071. Max active instruction index: 8334
2024-11-27 23:13:31 | Simulation update: decoder round 278123, completed instructions: 8382/21751, actively running or decoding instructions: 5, waiting windows: 99848/203202. Max active instruction index: 8374
2024-11-27 23:13:41 | Simulation update: decoder round 279705, completed instructions: 8425/21751, actively running or decoding instructions: 5, waiting windows: 100467/204459. Max active instruction index: 8418
2024-11-27 23:13:51 | Simulation update: decoder round 281312, completed instructions: 8466/21751, actively running or decoding instructions: 5, waiting windows: 101092/205731. Max active instruction index: 8458
2024-11-27 23:14:01 | Simulation update: decoder round 282935, completed instructions: 8501/21751, actively running or decoding instructions: 2, waiting windows: 101733/207035. Max active instruction index: 8494
2024-11-27 23:14:11 | Simulation update: decoder round 284575, completed instructions: 8541/21751, actively running or decoding instructions: 5, waiting windows: 102359/208309. Max active instruction index: 8534
2024-11-27 23:14:21 | Simulation update: decoder round 286230, completed instructions: 8586/21751, actively running or decoding instructions: 6, waiting windows: 103005/209606. Max active instruction index: 8578
2024-11-27 23:14:31 | Simulation update: decoder round 287923, completed instructions: 8629/21751, actively running or decoding instructions: 5, waiting windows: 103651/210936. Max active instruction index: 8622
2024-11-27 23:14:41 | Simulation update: decoder round 289627, completed instructions: 8685/21751, actively running or decoding instructions: 5, waiting windows: 104324/212290. Max active instruction index: 8678
2024-11-27 23:14:51 | Simulation update: decoder round 291214, completed instructions: 8714/21751, actively running or decoding instructions: 5, waiting windows: 104947/213548. Max active instruction index: 8706
2024-11-27 23:15:01 | Simulation update: decoder round 292969, completed instructions: 8769/21751, actively running or decoding instructions: 2, waiting windows: 105627/214934. Max active instruction index: 8762
2024-11-27 23:15:11 | Simulation update: decoder round 294759, completed instructions: 8809/21751, actively running or decoding instructions: 2, waiting windows: 106329/216352. Max active instruction index: 8809
2024-11-27 23:15:21 | Simulation update: decoder round 296566, completed instructions: 8865/21751, actively running or decoding instructions: 8, waiting windows: 107032/217789. Max active instruction index: 8858
2024-11-27 23:15:31 | Simulation update: decoder round 298415, completed instructions: 8917/21751, actively running or decoding instructions: 2, waiting windows: 107739/219231. Max active instruction index: 8917
2024-11-27 23:15:41 | Simulation update: decoder round 300314, completed instructions: 8973/21751, actively running or decoding instructions: 5, waiting windows: 108475/220709. Max active instruction index: 8966
2024-11-27 23:15:51 | Simulation update: decoder round 302247, completed instructions: 9021/21751, actively running or decoding instructions: 5, waiting windows: 109211/222207. Max active instruction index: 9014
2024-11-27 23:16:01 | Simulation update: decoder round 304203, completed instructions: 9074/21751, actively running or decoding instructions: 2, waiting windows: 110001/223787. Max active instruction index: 9066
2024-11-27 23:16:11 | Simulation update: decoder round 306205, completed instructions: 9121/21751, actively running or decoding instructions: 6, waiting windows: 110777/225370. Max active instruction index: 9124
2024-11-27 23:16:21 | Simulation update: decoder round 308151, completed instructions: 9487/21751, actively running or decoding instructions: 21, waiting windows: 111712/227349. Max active instruction index: 9475
2024-11-27 23:16:31 | Simulation update: decoder round 310511, completed instructions: 9680/21751, actively running or decoding instructions: 11, waiting windows: 112707/229498. Max active instruction index: 9681
2024-11-27 23:16:41 | Simulation update: decoder round 313093, completed instructions: 9958/21751, actively running or decoding instructions: 38, waiting windows: 113880/231926. Max active instruction index: 9988
2024-11-27 23:16:51 | Simulation update: decoder round 315849, completed instructions: 10267/21751, actively running or decoding instructions: 26, waiting windows: 115095/234502. Max active instruction index: 10383
2024-11-27 23:17:01 | Simulation update: decoder round 317825, completed instructions: 10520/21751, actively running or decoding instructions: 14, waiting windows: 115945/236379. Max active instruction index: 10536
2024-11-27 23:17:11 | Simulation update: decoder round 319515, completed instructions: 10735/21751, actively running or decoding instructions: 28, waiting windows: 116741/238005. Max active instruction index: 10835
2024-11-27 23:17:21 | Simulation update: decoder round 321303, completed instructions: 10963/21751, actively running or decoding instructions: 22, waiting windows: 117546/239744. Max active instruction index: 10985
2024-11-27 23:17:31 | Simulation update: decoder round 323303, completed instructions: 11210/21751, actively running or decoding instructions: 16, waiting windows: 118422/241604. Max active instruction index: 11337
2024-11-27 23:17:41 | Simulation update: decoder round 325493, completed instructions: 11495/21751, actively running or decoding instructions: 24, waiting windows: 119371/243694. Max active instruction index: 11528
2024-11-27 23:17:51 | Simulation update: decoder round 328034, completed instructions: 11836/21751, actively running or decoding instructions: 33, waiting windows: 120554/246163. Max active instruction index: 12081
2024-11-27 23:18:01 | Simulation update: decoder round 331093, completed instructions: 12237/21751, actively running or decoding instructions: 8, waiting windows: 121914/249096. Max active instruction index: 12244
2024-11-27 23:18:11 | Simulation update: decoder round 335440, completed instructions: 12874/21751, actively running or decoding instructions: 10, waiting windows: 123558/252772. Max active instruction index: 12717
2024-11-27 23:18:21 | Simulation update: decoder round 340707, completed instructions: 13419/21751, actively running or decoding instructions: 27, waiting windows: 125381/256598. Max active instruction index: 13528
2024-11-27 23:18:31 | Simulation update: decoder round 354437, completed instructions: 14666/21751, actively running or decoding instructions: 13, waiting windows: 127635/261884. Max active instruction index: 14699
2024-11-27 23:18:41 | Simulation update: decoder round 384870, completed instructions: 16615/21751, actively running or decoding instructions: 6, waiting windows: 130129/267767. Max active instruction index: 16701
2024-11-27 23:18:51 | Simulation update: decoder round 423283, completed instructions: 18563/21751, actively running or decoding instructions: 5, waiting windows: 132462/273368. Max active instruction index: 18459
2024-11-27 23:19:01 | Simulation update: decoder round 489170, completed instructions: 20346/21751, actively running or decoding instructions: 8, waiting windows: 134551/278306. Max active instruction index: 20323
2024-11-27 23:19:09 | Finished simulation
2024-11-27 23:19:10 | Finished saving output. Done! Total elapsed time: 1:09:06.780350
