CONFIG 1188
benchmark_file: slurm/data/20241127_100432/benchmarks/fermi_hubbard_2_2.lss
decoder_latency_or_dist_filename: slurm/data/20241127_100432/decoder_dists.json
distance: 21
lightweight_setting: 2
max_parallel_processes: None
missed_speculation_modifier: 1.4
poison_policy: successors
rng: 9
scheduling_method: parallel
speculation_accuracy: 0.9
speculation_latency: 1
speculation_mode: None
2024-11-27 22:14:00 | Loading benchmark slurm/data/20241127_100432/benchmarks/fermi_hubbard_2_2.lss...
2024-11-27 22:14:02 | Starting simulation
2024-11-27 22:14:04 | Simulation update: decoder round 1, completed instructions: 0/21751, actively running or decoding instructions: 14, waiting windows: 0/0. Max active instruction index: 50
2024-11-27 22:14:14 | Simulation update: decoder round 522, completed instructions: 62/21751, actively running or decoding instructions: 14, waiting windows: 253/340. Max active instruction index: 59
2024-11-27 22:14:24 | Simulation update: decoder round 1041, completed instructions: 74/21751, actively running or decoding instructions: 8, waiting windows: 417/671. Max active instruction index: 71
2024-11-27 22:14:34 | Simulation update: decoder round 1558, completed instructions: 82/21751, actively running or decoding instructions: 5, waiting windows: 579/999. Max active instruction index: 79
2024-11-27 22:14:44 | Simulation update: decoder round 2075, completed instructions: 91/21751, actively running or decoding instructions: 5, waiting windows: 728/1318. Max active instruction index: 87
2024-11-27 22:14:54 | Simulation update: decoder round 2593, completed instructions: 98/21751, actively running or decoding instructions: 2, waiting windows: 901/1665. Max active instruction index: 95
2024-11-27 22:15:04 | Simulation update: decoder round 3115, completed instructions: 110/21751, actively running or decoding instructions: 5, waiting windows: 1069/1995. Max active instruction index: 107
2024-11-27 22:15:14 | Simulation update: decoder round 3636, completed instructions: 123/21751, actively running or decoding instructions: 5, waiting windows: 1234/2325. Max active instruction index: 119
2024-11-27 22:15:24 | Simulation update: decoder round 4153, completed instructions: 130/21751, actively running or decoding instructions: 2, waiting windows: 1398/2661. Max active instruction index: 127
2024-11-27 22:15:34 | Simulation update: decoder round 4674, completed instructions: 142/21751, actively running or decoding instructions: 5, waiting windows: 1555/2991. Max active instruction index: 139
2024-11-27 22:15:44 | Simulation update: decoder round 5181, completed instructions: 154/21751, actively running or decoding instructions: 8, waiting windows: 1713/3311. Max active instruction index: 151
2024-11-27 22:15:54 | Simulation update: decoder round 5702, completed instructions: 162/21751, actively running or decoding instructions: 5, waiting windows: 1874/3640. Max active instruction index: 159
2024-11-27 22:16:04 | Simulation update: decoder round 6221, completed instructions: 170/21751, actively running or decoding instructions: 5, waiting windows: 2040/3970. Max active instruction index: 167
2024-11-27 22:16:14 | Simulation update: decoder round 6724, completed instructions: 182/21751, actively running or decoding instructions: 5, waiting windows: 2197/4285. Max active instruction index: 179
2024-11-27 22:16:24 | Simulation update: decoder round 7245, completed instructions: 195/21751, actively running or decoding instructions: 8, waiting windows: 2367/4620. Max active instruction index: 191
2024-11-27 22:16:34 | Simulation update: decoder round 7769, completed instructions: 202/21751, actively running or decoding instructions: 2, waiting windows: 2529/4959. Max active instruction index: 199
2024-11-27 22:16:45 | Simulation update: decoder round 8293, completed instructions: 214/21751, actively running or decoding instructions: 6, waiting windows: 2688/5291. Max active instruction index: 211
2024-11-27 22:16:55 | Simulation update: decoder round 8813, completed instructions: 226/21751, actively running or decoding instructions: 5, waiting windows: 2852/5621. Max active instruction index: 223
2024-11-27 22:17:05 | Simulation update: decoder round 9338, completed instructions: 238/21751, actively running or decoding instructions: 8, waiting windows: 3024/5953. Max active instruction index: 235
2024-11-27 22:17:15 | Simulation update: decoder round 9864, completed instructions: 246/21751, actively running or decoding instructions: 5, waiting windows: 3184/6283. Max active instruction index: 243
2024-11-27 22:17:25 | Simulation update: decoder round 10390, completed instructions: 258/21751, actively running or decoding instructions: 8, waiting windows: 3342/6615. Max active instruction index: 255
2024-11-27 22:17:35 | Simulation update: decoder round 10915, completed instructions: 270/21751, actively running or decoding instructions: 8, waiting windows: 3501/6948. Max active instruction index: 267
2024-11-27 22:17:45 | Simulation update: decoder round 11439, completed instructions: 278/21751, actively running or decoding instructions: 5, waiting windows: 3671/7278. Max active instruction index: 275
2024-11-27 22:17:55 | Simulation update: decoder round 11968, completed instructions: 290/21751, actively running or decoding instructions: 5, waiting windows: 3832/7611. Max active instruction index: 287
2024-11-27 22:18:05 | Simulation update: decoder round 12493, completed instructions: 298/21751, actively running or decoding instructions: 5, waiting windows: 3989/7941. Max active instruction index: 295
2024-11-27 22:18:15 | Simulation update: decoder round 13022, completed instructions: 310/21751, actively running or decoding instructions: 8, waiting windows: 4166/8284. Max active instruction index: 307
2024-11-27 22:18:25 | Simulation update: decoder round 13548, completed instructions: 322/21751, actively running or decoding instructions: 2, waiting windows: 4331/8614. Max active instruction index: 319
2024-11-27 22:18:35 | Simulation update: decoder round 14076, completed instructions: 334/21751, actively running or decoding instructions: 3, waiting windows: 4494/8945. Max active instruction index: 331
2024-11-27 22:18:45 | Simulation update: decoder round 14606, completed instructions: 347/21751, actively running or decoding instructions: 8, waiting windows: 4668/9290. Max active instruction index: 343
2024-11-27 22:18:55 | Simulation update: decoder round 15137, completed instructions: 354/21751, actively running or decoding instructions: 2, waiting windows: 4827/9628. Max active instruction index: 351
2024-11-27 22:19:05 | Simulation update: decoder round 15667, completed instructions: 362/21751, actively running or decoding instructions: 2, waiting windows: 5000/9969. Max active instruction index: 359
2024-11-27 22:19:15 | Simulation update: decoder round 16202, completed instructions: 386/21751, actively running or decoding instructions: 5, waiting windows: 5163/10305. Max active instruction index: 383
2024-11-27 22:19:25 | Simulation update: decoder round 16738, completed instructions: 398/21751, actively running or decoding instructions: 5, waiting windows: 5340/10646. Max active instruction index: 395
2024-11-27 22:19:35 | Simulation update: decoder round 17271, completed instructions: 410/21751, actively running or decoding instructions: 8, waiting windows: 5503/10980. Max active instruction index: 407
2024-11-27 22:19:45 | Simulation update: decoder round 17803, completed instructions: 422/21751, actively running or decoding instructions: 5, waiting windows: 5658/11310. Max active instruction index: 419
2024-11-27 22:19:55 | Simulation update: decoder round 18332, completed instructions: 435/21751, actively running or decoding instructions: 5, waiting windows: 5828/11644. Max active instruction index: 431
2024-11-27 22:20:05 | Simulation update: decoder round 18851, completed instructions: 442/21751, actively running or decoding instructions: 2, waiting windows: 6001/11989. Max active instruction index: 439
2024-11-27 22:20:15 | Simulation update: decoder round 19388, completed instructions: 450/21751, actively running or decoding instructions: 5, waiting windows: 6164/12331. Max active instruction index: 447
2024-11-27 22:20:25 | Simulation update: decoder round 19925, completed instructions: 458/21751, actively running or decoding instructions: 5, waiting windows: 6326/12661. Max active instruction index: 455
2024-11-27 22:20:35 | Simulation update: decoder round 20461, completed instructions: 470/21751, actively running or decoding instructions: 5, waiting windows: 6499/13004. Max active instruction index: 467
2024-11-27 22:20:45 | Simulation update: decoder round 20997, completed instructions: 478/21751, actively running or decoding instructions: 5, waiting windows: 6655/13335. Max active instruction index: 475
2024-11-27 22:20:55 | Simulation update: decoder round 21532, completed instructions: 490/21751, actively running or decoding instructions: 8, waiting windows: 6830/13680. Max active instruction index: 487
2024-11-27 22:21:05 | Simulation update: decoder round 22064, completed instructions: 503/21751, actively running or decoding instructions: 5, waiting windows: 6999/14026. Max active instruction index: 499
2024-11-27 22:21:15 | Simulation update: decoder round 22604, completed instructions: 522/21751, actively running or decoding instructions: 8, waiting windows: 7174/14376. Max active instruction index: 519
2024-11-27 22:21:25 | Simulation update: decoder round 23144, completed instructions: 522/21751, actively running or decoding instructions: 2, waiting windows: 7342/14713. Max active instruction index: 522
2024-11-27 22:21:35 | Simulation update: decoder round 23682, completed instructions: 543/21751, actively running or decoding instructions: 5, waiting windows: 7497/15049. Max active instruction index: 543
2024-11-27 22:21:45 | Simulation update: decoder round 24221, completed instructions: 551/21751, actively running or decoding instructions: 2, waiting windows: 7690/15413. Max active instruction index: 551
2024-11-27 22:21:55 | Simulation update: decoder round 24764, completed instructions: 562/21751, actively running or decoding instructions: 5, waiting windows: 7854/15758. Max active instruction index: 559
2024-11-27 22:22:05 | Simulation update: decoder round 25305, completed instructions: 574/21751, actively running or decoding instructions: 8, waiting windows: 8022/16092. Max active instruction index: 571
2024-11-27 22:22:15 | Simulation update: decoder round 25850, completed instructions: 586/21751, actively running or decoding instructions: 8, waiting windows: 8186/16437. Max active instruction index: 583
2024-11-27 22:22:25 | Simulation update: decoder round 26391, completed instructions: 598/21751, actively running or decoding instructions: 5, waiting windows: 8357/16778. Max active instruction index: 595
2024-11-27 22:22:35 | Simulation update: decoder round 26935, completed instructions: 606/21751, actively running or decoding instructions: 5, waiting windows: 8521/17121. Max active instruction index: 603
2024-11-27 22:22:45 | Simulation update: decoder round 27477, completed instructions: 618/21751, actively running or decoding instructions: 5, waiting windows: 8696/17464. Max active instruction index: 615
2024-11-27 22:22:55 | Simulation update: decoder round 28021, completed instructions: 630/21751, actively running or decoding instructions: 3, waiting windows: 8861/17808. Max active instruction index: 627
2024-11-27 22:23:05 | Simulation update: decoder round 28566, completed instructions: 642/21751, actively running or decoding instructions: 2, waiting windows: 9031/18150. Max active instruction index: 639
2024-11-27 22:23:15 | Simulation update: decoder round 29113, completed instructions: 654/21751, actively running or decoding instructions: 8, waiting windows: 9202/18496. Max active instruction index: 651
2024-11-27 22:23:25 | Simulation update: decoder round 29660, completed instructions: 662/21751, actively running or decoding instructions: 5, waiting windows: 9371/18839. Max active instruction index: 659
2024-11-27 22:23:35 | Simulation update: decoder round 30208, completed instructions: 674/21751, actively running or decoding instructions: 6, waiting windows: 9541/19184. Max active instruction index: 671
2024-11-27 22:23:45 | Simulation update: decoder round 30760, completed instructions: 686/21751, actively running or decoding instructions: 5, waiting windows: 9710/19529. Max active instruction index: 683
2024-11-27 22:23:55 | Simulation update: decoder round 31290, completed instructions: 695/21751, actively running or decoding instructions: 5, waiting windows: 9891/19880. Max active instruction index: 691
2024-11-27 22:24:05 | Simulation update: decoder round 31842, completed instructions: 714/21751, actively running or decoding instructions: 8, waiting windows: 10069/20245. Max active instruction index: 711
2024-11-27 22:24:15 | Simulation update: decoder round 32397, completed instructions: 718/21751, actively running or decoding instructions: 2, waiting windows: 10225/20584. Max active instruction index: 718
2024-11-27 22:24:25 | Simulation update: decoder round 32950, completed instructions: 735/21751, actively running or decoding instructions: 2, waiting windows: 10428/20961. Max active instruction index: 731
2024-11-27 22:24:35 | Simulation update: decoder round 33503, completed instructions: 743/21751, actively running or decoding instructions: 2, waiting windows: 10602/21328. Max active instruction index: 739
2024-11-27 22:24:45 | Simulation update: decoder round 34057, completed instructions: 750/21751, actively running or decoding instructions: 2, waiting windows: 10774/21679. Max active instruction index: 747
2024-11-27 22:24:55 | Simulation update: decoder round 34613, completed instructions: 762/21751, actively running or decoding instructions: 5, waiting windows: 10950/22037. Max active instruction index: 759
2024-11-27 22:25:05 | Simulation update: decoder round 35162, completed instructions: 770/21751, actively running or decoding instructions: 5, waiting windows: 11117/22380. Max active instruction index: 767
2024-11-27 22:25:15 | Simulation update: decoder round 35715, completed instructions: 778/21751, actively running or decoding instructions: 2, waiting windows: 11287/22725. Max active instruction index: 778
2024-11-27 22:25:25 | Simulation update: decoder round 36270, completed instructions: 795/21751, actively running or decoding instructions: 8, waiting windows: 11465/23084. Max active instruction index: 795
2024-11-27 22:25:35 | Simulation update: decoder round 36827, completed instructions: 806/21751, actively running or decoding instructions: 5, waiting windows: 11644/23430. Max active instruction index: 803
2024-11-27 22:25:45 | Simulation update: decoder round 37381, completed instructions: 818/21751, actively running or decoding instructions: 8, waiting windows: 11816/23786. Max active instruction index: 815
2024-11-27 22:25:55 | Simulation update: decoder round 37939, completed instructions: 830/21751, actively running or decoding instructions: 8, waiting windows: 11982/24133. Max active instruction index: 827
2024-11-27 22:26:05 | Simulation update: decoder round 38497, completed instructions: 838/21751, actively running or decoding instructions: 5, waiting windows: 12165/24488. Max active instruction index: 835
2024-11-27 22:26:15 | Simulation update: decoder round 39058, completed instructions: 850/21751, actively running or decoding instructions: 9, waiting windows: 12328/24835. Max active instruction index: 854
2024-11-27 22:26:25 | Simulation update: decoder round 39619, completed instructions: 858/21751, actively running or decoding instructions: 2, waiting windows: 12524/25215. Max active instruction index: 855
2024-11-27 22:26:35 | Simulation update: decoder round 40180, completed instructions: 867/21751, actively running or decoding instructions: 5, waiting windows: 12703/25577. Max active instruction index: 863
2024-11-27 22:26:45 | Simulation update: decoder round 40737, completed instructions: 874/21751, actively running or decoding instructions: 2, waiting windows: 12867/25929. Max active instruction index: 871
2024-11-27 22:26:55 | Simulation update: decoder round 41297, completed instructions: 890/21751, actively running or decoding instructions: 2, waiting windows: 13057/26306. Max active instruction index: 887
2024-11-27 22:27:05 | Simulation update: decoder round 41855, completed instructions: 898/21751, actively running or decoding instructions: 5, waiting windows: 13241/26660. Max active instruction index: 895
2024-11-27 22:27:15 | Simulation update: decoder round 42419, completed instructions: 910/21751, actively running or decoding instructions: 8, waiting windows: 13399/27009. Max active instruction index: 907
2024-11-27 22:27:25 | Simulation update: decoder round 42982, completed instructions: 922/21751, actively running or decoding instructions: 5, waiting windows: 13577/27364. Max active instruction index: 919
2024-11-27 22:27:35 | Simulation update: decoder round 43546, completed instructions: 930/21751, actively running or decoding instructions: 5, waiting windows: 13753/27719. Max active instruction index: 927
2024-11-27 22:27:45 | Simulation update: decoder round 44111, completed instructions: 943/21751, actively running or decoding instructions: 8, waiting windows: 13941/28088. Max active instruction index: 939
2024-11-27 22:27:55 | Simulation update: decoder round 44678, completed instructions: 950/21751, actively running or decoding instructions: 2, waiting windows: 14110/28451. Max active instruction index: 947
2024-11-27 22:28:05 | Simulation update: decoder round 45250, completed instructions: 966/21751, actively running or decoding instructions: 5, waiting windows: 14287/28812. Max active instruction index: 963
2024-11-27 22:28:15 | Simulation update: decoder round 45798, completed instructions: 978/21751, actively running or decoding instructions: 5, waiting windows: 14465/29155. Max active instruction index: 975
2024-11-27 22:28:25 | Simulation update: decoder round 46367, completed instructions: 990/21751, actively running or decoding instructions: 5, waiting windows: 14638/29512. Max active instruction index: 987
2024-11-27 22:28:35 | Simulation update: decoder round 46938, completed instructions: 1002/21751, actively running or decoding instructions: 8, waiting windows: 14824/29881. Max active instruction index: 999
2024-11-27 22:28:45 | Simulation update: decoder round 47504, completed instructions: 1010/21751, actively running or decoding instructions: 5, waiting windows: 14996/30237. Max active instruction index: 1007
2024-11-27 22:28:55 | Simulation update: decoder round 48070, completed instructions: 1022/21751, actively running or decoding instructions: 5, waiting windows: 15178/30593. Max active instruction index: 1019
2024-11-27 22:29:05 | Simulation update: decoder round 48633, completed instructions: 1034/21751, actively running or decoding instructions: 5, waiting windows: 15338/30938. Max active instruction index: 1031
2024-11-27 22:29:15 | Simulation update: decoder round 49201, completed instructions: 1046/21751, actively running or decoding instructions: 8, waiting windows: 15520/31296. Max active instruction index: 1043
2024-11-27 22:29:25 | Simulation update: decoder round 49774, completed instructions: 1058/21751, actively running or decoding instructions: 8, waiting windows: 15704/31665. Max active instruction index: 1055
2024-11-27 22:29:35 | Simulation update: decoder round 50347, completed instructions: 1070/21751, actively running or decoding instructions: 5, waiting windows: 15879/32022. Max active instruction index: 1067
2024-11-27 22:29:45 | Simulation update: decoder round 50916, completed instructions: 1105/21751, actively running or decoding instructions: 13, waiting windows: 16079/32406. Max active instruction index: 1100
2024-11-27 22:29:55 | Simulation update: decoder round 51489, completed instructions: 1119/21751, actively running or decoding instructions: 5, waiting windows: 16253/32792. Max active instruction index: 1114
2024-11-27 22:30:05 | Simulation update: decoder round 52061, completed instructions: 1133/21751, actively running or decoding instructions: 8, waiting windows: 16451/33191. Max active instruction index: 1128
2024-11-27 22:30:15 | Simulation update: decoder round 52631, completed instructions: 1143/21751, actively running or decoding instructions: 5, waiting windows: 16645/33577. Max active instruction index: 1138
2024-11-27 22:30:25 | Simulation update: decoder round 53202, completed instructions: 1157/21751, actively running or decoding instructions: 8, waiting windows: 16840/33965. Max active instruction index: 1152
2024-11-27 22:30:35 | Simulation update: decoder round 53773, completed instructions: 1172/21751, actively running or decoding instructions: 3, waiting windows: 17032/34363. Max active instruction index: 1166
2024-11-27 22:30:45 | Simulation update: decoder round 54348, completed instructions: 1195/21751, actively running or decoding instructions: 8, waiting windows: 17227/34765. Max active instruction index: 1190
2024-11-27 22:30:55 | Simulation update: decoder round 54924, completed instructions: 1205/21751, actively running or decoding instructions: 5, waiting windows: 17420/35161. Max active instruction index: 1200
2024-11-27 22:31:05 | Simulation update: decoder round 55499, completed instructions: 1215/21751, actively running or decoding instructions: 5, waiting windows: 17607/35547. Max active instruction index: 1210
2024-11-27 22:31:15 | Simulation update: decoder round 56071, completed instructions: 1225/21751, actively running or decoding instructions: 5, waiting windows: 17805/35944. Max active instruction index: 1220
2024-11-27 22:31:25 | Simulation update: decoder round 56649, completed instructions: 1239/21751, actively running or decoding instructions: 8, waiting windows: 17997/36332. Max active instruction index: 1234
2024-11-27 22:31:35 | Simulation update: decoder round 57228, completed instructions: 1253/21751, actively running or decoding instructions: 5, waiting windows: 18191/36732. Max active instruction index: 1248
2024-11-27 22:31:45 | Simulation update: decoder round 57807, completed instructions: 1277/21751, actively running or decoding instructions: 5, waiting windows: 18386/37127. Max active instruction index: 1272
2024-11-27 22:31:55 | Simulation update: decoder round 58366, completed instructions: 1291/21751, actively running or decoding instructions: 5, waiting windows: 18572/37511. Max active instruction index: 1286
2024-11-27 22:32:05 | Simulation update: decoder round 58946, completed instructions: 1305/21751, actively running or decoding instructions: 8, waiting windows: 18761/37901. Max active instruction index: 1300
2024-11-27 22:32:15 | Simulation update: decoder round 59527, completed instructions: 1316/21751, actively running or decoding instructions: 5, waiting windows: 18961/38305. Max active instruction index: 1310
2024-11-27 22:32:25 | Simulation update: decoder round 60110, completed instructions: 1325/21751, actively running or decoding instructions: 2, waiting windows: 19162/38713. Max active instruction index: 1320
2024-11-27 22:32:35 | Simulation update: decoder round 60695, completed instructions: 1339/21751, actively running or decoding instructions: 8, waiting windows: 19356/39114. Max active instruction index: 1334
2024-11-27 22:32:45 | Simulation update: decoder round 61282, completed instructions: 1353/21751, actively running or decoding instructions: 5, waiting windows: 19553/39514. Max active instruction index: 1348
2024-11-27 22:32:55 | Simulation update: decoder round 61868, completed instructions: 1377/21751, actively running or decoding instructions: 2, waiting windows: 19767/39939. Max active instruction index: 1372
2024-11-27 22:33:05 | Simulation update: decoder round 62457, completed instructions: 1391/21751, actively running or decoding instructions: 8, waiting windows: 19961/40341. Max active instruction index: 1386
2024-11-27 22:33:15 | Simulation update: decoder round 63047, completed instructions: 1406/21751, actively running or decoding instructions: 8, waiting windows: 20169/40750. Max active instruction index: 1400
2024-11-27 22:33:25 | Simulation update: decoder round 63634, completed instructions: 1415/21751, actively running or decoding instructions: 2, waiting windows: 20369/41162. Max active instruction index: 1410
2024-11-27 22:33:35 | Simulation update: decoder round 64222, completed instructions: 1426/21751, actively running or decoding instructions: 5, waiting windows: 20577/41579. Max active instruction index: 1420
2024-11-27 22:33:45 | Simulation update: decoder round 64809, completed instructions: 1445/21751, actively running or decoding instructions: 2, waiting windows: 20780/42000. Max active instruction index: 1440
2024-11-27 22:33:55 | Simulation update: decoder round 65400, completed instructions: 1459/21751, actively running or decoding instructions: 5, waiting windows: 20969/42401. Max active instruction index: 1454
2024-11-27 22:34:05 | Simulation update: decoder round 65994, completed instructions: 1474/21751, actively running or decoding instructions: 5, waiting windows: 21174/42817. Max active instruction index: 1468
2024-11-27 22:34:15 | Simulation update: decoder round 66589, completed instructions: 1497/21751, actively running or decoding instructions: 5, waiting windows: 21371/43223. Max active instruction index: 1492
2024-11-27 22:34:25 | Simulation update: decoder round 67188, completed instructions: 1511/21751, actively running or decoding instructions: 5, waiting windows: 21574/43635. Max active instruction index: 1506
2024-11-27 22:34:35 | Simulation update: decoder round 67784, completed instructions: 1522/21751, actively running or decoding instructions: 5, waiting windows: 21784/44048. Max active instruction index: 1516
2024-11-27 22:34:45 | Simulation update: decoder round 68381, completed instructions: 1545/21751, actively running or decoding instructions: 5, waiting windows: 21995/44475. Max active instruction index: 1540
2024-11-27 22:34:55 | Simulation update: decoder round 68978, completed instructions: 1559/21751, actively running or decoding instructions: 5, waiting windows: 22191/44876. Max active instruction index: 1554
2024-11-27 22:35:05 | Simulation update: decoder round 69577, completed instructions: 1569/21751, actively running or decoding instructions: 5, waiting windows: 22393/45286. Max active instruction index: 1564
2024-11-27 22:35:15 | Simulation update: decoder round 70177, completed instructions: 1583/21751, actively running or decoding instructions: 5, waiting windows: 22587/45687. Max active instruction index: 1578
2024-11-27 22:35:25 | Simulation update: decoder round 70774, completed instructions: 1597/21751, actively running or decoding instructions: 5, waiting windows: 22791/46097. Max active instruction index: 1592
2024-11-27 22:35:35 | Simulation update: decoder round 71370, completed instructions: 1611/21751, actively running or decoding instructions: 5, waiting windows: 22983/46498. Max active instruction index: 1606
2024-11-27 22:35:46 | Simulation update: decoder round 71948, completed instructions: 1625/21751, actively running or decoding instructions: 8, waiting windows: 23183/46898. Max active instruction index: 1620
2024-11-27 22:35:56 | Simulation update: decoder round 72550, completed instructions: 1639/21751, actively running or decoding instructions: 5, waiting windows: 23371/47299. Max active instruction index: 1634
2024-11-27 22:36:06 | Simulation update: decoder round 73156, completed instructions: 1663/21751, actively running or decoding instructions: 3, waiting windows: 23596/47736. Max active instruction index: 1667
2024-11-27 22:36:16 | Simulation update: decoder round 73761, completed instructions: 1673/21751, actively running or decoding instructions: 2, waiting windows: 23808/48164. Max active instruction index: 1668
2024-11-27 22:36:26 | Simulation update: decoder round 74367, completed instructions: 1683/21751, actively running or decoding instructions: 5, waiting windows: 24007/48577. Max active instruction index: 1678
2024-11-27 22:36:36 | Simulation update: decoder round 74971, completed instructions: 1706/21751, actively running or decoding instructions: 5, waiting windows: 24215/48991. Max active instruction index: 1706
2024-11-27 22:36:46 | Simulation update: decoder round 75574, completed instructions: 1725/21751, actively running or decoding instructions: 8, waiting windows: 24414/49399. Max active instruction index: 1720
2024-11-27 22:36:56 | Simulation update: decoder round 76184, completed instructions: 1739/21751, actively running or decoding instructions: 5, waiting windows: 24610/49811. Max active instruction index: 1734
2024-11-27 22:37:06 | Simulation update: decoder round 76795, completed instructions: 1750/21751, actively running or decoding instructions: 5, waiting windows: 24825/50234. Max active instruction index: 1744
2024-11-27 22:37:16 | Simulation update: decoder round 77408, completed instructions: 1759/21751, actively running or decoding instructions: 2, waiting windows: 25038/50666. Max active instruction index: 1754
2024-11-27 22:37:26 | Simulation update: decoder round 78019, completed instructions: 1779/21751, actively running or decoding instructions: 2, waiting windows: 25259/51102. Max active instruction index: 1774
2024-11-27 22:37:36 | Simulation update: decoder round 78635, completed instructions: 1793/21751, actively running or decoding instructions: 5, waiting windows: 25456/51516. Max active instruction index: 1788
2024-11-27 22:37:46 | Simulation update: decoder round 79247, completed instructions: 1807/21751, actively running or decoding instructions: 8, waiting windows: 25659/51932. Max active instruction index: 1802
2024-11-27 22:37:56 | Simulation update: decoder round 79855, completed instructions: 1817/21751, actively running or decoding instructions: 3, waiting windows: 25857/52346. Max active instruction index: 1812
2024-11-27 22:38:06 | Simulation update: decoder round 80466, completed instructions: 1827/21751, actively running or decoding instructions: 3, waiting windows: 26062/52759. Max active instruction index: 1822
2024-11-27 22:38:16 | Simulation update: decoder round 81081, completed instructions: 1851/21751, actively running or decoding instructions: 2, waiting windows: 26289/53204. Max active instruction index: 1846
2024-11-27 22:38:26 | Simulation update: decoder round 81699, completed instructions: 1865/21751, actively running or decoding instructions: 5, waiting windows: 26492/53628. Max active instruction index: 1860
2024-11-27 22:38:36 | Simulation update: decoder round 82318, completed instructions: 1875/21751, actively running or decoding instructions: 5, waiting windows: 26693/54042. Max active instruction index: 1870
2024-11-27 22:38:46 | Simulation update: decoder round 82939, completed instructions: 1885/21751, actively running or decoding instructions: 5, waiting windows: 26904/54468. Max active instruction index: 1880
2024-11-27 22:38:56 | Simulation update: decoder round 83561, completed instructions: 1899/21751, actively running or decoding instructions: 5, waiting windows: 27108/54893. Max active instruction index: 1894
2024-11-27 22:39:06 | Simulation update: decoder round 84183, completed instructions: 1920/21751, actively running or decoding instructions: 2, waiting windows: 27340/55332. Max active instruction index: 1914
2024-11-27 22:39:16 | Simulation update: decoder round 84776, completed instructions: 1929/21751, actively running or decoding instructions: 2, waiting windows: 27540/55748. Max active instruction index: 1924
2024-11-27 22:39:26 | Simulation update: decoder round 85393, completed instructions: 1958/21751, actively running or decoding instructions: 8, waiting windows: 27753/56182. Max active instruction index: 1952
2024-11-27 22:39:36 | Simulation update: decoder round 86017, completed instructions: 1967/21751, actively running or decoding instructions: 2, waiting windows: 27968/56625. Max active instruction index: 1962
2024-11-27 22:39:46 | Simulation update: decoder round 86645, completed instructions: 1981/21751, actively running or decoding instructions: 5, waiting windows: 28167/57041. Max active instruction index: 1976
2024-11-27 22:39:56 | Simulation update: decoder round 87269, completed instructions: 1992/21751, actively running or decoding instructions: 5, waiting windows: 28377/57468. Max active instruction index: 1995
2024-11-27 22:40:06 | Simulation update: decoder round 87896, completed instructions: 2015/21751, actively running or decoding instructions: 5, waiting windows: 28594/57898. Max active instruction index: 2010
2024-11-27 22:40:16 | Simulation update: decoder round 88527, completed instructions: 2029/21751, actively running or decoding instructions: 8, waiting windows: 28796/58328. Max active instruction index: 2024
2024-11-27 22:40:26 | Simulation update: decoder round 89157, completed instructions: 2043/21751, actively running or decoding instructions: 2, waiting windows: 29011/58754. Max active instruction index: 2038
2024-11-27 22:40:36 | Simulation update: decoder round 89780, completed instructions: 2053/21751, actively running or decoding instructions: 2, waiting windows: 29217/59181. Max active instruction index: 2048
2024-11-27 22:40:46 | Simulation update: decoder round 90408, completed instructions: 2071/21751, actively running or decoding instructions: 1, waiting windows: 29433/59609. Max active instruction index: -1
2024-11-27 22:40:56 | Simulation update: decoder round 91032, completed instructions: 2095/21751, actively running or decoding instructions: 8, waiting windows: 29640/60034. Max active instruction index: 2090
2024-11-27 22:41:06 | Simulation update: decoder round 91657, completed instructions: 2109/21751, actively running or decoding instructions: 5, waiting windows: 29847/60461. Max active instruction index: 2104
2024-11-27 22:41:16 | Simulation update: decoder round 92287, completed instructions: 2123/21751, actively running or decoding instructions: 5, waiting windows: 30050/60888. Max active instruction index: 2118
2024-11-27 22:41:26 | Simulation update: decoder round 92917, completed instructions: 2137/21751, actively running or decoding instructions: 8, waiting windows: 30269/61317. Max active instruction index: 2132
2024-11-27 22:41:36 | Simulation update: decoder round 93548, completed instructions: 2155/21751, actively running or decoding instructions: 6, waiting windows: 30475/61749. Max active instruction index: 2159
2024-11-27 22:41:46 | Simulation update: decoder round 94180, completed instructions: 2175/21751, actively running or decoding instructions: 2, waiting windows: 30699/62197. Max active instruction index: 2170
2024-11-27 22:41:56 | Simulation update: decoder round 94813, completed instructions: 2189/21751, actively running or decoding instructions: 6, waiting windows: 30901/62626. Max active instruction index: 2184
2024-11-27 22:42:06 | Simulation update: decoder round 95452, completed instructions: 2203/21751, actively running or decoding instructions: 2, waiting windows: 31125/63068. Max active instruction index: 2198
2024-11-27 22:42:16 | Simulation update: decoder round 96088, completed instructions: 2223/21751, actively running or decoding instructions: 2, waiting windows: 31348/63520. Max active instruction index: 2218
2024-11-27 22:42:26 | Simulation update: decoder round 96729, completed instructions: 2233/21751, actively running or decoding instructions: 5, waiting windows: 31561/63958. Max active instruction index: 2228
2024-11-27 22:42:36 | Simulation update: decoder round 97371, completed instructions: 2257/21751, actively running or decoding instructions: 2, waiting windows: 31792/64412. Max active instruction index: 2252
2024-11-27 22:42:46 | Simulation update: decoder round 98011, completed instructions: 2271/21751, actively running or decoding instructions: 5, waiting windows: 32000/64851. Max active instruction index: 2266
2024-11-27 22:42:56 | Simulation update: decoder round 98627, completed instructions: 2285/21751, actively running or decoding instructions: 8, waiting windows: 32206/65268. Max active instruction index: 2280
2024-11-27 22:43:06 | Simulation update: decoder round 99272, completed instructions: 2309/21751, actively running or decoding instructions: 5, waiting windows: 32426/65716. Max active instruction index: 2304
2024-11-27 22:43:16 | Simulation update: decoder round 99915, completed instructions: 2341/21751, actively running or decoding instructions: 9, waiting windows: 32661/66168. Max active instruction index: 2359
2024-11-27 22:43:26 | Simulation update: decoder round 100551, completed instructions: 2405/21751, actively running or decoding instructions: 19, waiting windows: 32912/66691. Max active instruction index: 2416
2024-11-27 22:43:36 | Simulation update: decoder round 101196, completed instructions: 2435/21751, actively running or decoding instructions: 15, waiting windows: 33126/67164. Max active instruction index: 2442
2024-11-27 22:43:46 | Simulation update: decoder round 101852, completed instructions: 2457/21751, actively running or decoding instructions: 7, waiting windows: 33362/67657. Max active instruction index: 2468
2024-11-27 22:43:56 | Simulation update: decoder round 102509, completed instructions: 2487/21751, actively running or decoding instructions: 9, waiting windows: 33595/68142. Max active instruction index: 2505
2024-11-27 22:44:06 | Simulation update: decoder round 103167, completed instructions: 2540/21751, actively running or decoding instructions: 9, waiting windows: 33847/68645. Max active instruction index: 2536
2024-11-27 22:44:16 | Simulation update: decoder round 103826, completed instructions: 2566/21751, actively running or decoding instructions: 6, waiting windows: 34106/69163. Max active instruction index: 2562
2024-11-27 22:44:26 | Simulation update: decoder round 104490, completed instructions: 2591/21751, actively running or decoding instructions: 6, waiting windows: 34332/69657. Max active instruction index: 2588
2024-11-27 22:44:36 | Simulation update: decoder round 105158, completed instructions: 2629/21751, actively running or decoding instructions: 6, waiting windows: 34598/70182. Max active instruction index: 2640
2024-11-27 22:44:46 | Simulation update: decoder round 105828, completed instructions: 2653/21751, actively running or decoding instructions: 12, waiting windows: 34833/70675. Max active instruction index: 2665
2024-11-27 22:44:56 | Simulation update: decoder round 106498, completed instructions: 2699/21751, actively running or decoding instructions: 9, waiting windows: 35074/71181. Max active instruction index: 2696
2024-11-27 22:45:06 | Simulation update: decoder round 107169, completed instructions: 2721/21751, actively running or decoding instructions: 6, waiting windows: 35311/71676. Max active instruction index: 2718
2024-11-27 22:45:16 | Simulation update: decoder round 107843, completed instructions: 2758/21751, actively running or decoding instructions: 9, waiting windows: 35558/72184. Max active instruction index: 2756
2024-11-27 22:45:26 | Simulation update: decoder round 108526, completed instructions: 2783/21751, actively running or decoding instructions: 6, waiting windows: 35805/72700. Max active instruction index: 2778
2024-11-27 22:45:36 | Simulation update: decoder round 109204, completed instructions: 2819/21751, actively running or decoding instructions: 3, waiting windows: 36079/73238. Max active instruction index: 2814
2024-11-27 22:45:46 | Simulation update: decoder round 109884, completed instructions: 2858/21751, actively running or decoding instructions: 6, waiting windows: 36334/73770. Max active instruction index: 2856
2024-11-27 22:45:56 | Simulation update: decoder round 110579, completed instructions: 2909/21751, actively running or decoding instructions: 12, waiting windows: 36596/74306. Max active instruction index: 2908
2024-11-27 22:46:06 | Simulation update: decoder round 111240, completed instructions: 2936/21751, actively running or decoding instructions: 9, waiting windows: 36843/74809. Max active instruction index: 2934
2024-11-27 22:46:16 | Simulation update: decoder round 111930, completed instructions: 2970/21751, actively running or decoding instructions: 12, waiting windows: 37074/75324. Max active instruction index: 2994
2024-11-27 22:46:26 | Simulation update: decoder round 112619, completed instructions: 3014/21751, actively running or decoding instructions: 9, waiting windows: 37356/75874. Max active instruction index: 3024
2024-11-27 22:46:36 | Simulation update: decoder round 113317, completed instructions: 3035/21751, actively running or decoding instructions: 6, waiting windows: 37604/76413. Max active instruction index: 3046
2024-11-27 22:46:46 | Simulation update: decoder round 114018, completed instructions: 3067/21751, actively running or decoding instructions: 6, waiting windows: 37896/76975. Max active instruction index: 3098
2024-11-27 22:46:56 | Simulation update: decoder round 114723, completed instructions: 3113/21751, actively running or decoding instructions: 9, waiting windows: 38137/77502. Max active instruction index: 3124
2024-11-27 22:47:06 | Simulation update: decoder round 115427, completed instructions: 3140/21751, actively running or decoding instructions: 12, waiting windows: 38401/78039. Max active instruction index: 3158
2024-11-27 22:47:16 | Simulation update: decoder round 116134, completed instructions: 3171/21751, actively running or decoding instructions: 6, waiting windows: 38678/78595. Max active instruction index: 3198
2024-11-27 22:47:26 | Simulation update: decoder round 116844, completed instructions: 3209/21751, actively running or decoding instructions: 6, waiting windows: 38934/79141. Max active instruction index: 3224
2024-11-27 22:47:36 | Simulation update: decoder round 117561, completed instructions: 3245/21751, actively running or decoding instructions: 7, waiting windows: 39216/79700. Max active instruction index: 3272
2024-11-27 22:47:46 | Simulation update: decoder round 118277, completed instructions: 3284/21751, actively running or decoding instructions: 3, waiting windows: 39496/80284. Max active instruction index: 3294
2024-11-27 22:47:56 | Simulation update: decoder round 119000, completed instructions: 3324/21751, actively running or decoding instructions: 6, waiting windows: 39767/80851. Max active instruction index: 3350
2024-11-27 22:48:06 | Simulation update: decoder round 119724, completed instructions: 3354/21751, actively running or decoding instructions: 6, waiting windows: 40038/81409. Max active instruction index: 3372
2024-11-27 22:48:16 | Simulation update: decoder round 120450, completed instructions: 3390/21751, actively running or decoding instructions: 3, waiting windows: 40318/81988. Max active instruction index: 3412
2024-11-27 22:48:26 | Simulation update: decoder round 121183, completed instructions: 3428/21751, actively running or decoding instructions: 6, waiting windows: 40588/82553. Max active instruction index: 3460
2024-11-27 22:48:36 | Simulation update: decoder round 121920, completed instructions: 3455/21751, actively running or decoding instructions: 3, waiting windows: 40858/83115. Max active instruction index: 3482
2024-11-27 22:48:46 | Simulation update: decoder round 122661, completed instructions: 3511/21751, actively running or decoding instructions: 9, waiting windows: 41136/83675. Max active instruction index: 3534
2024-11-27 22:48:56 | Simulation update: decoder round 123370, completed instructions: 3537/21751, actively running or decoding instructions: 9, waiting windows: 41380/84198. Max active instruction index: 3564
2024-11-27 22:49:06 | Simulation update: decoder round 124114, completed instructions: 3577/21751, actively running or decoding instructions: 9, waiting windows: 41659/84761. Max active instruction index: 3616
2024-11-27 22:49:16 | Simulation update: decoder round 124868, completed instructions: 3619/21751, actively running or decoding instructions: 12, waiting windows: 41940/85327. Max active instruction index: 3638
2024-11-27 22:49:26 | Simulation update: decoder round 125624, completed instructions: 3655/21751, actively running or decoding instructions: 6, waiting windows: 42220/85909. Max active instruction index: 3690
2024-11-27 22:49:36 | Simulation update: decoder round 126389, completed instructions: 3686/21751, actively running or decoding instructions: 6, waiting windows: 42495/86489. Max active instruction index: 3742
2024-11-27 22:49:46 | Simulation update: decoder round 127154, completed instructions: 3734/21751, actively running or decoding instructions: 12, waiting windows: 42778/87066. Max active instruction index: 3768
2024-11-27 22:49:56 | Simulation update: decoder round 127919, completed instructions: 3759/21751, actively running or decoding instructions: 9, waiting windows: 43059/87654. Max active instruction index: 3802
2024-11-27 22:50:06 | Simulation update: decoder round 128689, completed instructions: 3802/21751, actively running or decoding instructions: 6, waiting windows: 43366/88260. Max active instruction index: 3857
2024-11-27 22:50:16 | Simulation update: decoder round 129461, completed instructions: 3838/21751, actively running or decoding instructions: 6, waiting windows: 43652/88859. Max active instruction index: 3888
2024-11-27 22:50:26 | Simulation update: decoder round 130237, completed instructions: 3885/21751, actively running or decoding instructions: 3, waiting windows: 43958/89484. Max active instruction index: 3944
2024-11-27 22:50:36 | Simulation update: decoder round 131025, completed instructions: 3912/21751, actively running or decoding instructions: 3, waiting windows: 44244/90083. Max active instruction index: 3958
2024-11-27 22:50:46 | Simulation update: decoder round 131816, completed instructions: 3955/21751, actively running or decoding instructions: 6, waiting windows: 44543/90695. Max active instruction index: 4006
2024-11-27 22:50:56 | Simulation update: decoder round 132613, completed instructions: 3982/21751, actively running or decoding instructions: 12, waiting windows: 44820/91283. Max active instruction index: 4053
2024-11-27 22:51:06 | Simulation update: decoder round 133413, completed instructions: 4034/21751, actively running or decoding instructions: 9, waiting windows: 45123/91895. Max active instruction index: 4092
2024-11-27 22:51:16 | Simulation update: decoder round 134221, completed instructions: 4081/21751, actively running or decoding instructions: 3, waiting windows: 45446/92557. Max active instruction index: 4144
2024-11-27 22:51:26 | Simulation update: decoder round 135034, completed instructions: 4116/21751, actively running or decoding instructions: 9, waiting windows: 45729/93163. Max active instruction index: 4204
2024-11-27 22:51:36 | Simulation update: decoder round 135848, completed instructions: 4164/21751, actively running or decoding instructions: 6, waiting windows: 46047/93795. Max active instruction index: 4234
2024-11-27 22:51:46 | Simulation update: decoder round 136628, completed instructions: 4199/21751, actively running or decoding instructions: 7, waiting windows: 46329/94390. Max active instruction index: 4286
2024-11-27 22:51:56 | Simulation update: decoder round 137449, completed instructions: 4246/21751, actively running or decoding instructions: 12, waiting windows: 46639/95015. Max active instruction index: 4316
2024-11-27 22:52:06 | Simulation update: decoder round 138278, completed instructions: 4301/21751, actively running or decoding instructions: 12, waiting windows: 46943/95650. Max active instruction index: 4368
2024-11-27 22:52:16 | Simulation update: decoder round 139115, completed instructions: 4327/21751, actively running or decoding instructions: 9, waiting windows: 47231/96267. Max active instruction index: 4398
2024-11-27 22:52:26 | Simulation update: decoder round 139963, completed instructions: 4384/21751, actively running or decoding instructions: 9, waiting windows: 47561/96927. Max active instruction index: 4450
2024-11-27 22:52:36 | Simulation update: decoder round 140816, completed instructions: 4415/21751, actively running or decoding instructions: 3, waiting windows: 47878/97595. Max active instruction index: 4494
2024-11-27 22:52:46 | Simulation update: decoder round 141675, completed instructions: 4476/21751, actively running or decoding instructions: 9, waiting windows: 48202/98258. Max active instruction index: 4550
2024-11-27 22:52:56 | Simulation update: decoder round 142542, completed instructions: 4517/21751, actively running or decoding instructions: 12, waiting windows: 48517/98909. Max active instruction index: 4580
2024-11-27 22:53:06 | Simulation update: decoder round 143416, completed instructions: 4555/21751, actively running or decoding instructions: 6, waiting windows: 48867/99602. Max active instruction index: 4632
2024-11-27 22:53:16 | Simulation update: decoder round 144297, completed instructions: 4601/21751, actively running or decoding instructions: 9, waiting windows: 49182/100280. Max active instruction index: 4684
2024-11-27 22:53:26 | Simulation update: decoder round 145191, completed instructions: 4641/21751, actively running or decoding instructions: 12, waiting windows: 49504/100936. Max active instruction index: 4748
2024-11-27 22:53:36 | Simulation update: decoder round 146080, completed instructions: 4684/21751, actively running or decoding instructions: 12, waiting windows: 49842/101627. Max active instruction index: 4778
2024-11-27 22:53:46 | Simulation update: decoder round 146984, completed instructions: 4735/21751, actively running or decoding instructions: 9, waiting windows: 50178/102330. Max active instruction index: 4830
2024-11-27 22:53:56 | Simulation update: decoder round 147889, completed instructions: 4791/21751, actively running or decoding instructions: 6, waiting windows: 50523/103024. Max active instruction index: 4870
2024-11-27 22:54:06 | Simulation update: decoder round 148802, completed instructions: 4831/21751, actively running or decoding instructions: 9, waiting windows: 50847/103697. Max active instruction index: 4894
2024-11-27 22:54:16 | Simulation update: decoder round 149719, completed instructions: 4870/21751, actively running or decoding instructions: 9, waiting windows: 51196/104419. Max active instruction index: 4908
2024-11-27 22:54:26 | Simulation update: decoder round 150510, completed instructions: 4926/21751, actively running or decoding instructions: 12, waiting windows: 51486/105031. Max active instruction index: 4935
2024-11-27 22:54:36 | Simulation update: decoder round 151324, completed instructions: 4960/21751, actively running or decoding instructions: 12, waiting windows: 51781/105646. Max active instruction index: 4953
2024-11-27 22:54:46 | Simulation update: decoder round 152140, completed instructions: 4988/21751, actively running or decoding instructions: 2, waiting windows: 52098/106267. Max active instruction index: 4981
2024-11-27 22:54:56 | Simulation update: decoder round 152962, completed instructions: 5001/21751, actively running or decoding instructions: 5, waiting windows: 52390/106876. Max active instruction index: 4993
2024-11-27 22:55:06 | Simulation update: decoder round 153783, completed instructions: 5024/21751, actively running or decoding instructions: 2, waiting windows: 52698/107503. Max active instruction index: 5017
2024-11-27 22:55:16 | Simulation update: decoder round 154613, completed instructions: 5048/21751, actively running or decoding instructions: 2, waiting windows: 53014/108136. Max active instruction index: 5041
2024-11-27 22:55:26 | Simulation update: decoder round 155445, completed instructions: 5065/21751, actively running or decoding instructions: 2, waiting windows: 53324/108764. Max active instruction index: 5057
2024-11-27 22:55:36 | Simulation update: decoder round 156282, completed instructions: 5092/21751, actively running or decoding instructions: 8, waiting windows: 53619/109374. Max active instruction index: 5085
2024-11-27 22:55:46 | Simulation update: decoder round 157113, completed instructions: 5113/21751, actively running or decoding instructions: 8, waiting windows: 53924/109986. Max active instruction index: 5113
2024-11-27 22:55:56 | Simulation update: decoder round 157961, completed instructions: 5136/21751, actively running or decoding instructions: 5, waiting windows: 54221/110603. Max active instruction index: 5129
2024-11-27 22:56:06 | Simulation update: decoder round 158809, completed instructions: 5161/21751, actively running or decoding instructions: 2, waiting windows: 54550/111252. Max active instruction index: 5153
2024-11-27 22:56:16 | Simulation update: decoder round 159655, completed instructions: 5173/21751, actively running or decoding instructions: 2, waiting windows: 54863/111900. Max active instruction index: 5165
2024-11-27 22:56:26 | Simulation update: decoder round 160504, completed instructions: 5197/21751, actively running or decoding instructions: 2, waiting windows: 55197/112563. Max active instruction index: 5189
2024-11-27 22:56:36 | Simulation update: decoder round 161360, completed instructions: 5220/21751, actively running or decoding instructions: 2, waiting windows: 55516/113215. Max active instruction index: 5213
2024-11-27 22:56:46 | Simulation update: decoder round 162217, completed instructions: 5236/21751, actively running or decoding instructions: 5, waiting windows: 55820/113841. Max active instruction index: 5229
2024-11-27 22:56:56 | Simulation update: decoder round 163080, completed instructions: 5268/21751, actively running or decoding instructions: 8, waiting windows: 56138/114479. Max active instruction index: 5261
2024-11-27 22:57:06 | Simulation update: decoder round 163948, completed instructions: 5285/21751, actively running or decoding instructions: 5, waiting windows: 56448/115116. Max active instruction index: 5288
2024-11-27 22:57:16 | Simulation update: decoder round 164765, completed instructions: 5308/21751, actively running or decoding instructions: 2, waiting windows: 56741/115725. Max active instruction index: 5301
2024-11-27 22:57:26 | Simulation update: decoder round 165642, completed instructions: 5340/21751, actively running or decoding instructions: 5, waiting windows: 57060/116372. Max active instruction index: 5333
2024-11-27 22:57:36 | Simulation update: decoder round 166521, completed instructions: 5372/21751, actively running or decoding instructions: 5, waiting windows: 57385/117018. Max active instruction index: 5365
2024-11-27 22:57:47 | Simulation update: decoder round 167405, completed instructions: 5388/21751, actively running or decoding instructions: 8, waiting windows: 57691/117661. Max active instruction index: 5381
2024-11-27 22:57:57 | Simulation update: decoder round 168294, completed instructions: 5417/21751, actively running or decoding instructions: 5, waiting windows: 58022/118318. Max active instruction index: 5409
2024-11-27 22:58:07 | Simulation update: decoder round 169183, completed instructions: 5444/21751, actively running or decoding instructions: 8, waiting windows: 58357/118991. Max active instruction index: 5437
2024-11-27 22:58:17 | Simulation update: decoder round 170070, completed instructions: 5456/21751, actively running or decoding instructions: 5, waiting windows: 58665/119631. Max active instruction index: 5449
2024-11-27 22:58:27 | Simulation update: decoder round 170972, completed instructions: 5484/21751, actively running or decoding instructions: 2, waiting windows: 59003/120315. Max active instruction index: 5477
2024-11-27 22:58:37 | Simulation update: decoder round 171879, completed instructions: 5509/21751, actively running or decoding instructions: 2, waiting windows: 59348/121006. Max active instruction index: 5501
2024-11-27 22:58:47 | Simulation update: decoder round 172780, completed instructions: 5532/21751, actively running or decoding instructions: 5, waiting windows: 59675/121682. Max active instruction index: 5525
2024-11-27 22:58:57 | Simulation update: decoder round 173684, completed instructions: 5549/21751, actively running or decoding instructions: 2, waiting windows: 60005/122352. Max active instruction index: 5541
2024-11-27 22:59:07 | Simulation update: decoder round 174593, completed instructions: 5576/21751, actively running or decoding instructions: 8, waiting windows: 60331/123023. Max active instruction index: 5569
2024-11-27 22:59:17 | Simulation update: decoder round 175508, completed instructions: 5608/21751, actively running or decoding instructions: 8, waiting windows: 60674/123700. Max active instruction index: 5601
2024-11-27 22:59:27 | Simulation update: decoder round 176429, completed instructions: 5640/21751, actively running or decoding instructions: 5, waiting windows: 61008/124377. Max active instruction index: 5633
2024-11-27 22:59:37 | Simulation update: decoder round 177358, completed instructions: 5657/21751, actively running or decoding instructions: 3, waiting windows: 61336/125050. Max active instruction index: 5660
2024-11-27 22:59:47 | Simulation update: decoder round 178290, completed instructions: 5680/21751, actively running or decoding instructions: 5, waiting windows: 61663/125729. Max active instruction index: 5673
2024-11-27 22:59:57 | Simulation update: decoder round 179229, completed instructions: 5709/21751, actively running or decoding instructions: 5, waiting windows: 62019/126437. Max active instruction index: 5701
2024-11-27 23:00:07 | Simulation update: decoder round 180170, completed instructions: 5737/21751, actively running or decoding instructions: 5, waiting windows: 62365/127144. Max active instruction index: 5729
2024-11-27 23:00:17 | Simulation update: decoder round 181049, completed instructions: 5764/21751, actively running or decoding instructions: 5, waiting windows: 62694/127801. Max active instruction index: 5757
2024-11-27 23:00:27 | Simulation update: decoder round 181992, completed instructions: 5788/21751, actively running or decoding instructions: 2, waiting windows: 63047/128513. Max active instruction index: 5781
2024-11-27 23:00:37 | Simulation update: decoder round 182942, completed instructions: 5801/21751, actively running or decoding instructions: 3, waiting windows: 63391/129219. Max active instruction index: 5793
2024-11-27 23:00:47 | Simulation update: decoder round 183900, completed instructions: 5828/21751, actively running or decoding instructions: 3, waiting windows: 63737/129924. Max active instruction index: 5821
2024-11-27 23:00:57 | Simulation update: decoder round 184852, completed instructions: 5856/21751, actively running or decoding instructions: 2, waiting windows: 64088/130642. Max active instruction index: 5849
2024-11-27 23:01:07 | Simulation update: decoder round 185817, completed instructions: 5884/21751, actively running or decoding instructions: 8, waiting windows: 64440/131352. Max active instruction index: 5877
2024-11-27 23:01:17 | Simulation update: decoder round 186785, completed instructions: 5916/21751, actively running or decoding instructions: 5, waiting windows: 64789/132063. Max active instruction index: 5909
2024-11-27 23:01:27 | Simulation update: decoder round 187755, completed instructions: 5932/21751, actively running or decoding instructions: 3, waiting windows: 65130/132763. Max active instruction index: 5936
2024-11-27 23:01:37 | Simulation update: decoder round 188729, completed instructions: 5961/21751, actively running or decoding instructions: 5, waiting windows: 65502/133501. Max active instruction index: 5953
2024-11-27 23:01:47 | Simulation update: decoder round 189706, completed instructions: 5989/21751, actively running or decoding instructions: 6, waiting windows: 65868/134231. Max active instruction index: 5981
2024-11-27 23:01:57 | Simulation update: decoder round 190692, completed instructions: 6012/21751, actively running or decoding instructions: 5, waiting windows: 66213/134961. Max active instruction index: 6005
2024-11-27 23:02:07 | Simulation update: decoder round 191676, completed instructions: 6044/21751, actively running or decoding instructions: 5, waiting windows: 66572/135686. Max active instruction index: 6037
2024-11-27 23:02:17 | Simulation update: decoder round 192662, completed instructions: 6076/21751, actively running or decoding instructions: 5, waiting windows: 66926/136410. Max active instruction index: 6069
2024-11-27 23:02:27 | Simulation update: decoder round 193656, completed instructions: 6104/21751, actively running or decoding instructions: 2, waiting windows: 67298/137155. Max active instruction index: 6097
2024-11-27 23:02:37 | Simulation update: decoder round 194659, completed instructions: 6136/21751, actively running or decoding instructions: 9, waiting windows: 67660/137896. Max active instruction index: 6140
2024-11-27 23:02:47 | Simulation update: decoder round 195659, completed instructions: 6152/21751, actively running or decoding instructions: 5, waiting windows: 68029/138645. Max active instruction index: 6152
2024-11-27 23:02:57 | Simulation update: decoder round 196600, completed instructions: 6180/21751, actively running or decoding instructions: 5, waiting windows: 68356/139326. Max active instruction index: 6173
2024-11-27 23:03:07 | Simulation update: decoder round 197603, completed instructions: 6208/21751, actively running or decoding instructions: 5, waiting windows: 68722/140063. Max active instruction index: 6201
2024-11-27 23:03:17 | Simulation update: decoder round 198609, completed instructions: 6236/21751, actively running or decoding instructions: 5, waiting windows: 69088/140800. Max active instruction index: 6229
2024-11-27 23:03:27 | Simulation update: decoder round 199628, completed instructions: 6264/21751, actively running or decoding instructions: 2, waiting windows: 69472/141571. Max active instruction index: 6257
2024-11-27 23:03:37 | Simulation update: decoder round 200654, completed instructions: 6289/21751, actively running or decoding instructions: 2, waiting windows: 69845/142334. Max active instruction index: 6281
2024-11-27 23:03:47 | Simulation update: decoder round 201672, completed instructions: 6330/21751, actively running or decoding instructions: 8, waiting windows: 70235/143121. Max active instruction index: 6346
2024-11-27 23:03:57 | Simulation update: decoder round 202695, completed instructions: 6361/21751, actively running or decoding instructions: 12, waiting windows: 70648/143964. Max active instruction index: 6353
2024-11-27 23:04:07 | Simulation update: decoder round 203731, completed instructions: 6388/21751, actively running or decoding instructions: 3, waiting windows: 71045/144777. Max active instruction index: 6381
2024-11-27 23:04:17 | Simulation update: decoder round 204771, completed instructions: 6417/21751, actively running or decoding instructions: 2, waiting windows: 71457/145615. Max active instruction index: 6409
2024-11-27 23:04:27 | Simulation update: decoder round 205823, completed instructions: 6444/21751, actively running or decoding instructions: 5, waiting windows: 71878/146455. Max active instruction index: 6437
2024-11-27 23:04:37 | Simulation update: decoder round 206882, completed instructions: 6476/21751, actively running or decoding instructions: 5, waiting windows: 72272/147277. Max active instruction index: 6469
2024-11-27 23:04:47 | Simulation update: decoder round 207941, completed instructions: 6504/21751, actively running or decoding instructions: 5, waiting windows: 72678/148097. Max active instruction index: 6497
2024-11-27 23:04:57 | Simulation update: decoder round 208934, completed instructions: 6532/21751, actively running or decoding instructions: 3, waiting windows: 73070/148880. Max active instruction index: 6525
2024-11-27 23:05:07 | Simulation update: decoder round 209997, completed instructions: 6560/21751, actively running or decoding instructions: 5, waiting windows: 73469/149700. Max active instruction index: 6553
2024-11-27 23:05:17 | Simulation update: decoder round 211069, completed instructions: 6592/21751, actively running or decoding instructions: 8, waiting windows: 73884/150540. Max active instruction index: 6585
2024-11-27 23:05:27 | Simulation update: decoder round 212148, completed instructions: 6616/21751, actively running or decoding instructions: 5, waiting windows: 74304/151387. Max active instruction index: 6609
2024-11-27 23:05:37 | Simulation update: decoder round 213247, completed instructions: 6644/21751, actively running or decoding instructions: 5, waiting windows: 74729/152239. Max active instruction index: 6637
2024-11-27 23:05:47 | Simulation update: decoder round 214345, completed instructions: 6673/21751, actively running or decoding instructions: 2, waiting windows: 75161/153118. Max active instruction index: 6665
2024-11-27 23:05:57 | Simulation update: decoder round 215454, completed instructions: 6700/21751, actively running or decoding instructions: 5, waiting windows: 75584/153991. Max active instruction index: 6693
2024-11-27 23:06:07 | Simulation update: decoder round 216583, completed instructions: 6732/21751, actively running or decoding instructions: 5, waiting windows: 76040/154895. Max active instruction index: 6732
2024-11-27 23:06:17 | Simulation update: decoder round 217712, completed instructions: 6760/21751, actively running or decoding instructions: 5, waiting windows: 76470/155778. Max active instruction index: 6753
2024-11-27 23:06:27 | Simulation update: decoder round 218843, completed instructions: 6796/21751, actively running or decoding instructions: 2, waiting windows: 76938/156705. Max active instruction index: 6789
2024-11-27 23:06:37 | Simulation update: decoder round 219987, completed instructions: 6824/21751, actively running or decoding instructions: 5, waiting windows: 77356/157588. Max active instruction index: 6817
2024-11-27 23:06:47 | Simulation update: decoder round 221141, completed instructions: 6856/21751, actively running or decoding instructions: 5, waiting windows: 77807/158488. Max active instruction index: 6849
2024-11-27 23:06:57 | Simulation update: decoder round 222295, completed instructions: 6884/21751, actively running or decoding instructions: 2, waiting windows: 78262/159411. Max active instruction index: 6877
2024-11-27 23:07:07 | Simulation update: decoder round 223455, completed instructions: 6924/21751, actively running or decoding instructions: 5, waiting windows: 78720/160338. Max active instruction index: 6917
2024-11-27 23:07:17 | Simulation update: decoder round 224629, completed instructions: 6952/21751, actively running or decoding instructions: 5, waiting windows: 79171/161252. Max active instruction index: 6945
2024-11-27 23:07:27 | Simulation update: decoder round 225820, completed instructions: 6984/21751, actively running or decoding instructions: 8, waiting windows: 79632/162183. Max active instruction index: 6977
2024-11-27 23:07:37 | Simulation update: decoder round 227004, completed instructions: 7013/21751, actively running or decoding instructions: 5, waiting windows: 80090/163114. Max active instruction index: 7005
2024-11-27 23:07:47 | Simulation update: decoder round 228119, completed instructions: 7045/21751, actively running or decoding instructions: 8, waiting windows: 80513/163990. Max active instruction index: 7045
2024-11-27 23:07:57 | Simulation update: decoder round 229329, completed instructions: 7076/21751, actively running or decoding instructions: 2, waiting windows: 81000/164961. Max active instruction index: 7069
2024-11-27 23:08:07 | Simulation update: decoder round 230549, completed instructions: 7108/21751, actively running or decoding instructions: 8, waiting windows: 81456/165910. Max active instruction index: 7101
2024-11-27 23:08:17 | Simulation update: decoder round 231776, completed instructions: 7141/21751, actively running or decoding instructions: 8, waiting windows: 81944/166883. Max active instruction index: 7141
2024-11-27 23:08:27 | Simulation update: decoder round 233018, completed instructions: 7176/21751, actively running or decoding instructions: 2, waiting windows: 82442/167884. Max active instruction index: 7169
2024-11-27 23:08:37 | Simulation update: decoder round 234259, completed instructions: 7204/21751, actively running or decoding instructions: 2, waiting windows: 82932/168871. Max active instruction index: 7197
2024-11-27 23:08:47 | Simulation update: decoder round 235519, completed instructions: 7228/21751, actively running or decoding instructions: 2, waiting windows: 83414/169868. Max active instruction index: 7221
2024-11-27 23:08:57 | Simulation update: decoder round 236789, completed instructions: 7276/21751, actively running or decoding instructions: 5, waiting windows: 83904/170861. Max active instruction index: 7269
2024-11-27 23:09:07 | Simulation update: decoder round 238056, completed instructions: 7304/21751, actively running or decoding instructions: 6, waiting windows: 84386/171843. Max active instruction index: 7297
2024-11-27 23:09:17 | Simulation update: decoder round 239337, completed instructions: 7329/21751, actively running or decoding instructions: 4, waiting windows: 84877/172838. Max active instruction index: 7330
2024-11-27 23:09:27 | Simulation update: decoder round 240634, completed instructions: 7376/21751, actively running or decoding instructions: 5, waiting windows: 85380/173858. Max active instruction index: 7369
2024-11-27 23:09:37 | Simulation update: decoder round 241833, completed instructions: 7405/21751, actively running or decoding instructions: 2, waiting windows: 85859/174819. Max active instruction index: 7397
2024-11-27 23:09:47 | Simulation update: decoder round 243137, completed instructions: 7448/21751, actively running or decoding instructions: 8, waiting windows: 86371/175852. Max active instruction index: 7441
2024-11-27 23:09:57 | Simulation update: decoder round 244467, completed instructions: 7476/21751, actively running or decoding instructions: 5, waiting windows: 86886/176895. Max active instruction index: 7469
2024-11-27 23:10:07 | Simulation update: decoder round 245796, completed instructions: 7520/21751, actively running or decoding instructions: 2, waiting windows: 87411/177956. Max active instruction index: 7513
2024-11-27 23:10:17 | Simulation update: decoder round 247145, completed instructions: 7548/21751, actively running or decoding instructions: 5, waiting windows: 87909/178998. Max active instruction index: 7541
2024-11-27 23:10:27 | Simulation update: decoder round 248505, completed instructions: 7593/21751, actively running or decoding instructions: 2, waiting windows: 88463/180094. Max active instruction index: 7585
2024-11-27 23:10:37 | Simulation update: decoder round 249873, completed instructions: 7620/21751, actively running or decoding instructions: 6, waiting windows: 88978/181171. Max active instruction index: 7624
2024-11-27 23:10:47 | Simulation update: decoder round 251270, completed instructions: 7660/21751, actively running or decoding instructions: 5, waiting windows: 89541/182290. Max active instruction index: 7653
2024-11-27 23:10:57 | Simulation update: decoder round 252669, completed instructions: 7704/21751, actively running or decoding instructions: 8, waiting windows: 90087/183398. Max active instruction index: 7697
2024-11-27 23:11:07 | Simulation update: decoder round 254077, completed instructions: 7761/21751, actively running or decoding instructions: 15, waiting windows: 90651/184532. Max active instruction index: 7754
2024-11-27 23:11:17 | Simulation update: decoder round 255523, completed instructions: 7793/21751, actively running or decoding instructions: 5, waiting windows: 91192/185655. Max active instruction index: 7786
2024-11-27 23:11:27 | Simulation update: decoder round 256979, completed instructions: 7841/21751, actively running or decoding instructions: 8, waiting windows: 91771/186805. Max active instruction index: 7834
2024-11-27 23:11:37 | Simulation update: decoder round 258446, completed instructions: 7877/21751, actively running or decoding instructions: 2, waiting windows: 92344/187973. Max active instruction index: 7870
2024-11-27 23:11:47 | Simulation update: decoder round 259818, completed instructions: 7909/21751, actively running or decoding instructions: 5, waiting windows: 92870/189048. Max active instruction index: 7902
2024-11-27 23:11:57 | Simulation update: decoder round 261312, completed instructions: 7953/21751, actively running or decoding instructions: 5, waiting windows: 93443/190216. Max active instruction index: 7946
2024-11-27 23:12:07 | Simulation update: decoder round 262824, completed instructions: 7994/21751, actively running or decoding instructions: 2, waiting windows: 94043/191420. Max active instruction index: 7986
2024-11-27 23:12:17 | Simulation update: decoder round 264350, completed instructions: 8029/21751, actively running or decoding instructions: 2, waiting windows: 94645/192646. Max active instruction index: 8022
2024-11-27 23:12:27 | Simulation update: decoder round 265897, completed instructions: 8066/21751, actively running or decoding instructions: 2, waiting windows: 95252/193877. Max active instruction index: 8058
2024-11-27 23:12:37 | Simulation update: decoder round 267463, completed instructions: 8105/21751, actively running or decoding instructions: 5, waiting windows: 95854/195111. Max active instruction index: 8098
2024-11-27 23:12:47 | Simulation update: decoder round 269047, completed instructions: 8145/21751, actively running or decoding instructions: 2, waiting windows: 96452/196338. Max active instruction index: 8138
2024-11-27 23:12:57 | Simulation update: decoder round 270649, completed instructions: 8185/21751, actively running or decoding instructions: 2, waiting windows: 97090/197612. Max active instruction index: 8178
2024-11-27 23:13:07 | Simulation update: decoder round 272257, completed instructions: 8241/21751, actively running or decoding instructions: 5, waiting windows: 97732/198908. Max active instruction index: 8234
2024-11-27 23:13:17 | Simulation update: decoder round 273756, completed instructions: 8274/21751, actively running or decoding instructions: 5, waiting windows: 98304/200091. Max active instruction index: 8274
2024-11-27 23:13:27 | Simulation update: decoder round 275411, completed instructions: 8325/21751, actively running or decoding instructions: 5, waiting windows: 98959/201407. Max active instruction index: 8318
2024-11-27 23:13:37 | Simulation update: decoder round 277092, completed instructions: 8370/21751, actively running or decoding instructions: 5, waiting windows: 99618/202742. Max active instruction index: 8362
2024-11-27 23:13:47 | Simulation update: decoder round 278801, completed instructions: 8409/21751, actively running or decoding instructions: 2, waiting windows: 100288/204106. Max active instruction index: 8402
2024-11-27 23:13:57 | Simulation update: decoder round 280519, completed instructions: 8466/21751, actively running or decoding instructions: 2, waiting windows: 100971/205476. Max active instruction index: 8458
2024-11-27 23:14:07 | Simulation update: decoder round 282277, completed instructions: 8501/21751, actively running or decoding instructions: 5, waiting windows: 101644/206864. Max active instruction index: 8494
2024-11-27 23:14:17 | Simulation update: decoder round 284050, completed instructions: 8553/21751, actively running or decoding instructions: 2, waiting windows: 102361/208301. Max active instruction index: 8546
2024-11-27 23:14:27 | Simulation update: decoder round 285864, completed instructions: 8601/21751, actively running or decoding instructions: 3, waiting windows: 103051/209708. Max active instruction index: 8605
2024-11-27 23:14:37 | Simulation update: decoder round 287691, completed instructions: 8657/21751, actively running or decoding instructions: 2, waiting windows: 103766/211160. Max active instruction index: 8650
2024-11-27 23:14:47 | Simulation update: decoder round 289395, completed instructions: 8713/21751, actively running or decoding instructions: 2, waiting windows: 104445/212526. Max active instruction index: 8706
2024-11-27 23:14:57 | Simulation update: decoder round 291281, completed instructions: 8758/21751, actively running or decoding instructions: 6, waiting windows: 105178/214016. Max active instruction index: 8750
2024-11-27 23:15:07 | Simulation update: decoder round 293192, completed instructions: 8810/21751, actively running or decoding instructions: 5, waiting windows: 105934/215541. Max active instruction index: 8802
2024-11-27 23:15:17 | Simulation update: decoder round 295131, completed instructions: 8858/21751, actively running or decoding instructions: 5, waiting windows: 106687/217077. Max active instruction index: 8858
2024-11-27 23:15:27 | Simulation update: decoder round 297102, completed instructions: 8913/21751, actively running or decoding instructions: 5, waiting windows: 107437/218619. Max active instruction index: 8906
2024-11-27 23:15:37 | Simulation update: decoder round 299109, completed instructions: 8973/21751, actively running or decoding instructions: 8, waiting windows: 108232/220219. Max active instruction index: 8966
2024-11-27 23:15:47 | Simulation update: decoder round 301156, completed instructions: 9033/21751, actively running or decoding instructions: 2, waiting windows: 109034/221834. Max active instruction index: 9026
2024-11-27 23:15:57 | Simulation update: decoder round 303226, completed instructions: 9085/21751, actively running or decoding instructions: 2, waiting windows: 109855/223511. Max active instruction index: 9078
2024-11-27 23:16:07 | Simulation update: decoder round 305259, completed instructions: 9352/21751, actively running or decoding instructions: 63, waiting windows: 110768/225317. Max active instruction index: 9449
2024-11-27 23:16:17 | Simulation update: decoder round 307281, completed instructions: 9526/21751, actively running or decoding instructions: 22, waiting windows: 111642/227241. Max active instruction index: 9634
2024-11-27 23:16:27 | Simulation update: decoder round 309783, completed instructions: 9729/21751, actively running or decoding instructions: 9, waiting windows: 112700/229510. Max active instruction index: 9727
2024-11-27 23:16:37 | Simulation update: decoder round 312487, completed instructions: 10061/21751, actively running or decoding instructions: 23, waiting windows: 113947/232111. Max active instruction index: 10164
2024-11-27 23:16:47 | Simulation update: decoder round 315410, completed instructions: 10445/21751, actively running or decoding instructions: 49, waiting windows: 115273/234915. Max active instruction index: 10459
2024-11-27 23:16:57 | Simulation update: decoder round 317149, completed instructions: 10637/21751, actively running or decoding instructions: 22, waiting windows: 116000/236522. Max active instruction index: 10650
2024-11-27 23:17:07 | Simulation update: decoder round 319001, completed instructions: 10864/21751, actively running or decoding instructions: 51, waiting windows: 116863/238308. Max active instruction index: 10965
2024-11-27 23:17:17 | Simulation update: decoder round 321021, completed instructions: 11086/21751, actively running or decoding instructions: 17, waiting windows: 117724/240189. Max active instruction index: 11088
2024-11-27 23:17:27 | Simulation update: decoder round 323227, completed instructions: 11418/21751, actively running or decoding instructions: 34, waiting windows: 118742/242355. Max active instruction index: 11473
2024-11-27 23:17:37 | Simulation update: decoder round 325740, completed instructions: 11752/21751, actively running or decoding instructions: 30, waiting windows: 119879/244753. Max active instruction index: 11801
2024-11-27 23:17:47 | Simulation update: decoder round 328699, completed instructions: 12200/21751, actively running or decoding instructions: 36, waiting windows: 121181/247571. Max active instruction index: 12440
2024-11-27 23:17:57 | Simulation update: decoder round 332169, completed instructions: 12755/21751, actively running or decoding instructions: 19, waiting windows: 122584/250724. Max active instruction index: 13060
2024-11-27 23:18:07 | Simulation update: decoder round 338376, completed instructions: 13182/21751, actively running or decoding instructions: 28, waiting windows: 124603/255010. Max active instruction index: 13278
2024-11-27 23:18:17 | Simulation update: decoder round 346890, completed instructions: 14208/21751, actively running or decoding instructions: 10, waiting windows: 126682/259779. Max active instruction index: 14213
2024-11-27 23:18:27 | Simulation update: decoder round 375283, completed instructions: 16211/21751, actively running or decoding instructions: 6, waiting windows: 129259/265818. Max active instruction index: 16289
2024-11-27 23:18:37 | Simulation update: decoder round 414075, completed instructions: 18151/21751, actively running or decoding instructions: 6, waiting windows: 131647/271483. Max active instruction index: 18211
2024-11-27 23:18:47 | Simulation update: decoder round 475041, completed instructions: 19982/21751, actively running or decoding instructions: 8, waiting windows: 133770/276529. Max active instruction index: 19959
2024-11-27 23:18:57 | Simulation update: decoder round 540612, completed instructions: 21711/21751, actively running or decoding instructions: 6, waiting windows: 135959/281649. Max active instruction index: 21698
2024-11-27 23:18:57 | Finished simulation
2024-11-27 23:18:58 | Finished saving output. Done! Total elapsed time: 1:04:58.552538
