CONFIG 1216
benchmark_file: slurm/data/20241127_100432/benchmarks/adder_n10.lss
decoder_latency_or_dist_filename: slurm/data/20241127_100432/decoder_dists.json
distance: 21
lightweight_setting: 2
max_parallel_processes: None
missed_speculation_modifier: 1.4
poison_policy: successors
rng: 0
scheduling_method: aligned
speculation_accuracy: 0.9
speculation_latency: 1
speculation_mode: None
2024-11-27 22:20:34 | Loading benchmark slurm/data/20241127_100432/benchmarks/adder_n10.lss...
2024-11-27 22:20:34 | Starting simulation
2024-11-27 22:20:34 | Simulation update: decoder round 1, completed instructions: 0/887, actively running or decoding instructions: 4, waiting windows: 0/0. Max active instruction index: 9
2024-11-27 22:20:44 | Simulation update: decoder round 5391, completed instructions: 305/887, actively running or decoding instructions: 9, waiting windows: 1442/2858. Max active instruction index: 350
2024-11-27 22:20:54 | Simulation update: decoder round 13230, completed instructions: 663/887, actively running or decoding instructions: 10, waiting windows: 3230/6674. Max active instruction index: 661
2024-11-27 22:20:57 | Finished simulation
2024-11-27 22:20:57 | Finished saving output. Done! Total elapsed time: 0:00:23.089248
