CONFIG 1305
benchmark_file: slurm/data/20241127_100432/benchmarks/adder_n18.lss
decoder_latency_or_dist_filename: slurm/data/20241127_100432/decoder_dists.json
distance: 21
lightweight_setting: 2
max_parallel_processes: None
missed_speculation_modifier: 1.4
poison_policy: successors
rng: 5
scheduling_method: aligned
speculation_accuracy: 0.9
speculation_latency: 1
speculation_mode: None
2024-11-27 22:45:00 | Loading benchmark slurm/data/20241127_100432/benchmarks/adder_n18.lss...
2024-11-27 22:45:00 | Starting simulation
2024-11-27 22:45:00 | Simulation update: decoder round 1, completed instructions: 0/2338, actively running or decoding instructions: 3, waiting windows: 0/0. Max active instruction index: 18
2024-11-27 22:45:10 | Simulation update: decoder round 2835, completed instructions: 295/2338, actively running or decoding instructions: 5, waiting windows: 1383/2670. Max active instruction index: 294
2024-11-27 22:45:20 | Simulation update: decoder round 5885, completed instructions: 478/2338, actively running or decoding instructions: 11, waiting windows: 2762/5478. Max active instruction index: 481
2024-11-27 22:45:30 | Simulation update: decoder round 9173, completed instructions: 621/2338, actively running or decoding instructions: 6, waiting windows: 4245/8571. Max active instruction index: 614
2024-11-27 22:45:40 | Simulation update: decoder round 11774, completed instructions: 879/2338, actively running or decoding instructions: 11, waiting windows: 5507/11182. Max active instruction index: 875
2024-11-27 22:45:50 | Simulation update: decoder round 14847, completed instructions: 1212/2338, actively running or decoding instructions: 19, waiting windows: 6757/13889. Max active instruction index: 1232
2024-11-27 22:46:00 | Simulation update: decoder round 18786, completed instructions: 1566/2338, actively running or decoding instructions: 12, waiting windows: 8110/16896. Max active instruction index: 1616
2024-11-27 22:46:10 | Simulation update: decoder round 26051, completed instructions: 2078/2338, actively running or decoding instructions: 3, waiting windows: 9714/20471. Max active instruction index: 2059
2024-11-27 22:46:13 | Finished simulation
2024-11-27 22:46:13 | Finished saving output. Done! Total elapsed time: 0:01:12.798472
