CONFIG 188
benchmark_file: slurm/data/20241127_100432/benchmarks/rz_seq_10_1e-10.lss
decoder_latency_or_dist_filename: slurm/data/20241127_100432/decoder_dists.json
distance: 21
lightweight_setting: 2
max_parallel_processes: None
missed_speculation_modifier: 1.4
poison_policy: successors
rng: 5
scheduling_method: sliding
speculation_accuracy: 0.9
speculation_latency: 1
speculation_mode: separate
2024-11-27 10:04:52 | Loading benchmark slurm/data/20241127_100432/benchmarks/rz_seq_10_1e-10.lss...
2024-11-27 10:04:53 | Starting simulation
2024-11-27 10:04:54 | Simulation update: decoder round 1, completed instructions: 0/10045, actively running or decoding instructions: 1, waiting windows: 0/0. Max active instruction index: 0
2024-11-27 10:05:04 | Simulation update: decoder round 64611, completed instructions: 2241/10045, actively running or decoding instructions: 7, waiting windows: 10/4753. Max active instruction index: 2240
2024-11-27 10:05:14 | Simulation update: decoder round 128473, completed instructions: 4449/10045, actively running or decoding instructions: 2, waiting windows: 13/9471. Max active instruction index: 4445
2024-11-27 10:05:24 | Simulation update: decoder round 192785, completed instructions: 6669/10045, actively running or decoding instructions: 4, waiting windows: 9/14241. Max active instruction index: 6669
2024-11-27 10:05:34 | Simulation update: decoder round 256338, completed instructions: 8829/10045, actively running or decoding instructions: 2, waiting windows: 15/19102. Max active instruction index: 8825
2024-11-27 10:05:40 | Finished simulation
2024-11-27 10:05:40 | Finished saving output. Done! Total elapsed time: 0:00:47.876820
