CONFIG 221
benchmark_file: slurm/data/20241127_100432/benchmarks/H2.lss
decoder_latency_or_dist_filename: slurm/data/20241127_100432/decoder_dists.json
distance: 21
lightweight_setting: 2
max_parallel_processes: None
missed_speculation_modifier: 1.4
poison_policy: successors
rng: 6
scheduling_method: sliding
speculation_accuracy: 0.9
speculation_latency: 1
speculation_mode: separate
2024-11-27 10:04:57 | Loading benchmark slurm/data/20241127_100432/benchmarks/H2.lss...
2024-11-27 10:05:01 | Starting simulation
2024-11-27 10:05:06 | Simulation update: decoder round 1, completed instructions: 0/43797, actively running or decoding instructions: 11, waiting windows: 0/0. Max active instruction index: 32
2024-11-27 10:05:16 | Simulation update: decoder round 203, completed instructions: 54/43797, actively running or decoding instructions: 11, waiting windows: 79/127. Max active instruction index: 73
2024-11-27 10:05:26 | Simulation update: decoder round 375, completed instructions: 78/43797, actively running or decoding instructions: 11, waiting windows: 79/224. Max active instruction index: 73
2024-11-27 10:05:36 | Simulation update: decoder round 533, completed instructions: 92/43797, actively running or decoding instructions: 11, waiting windows: 82/321. Max active instruction index: 87
2024-11-27 10:05:46 | Simulation update: decoder round 690, completed instructions: 92/43797, actively running or decoding instructions: 8, waiting windows: 70/398. Max active instruction index: 87
2024-11-27 10:05:56 | Simulation update: decoder round 847, completed instructions: 106/43797, actively running or decoding instructions: 5, waiting windows: 82/492. Max active instruction index: 101
2024-11-27 10:06:06 | Simulation update: decoder round 1003, completed instructions: 106/43797, actively running or decoding instructions: 2, waiting windows: 76/570. Max active instruction index: 101
2024-11-27 10:06:16 | Simulation update: decoder round 1162, completed instructions: 117/43797, actively running or decoding instructions: 5, waiting windows: 84/666. Max active instruction index: 111
2024-11-27 10:06:26 | Simulation update: decoder round 1321, completed instructions: 127/43797, actively running or decoding instructions: 2, waiting windows: 79/754. Max active instruction index: 121
2024-11-27 10:06:36 | Simulation update: decoder round 1481, completed instructions: 127/43797, actively running or decoding instructions: 2, waiting windows: 81/850. Max active instruction index: 121
2024-11-27 10:06:46 | Simulation update: decoder round 1640, completed instructions: 136/43797, actively running or decoding instructions: 2, waiting windows: 82/944. Max active instruction index: 131
2024-11-27 10:06:56 | Simulation update: decoder round 1800, completed instructions: 136/43797, actively running or decoding instructions: 2, waiting windows: 73/1024. Max active instruction index: 136
2024-11-27 10:07:06 | Simulation update: decoder round 1959, completed instructions: 150/43797, actively running or decoding instructions: 8, waiting windows: 85/1120. Max active instruction index: 145
2024-11-27 10:07:17 | Simulation update: decoder round 2121, completed instructions: 150/43797, actively running or decoding instructions: 2, waiting windows: 69/1198. Max active instruction index: 145
2024-11-27 10:07:27 | Simulation update: decoder round 2279, completed instructions: 164/43797, actively running or decoding instructions: 5, waiting windows: 82/1293. Max active instruction index: 159
2024-11-27 10:07:37 | Simulation update: decoder round 2437, completed instructions: 164/43797, actively running or decoding instructions: 5, waiting windows: 74/1377. Max active instruction index: 159
2024-11-27 10:07:47 | Simulation update: decoder round 2596, completed instructions: 178/43797, actively running or decoding instructions: 8, waiting windows: 84/1467. Max active instruction index: 173
2024-11-27 10:07:57 | Simulation update: decoder round 2757, completed instructions: 178/43797, actively running or decoding instructions: 2, waiting windows: 77/1555. Max active instruction index: 173
2024-11-27 10:08:07 | Simulation update: decoder round 2917, completed instructions: 187/43797, actively running or decoding instructions: 8, waiting windows: 74/1638. Max active instruction index: 187
2024-11-27 10:08:17 | Simulation update: decoder round 3079, completed instructions: 192/43797, actively running or decoding instructions: 5, waiting windows: 75/1729. Max active instruction index: 187
2024-11-27 10:08:27 | Simulation update: decoder round 3240, completed instructions: 202/43797, actively running or decoding instructions: 6, waiting windows: 84/1824. Max active instruction index: 206
2024-11-27 10:08:37 | Simulation update: decoder round 3400, completed instructions: 203/43797, actively running or decoding instructions: 5, waiting windows: 78/1907. Max active instruction index: 197
2024-11-27 10:08:47 | Simulation update: decoder round 3561, completed instructions: 212/43797, actively running or decoding instructions: 2, waiting windows: 73/2001. Max active instruction index: 207
2024-11-27 10:08:57 | Simulation update: decoder round 3722, completed instructions: 212/43797, actively running or decoding instructions: 2, waiting windows: 78/2089. Max active instruction index: 207
2024-11-27 10:09:07 | Simulation update: decoder round 3882, completed instructions: 226/43797, actively running or decoding instructions: 5, waiting windows: 74/2173. Max active instruction index: 221
2024-11-27 10:09:17 | Simulation update: decoder round 4043, completed instructions: 240/43797, actively running or decoding instructions: 8, waiting windows: 79/2266. Max active instruction index: 235
2024-11-27 10:09:27 | Simulation update: decoder round 4204, completed instructions: 241/43797, actively running or decoding instructions: 5, waiting windows: 81/2363. Max active instruction index: 235
2024-11-27 10:09:37 | Simulation update: decoder round 4365, completed instructions: 250/43797, actively running or decoding instructions: 2, waiting windows: 73/2448. Max active instruction index: 245
2024-11-27 10:09:47 | Simulation update: decoder round 4523, completed instructions: 251/43797, actively running or decoding instructions: 4, waiting windows: 75/2537. Max active instruction index: 252
2024-11-27 10:09:57 | Simulation update: decoder round 4682, completed instructions: 265/43797, actively running or decoding instructions: 8, waiting windows: 72/2625. Max active instruction index: 259
2024-11-27 10:10:07 | Simulation update: decoder round 4842, completed instructions: 265/43797, actively running or decoding instructions: 5, waiting windows: 83/2721. Max active instruction index: 259
2024-11-27 10:10:17 | Simulation update: decoder round 5004, completed instructions: 274/43797, actively running or decoding instructions: 2, waiting windows: 83/2817. Max active instruction index: 269
2024-11-27 10:10:27 | Simulation update: decoder round 5165, completed instructions: 283/43797, actively running or decoding instructions: 5, waiting windows: 74/2898. Max active instruction index: 283
2024-11-27 10:10:37 | Simulation update: decoder round 5328, completed instructions: 289/43797, actively running or decoding instructions: 5, waiting windows: 80/2996. Max active instruction index: 283
2024-11-27 10:10:47 | Simulation update: decoder round 5488, completed instructions: 298/43797, actively running or decoding instructions: 2, waiting windows: 76/3090. Max active instruction index: 293
2024-11-27 10:10:57 | Simulation update: decoder round 5650, completed instructions: 308/43797, actively running or decoding instructions: 5, waiting windows: 83/3182. Max active instruction index: 303
2024-11-27 10:11:07 | Simulation update: decoder round 5811, completed instructions: 308/43797, actively running or decoding instructions: 2, waiting windows: 74/3262. Max active instruction index: 303
2024-11-27 10:11:17 | Simulation update: decoder round 5973, completed instructions: 323/43797, actively running or decoding instructions: 8, waiting windows: 78/3359. Max active instruction index: 317
2024-11-27 10:11:27 | Simulation update: decoder round 6133, completed instructions: 323/43797, actively running or decoding instructions: 2, waiting windows: 82/3452. Max active instruction index: 317
2024-11-27 10:11:37 | Simulation update: decoder round 6295, completed instructions: 332/43797, actively running or decoding instructions: 2, waiting windows: 74/3538. Max active instruction index: 327
2024-11-27 10:11:47 | Simulation update: decoder round 6456, completed instructions: 347/43797, actively running or decoding instructions: 8, waiting windows: 83/3635. Max active instruction index: 341
2024-11-27 10:11:57 | Simulation update: decoder round 6619, completed instructions: 351/43797, actively running or decoding instructions: 2, waiting windows: 85/3730. Max active instruction index: 351
2024-11-27 10:12:07 | Simulation update: decoder round 6781, completed instructions: 357/43797, actively running or decoding instructions: 2, waiting windows: 78/3819. Max active instruction index: 351
2024-11-27 10:12:18 | Simulation update: decoder round 6943, completed instructions: 366/43797, actively running or decoding instructions: 2, waiting windows: 84/3915. Max active instruction index: 361
2024-11-27 10:12:28 | Simulation update: decoder round 7104, completed instructions: 366/43797, actively running or decoding instructions: 2, waiting windows: 77/4003. Max active instruction index: 361
2024-11-27 10:12:38 | Simulation update: decoder round 7262, completed instructions: 366/43797, actively running or decoding instructions: 2, waiting windows: 72/4080. Max active instruction index: 361
2024-11-27 10:12:48 | Simulation update: decoder round 7420, completed instructions: 377/43797, actively running or decoding instructions: 5, waiting windows: 84/4176. Max active instruction index: 371
2024-11-27 10:12:58 | Simulation update: decoder round 7582, completed instructions: 381/43797, actively running or decoding instructions: 2, waiting windows: 84/4269. Max active instruction index: 381
2024-11-27 10:13:08 | Simulation update: decoder round 7744, completed instructions: 386/43797, actively running or decoding instructions: 2, waiting windows: 75/4354. Max active instruction index: 381
2024-11-27 10:13:18 | Simulation update: decoder round 7906, completed instructions: 400/43797, actively running or decoding instructions: 5, waiting windows: 83/4448. Max active instruction index: 395
2024-11-27 10:13:28 | Simulation update: decoder round 8070, completed instructions: 400/43797, actively running or decoding instructions: 5, waiting windows: 71/4536. Max active instruction index: 395
2024-11-27 10:13:38 | Simulation update: decoder round 8232, completed instructions: 414/43797, actively running or decoding instructions: 8, waiting windows: 81/4623. Max active instruction index: 409
2024-11-27 10:13:48 | Simulation update: decoder round 8394, completed instructions: 418/43797, actively running or decoding instructions: 3, waiting windows: 76/4711. Max active instruction index: 418
2024-11-27 10:13:58 | Simulation update: decoder round 8553, completed instructions: 428/43797, actively running or decoding instructions: 5, waiting windows: 78/4806. Max active instruction index: 423
2024-11-27 10:14:08 | Simulation update: decoder round 8714, completed instructions: 428/43797, actively running or decoding instructions: 2, waiting windows: 70/4884. Max active instruction index: 428
2024-11-27 10:14:18 | Simulation update: decoder round 8873, completed instructions: 438/43797, actively running or decoding instructions: 5, waiting windows: 80/4978. Max active instruction index: 433
2024-11-27 10:14:28 | Simulation update: decoder round 9032, completed instructions: 448/43797, actively running or decoding instructions: 5, waiting windows: 83/5070. Max active instruction index: 443
2024-11-27 10:14:38 | Simulation update: decoder round 9189, completed instructions: 448/43797, actively running or decoding instructions: 2, waiting windows: 76/5150. Max active instruction index: 443
2024-11-27 10:14:48 | Simulation update: decoder round 9349, completed instructions: 462/43797, actively running or decoding instructions: 5, waiting windows: 83/5243. Max active instruction index: 457
2024-11-27 10:14:58 | Simulation update: decoder round 9509, completed instructions: 467/43797, actively running or decoding instructions: 8, waiting windows: 73/5326. Max active instruction index: 470
2024-11-27 10:15:08 | Simulation update: decoder round 9671, completed instructions: 477/43797, actively running or decoding instructions: 8, waiting windows: 84/5424. Max active instruction index: 471
2024-11-27 10:15:18 | Simulation update: decoder round 9832, completed instructions: 486/43797, actively running or decoding instructions: 3, waiting windows: 86/5522. Max active instruction index: 490
2024-11-27 10:15:28 | Simulation update: decoder round 9994, completed instructions: 487/43797, actively running or decoding instructions: 2, waiting windows: 76/5608. Max active instruction index: 481
2024-11-27 10:15:38 | Simulation update: decoder round 10154, completed instructions: 496/43797, actively running or decoding instructions: 2, waiting windows: 76/5702. Max active instruction index: 491
2024-11-27 10:15:48 | Simulation update: decoder round 10315, completed instructions: 496/43797, actively running or decoding instructions: 2, waiting windows: 72/5789. Max active instruction index: 496
2024-11-27 10:15:58 | Simulation update: decoder round 10476, completed instructions: 511/43797, actively running or decoding instructions: 8, waiting windows: 85/5880. Max active instruction index: 505
2024-11-27 10:16:08 | Simulation update: decoder round 10638, completed instructions: 520/43797, actively running or decoding instructions: 2, waiting windows: 80/5976. Max active instruction index: 515
2024-11-27 10:16:18 | Simulation update: decoder round 10798, completed instructions: 520/43797, actively running or decoding instructions: 2, waiting windows: 75/6062. Max active instruction index: 515
2024-11-27 10:16:28 | Simulation update: decoder round 10959, completed instructions: 530/43797, actively running or decoding instructions: 5, waiting windows: 78/6148. Max active instruction index: 525
2024-11-27 10:16:38 | Simulation update: decoder round 11118, completed instructions: 530/43797, actively running or decoding instructions: 5, waiting windows: 76/6236. Max active instruction index: 525
2024-11-27 10:16:49 | Simulation update: decoder round 11277, completed instructions: 540/43797, actively running or decoding instructions: 5, waiting windows: 75/6321. Max active instruction index: 535
2024-11-27 10:16:59 | Simulation update: decoder round 11437, completed instructions: 540/43797, actively running or decoding instructions: 5, waiting windows: 73/6408. Max active instruction index: 535
2024-11-27 10:17:09 | Simulation update: decoder round 11599, completed instructions: 550/43797, actively running or decoding instructions: 5, waiting windows: 75/6502. Max active instruction index: 545
2024-11-27 10:17:19 | Simulation update: decoder round 11760, completed instructions: 550/43797, actively running or decoding instructions: 5, waiting windows: 66/6580. Max active instruction index: 545
2024-11-27 10:17:29 | Simulation update: decoder round 11922, completed instructions: 554/43797, actively running or decoding instructions: 3, waiting windows: 73/6668. Max active instruction index: 558
2024-11-27 10:17:39 | Simulation update: decoder round 12081, completed instructions: 564/43797, actively running or decoding instructions: 5, waiting windows: 78/6762. Max active instruction index: 559
2024-11-27 10:17:49 | Simulation update: decoder round 12241, completed instructions: 578/43797, actively running or decoding instructions: 5, waiting windows: 81/6847. Max active instruction index: 573
2024-11-27 10:17:59 | Simulation update: decoder round 12401, completed instructions: 578/43797, actively running or decoding instructions: 5, waiting windows: 78/6935. Max active instruction index: 573
2024-11-27 10:18:09 | Simulation update: decoder round 12559, completed instructions: 583/43797, actively running or decoding instructions: 8, waiting windows: 78/7023. Max active instruction index: 586
2024-11-27 10:18:19 | Simulation update: decoder round 12720, completed instructions: 593/43797, actively running or decoding instructions: 8, waiting windows: 81/7114. Max active instruction index: 587
2024-11-27 10:18:29 | Simulation update: decoder round 12882, completed instructions: 593/43797, actively running or decoding instructions: 6, waiting windows: 86/7208. Max active instruction index: 587
2024-11-27 10:18:39 | Simulation update: decoder round 13044, completed instructions: 602/43797, actively running or decoding instructions: 2, waiting windows: 77/7302. Max active instruction index: 597
2024-11-27 10:18:49 | Simulation update: decoder round 13205, completed instructions: 602/43797, actively running or decoding instructions: 2, waiting windows: 74/7382. Max active instruction index: 597
2024-11-27 10:18:59 | Simulation update: decoder round 13367, completed instructions: 616/43797, actively running or decoding instructions: 5, waiting windows: 83/7476. Max active instruction index: 611
2024-11-27 10:19:09 | Simulation update: decoder round 13529, completed instructions: 625/43797, actively running or decoding instructions: 8, waiting windows: 78/7569. Max active instruction index: 625
2024-11-27 10:19:19 | Simulation update: decoder round 13692, completed instructions: 630/43797, actively running or decoding instructions: 8, waiting windows: 70/7651. Max active instruction index: 625
2024-11-27 10:19:29 | Simulation update: decoder round 13854, completed instructions: 640/43797, actively running or decoding instructions: 6, waiting windows: 80/7746. Max active instruction index: 635
2024-11-27 10:19:39 | Simulation update: decoder round 14016, completed instructions: 640/43797, actively running or decoding instructions: 2, waiting windows: 78/7834. Max active instruction index: 635
2024-11-27 10:19:49 | Simulation update: decoder round 14176, completed instructions: 650/43797, actively running or decoding instructions: 5, waiting windows: 84/7926. Max active instruction index: 645
2024-11-27 10:19:59 | Simulation update: decoder round 14338, completed instructions: 650/43797, actively running or decoding instructions: 2, waiting windows: 73/8006. Max active instruction index: 645
2024-11-27 10:20:09 | Simulation update: decoder round 14499, completed instructions: 665/43797, actively running or decoding instructions: 5, waiting windows: 84/8101. Max active instruction index: 659
2024-11-27 10:20:19 | Simulation update: decoder round 14664, completed instructions: 665/43797, actively running or decoding instructions: 5, waiting windows: 83/8197. Max active instruction index: 659
2024-11-27 10:20:29 | Simulation update: decoder round 14828, completed instructions: 665/43797, actively running or decoding instructions: 2, waiting windows: 83/8291. Max active instruction index: 659
2024-11-27 10:20:39 | Simulation update: decoder round 14993, completed instructions: 674/43797, actively running or decoding instructions: 2, waiting windows: 69/8376. Max active instruction index: 669
2024-11-27 10:20:49 | Simulation update: decoder round 15156, completed instructions: 684/43797, actively running or decoding instructions: 5, waiting windows: 75/8470. Max active instruction index: 679
2024-11-27 10:20:59 | Simulation update: decoder round 15321, completed instructions: 684/43797, actively running or decoding instructions: 2, waiting windows: 78/8558. Max active instruction index: 679
2024-11-27 10:21:09 | Simulation update: decoder round 15484, completed instructions: 688/43797, actively running or decoding instructions: 2, waiting windows: 76/8646. Max active instruction index: 688
2024-11-27 10:21:19 | Simulation update: decoder round 15646, completed instructions: 699/43797, actively running or decoding instructions: 5, waiting windows: 85/8742. Max active instruction index: 693
2024-11-27 10:21:29 | Simulation update: decoder round 15809, completed instructions: 708/43797, actively running or decoding instructions: 2, waiting windows: 81/8830. Max active instruction index: 703
