CONFIG 236
benchmark_file: slurm/data/20241127_100432/benchmarks/rz_seq_10_1e-10.lss
decoder_latency_or_dist_filename: slurm/data/20241127_100432/decoder_dists.json
distance: 21
lightweight_setting: 2
max_parallel_processes: predict
missed_speculation_modifier: 1.4
poison_policy: successors
rng: 6
scheduling_method: sliding
speculation_accuracy: 0.9
speculation_latency: 1
speculation_mode: separate
2024-11-27 10:04:57 | Loading benchmark slurm/data/20241127_100432/benchmarks/rz_seq_10_1e-10.lss...
2024-11-27 10:04:58 | Starting simulation
PREDICTION STEP BEGIN---------------------------------
Predicted max parallel processes: 18

PREDICTION STEP END-----------------------------------

2024-11-27 10:05:39 | Simulation update: decoder round 1, completed instructions: 0/10045, actively running or decoding instructions: 1, waiting windows: 0/0. Max active instruction index: 0
2024-11-27 10:05:49 | Simulation update: decoder round 64595, completed instructions: 2341/10045, actively running or decoding instructions: 2, waiting windows: 15/4762. Max active instruction index: 2337
2024-11-27 10:05:59 | Simulation update: decoder round 128478, completed instructions: 4556/10045, actively running or decoding instructions: 2, waiting windows: 7/9526. Max active instruction index: 4556
2024-11-27 10:06:09 | Simulation update: decoder round 191375, completed instructions: 6752/10045, actively running or decoding instructions: 5, waiting windows: 11/14138. Max active instruction index: 6749
2024-11-27 10:06:19 | Simulation update: decoder round 255558, completed instructions: 8952/10045, actively running or decoding instructions: 2, waiting windows: 6/18927. Max active instruction index: 8949
2024-11-27 10:06:24 | Finished simulation
2024-11-27 10:06:24 | Finished saving output. Done! Total elapsed time: 0:01:26.745017
