CONFIG 285
benchmark_file: slurm/data/20241127_100432/benchmarks/H2.lss
decoder_latency_or_dist_filename: slurm/data/20241127_100432/decoder_dists.json
distance: 21
lightweight_setting: 2
max_parallel_processes: None
missed_speculation_modifier: 1.4
poison_policy: successors
rng: 8
scheduling_method: sliding
speculation_accuracy: 0.9
speculation_latency: 1
speculation_mode: separate
2024-11-27 10:04:59 | Loading benchmark slurm/data/20241127_100432/benchmarks/H2.lss...
2024-11-27 10:05:03 | Starting simulation
2024-11-27 10:05:09 | Simulation update: decoder round 1, completed instructions: 0/43797, actively running or decoding instructions: 11, waiting windows: 0/0. Max active instruction index: 32
2024-11-27 10:05:19 | Simulation update: decoder round 192, completed instructions: 54/43797, actively running or decoding instructions: 12, waiting windows: 89/126. Max active instruction index: 73
2024-11-27 10:05:29 | Simulation update: decoder round 358, completed instructions: 92/43797, actively running or decoding instructions: 14, waiting windows: 90/227. Max active instruction index: 87
2024-11-27 10:05:39 | Simulation update: decoder round 511, completed instructions: 96/43797, actively running or decoding instructions: 2, waiting windows: 72/305. Max active instruction index: 96
2024-11-27 10:05:49 | Simulation update: decoder round 664, completed instructions: 107/43797, actively running or decoding instructions: 5, waiting windows: 80/393. Max active instruction index: 101
2024-11-27 10:05:59 | Simulation update: decoder round 817, completed instructions: 111/43797, actively running or decoding instructions: 2, waiting windows: 75/480. Max active instruction index: 111
2024-11-27 10:06:09 | Simulation update: decoder round 969, completed instructions: 117/43797, actively running or decoding instructions: 2, waiting windows: 82/573. Max active instruction index: 111
2024-11-27 10:06:19 | Simulation update: decoder round 1122, completed instructions: 121/43797, actively running or decoding instructions: 2, waiting windows: 79/660. Max active instruction index: 121
2024-11-27 10:06:29 | Simulation update: decoder round 1274, completed instructions: 127/43797, actively running or decoding instructions: 2, waiting windows: 80/747. Max active instruction index: 121
2024-11-27 10:06:39 | Simulation update: decoder round 1428, completed instructions: 136/43797, actively running or decoding instructions: 2, waiting windows: 72/832. Max active instruction index: 131
2024-11-27 10:06:49 | Simulation update: decoder round 1582, completed instructions: 145/43797, actively running or decoding instructions: 5, waiting windows: 78/921. Max active instruction index: 145
2024-11-27 10:06:59 | Simulation update: decoder round 1736, completed instructions: 150/43797, actively running or decoding instructions: 5, waiting windows: 74/1003. Max active instruction index: 145
2024-11-27 10:07:09 | Simulation update: decoder round 1890, completed instructions: 164/43797, actively running or decoding instructions: 5, waiting windows: 77/1089. Max active instruction index: 159
2024-11-27 10:07:19 | Simulation update: decoder round 2044, completed instructions: 164/43797, actively running or decoding instructions: 5, waiting windows: 74/1174. Max active instruction index: 159
2024-11-27 10:07:29 | Simulation update: decoder round 2198, completed instructions: 178/43797, actively running or decoding instructions: 5, waiting windows: 74/1259. Max active instruction index: 173
2024-11-27 10:07:39 | Simulation update: decoder round 2352, completed instructions: 178/43797, actively running or decoding instructions: 2, waiting windows: 71/1338. Max active instruction index: 178
2024-11-27 10:07:49 | Simulation update: decoder round 2505, completed instructions: 193/43797, actively running or decoding instructions: 8, waiting windows: 86/1434. Max active instruction index: 187
2024-11-27 10:07:59 | Simulation update: decoder round 2657, completed instructions: 197/43797, actively running or decoding instructions: 2, waiting windows: 81/1520. Max active instruction index: 197
2024-11-27 10:08:09 | Simulation update: decoder round 2808, completed instructions: 203/43797, actively running or decoding instructions: 2, waiting windows: 78/1608. Max active instruction index: 197
2024-11-27 10:08:19 | Simulation update: decoder round 2960, completed instructions: 212/43797, actively running or decoding instructions: 2, waiting windows: 80/1693. Max active instruction index: 207
2024-11-27 10:08:29 | Simulation update: decoder round 3112, completed instructions: 212/43797, actively running or decoding instructions: 2, waiting windows: 76/1779. Max active instruction index: 207
2024-11-27 10:08:39 | Simulation update: decoder round 3265, completed instructions: 221/43797, actively running or decoding instructions: 8, waiting windows: 79/1861. Max active instruction index: 221
2024-11-27 10:08:49 | Simulation update: decoder round 3419, completed instructions: 226/43797, actively running or decoding instructions: 2, waiting windows: 71/1945. Max active instruction index: 221
2024-11-27 10:08:59 | Simulation update: decoder round 3571, completed instructions: 240/43797, actively running or decoding instructions: 8, waiting windows: 83/2038. Max active instruction index: 235
2024-11-27 10:09:09 | Simulation update: decoder round 3723, completed instructions: 240/43797, actively running or decoding instructions: 2, waiting windows: 75/2116. Max active instruction index: 235
2024-11-27 10:09:19 | Simulation update: decoder round 3875, completed instructions: 250/43797, actively running or decoding instructions: 5, waiting windows: 75/2200. Max active instruction index: 245
2024-11-27 10:09:29 | Simulation update: decoder round 4027, completed instructions: 250/43797, actively running or decoding instructions: 2, waiting windows: 74/2279. Max active instruction index: 245
2024-11-27 10:09:39 | Simulation update: decoder round 4180, completed instructions: 265/43797, actively running or decoding instructions: 8, waiting windows: 85/2374. Max active instruction index: 259
2024-11-27 10:09:49 | Simulation update: decoder round 4333, completed instructions: 269/43797, actively running or decoding instructions: 2, waiting windows: 81/2461. Max active instruction index: 269
2024-11-27 10:09:59 | Simulation update: decoder round 4486, completed instructions: 274/43797, actively running or decoding instructions: 2, waiting windows: 69/2543. Max active instruction index: 269
2024-11-27 10:10:09 | Simulation update: decoder round 4639, completed instructions: 289/43797, actively running or decoding instructions: 5, waiting windows: 78/2630. Max active instruction index: 283
2024-11-27 10:10:19 | Simulation update: decoder round 4793, completed instructions: 289/43797, actively running or decoding instructions: 2, waiting windows: 87/2722. Max active instruction index: 283
2024-11-27 10:10:29 | Simulation update: decoder round 4946, completed instructions: 299/43797, actively running or decoding instructions: 2, waiting windows: 83/2810. Max active instruction index: 293
2024-11-27 10:10:40 | Simulation update: decoder round 5099, completed instructions: 308/43797, actively running or decoding instructions: 2, waiting windows: 77/2898. Max active instruction index: 303
2024-11-27 10:10:50 | Simulation update: decoder round 5251, completed instructions: 308/43797, actively running or decoding instructions: 2, waiting windows: 75/2982. Max active instruction index: 303
2024-11-27 10:11:00 | Simulation update: decoder round 5404, completed instructions: 323/43797, actively running or decoding instructions: 5, waiting windows: 87/3070. Max active instruction index: 317
2024-11-27 10:11:10 | Simulation update: decoder round 5558, completed instructions: 323/43797, actively running or decoding instructions: 5, waiting windows: 83/3155. Max active instruction index: 317
2024-11-27 10:11:20 | Simulation update: decoder round 5712, completed instructions: 332/43797, actively running or decoding instructions: 2, waiting windows: 84/3240. Max active instruction index: 327
2024-11-27 10:11:30 | Simulation update: decoder round 5866, completed instructions: 332/43797, actively running or decoding instructions: 2, waiting windows: 75/3325. Max active instruction index: 327
2024-11-27 10:11:40 | Simulation update: decoder round 6020, completed instructions: 337/43797, actively running or decoding instructions: 5, waiting windows: 77/3405. Max active instruction index: 340
2024-11-27 10:11:50 | Simulation update: decoder round 6174, completed instructions: 346/43797, actively running or decoding instructions: 5, waiting windows: 75/3489. Max active instruction index: 341
2024-11-27 10:12:00 | Simulation update: decoder round 6326, completed instructions: 357/43797, actively running or decoding instructions: 5, waiting windows: 80/3583. Max active instruction index: 351
2024-11-27 10:12:10 | Simulation update: decoder round 6478, completed instructions: 357/43797, actively running or decoding instructions: 2, waiting windows: 83/3667. Max active instruction index: 351
2024-11-27 10:12:20 | Simulation update: decoder round 6631, completed instructions: 366/43797, actively running or decoding instructions: 2, waiting windows: 79/3755. Max active instruction index: 361
2024-11-27 10:12:30 | Simulation update: decoder round 6785, completed instructions: 371/43797, actively running or decoding instructions: 5, waiting windows: 77/3843. Max active instruction index: 371
2024-11-27 10:12:40 | Simulation update: decoder round 6939, completed instructions: 377/43797, actively running or decoding instructions: 5, waiting windows: 84/3930. Max active instruction index: 371
2024-11-27 10:12:50 | Simulation update: decoder round 7093, completed instructions: 377/43797, actively running or decoding instructions: 2, waiting windows: 80/4016. Max active instruction index: 371
2024-11-27 10:13:00 | Simulation update: decoder round 7246, completed instructions: 386/43797, actively running or decoding instructions: 2, waiting windows: 86/4111. Max active instruction index: 381
2024-11-27 10:13:10 | Simulation update: decoder round 7399, completed instructions: 386/43797, actively running or decoding instructions: 2, waiting windows: 77/4189. Max active instruction index: 381
2024-11-27 10:13:20 | Simulation update: decoder round 7552, completed instructions: 386/43797, actively running or decoding instructions: 2, waiting windows: 78/4267. Max active instruction index: 381
2024-11-27 10:13:30 | Simulation update: decoder round 7705, completed instructions: 400/43797, actively running or decoding instructions: 5, waiting windows: 80/4353. Max active instruction index: 395
2024-11-27 10:13:40 | Simulation update: decoder round 7859, completed instructions: 400/43797, actively running or decoding instructions: 5, waiting windows: 78/4438. Max active instruction index: 395
2024-11-27 10:13:50 | Simulation update: decoder round 8012, completed instructions: 414/43797, actively running or decoding instructions: 5, waiting windows: 79/4522. Max active instruction index: 409
2024-11-27 10:14:00 | Simulation update: decoder round 8165, completed instructions: 414/43797, actively running or decoding instructions: 2, waiting windows: 71/4602. Max active instruction index: 409
2024-11-27 10:14:10 | Simulation update: decoder round 8318, completed instructions: 423/43797, actively running or decoding instructions: 5, waiting windows: 84/4689. Max active instruction index: 423
2024-11-27 10:14:20 | Simulation update: decoder round 8471, completed instructions: 429/43797, actively running or decoding instructions: 5, waiting windows: 83/4776. Max active instruction index: 423
2024-11-27 10:14:30 | Simulation update: decoder round 8624, completed instructions: 439/43797, actively running or decoding instructions: 2, waiting windows: 84/4865. Max active instruction index: 433
2024-11-27 10:14:40 | Simulation update: decoder round 8777, completed instructions: 439/43797, actively running or decoding instructions: 2, waiting windows: 77/4950. Max active instruction index: 433
2024-11-27 10:14:50 | Simulation update: decoder round 8930, completed instructions: 448/43797, actively running or decoding instructions: 2, waiting windows: 83/5042. Max active instruction index: 443
2024-11-27 10:15:00 | Simulation update: decoder round 9082, completed instructions: 448/43797, actively running or decoding instructions: 2, waiting windows: 74/5120. Max active instruction index: 443
2024-11-27 10:15:10 | Simulation update: decoder round 9235, completed instructions: 462/43797, actively running or decoding instructions: 8, waiting windows: 80/5208. Max active instruction index: 457
2024-11-27 10:15:20 | Simulation update: decoder round 9389, completed instructions: 462/43797, actively running or decoding instructions: 2, waiting windows: 76/5293. Max active instruction index: 462
2024-11-27 10:15:30 | Simulation update: decoder round 9543, completed instructions: 477/43797, actively running or decoding instructions: 8, waiting windows: 82/5382. Max active instruction index: 471
2024-11-27 10:15:41 | Simulation update: decoder round 9697, completed instructions: 481/43797, actively running or decoding instructions: 3, waiting windows: 80/5470. Max active instruction index: 481
2024-11-27 10:15:51 | Simulation update: decoder round 9851, completed instructions: 486/43797, actively running or decoding instructions: 2, waiting windows: 81/5559. Max active instruction index: 481
2024-11-27 10:16:01 | Simulation update: decoder round 10005, completed instructions: 496/43797, actively running or decoding instructions: 5, waiting windows: 85/5644. Max active instruction index: 491
2024-11-27 10:16:11 | Simulation update: decoder round 10159, completed instructions: 496/43797, actively running or decoding instructions: 5, waiting windows: 78/5723. Max active instruction index: 491
2024-11-27 10:16:21 | Simulation update: decoder round 10312, completed instructions: 510/43797, actively running or decoding instructions: 8, waiting windows: 89/5817. Max active instruction index: 505
2024-11-27 10:16:31 | Simulation update: decoder round 10466, completed instructions: 510/43797, actively running or decoding instructions: 3, waiting windows: 76/5896. Max active instruction index: 514
2024-11-27 10:16:41 | Simulation update: decoder round 10619, completed instructions: 521/43797, actively running or decoding instructions: 5, waiting windows: 79/5985. Max active instruction index: 515
2024-11-27 10:16:51 | Simulation update: decoder round 10772, completed instructions: 531/43797, actively running or decoding instructions: 2, waiting windows: 83/6074. Max active instruction index: 525
2024-11-27 10:17:01 | Simulation update: decoder round 10924, completed instructions: 540/43797, actively running or decoding instructions: 2, waiting windows: 85/6169. Max active instruction index: 535
2024-11-27 10:17:11 | Simulation update: decoder round 11076, completed instructions: 540/43797, actively running or decoding instructions: 2, waiting windows: 77/6246. Max active instruction index: 535
2024-11-27 10:17:21 | Simulation update: decoder round 11228, completed instructions: 545/43797, actively running or decoding instructions: 5, waiting windows: 75/6328. Max active instruction index: 545
2024-11-27 10:17:31 | Simulation update: decoder round 11381, completed instructions: 550/43797, actively running or decoding instructions: 5, waiting windows: 74/6410. Max active instruction index: 545
2024-11-27 10:17:41 | Simulation update: decoder round 11534, completed instructions: 564/43797, actively running or decoding instructions: 8, waiting windows: 84/6505. Max active instruction index: 559
2024-11-27 10:17:51 | Simulation update: decoder round 11687, completed instructions: 564/43797, actively running or decoding instructions: 8, waiting windows: 78/6582. Max active instruction index: 559
2024-11-27 10:18:01 | Simulation update: decoder round 11840, completed instructions: 578/43797, actively running or decoding instructions: 5, waiting windows: 76/6669. Max active instruction index: 573
2024-11-27 10:18:11 | Simulation update: decoder round 11992, completed instructions: 578/43797, actively running or decoding instructions: 2, waiting windows: 74/6753. Max active instruction index: 573
2024-11-27 10:18:21 | Simulation update: decoder round 12144, completed instructions: 582/43797, actively running or decoding instructions: 3, waiting windows: 74/6831. Max active instruction index: 586
2024-11-27 10:18:31 | Simulation update: decoder round 12296, completed instructions: 593/43797, actively running or decoding instructions: 5, waiting windows: 79/6919. Max active instruction index: 587
2024-11-27 10:18:41 | Simulation update: decoder round 12448, completed instructions: 602/43797, actively running or decoding instructions: 2, waiting windows: 80/7007. Max active instruction index: 597
2024-11-27 10:18:51 | Simulation update: decoder round 12600, completed instructions: 611/43797, actively running or decoding instructions: 5, waiting windows: 69/7088. Max active instruction index: 611
2024-11-27 10:19:01 | Simulation update: decoder round 12753, completed instructions: 616/43797, actively running or decoding instructions: 5, waiting windows: 76/7177. Max active instruction index: 611
2024-11-27 10:19:11 | Simulation update: decoder round 12906, completed instructions: 630/43797, actively running or decoding instructions: 8, waiting windows: 79/7265. Max active instruction index: 625
2024-11-27 10:19:21 | Simulation update: decoder round 13059, completed instructions: 630/43797, actively running or decoding instructions: 2, waiting windows: 72/7344. Max active instruction index: 630
2024-11-27 10:19:31 | Simulation update: decoder round 13210, completed instructions: 640/43797, actively running or decoding instructions: 5, waiting windows: 79/7434. Max active instruction index: 635
2024-11-27 10:19:41 | Simulation update: decoder round 13360, completed instructions: 640/43797, actively running or decoding instructions: 3, waiting windows: 83/7513. Max active instruction index: 635
2024-11-27 10:19:51 | Simulation update: decoder round 13512, completed instructions: 650/43797, actively running or decoding instructions: 5, waiting windows: 84/7597. Max active instruction index: 645
2024-11-27 10:20:01 | Simulation update: decoder round 13665, completed instructions: 659/43797, actively running or decoding instructions: 5, waiting windows: 78/7679. Max active instruction index: 659
2024-11-27 10:20:11 | Simulation update: decoder round 13818, completed instructions: 664/43797, actively running or decoding instructions: 5, waiting windows: 76/7760. Max active instruction index: 659
2024-11-27 10:20:21 | Simulation update: decoder round 13971, completed instructions: 674/43797, actively running or decoding instructions: 6, waiting windows: 78/7852. Max active instruction index: 678
2024-11-27 10:20:31 | Simulation update: decoder round 14125, completed instructions: 675/43797, actively running or decoding instructions: 3, waiting windows: 83/7936. Max active instruction index: 669
2024-11-27 10:20:41 | Simulation update: decoder round 14279, completed instructions: 684/43797, actively running or decoding instructions: 2, waiting windows: 68/8021. Max active instruction index: 679
2024-11-27 10:20:52 | Simulation update: decoder round 14433, completed instructions: 693/43797, actively running or decoding instructions: 8, waiting windows: 81/8111. Max active instruction index: 693
2024-11-27 10:21:02 | Simulation update: decoder round 14587, completed instructions: 699/43797, actively running or decoding instructions: 5, waiting windows: 76/8199. Max active instruction index: 693
2024-11-27 10:21:12 | Simulation update: decoder round 14741, completed instructions: 699/43797, actively running or decoding instructions: 2, waiting windows: 78/8284. Max active instruction index: 693
2024-11-27 10:21:22 | Simulation update: decoder round 14895, completed instructions: 708/43797, actively running or decoding instructions: 2, waiting windows: 87/8377. Max active instruction index: 703
2024-11-27 10:21:32 | Simulation update: decoder round 15049, completed instructions: 708/43797, actively running or decoding instructions: 2, waiting windows: 78/8455. Max active instruction index: 703
