CONFIG 32
benchmark_file: slurm/data/20241127_100432/benchmarks/msd_15to1.lss
decoder_latency_or_dist_filename: slurm/data/20241127_100432/decoder_dists.json
distance: 21
lightweight_setting: 2
max_parallel_processes: predict
missed_speculation_modifier: 1.4
poison_policy: successors
rng: 0
scheduling_method: sliding
speculation_accuracy: 0.9
speculation_latency: 1
speculation_mode: separate
2024-11-27 10:04:41 | Loading benchmark slurm/data/20241127_100432/benchmarks/msd_15to1.lss...
2024-11-27 10:04:41 | Starting simulation
PREDICTION STEP BEGIN---------------------------------
Predicted max parallel processes: 150

PREDICTION STEP END-----------------------------------

2024-11-27 10:04:42 | Simulation update: decoder round 1, completed instructions: 0/130, actively running or decoding instructions: 2, waiting windows: 0/0. Max active instruction index: 50
2024-11-27 10:04:42 | Finished simulation
2024-11-27 10:04:42 | Finished saving output. Done! Total elapsed time: 0:00:01.123915
