CONFIG 409
benchmark_file: slurm/data/20241127_100432/benchmarks/adder_n18.lss
decoder_latency_or_dist_filename: slurm/data/20241127_100432/decoder_dists.json
distance: 21
lightweight_setting: 2
max_parallel_processes: None
missed_speculation_modifier: 1.4
poison_policy: successors
rng: 1
scheduling_method: parallel
speculation_accuracy: 0.9
speculation_latency: 1
speculation_mode: separate
2024-11-27 10:05:05 | Loading benchmark slurm/data/20241127_100432/benchmarks/adder_n18.lss...
2024-11-27 10:05:05 | Starting simulation
2024-11-27 10:05:05 | Simulation update: decoder round 1, completed instructions: 0/2338, actively running or decoding instructions: 3, waiting windows: 0/0. Max active instruction index: 18
2024-11-27 10:05:15 | Simulation update: decoder round 2910, completed instructions: 368/2338, actively running or decoding instructions: 11, waiting windows: 1369/2729. Max active instruction index: 386
2024-11-27 10:05:25 | Simulation update: decoder round 6131, completed instructions: 622/2338, actively running or decoding instructions: 4, waiting windows: 2863/5849. Max active instruction index: 593
2024-11-27 10:05:35 | Simulation update: decoder round 8849, completed instructions: 1028/2338, actively running or decoding instructions: 11, waiting windows: 4091/8522. Max active instruction index: 1084
2024-11-27 10:05:45 | Simulation update: decoder round 12667, completed instructions: 1619/2338, actively running or decoding instructions: 14, waiting windows: 5507/11684. Max active instruction index: 1627
2024-11-27 10:05:53 | Finished simulation
2024-11-27 10:05:53 | Finished saving output. Done! Total elapsed time: 0:00:47.940053
