CONFIG 494
benchmark_file: slurm/data/20241127_100432/benchmarks/adder_n28.lss
decoder_latency_or_dist_filename: slurm/data/20241127_100432/decoder_dists.json
distance: 21
lightweight_setting: 2
max_parallel_processes: predict
missed_speculation_modifier: 1.4
poison_policy: successors
rng: 3
scheduling_method: parallel
speculation_accuracy: 0.9
speculation_latency: 1
speculation_mode: separate
2024-11-27 10:05:13 | Loading benchmark slurm/data/20241127_100432/benchmarks/adder_n28.lss...
2024-11-27 10:05:14 | Starting simulation
PREDICTION STEP BEGIN---------------------------------
Predicted max parallel processes: 182

PREDICTION STEP END-----------------------------------

2024-11-27 10:06:25 | Simulation update: decoder round 1, completed instructions: 0/3343, actively running or decoding instructions: 7, waiting windows: 0/0. Max active instruction index: 30
2024-11-27 10:06:35 | Simulation update: decoder round 1858, completed instructions: 285/3343, actively running or decoding instructions: 9, waiting windows: 1393/2634. Max active instruction index: 291
2024-11-27 10:06:45 | Simulation update: decoder round 3831, completed instructions: 459/3343, actively running or decoding instructions: 14, waiting windows: 2688/5277. Max active instruction index: 467
2024-11-27 10:06:55 | Simulation update: decoder round 5842, completed instructions: 725/3343, actively running or decoding instructions: 15, waiting windows: 4042/8074. Max active instruction index: 805
2024-11-27 10:07:05 | Simulation update: decoder round 7898, completed instructions: 1026/3343, actively running or decoding instructions: 17, waiting windows: 5421/11013. Max active instruction index: 1094
2024-11-27 10:07:15 | Simulation update: decoder round 10340, completed instructions: 1368/3343, actively running or decoding instructions: 16, waiting windows: 6838/14067. Max active instruction index: 1579
2024-11-27 10:07:25 | Simulation update: decoder round 13162, completed instructions: 1826/3343, actively running or decoding instructions: 16, waiting windows: 8358/17338. Max active instruction index: 1846
2024-11-27 10:07:35 | Simulation update: decoder round 16268, completed instructions: 2378/3343, actively running or decoding instructions: 16, waiting windows: 9697/20326. Max active instruction index: 2387
2024-11-27 10:07:45 | Simulation update: decoder round 22493, completed instructions: 3103/3343, actively running or decoding instructions: 8, waiting windows: 11393/24221. Max active instruction index: 3077
2024-11-27 10:07:47 | Finished simulation
2024-11-27 10:07:47 | Finished saving output. Done! Total elapsed time: 0:02:33.463484
