CONFIG 496
benchmark_file: slurm/data/20241127_100432/benchmarks/fermi_hubbard_2_2.lss
decoder_latency_or_dist_filename: slurm/data/20241127_100432/decoder_dists.json
distance: 21
lightweight_setting: 2
max_parallel_processes: None
missed_speculation_modifier: 1.4
poison_policy: successors
rng: 4
scheduling_method: parallel
speculation_accuracy: 0.9
speculation_latency: 1
speculation_mode: separate
2024-11-27 10:05:13 | Loading benchmark slurm/data/20241127_100432/benchmarks/fermi_hubbard_2_2.lss...
2024-11-27 10:05:15 | Starting simulation
2024-11-27 10:05:18 | Simulation update: decoder round 1, completed instructions: 0/21751, actively running or decoding instructions: 14, waiting windows: 0/0. Max active instruction index: 50
2024-11-27 10:05:28 | Simulation update: decoder round 555, completed instructions: 62/21751, actively running or decoding instructions: 6, waiting windows: 236/365. Max active instruction index: 59
2024-11-27 10:05:38 | Simulation update: decoder round 1108, completed instructions: 83/21751, actively running or decoding instructions: 5, waiting windows: 415/715. Max active instruction index: 79
2024-11-27 10:05:48 | Simulation update: decoder round 1662, completed instructions: 98/21751, actively running or decoding instructions: 5, waiting windows: 588/1083. Max active instruction index: 95
2024-11-27 10:05:58 | Simulation update: decoder round 2218, completed instructions: 110/21751, actively running or decoding instructions: 8, waiting windows: 755/1429. Max active instruction index: 107
2024-11-27 10:06:08 | Simulation update: decoder round 2772, completed instructions: 130/21751, actively running or decoding instructions: 2, waiting windows: 941/1796. Max active instruction index: 127
2024-11-27 10:06:18 | Simulation update: decoder round 3329, completed instructions: 142/21751, actively running or decoding instructions: 2, waiting windows: 1108/2150. Max active instruction index: 139
2024-11-27 10:06:28 | Simulation update: decoder round 3892, completed instructions: 163/21751, actively running or decoding instructions: 5, waiting windows: 1296/2516. Max active instruction index: 159
2024-11-27 10:06:38 | Simulation update: decoder round 4459, completed instructions: 182/21751, actively running or decoding instructions: 8, waiting windows: 1472/2885. Max active instruction index: 179
2024-11-27 10:06:48 | Simulation update: decoder round 5025, completed instructions: 195/21751, actively running or decoding instructions: 8, waiting windows: 1657/3258. Max active instruction index: 191
2024-11-27 10:06:58 | Simulation update: decoder round 5593, completed instructions: 214/21751, actively running or decoding instructions: 8, waiting windows: 1833/3620. Max active instruction index: 211
2024-11-27 10:07:08 | Simulation update: decoder round 6166, completed instructions: 238/21751, actively running or decoding instructions: 8, waiting windows: 2016/3987. Max active instruction index: 235
2024-11-27 10:07:18 | Simulation update: decoder round 6735, completed instructions: 246/21751, actively running or decoding instructions: 2, waiting windows: 2188/4343. Max active instruction index: 243
2024-11-27 10:07:28 | Simulation update: decoder round 7279, completed instructions: 267/21751, actively running or decoding instructions: 5, waiting windows: 2347/4687. Max active instruction index: 266
2024-11-27 10:07:38 | Simulation update: decoder round 7829, completed instructions: 278/21751, actively running or decoding instructions: 2, waiting windows: 2539/5048. Max active instruction index: 275
2024-11-27 10:07:48 | Simulation update: decoder round 8396, completed instructions: 290/21751, actively running or decoding instructions: 8, waiting windows: 2699/5406. Max active instruction index: 287
2024-11-27 10:07:58 | Simulation update: decoder round 8961, completed instructions: 310/21751, actively running or decoding instructions: 5, waiting windows: 2876/5767. Max active instruction index: 307
2024-11-27 10:08:08 | Simulation update: decoder round 9527, completed instructions: 334/21751, actively running or decoding instructions: 8, waiting windows: 3066/6130. Max active instruction index: 331
2024-11-27 10:08:18 | Simulation update: decoder round 10082, completed instructions: 346/21751, actively running or decoding instructions: 5, waiting windows: 3237/6487. Max active instruction index: 343
2024-11-27 10:08:28 | Simulation update: decoder round 10637, completed instructions: 362/21751, actively running or decoding instructions: 5, waiting windows: 3407/6836. Max active instruction index: 359
2024-11-27 10:08:38 | Simulation update: decoder round 11212, completed instructions: 374/21751, actively running or decoding instructions: 2, waiting windows: 3581/7194. Max active instruction index: 371
2024-11-27 10:08:48 | Simulation update: decoder round 11789, completed instructions: 395/21751, actively running or decoding instructions: 5, waiting windows: 3773/7567. Max active instruction index: 395
2024-11-27 10:08:58 | Simulation update: decoder round 12369, completed instructions: 410/21751, actively running or decoding instructions: 8, waiting windows: 3946/7929. Max active instruction index: 407
2024-11-27 10:09:08 | Simulation update: decoder round 12947, completed instructions: 434/21751, actively running or decoding instructions: 5, waiting windows: 4125/8300. Max active instruction index: 431
2024-11-27 10:09:18 | Simulation update: decoder round 13525, completed instructions: 442/21751, actively running or decoding instructions: 2, waiting windows: 4305/8668. Max active instruction index: 439
2024-11-27 10:09:28 | Simulation update: decoder round 14104, completed instructions: 458/21751, actively running or decoding instructions: 2, waiting windows: 4489/9038. Max active instruction index: 455
2024-11-27 10:09:38 | Simulation update: decoder round 14684, completed instructions: 478/21751, actively running or decoding instructions: 2, waiting windows: 4674/9417. Max active instruction index: 475
2024-11-27 10:09:48 | Simulation update: decoder round 15270, completed instructions: 495/21751, actively running or decoding instructions: 5, waiting windows: 4854/9788. Max active instruction index: 498
2024-11-27 10:09:58 | Simulation update: decoder round 15857, completed instructions: 510/21751, actively running or decoding instructions: 2, waiting windows: 5040/10160. Max active instruction index: 507
2024-11-27 10:10:08 | Simulation update: decoder round 16444, completed instructions: 534/21751, actively running or decoding instructions: 5, waiting windows: 5227/10536. Max active instruction index: 531
2024-11-27 10:10:18 | Simulation update: decoder round 17028, completed instructions: 554/21751, actively running or decoding instructions: 2, waiting windows: 5408/10909. Max active instruction index: 551
2024-11-27 10:10:28 | Simulation update: decoder round 17617, completed instructions: 574/21751, actively running or decoding instructions: 8, waiting windows: 5591/11286. Max active instruction index: 571
2024-11-27 10:10:38 | Simulation update: decoder round 18209, completed instructions: 586/21751, actively running or decoding instructions: 8, waiting windows: 5779/11668. Max active instruction index: 583
2024-11-27 10:10:48 | Simulation update: decoder round 18800, completed instructions: 606/21751, actively running or decoding instructions: 2, waiting windows: 5969/12052. Max active instruction index: 603
2024-11-27 10:10:58 | Simulation update: decoder round 19398, completed instructions: 618/21751, actively running or decoding instructions: 3, waiting windows: 6144/12422. Max active instruction index: 615
2024-11-27 10:11:08 | Simulation update: decoder round 19992, completed instructions: 642/21751, actively running or decoding instructions: 5, waiting windows: 6332/12801. Max active instruction index: 639
2024-11-27 10:11:18 | Simulation update: decoder round 20581, completed instructions: 662/21751, actively running or decoding instructions: 5, waiting windows: 6525/13185. Max active instruction index: 659
2024-11-27 10:11:28 | Simulation update: decoder round 21176, completed instructions: 674/21751, actively running or decoding instructions: 8, waiting windows: 6706/13557. Max active instruction index: 671
2024-11-27 10:11:38 | Simulation update: decoder round 21755, completed instructions: 694/21751, actively running or decoding instructions: 2, waiting windows: 6887/13928. Max active instruction index: 691
2024-11-27 10:11:48 | Simulation update: decoder round 22355, completed instructions: 714/21751, actively running or decoding instructions: 5, waiting windows: 7082/14313. Max active instruction index: 711
2024-11-27 10:11:58 | Simulation update: decoder round 22957, completed instructions: 726/21751, actively running or decoding instructions: 2, waiting windows: 7270/14694. Max active instruction index: 723
2024-11-27 10:12:08 | Simulation update: decoder round 23558, completed instructions: 743/21751, actively running or decoding instructions: 5, waiting windows: 7455/15073. Max active instruction index: 739
2024-11-27 10:12:18 | Simulation update: decoder round 24162, completed instructions: 754/21751, actively running or decoding instructions: 2, waiting windows: 7643/15466. Max active instruction index: 754
2024-11-27 10:12:28 | Simulation update: decoder round 24765, completed instructions: 770/21751, actively running or decoding instructions: 5, waiting windows: 7830/15851. Max active instruction index: 767
2024-11-27 10:12:38 | Simulation update: decoder round 25365, completed instructions: 786/21751, actively running or decoding instructions: 2, waiting windows: 8018/16236. Max active instruction index: 783
2024-11-27 10:12:48 | Simulation update: decoder round 25967, completed instructions: 799/21751, actively running or decoding instructions: 8, waiting windows: 8226/16635. Max active instruction index: 795
2024-11-27 10:12:58 | Simulation update: decoder round 26570, completed instructions: 818/21751, actively running or decoding instructions: 8, waiting windows: 8420/17021. Max active instruction index: 815
2024-11-27 10:13:08 | Simulation update: decoder round 27173, completed instructions: 830/21751, actively running or decoding instructions: 8, waiting windows: 8593/17395. Max active instruction index: 827
2024-11-27 10:13:18 | Simulation update: decoder round 27770, completed instructions: 850/21751, actively running or decoding instructions: 2, waiting windows: 8776/17780. Max active instruction index: 847
2024-11-27 10:13:28 | Simulation update: decoder round 28368, completed instructions: 867/21751, actively running or decoding instructions: 2, waiting windows: 8974/18171. Max active instruction index: 863
2024-11-27 10:13:38 | Simulation update: decoder round 28973, completed instructions: 882/21751, actively running or decoding instructions: 2, waiting windows: 9169/18572. Max active instruction index: 879
2024-11-27 10:13:48 | Simulation update: decoder round 29583, completed instructions: 898/21751, actively running or decoding instructions: 3, waiting windows: 9363/18960. Max active instruction index: 895
2024-11-27 10:13:58 | Simulation update: decoder round 30194, completed instructions: 923/21751, actively running or decoding instructions: 5, waiting windows: 9558/19355. Max active instruction index: 919
2024-11-27 10:14:08 | Simulation update: decoder round 30810, completed instructions: 943/21751, actively running or decoding instructions: 5, waiting windows: 9752/19764. Max active instruction index: 939
2024-11-27 10:14:18 | Simulation update: decoder round 31422, completed instructions: 959/21751, actively running or decoding instructions: 2, waiting windows: 9964/20172. Max active instruction index: 955
2024-11-27 10:14:28 | Simulation update: decoder round 32036, completed instructions: 978/21751, actively running or decoding instructions: 5, waiting windows: 10153/20562. Max active instruction index: 975
2024-11-27 10:14:38 | Simulation update: decoder round 32650, completed instructions: 1002/21751, actively running or decoding instructions: 8, waiting windows: 10343/20951. Max active instruction index: 999
2024-11-27 10:14:48 | Simulation update: decoder round 33269, completed instructions: 1022/21751, actively running or decoding instructions: 8, waiting windows: 10538/21352. Max active instruction index: 1019
2024-11-27 10:14:58 | Simulation update: decoder round 33889, completed instructions: 1034/21751, actively running or decoding instructions: 2, waiting windows: 10722/21737. Max active instruction index: 1031
2024-11-27 10:15:08 | Simulation update: decoder round 34506, completed instructions: 1058/21751, actively running or decoding instructions: 5, waiting windows: 10923/22136. Max active instruction index: 1055
2024-11-27 10:15:18 | Simulation update: decoder round 35104, completed instructions: 1078/21751, actively running or decoding instructions: 5, waiting windows: 11102/22512. Max active instruction index: 1078
2024-11-27 10:15:28 | Simulation update: decoder round 35727, completed instructions: 1119/21751, actively running or decoding instructions: 8, waiting windows: 11333/22960. Max active instruction index: 1114
2024-11-27 10:15:38 | Simulation update: decoder round 36350, completed instructions: 1134/21751, actively running or decoding instructions: 6, waiting windows: 11529/23388. Max active instruction index: 1128
2024-11-27 10:15:48 | Simulation update: decoder round 36970, completed instructions: 1157/21751, actively running or decoding instructions: 8, waiting windows: 11745/23827. Max active instruction index: 1152
2024-11-27 10:15:58 | Simulation update: decoder round 37595, completed instructions: 1181/21751, actively running or decoding instructions: 2, waiting windows: 11963/24267. Max active instruction index: 1176
2024-11-27 10:16:08 | Simulation update: decoder round 38219, completed instructions: 1205/21751, actively running or decoding instructions: 2, waiting windows: 12167/24699. Max active instruction index: 1200
2024-11-27 10:16:18 | Simulation update: decoder round 38847, completed instructions: 1225/21751, actively running or decoding instructions: 5, waiting windows: 12386/25133. Max active instruction index: 1220
2024-11-27 10:16:28 | Simulation update: decoder round 39473, completed instructions: 1248/21751, actively running or decoding instructions: 8, waiting windows: 12589/25566. Max active instruction index: 1248
2024-11-27 10:16:38 | Simulation update: decoder round 40099, completed instructions: 1277/21751, actively running or decoding instructions: 2, waiting windows: 12819/26012. Max active instruction index: 1272
2024-11-27 10:16:48 | Simulation update: decoder round 40728, completed instructions: 1291/21751, actively running or decoding instructions: 5, waiting windows: 13011/26442. Max active instruction index: 1286
2024-11-27 10:16:58 | Simulation update: decoder round 41360, completed instructions: 1315/21751, actively running or decoding instructions: 2, waiting windows: 13234/26885. Max active instruction index: 1310
2024-11-27 10:17:08 | Simulation update: decoder round 41993, completed instructions: 1339/21751, actively running or decoding instructions: 8, waiting windows: 13446/27321. Max active instruction index: 1334
2024-11-27 10:17:18 | Simulation update: decoder round 42615, completed instructions: 1367/21751, actively running or decoding instructions: 8, waiting windows: 13671/27757. Max active instruction index: 1362
2024-11-27 10:17:28 | Simulation update: decoder round 43239, completed instructions: 1386/21751, actively running or decoding instructions: 8, waiting windows: 13862/28179. Max active instruction index: 1386
2024-11-27 10:17:38 | Simulation update: decoder round 43878, completed instructions: 1416/21751, actively running or decoding instructions: 2, waiting windows: 14099/28642. Max active instruction index: 1410
2024-11-27 10:17:48 | Simulation update: decoder round 44514, completed instructions: 1435/21751, actively running or decoding instructions: 5, waiting windows: 14303/29086. Max active instruction index: 1430
2024-11-27 10:17:58 | Simulation update: decoder round 45159, completed instructions: 1445/21751, actively running or decoding instructions: 2, waiting windows: 14517/29527. Max active instruction index: 1440
2024-11-27 10:18:08 | Simulation update: decoder round 45800, completed instructions: 1473/21751, actively running or decoding instructions: 5, waiting windows: 14735/29966. Max active instruction index: 1468
2024-11-27 10:18:18 | Simulation update: decoder round 46445, completed instructions: 1497/21751, actively running or decoding instructions: 5, waiting windows: 14943/30415. Max active instruction index: 1492
2024-11-27 10:18:28 | Simulation update: decoder round 47092, completed instructions: 1526/21751, actively running or decoding instructions: 2, waiting windows: 15175/30876. Max active instruction index: 1526
2024-11-27 10:18:38 | Simulation update: decoder round 47720, completed instructions: 1545/21751, actively running or decoding instructions: 3, waiting windows: 15381/31309. Max active instruction index: 1540
2024-11-27 10:18:48 | Simulation update: decoder round 48365, completed instructions: 1569/21751, actively running or decoding instructions: 5, waiting windows: 15596/31754. Max active instruction index: 1564
2024-11-27 10:18:58 | Simulation update: decoder round 49012, completed instructions: 1597/21751, actively running or decoding instructions: 6, waiting windows: 15814/32195. Max active instruction index: 1592
2024-11-27 10:19:08 | Simulation update: decoder round 49666, completed instructions: 1620/21751, actively running or decoding instructions: 8, waiting windows: 16043/32653. Max active instruction index: 1620
2024-11-27 10:19:18 | Simulation update: decoder round 50323, completed instructions: 1639/21751, actively running or decoding instructions: 8, waiting windows: 16252/33102. Max active instruction index: 1634
2024-11-27 10:19:28 | Simulation update: decoder round 50982, completed instructions: 1674/21751, actively running or decoding instructions: 5, waiting windows: 16481/33570. Max active instruction index: 1668
2024-11-27 10:19:38 | Simulation update: decoder round 51637, completed instructions: 1697/21751, actively running or decoding instructions: 8, waiting windows: 16701/34026. Max active instruction index: 1692
2024-11-27 10:19:48 | Simulation update: decoder round 52293, completed instructions: 1711/21751, actively running or decoding instructions: 5, waiting windows: 16929/34480. Max active instruction index: 1706
2024-11-27 10:19:58 | Simulation update: decoder round 52952, completed instructions: 1740/21751, actively running or decoding instructions: 5, waiting windows: 17155/34942. Max active instruction index: 1734
2024-11-27 10:20:08 | Simulation update: decoder round 53618, completed instructions: 1759/21751, actively running or decoding instructions: 2, waiting windows: 17381/35404. Max active instruction index: 1754
2024-11-27 10:20:18 | Simulation update: decoder round 54281, completed instructions: 1779/21751, actively running or decoding instructions: 2, waiting windows: 17601/35864. Max active instruction index: 1774
2024-11-27 10:20:28 | Simulation update: decoder round 54939, completed instructions: 1807/21751, actively running or decoding instructions: 5, waiting windows: 17823/36328. Max active instruction index: 1802
2024-11-27 10:20:38 | Simulation update: decoder round 55602, completed instructions: 1827/21751, actively running or decoding instructions: 3, waiting windows: 18036/36778. Max active instruction index: 1822
2024-11-27 10:20:48 | Simulation update: decoder round 56269, completed instructions: 1851/21751, actively running or decoding instructions: 2, waiting windows: 18277/37256. Max active instruction index: 1846
2024-11-27 10:20:58 | Simulation update: decoder round 56936, completed instructions: 1876/21751, actively running or decoding instructions: 2, waiting windows: 18509/37735. Max active instruction index: 1870
2024-11-27 10:21:08 | Simulation update: decoder round 57605, completed instructions: 1899/21751, actively running or decoding instructions: 2, waiting windows: 18730/38198. Max active instruction index: 1899
2024-11-27 10:21:18 | Simulation update: decoder round 58279, completed instructions: 1924/21751, actively running or decoding instructions: 5, waiting windows: 18960/38662. Max active instruction index: 1924
2024-11-27 10:21:28 | Simulation update: decoder round 58954, completed instructions: 1948/21751, actively running or decoding instructions: 8, waiting windows: 19188/39129. Max active instruction index: 1951
2024-11-27 10:21:38 | Simulation update: decoder round 59628, completed instructions: 1967/21751, actively running or decoding instructions: 2, waiting windows: 19426/39612. Max active instruction index: 1962
2024-11-27 10:21:48 | Simulation update: decoder round 60300, completed instructions: 1991/21751, actively running or decoding instructions: 2, waiting windows: 19652/40085. Max active instruction index: 1986
2024-11-27 10:21:58 | Simulation update: decoder round 60953, completed instructions: 2015/21751, actively running or decoding instructions: 8, waiting windows: 19869/40535. Max active instruction index: 2010
2024-11-27 10:22:09 | Simulation update: decoder round 61633, completed instructions: 2044/21751, actively running or decoding instructions: 8, waiting windows: 20102/41004. Max active instruction index: 2038
2024-11-27 10:22:19 | Simulation update: decoder round 62314, completed instructions: 2067/21751, actively running or decoding instructions: 8, waiting windows: 20340/41489. Max active instruction index: 2062
2024-11-27 10:22:29 | Simulation update: decoder round 62997, completed instructions: 2095/21751, actively running or decoding instructions: 3, waiting windows: 20557/41956. Max active instruction index: 2090
2024-11-27 10:22:39 | Simulation update: decoder round 63682, completed instructions: 2123/21751, actively running or decoding instructions: 5, waiting windows: 20795/42430. Max active instruction index: 2118
2024-11-27 10:22:49 | Simulation update: decoder round 64367, completed instructions: 2151/21751, actively running or decoding instructions: 5, waiting windows: 21032/42904. Max active instruction index: 2146
2024-11-27 10:22:59 | Simulation update: decoder round 65057, completed instructions: 2175/21751, actively running or decoding instructions: 5, waiting windows: 21262/43372. Max active instruction index: 2170
2024-11-27 10:23:09 | Simulation update: decoder round 65747, completed instructions: 2189/21751, actively running or decoding instructions: 2, waiting windows: 21484/43839. Max active instruction index: 2184
2024-11-27 10:23:19 | Simulation update: decoder round 66441, completed instructions: 2213/21751, actively running or decoding instructions: 2, waiting windows: 21716/44329. Max active instruction index: 2213
2024-11-27 10:23:29 | Simulation update: decoder round 67137, completed instructions: 2247/21751, actively running or decoding instructions: 8, waiting windows: 21969/44822. Max active instruction index: 2242
2024-11-27 10:23:39 | Simulation update: decoder round 67835, completed instructions: 2271/21751, actively running or decoding instructions: 8, waiting windows: 22206/45310. Max active instruction index: 2266
2024-11-27 10:23:49 | Simulation update: decoder round 68533, completed instructions: 2285/21751, actively running or decoding instructions: 8, waiting windows: 22425/45783. Max active instruction index: 2280
2024-11-27 10:23:59 | Simulation update: decoder round 69233, completed instructions: 2309/21751, actively running or decoding instructions: 8, waiting windows: 22662/46262. Max active instruction index: 2304
2024-11-27 10:24:09 | Simulation update: decoder round 69930, completed instructions: 2405/21751, actively running or decoding instructions: 15, waiting windows: 22935/46833. Max active instruction index: 2416
2024-11-27 10:24:19 | Simulation update: decoder round 70635, completed instructions: 2457/21751, actively running or decoding instructions: 9, waiting windows: 23193/47376. Max active instruction index: 2468
2024-11-27 10:24:29 | Simulation update: decoder round 71347, completed instructions: 2506/21751, actively running or decoding instructions: 9, waiting windows: 23455/47917. Max active instruction index: 2520
2024-11-27 10:24:39 | Simulation update: decoder round 72061, completed instructions: 2565/21751, actively running or decoding instructions: 7, waiting windows: 23729/48490. Max active instruction index: 2587
2024-11-27 10:24:49 | Simulation update: decoder round 72779, completed instructions: 2617/21751, actively running or decoding instructions: 9, waiting windows: 23997/49059. Max active instruction index: 2614
2024-11-27 10:24:59 | Simulation update: decoder round 73477, completed instructions: 2669/21751, actively running or decoding instructions: 7, waiting windows: 24244/49590. Max active instruction index: 2666
2024-11-27 10:25:09 | Simulation update: decoder round 74205, completed instructions: 2711/21751, actively running or decoding instructions: 4, waiting windows: 24528/50160. Max active instruction index: 2718
2024-11-27 10:25:19 | Simulation update: decoder round 74940, completed instructions: 2775/21751, actively running or decoding instructions: 9, waiting windows: 24793/50731. Max active instruction index: 2770
2024-11-27 10:25:29 | Simulation update: decoder round 75681, completed instructions: 2818/21751, actively running or decoding instructions: 3, waiting windows: 25072/51323. Max active instruction index: 2814
2024-11-27 10:25:39 | Simulation update: decoder round 76425, completed instructions: 2896/21751, actively running or decoding instructions: 9, waiting windows: 25370/51927. Max active instruction index: 2892
2024-11-27 10:25:49 | Simulation update: decoder round 77174, completed instructions: 2964/21751, actively running or decoding instructions: 12, waiting windows: 25640/52504. Max active instruction index: 2966
2024-11-27 10:25:59 | Simulation update: decoder round 77930, completed instructions: 3002/21751, actively running or decoding instructions: 9, waiting windows: 25909/53081. Max active instruction index: 3008
2024-11-27 10:26:09 | Simulation update: decoder round 78692, completed instructions: 3059/21751, actively running or decoding instructions: 3, waiting windows: 26209/53690. Max active instruction index: 3056
2024-11-27 10:26:19 | Simulation update: decoder round 79462, completed instructions: 3112/21751, actively running or decoding instructions: 6, waiting windows: 26489/54281. Max active instruction index: 3108
2024-11-27 10:26:29 | Simulation update: decoder round 80234, completed instructions: 3179/21751, actively running or decoding instructions: 12, waiting windows: 26779/54880. Max active instruction index: 3182
2024-11-27 10:26:39 | Simulation update: decoder round 81011, completed instructions: 3228/21751, actively running or decoding instructions: 3, waiting windows: 27070/55494. Max active instruction index: 3234
2024-11-27 10:26:49 | Simulation update: decoder round 81795, completed instructions: 3275/21751, actively running or decoding instructions: 9, waiting windows: 27349/56096. Max active instruction index: 3278
2024-11-27 10:26:59 | Simulation update: decoder round 82589, completed instructions: 3331/21751, actively running or decoding instructions: 6, waiting windows: 27649/56702. Max active instruction index: 3342
2024-11-27 10:27:09 | Simulation update: decoder round 83388, completed instructions: 3381/21751, actively running or decoding instructions: 8, waiting windows: 27929/57304. Max active instruction index: 3395
2024-11-27 10:27:19 | Simulation update: decoder round 84188, completed instructions: 3451/21751, actively running or decoding instructions: 12, waiting windows: 28252/57952. Max active instruction index: 3448
2024-11-27 10:27:29 | Simulation update: decoder round 84992, completed instructions: 3499/21751, actively running or decoding instructions: 6, waiting windows: 28542/58567. Max active instruction index: 3496
2024-11-27 10:27:39 | Simulation update: decoder round 85811, completed instructions: 3555/21751, actively running or decoding instructions: 6, waiting windows: 28838/59191. Max active instruction index: 3569
2024-11-27 10:27:49 | Simulation update: decoder round 86591, completed instructions: 3612/21751, actively running or decoding instructions: 4, waiting windows: 29125/59801. Max active instruction index: 3608
2024-11-27 10:27:59 | Simulation update: decoder round 87417, completed instructions: 3672/21751, actively running or decoding instructions: 9, waiting windows: 29438/60445. Max active instruction index: 3682
2024-11-27 10:28:09 | Simulation update: decoder round 88252, completed instructions: 3733/21751, actively running or decoding instructions: 10, waiting windows: 29764/61119. Max active instruction index: 3741
2024-11-27 10:28:19 | Simulation update: decoder round 89094, completed instructions: 3782/21751, actively running or decoding instructions: 4, waiting windows: 30076/61780. Max active instruction index: 3774
2024-11-27 10:28:29 | Simulation update: decoder round 89943, completed instructions: 3854/21751, actively running or decoding instructions: 10, waiting windows: 30398/62442. Max active instruction index: 3861
2024-11-27 10:28:39 | Simulation update: decoder round 90798, completed instructions: 3917/21751, actively running or decoding instructions: 7, waiting windows: 30719/63123. Max active instruction index: 3922
2024-11-27 10:28:49 | Simulation update: decoder round 91670, completed instructions: 3978/21751, actively running or decoding instructions: 9, waiting windows: 31049/63801. Max active instruction index: 3984
2024-11-27 10:28:59 | Simulation update: decoder round 92545, completed instructions: 4055/21751, actively running or decoding instructions: 9, waiting windows: 31378/64491. Max active instruction index: 4054
2024-11-27 10:29:09 | Simulation update: decoder round 93427, completed instructions: 4112/21751, actively running or decoding instructions: 3, waiting windows: 31702/65171. Max active instruction index: 4122
2024-11-27 10:29:19 | Simulation update: decoder round 94316, completed instructions: 4177/21751, actively running or decoding instructions: 6, waiting windows: 32027/65865. Max active instruction index: 4204
2024-11-27 10:29:29 | Simulation update: decoder round 95217, completed instructions: 4239/21751, actively running or decoding instructions: 8, waiting windows: 32371/66553. Max active instruction index: 4264
2024-11-27 10:29:39 | Simulation update: decoder round 96119, completed instructions: 4315/21751, actively running or decoding instructions: 8, waiting windows: 32695/67252. Max active instruction index: 4338
2024-11-27 10:29:49 | Simulation update: decoder round 97038, completed instructions: 4387/21751, actively running or decoding instructions: 12, waiting windows: 33032/67957. Max active instruction index: 4398
2024-11-27 10:29:59 | Simulation update: decoder round 97963, completed instructions: 4459/21751, actively running or decoding instructions: 9, waiting windows: 33379/68681. Max active instruction index: 4494
2024-11-27 10:30:09 | Simulation update: decoder round 98902, completed instructions: 4532/21751, actively running or decoding instructions: 6, waiting windows: 33726/69411. Max active instruction index: 4579
2024-11-27 10:30:19 | Simulation update: decoder round 99848, completed instructions: 4605/21751, actively running or decoding instructions: 12, waiting windows: 34070/70148. Max active instruction index: 4632
2024-11-27 10:30:29 | Simulation update: decoder round 100763, completed instructions: 4673/21751, actively running or decoding instructions: 3, waiting windows: 34423/70861. Max active instruction index: 4705
2024-11-27 10:30:39 | Simulation update: decoder round 101735, completed instructions: 4757/21751, actively running or decoding instructions: 9, waiting windows: 34780/71613. Max active instruction index: 4778
2024-11-27 10:30:49 | Simulation update: decoder round 102714, completed instructions: 4842/21751, actively running or decoding instructions: 10, waiting windows: 35141/72387. Max active instruction index: 4852
2024-11-27 10:30:59 | Simulation update: decoder round 103711, completed instructions: 4899/21751, actively running or decoding instructions: 5, waiting windows: 35493/73132. Max active instruction index: 4894
2024-11-27 10:31:09 | Simulation update: decoder round 104671, completed instructions: 4931/21751, actively running or decoding instructions: 8, waiting windows: 35848/73853. Max active instruction index: 4931
2024-11-27 10:31:19 | Simulation update: decoder round 105561, completed instructions: 4976/21751, actively running or decoding instructions: 8, waiting windows: 36160/74517. Max active instruction index: 4969
2024-11-27 10:31:29 | Simulation update: decoder round 106464, completed instructions: 5013/21751, actively running or decoding instructions: 2, waiting windows: 36505/75206. Max active instruction index: 5005
2024-11-27 10:31:39 | Simulation update: decoder round 107364, completed instructions: 5037/21751, actively running or decoding instructions: 2, waiting windows: 36851/75904. Max active instruction index: 5029
2024-11-27 10:31:49 | Simulation update: decoder round 108268, completed instructions: 5076/21751, actively running or decoding instructions: 5, waiting windows: 37182/76582. Max active instruction index: 5069
2024-11-27 10:31:59 | Simulation update: decoder round 109184, completed instructions: 5104/21751, actively running or decoding instructions: 2, waiting windows: 37505/77257. Max active instruction index: 5097
2024-11-27 10:32:09 | Simulation update: decoder round 110106, completed instructions: 5149/21751, actively running or decoding instructions: 5, waiting windows: 37851/77951. Max active instruction index: 5141
2024-11-27 10:32:19 | Simulation update: decoder round 111031, completed instructions: 5184/21751, actively running or decoding instructions: 2, waiting windows: 38196/78666. Max active instruction index: 5177
2024-11-27 10:32:29 | Simulation update: decoder round 111963, completed instructions: 5220/21751, actively running or decoding instructions: 2, waiting windows: 38550/79368. Max active instruction index: 5213
2024-11-27 10:32:39 | Simulation update: decoder round 112903, completed instructions: 5252/21751, actively running or decoding instructions: 3, waiting windows: 38881/80057. Max active instruction index: 5245
2024-11-27 10:32:49 | Simulation update: decoder round 113845, completed instructions: 5296/21751, actively running or decoding instructions: 5, waiting windows: 39232/80763. Max active instruction index: 5289
2024-11-27 10:32:59 | Simulation update: decoder round 114795, completed instructions: 5333/21751, actively running or decoding instructions: 8, waiting windows: 39568/81462. Max active instruction index: 5333
2024-11-27 10:33:09 | Simulation update: decoder round 115702, completed instructions: 5372/21751, actively running or decoding instructions: 5, waiting windows: 39901/82132. Max active instruction index: 5365
2024-11-27 10:33:19 | Simulation update: decoder round 116660, completed instructions: 5400/21751, actively running or decoding instructions: 5, waiting windows: 40236/82840. Max active instruction index: 5393
2024-11-27 10:33:29 | Simulation update: decoder round 117629, completed instructions: 5444/21751, actively running or decoding instructions: 5, waiting windows: 40605/83572. Max active instruction index: 5437
2024-11-27 10:33:39 | Simulation update: decoder round 118600, completed instructions: 5485/21751, actively running or decoding instructions: 2, waiting windows: 40961/84303. Max active instruction index: 5477
2024-11-27 10:33:49 | Simulation update: decoder round 119572, completed instructions: 5521/21751, actively running or decoding instructions: 5, waiting windows: 41319/85034. Max active instruction index: 5513
2024-11-27 10:33:59 | Simulation update: decoder round 120560, completed instructions: 5560/21751, actively running or decoding instructions: 2, waiting windows: 41669/85771. Max active instruction index: 5553
2024-11-27 10:34:09 | Simulation update: decoder round 121549, completed instructions: 5608/21751, actively running or decoding instructions: 6, waiting windows: 42034/86516. Max active instruction index: 5601
2024-11-27 10:34:19 | Simulation update: decoder round 122547, completed instructions: 5656/21751, actively running or decoding instructions: 2, waiting windows: 42387/87254. Max active instruction index: 5649
2024-11-27 10:34:29 | Simulation update: decoder round 123555, completed instructions: 5696/21751, actively running or decoding instructions: 5, waiting windows: 42757/88015. Max active instruction index: 5696
2024-11-27 10:34:39 | Simulation update: decoder round 124564, completed instructions: 5737/21751, actively running or decoding instructions: 5, waiting windows: 43132/88778. Max active instruction index: 5740
2024-11-27 10:34:49 | Simulation update: decoder round 125574, completed instructions: 5788/21751, actively running or decoding instructions: 2, waiting windows: 43518/89551. Max active instruction index: 5781
2024-11-27 10:34:59 | Simulation update: decoder round 126597, completed instructions: 5828/21751, actively running or decoding instructions: 5, waiting windows: 43895/90319. Max active instruction index: 5821
2024-11-27 10:35:09 | Simulation update: decoder round 127628, completed instructions: 5856/21751, actively running or decoding instructions: 5, waiting windows: 44265/91073. Max active instruction index: 5849
2024-11-27 10:35:19 | Simulation update: decoder round 128667, completed instructions: 5884/21751, actively running or decoding instructions: 8, waiting windows: 44627/91832. Max active instruction index: 5877
2024-11-27 10:35:29 | Simulation update: decoder round 129714, completed instructions: 5928/21751, actively running or decoding instructions: 2, waiting windows: 45021/92621. Max active instruction index: 5921
2024-11-27 10:35:39 | Simulation update: decoder round 130764, completed instructions: 5976/21751, actively running or decoding instructions: 3, waiting windows: 45394/93398. Max active instruction index: 5980
2024-11-27 10:35:49 | Simulation update: decoder round 131825, completed instructions: 6028/21751, actively running or decoding instructions: 8, waiting windows: 45799/94199. Max active instruction index: 6021
2024-11-27 10:35:59 | Simulation update: decoder round 132889, completed instructions: 6076/21751, actively running or decoding instructions: 5, waiting windows: 46180/94994. Max active instruction index: 6069
2024-11-27 10:36:09 | Simulation update: decoder round 133909, completed instructions: 6120/21751, actively running or decoding instructions: 8, waiting windows: 46549/95746. Max active instruction index: 6113
2024-11-27 10:36:19 | Simulation update: decoder round 134993, completed instructions: 6148/21751, actively running or decoding instructions: 2, waiting windows: 46934/96542. Max active instruction index: 6141
2024-11-27 10:36:29 | Simulation update: decoder round 136078, completed instructions: 6208/21751, actively running or decoding instructions: 2, waiting windows: 47334/97361. Max active instruction index: 6201
2024-11-27 10:36:39 | Simulation update: decoder round 137180, completed instructions: 6252/21751, actively running or decoding instructions: 2, waiting windows: 47735/98193. Max active instruction index: 6245
2024-11-27 10:36:49 | Simulation update: decoder round 138282, completed instructions: 6288/21751, actively running or decoding instructions: 2, waiting windows: 48139/99017. Max active instruction index: 6281
2024-11-27 10:36:59 | Simulation update: decoder round 139385, completed instructions: 6360/21751, actively running or decoding instructions: 6, waiting windows: 48583/99927. Max active instruction index: 6353
2024-11-27 10:37:09 | Simulation update: decoder round 140506, completed instructions: 6417/21751, actively running or decoding instructions: 2, waiting windows: 49018/100827. Max active instruction index: 6409
2024-11-27 10:37:19 | Simulation update: decoder round 141639, completed instructions: 6460/21751, actively running or decoding instructions: 8, waiting windows: 49467/101731. Max active instruction index: 6453
2024-11-27 10:37:29 | Simulation update: decoder round 142783, completed instructions: 6505/21751, actively running or decoding instructions: 5, waiting windows: 49915/102654. Max active instruction index: 6497
2024-11-27 10:37:39 | Simulation update: decoder round 143939, completed instructions: 6548/21751, actively running or decoding instructions: 3, waiting windows: 50360/103565. Max active instruction index: 6541
2024-11-27 10:37:49 | Simulation update: decoder round 145101, completed instructions: 6605/21751, actively running or decoding instructions: 5, waiting windows: 50820/104484. Max active instruction index: 6597
2024-11-27 10:37:59 | Simulation update: decoder round 146280, completed instructions: 6644/21751, actively running or decoding instructions: 2, waiting windows: 51279/105429. Max active instruction index: 6637
2024-11-27 10:38:09 | Simulation update: decoder round 147464, completed instructions: 6700/21751, actively running or decoding instructions: 8, waiting windows: 51749/106389. Max active instruction index: 6693
2024-11-27 10:38:19 | Simulation update: decoder round 148663, completed instructions: 6744/21751, actively running or decoding instructions: 5, waiting windows: 52198/107330. Max active instruction index: 6737
2024-11-27 10:38:29 | Simulation update: decoder round 149869, completed instructions: 6796/21751, actively running or decoding instructions: 2, waiting windows: 52692/108306. Max active instruction index: 6789
2024-11-27 10:38:39 | Simulation update: decoder round 151089, completed instructions: 6840/21751, actively running or decoding instructions: 5, waiting windows: 53152/109273. Max active instruction index: 6833
2024-11-27 10:38:49 | Simulation update: decoder round 152262, completed instructions: 6873/21751, actively running or decoding instructions: 5, waiting windows: 53603/110193. Max active instruction index: 6876
2024-11-27 10:38:59 | Simulation update: decoder round 153501, completed instructions: 6936/21751, actively running or decoding instructions: 2, waiting windows: 54104/111186. Max active instruction index: 6929
2024-11-27 10:39:09 | Simulation update: decoder round 154753, completed instructions: 6984/21751, actively running or decoding instructions: 8, waiting windows: 54582/112177. Max active instruction index: 6977
2024-11-27 10:39:19 | Simulation update: decoder round 156021, completed instructions: 7036/21751, actively running or decoding instructions: 2, waiting windows: 55068/113182. Max active instruction index: 7036
2024-11-27 10:39:29 | Simulation update: decoder round 157303, completed instructions: 7096/21751, actively running or decoding instructions: 3, waiting windows: 55560/114197. Max active instruction index: 7100
2024-11-27 10:39:39 | Simulation update: decoder round 158606, completed instructions: 7164/21751, actively running or decoding instructions: 8, waiting windows: 56089/115255. Max active instruction index: 7157
2024-11-27 10:39:49 | Simulation update: decoder round 159925, completed instructions: 7205/21751, actively running or decoding instructions: 2, waiting windows: 56590/116308. Max active instruction index: 7197
2024-11-27 10:39:59 | Simulation update: decoder round 161254, completed instructions: 7244/21751, actively running or decoding instructions: 3, waiting windows: 57106/117354. Max active instruction index: 7237
2024-11-27 10:40:09 | Simulation update: decoder round 162598, completed instructions: 7305/21751, actively running or decoding instructions: 5, waiting windows: 57636/118429. Max active instruction index: 7297
2024-11-27 10:40:19 | Simulation update: decoder round 163959, completed instructions: 7360/21751, actively running or decoding instructions: 5, waiting windows: 58160/119512. Max active instruction index: 7353
2024-11-27 10:40:29 | Simulation update: decoder round 165333, completed instructions: 7432/21751, actively running or decoding instructions: 5, waiting windows: 58699/120609. Max active instruction index: 7425
2024-11-27 10:40:39 | Simulation update: decoder round 166645, completed instructions: 7476/21751, actively running or decoding instructions: 5, waiting windows: 59200/121643. Max active instruction index: 7469
2024-11-27 10:40:49 | Simulation update: decoder round 168060, completed instructions: 7548/21751, actively running or decoding instructions: 5, waiting windows: 59749/122764. Max active instruction index: 7541
2024-11-27 10:40:59 | Simulation update: decoder round 169492, completed instructions: 7604/21751, actively running or decoding instructions: 3, waiting windows: 60304/123909. Max active instruction index: 7597
2024-11-27 10:41:09 | Simulation update: decoder round 170950, completed instructions: 7660/21751, actively running or decoding instructions: 3, waiting windows: 60869/125050. Max active instruction index: 7653
2024-11-27 10:41:19 | Simulation update: decoder round 172416, completed instructions: 7735/21751, actively running or decoding instructions: 9, waiting windows: 61453/126233. Max active instruction index: 7740
2024-11-27 10:41:29 | Simulation update: decoder round 173919, completed instructions: 7809/21751, actively running or decoding instructions: 5, waiting windows: 62037/127436. Max active instruction index: 7802
2024-11-27 10:41:39 | Simulation update: decoder round 175447, completed instructions: 7877/21751, actively running or decoding instructions: 2, waiting windows: 62629/128670. Max active instruction index: 7870
2024-11-27 10:41:49 | Simulation update: decoder round 177001, completed instructions: 7942/21751, actively running or decoding instructions: 5, waiting windows: 63238/129894. Max active instruction index: 7934
2024-11-27 10:41:59 | Simulation update: decoder round 178486, completed instructions: 7993/21751, actively running or decoding instructions: 2, waiting windows: 63815/131090. Max active instruction index: 7993
2024-11-27 10:42:09 | Simulation update: decoder round 180078, completed instructions: 8065/21751, actively running or decoding instructions: 2, waiting windows: 64465/132402. Max active instruction index: 8058
2024-11-27 10:42:19 | Simulation update: decoder round 181712, completed instructions: 8117/21751, actively running or decoding instructions: 5, waiting windows: 65088/133675. Max active instruction index: 8110
2024-11-27 10:42:29 | Simulation update: decoder round 183360, completed instructions: 8185/21751, actively running or decoding instructions: 5, waiting windows: 65730/135008. Max active instruction index: 8178
2024-11-27 10:42:39 | Simulation update: decoder round 185036, completed instructions: 8270/21751, actively running or decoding instructions: 5, waiting windows: 66404/136366. Max active instruction index: 8262
2024-11-27 10:42:49 | Simulation update: decoder round 186753, completed instructions: 8353/21751, actively running or decoding instructions: 5, waiting windows: 67071/137739. Max active instruction index: 8346
2024-11-27 10:42:59 | Simulation update: decoder round 188509, completed instructions: 8425/21751, actively running or decoding instructions: 6, waiting windows: 67753/139130. Max active instruction index: 8418
2024-11-27 10:43:09 | Simulation update: decoder round 190304, completed instructions: 8490/21751, actively running or decoding instructions: 5, waiting windows: 68463/140573. Max active instruction index: 8482
2024-11-27 10:43:19 | Simulation update: decoder round 192019, completed instructions: 8569/21751, actively running or decoding instructions: 8, waiting windows: 69126/141954. Max active instruction index: 8562
2024-11-27 10:43:29 | Simulation update: decoder round 193889, completed instructions: 8646/21751, actively running or decoding instructions: 5, waiting windows: 69864/143450. Max active instruction index: 8638
2024-11-27 10:43:39 | Simulation update: decoder round 195804, completed instructions: 8725/21751, actively running or decoding instructions: 2, waiting windows: 70617/145001. Max active instruction index: 8718
2024-11-27 10:43:49 | Simulation update: decoder round 197769, completed instructions: 8798/21751, actively running or decoding instructions: 2, waiting windows: 71397/146576. Max active instruction index: 8790
2024-11-27 10:43:59 | Simulation update: decoder round 199766, completed instructions: 8897/21751, actively running or decoding instructions: 8, waiting windows: 72174/148178. Max active instruction index: 8890
2024-11-27 10:44:09 | Simulation update: decoder round 201834, completed instructions: 8982/21751, actively running or decoding instructions: 5, waiting windows: 72974/149812. Max active instruction index: 8982
2024-11-27 10:44:19 | Simulation update: decoder round 203819, completed instructions: 9073/21751, actively running or decoding instructions: 5, waiting windows: 73750/151400. Max active instruction index: 9066
2024-11-27 10:44:29 | Simulation update: decoder round 205949, completed instructions: 9352/21751, actively running or decoding instructions: 29, waiting windows: 74644/153322. Max active instruction index: 9372
2024-11-27 10:44:39 | Simulation update: decoder round 208351, completed instructions: 9641/21751, actively running or decoding instructions: 3, waiting windows: 75732/155645. Max active instruction index: 9618
2024-11-27 10:44:49 | Simulation update: decoder round 211072, completed instructions: 9997/21751, actively running or decoding instructions: 35, waiting windows: 76968/158232. Max active instruction index: 10007
2024-11-27 10:44:59 | Simulation update: decoder round 213784, completed instructions: 10466/21751, actively running or decoding instructions: 19, waiting windows: 78172/160898. Max active instruction index: 10512
2024-11-27 10:45:09 | Simulation update: decoder round 215639, completed instructions: 10721/21751, actively running or decoding instructions: 18, waiting windows: 79009/162679. Max active instruction index: 10835
2024-11-27 10:45:19 | Simulation update: decoder round 217656, completed instructions: 11019/21751, actively running or decoding instructions: 20, waiting windows: 79898/164619. Max active instruction index: 11074
2024-11-27 10:45:29 | Simulation update: decoder round 219885, completed instructions: 11405/21751, actively running or decoding instructions: 59, waiting windows: 80923/166822. Max active instruction index: 11425
2024-11-27 10:45:39 | Simulation update: decoder round 222323, completed instructions: 11829/21751, actively running or decoding instructions: 21, waiting windows: 81978/169193. Max active instruction index: 12081
2024-11-27 10:45:49 | Simulation update: decoder round 225655, completed instructions: 12454/21751, actively running or decoding instructions: 22, waiting windows: 83415/172400. Max active instruction index: 12587
2024-11-27 10:45:59 | Simulation update: decoder round 231181, completed instructions: 13326/21751, actively running or decoding instructions: 39, waiting windows: 85389/176780. Max active instruction index: 13492
2024-11-27 10:46:09 | Simulation update: decoder round 247979, completed instructions: 15436/21751, actively running or decoding instructions: 13, waiting windows: 87729/182546. Max active instruction index: 15458
2024-11-27 10:46:19 | Simulation update: decoder round 284371, completed instructions: 18344/21751, actively running or decoding instructions: 9, waiting windows: 90199/188823. Max active instruction index: 18363
2024-11-27 10:46:29 | Simulation update: decoder round 348149, completed instructions: 21122/21751, actively running or decoding instructions: 5, waiting windows: 92395/194414. Max active instruction index: 21099
2024-11-27 10:46:31 | Finished simulation
2024-11-27 10:46:32 | Finished saving output. Done! Total elapsed time: 0:41:19.076214
