CONFIG 551
benchmark_file: slurm/data/20241127_100432/benchmarks/adder_n10.lss
decoder_latency_or_dist_filename: slurm/data/20241127_100432/decoder_dists.json
distance: 21
lightweight_setting: 2
max_parallel_processes: predict
missed_speculation_modifier: 1.4
poison_policy: successors
rng: 5
scheduling_method: parallel
speculation_accuracy: 0.9
speculation_latency: 1
speculation_mode: separate
2024-11-27 10:05:16 | Loading benchmark slurm/data/20241127_100432/benchmarks/adder_n10.lss...
2024-11-27 10:05:16 | Starting simulation
PREDICTION STEP BEGIN---------------------------------
Predicted max parallel processes: 80

PREDICTION STEP END-----------------------------------

2024-11-27 10:05:28 | Simulation update: decoder round 1, completed instructions: 0/887, actively running or decoding instructions: 4, waiting windows: 0/0. Max active instruction index: 9
2024-11-27 10:05:38 | Simulation update: decoder round 6058, completed instructions: 522/887, actively running or decoding instructions: 9, waiting windows: 1632/3368. Max active instruction index: 527
2024-11-27 10:05:43 | Finished simulation
2024-11-27 10:05:43 | Finished saving output. Done! Total elapsed time: 0:00:27.025851
