CONFIG 592
benchmark_file: slurm/data/20241127_100432/benchmarks/fermi_hubbard_2_2.lss
decoder_latency_or_dist_filename: slurm/data/20241127_100432/decoder_dists.json
distance: 21
lightweight_setting: 2
max_parallel_processes: None
missed_speculation_modifier: 1.4
poison_policy: successors
rng: 7
scheduling_method: parallel
speculation_accuracy: 0.9
speculation_latency: 1
speculation_mode: separate
2024-11-27 10:05:22 | Loading benchmark slurm/data/20241127_100432/benchmarks/fermi_hubbard_2_2.lss...
2024-11-27 10:05:24 | Starting simulation
2024-11-27 10:05:26 | Simulation update: decoder round 1, completed instructions: 0/21751, actively running or decoding instructions: 14, waiting windows: 0/0. Max active instruction index: 50
2024-11-27 10:05:36 | Simulation update: decoder round 503, completed instructions: 62/21751, actively running or decoding instructions: 11, waiting windows: 222/338. Max active instruction index: 59
2024-11-27 10:05:46 | Simulation update: decoder round 1006, completed instructions: 82/21751, actively running or decoding instructions: 2, waiting windows: 386/673. Max active instruction index: 79
2024-11-27 10:05:56 | Simulation update: decoder round 1513, completed instructions: 91/21751, actively running or decoding instructions: 5, waiting windows: 549/1002. Max active instruction index: 94
2024-11-27 10:06:06 | Simulation update: decoder round 2017, completed instructions: 107/21751, actively running or decoding instructions: 5, waiting windows: 711/1320. Max active instruction index: 107
2024-11-27 10:06:16 | Simulation update: decoder round 2524, completed instructions: 123/21751, actively running or decoding instructions: 5, waiting windows: 868/1647. Max active instruction index: 119
2024-11-27 10:06:26 | Simulation update: decoder round 3033, completed instructions: 142/21751, actively running or decoding instructions: 5, waiting windows: 1031/1977. Max active instruction index: 139
2024-11-27 10:06:36 | Simulation update: decoder round 3542, completed instructions: 154/21751, actively running or decoding instructions: 3, waiting windows: 1184/2294. Max active instruction index: 151
2024-11-27 10:06:46 | Simulation update: decoder round 4052, completed instructions: 162/21751, actively running or decoding instructions: 2, waiting windows: 1346/2611. Max active instruction index: 159
2024-11-27 10:06:56 | Simulation update: decoder round 4559, completed instructions: 182/21751, actively running or decoding instructions: 8, waiting windows: 1511/2945. Max active instruction index: 179
2024-11-27 10:07:06 | Simulation update: decoder round 5073, completed instructions: 194/21751, actively running or decoding instructions: 5, waiting windows: 1658/3267. Max active instruction index: 191
2024-11-27 10:07:16 | Simulation update: decoder round 5584, completed instructions: 211/21751, actively running or decoding instructions: 8, waiting windows: 1821/3589. Max active instruction index: 211
2024-11-27 10:07:26 | Simulation update: decoder round 6092, completed instructions: 226/21751, actively running or decoding instructions: 5, waiting windows: 1979/3918. Max active instruction index: 223
2024-11-27 10:07:36 | Simulation update: decoder round 6585, completed instructions: 246/21751, actively running or decoding instructions: 5, waiting windows: 2132/4229. Max active instruction index: 243
2024-11-27 10:07:46 | Simulation update: decoder round 7092, completed instructions: 270/21751, actively running or decoding instructions: 5, waiting windows: 2293/4551. Max active instruction index: 267
2024-11-27 10:07:56 | Simulation update: decoder round 7603, completed instructions: 290/21751, actively running or decoding instructions: 5, waiting windows: 2453/4883. Max active instruction index: 287
2024-11-27 10:08:06 | Simulation update: decoder round 8118, completed instructions: 307/21751, actively running or decoding instructions: 8, waiting windows: 2606/5207. Max active instruction index: 307
2024-11-27 10:08:16 | Simulation update: decoder round 8637, completed instructions: 322/21751, actively running or decoding instructions: 5, waiting windows: 2766/5541. Max active instruction index: 319
2024-11-27 10:08:27 | Simulation update: decoder round 9153, completed instructions: 343/21751, actively running or decoding instructions: 5, waiting windows: 2924/5863. Max active instruction index: 343
2024-11-27 10:08:37 | Simulation update: decoder round 9671, completed instructions: 355/21751, actively running or decoding instructions: 2, waiting windows: 3106/6210. Max active instruction index: 351
2024-11-27 10:08:47 | Simulation update: decoder round 10193, completed instructions: 374/21751, actively running or decoding instructions: 8, waiting windows: 3275/6553. Max active instruction index: 371
2024-11-27 10:08:57 | Simulation update: decoder round 10716, completed instructions: 386/21751, actively running or decoding instructions: 5, waiting windows: 3432/6882. Max active instruction index: 383
2024-11-27 10:09:07 | Simulation update: decoder round 11240, completed instructions: 398/21751, actively running or decoding instructions: 3, waiting windows: 3596/7212. Max active instruction index: 395
2024-11-27 10:09:17 | Simulation update: decoder round 11763, completed instructions: 419/21751, actively running or decoding instructions: 8, waiting windows: 3761/7545. Max active instruction index: 419
2024-11-27 10:09:27 | Simulation update: decoder round 12287, completed instructions: 435/21751, actively running or decoding instructions: 3, waiting windows: 3929/7885. Max active instruction index: 431
2024-11-27 10:09:37 | Simulation update: decoder round 12815, completed instructions: 450/21751, actively running or decoding instructions: 5, waiting windows: 4091/8225. Max active instruction index: 447
2024-11-27 10:09:47 | Simulation update: decoder round 13346, completed instructions: 458/21751, actively running or decoding instructions: 5, waiting windows: 4248/8555. Max active instruction index: 455
2024-11-27 10:09:57 | Simulation update: decoder round 13872, completed instructions: 478/21751, actively running or decoding instructions: 5, waiting windows: 4417/8893. Max active instruction index: 475
2024-11-27 10:10:07 | Simulation update: decoder round 14400, completed instructions: 502/21751, actively running or decoding instructions: 5, waiting windows: 4580/9230. Max active instruction index: 499
2024-11-27 10:10:17 | Simulation update: decoder round 14929, completed instructions: 510/21751, actively running or decoding instructions: 2, waiting windows: 4741/9561. Max active instruction index: 507
2024-11-27 10:10:27 | Simulation update: decoder round 15460, completed instructions: 534/21751, actively running or decoding instructions: 8, waiting windows: 4922/9912. Max active instruction index: 531
2024-11-27 10:10:37 | Simulation update: decoder round 15993, completed instructions: 546/21751, actively running or decoding instructions: 5, waiting windows: 5076/10243. Max active instruction index: 543
2024-11-27 10:10:47 | Simulation update: decoder round 16523, completed instructions: 562/21751, actively running or decoding instructions: 2, waiting windows: 5248/10592. Max active instruction index: 559
2024-11-27 10:10:57 | Simulation update: decoder round 17058, completed instructions: 586/21751, actively running or decoding instructions: 5, waiting windows: 5422/10939. Max active instruction index: 583
2024-11-27 10:11:07 | Simulation update: decoder round 17592, completed instructions: 598/21751, actively running or decoding instructions: 2, waiting windows: 5582/11271. Max active instruction index: 595
2024-11-27 10:11:17 | Simulation update: decoder round 18125, completed instructions: 618/21751, actively running or decoding instructions: 5, waiting windows: 5750/11616. Max active instruction index: 615
2024-11-27 10:11:27 | Simulation update: decoder round 18664, completed instructions: 630/21751, actively running or decoding instructions: 3, waiting windows: 5916/11951. Max active instruction index: 627
2024-11-27 10:11:37 | Simulation update: decoder round 19201, completed instructions: 654/21751, actively running or decoding instructions: 8, waiting windows: 6088/12302. Max active instruction index: 651
2024-11-27 10:11:47 | Simulation update: decoder round 19721, completed instructions: 667/21751, actively running or decoding instructions: 8, waiting windows: 6251/12634. Max active instruction index: 670
2024-11-27 10:11:57 | Simulation update: decoder round 20260, completed instructions: 687/21751, actively running or decoding instructions: 5, waiting windows: 6421/12977. Max active instruction index: 683
2024-11-27 10:12:07 | Simulation update: decoder round 20802, completed instructions: 699/21751, actively running or decoding instructions: 2, waiting windows: 6597/13341. Max active instruction index: 699
2024-11-27 10:12:17 | Simulation update: decoder round 21348, completed instructions: 718/21751, actively running or decoding instructions: 3, waiting windows: 6767/13688. Max active instruction index: 718
2024-11-27 10:12:27 | Simulation update: decoder round 21892, completed instructions: 735/21751, actively running or decoding instructions: 5, waiting windows: 6936/14041. Max active instruction index: 731
2024-11-27 10:12:37 | Simulation update: decoder round 22430, completed instructions: 743/21751, actively running or decoding instructions: 5, waiting windows: 7111/14389. Max active instruction index: 746
2024-11-27 10:12:47 | Simulation update: decoder round 22972, completed instructions: 762/21751, actively running or decoding instructions: 5, waiting windows: 7273/14725. Max active instruction index: 759
2024-11-27 10:12:57 | Simulation update: decoder round 23519, completed instructions: 770/21751, actively running or decoding instructions: 3, waiting windows: 7437/15068. Max active instruction index: 774
2024-11-27 10:13:07 | Simulation update: decoder round 24067, completed instructions: 786/21751, actively running or decoding instructions: 2, waiting windows: 7624/15434. Max active instruction index: 786
2024-11-27 10:13:17 | Simulation update: decoder round 24605, completed instructions: 806/21751, actively running or decoding instructions: 5, waiting windows: 7789/15774. Max active instruction index: 803
2024-11-27 10:13:27 | Simulation update: decoder round 25152, completed instructions: 819/21751, actively running or decoding instructions: 4, waiting windows: 7964/16121. Max active instruction index: 820
2024-11-27 10:13:37 | Simulation update: decoder round 25699, completed instructions: 838/21751, actively running or decoding instructions: 2, waiting windows: 8137/16482. Max active instruction index: 835
2024-11-27 10:13:47 | Simulation update: decoder round 26248, completed instructions: 850/21751, actively running or decoding instructions: 2, waiting windows: 8305/16826. Max active instruction index: 850
2024-11-27 10:13:57 | Simulation update: decoder round 26800, completed instructions: 867/21751, actively running or decoding instructions: 5, waiting windows: 8489/17189. Max active instruction index: 863
2024-11-27 10:14:07 | Simulation update: decoder round 27353, completed instructions: 874/21751, actively running or decoding instructions: 3, waiting windows: 8656/17534. Max active instruction index: 878
2024-11-27 10:14:17 | Simulation update: decoder round 27903, completed instructions: 890/21751, actively running or decoding instructions: 2, waiting windows: 8831/17883. Max active instruction index: 887
2024-11-27 10:14:27 | Simulation update: decoder round 28455, completed instructions: 910/21751, actively running or decoding instructions: 5, waiting windows: 8993/18232. Max active instruction index: 907
2024-11-27 10:14:37 | Simulation update: decoder round 29011, completed instructions: 923/21751, actively running or decoding instructions: 5, waiting windows: 9186/18600. Max active instruction index: 919
2024-11-27 10:14:47 | Simulation update: decoder round 29568, completed instructions: 942/21751, actively running or decoding instructions: 3, waiting windows: 9349/18955. Max active instruction index: 946
2024-11-27 10:14:57 | Simulation update: decoder round 30123, completed instructions: 958/21751, actively running or decoding instructions: 2, waiting windows: 9532/19325. Max active instruction index: 955
2024-11-27 10:15:07 | Simulation update: decoder round 30684, completed instructions: 966/21751, actively running or decoding instructions: 5, waiting windows: 9716/19679. Max active instruction index: 963
2024-11-27 10:15:17 | Simulation update: decoder round 31244, completed instructions: 990/21751, actively running or decoding instructions: 8, waiting windows: 9881/20032. Max active instruction index: 987
2024-11-27 10:15:27 | Simulation update: decoder round 31805, completed instructions: 1010/21751, actively running or decoding instructions: 2, waiting windows: 10073/20404. Max active instruction index: 1007
2024-11-27 10:15:37 | Simulation update: decoder round 32368, completed instructions: 1022/21751, actively running or decoding instructions: 5, waiting windows: 10247/20759. Max active instruction index: 1019
2024-11-27 10:15:47 | Simulation update: decoder round 32927, completed instructions: 1034/21751, actively running or decoding instructions: 3, waiting windows: 10404/21104. Max active instruction index: 1031
2024-11-27 10:15:57 | Simulation update: decoder round 33473, completed instructions: 1050/21751, actively running or decoding instructions: 5, waiting windows: 10583/21452. Max active instruction index: 1050
2024-11-27 10:16:07 | Simulation update: decoder round 34035, completed instructions: 1070/21751, actively running or decoding instructions: 5, waiting windows: 10757/21811. Max active instruction index: 1067
2024-11-27 10:16:17 | Simulation update: decoder round 34595, completed instructions: 1105/21751, actively running or decoding instructions: 8, waiting windows: 10941/22202. Max active instruction index: 1100
2024-11-27 10:16:27 | Simulation update: decoder round 35159, completed instructions: 1133/21751, actively running or decoding instructions: 5, waiting windows: 11137/22597. Max active instruction index: 1128
2024-11-27 10:16:37 | Simulation update: decoder round 35714, completed instructions: 1152/21751, actively running or decoding instructions: 8, waiting windows: 11322/22974. Max active instruction index: 1152
2024-11-27 10:16:47 | Simulation update: decoder round 36271, completed instructions: 1171/21751, actively running or decoding instructions: 5, waiting windows: 11510/23361. Max active instruction index: 1166
2024-11-27 10:16:57 | Simulation update: decoder round 36836, completed instructions: 1190/21751, actively running or decoding instructions: 8, waiting windows: 11709/23750. Max active instruction index: 1190
2024-11-27 10:17:07 | Simulation update: decoder round 37405, completed instructions: 1206/21751, actively running or decoding instructions: 3, waiting windows: 11901/24150. Max active instruction index: 1200
2024-11-27 10:17:17 | Simulation update: decoder round 37978, completed instructions: 1225/21751, actively running or decoding instructions: 5, waiting windows: 12088/24543. Max active instruction index: 1220
2024-11-27 10:17:27 | Simulation update: decoder round 38551, completed instructions: 1253/21751, actively running or decoding instructions: 8, waiting windows: 12280/24938. Max active instruction index: 1248
2024-11-27 10:17:37 | Simulation update: decoder round 39119, completed instructions: 1268/21751, actively running or decoding instructions: 8, waiting windows: 12465/25331. Max active instruction index: 1262
2024-11-27 10:17:47 | Simulation update: decoder round 39690, completed instructions: 1286/21751, actively running or decoding instructions: 5, waiting windows: 12661/25729. Max active instruction index: 1286
2024-11-27 10:17:57 | Simulation update: decoder round 40264, completed instructions: 1310/21751, actively running or decoding instructions: 2, waiting windows: 12866/26139. Max active instruction index: 1310
2024-11-27 10:18:07 | Simulation update: decoder round 40841, completed instructions: 1325/21751, actively running or decoding instructions: 2, waiting windows: 13054/26529. Max active instruction index: 1320
2024-11-27 10:18:17 | Simulation update: decoder round 41417, completed instructions: 1353/21751, actively running or decoding instructions: 8, waiting windows: 13256/26938. Max active instruction index: 1348
2024-11-27 10:18:27 | Simulation update: decoder round 41995, completed instructions: 1377/21751, actively running or decoding instructions: 2, waiting windows: 13448/27342. Max active instruction index: 1372
2024-11-27 10:18:37 | Simulation update: decoder round 42576, completed instructions: 1391/21751, actively running or decoding instructions: 5, waiting windows: 13640/27739. Max active instruction index: 1386
2024-11-27 10:18:47 | Simulation update: decoder round 43157, completed instructions: 1416/21751, actively running or decoding instructions: 2, waiting windows: 13851/28158. Max active instruction index: 1410
2024-11-27 10:18:57 | Simulation update: decoder round 43736, completed instructions: 1435/21751, actively running or decoding instructions: 5, waiting windows: 14040/28554. Max active instruction index: 1430
2024-11-27 10:19:07 | Simulation update: decoder round 44316, completed instructions: 1449/21751, actively running or decoding instructions: 3, waiting windows: 14228/28952. Max active instruction index: 1453
2024-11-27 10:19:17 | Simulation update: decoder round 44897, completed instructions: 1473/21751, actively running or decoding instructions: 2, waiting windows: 14421/29347. Max active instruction index: 1473
2024-11-27 10:19:27 | Simulation update: decoder round 45479, completed instructions: 1497/21751, actively running or decoding instructions: 5, waiting windows: 14624/29751. Max active instruction index: 1492
2024-11-27 10:19:37 | Simulation update: decoder round 46067, completed instructions: 1521/21751, actively running or decoding instructions: 5, waiting windows: 14827/30159. Max active instruction index: 1516
2024-11-27 10:19:47 | Simulation update: decoder round 46654, completed instructions: 1532/21751, actively running or decoding instructions: 4, waiting windows: 15017/30560. Max active instruction index: 1533
2024-11-27 10:19:57 | Simulation update: decoder round 47226, completed instructions: 1559/21751, actively running or decoding instructions: 8, waiting windows: 15211/30956. Max active instruction index: 1554
2024-11-27 10:20:07 | Simulation update: decoder round 47814, completed instructions: 1569/21751, actively running or decoding instructions: 2, waiting windows: 15403/31355. Max active instruction index: 1564
2024-11-27 10:20:17 | Simulation update: decoder round 48406, completed instructions: 1597/21751, actively running or decoding instructions: 8, waiting windows: 15617/31773. Max active instruction index: 1592
2024-11-27 10:20:27 | Simulation update: decoder round 49005, completed instructions: 1611/21751, actively running or decoding instructions: 5, waiting windows: 15806/32174. Max active instruction index: 1606
2024-11-27 10:20:37 | Simulation update: decoder round 49604, completed instructions: 1639/21751, actively running or decoding instructions: 5, waiting windows: 16009/32593. Max active instruction index: 1634
2024-11-27 10:20:47 | Simulation update: decoder round 50208, completed instructions: 1663/21751, actively running or decoding instructions: 5, waiting windows: 16202/33002. Max active instruction index: 1658
2024-11-27 10:20:57 | Simulation update: decoder round 50816, completed instructions: 1683/21751, actively running or decoding instructions: 2, waiting windows: 16418/33432. Max active instruction index: 1678
2024-11-27 10:21:07 | Simulation update: decoder round 51422, completed instructions: 1697/21751, actively running or decoding instructions: 8, waiting windows: 16616/33848. Max active instruction index: 1692
2024-11-27 10:21:17 | Simulation update: decoder round 52031, completed instructions: 1725/21751, actively running or decoding instructions: 8, waiting windows: 16829/34273. Max active instruction index: 1720
2024-11-27 10:21:27 | Simulation update: decoder round 52642, completed instructions: 1739/21751, actively running or decoding instructions: 8, waiting windows: 17028/34689. Max active instruction index: 1734
2024-11-27 10:21:37 | Simulation update: decoder round 53248, completed instructions: 1750/21751, actively running or decoding instructions: 5, waiting windows: 17235/35118. Max active instruction index: 1744
