CONFIG 597
benchmark_file: slurm/data/20241127_100432/benchmarks/H2.lss
decoder_latency_or_dist_filename: slurm/data/20241127_100432/decoder_dists.json
distance: 21
lightweight_setting: 2
max_parallel_processes: None
missed_speculation_modifier: 1.4
poison_policy: successors
rng: 7
scheduling_method: parallel
speculation_accuracy: 0.9
speculation_latency: 1
speculation_mode: separate
2024-11-27 10:05:22 | Loading benchmark slurm/data/20241127_100432/benchmarks/H2.lss...
2024-11-27 10:05:26 | Starting simulation
2024-11-27 10:05:31 | Simulation update: decoder round 1, completed instructions: 0/43797, actively running or decoding instructions: 11, waiting windows: 0/0. Max active instruction index: 32
2024-11-27 10:05:41 | Simulation update: decoder round 196, completed instructions: 54/43797, actively running or decoding instructions: 12, waiting windows: 100/126. Max active instruction index: 73
2024-11-27 10:05:51 | Simulation update: decoder round 369, completed instructions: 92/43797, actively running or decoding instructions: 17, waiting windows: 161/231. Max active instruction index: 87
2024-11-27 10:06:01 | Simulation update: decoder round 526, completed instructions: 92/43797, actively running or decoding instructions: 11, waiting windows: 199/316. Max active instruction index: 87
2024-11-27 10:06:11 | Simulation update: decoder round 683, completed instructions: 96/43797, actively running or decoding instructions: 5, waiting windows: 238/399. Max active instruction index: 96
2024-11-27 10:06:21 | Simulation update: decoder round 839, completed instructions: 106/43797, actively running or decoding instructions: 8, waiting windows: 274/483. Max active instruction index: 101
2024-11-27 10:06:31 | Simulation update: decoder round 995, completed instructions: 116/43797, actively running or decoding instructions: 6, waiting windows: 319/576. Max active instruction index: 120
2024-11-27 10:06:41 | Simulation update: decoder round 1153, completed instructions: 117/43797, actively running or decoding instructions: 5, waiting windows: 357/662. Max active instruction index: 111
2024-11-27 10:06:51 | Simulation update: decoder round 1310, completed instructions: 117/43797, actively running or decoding instructions: 5, waiting windows: 412/755. Max active instruction index: 111
2024-11-27 10:07:01 | Simulation update: decoder round 1467, completed instructions: 127/43797, actively running or decoding instructions: 2, waiting windows: 462/846. Max active instruction index: 121
2024-11-27 10:07:11 | Simulation update: decoder round 1624, completed instructions: 127/43797, actively running or decoding instructions: 2, waiting windows: 507/939. Max active instruction index: 121
2024-11-27 10:07:21 | Simulation update: decoder round 1780, completed instructions: 136/43797, actively running or decoding instructions: 2, waiting windows: 538/1024. Max active instruction index: 131
2024-11-27 10:07:31 | Simulation update: decoder round 1935, completed instructions: 136/43797, actively running or decoding instructions: 2, waiting windows: 577/1109. Max active instruction index: 131
2024-11-27 10:07:41 | Simulation update: decoder round 2090, completed instructions: 150/43797, actively running or decoding instructions: 5, waiting windows: 625/1196. Max active instruction index: 145
2024-11-27 10:07:52 | Simulation update: decoder round 2246, completed instructions: 150/43797, actively running or decoding instructions: 5, waiting windows: 659/1273. Max active instruction index: 145
2024-11-27 10:08:02 | Simulation update: decoder round 2402, completed instructions: 164/43797, actively running or decoding instructions: 5, waiting windows: 709/1367. Max active instruction index: 159
2024-11-27 10:08:12 | Simulation update: decoder round 2558, completed instructions: 164/43797, actively running or decoding instructions: 5, waiting windows: 745/1445. Max active instruction index: 159
2024-11-27 10:08:22 | Simulation update: decoder round 2714, completed instructions: 164/43797, actively running or decoding instructions: 5, waiting windows: 791/1531. Max active instruction index: 159
2024-11-27 10:08:32 | Simulation update: decoder round 2870, completed instructions: 178/43797, actively running or decoding instructions: 5, waiting windows: 832/1617. Max active instruction index: 173
2024-11-27 10:08:42 | Simulation update: decoder round 3026, completed instructions: 178/43797, actively running or decoding instructions: 5, waiting windows: 876/1703. Max active instruction index: 173
2024-11-27 10:08:52 | Simulation update: decoder round 3182, completed instructions: 182/43797, actively running or decoding instructions: 6, waiting windows: 912/1785. Max active instruction index: 186
2024-11-27 10:09:02 | Simulation update: decoder round 3339, completed instructions: 192/43797, actively running or decoding instructions: 8, waiting windows: 951/1871. Max active instruction index: 187
2024-11-27 10:09:12 | Simulation update: decoder round 3496, completed instructions: 192/43797, actively running or decoding instructions: 2, waiting windows: 995/1957. Max active instruction index: 187
2024-11-27 10:09:22 | Simulation update: decoder round 3652, completed instructions: 202/43797, actively running or decoding instructions: 5, waiting windows: 1043/2041. Max active instruction index: 197
2024-11-27 10:09:32 | Simulation update: decoder round 3808, completed instructions: 202/43797, actively running or decoding instructions: 5, waiting windows: 1082/2128. Max active instruction index: 197
2024-11-27 10:09:42 | Simulation update: decoder round 3965, completed instructions: 212/43797, actively running or decoding instructions: 5, waiting windows: 1124/2214. Max active instruction index: 207
2024-11-27 10:09:52 | Simulation update: decoder round 4122, completed instructions: 212/43797, actively running or decoding instructions: 5, waiting windows: 1160/2300. Max active instruction index: 207
2024-11-27 10:10:02 | Simulation update: decoder round 4279, completed instructions: 212/43797, actively running or decoding instructions: 5, waiting windows: 1196/2379. Max active instruction index: 207
2024-11-27 10:10:12 | Simulation update: decoder round 4436, completed instructions: 226/43797, actively running or decoding instructions: 8, waiting windows: 1255/2473. Max active instruction index: 221
2024-11-27 10:10:22 | Simulation update: decoder round 4594, completed instructions: 226/43797, actively running or decoding instructions: 5, waiting windows: 1290/2552. Max active instruction index: 221
2024-11-27 10:10:32 | Simulation update: decoder round 4752, completed instructions: 226/43797, actively running or decoding instructions: 5, waiting windows: 1332/2639. Max active instruction index: 221
2024-11-27 10:10:42 | Simulation update: decoder round 4909, completed instructions: 240/43797, actively running or decoding instructions: 8, waiting windows: 1377/2727. Max active instruction index: 235
2024-11-27 10:10:52 | Simulation update: decoder round 5066, completed instructions: 240/43797, actively running or decoding instructions: 8, waiting windows: 1413/2812. Max active instruction index: 235
2024-11-27 10:11:02 | Simulation update: decoder round 5223, completed instructions: 245/43797, actively running or decoding instructions: 5, waiting windows: 1452/2895. Max active instruction index: 245
2024-11-27 10:11:12 | Simulation update: decoder round 5379, completed instructions: 250/43797, actively running or decoding instructions: 5, waiting windows: 1500/2984. Max active instruction index: 245
2024-11-27 10:11:22 | Simulation update: decoder round 5535, completed instructions: 250/43797, actively running or decoding instructions: 5, waiting windows: 1530/3064. Max active instruction index: 245
2024-11-27 10:11:32 | Simulation update: decoder round 5692, completed instructions: 265/43797, actively running or decoding instructions: 5, waiting windows: 1584/3157. Max active instruction index: 259
2024-11-27 10:11:42 | Simulation update: decoder round 5849, completed instructions: 274/43797, actively running or decoding instructions: 2, waiting windows: 1622/3243. Max active instruction index: 269
2024-11-27 10:11:52 | Simulation update: decoder round 6006, completed instructions: 274/43797, actively running or decoding instructions: 2, waiting windows: 1659/3327. Max active instruction index: 269
2024-11-27 10:12:02 | Simulation update: decoder round 6163, completed instructions: 279/43797, actively running or decoding instructions: 6, waiting windows: 1711/3415. Max active instruction index: 282
2024-11-27 10:12:12 | Simulation update: decoder round 6321, completed instructions: 289/43797, actively running or decoding instructions: 8, waiting windows: 1751/3505. Max active instruction index: 283
2024-11-27 10:12:22 | Simulation update: decoder round 6480, completed instructions: 289/43797, actively running or decoding instructions: 6, waiting windows: 1799/3599. Max active instruction index: 283
2024-11-27 10:12:32 | Simulation update: decoder round 6638, completed instructions: 299/43797, actively running or decoding instructions: 2, waiting windows: 1849/3695. Max active instruction index: 293
2024-11-27 10:12:42 | Simulation update: decoder round 6796, completed instructions: 299/43797, actively running or decoding instructions: 2, waiting windows: 1887/3781. Max active instruction index: 293
2024-11-27 10:12:52 | Simulation update: decoder round 6954, completed instructions: 308/43797, actively running or decoding instructions: 2, waiting windows: 1935/3877. Max active instruction index: 303
2024-11-27 10:13:02 | Simulation update: decoder round 7112, completed instructions: 308/43797, actively running or decoding instructions: 2, waiting windows: 1967/3956. Max active instruction index: 303
2024-11-27 10:13:12 | Simulation update: decoder round 7270, completed instructions: 308/43797, actively running or decoding instructions: 2, waiting windows: 2014/4042. Max active instruction index: 303
2024-11-27 10:13:22 | Simulation update: decoder round 7429, completed instructions: 323/43797, actively running or decoding instructions: 8, waiting windows: 2060/4131. Max active instruction index: 317
2024-11-27 10:13:33 | Simulation update: decoder round 7589, completed instructions: 323/43797, actively running or decoding instructions: 6, waiting windows: 2104/4224. Max active instruction index: 317
2024-11-27 10:13:43 | Simulation update: decoder round 7748, completed instructions: 332/43797, actively running or decoding instructions: 2, waiting windows: 2144/4310. Max active instruction index: 327
2024-11-27 10:13:53 | Simulation update: decoder round 7908, completed instructions: 333/43797, actively running or decoding instructions: 4, waiting windows: 2188/4399. Max active instruction index: 334
2024-11-27 10:14:03 | Simulation update: decoder round 8068, completed instructions: 346/43797, actively running or decoding instructions: 8, waiting windows: 2235/4492. Max active instruction index: 341
2024-11-27 10:14:13 | Simulation update: decoder round 8229, completed instructions: 346/43797, actively running or decoding instructions: 3, waiting windows: 2266/4572. Max active instruction index: 341
2024-11-27 10:14:23 | Simulation update: decoder round 8390, completed instructions: 356/43797, actively running or decoding instructions: 5, waiting windows: 2314/4666. Max active instruction index: 351
2024-11-27 10:14:33 | Simulation update: decoder round 8551, completed instructions: 356/43797, actively running or decoding instructions: 2, waiting windows: 2358/4752. Max active instruction index: 351
2024-11-27 10:14:43 | Simulation update: decoder round 8712, completed instructions: 367/43797, actively running or decoding instructions: 5, waiting windows: 2399/4841. Max active instruction index: 361
2024-11-27 10:14:53 | Simulation update: decoder round 8874, completed instructions: 367/43797, actively running or decoding instructions: 5, waiting windows: 2448/4935. Max active instruction index: 361
2024-11-27 10:15:03 | Simulation update: decoder round 9036, completed instructions: 377/43797, actively running or decoding instructions: 2, waiting windows: 2503/5034. Max active instruction index: 371
2024-11-27 10:15:13 | Simulation update: decoder round 9197, completed instructions: 381/43797, actively running or decoding instructions: 2, waiting windows: 2539/5121. Max active instruction index: 381
2024-11-27 10:15:23 | Simulation update: decoder round 9358, completed instructions: 386/43797, actively running or decoding instructions: 2, waiting windows: 2586/5213. Max active instruction index: 381
2024-11-27 10:15:33 | Simulation update: decoder round 9519, completed instructions: 390/43797, actively running or decoding instructions: 3, waiting windows: 2627/5300. Max active instruction index: 394
2024-11-27 10:15:43 | Simulation update: decoder round 9681, completed instructions: 400/43797, actively running or decoding instructions: 5, waiting windows: 2667/5387. Max active instruction index: 395
2024-11-27 10:15:53 | Simulation update: decoder round 9843, completed instructions: 400/43797, actively running or decoding instructions: 2, waiting windows: 2707/5473. Max active instruction index: 395
2024-11-27 10:16:03 | Simulation update: decoder round 10005, completed instructions: 414/43797, actively running or decoding instructions: 5, waiting windows: 2759/5568. Max active instruction index: 409
2024-11-27 10:16:13 | Simulation update: decoder round 10167, completed instructions: 415/43797, actively running or decoding instructions: 4, waiting windows: 2800/5655. Max active instruction index: 416
2024-11-27 10:16:23 | Simulation update: decoder round 10329, completed instructions: 429/43797, actively running or decoding instructions: 8, waiting windows: 2841/5745. Max active instruction index: 423
2024-11-27 10:16:33 | Simulation update: decoder round 10491, completed instructions: 429/43797, actively running or decoding instructions: 5, waiting windows: 2890/5841. Max active instruction index: 423
2024-11-27 10:16:43 | Simulation update: decoder round 10652, completed instructions: 439/43797, actively running or decoding instructions: 2, waiting windows: 2938/5937. Max active instruction index: 433
2024-11-27 10:16:53 | Simulation update: decoder round 10813, completed instructions: 439/43797, actively running or decoding instructions: 2, waiting windows: 2984/6023. Max active instruction index: 433
2024-11-27 10:17:03 | Simulation update: decoder round 10975, completed instructions: 448/43797, actively running or decoding instructions: 2, waiting windows: 3026/6117. Max active instruction index: 443
2024-11-27 10:17:13 | Simulation update: decoder round 11137, completed instructions: 452/43797, actively running or decoding instructions: 3, waiting windows: 3068/6204. Max active instruction index: 456
2024-11-27 10:17:23 | Simulation update: decoder round 11300, completed instructions: 462/43797, actively running or decoding instructions: 5, waiting windows: 3115/6297. Max active instruction index: 457
2024-11-27 10:17:33 | Simulation update: decoder round 11463, completed instructions: 462/43797, actively running or decoding instructions: 2, waiting windows: 3151/6377. Max active instruction index: 457
2024-11-27 10:17:43 | Simulation update: decoder round 11626, completed instructions: 476/43797, actively running or decoding instructions: 9, waiting windows: 3205/6475. Max active instruction index: 480
2024-11-27 10:17:53 | Simulation update: decoder round 11789, completed instructions: 477/43797, actively running or decoding instructions: 6, waiting windows: 3251/6567. Max active instruction index: 471
2024-11-27 10:18:03 | Simulation update: decoder round 11952, completed instructions: 477/43797, actively running or decoding instructions: 6, waiting windows: 3300/6662. Max active instruction index: 471
2024-11-27 10:18:13 | Simulation update: decoder round 12115, completed instructions: 487/43797, actively running or decoding instructions: 2, waiting windows: 3343/6754. Max active instruction index: 481
2024-11-27 10:18:23 | Simulation update: decoder round 12278, completed instructions: 487/43797, actively running or decoding instructions: 2, waiting windows: 3393/6850. Max active instruction index: 481
2024-11-27 10:18:34 | Simulation update: decoder round 12441, completed instructions: 487/43797, actively running or decoding instructions: 2, waiting windows: 3436/6944. Max active instruction index: 481
2024-11-27 10:18:44 | Simulation update: decoder round 12604, completed instructions: 496/43797, actively running or decoding instructions: 2, waiting windows: 3483/7038. Max active instruction index: 491
2024-11-27 10:18:54 | Simulation update: decoder round 12767, completed instructions: 500/43797, actively running or decoding instructions: 5, waiting windows: 3518/7120. Max active instruction index: 500
2024-11-27 10:19:04 | Simulation update: decoder round 12930, completed instructions: 510/43797, actively running or decoding instructions: 8, waiting windows: 3561/7214. Max active instruction index: 505
2024-11-27 10:19:14 | Simulation update: decoder round 13093, completed instructions: 510/43797, actively running or decoding instructions: 8, waiting windows: 3602/7302. Max active instruction index: 505
2024-11-27 10:19:24 | Simulation update: decoder round 13256, completed instructions: 520/43797, actively running or decoding instructions: 5, waiting windows: 3650/7394. Max active instruction index: 515
2024-11-27 10:19:34 | Simulation update: decoder round 13420, completed instructions: 520/43797, actively running or decoding instructions: 2, waiting windows: 3697/7482. Max active instruction index: 515
2024-11-27 10:19:44 | Simulation update: decoder round 13583, completed instructions: 530/43797, actively running or decoding instructions: 5, waiting windows: 3738/7569. Max active instruction index: 525
2024-11-27 10:19:54 | Simulation update: decoder round 13745, completed instructions: 530/43797, actively running or decoding instructions: 5, waiting windows: 3776/7657. Max active instruction index: 525
2024-11-27 10:20:04 | Simulation update: decoder round 13908, completed instructions: 535/43797, actively running or decoding instructions: 5, waiting windows: 3821/7747. Max active instruction index: 535
2024-11-27 10:20:14 | Simulation update: decoder round 14072, completed instructions: 540/43797, actively running or decoding instructions: 5, waiting windows: 3870/7837. Max active instruction index: 535
2024-11-27 10:20:24 | Simulation update: decoder round 14236, completed instructions: 540/43797, actively running or decoding instructions: 5, waiting windows: 3906/7917. Max active instruction index: 535
2024-11-27 10:20:34 | Simulation update: decoder round 14399, completed instructions: 550/43797, actively running or decoding instructions: 5, waiting windows: 3955/8012. Max active instruction index: 545
2024-11-27 10:20:44 | Simulation update: decoder round 14562, completed instructions: 550/43797, actively running or decoding instructions: 5, waiting windows: 3996/8099. Max active instruction index: 545
2024-11-27 10:20:54 | Simulation update: decoder round 14725, completed instructions: 554/43797, actively running or decoding instructions: 2, waiting windows: 4040/8186. Max active instruction index: 554
2024-11-27 10:21:04 | Simulation update: decoder round 14888, completed instructions: 564/43797, actively running or decoding instructions: 5, waiting windows: 4077/8272. Max active instruction index: 559
2024-11-27 10:21:14 | Simulation update: decoder round 15051, completed instructions: 564/43797, actively running or decoding instructions: 2, waiting windows: 4121/8360. Max active instruction index: 559
2024-11-27 10:21:24 | Simulation update: decoder round 15214, completed instructions: 578/43797, actively running or decoding instructions: 8, waiting windows: 4175/8456. Max active instruction index: 573
2024-11-27 10:21:34 | Simulation update: decoder round 15378, completed instructions: 578/43797, actively running or decoding instructions: 4, waiting windows: 4211/8543. Max active instruction index: 573
