CONFIG 640
benchmark_file: slurm/data/20241127_100432/benchmarks/fermi_hubbard_2_2.lss
decoder_latency_or_dist_filename: slurm/data/20241127_100432/decoder_dists.json
distance: 21
lightweight_setting: 2
max_parallel_processes: predict
missed_speculation_modifier: 1.4
poison_policy: successors
rng: 8
scheduling_method: parallel
speculation_accuracy: 0.9
speculation_latency: 1
speculation_mode: separate
2024-11-27 10:05:31 | Loading benchmark slurm/data/20241127_100432/benchmarks/fermi_hubbard_2_2.lss...
2024-11-27 10:05:33 | Starting simulation
PREDICTION STEP BEGIN---------------------------------
Predicted max parallel processes: 140

PREDICTION STEP END-----------------------------------

2024-11-27 10:45:25 | Simulation update: decoder round 1, completed instructions: 0/21751, actively running or decoding instructions: 14, waiting windows: 0/0. Max active instruction index: 50
2024-11-27 10:45:35 | Simulation update: decoder round 498, completed instructions: 55/21751, actively running or decoding instructions: 7, waiting windows: 215/321. Max active instruction index: 58
2024-11-27 10:45:45 | Simulation update: decoder round 992, completed instructions: 75/21751, actively running or decoding instructions: 5, waiting windows: 375/640. Max active instruction index: 71
2024-11-27 10:45:55 | Simulation update: decoder round 1488, completed instructions: 83/21751, actively running or decoding instructions: 2, waiting windows: 536/966. Max active instruction index: 79
2024-11-27 10:46:05 | Simulation update: decoder round 1984, completed instructions: 91/21751, actively running or decoding instructions: 2, waiting windows: 699/1301. Max active instruction index: 87
2024-11-27 10:46:15 | Simulation update: decoder round 2484, completed instructions: 98/21751, actively running or decoding instructions: 2, waiting windows: 857/1624. Max active instruction index: 95
2024-11-27 10:46:25 | Simulation update: decoder round 2984, completed instructions: 123/21751, actively running or decoding instructions: 5, waiting windows: 1021/1950. Max active instruction index: 119
2024-11-27 10:46:35 | Simulation update: decoder round 3481, completed instructions: 142/21751, actively running or decoding instructions: 5, waiting windows: 1176/2265. Max active instruction index: 139
2024-11-27 10:46:45 | Simulation update: decoder round 3980, completed instructions: 159/21751, actively running or decoding instructions: 5, waiting windows: 1337/2583. Max active instruction index: 159
2024-11-27 10:46:55 | Simulation update: decoder round 4477, completed instructions: 170/21751, actively running or decoding instructions: 2, waiting windows: 1497/2909. Max active instruction index: 167
2024-11-27 10:47:05 | Simulation update: decoder round 4974, completed instructions: 194/21751, actively running or decoding instructions: 8, waiting windows: 1651/3223. Max active instruction index: 191
2024-11-27 10:47:15 | Simulation update: decoder round 5472, completed instructions: 202/21751, actively running or decoding instructions: 2, waiting windows: 1801/3538. Max active instruction index: 199
2024-11-27 10:47:25 | Simulation update: decoder round 5974, completed instructions: 219/21751, actively running or decoding instructions: 8, waiting windows: 1961/3861. Max active instruction index: 222
2024-11-27 10:47:35 | Simulation update: decoder round 6475, completed instructions: 239/21751, actively running or decoding instructions: 5, waiting windows: 2121/4186. Max active instruction index: 235
2024-11-27 10:47:45 | Simulation update: decoder round 6977, completed instructions: 258/21751, actively running or decoding instructions: 5, waiting windows: 2280/4510. Max active instruction index: 255
2024-11-27 10:47:55 | Simulation update: decoder round 7480, completed instructions: 271/21751, actively running or decoding instructions: 2, waiting windows: 2437/4835. Max active instruction index: 267
2024-11-27 10:48:05 | Simulation update: decoder round 7982, completed instructions: 291/21751, actively running or decoding instructions: 5, waiting windows: 2600/5160. Max active instruction index: 287
2024-11-27 10:48:15 | Simulation update: decoder round 8483, completed instructions: 298/21751, actively running or decoding instructions: 2, waiting windows: 2751/5478. Max active instruction index: 295
2024-11-27 10:48:25 | Simulation update: decoder round 8985, completed instructions: 314/21751, actively running or decoding instructions: 2, waiting windows: 2909/5798. Max active instruction index: 314
2024-11-27 10:48:35 | Simulation update: decoder round 9491, completed instructions: 334/21751, actively running or decoding instructions: 8, waiting windows: 3063/6122. Max active instruction index: 331
2024-11-27 10:48:45 | Simulation update: decoder round 9997, completed instructions: 347/21751, actively running or decoding instructions: 5, waiting windows: 3240/6459. Max active instruction index: 343
2024-11-27 10:48:55 | Simulation update: decoder round 10503, completed instructions: 355/21751, actively running or decoding instructions: 2, waiting windows: 3408/6797. Max active instruction index: 351
2024-11-27 10:49:05 | Simulation update: decoder round 11011, completed instructions: 366/21751, actively running or decoding instructions: 2, waiting windows: 3559/7120. Max active instruction index: 366
2024-11-27 10:49:15 | Simulation update: decoder round 11517, completed instructions: 386/21751, actively running or decoding instructions: 2, waiting windows: 3718/7442. Max active instruction index: 383
2024-11-27 10:49:26 | Simulation update: decoder round 12027, completed instructions: 410/21751, actively running or decoding instructions: 8, waiting windows: 3885/7767. Max active instruction index: 407
2024-11-27 10:49:36 | Simulation update: decoder round 12540, completed instructions: 431/21751, actively running or decoding instructions: 5, waiting windows: 4046/8101. Max active instruction index: 431
2024-11-27 10:49:46 | Simulation update: decoder round 13050, completed instructions: 442/21751, actively running or decoding instructions: 2, waiting windows: 4195/8421. Max active instruction index: 439
2024-11-27 10:49:56 | Simulation update: decoder round 13562, completed instructions: 450/21751, actively running or decoding instructions: 5, waiting windows: 4356/8738. Max active instruction index: 447
2024-11-27 10:50:06 | Simulation update: decoder round 14071, completed instructions: 470/21751, actively running or decoding instructions: 5, waiting windows: 4523/9069. Max active instruction index: 467
2024-11-27 10:50:16 | Simulation update: decoder round 14586, completed instructions: 478/21751, actively running or decoding instructions: 2, waiting windows: 4693/9411. Max active instruction index: 475
2024-11-27 10:50:26 | Simulation update: decoder round 15099, completed instructions: 490/21751, actively running or decoding instructions: 5, waiting windows: 4835/9732. Max active instruction index: 487
2024-11-27 10:50:36 | Simulation update: decoder round 15611, completed instructions: 507/21751, actively running or decoding instructions: 2, waiting windows: 5009/10074. Max active instruction index: 507
2024-11-27 10:50:46 | Simulation update: decoder round 16128, completed instructions: 522/21751, actively running or decoding instructions: 5, waiting windows: 5162/10395. Max active instruction index: 519
2024-11-27 10:50:56 | Simulation update: decoder round 16648, completed instructions: 538/21751, actively running or decoding instructions: 3, waiting windows: 5329/10724. Max active instruction index: 542
2024-11-27 10:51:06 | Simulation update: decoder round 17168, completed instructions: 554/21751, actively running or decoding instructions: 2, waiting windows: 5497/11059. Max active instruction index: 551
2024-11-27 10:51:16 | Simulation update: decoder round 17691, completed instructions: 574/21751, actively running or decoding instructions: 8, waiting windows: 5663/11395. Max active instruction index: 571
2024-11-27 10:51:26 | Simulation update: decoder round 18210, completed instructions: 587/21751, actively running or decoding instructions: 4, waiting windows: 5821/11725. Max active instruction index: 588
2024-11-27 10:51:36 | Simulation update: decoder round 18730, completed instructions: 606/21751, actively running or decoding instructions: 2, waiting windows: 5980/12062. Max active instruction index: 603
2024-11-27 10:51:46 | Simulation update: decoder round 19251, completed instructions: 627/21751, actively running or decoding instructions: 5, waiting windows: 6148/12395. Max active instruction index: 626
2024-11-27 10:51:56 | Simulation update: decoder round 19773, completed instructions: 642/21751, actively running or decoding instructions: 5, waiting windows: 6313/12728. Max active instruction index: 639
2024-11-27 10:52:06 | Simulation update: decoder round 20299, completed instructions: 662/21751, actively running or decoding instructions: 2, waiting windows: 6488/13072. Max active instruction index: 659
2024-11-27 10:52:16 | Simulation update: decoder round 20826, completed instructions: 674/21751, actively running or decoding instructions: 5, waiting windows: 6638/13402. Max active instruction index: 671
2024-11-27 10:52:26 | Simulation update: decoder round 21352, completed instructions: 695/21751, actively running or decoding instructions: 2, waiting windows: 6819/13752. Max active instruction index: 691
2024-11-27 10:52:36 | Simulation update: decoder round 21880, completed instructions: 714/21751, actively running or decoding instructions: 8, waiting windows: 6986/14094. Max active instruction index: 711
2024-11-27 10:52:46 | Simulation update: decoder round 22406, completed instructions: 727/21751, actively running or decoding instructions: 5, waiting windows: 7146/14432. Max active instruction index: 723
2024-11-27 10:52:56 | Simulation update: decoder round 22936, completed instructions: 742/21751, actively running or decoding instructions: 5, waiting windows: 7323/14779. Max active instruction index: 739
2024-11-27 10:53:06 | Simulation update: decoder round 23468, completed instructions: 750/21751, actively running or decoding instructions: 3, waiting windows: 7486/15111. Max active instruction index: 747
2024-11-27 10:53:16 | Simulation update: decoder round 24001, completed instructions: 771/21751, actively running or decoding instructions: 5, waiting windows: 7651/15451. Max active instruction index: 767
2024-11-27 10:53:26 | Simulation update: decoder round 24532, completed instructions: 786/21751, actively running or decoding instructions: 2, waiting windows: 7833/15814. Max active instruction index: 783
2024-11-27 10:53:36 | Simulation update: decoder round 25064, completed instructions: 799/21751, actively running or decoding instructions: 2, waiting windows: 8001/16154. Max active instruction index: 795
2024-11-27 10:53:46 | Simulation update: decoder round 25594, completed instructions: 818/21751, actively running or decoding instructions: 5, waiting windows: 8157/16489. Max active instruction index: 815
2024-11-27 10:53:56 | Simulation update: decoder round 26128, completed instructions: 830/21751, actively running or decoding instructions: 5, waiting windows: 8325/16830. Max active instruction index: 827
2024-11-27 10:54:06 | Simulation update: decoder round 26665, completed instructions: 850/21751, actively running or decoding instructions: 9, waiting windows: 8499/17169. Max active instruction index: 854
2024-11-27 10:54:16 | Simulation update: decoder round 27199, completed instructions: 859/21751, actively running or decoding instructions: 2, waiting windows: 8678/17531. Max active instruction index: 855
2024-11-27 10:54:26 | Simulation update: decoder round 27684, completed instructions: 874/21751, actively running or decoding instructions: 5, waiting windows: 8830/17843. Max active instruction index: 871
2024-11-27 10:54:36 | Simulation update: decoder round 28219, completed instructions: 882/21751, actively running or decoding instructions: 5, waiting windows: 8985/18174. Max active instruction index: 879
2024-11-27 10:54:46 | Simulation update: decoder round 28755, completed instructions: 898/21751, actively running or decoding instructions: 2, waiting windows: 9172/18528. Max active instruction index: 895
2024-11-27 10:54:56 | Simulation update: decoder round 29295, completed instructions: 910/21751, actively running or decoding instructions: 5, waiting windows: 9324/18861. Max active instruction index: 907
2024-11-27 10:55:06 | Simulation update: decoder round 29830, completed instructions: 930/21751, actively running or decoding instructions: 2, waiting windows: 9506/19215. Max active instruction index: 927
2024-11-27 10:55:16 | Simulation update: decoder round 30368, completed instructions: 943/21751, actively running or decoding instructions: 5, waiting windows: 9682/19568. Max active instruction index: 939
2024-11-27 10:55:26 | Simulation update: decoder round 30904, completed instructions: 958/21751, actively running or decoding instructions: 2, waiting windows: 9844/19913. Max active instruction index: 955
2024-11-27 10:55:36 | Simulation update: decoder round 31445, completed instructions: 978/21751, actively running or decoding instructions: 8, waiting windows: 10031/20263. Max active instruction index: 975
2024-11-27 10:55:46 | Simulation update: decoder round 31987, completed instructions: 990/21751, actively running or decoding instructions: 8, waiting windows: 10188/20608. Max active instruction index: 987
2024-11-27 10:55:56 | Simulation update: decoder round 32528, completed instructions: 1002/21751, actively running or decoding instructions: 3, waiting windows: 10350/20941. Max active instruction index: 999
2024-11-27 10:56:06 | Simulation update: decoder round 33072, completed instructions: 1022/21751, actively running or decoding instructions: 5, waiting windows: 10513/21289. Max active instruction index: 1019
2024-11-27 10:56:16 | Simulation update: decoder round 33613, completed instructions: 1046/21751, actively running or decoding instructions: 8, waiting windows: 10698/21638. Max active instruction index: 1043
2024-11-27 10:56:26 | Simulation update: decoder round 34158, completed instructions: 1058/21751, actively running or decoding instructions: 5, waiting windows: 10859/21981. Max active instruction index: 1055
2024-11-27 10:56:36 | Simulation update: decoder round 34705, completed instructions: 1095/21751, actively running or decoding instructions: 10, waiting windows: 11052/22346. Max active instruction index: 1095
2024-11-27 10:56:46 | Simulation update: decoder round 35251, completed instructions: 1119/21751, actively running or decoding instructions: 3, waiting windows: 11214/22723. Max active instruction index: 1114
2024-11-27 10:56:56 | Simulation update: decoder round 35799, completed instructions: 1133/21751, actively running or decoding instructions: 2, waiting windows: 11400/23097. Max active instruction index: 1133
2024-11-27 10:57:06 | Simulation update: decoder round 36345, completed instructions: 1157/21751, actively running or decoding instructions: 8, waiting windows: 11580/23477. Max active instruction index: 1152
2024-11-27 10:57:16 | Simulation update: decoder round 36897, completed instructions: 1181/21751, actively running or decoding instructions: 2, waiting windows: 11781/23867. Max active instruction index: 1176
2024-11-27 10:57:26 | Simulation update: decoder round 37447, completed instructions: 1206/21751, actively running or decoding instructions: 2, waiting windows: 11979/24272. Max active instruction index: 1200
2024-11-27 10:57:36 | Simulation update: decoder round 37997, completed instructions: 1215/21751, actively running or decoding instructions: 2, waiting windows: 12164/24653. Max active instruction index: 1210
2024-11-27 10:57:46 | Simulation update: decoder round 38549, completed instructions: 1239/21751, actively running or decoding instructions: 8, waiting windows: 12347/25035. Max active instruction index: 1234
2024-11-27 10:57:56 | Simulation update: decoder round 39101, completed instructions: 1253/21751, actively running or decoding instructions: 5, waiting windows: 12526/25410. Max active instruction index: 1248
2024-11-27 10:58:06 | Simulation update: decoder round 39654, completed instructions: 1277/21751, actively running or decoding instructions: 5, waiting windows: 12724/25802. Max active instruction index: 1272
2024-11-27 10:58:16 | Simulation update: decoder round 40210, completed instructions: 1291/21751, actively running or decoding instructions: 8, waiting windows: 12897/26176. Max active instruction index: 1286
2024-11-27 10:58:26 | Simulation update: decoder round 40767, completed instructions: 1315/21751, actively running or decoding instructions: 5, waiting windows: 13102/26567. Max active instruction index: 1310
2024-11-27 10:58:36 | Simulation update: decoder round 41323, completed instructions: 1339/21751, actively running or decoding instructions: 5, waiting windows: 13277/26947. Max active instruction index: 1334
2024-11-27 10:58:46 | Simulation update: decoder round 41876, completed instructions: 1353/21751, actively running or decoding instructions: 5, waiting windows: 13462/27330. Max active instruction index: 1348
2024-11-27 10:58:56 | Simulation update: decoder round 42436, completed instructions: 1377/21751, actively running or decoding instructions: 2, waiting windows: 13653/27717. Max active instruction index: 1372
2024-11-27 10:59:06 | Simulation update: decoder round 42997, completed instructions: 1405/21751, actively running or decoding instructions: 5, waiting windows: 13836/28109. Max active instruction index: 1400
2024-11-27 10:59:16 | Simulation update: decoder round 43557, completed instructions: 1425/21751, actively running or decoding instructions: 5, waiting windows: 14032/28499. Max active instruction index: 1420
2024-11-27 10:59:26 | Simulation update: decoder round 44116, completed instructions: 1445/21751, actively running or decoding instructions: 5, waiting windows: 14221/28879. Max active instruction index: 1440
2024-11-27 10:59:36 | Simulation update: decoder round 44675, completed instructions: 1460/21751, actively running or decoding instructions: 4, waiting windows: 14403/29264. Max active instruction index: 1461
2024-11-27 10:59:46 | Simulation update: decoder round 45239, completed instructions: 1483/21751, actively running or decoding instructions: 3, waiting windows: 14589/29656. Max active instruction index: 1478
2024-11-27 10:59:56 | Simulation update: decoder round 45806, completed instructions: 1506/21751, actively running or decoding instructions: 5, waiting windows: 14788/30044. Max active instruction index: 1506
2024-11-27 11:00:06 | Simulation update: decoder round 46374, completed instructions: 1521/21751, actively running or decoding instructions: 2, waiting windows: 14980/30445. Max active instruction index: 1516
2024-11-27 11:00:16 | Simulation update: decoder round 46942, completed instructions: 1545/21751, actively running or decoding instructions: 2, waiting windows: 15165/30836. Max active instruction index: 1540
2024-11-27 11:00:26 | Simulation update: decoder round 47511, completed instructions: 1569/21751, actively running or decoding instructions: 2, waiting windows: 15374/31245. Max active instruction index: 1564
2024-11-27 11:00:36 | Simulation update: decoder round 48081, completed instructions: 1592/21751, actively running or decoding instructions: 5, waiting windows: 15564/31636. Max active instruction index: 1592
2024-11-27 11:00:46 | Simulation update: decoder round 48654, completed instructions: 1611/21751, actively running or decoding instructions: 5, waiting windows: 15747/32029. Max active instruction index: 1606
2024-11-27 11:00:56 | Simulation update: decoder round 49227, completed instructions: 1639/21751, actively running or decoding instructions: 8, waiting windows: 15953/32436. Max active instruction index: 1634
2024-11-27 11:01:06 | Simulation update: decoder round 49802, completed instructions: 1653/21751, actively running or decoding instructions: 2, waiting windows: 16130/32825. Max active instruction index: 1648
2024-11-27 11:01:16 | Simulation update: decoder round 50376, completed instructions: 1674/21751, actively running or decoding instructions: 2, waiting windows: 16332/33230. Max active instruction index: 1668
2024-11-27 11:01:26 | Simulation update: decoder round 50956, completed instructions: 1697/21751, actively running or decoding instructions: 8, waiting windows: 16537/33641. Max active instruction index: 1692
2024-11-27 11:01:36 | Simulation update: decoder round 51534, completed instructions: 1725/21751, actively running or decoding instructions: 5, waiting windows: 16723/34038. Max active instruction index: 1720
2024-11-27 11:01:46 | Simulation update: decoder round 52116, completed instructions: 1749/21751, actively running or decoding instructions: 2, waiting windows: 16929/34450. Max active instruction index: 1744
2024-11-27 11:01:56 | Simulation update: decoder round 52695, completed instructions: 1770/21751, actively running or decoding instructions: 2, waiting windows: 17138/34865. Max active instruction index: 1764
2024-11-27 11:02:06 | Simulation update: decoder round 53277, completed instructions: 1779/21751, actively running or decoding instructions: 2, waiting windows: 17329/35271. Max active instruction index: 1774
2024-11-27 11:02:16 | Simulation update: decoder round 53857, completed instructions: 1808/21751, actively running or decoding instructions: 5, waiting windows: 17528/35678. Max active instruction index: 1802
2024-11-27 11:02:26 | Simulation update: decoder round 54441, completed instructions: 1827/21751, actively running or decoding instructions: 5, waiting windows: 17734/36090. Max active instruction index: 1822
2024-11-27 11:02:36 | Simulation update: decoder round 55029, completed instructions: 1851/21751, actively running or decoding instructions: 2, waiting windows: 17932/36504. Max active instruction index: 1846
2024-11-27 11:02:46 | Simulation update: decoder round 55616, completed instructions: 1866/21751, actively running or decoding instructions: 8, waiting windows: 18128/36913. Max active instruction index: 1860
2024-11-27 11:02:56 | Simulation update: decoder round 56147, completed instructions: 1885/21751, actively running or decoding instructions: 5, waiting windows: 18310/37279. Max active instruction index: 1880
2024-11-27 11:03:06 | Simulation update: decoder round 56736, completed instructions: 1904/21751, actively running or decoding instructions: 2, waiting windows: 18512/37697. Max active instruction index: 1904
2024-11-27 11:03:16 | Simulation update: decoder round 57323, completed instructions: 1919/21751, actively running or decoding instructions: 2, waiting windows: 18716/38117. Max active instruction index: 1914
2024-11-27 11:03:26 | Simulation update: decoder round 57914, completed instructions: 1943/21751, actively running or decoding instructions: 5, waiting windows: 18914/38523. Max active instruction index: 1938
2024-11-27 11:03:36 | Simulation update: decoder round 58504, completed instructions: 1957/21751, actively running or decoding instructions: 5, waiting windows: 19113/38923. Max active instruction index: 1952
2024-11-27 11:03:46 | Simulation update: decoder round 59099, completed instructions: 1981/21751, actively running or decoding instructions: 8, waiting windows: 19317/39342. Max active instruction index: 1976
2024-11-27 11:03:56 | Simulation update: decoder round 59693, completed instructions: 2001/21751, actively running or decoding instructions: 5, waiting windows: 19507/39750. Max active instruction index: 1996
2024-11-27 11:04:06 | Simulation update: decoder round 60291, completed instructions: 2029/21751, actively running or decoding instructions: 5, waiting windows: 19700/40156. Max active instruction index: 2024
2024-11-27 11:04:16 | Simulation update: decoder round 60886, completed instructions: 2048/21751, actively running or decoding instructions: 3, waiting windows: 19917/40584. Max active instruction index: 2048
2024-11-27 11:04:26 | Simulation update: decoder round 61487, completed instructions: 2067/21751, actively running or decoding instructions: 5, waiting windows: 20112/40989. Max active instruction index: 2062
2024-11-27 11:04:36 | Simulation update: decoder round 62089, completed instructions: 2095/21751, actively running or decoding instructions: 8, waiting windows: 20323/41410. Max active instruction index: 2090
2024-11-27 11:04:46 | Simulation update: decoder round 62695, completed instructions: 2109/21751, actively running or decoding instructions: 2, waiting windows: 20519/41825. Max active instruction index: 2104
2024-11-27 11:04:56 | Simulation update: decoder round 63297, completed instructions: 2137/21751, actively running or decoding instructions: 8, waiting windows: 20733/42249. Max active instruction index: 2132
2024-11-27 11:05:06 | Simulation update: decoder round 63903, completed instructions: 2156/21751, actively running or decoding instructions: 8, waiting windows: 20920/42658. Max active instruction index: 2159
2024-11-27 11:05:16 | Simulation update: decoder round 64509, completed instructions: 2175/21751, actively running or decoding instructions: 2, waiting windows: 21119/43075. Max active instruction index: 2170
2024-11-27 11:05:26 | Simulation update: decoder round 65117, completed instructions: 2189/21751, actively running or decoding instructions: 2, waiting windows: 21330/43488. Max active instruction index: 2184
2024-11-27 11:05:36 | Simulation update: decoder round 65724, completed instructions: 2214/21751, actively running or decoding instructions: 5, waiting windows: 21543/43916. Max active instruction index: 2208
2024-11-27 11:05:46 | Simulation update: decoder round 66334, completed instructions: 2233/21751, actively running or decoding instructions: 2, waiting windows: 21755/44357. Max active instruction index: 2228
2024-11-27 11:05:56 | Simulation update: decoder round 66942, completed instructions: 2248/21751, actively running or decoding instructions: 8, waiting windows: 21963/44780. Max active instruction index: 2242
2024-11-27 11:06:06 | Simulation update: decoder round 67551, completed instructions: 2271/21751, actively running or decoding instructions: 5, waiting windows: 22174/45207. Max active instruction index: 2266
2024-11-27 11:06:16 | Simulation update: decoder round 68163, completed instructions: 2285/21751, actively running or decoding instructions: 3, waiting windows: 22373/45621. Max active instruction index: 2280
2024-11-27 11:06:26 | Simulation update: decoder round 68777, completed instructions: 2310/21751, actively running or decoding instructions: 3, waiting windows: 22589/46062. Max active instruction index: 2304
2024-11-27 11:06:37 | Simulation update: decoder round 69386, completed instructions: 2400/21751, actively running or decoding instructions: 22, waiting windows: 22849/46576. Max active instruction index: 2416
2024-11-27 11:06:47 | Simulation update: decoder round 70004, completed instructions: 2445/21751, actively running or decoding instructions: 8, waiting windows: 23070/47051. Max active instruction index: 2442
2024-11-27 11:06:57 | Simulation update: decoder round 70623, completed instructions: 2501/21751, actively running or decoding instructions: 12, waiting windows: 23284/47526. Max active instruction index: 2498
2024-11-27 11:07:07 | Simulation update: decoder round 71248, completed instructions: 2553/21751, actively running or decoding instructions: 6, waiting windows: 23526/48016. Max active instruction index: 2548
2024-11-27 11:07:17 | Simulation update: decoder round 71880, completed instructions: 2592/21751, actively running or decoding instructions: 7, waiting windows: 23770/48518. Max active instruction index: 2588
2024-11-27 11:07:27 | Simulation update: decoder round 72515, completed instructions: 2643/21751, actively running or decoding instructions: 9, waiting windows: 24006/49016. Max active instruction index: 2640
2024-11-27 11:07:37 | Simulation update: decoder round 73154, completed instructions: 2683/21751, actively running or decoding instructions: 9, waiting windows: 24216/49490. Max active instruction index: 2682
2024-11-27 11:07:47 | Simulation update: decoder round 73795, completed instructions: 2735/21751, actively running or decoding instructions: 9, waiting windows: 24463/49987. Max active instruction index: 2734
2024-11-27 11:07:57 | Simulation update: decoder round 74442, completed instructions: 2789/21751, actively running or decoding instructions: 6, waiting windows: 24707/50492. Max active instruction index: 2792
2024-11-27 11:08:07 | Simulation update: decoder round 75093, completed instructions: 2832/21751, actively running or decoding instructions: 6, waiting windows: 24951/51014. Max active instruction index: 2830
2024-11-27 11:08:17 | Simulation update: decoder round 75748, completed instructions: 2879/21751, actively running or decoding instructions: 6, waiting windows: 25197/51538. Max active instruction index: 2878
2024-11-27 11:08:27 | Simulation update: decoder round 76409, completed instructions: 2945/21751, actively running or decoding instructions: 7, waiting windows: 25446/52054. Max active instruction index: 2944
2024-11-27 11:08:37 | Simulation update: decoder round 77076, completed instructions: 2992/21751, actively running or decoding instructions: 8, waiting windows: 25704/52580. Max active instruction index: 2994
2024-11-27 11:08:47 | Simulation update: decoder round 77747, completed instructions: 3035/21751, actively running or decoding instructions: 6, waiting windows: 25952/53110. Max active instruction index: 3046
2024-11-27 11:08:57 | Simulation update: decoder round 78418, completed instructions: 3092/21751, actively running or decoding instructions: 9, waiting windows: 26217/53650. Max active instruction index: 3098
2024-11-27 11:09:07 | Simulation update: decoder round 79092, completed instructions: 3135/21751, actively running or decoding instructions: 9, waiting windows: 26451/54159. Max active instruction index: 3157
2024-11-27 11:09:17 | Simulation update: decoder round 79772, completed instructions: 3199/21751, actively running or decoding instructions: 9, waiting windows: 26710/54701. Max active instruction index: 3198
2024-11-27 11:09:27 | Simulation update: decoder round 80455, completed instructions: 3241/21751, actively running or decoding instructions: 6, waiting windows: 26955/55228. Max active instruction index: 3245
2024-11-27 11:09:37 | Simulation update: decoder round 81145, completed instructions: 3296/21751, actively running or decoding instructions: 4, waiting windows: 27235/55788. Max active instruction index: 3294
2024-11-27 11:09:47 | Simulation update: decoder round 81842, completed instructions: 3349/21751, actively running or decoding instructions: 9, waiting windows: 27495/56338. Max active instruction index: 3350
2024-11-27 11:09:57 | Simulation update: decoder round 82543, completed instructions: 3404/21751, actively running or decoding instructions: 12, waiting windows: 27756/56892. Max active instruction index: 3396
2024-11-27 11:10:07 | Simulation update: decoder round 83248, completed instructions: 3436/21751, actively running or decoding instructions: 3, waiting windows: 28024/57446. Max active instruction index: 3434
2024-11-27 11:10:17 | Simulation update: decoder round 83882, completed instructions: 3492/21751, actively running or decoding instructions: 9, waiting windows: 28262/57938. Max active instruction index: 3507
2024-11-27 11:10:27 | Simulation update: decoder round 84594, completed instructions: 3543/21751, actively running or decoding instructions: 10, waiting windows: 28520/58487. Max active instruction index: 3563
2024-11-27 11:10:37 | Simulation update: decoder round 85310, completed instructions: 3599/21751, actively running or decoding instructions: 7, waiting windows: 28779/59033. Max active instruction index: 3594
2024-11-27 11:10:47 | Simulation update: decoder round 86032, completed instructions: 3643/21751, actively running or decoding instructions: 3, waiting windows: 29062/59610. Max active instruction index: 3638
2024-11-27 11:10:57 | Simulation update: decoder round 86763, completed instructions: 3710/21751, actively running or decoding instructions: 13, waiting windows: 29339/60186. Max active instruction index: 3720
2024-11-27 11:11:07 | Simulation update: decoder round 87496, completed instructions: 3746/21751, actively running or decoding instructions: 6, waiting windows: 29623/60774. Max active instruction index: 3768
2024-11-27 11:11:17 | Simulation update: decoder round 88238, completed instructions: 3809/21751, actively running or decoding instructions: 9, waiting windows: 29894/61339. Max active instruction index: 3832
2024-11-27 11:11:27 | Simulation update: decoder round 88986, completed instructions: 3849/21751, actively running or decoding instructions: 6, waiting windows: 30153/61900. Max active instruction index: 3901
2024-11-27 11:11:37 | Simulation update: decoder round 89739, completed instructions: 3903/21751, actively running or decoding instructions: 3, waiting windows: 30457/62497. Max active instruction index: 3944
2024-11-27 11:11:47 | Simulation update: decoder round 90501, completed instructions: 3955/21751, actively running or decoding instructions: 6, waiting windows: 30730/63095. Max active instruction index: 4006
2024-11-27 11:11:57 | Simulation update: decoder round 91265, completed instructions: 4017/21751, actively running or decoding instructions: 9, waiting windows: 31012/63677. Max active instruction index: 4092
2024-11-27 11:12:07 | Simulation update: decoder round 92038, completed instructions: 4070/21751, actively running or decoding instructions: 6, waiting windows: 31295/64271. Max active instruction index: 4144
2024-11-27 11:12:17 | Simulation update: decoder round 92814, completed instructions: 4121/21751, actively running or decoding instructions: 6, waiting windows: 31574/64878. Max active instruction index: 4204
2024-11-27 11:12:27 | Simulation update: decoder round 93599, completed instructions: 4177/21751, actively running or decoding instructions: 5, waiting windows: 31874/65482. Max active instruction index: 4264
2024-11-27 11:12:37 | Simulation update: decoder round 94383, completed instructions: 4230/21751, actively running or decoding instructions: 9, waiting windows: 32165/66086. Max active instruction index: 4316
2024-11-27 11:12:47 | Simulation update: decoder round 95179, completed instructions: 4294/21751, actively running or decoding instructions: 12, waiting windows: 32453/66696. Max active instruction index: 4398
2024-11-27 11:12:57 | Simulation update: decoder round 95979, completed instructions: 4368/21751, actively running or decoding instructions: 6, waiting windows: 32757/67323. Max active instruction index: 4450
2024-11-27 11:13:07 | Simulation update: decoder round 96785, completed instructions: 4429/21751, actively running or decoding instructions: 9, waiting windows: 33061/67955. Max active instruction index: 4524
2024-11-27 11:13:17 | Simulation update: decoder round 97599, completed instructions: 4501/21751, actively running or decoding instructions: 6, waiting windows: 33355/68593. Max active instruction index: 4580
2024-11-27 11:13:27 | Simulation update: decoder round 98428, completed instructions: 4553/21751, actively running or decoding instructions: 3, waiting windows: 33675/69255. Max active instruction index: 4632
2024-11-27 11:13:37 | Simulation update: decoder round 99260, completed instructions: 4613/21751, actively running or decoding instructions: 6, waiting windows: 33976/69886. Max active instruction index: 4684
2024-11-27 11:13:47 | Simulation update: decoder round 100100, completed instructions: 4658/21751, actively running or decoding instructions: 9, waiting windows: 34285/70532. Max active instruction index: 4748
2024-11-27 11:13:57 | Simulation update: decoder round 100949, completed instructions: 4735/21751, actively running or decoding instructions: 12, waiting windows: 34605/71202. Max active instruction index: 4830
2024-11-27 11:14:07 | Simulation update: decoder round 101808, completed instructions: 4794/21751, actively running or decoding instructions: 15, waiting windows: 34921/71862. Max active instruction index: 4884
2024-11-27 11:14:17 | Simulation update: decoder round 102659, completed instructions: 4868/21751, actively running or decoding instructions: 3, waiting windows: 35255/72551. Max active instruction index: 4918
2024-11-27 11:14:27 | Simulation update: decoder round 103428, completed instructions: 4907/21751, actively running or decoding instructions: 9, waiting windows: 35530/73139. Max active instruction index: 4933
2024-11-27 11:14:37 | Simulation update: decoder round 104203, completed instructions: 4960/21751, actively running or decoding instructions: 12, waiting windows: 35824/73742. Max active instruction index: 4953
2024-11-27 11:14:47 | Simulation update: decoder round 104983, completed instructions: 4988/21751, actively running or decoding instructions: 5, waiting windows: 36096/74318. Max active instruction index: 4981
2024-11-27 11:14:57 | Simulation update: decoder round 105769, completed instructions: 5012/21751, actively running or decoding instructions: 2, waiting windows: 36384/74901. Max active instruction index: 5005
2024-11-27 11:15:07 | Simulation update: decoder round 106558, completed instructions: 5048/21751, actively running or decoding instructions: 2, waiting windows: 36693/75508. Max active instruction index: 5041
2024-11-27 11:15:17 | Simulation update: decoder round 107351, completed instructions: 5076/21751, actively running or decoding instructions: 5, waiting windows: 36956/76088. Max active instruction index: 5069
2024-11-27 11:15:27 | Simulation update: decoder round 108149, completed instructions: 5104/21751, actively running or decoding instructions: 2, waiting windows: 37249/76687. Max active instruction index: 5097
2024-11-27 11:15:37 | Simulation update: decoder round 108957, completed instructions: 5149/21751, actively running or decoding instructions: 2, waiting windows: 37566/77309. Max active instruction index: 5141
2024-11-27 11:15:47 | Simulation update: decoder round 109678, completed instructions: 5184/21751, actively running or decoding instructions: 5, waiting windows: 37824/77850. Max active instruction index: 5177
2024-11-27 11:15:57 | Simulation update: decoder round 110488, completed instructions: 5220/21751, actively running or decoding instructions: 2, waiting windows: 38140/78481. Max active instruction index: 5213
2024-11-27 11:16:07 | Simulation update: decoder round 111308, completed instructions: 5252/21751, actively running or decoding instructions: 5, waiting windows: 38425/79084. Max active instruction index: 5245
2024-11-27 11:16:17 | Simulation update: decoder round 112126, completed instructions: 5284/21751, actively running or decoding instructions: 5, waiting windows: 38715/79687. Max active instruction index: 5277
2024-11-27 11:16:27 | Simulation update: decoder round 112947, completed instructions: 5308/21751, actively running or decoding instructions: 5, waiting windows: 39018/80291. Max active instruction index: 5301
2024-11-27 11:16:37 | Simulation update: decoder round 113777, completed instructions: 5356/21751, actively running or decoding instructions: 8, waiting windows: 39323/80914. Max active instruction index: 5349
2024-11-27 11:16:47 | Simulation update: decoder round 114615, completed instructions: 5389/21751, actively running or decoding instructions: 8, waiting windows: 39628/81539. Max active instruction index: 5381
2024-11-27 11:16:57 | Simulation update: decoder round 115457, completed instructions: 5428/21751, actively running or decoding instructions: 5, waiting windows: 39934/82170. Max active instruction index: 5421
2024-11-27 11:17:07 | Simulation update: decoder round 116302, completed instructions: 5456/21751, actively running or decoding instructions: 2, waiting windows: 40242/82814. Max active instruction index: 5449
2024-11-27 11:17:17 | Simulation update: decoder round 117158, completed instructions: 5496/21751, actively running or decoding instructions: 6, waiting windows: 40558/83459. Max active instruction index: 5500
2024-11-27 11:17:27 | Simulation update: decoder round 118011, completed instructions: 5525/21751, actively running or decoding instructions: 2, waiting windows: 40880/84109. Max active instruction index: 5525
2024-11-27 11:17:37 | Simulation update: decoder round 118871, completed instructions: 5564/21751, actively running or decoding instructions: 2, waiting windows: 41186/84749. Max active instruction index: 5564
2024-11-27 11:17:47 | Simulation update: decoder round 119739, completed instructions: 5608/21751, actively running or decoding instructions: 6, waiting windows: 41507/85395. Max active instruction index: 5601
2024-11-27 11:17:57 | Simulation update: decoder round 120606, completed instructions: 5657/21751, actively running or decoding instructions: 8, waiting windows: 41825/86059. Max active instruction index: 5649
2024-11-27 11:18:07 | Simulation update: decoder round 121479, completed instructions: 5692/21751, actively running or decoding instructions: 2, waiting windows: 42155/86718. Max active instruction index: 5685
2024-11-27 11:18:17 | Simulation update: decoder round 122360, completed instructions: 5725/21751, actively running or decoding instructions: 5, waiting windows: 42468/87384. Max active instruction index: 5728
2024-11-27 11:18:27 | Simulation update: decoder round 123247, completed instructions: 5764/21751, actively running or decoding instructions: 5, waiting windows: 42794/88044. Max active instruction index: 5757
2024-11-27 11:18:37 | Simulation update: decoder round 124133, completed instructions: 5789/21751, actively running or decoding instructions: 5, waiting windows: 43127/88710. Max active instruction index: 5781
2024-11-27 11:18:47 | Simulation update: decoder round 125027, completed instructions: 5832/21751, actively running or decoding instructions: 2, waiting windows: 43446/89380. Max active instruction index: 5832
2024-11-27 11:18:57 | Simulation update: decoder round 125925, completed instructions: 5872/21751, actively running or decoding instructions: 2, waiting windows: 43784/90064. Max active instruction index: 5872
2024-11-27 11:19:07 | Simulation update: decoder round 126830, completed instructions: 5916/21751, actively running or decoding instructions: 5, waiting windows: 44112/90737. Max active instruction index: 5909
2024-11-27 11:19:17 | Simulation update: decoder round 127744, completed instructions: 5944/21751, actively running or decoding instructions: 8, waiting windows: 44448/91415. Max active instruction index: 5937
2024-11-27 11:19:27 | Simulation update: decoder round 128659, completed instructions: 5976/21751, actively running or decoding instructions: 6, waiting windows: 44767/92083. Max active instruction index: 5980
2024-11-27 11:19:37 | Simulation update: decoder round 129576, completed instructions: 6012/21751, actively running or decoding instructions: 2, waiting windows: 45112/92788. Max active instruction index: 6005
2024-11-27 11:19:47 | Simulation update: decoder round 130508, completed instructions: 6060/21751, actively running or decoding instructions: 8, waiting windows: 45453/93479. Max active instruction index: 6053
2024-11-27 11:19:57 | Simulation update: decoder round 131444, completed instructions: 6097/21751, actively running or decoding instructions: 2, waiting windows: 45806/94187. Max active instruction index: 6097
2024-11-27 11:20:07 | Simulation update: decoder round 132387, completed instructions: 6148/21751, actively running or decoding instructions: 3, waiting windows: 46156/94903. Max active instruction index: 6141
2024-11-27 11:20:17 | Simulation update: decoder round 133335, completed instructions: 6180/21751, actively running or decoding instructions: 3, waiting windows: 46491/95601. Max active instruction index: 6173
2024-11-27 11:20:27 | Simulation update: decoder round 134286, completed instructions: 6224/21751, actively running or decoding instructions: 2, waiting windows: 46827/96306. Max active instruction index: 6217
2024-11-27 11:20:37 | Simulation update: decoder round 135244, completed instructions: 6265/21751, actively running or decoding instructions: 5, waiting windows: 47185/97026. Max active instruction index: 6257
2024-11-27 11:20:47 | Simulation update: decoder round 136209, completed instructions: 6300/21751, actively running or decoding instructions: 2, waiting windows: 47540/97760. Max active instruction index: 6293
2024-11-27 11:20:57 | Simulation update: decoder round 137171, completed instructions: 6360/21751, actively running or decoding instructions: 6, waiting windows: 47918/98547. Max active instruction index: 6353
2024-11-27 11:21:07 | Simulation update: decoder round 138147, completed instructions: 6405/21751, actively running or decoding instructions: 5, waiting windows: 48308/99328. Max active instruction index: 6397
2024-11-27 11:21:17 | Simulation update: decoder round 139022, completed instructions: 6428/21751, actively running or decoding instructions: 3, waiting windows: 48640/100021. Max active instruction index: 6421
2024-11-27 11:21:27 | Simulation update: decoder round 140014, completed instructions: 6476/21751, actively running or decoding instructions: 8, waiting windows: 49034/100803. Max active instruction index: 6469
2024-11-27 11:21:37 | Simulation update: decoder round 141013, completed instructions: 6516/21751, actively running or decoding instructions: 2, waiting windows: 49414/101598. Max active instruction index: 6509
2024-11-27 11:21:47 | Simulation update: decoder round 142020, completed instructions: 6560/21751, actively running or decoding instructions: 5, waiting windows: 49802/102394. Max active instruction index: 6553
2024-11-27 11:21:57 | Simulation update: decoder round 143030, completed instructions: 6604/21751, actively running or decoding instructions: 5, waiting windows: 50191/103193. Max active instruction index: 6597
2024-11-27 11:22:07 | Simulation update: decoder round 144058, completed instructions: 6637/21751, actively running or decoding instructions: 2, waiting windows: 50588/104005. Max active instruction index: 6637
2024-11-27 11:22:17 | Simulation update: decoder round 145093, completed instructions: 6672/21751, actively running or decoding instructions: 2, waiting windows: 51005/104839. Max active instruction index: 6665
2024-11-27 11:22:27 | Simulation update: decoder round 146133, completed instructions: 6716/21751, actively running or decoding instructions: 2, waiting windows: 51399/105658. Max active instruction index: 6716
2024-11-27 11:22:37 | Simulation update: decoder round 147177, completed instructions: 6761/21751, actively running or decoding instructions: 5, waiting windows: 51817/106492. Max active instruction index: 6753
2024-11-27 11:22:47 | Simulation update: decoder round 148232, completed instructions: 6796/21751, actively running or decoding instructions: 2, waiting windows: 52226/107341. Max active instruction index: 6789
2024-11-27 11:22:57 | Simulation update: decoder round 149297, completed instructions: 6840/21751, actively running or decoding instructions: 8, waiting windows: 52650/108190. Max active instruction index: 6833
2024-11-27 11:23:07 | Simulation update: decoder round 150375, completed instructions: 6884/21751, actively running or decoding instructions: 2, waiting windows: 53069/109049. Max active instruction index: 6877
2024-11-27 11:23:17 | Simulation update: decoder round 151456, completed instructions: 6936/21751, actively running or decoding instructions: 2, waiting windows: 53510/109942. Max active instruction index: 6929
2024-11-27 11:23:27 | Simulation update: decoder round 152559, completed instructions: 6984/21751, actively running or decoding instructions: 5, waiting windows: 53926/110806. Max active instruction index: 6977
2024-11-27 11:23:37 | Simulation update: decoder round 153664, completed instructions: 7024/21751, actively running or decoding instructions: 2, waiting windows: 54373/111707. Max active instruction index: 7017
2024-11-27 11:23:47 | Simulation update: decoder round 154778, completed instructions: 7076/21751, actively running or decoding instructions: 2, waiting windows: 54813/112604. Max active instruction index: 7069
2024-11-27 11:23:57 | Simulation update: decoder round 155916, completed instructions: 7120/21751, actively running or decoding instructions: 5, waiting windows: 55251/113498. Max active instruction index: 7113
2024-11-27 11:24:07 | Simulation update: decoder round 157061, completed instructions: 7148/21751, actively running or decoding instructions: 8, waiting windows: 55683/114395. Max active instruction index: 7141
2024-11-27 11:24:17 | Simulation update: decoder round 158214, completed instructions: 7192/21751, actively running or decoding instructions: 8, waiting windows: 56144/115317. Max active instruction index: 7185
2024-11-27 11:24:27 | Simulation update: decoder round 159369, completed instructions: 7244/21751, actively running or decoding instructions: 5, waiting windows: 56599/116254. Max active instruction index: 7237
2024-11-27 11:24:37 | Simulation update: decoder round 160546, completed instructions: 7288/21751, actively running or decoding instructions: 5, waiting windows: 57060/117190. Max active instruction index: 7281
2024-11-27 11:24:47 | Simulation update: decoder round 161725, completed instructions: 7317/21751, actively running or decoding instructions: 2, waiting windows: 57519/118118. Max active instruction index: 7309
2024-11-27 11:24:57 | Simulation update: decoder round 162915, completed instructions: 7360/21751, actively running or decoding instructions: 2, waiting windows: 57961/119050. Max active instruction index: 7353
2024-11-27 11:25:07 | Simulation update: decoder round 164115, completed instructions: 7416/21751, actively running or decoding instructions: 5, waiting windows: 58423/119998. Max active instruction index: 7409
2024-11-27 11:25:17 | Simulation update: decoder round 165318, completed instructions: 7465/21751, actively running or decoding instructions: 8, waiting windows: 58906/120962. Max active instruction index: 7457
2024-11-27 11:25:27 | Simulation update: decoder round 166384, completed instructions: 7520/21751, actively running or decoding instructions: 2, waiting windows: 59329/121833. Max active instruction index: 7513
2024-11-27 11:25:37 | Simulation update: decoder round 167621, completed instructions: 7564/21751, actively running or decoding instructions: 8, waiting windows: 59798/122804. Max active instruction index: 7557
2024-11-27 11:25:47 | Simulation update: decoder round 168876, completed instructions: 7616/21751, actively running or decoding instructions: 2, waiting windows: 60300/123820. Max active instruction index: 7609
2024-11-27 11:25:57 | Simulation update: decoder round 170147, completed instructions: 7677/21751, actively running or decoding instructions: 5, waiting windows: 60803/124846. Max active instruction index: 7669
2024-11-27 11:26:07 | Simulation update: decoder round 171439, completed instructions: 7735/21751, actively running or decoding instructions: 9, waiting windows: 61304/125873. Max active instruction index: 7740
2024-11-27 11:26:17 | Simulation update: decoder round 172750, completed instructions: 7793/21751, actively running or decoding instructions: 3, waiting windows: 61811/126927. Max active instruction index: 7786
2024-11-27 11:26:27 | Simulation update: decoder round 174078, completed instructions: 7853/21751, actively running or decoding instructions: 2, waiting windows: 62327/127981. Max active instruction index: 7846
2024-11-27 11:26:37 | Simulation update: decoder round 175423, completed instructions: 7909/21751, actively running or decoding instructions: 5, waiting windows: 62848/129051. Max active instruction index: 7902
2024-11-27 11:26:47 | Simulation update: decoder round 176789, completed instructions: 7981/21751, actively running or decoding instructions: 5, waiting windows: 63383/130146. Max active instruction index: 7974
2024-11-27 11:26:57 | Simulation update: decoder round 178173, completed instructions: 8030/21751, actively running or decoding instructions: 2, waiting windows: 63942/131265. Max active instruction index: 8022
2024-11-27 11:27:07 | Simulation update: decoder round 179569, completed instructions: 8089/21751, actively running or decoding instructions: 5, waiting windows: 64482/132392. Max active instruction index: 8082
2024-11-27 11:27:17 | Simulation update: decoder round 180988, completed instructions: 8150/21751, actively running or decoding instructions: 2, waiting windows: 65045/133540. Max active instruction index: 8150
2024-11-27 11:27:27 | Simulation update: decoder round 182435, completed instructions: 8214/21751, actively running or decoding instructions: 2, waiting windows: 65610/134697. Max active instruction index: 8206
2024-11-27 11:27:37 | Simulation update: decoder round 183908, completed instructions: 8270/21751, actively running or decoding instructions: 2, waiting windows: 66193/135878. Max active instruction index: 8262
2024-11-27 11:27:47 | Simulation update: decoder round 185427, completed instructions: 8342/21751, actively running or decoding instructions: 8, waiting windows: 66778/137081. Max active instruction index: 8334
2024-11-27 11:27:57 | Simulation update: decoder round 186961, completed instructions: 8393/21751, actively running or decoding instructions: 2, waiting windows: 67365/138306. Max active instruction index: 8386
2024-11-27 11:28:07 | Simulation update: decoder round 188532, completed instructions: 8453/21751, actively running or decoding instructions: 2, waiting windows: 67976/139548. Max active instruction index: 8446
2024-11-27 11:28:17 | Simulation update: decoder round 190124, completed instructions: 8513/21751, actively running or decoding instructions: 2, waiting windows: 68615/140836. Max active instruction index: 8506
2024-11-27 11:28:27 | Simulation update: decoder round 191749, completed instructions: 8569/21751, actively running or decoding instructions: 3, waiting windows: 69228/142107. Max active instruction index: 8562
2024-11-27 11:28:38 | Simulation update: decoder round 193382, completed instructions: 8646/21751, actively running or decoding instructions: 5, waiting windows: 69882/143420. Max active instruction index: 8638
2024-11-27 11:28:48 | Simulation update: decoder round 195054, completed instructions: 8702/21751, actively running or decoding instructions: 3, waiting windows: 70532/144754. Max active instruction index: 8694
2024-11-27 11:28:58 | Simulation update: decoder round 196781, completed instructions: 8769/21751, actively running or decoding instructions: 3, waiting windows: 71194/146123. Max active instruction index: 8762
2024-11-27 11:29:08 | Simulation update: decoder round 198543, completed instructions: 8849/21751, actively running or decoding instructions: 2, waiting windows: 71894/147548. Max active instruction index: 8842
2024-11-27 11:29:18 | Simulation update: decoder round 200363, completed instructions: 8914/21751, actively running or decoding instructions: 4, waiting windows: 72608/148982. Max active instruction index: 8915
2024-11-27 11:29:28 | Simulation update: decoder round 202233, completed instructions: 9005/21751, actively running or decoding instructions: 2, waiting windows: 73326/150468. Max active instruction index: 8998
2024-11-27 11:29:38 | Simulation update: decoder round 204148, completed instructions: 9074/21751, actively running or decoding instructions: 5, waiting windows: 74079/152005. Max active instruction index: 9077
2024-11-27 11:29:48 | Simulation update: decoder round 206063, completed instructions: 9352/21751, actively running or decoding instructions: 25, waiting windows: 74891/153750. Max active instruction index: 9449
2024-11-27 11:29:58 | Simulation update: decoder round 208249, completed instructions: 9680/21751, actively running or decoding instructions: 11, waiting windows: 75898/155906. Max active instruction index: 9681
2024-11-27 11:30:08 | Simulation update: decoder round 210807, completed instructions: 10039/21751, actively running or decoding instructions: 23, waiting windows: 77047/158364. Max active instruction index: 10061
2024-11-27 11:30:18 | Simulation update: decoder round 213312, completed instructions: 10482/21751, actively running or decoding instructions: 25, waiting windows: 78174/160832. Max active instruction index: 10497
2024-11-27 11:30:28 | Simulation update: decoder round 214922, completed instructions: 10751/21751, actively running or decoding instructions: 21, waiting windows: 78868/162402. Max active instruction index: 10749
2024-11-27 11:30:38 | Simulation update: decoder round 216704, completed instructions: 11077/21751, actively running or decoding instructions: 16, waiting windows: 79676/164181. Max active instruction index: 11084
2024-11-27 11:30:48 | Simulation update: decoder round 218775, completed instructions: 11473/21751, actively running or decoding instructions: 19, waiting windows: 80616/166228. Max active instruction index: 11494
2024-11-27 11:30:58 | Simulation update: decoder round 221299, completed instructions: 11917/21751, actively running or decoding instructions: 20, waiting windows: 81759/168722. Max active instruction index: 12015
2024-11-27 11:31:09 | Simulation update: decoder round 224348, completed instructions: 12498/21751, actively running or decoding instructions: 27, waiting windows: 83081/171647. Max active instruction index: 12806
2024-11-27 11:31:19 | Simulation update: decoder round 229769, completed instructions: 13302/21751, actively running or decoding instructions: 20, waiting windows: 84920/175791. Max active instruction index: 13422
2024-11-27 11:31:29 | Simulation update: decoder round 244946, completed instructions: 15197/21751, actively running or decoding instructions: 13, waiting windows: 87196/181293. Max active instruction index: 15233
2024-11-27 11:31:39 | Simulation update: decoder round 278479, completed instructions: 18032/21751, actively running or decoding instructions: 12, waiting windows: 89645/187467. Max active instruction index: 18013
2024-11-27 11:31:49 | Simulation update: decoder round 336961, completed instructions: 20750/21751, actively running or decoding instructions: 5, waiting windows: 91815/192987. Max active instruction index: 20734
2024-11-27 11:31:53 | Finished simulation
2024-11-27 11:31:53 | Finished saving output. Done! Total elapsed time: 1:26:22.303872
