CONFIG 644
benchmark_file: slurm/data/20241127_100432/benchmarks/rz_seq_10_1e-10.lss
decoder_latency_or_dist_filename: slurm/data/20241127_100432/decoder_dists.json
distance: 21
lightweight_setting: 2
max_parallel_processes: predict
missed_speculation_modifier: 1.4
poison_policy: successors
rng: 8
scheduling_method: parallel
speculation_accuracy: 0.9
speculation_latency: 1
speculation_mode: separate
2024-11-27 10:05:31 | Loading benchmark slurm/data/20241127_100432/benchmarks/rz_seq_10_1e-10.lss...
2024-11-27 10:05:32 | Starting simulation
PREDICTION STEP BEGIN---------------------------------
Predicted max parallel processes: 15

PREDICTION STEP END-----------------------------------

2024-11-27 10:06:14 | Simulation update: decoder round 1, completed instructions: 0/10045, actively running or decoding instructions: 1, waiting windows: 0/0. Max active instruction index: 0
2024-11-27 10:06:24 | Simulation update: decoder round 73255, completed instructions: 2292/10045, actively running or decoding instructions: 5, waiting windows: 2220/5322. Max active instruction index: 2289
2024-11-27 10:06:34 | Simulation update: decoder round 146822, completed instructions: 4496/10045, actively running or decoding instructions: 2, waiting windows: 4454/10655. Max active instruction index: 4493
2024-11-27 10:06:44 | Simulation update: decoder round 220745, completed instructions: 6677/10045, actively running or decoding instructions: 2, waiting windows: 6650/15923. Max active instruction index: 6677
2024-11-27 10:06:54 | Simulation update: decoder round 292287, completed instructions: 8753/10045, actively running or decoding instructions: 5, waiting windows: 8804/21082. Max active instruction index: 8756
2024-11-27 10:07:00 | Finished simulation
2024-11-27 10:07:00 | Finished saving output. Done! Total elapsed time: 0:01:29.063526
