CONFIG 780
benchmark_file: slurm/data/20241127_100432/benchmarks/rz_seq_10_1e-10.lss
decoder_latency_or_dist_filename: slurm/data/20241127_100432/decoder_dists.json
distance: 21
lightweight_setting: 2
max_parallel_processes: None
missed_speculation_modifier: 1.4
poison_policy: successors
rng: 2
scheduling_method: aligned
speculation_accuracy: 0.9
speculation_latency: 1
speculation_mode: separate
2024-11-27 10:05:31 | Loading benchmark slurm/data/20241127_100432/benchmarks/rz_seq_10_1e-10.lss...
2024-11-27 10:05:32 | Starting simulation
2024-11-27 10:05:33 | Simulation update: decoder round 1, completed instructions: 0/10045, actively running or decoding instructions: 1, waiting windows: 0/0. Max active instruction index: 0
2024-11-27 10:05:43 | Simulation update: decoder round 71857, completed instructions: 2432/10045, actively running or decoding instructions: 4, waiting windows: 2025/5287. Max active instruction index: 2429
2024-11-27 10:05:53 | Simulation update: decoder round 143755, completed instructions: 4896/10045, actively running or decoding instructions: 2, waiting windows: 4063/10653. Max active instruction index: 4893
2024-11-27 10:06:03 | Simulation update: decoder round 214418, completed instructions: 7277/10045, actively running or decoding instructions: 5, waiting windows: 6048/15880. Max active instruction index: 7273
2024-11-27 10:06:13 | Simulation update: decoder round 286405, completed instructions: 9693/10045, actively running or decoding instructions: 5, waiting windows: 8093/21207. Max active instruction index: 9689
2024-11-27 10:06:15 | Finished simulation
2024-11-27 10:06:15 | Finished saving output. Done! Total elapsed time: 0:00:43.867393
