CONFIG 865
benchmark_file: slurm/data/20241127_100432/benchmarks/adder_n18.lss
decoder_latency_or_dist_filename: slurm/data/20241127_100432/decoder_dists.json
distance: 21
lightweight_setting: 2
max_parallel_processes: predict
missed_speculation_modifier: 1.4
poison_policy: successors
rng: 4
scheduling_method: aligned
speculation_accuracy: 0.9
speculation_latency: 1
speculation_mode: separate
2024-11-27 22:04:55 | Loading benchmark slurm/data/20241127_100432/benchmarks/adder_n18.lss...
2024-11-27 22:04:55 | Starting simulation
PREDICTION STEP BEGIN---------------------------------
Predicted max parallel processes: 153

PREDICTION STEP END-----------------------------------

2024-11-27 22:05:35 | Simulation update: decoder round 1, completed instructions: 0/2338, actively running or decoding instructions: 3, waiting windows: 0/0. Max active instruction index: 18
2024-11-27 22:05:45 | Simulation update: decoder round 2887, completed instructions: 418/2338, actively running or decoding instructions: 12, waiting windows: 1379/2768. Max active instruction index: 625
2024-11-27 22:05:55 | Simulation update: decoder round 6121, completed instructions: 621/2338, actively running or decoding instructions: 6, waiting windows: 2841/5841. Max active instruction index: 614
2024-11-27 22:06:05 | Simulation update: decoder round 8818, completed instructions: 1031/2338, actively running or decoding instructions: 10, waiting windows: 4055/8500. Max active instruction index: 1084
2024-11-27 22:06:15 | Simulation update: decoder round 12680, completed instructions: 1688/2338, actively running or decoding instructions: 13, waiting windows: 5446/11720. Max active instruction index: 1675
2024-11-27 22:06:22 | Finished simulation
2024-11-27 22:06:22 | Finished saving output. Done! Total elapsed time: 0:01:27.208121
