CONFIG 934
benchmark_file: slurm/data/20241127_100432/benchmarks/adder_n28.lss
decoder_latency_or_dist_filename: slurm/data/20241127_100432/decoder_dists.json
distance: 21
lightweight_setting: 2
max_parallel_processes: predict
missed_speculation_modifier: 1.4
poison_policy: successors
rng: 6
scheduling_method: aligned
speculation_accuracy: 0.9
speculation_latency: 1
speculation_mode: separate
2024-11-27 22:04:56 | Loading benchmark slurm/data/20241127_100432/benchmarks/adder_n28.lss...
2024-11-27 22:04:56 | Starting simulation
PREDICTION STEP BEGIN---------------------------------
Predicted max parallel processes: 181

PREDICTION STEP END-----------------------------------

2024-11-27 22:06:05 | Simulation update: decoder round 1, completed instructions: 0/3343, actively running or decoding instructions: 7, waiting windows: 0/0. Max active instruction index: 30
2024-11-27 22:06:15 | Simulation update: decoder round 1878, completed instructions: 271/3343, actively running or decoding instructions: 10, waiting windows: 1407/2643. Max active instruction index: 272
2024-11-27 22:06:25 | Simulation update: decoder round 3855, completed instructions: 465/3343, actively running or decoding instructions: 14, waiting windows: 2679/5309. Max active instruction index: 468
2024-11-27 22:06:35 | Simulation update: decoder round 5911, completed instructions: 665/3343, actively running or decoding instructions: 9, waiting windows: 4037/8091. Max active instruction index: 653
2024-11-27 22:06:45 | Simulation update: decoder round 7999, completed instructions: 1009/3343, actively running or decoding instructions: 13, waiting windows: 5405/11051. Max active instruction index: 1065
2024-11-27 22:06:55 | Simulation update: decoder round 10465, completed instructions: 1401/3343, actively running or decoding instructions: 26, waiting windows: 6888/14218. Max active instruction index: 1414
2024-11-27 22:07:05 | Simulation update: decoder round 13341, completed instructions: 1858/3343, actively running or decoding instructions: 15, waiting windows: 8367/17494. Max active instruction index: 1843
2024-11-27 22:07:15 | Simulation update: decoder round 16683, completed instructions: 2533/3343, actively running or decoding instructions: 23, waiting windows: 9764/20656. Max active instruction index: 2563
2024-11-27 22:07:23 | Finished simulation
2024-11-27 22:07:23 | Finished saving output. Done! Total elapsed time: 0:02:27.186902
