CONFIG 998
benchmark_file: slurm/data/20241127_100432/benchmarks/adder_n28.lss
decoder_latency_or_dist_filename: slurm/data/20241127_100432/decoder_dists.json
distance: 21
lightweight_setting: 2
max_parallel_processes: predict
missed_speculation_modifier: 1.4
poison_policy: successors
rng: 8
scheduling_method: aligned
speculation_accuracy: 0.9
speculation_latency: 1
speculation_mode: separate
2024-11-27 22:05:02 | Loading benchmark slurm/data/20241127_100432/benchmarks/adder_n28.lss...
2024-11-27 22:05:02 | Starting simulation
PREDICTION STEP BEGIN---------------------------------
Predicted max parallel processes: 174

PREDICTION STEP END-----------------------------------

2024-11-27 22:06:08 | Simulation update: decoder round 1, completed instructions: 0/3343, actively running or decoding instructions: 7, waiting windows: 0/0. Max active instruction index: 30
2024-11-27 22:06:18 | Simulation update: decoder round 1887, completed instructions: 279/3343, actively running or decoding instructions: 8, waiting windows: 1406/2659. Max active instruction index: 272
2024-11-27 22:06:28 | Simulation update: decoder round 3909, completed instructions: 465/3343, actively running or decoding instructions: 9, waiting windows: 2729/5395. Max active instruction index: 468
2024-11-27 22:06:38 | Simulation update: decoder round 5914, completed instructions: 801/3343, actively running or decoding instructions: 21, waiting windows: 4110/8262. Max active instruction index: 863
2024-11-27 22:06:48 | Simulation update: decoder round 8083, completed instructions: 1141/3343, actively running or decoding instructions: 11, waiting windows: 5472/11283. Max active instruction index: 1134
2024-11-27 22:06:58 | Simulation update: decoder round 10789, completed instructions: 1534/3343, actively running or decoding instructions: 16, waiting windows: 7045/14615. Max active instruction index: 1552
2024-11-27 22:07:08 | Simulation update: decoder round 13712, completed instructions: 2040/3343, actively running or decoding instructions: 10, waiting windows: 8444/17761. Max active instruction index: 2048
2024-11-27 22:07:18 | Simulation update: decoder round 17896, completed instructions: 2805/3343, actively running or decoding instructions: 9, waiting windows: 9977/21286. Max active instruction index: 2791
2024-11-27 22:07:24 | Finished simulation
2024-11-27 22:07:24 | Finished saving output. Done! Total elapsed time: 0:02:22.471251
