CONFIG 108
benchmark_file: slurm/data/20241111_145046/benchmarks/random_t_1000_200_0.lss
decoder_latency_or_dist_filename: lambda volume: volume*5.994842503189409
distance: 21
lightweight_setting: 1
max_parallel_processes: None
poison_policy: successors
rng: 0
scheduling_method: parallel
speculation_accuracy: 0.30000000000000004
speculation_latency: 1
speculation_mode: separate
2024-11-11 14:52:00 | Loading benchmark slurm/data/20241111_145046/benchmarks/random_t_1000_200_0.lss...
2024-11-11 14:52:01 | Starting simulation
2024-11-11 14:52:01 | Simulation update: decoder round 1, completed instructions: 0/4997, actively running or decoding instructions: 1, waiting windows: 0/0. Max active instruction index: 0
2024-11-11 14:52:11 | Simulation update: decoder round 59808, completed instructions: 364/4997, actively running or decoding instructions: 2, waiting windows: 1612/3265. Max active instruction index: 364
2024-11-11 14:52:21 | Simulation update: decoder round 121098, completed instructions: 753/4997, actively running or decoding instructions: 4, waiting windows: 3202/6515. Max active instruction index: 751
2024-11-11 14:52:31 | Simulation update: decoder round 182981, completed instructions: 1134/4997, actively running or decoding instructions: 2, waiting windows: 4794/9752. Max active instruction index: 1131
2024-11-11 14:52:41 | Simulation update: decoder round 242980, completed instructions: 1504/4997, actively running or decoding instructions: 4, waiting windows: 6373/12989. Max active instruction index: 1501
2024-11-11 14:52:51 | Simulation update: decoder round 303920, completed instructions: 1888/4997, actively running or decoding instructions: 3, waiting windows: 7945/16215. Max active instruction index: 1886
2024-11-11 14:53:01 | Simulation update: decoder round 365671, completed instructions: 2269/4997, actively running or decoding instructions: 5, waiting windows: 9519/19423. Max active instruction index: 2266
2024-11-11 14:53:11 | Simulation update: decoder round 426827, completed instructions: 2638/4997, actively running or decoding instructions: 4, waiting windows: 11083/22631. Max active instruction index: 2636
2024-11-11 14:53:21 | Simulation update: decoder round 487395, completed instructions: 3011/4997, actively running or decoding instructions: 3, waiting windows: 12651/25839. Max active instruction index: 3009
2024-11-11 14:53:31 | Simulation update: decoder round 549825, completed instructions: 3402/4997, actively running or decoding instructions: 3, waiting windows: 14223/29038. Max active instruction index: 3399
2024-11-11 14:53:41 | Simulation update: decoder round 611536, completed instructions: 3791/4997, actively running or decoding instructions: 3, waiting windows: 15772/32229. Max active instruction index: 3789
2024-11-11 14:53:51 | Simulation update: decoder round 673433, completed instructions: 4160/4997, actively running or decoding instructions: 4, waiting windows: 17344/35451. Max active instruction index: 4158
2024-11-11 14:54:01 | Simulation update: decoder round 736514, completed instructions: 4535/4997, actively running or decoding instructions: 4, waiting windows: 18895/38622. Max active instruction index: 4533
2024-11-11 14:54:11 | Simulation update: decoder round 797802, completed instructions: 4900/4997, actively running or decoding instructions: 3, waiting windows: 20448/41794. Max active instruction index: 4898
2024-11-11 14:54:14 | Finished simulation
2024-11-11 14:54:15 | Finished saving output. Done! Total elapsed time: 0:02:14.842161
