CONFIG 328
benchmark_file: slurm/data/20241111_145046/benchmarks/random_t_1000_200_0.lss
decoder_latency_or_dist_filename: lambda volume: volume*5.994842503189409
distance: 21
lightweight_setting: 1
max_parallel_processes: None
poison_policy: successors
rng: 0
scheduling_method: aligned
speculation_accuracy: 1.0
speculation_latency: 1
speculation_mode: separate
2024-11-11 14:52:18 | Loading benchmark slurm/data/20241111_145046/benchmarks/random_t_1000_200_0.lss...
2024-11-11 14:52:18 | Starting simulation
2024-11-11 14:52:19 | Simulation update: decoder round 1, completed instructions: 0/4997, actively running or decoding instructions: 1, waiting windows: 0/0. Max active instruction index: 0
2024-11-11 14:52:29 | Simulation update: decoder round 67046, completed instructions: 693/4997, actively running or decoding instructions: 4, waiting windows: 1711/3663. Max active instruction index: 691
2024-11-11 14:52:39 | Simulation update: decoder round 135526, completed instructions: 1409/4997, actively running or decoding instructions: 3, waiting windows: 3385/7293. Max active instruction index: 1409
2024-11-11 14:52:49 | Simulation update: decoder round 202935, completed instructions: 2108/4997, actively running or decoding instructions: 4, waiting windows: 5071/10926. Max active instruction index: 2106
2024-11-11 14:52:59 | Simulation update: decoder round 270953, completed instructions: 2821/4997, actively running or decoding instructions: 3, waiting windows: 6756/14576. Max active instruction index: 2819
2024-11-11 14:53:09 | Simulation update: decoder round 338916, completed instructions: 3536/4997, actively running or decoding instructions: 4, waiting windows: 8416/18179. Max active instruction index: 3534
2024-11-11 14:53:19 | Simulation update: decoder round 407123, completed instructions: 4260/4997, actively running or decoding instructions: 4, waiting windows: 10079/21772. Max active instruction index: 4258
2024-11-11 14:53:29 | Simulation update: decoder round 475318, completed instructions: 4985/4997, actively running or decoding instructions: 3, waiting windows: 11698/25323. Max active instruction index: 4983
2024-11-11 14:53:29 | Finished simulation
2024-11-11 14:53:30 | Finished saving output. Done! Total elapsed time: 0:01:11.773491
