CONFIG 38
benchmark_file: slurm/data/20241111_145046/benchmarks/random_t_1000_200_0.lss
decoder_latency_or_dist_filename: lambda volume: volume*5.994842503189409
distance: 21
lightweight_setting: 1
max_parallel_processes: None
poison_policy: successors
rng: 0
scheduling_method: sliding
speculation_accuracy: 0.1
speculation_latency: 1
speculation_mode: separate
2024-11-11 14:51:17 | Loading benchmark slurm/data/20241111_145046/benchmarks/random_t_1000_200_0.lss...
2024-11-11 14:51:17 | Starting simulation
2024-11-11 14:51:17 | Simulation update: decoder round 1, completed instructions: 0/4997, actively running or decoding instructions: 1, waiting windows: 0/0. Max active instruction index: 0
2024-11-11 14:51:27 | Simulation update: decoder round 3803, completed instructions: 9/4997, actively running or decoding instructions: 4, waiting windows: 122/184. Max active instruction index: 7
2024-11-11 14:51:37 | Simulation update: decoder round 4829, completed instructions: 9/4997, actively running or decoding instructions: 4, waiting windows: 162/233. Max active instruction index: 7
2024-11-11 14:51:47 | Simulation update: decoder round 5549, completed instructions: 9/4997, actively running or decoding instructions: 4, waiting windows: 169/267. Max active instruction index: 7
2024-11-11 14:51:57 | Simulation update: decoder round 6115, completed instructions: 9/4997, actively running or decoding instructions: 4, waiting windows: 195/294. Max active instruction index: 7
2024-11-11 14:52:07 | Simulation update: decoder round 6593, completed instructions: 9/4997, actively running or decoding instructions: 4, waiting windows: 215/317. Max active instruction index: 7
2024-11-11 14:52:17 | Simulation update: decoder round 6983, completed instructions: 9/4997, actively running or decoding instructions: 4, waiting windows: 233/335. Max active instruction index: 7
2024-11-11 14:52:27 | Simulation update: decoder round 7338, completed instructions: 9/4997, actively running or decoding instructions: 4, waiting windows: 248/352. Max active instruction index: 7
2024-11-11 14:52:37 | Simulation update: decoder round 7659, completed instructions: 9/4997, actively running or decoding instructions: 4, waiting windows: 260/367. Max active instruction index: 7
2024-11-11 14:52:47 | Simulation update: decoder round 7943, completed instructions: 9/4997, actively running or decoding instructions: 4, waiting windows: 278/381. Max active instruction index: 7
2024-11-11 14:52:57 | Simulation update: decoder round 8208, completed instructions: 9/4997, actively running or decoding instructions: 4, waiting windows: 288/394. Max active instruction index: 7
2024-11-11 14:53:07 | Simulation update: decoder round 8459, completed instructions: 9/4997, actively running or decoding instructions: 4, waiting windows: 289/405. Max active instruction index: 7
2024-11-11 14:53:17 | Simulation update: decoder round 8697, completed instructions: 9/4997, actively running or decoding instructions: 4, waiting windows: 296/417. Max active instruction index: 7
2024-11-11 14:53:27 | Simulation update: decoder round 8927, completed instructions: 9/4997, actively running or decoding instructions: 4, waiting windows: 295/428. Max active instruction index: 7
2024-11-11 14:53:37 | Simulation update: decoder round 9143, completed instructions: 9/4997, actively running or decoding instructions: 4, waiting windows: 304/438. Max active instruction index: 7
2024-11-11 14:53:47 | Simulation update: decoder round 9351, completed instructions: 9/4997, actively running or decoding instructions: 4, waiting windows: 319/448. Max active instruction index: 7
2024-11-11 14:53:57 | Simulation update: decoder round 9551, completed instructions: 9/4997, actively running or decoding instructions: 4, waiting windows: 325/457. Max active instruction index: 7
2024-11-11 14:54:07 | Simulation update: decoder round 9743, completed instructions: 9/4997, actively running or decoding instructions: 4, waiting windows: 334/467. Max active instruction index: 7
2024-11-11 14:54:17 | Simulation update: decoder round 9923, completed instructions: 9/4997, actively running or decoding instructions: 4, waiting windows: 346/475. Max active instruction index: 7
2024-11-11 14:54:28 | Simulation update: decoder round 10102, completed instructions: 9/4997, actively running or decoding instructions: 4, waiting windows: 342/484. Max active instruction index: 7
2024-11-11 14:54:38 | Simulation update: decoder round 10275, completed instructions: 9/4997, actively running or decoding instructions: 4, waiting windows: 350/492. Max active instruction index: 7
2024-11-11 14:54:48 | Simulation update: decoder round 10439, completed instructions: 9/4997, actively running or decoding instructions: 4, waiting windows: 355/500. Max active instruction index: 7
2024-11-11 14:54:58 | Simulation update: decoder round 10595, completed instructions: 9/4997, actively running or decoding instructions: 4, waiting windows: 362/507. Max active instruction index: 7
2024-11-11 14:55:08 | Simulation update: decoder round 10755, completed instructions: 9/4997, actively running or decoding instructions: 4, waiting windows: 351/515. Max active instruction index: 7
2024-11-11 14:55:18 | Simulation update: decoder round 10918, completed instructions: 9/4997, actively running or decoding instructions: 4, waiting windows: 361/523. Max active instruction index: 7
2024-11-11 14:55:28 | Simulation update: decoder round 11071, completed instructions: 9/4997, actively running or decoding instructions: 4, waiting windows: 385/530. Max active instruction index: 7
2024-11-11 14:55:38 | Simulation update: decoder round 11215, completed instructions: 9/4997, actively running or decoding instructions: 4, waiting windows: 395/537. Max active instruction index: 7
2024-11-11 14:55:48 | Simulation update: decoder round 11353, completed instructions: 9/4997, actively running or decoding instructions: 4, waiting windows: 400/543. Max active instruction index: 7
2024-11-11 14:55:58 | Simulation update: decoder round 11488, completed instructions: 9/4997, actively running or decoding instructions: 4, waiting windows: 402/550. Max active instruction index: 7
2024-11-11 14:56:08 | Simulation update: decoder round 11621, completed instructions: 9/4997, actively running or decoding instructions: 4, waiting windows: 403/556. Max active instruction index: 7
2024-11-11 14:56:18 | Simulation update: decoder round 11747, completed instructions: 9/4997, actively running or decoding instructions: 4, waiting windows: 420/562. Max active instruction index: 7
2024-11-11 14:56:28 | Simulation update: decoder round 11868, completed instructions: 9/4997, actively running or decoding instructions: 4, waiting windows: 422/568. Max active instruction index: 7
2024-11-11 14:56:38 | Simulation update: decoder round 11988, completed instructions: 9/4997, actively running or decoding instructions: 4, waiting windows: 420/574. Max active instruction index: 7
