CONFIG 151
benchmark_file: slurm/data/20241107_191502/benchmarks/random_t_1000_42_0.lss
decoder_latency_or_dist_filename: 24
distance: 12
max_parallel_processes: None
rng: 0
scheduling_method: sliding
speculation_accuracy: 0.7
speculation_latency: 1
speculation_mode: None
2024-11-07 19:15:06 | Loading benchmark slurm/data/20241107_191502/benchmarks/random_t_1000_42_0.lss...
2024-11-07 19:15:06 | Starting simulation
2024-11-07 19:15:06 | Simulation update: decoder round 1, completed instructions: 0/4980, actively running or decoding instructions: 1, waiting windows: 0/0. Max active instruction index: 0
2024-11-07 19:15:16 | Simulation update: decoder round 3263, completed instructions: 25/4980, actively running or decoding instructions: 3, waiting windows: 203/439. Max active instruction index: 22
2024-11-07 19:15:26 | Simulation update: decoder round 4066, completed instructions: 30/4980, actively running or decoding instructions: 4, waiting windows: 252/573. Max active instruction index: 27
2024-11-07 19:15:36 | Simulation update: decoder round 4653, completed instructions: 30/4980, actively running or decoding instructions: 4, waiting windows: 276/670. Max active instruction index: 27
2024-11-07 19:15:46 | Simulation update: decoder round 5148, completed instructions: 30/4980, actively running or decoding instructions: 4, waiting windows: 296/753. Max active instruction index: 27
2024-11-07 19:15:56 | Simulation update: decoder round 5590, completed instructions: 30/4980, actively running or decoding instructions: 4, waiting windows: 321/827. Max active instruction index: 27
2024-11-07 19:16:06 | Simulation update: decoder round 5972, completed instructions: 30/4980, actively running or decoding instructions: 4, waiting windows: 351/889. Max active instruction index: 27
2024-11-07 19:16:16 | Simulation update: decoder round 6305, completed instructions: 30/4980, actively running or decoding instructions: 4, waiting windows: 379/945. Max active instruction index: 27
2024-11-07 19:16:26 | Simulation update: decoder round 6601, completed instructions: 30/4980, actively running or decoding instructions: 4, waiting windows: 404/995. Max active instruction index: 27
2024-11-07 19:16:36 | Simulation update: decoder round 6870, completed instructions: 30/4980, actively running or decoding instructions: 4, waiting windows: 426/1039. Max active instruction index: 27
2024-11-07 19:16:46 | Simulation update: decoder round 7116, completed instructions: 30/4980, actively running or decoding instructions: 4, waiting windows: 447/1081. Max active instruction index: 27
2024-11-07 19:16:56 | Simulation update: decoder round 7342, completed instructions: 35/4980, actively running or decoding instructions: 4, waiting windows: 467/1119. Max active instruction index: 32
2024-11-07 19:17:06 | Simulation update: decoder round 7552, completed instructions: 35/4980, actively running or decoding instructions: 4, waiting windows: 475/1154. Max active instruction index: 32
2024-11-07 19:17:16 | Simulation update: decoder round 7750, completed instructions: 35/4980, actively running or decoding instructions: 4, waiting windows: 484/1187. Max active instruction index: 32
2024-11-07 19:17:26 | Simulation update: decoder round 7938, completed instructions: 35/4980, actively running or decoding instructions: 4, waiting windows: 491/1218. Max active instruction index: 32
2024-11-07 19:17:36 | Simulation update: decoder round 8118, completed instructions: 35/4980, actively running or decoding instructions: 4, waiting windows: 499/1248. Max active instruction index: 32
2024-11-07 19:17:46 | Simulation update: decoder round 8291, completed instructions: 35/4980, actively running or decoding instructions: 4, waiting windows: 505/1277. Max active instruction index: 32
2024-11-07 19:17:56 | Simulation update: decoder round 8457, completed instructions: 35/4980, actively running or decoding instructions: 4, waiting windows: 512/1305. Max active instruction index: 32
2024-11-07 19:18:07 | Simulation update: decoder round 8618, completed instructions: 35/4980, actively running or decoding instructions: 4, waiting windows: 520/1332. Max active instruction index: 32
2024-11-07 19:18:17 | Simulation update: decoder round 8774, completed instructions: 35/4980, actively running or decoding instructions: 4, waiting windows: 526/1358. Max active instruction index: 32
2024-11-07 19:18:27 | Simulation update: decoder round 8925, completed instructions: 35/4980, actively running or decoding instructions: 4, waiting windows: 533/1383. Max active instruction index: 32
2024-11-07 19:18:37 | Simulation update: decoder round 9072, completed instructions: 35/4980, actively running or decoding instructions: 4, waiting windows: 540/1408. Max active instruction index: 32
2024-11-07 19:18:47 | Simulation update: decoder round 9215, completed instructions: 35/4980, actively running or decoding instructions: 4, waiting windows: 545/1431. Max active instruction index: 32
2024-11-07 19:18:57 | Simulation update: decoder round 9355, completed instructions: 35/4980, actively running or decoding instructions: 4, waiting windows: 550/1454. Max active instruction index: 32
2024-11-07 19:19:07 | Simulation update: decoder round 9492, completed instructions: 35/4980, actively running or decoding instructions: 4, waiting windows: 556/1478. Max active instruction index: 32
2024-11-07 19:19:17 | Simulation update: decoder round 9626, completed instructions: 35/4980, actively running or decoding instructions: 4, waiting windows: 562/1500. Max active instruction index: 32
2024-11-07 19:19:27 | Simulation update: decoder round 9757, completed instructions: 35/4980, actively running or decoding instructions: 4, waiting windows: 567/1522. Max active instruction index: 32
2024-11-07 19:19:37 | Simulation update: decoder round 9885, completed instructions: 35/4980, actively running or decoding instructions: 4, waiting windows: 573/1543. Max active instruction index: 32
2024-11-07 19:19:47 | Simulation update: decoder round 10011, completed instructions: 35/4980, actively running or decoding instructions: 4, waiting windows: 578/1564. Max active instruction index: 32
2024-11-07 19:19:57 | Simulation update: decoder round 10134, completed instructions: 35/4980, actively running or decoding instructions: 4, waiting windows: 583/1584. Max active instruction index: 32
2024-11-07 19:20:07 | Simulation update: decoder round 10255, completed instructions: 35/4980, actively running or decoding instructions: 4, waiting windows: 588/1604. Max active instruction index: 32
2024-11-07 19:20:17 | Simulation update: decoder round 10375, completed instructions: 35/4980, actively running or decoding instructions: 4, waiting windows: 593/1624. Max active instruction index: 32
2024-11-07 19:20:27 | Simulation update: decoder round 10493, completed instructions: 35/4980, actively running or decoding instructions: 4, waiting windows: 598/1644. Max active instruction index: 32
2024-11-07 19:20:37 | Simulation update: decoder round 10609, completed instructions: 35/4980, actively running or decoding instructions: 4, waiting windows: 603/1664. Max active instruction index: 32
2024-11-07 19:20:47 | Simulation update: decoder round 10723, completed instructions: 35/4980, actively running or decoding instructions: 4, waiting windows: 607/1682. Max active instruction index: 32
2024-11-07 19:20:57 | Simulation update: decoder round 10836, completed instructions: 35/4980, actively running or decoding instructions: 4, waiting windows: 612/1702. Max active instruction index: 32
2024-11-07 19:21:07 | Simulation update: decoder round 10947, completed instructions: 35/4980, actively running or decoding instructions: 4, waiting windows: 617/1720. Max active instruction index: 32
2024-11-07 19:21:17 | Simulation update: decoder round 11057, completed instructions: 35/4980, actively running or decoding instructions: 4, waiting windows: 622/1738. Max active instruction index: 32
2024-11-07 19:21:28 | Simulation update: decoder round 11165, completed instructions: 35/4980, actively running or decoding instructions: 4, waiting windows: 631/1756. Max active instruction index: 32
2024-11-07 19:21:38 | Simulation update: decoder round 11270, completed instructions: 35/4980, actively running or decoding instructions: 4, waiting windows: 640/1774. Max active instruction index: 32
2024-11-07 19:21:48 | Simulation update: decoder round 11373, completed instructions: 35/4980, actively running or decoding instructions: 4, waiting windows: 649/1791. Max active instruction index: 32
2024-11-07 19:21:58 | Simulation update: decoder round 11474, completed instructions: 35/4980, actively running or decoding instructions: 4, waiting windows: 657/1808. Max active instruction index: 32
2024-11-07 19:22:08 | Simulation update: decoder round 11573, completed instructions: 35/4980, actively running or decoding instructions: 4, waiting windows: 665/1824. Max active instruction index: 32
2024-11-07 19:22:18 | Simulation update: decoder round 11670, completed instructions: 35/4980, actively running or decoding instructions: 4, waiting windows: 673/1840. Max active instruction index: 32
2024-11-07 19:22:28 | Simulation update: decoder round 11765, completed instructions: 35/4980, actively running or decoding instructions: 4, waiting windows: 681/1856. Max active instruction index: 32
2024-11-07 19:22:38 | Simulation update: decoder round 11858, completed instructions: 35/4980, actively running or decoding instructions: 4, waiting windows: 689/1872. Max active instruction index: 32
2024-11-07 19:22:48 | Simulation update: decoder round 11950, completed instructions: 35/4980, actively running or decoding instructions: 4, waiting windows: 697/1887. Max active instruction index: 32
2024-11-07 19:22:58 | Simulation update: decoder round 12040, completed instructions: 35/4980, actively running or decoding instructions: 4, waiting windows: 704/1902. Max active instruction index: 32
2024-11-07 19:23:08 | Simulation update: decoder round 12129, completed instructions: 35/4980, actively running or decoding instructions: 4, waiting windows: 711/1917. Max active instruction index: 32
2024-11-07 19:23:18 | Simulation update: decoder round 12215, completed instructions: 35/4980, actively running or decoding instructions: 4, waiting windows: 719/1931. Max active instruction index: 32
2024-11-07 19:23:28 | Simulation update: decoder round 12300, completed instructions: 35/4980, actively running or decoding instructions: 4, waiting windows: 726/1946. Max active instruction index: 32
2024-11-07 19:23:38 | Simulation update: decoder round 12384, completed instructions: 35/4980, actively running or decoding instructions: 4, waiting windows: 734/1960. Max active instruction index: 32
2024-11-07 19:23:48 | Simulation update: decoder round 12467, completed instructions: 35/4980, actively running or decoding instructions: 4, waiting windows: 739/1973. Max active instruction index: 32
2024-11-07 19:23:58 | Simulation update: decoder round 12548, completed instructions: 35/4980, actively running or decoding instructions: 4, waiting windows: 747/1987. Max active instruction index: 32
2024-11-07 19:24:08 | Simulation update: decoder round 12628, completed instructions: 35/4980, actively running or decoding instructions: 4, waiting windows: 753/2000. Max active instruction index: 32
2024-11-07 19:24:18 | Simulation update: decoder round 12707, completed instructions: 35/4980, actively running or decoding instructions: 4, waiting windows: 759/2013. Max active instruction index: 32
2024-11-07 19:24:29 | Simulation update: decoder round 12785, completed instructions: 35/4980, actively running or decoding instructions: 4, waiting windows: 766/2026. Max active instruction index: 32
2024-11-07 19:24:39 | Simulation update: decoder round 12862, completed instructions: 35/4980, actively running or decoding instructions: 4, waiting windows: 773/2039. Max active instruction index: 32
2024-11-07 19:24:49 | Simulation update: decoder round 12938, completed instructions: 35/4980, actively running or decoding instructions: 4, waiting windows: 779/2052. Max active instruction index: 32
2024-11-07 19:24:59 | Simulation update: decoder round 13013, completed instructions: 35/4980, actively running or decoding instructions: 4, waiting windows: 785/2064. Max active instruction index: 32
2024-11-07 19:25:09 | Simulation update: decoder round 13087, completed instructions: 35/4980, actively running or decoding instructions: 4, waiting windows: 791/2076. Max active instruction index: 32
2024-11-07 19:25:19 | Simulation update: decoder round 13160, completed instructions: 35/4980, actively running or decoding instructions: 4, waiting windows: 797/2089. Max active instruction index: 32
2024-11-07 19:25:29 | Simulation update: decoder round 13232, completed instructions: 35/4980, actively running or decoding instructions: 4, waiting windows: 803/2101. Max active instruction index: 32
2024-11-07 19:25:39 | Simulation update: decoder round 13303, completed instructions: 35/4980, actively running or decoding instructions: 4, waiting windows: 809/2112. Max active instruction index: 32
2024-11-07 19:25:49 | Simulation update: decoder round 13373, completed instructions: 35/4980, actively running or decoding instructions: 4, waiting windows: 815/2124. Max active instruction index: 32
2024-11-07 19:25:59 | Simulation update: decoder round 13442, completed instructions: 35/4980, actively running or decoding instructions: 4, waiting windows: 821/2136. Max active instruction index: 32
2024-11-07 19:26:09 | Simulation update: decoder round 13510, completed instructions: 35/4980, actively running or decoding instructions: 4, waiting windows: 827/2147. Max active instruction index: 32
2024-11-07 19:26:19 | Simulation update: decoder round 13577, completed instructions: 35/4980, actively running or decoding instructions: 4, waiting windows: 832/2158. Max active instruction index: 32
2024-11-07 19:26:30 | Simulation update: decoder round 13644, completed instructions: 35/4980, actively running or decoding instructions: 4, waiting windows: 838/2170. Max active instruction index: 32
2024-11-07 19:26:40 | Simulation update: decoder round 13710, completed instructions: 35/4980, actively running or decoding instructions: 4, waiting windows: 843/2180. Max active instruction index: 32
2024-11-07 19:26:50 | Simulation update: decoder round 13775, completed instructions: 35/4980, actively running or decoding instructions: 4, waiting windows: 849/2191. Max active instruction index: 32
2024-11-07 19:27:00 | Simulation update: decoder round 13839, completed instructions: 35/4980, actively running or decoding instructions: 4, waiting windows: 854/2202. Max active instruction index: 32
2024-11-07 19:27:10 | Simulation update: decoder round 13903, completed instructions: 35/4980, actively running or decoding instructions: 4, waiting windows: 859/2212. Max active instruction index: 32
2024-11-07 19:27:20 | Simulation update: decoder round 13966, completed instructions: 35/4980, actively running or decoding instructions: 4, waiting windows: 865/2223. Max active instruction index: 32
2024-11-07 19:27:30 | Simulation update: decoder round 14028, completed instructions: 35/4980, actively running or decoding instructions: 4, waiting windows: 870/2234. Max active instruction index: 32
2024-11-07 19:27:40 | Simulation update: decoder round 14090, completed instructions: 35/4980, actively running or decoding instructions: 4, waiting windows: 875/2244. Max active instruction index: 32
2024-11-07 19:27:50 | Simulation update: decoder round 14151, completed instructions: 35/4980, actively running or decoding instructions: 4, waiting windows: 880/2254. Max active instruction index: 32
2024-11-07 19:28:00 | Simulation update: decoder round 14211, completed instructions: 35/4980, actively running or decoding instructions: 4, waiting windows: 885/2264. Max active instruction index: 32
2024-11-07 19:28:10 | Simulation update: decoder round 14271, completed instructions: 35/4980, actively running or decoding instructions: 4, waiting windows: 890/2274. Max active instruction index: 32
2024-11-07 19:28:20 | Simulation update: decoder round 14330, completed instructions: 35/4980, actively running or decoding instructions: 4, waiting windows: 895/2284. Max active instruction index: 32
2024-11-07 19:28:30 | Simulation update: decoder round 14388, completed instructions: 35/4980, actively running or decoding instructions: 4, waiting windows: 900/2294. Max active instruction index: 32
2024-11-07 19:28:40 | Simulation update: decoder round 14446, completed instructions: 35/4980, actively running or decoding instructions: 4, waiting windows: 905/2303. Max active instruction index: 32
2024-11-07 19:28:50 | Simulation update: decoder round 14503, completed instructions: 35/4980, actively running or decoding instructions: 4, waiting windows: 909/2312. Max active instruction index: 32
2024-11-07 19:29:01 | Simulation update: decoder round 14560, completed instructions: 35/4980, actively running or decoding instructions: 4, waiting windows: 914/2322. Max active instruction index: 32
2024-11-07 19:29:11 | Simulation update: decoder round 14616, completed instructions: 35/4980, actively running or decoding instructions: 4, waiting windows: 920/2332. Max active instruction index: 32
2024-11-07 19:29:21 | Simulation update: decoder round 14672, completed instructions: 35/4980, actively running or decoding instructions: 2, waiting windows: 923/2341. Max active instruction index: 32
2024-11-07 19:29:31 | Simulation update: decoder round 14727, completed instructions: 38/4980, actively running or decoding instructions: 3, waiting windows: 928/2350. Max active instruction index: 36
2024-11-07 19:29:41 | Simulation update: decoder round 14782, completed instructions: 38/4980, actively running or decoding instructions: 3, waiting windows: 929/2355. Max active instruction index: 36
2024-11-07 19:29:51 | Simulation update: decoder round 14836, completed instructions: 38/4980, actively running or decoding instructions: 3, waiting windows: 928/2359. Max active instruction index: 36
2024-11-07 19:30:01 | Simulation update: decoder round 14890, completed instructions: 38/4980, actively running or decoding instructions: 3, waiting windows: 928/2364. Max active instruction index: 36
2024-11-07 19:30:11 | Simulation update: decoder round 14943, completed instructions: 38/4980, actively running or decoding instructions: 3, waiting windows: 928/2368. Max active instruction index: 36
2024-11-07 19:30:21 | Simulation update: decoder round 14996, completed instructions: 38/4980, actively running or decoding instructions: 3, waiting windows: 928/2372. Max active instruction index: 36
2024-11-07 19:30:31 | Simulation update: decoder round 15049, completed instructions: 38/4980, actively running or decoding instructions: 3, waiting windows: 928/2377. Max active instruction index: 36
2024-11-07 19:30:41 | Simulation update: decoder round 15101, completed instructions: 38/4980, actively running or decoding instructions: 3, waiting windows: 928/2381. Max active instruction index: 36
2024-11-07 19:30:51 | Simulation update: decoder round 15152, completed instructions: 38/4980, actively running or decoding instructions: 3, waiting windows: 927/2385. Max active instruction index: 36
2024-11-07 19:31:02 | Simulation update: decoder round 15203, completed instructions: 38/4980, actively running or decoding instructions: 3, waiting windows: 928/2390. Max active instruction index: 36
2024-11-07 19:31:12 | Simulation update: decoder round 15254, completed instructions: 38/4980, actively running or decoding instructions: 3, waiting windows: 928/2394. Max active instruction index: 36
2024-11-07 19:31:22 | Simulation update: decoder round 15304, completed instructions: 38/4980, actively running or decoding instructions: 3, waiting windows: 928/2398. Max active instruction index: 36
2024-11-07 19:31:32 | Simulation update: decoder round 15354, completed instructions: 38/4980, actively running or decoding instructions: 3, waiting windows: 928/2402. Max active instruction index: 36
2024-11-07 19:31:42 | Simulation update: decoder round 15404, completed instructions: 38/4980, actively running or decoding instructions: 3, waiting windows: 928/2406. Max active instruction index: 36
2024-11-07 19:31:52 | Simulation update: decoder round 15454, completed instructions: 38/4980, actively running or decoding instructions: 3, waiting windows: 929/2411. Max active instruction index: 36
2024-11-07 19:32:02 | Simulation update: decoder round 15503, completed instructions: 38/4980, actively running or decoding instructions: 3, waiting windows: 929/2415. Max active instruction index: 36
2024-11-07 19:32:12 | Simulation update: decoder round 15552, completed instructions: 38/4980, actively running or decoding instructions: 3, waiting windows: 929/2419. Max active instruction index: 36
2024-11-07 19:32:23 | Simulation update: decoder round 15601, completed instructions: 38/4980, actively running or decoding instructions: 3, waiting windows: 928/2423. Max active instruction index: 36
2024-11-07 19:32:33 | Simulation update: decoder round 15649, completed instructions: 38/4980, actively running or decoding instructions: 3, waiting windows: 928/2427. Max active instruction index: 36
2024-11-07 19:32:43 | Simulation update: decoder round 15697, completed instructions: 38/4980, actively running or decoding instructions: 3, waiting windows: 928/2431. Max active instruction index: 36
2024-11-07 19:32:53 | Simulation update: decoder round 15745, completed instructions: 38/4980, actively running or decoding instructions: 3, waiting windows: 928/2435. Max active instruction index: 36
2024-11-07 19:33:03 | Simulation update: decoder round 15792, completed instructions: 38/4980, actively running or decoding instructions: 3, waiting windows: 929/2439. Max active instruction index: 36
2024-11-07 19:33:13 | Simulation update: decoder round 15839, completed instructions: 38/4980, actively running or decoding instructions: 3, waiting windows: 929/2443. Max active instruction index: 36
2024-11-07 19:33:23 | Simulation update: decoder round 15886, completed instructions: 38/4980, actively running or decoding instructions: 3, waiting windows: 929/2447. Max active instruction index: 36
2024-11-07 19:33:33 | Simulation update: decoder round 15933, completed instructions: 38/4980, actively running or decoding instructions: 3, waiting windows: 929/2451. Max active instruction index: 36
2024-11-07 19:33:43 | Simulation update: decoder round 15979, completed instructions: 38/4980, actively running or decoding instructions: 3, waiting windows: 928/2454. Max active instruction index: 36
2024-11-07 19:33:53 | Simulation update: decoder round 16025, completed instructions: 38/4980, actively running or decoding instructions: 3, waiting windows: 928/2458. Max active instruction index: 36
2024-11-07 19:34:04 | Simulation update: decoder round 16071, completed instructions: 38/4980, actively running or decoding instructions: 3, waiting windows: 928/2462. Max active instruction index: 36
2024-11-07 19:34:14 | Simulation update: decoder round 16116, completed instructions: 38/4980, actively running or decoding instructions: 3, waiting windows: 928/2466. Max active instruction index: 36
2024-11-07 19:34:24 | Simulation update: decoder round 16161, completed instructions: 38/4980, actively running or decoding instructions: 3, waiting windows: 928/2470. Max active instruction index: 36
2024-11-07 19:34:34 | Simulation update: decoder round 16206, completed instructions: 38/4980, actively running or decoding instructions: 3, waiting windows: 928/2473. Max active instruction index: 36
2024-11-07 19:34:44 | Simulation update: decoder round 16251, completed instructions: 38/4980, actively running or decoding instructions: 3, waiting windows: 928/2477. Max active instruction index: 36
2024-11-07 19:34:54 | Simulation update: decoder round 16296, completed instructions: 38/4980, actively running or decoding instructions: 3, waiting windows: 929/2481. Max active instruction index: 36
2024-11-07 19:35:04 | Simulation update: decoder round 16341, completed instructions: 38/4980, actively running or decoding instructions: 3, waiting windows: 929/2485. Max active instruction index: 36
2024-11-07 19:35:14 | Simulation update: decoder round 16385, completed instructions: 38/4980, actively running or decoding instructions: 3, waiting windows: 928/2488. Max active instruction index: 36
2024-11-07 19:35:24 | Simulation update: decoder round 16429, completed instructions: 38/4980, actively running or decoding instructions: 3, waiting windows: 928/2492. Max active instruction index: 36
2024-11-07 19:35:35 | Simulation update: decoder round 16473, completed instructions: 38/4980, actively running or decoding instructions: 3, waiting windows: 928/2496. Max active instruction index: 36
2024-11-07 19:35:45 | Simulation update: decoder round 16517, completed instructions: 38/4980, actively running or decoding instructions: 3, waiting windows: 928/2499. Max active instruction index: 36
2024-11-07 19:35:55 | Simulation update: decoder round 16560, completed instructions: 38/4980, actively running or decoding instructions: 3, waiting windows: 929/2503. Max active instruction index: 36
2024-11-07 19:36:05 | Simulation update: decoder round 16603, completed instructions: 38/4980, actively running or decoding instructions: 3, waiting windows: 928/2506. Max active instruction index: 36
2024-11-07 19:36:15 | Simulation update: decoder round 16646, completed instructions: 38/4980, actively running or decoding instructions: 3, waiting windows: 928/2510. Max active instruction index: 36
2024-11-07 19:36:25 | Simulation update: decoder round 16689, completed instructions: 38/4980, actively running or decoding instructions: 3, waiting windows: 928/2514. Max active instruction index: 36
2024-11-07 19:36:35 | Simulation update: decoder round 16732, completed instructions: 38/4980, actively running or decoding instructions: 3, waiting windows: 928/2517. Max active instruction index: 36
2024-11-07 19:36:45 | Simulation update: decoder round 16775, completed instructions: 38/4980, actively running or decoding instructions: 3, waiting windows: 929/2521. Max active instruction index: 36
2024-11-07 19:36:55 | Simulation update: decoder round 16817, completed instructions: 38/4980, actively running or decoding instructions: 3, waiting windows: 928/2524. Max active instruction index: 36
2024-11-07 19:37:05 | Simulation update: decoder round 16859, completed instructions: 38/4980, actively running or decoding instructions: 3, waiting windows: 928/2528. Max active instruction index: 36
2024-11-07 19:37:16 | Simulation update: decoder round 16901, completed instructions: 38/4980, actively running or decoding instructions: 3, waiting windows: 928/2531. Max active instruction index: 36
2024-11-07 19:37:26 | Simulation update: decoder round 16943, completed instructions: 38/4980, actively running or decoding instructions: 3, waiting windows: 929/2535. Max active instruction index: 36
2024-11-07 19:37:36 | Simulation update: decoder round 16985, completed instructions: 38/4980, actively running or decoding instructions: 3, waiting windows: 928/2538. Max active instruction index: 36
2024-11-07 19:37:46 | Simulation update: decoder round 17027, completed instructions: 38/4980, actively running or decoding instructions: 3, waiting windows: 928/2542. Max active instruction index: 36
2024-11-07 19:37:56 | Simulation update: decoder round 17069, completed instructions: 38/4980, actively running or decoding instructions: 3, waiting windows: 928/2545. Max active instruction index: 36
2024-11-07 19:38:06 | Simulation update: decoder round 17110, completed instructions: 38/4980, actively running or decoding instructions: 3, waiting windows: 929/2549. Max active instruction index: 36
2024-11-07 19:38:17 | Simulation update: decoder round 17151, completed instructions: 38/4980, actively running or decoding instructions: 3, waiting windows: 928/2552. Max active instruction index: 36
2024-11-07 19:38:27 | Simulation update: decoder round 17192, completed instructions: 38/4980, actively running or decoding instructions: 3, waiting windows: 927/2555. Max active instruction index: 36
2024-11-07 19:38:37 | Simulation update: decoder round 17233, completed instructions: 38/4980, actively running or decoding instructions: 3, waiting windows: 928/2559. Max active instruction index: 36
2024-11-07 19:38:47 | Simulation update: decoder round 17274, completed instructions: 38/4980, actively running or decoding instructions: 3, waiting windows: 928/2562. Max active instruction index: 36
2024-11-07 19:38:57 | Simulation update: decoder round 17314, completed instructions: 38/4980, actively running or decoding instructions: 3, waiting windows: 928/2566. Max active instruction index: 36
2024-11-07 19:39:07 | Simulation update: decoder round 17354, completed instructions: 38/4980, actively running or decoding instructions: 3, waiting windows: 928/2569. Max active instruction index: 36
2024-11-07 19:39:17 | Simulation update: decoder round 17394, completed instructions: 38/4980, actively running or decoding instructions: 3, waiting windows: 928/2572. Max active instruction index: 36
2024-11-07 19:39:27 | Simulation update: decoder round 17434, completed instructions: 38/4980, actively running or decoding instructions: 3, waiting windows: 928/2576. Max active instruction index: 36
2024-11-07 19:39:38 | Simulation update: decoder round 17474, completed instructions: 38/4980, actively running or decoding instructions: 3, waiting windows: 928/2579. Max active instruction index: 36
2024-11-07 19:39:48 | Simulation update: decoder round 17514, completed instructions: 38/4980, actively running or decoding instructions: 3, waiting windows: 928/2582. Max active instruction index: 36
2024-11-07 19:39:58 | Simulation update: decoder round 17554, completed instructions: 38/4980, actively running or decoding instructions: 3, waiting windows: 928/2586. Max active instruction index: 36
2024-11-07 19:40:08 | Simulation update: decoder round 17593, completed instructions: 38/4980, actively running or decoding instructions: 3, waiting windows: 928/2589. Max active instruction index: 36
2024-11-07 19:40:18 | Simulation update: decoder round 17632, completed instructions: 38/4980, actively running or decoding instructions: 3, waiting windows: 928/2592. Max active instruction index: 36
2024-11-07 19:40:28 | Simulation update: decoder round 17671, completed instructions: 38/4980, actively running or decoding instructions: 3, waiting windows: 928/2595. Max active instruction index: 36
2024-11-07 19:40:38 | Simulation update: decoder round 17710, completed instructions: 38/4980, actively running or decoding instructions: 3, waiting windows: 929/2599. Max active instruction index: 36
2024-11-07 19:40:48 | Simulation update: decoder round 17749, completed instructions: 38/4980, actively running or decoding instructions: 3, waiting windows: 928/2602. Max active instruction index: 36
2024-11-07 19:40:59 | Simulation update: decoder round 17788, completed instructions: 38/4980, actively running or decoding instructions: 3, waiting windows: 928/2605. Max active instruction index: 36
2024-11-07 19:41:09 | Simulation update: decoder round 17827, completed instructions: 38/4980, actively running or decoding instructions: 3, waiting windows: 928/2608. Max active instruction index: 36
2024-11-07 19:41:19 | Simulation update: decoder round 17866, completed instructions: 38/4980, actively running or decoding instructions: 3, waiting windows: 928/2612. Max active instruction index: 36
2024-11-07 19:41:29 | Simulation update: decoder round 17904, completed instructions: 38/4980, actively running or decoding instructions: 3, waiting windows: 929/2615. Max active instruction index: 36
2024-11-07 19:41:39 | Simulation update: decoder round 17942, completed instructions: 38/4980, actively running or decoding instructions: 3, waiting windows: 928/2618. Max active instruction index: 36
2024-11-07 19:41:49 | Simulation update: decoder round 17980, completed instructions: 38/4980, actively running or decoding instructions: 3, waiting windows: 928/2621. Max active instruction index: 36
2024-11-07 19:41:59 | Simulation update: decoder round 18018, completed instructions: 38/4980, actively running or decoding instructions: 3, waiting windows: 928/2624. Max active instruction index: 36
2024-11-07 19:42:10 | Simulation update: decoder round 18056, completed instructions: 38/4980, actively running or decoding instructions: 3, waiting windows: 927/2627. Max active instruction index: 36
2024-11-07 19:42:20 | Simulation update: decoder round 18094, completed instructions: 38/4980, actively running or decoding instructions: 3, waiting windows: 929/2631. Max active instruction index: 36
2024-11-07 19:42:30 | Simulation update: decoder round 18132, completed instructions: 38/4980, actively running or decoding instructions: 3, waiting windows: 928/2634. Max active instruction index: 36
2024-11-07 19:42:40 | Simulation update: decoder round 18169, completed instructions: 38/4980, actively running or decoding instructions: 3, waiting windows: 928/2637. Max active instruction index: 36
2024-11-07 19:42:50 | Simulation update: decoder round 18206, completed instructions: 38/4980, actively running or decoding instructions: 3, waiting windows: 928/2640. Max active instruction index: 36
2024-11-07 19:43:00 | Simulation update: decoder round 18243, completed instructions: 38/4980, actively running or decoding instructions: 3, waiting windows: 928/2643. Max active instruction index: 36
2024-11-07 19:43:10 | Simulation update: decoder round 18280, completed instructions: 38/4980, actively running or decoding instructions: 3, waiting windows: 928/2646. Max active instruction index: 36
2024-11-07 19:43:20 | Simulation update: decoder round 18317, completed instructions: 38/4980, actively running or decoding instructions: 3, waiting windows: 928/2649. Max active instruction index: 36
2024-11-07 19:43:30 | Simulation update: decoder round 18354, completed instructions: 38/4980, actively running or decoding instructions: 3, waiting windows: 928/2652. Max active instruction index: 36
2024-11-07 19:43:41 | Simulation update: decoder round 18391, completed instructions: 38/4980, actively running or decoding instructions: 3, waiting windows: 928/2655. Max active instruction index: 36
2024-11-07 19:43:51 | Simulation update: decoder round 18428, completed instructions: 38/4980, actively running or decoding instructions: 3, waiting windows: 928/2658. Max active instruction index: 36
2024-11-07 19:44:01 | Simulation update: decoder round 18465, completed instructions: 38/4980, actively running or decoding instructions: 3, waiting windows: 928/2662. Max active instruction index: 36
2024-11-07 19:44:11 | Simulation update: decoder round 18501, completed instructions: 38/4980, actively running or decoding instructions: 3, waiting windows: 929/2665. Max active instruction index: 36
2024-11-07 19:44:21 | Simulation update: decoder round 18537, completed instructions: 38/4980, actively running or decoding instructions: 3, waiting windows: 928/2668. Max active instruction index: 36
2024-11-07 19:44:31 | Simulation update: decoder round 18573, completed instructions: 38/4980, actively running or decoding instructions: 3, waiting windows: 929/2671. Max active instruction index: 36
2024-11-07 19:44:41 | Simulation update: decoder round 18609, completed instructions: 38/4980, actively running or decoding instructions: 3, waiting windows: 928/2674. Max active instruction index: 36
2024-11-07 19:44:51 | Simulation update: decoder round 18645, completed instructions: 38/4980, actively running or decoding instructions: 3, waiting windows: 929/2677. Max active instruction index: 36
2024-11-07 19:45:01 | Simulation update: decoder round 18681, completed instructions: 38/4980, actively running or decoding instructions: 3, waiting windows: 928/2680. Max active instruction index: 36
2024-11-07 19:45:12 | Simulation update: decoder round 18717, completed instructions: 38/4980, actively running or decoding instructions: 3, waiting windows: 929/2683. Max active instruction index: 36
2024-11-07 19:45:22 | Simulation update: decoder round 18753, completed instructions: 38/4980, actively running or decoding instructions: 3, waiting windows: 928/2686. Max active instruction index: 36
2024-11-07 19:45:32 | Simulation update: decoder round 18789, completed instructions: 38/4980, actively running or decoding instructions: 3, waiting windows: 929/2689. Max active instruction index: 36
2024-11-07 19:45:42 | Simulation update: decoder round 18825, completed instructions: 38/4980, actively running or decoding instructions: 3, waiting windows: 928/2692. Max active instruction index: 36
2024-11-07 19:45:52 | Simulation update: decoder round 18861, completed instructions: 38/4980, actively running or decoding instructions: 3, waiting windows: 929/2695. Max active instruction index: 36
2024-11-07 19:46:02 | Simulation update: decoder round 18897, completed instructions: 38/4980, actively running or decoding instructions: 3, waiting windows: 928/2698. Max active instruction index: 36
2024-11-07 19:46:12 | Simulation update: decoder round 18932, completed instructions: 38/4980, actively running or decoding instructions: 3, waiting windows: 928/2700. Max active instruction index: 36
2024-11-07 19:46:22 | Simulation update: decoder round 18967, completed instructions: 38/4980, actively running or decoding instructions: 3, waiting windows: 928/2703. Max active instruction index: 36
2024-11-07 19:46:33 | Simulation update: decoder round 19002, completed instructions: 38/4980, actively running or decoding instructions: 3, waiting windows: 928/2706. Max active instruction index: 36
2024-11-07 19:46:43 | Simulation update: decoder round 19037, completed instructions: 38/4980, actively running or decoding instructions: 3, waiting windows: 928/2709. Max active instruction index: 36
2024-11-07 19:46:53 | Simulation update: decoder round 19072, completed instructions: 38/4980, actively running or decoding instructions: 3, waiting windows: 928/2712. Max active instruction index: 36
2024-11-07 19:47:03 | Simulation update: decoder round 19107, completed instructions: 38/4980, actively running or decoding instructions: 3, waiting windows: 928/2715. Max active instruction index: 36
2024-11-07 19:47:13 | Simulation update: decoder round 19142, completed instructions: 38/4980, actively running or decoding instructions: 3, waiting windows: 928/2718. Max active instruction index: 36
2024-11-07 19:47:23 | Simulation update: decoder round 19177, completed instructions: 38/4980, actively running or decoding instructions: 3, waiting windows: 928/2721. Max active instruction index: 36
2024-11-07 19:47:33 | Simulation update: decoder round 19212, completed instructions: 38/4980, actively running or decoding instructions: 3, waiting windows: 928/2724. Max active instruction index: 36
2024-11-07 19:47:44 | Simulation update: decoder round 19247, completed instructions: 38/4980, actively running or decoding instructions: 3, waiting windows: 929/2727. Max active instruction index: 36
2024-11-07 19:47:54 | Simulation update: decoder round 19282, completed instructions: 38/4980, actively running or decoding instructions: 3, waiting windows: 928/2730. Max active instruction index: 36
2024-11-07 19:48:04 | Simulation update: decoder round 19317, completed instructions: 38/4980, actively running or decoding instructions: 3, waiting windows: 929/2733. Max active instruction index: 36
2024-11-07 19:48:14 | Simulation update: decoder round 19351, completed instructions: 38/4980, actively running or decoding instructions: 3, waiting windows: 928/2735. Max active instruction index: 36
2024-11-07 19:48:24 | Simulation update: decoder round 19386, completed instructions: 38/4980, actively running or decoding instructions: 3, waiting windows: 928/2738. Max active instruction index: 36
2024-11-07 19:48:35 | Simulation update: decoder round 19421, completed instructions: 38/4980, actively running or decoding instructions: 3, waiting windows: 928/2741. Max active instruction index: 36
2024-11-07 19:48:45 | Simulation update: decoder round 19456, completed instructions: 38/4980, actively running or decoding instructions: 3, waiting windows: 928/2744. Max active instruction index: 36
2024-11-07 19:48:55 | Simulation update: decoder round 19491, completed instructions: 38/4980, actively running or decoding instructions: 3, waiting windows: 928/2747. Max active instruction index: 36
2024-11-07 19:49:05 | Simulation update: decoder round 19525, completed instructions: 38/4980, actively running or decoding instructions: 3, waiting windows: 928/2750. Max active instruction index: 36
2024-11-07 19:49:15 | Simulation update: decoder round 19559, completed instructions: 38/4980, actively running or decoding instructions: 3, waiting windows: 929/2753. Max active instruction index: 36
2024-11-07 19:49:25 | Simulation update: decoder round 19593, completed instructions: 38/4980, actively running or decoding instructions: 3, waiting windows: 928/2756. Max active instruction index: 36
2024-11-07 19:49:35 | Simulation update: decoder round 19627, completed instructions: 38/4980, actively running or decoding instructions: 3, waiting windows: 928/2758. Max active instruction index: 36
2024-11-07 19:49:45 | Simulation update: decoder round 19661, completed instructions: 38/4980, actively running or decoding instructions: 3, waiting windows: 928/2761. Max active instruction index: 36
2024-11-07 19:49:56 | Simulation update: decoder round 19695, completed instructions: 38/4980, actively running or decoding instructions: 3, waiting windows: 928/2764. Max active instruction index: 36
2024-11-07 19:50:06 | Simulation update: decoder round 19729, completed instructions: 38/4980, actively running or decoding instructions: 3, waiting windows: 928/2767. Max active instruction index: 36
2024-11-07 19:50:16 | Simulation update: decoder round 19763, completed instructions: 38/4980, actively running or decoding instructions: 3, waiting windows: 928/2770. Max active instruction index: 36
2024-11-07 19:50:26 | Simulation update: decoder round 19797, completed instructions: 38/4980, actively running or decoding instructions: 3, waiting windows: 929/2773. Max active instruction index: 36
2024-11-07 19:50:36 | Simulation update: decoder round 19831, completed instructions: 38/4980, actively running or decoding instructions: 3, waiting windows: 928/2775. Max active instruction index: 36
2024-11-07 19:50:46 | Simulation update: decoder round 19865, completed instructions: 38/4980, actively running or decoding instructions: 3, waiting windows: 928/2778. Max active instruction index: 36
2024-11-07 19:50:56 | Simulation update: decoder round 19899, completed instructions: 38/4980, actively running or decoding instructions: 3, waiting windows: 928/2781. Max active instruction index: 36
2024-11-07 19:51:07 | Simulation update: decoder round 19933, completed instructions: 38/4980, actively running or decoding instructions: 3, waiting windows: 928/2784. Max active instruction index: 36
2024-11-07 19:51:17 | Simulation update: decoder round 19967, completed instructions: 38/4980, actively running or decoding instructions: 3, waiting windows: 929/2787. Max active instruction index: 36
2024-11-07 19:51:27 | Simulation update: decoder round 20001, completed instructions: 38/4980, actively running or decoding instructions: 3, waiting windows: 928/2790. Max active instruction index: 36
2024-11-07 19:51:38 | Simulation update: decoder round 20035, completed instructions: 38/4980, actively running or decoding instructions: 3, waiting windows: 928/2792. Max active instruction index: 36
2024-11-07 19:51:48 | Simulation update: decoder round 20068, completed instructions: 38/4980, actively running or decoding instructions: 3, waiting windows: 928/2795. Max active instruction index: 36
2024-11-07 19:51:58 | Simulation update: decoder round 20101, completed instructions: 38/4980, actively running or decoding instructions: 3, waiting windows: 928/2798. Max active instruction index: 36
2024-11-07 19:52:08 | Simulation update: decoder round 20134, completed instructions: 38/4980, actively running or decoding instructions: 3, waiting windows: 929/2801. Max active instruction index: 36
2024-11-07 19:52:18 | Simulation update: decoder round 20167, completed instructions: 38/4980, actively running or decoding instructions: 3, waiting windows: 928/2803. Max active instruction index: 36
2024-11-07 19:52:28 | Simulation update: decoder round 20200, completed instructions: 38/4980, actively running or decoding instructions: 3, waiting windows: 928/2806. Max active instruction index: 36
2024-11-07 19:52:38 | Simulation update: decoder round 20233, completed instructions: 38/4980, actively running or decoding instructions: 3, waiting windows: 928/2809. Max active instruction index: 36
2024-11-07 19:52:48 | Simulation update: decoder round 20266, completed instructions: 38/4980, actively running or decoding instructions: 3, waiting windows: 928/2812. Max active instruction index: 36
2024-11-07 19:52:58 | Simulation update: decoder round 20299, completed instructions: 38/4980, actively running or decoding instructions: 3, waiting windows: 928/2814. Max active instruction index: 36
2024-11-07 19:53:08 | Simulation update: decoder round 20332, completed instructions: 38/4980, actively running or decoding instructions: 3, waiting windows: 928/2817. Max active instruction index: 36
2024-11-07 19:53:18 | Simulation update: decoder round 20365, completed instructions: 38/4980, actively running or decoding instructions: 3, waiting windows: 928/2820. Max active instruction index: 36
2024-11-07 19:53:29 | Simulation update: decoder round 20398, completed instructions: 38/4980, actively running or decoding instructions: 3, waiting windows: 929/2823. Max active instruction index: 36
2024-11-07 19:53:39 | Simulation update: decoder round 20431, completed instructions: 38/4980, actively running or decoding instructions: 3, waiting windows: 928/2825. Max active instruction index: 36
2024-11-07 19:53:49 | Simulation update: decoder round 20464, completed instructions: 38/4980, actively running or decoding instructions: 3, waiting windows: 928/2828. Max active instruction index: 36
2024-11-07 19:53:59 | Simulation update: decoder round 20497, completed instructions: 38/4980, actively running or decoding instructions: 3, waiting windows: 928/2831. Max active instruction index: 36
2024-11-07 19:54:09 | Simulation update: decoder round 20530, completed instructions: 38/4980, actively running or decoding instructions: 3, waiting windows: 928/2834. Max active instruction index: 36
2024-11-07 19:54:20 | Simulation update: decoder round 20563, completed instructions: 38/4980, actively running or decoding instructions: 3, waiting windows: 928/2836. Max active instruction index: 36
2024-11-07 19:54:30 | Simulation update: decoder round 20596, completed instructions: 38/4980, actively running or decoding instructions: 3, waiting windows: 928/2839. Max active instruction index: 36
2024-11-07 19:54:40 | Simulation update: decoder round 20629, completed instructions: 38/4980, actively running or decoding instructions: 3, waiting windows: 928/2842. Max active instruction index: 36
2024-11-07 19:54:50 | Simulation update: decoder round 20661, completed instructions: 38/4980, actively running or decoding instructions: 3, waiting windows: 929/2845. Max active instruction index: 36
2024-11-07 19:55:00 | Simulation update: decoder round 20693, completed instructions: 38/4980, actively running or decoding instructions: 3, waiting windows: 928/2847. Max active instruction index: 36
2024-11-07 19:55:10 | Simulation update: decoder round 20725, completed instructions: 38/4980, actively running or decoding instructions: 3, waiting windows: 928/2850. Max active instruction index: 36
2024-11-07 19:55:20 | Simulation update: decoder round 20757, completed instructions: 38/4980, actively running or decoding instructions: 3, waiting windows: 929/2853. Max active instruction index: 36
2024-11-07 19:55:30 | Simulation update: decoder round 20789, completed instructions: 38/4980, actively running or decoding instructions: 3, waiting windows: 928/2855. Max active instruction index: 36
2024-11-07 19:55:40 | Simulation update: decoder round 20821, completed instructions: 38/4980, actively running or decoding instructions: 3, waiting windows: 928/2858. Max active instruction index: 36
2024-11-07 19:55:51 | Simulation update: decoder round 20853, completed instructions: 38/4980, actively running or decoding instructions: 3, waiting windows: 929/2861. Max active instruction index: 36
2024-11-07 19:56:01 | Simulation update: decoder round 20885, completed instructions: 38/4980, actively running or decoding instructions: 3, waiting windows: 928/2863. Max active instruction index: 36
2024-11-07 19:56:11 | Simulation update: decoder round 20917, completed instructions: 38/4980, actively running or decoding instructions: 3, waiting windows: 928/2866. Max active instruction index: 36
2024-11-07 19:56:21 | Simulation update: decoder round 20949, completed instructions: 38/4980, actively running or decoding instructions: 3, waiting windows: 929/2869. Max active instruction index: 36
2024-11-07 19:56:31 | Simulation update: decoder round 20981, completed instructions: 38/4980, actively running or decoding instructions: 3, waiting windows: 928/2871. Max active instruction index: 36
2024-11-07 19:56:41 | Simulation update: decoder round 21013, completed instructions: 38/4980, actively running or decoding instructions: 3, waiting windows: 928/2874. Max active instruction index: 36
2024-11-07 19:56:51 | Simulation update: decoder round 21045, completed instructions: 38/4980, actively running or decoding instructions: 3, waiting windows: 929/2877. Max active instruction index: 36
2024-11-07 19:57:01 | Simulation update: decoder round 21077, completed instructions: 38/4980, actively running or decoding instructions: 3, waiting windows: 928/2879. Max active instruction index: 36
2024-11-07 19:57:11 | Simulation update: decoder round 21109, completed instructions: 38/4980, actively running or decoding instructions: 3, waiting windows: 928/2882. Max active instruction index: 36
2024-11-07 19:57:22 | Simulation update: decoder round 21141, completed instructions: 38/4980, actively running or decoding instructions: 3, waiting windows: 929/2885. Max active instruction index: 36
2024-11-07 19:57:32 | Simulation update: decoder round 21173, completed instructions: 38/4980, actively running or decoding instructions: 3, waiting windows: 928/2887. Max active instruction index: 36
2024-11-07 19:57:42 | Simulation update: decoder round 21205, completed instructions: 38/4980, actively running or decoding instructions: 3, waiting windows: 928/2890. Max active instruction index: 36
2024-11-07 19:57:52 | Simulation update: decoder round 21237, completed instructions: 38/4980, actively running or decoding instructions: 3, waiting windows: 929/2893. Max active instruction index: 36
2024-11-07 19:58:02 | Simulation update: decoder round 21269, completed instructions: 38/4980, actively running or decoding instructions: 3, waiting windows: 928/2895. Max active instruction index: 36
2024-11-07 19:58:13 | Simulation update: decoder round 21301, completed instructions: 38/4980, actively running or decoding instructions: 3, waiting windows: 928/2898. Max active instruction index: 36
2024-11-07 19:58:23 | Simulation update: decoder round 21333, completed instructions: 38/4980, actively running or decoding instructions: 3, waiting windows: 929/2901. Max active instruction index: 36
2024-11-07 19:58:33 | Simulation update: decoder round 21365, completed instructions: 38/4980, actively running or decoding instructions: 3, waiting windows: 928/2903. Max active instruction index: 36
2024-11-07 19:58:44 | Simulation update: decoder round 21397, completed instructions: 38/4980, actively running or decoding instructions: 3, waiting windows: 928/2906. Max active instruction index: 36
2024-11-07 19:58:54 | Simulation update: decoder round 21429, completed instructions: 38/4980, actively running or decoding instructions: 3, waiting windows: 929/2909. Max active instruction index: 36
2024-11-07 19:59:04 | Simulation update: decoder round 21460, completed instructions: 38/4980, actively running or decoding instructions: 3, waiting windows: 928/2911. Max active instruction index: 36
2024-11-07 19:59:14 | Simulation update: decoder round 21491, completed instructions: 38/4980, actively running or decoding instructions: 3, waiting windows: 928/2914. Max active instruction index: 36
2024-11-07 19:59:24 | Simulation update: decoder round 21523, completed instructions: 38/4980, actively running or decoding instructions: 3, waiting windows: 928/2916. Max active instruction index: 36
2024-11-07 19:59:34 | Simulation update: decoder round 21554, completed instructions: 38/4980, actively running or decoding instructions: 3, waiting windows: 928/2919. Max active instruction index: 36
2024-11-07 19:59:44 | Simulation update: decoder round 21585, completed instructions: 38/4980, actively running or decoding instructions: 3, waiting windows: 928/2922. Max active instruction index: 36
2024-11-07 19:59:54 | Simulation update: decoder round 21616, completed instructions: 38/4980, actively running or decoding instructions: 3, waiting windows: 928/2924. Max active instruction index: 36
2024-11-07 20:00:04 | Simulation update: decoder round 21647, completed instructions: 38/4980, actively running or decoding instructions: 3, waiting windows: 929/2927. Max active instruction index: 36
2024-11-07 20:00:15 | Simulation update: decoder round 21678, completed instructions: 38/4980, actively running or decoding instructions: 3, waiting windows: 928/2929. Max active instruction index: 36
2024-11-07 20:00:25 | Simulation update: decoder round 21709, completed instructions: 38/4980, actively running or decoding instructions: 3, waiting windows: 928/2932. Max active instruction index: 36
2024-11-07 20:00:35 | Simulation update: decoder round 21740, completed instructions: 38/4980, actively running or decoding instructions: 3, waiting windows: 928/2934. Max active instruction index: 36
2024-11-07 20:00:45 | Simulation update: decoder round 21771, completed instructions: 38/4980, actively running or decoding instructions: 3, waiting windows: 928/2937. Max active instruction index: 36
2024-11-07 20:00:55 | Simulation update: decoder round 21802, completed instructions: 38/4980, actively running or decoding instructions: 3, waiting windows: 928/2940. Max active instruction index: 36
2024-11-07 20:01:05 | Simulation update: decoder round 21833, completed instructions: 38/4980, actively running or decoding instructions: 3, waiting windows: 928/2942. Max active instruction index: 36
2024-11-07 20:01:15 | Simulation update: decoder round 21864, completed instructions: 38/4980, actively running or decoding instructions: 3, waiting windows: 929/2945. Max active instruction index: 36
2024-11-07 20:01:25 | Simulation update: decoder round 21895, completed instructions: 38/4980, actively running or decoding instructions: 3, waiting windows: 928/2947. Max active instruction index: 36
2024-11-07 20:01:36 | Simulation update: decoder round 21926, completed instructions: 38/4980, actively running or decoding instructions: 3, waiting windows: 928/2950. Max active instruction index: 36
2024-11-07 20:01:46 | Simulation update: decoder round 21957, completed instructions: 38/4980, actively running or decoding instructions: 3, waiting windows: 929/2953. Max active instruction index: 36
2024-11-07 20:01:56 | Simulation update: decoder round 21988, completed instructions: 38/4980, actively running or decoding instructions: 3, waiting windows: 928/2955. Max active instruction index: 36
2024-11-07 20:02:06 | Simulation update: decoder round 22019, completed instructions: 38/4980, actively running or decoding instructions: 3, waiting windows: 928/2958. Max active instruction index: 36
2024-11-07 20:02:16 | Simulation update: decoder round 22050, completed instructions: 38/4980, actively running or decoding instructions: 3, waiting windows: 928/2960. Max active instruction index: 36
2024-11-07 20:02:26 | Simulation update: decoder round 22081, completed instructions: 38/4980, actively running or decoding instructions: 3, waiting windows: 928/2963. Max active instruction index: 36
2024-11-07 20:02:37 | Simulation update: decoder round 22112, completed instructions: 38/4980, actively running or decoding instructions: 3, waiting windows: 927/2965. Max active instruction index: 36
2024-11-07 20:02:47 | Simulation update: decoder round 22143, completed instructions: 38/4980, actively running or decoding instructions: 3, waiting windows: 928/2968. Max active instruction index: 36
2024-11-07 20:02:57 | Simulation update: decoder round 22174, completed instructions: 38/4980, actively running or decoding instructions: 3, waiting windows: 929/2971. Max active instruction index: 36
2024-11-07 20:03:07 | Simulation update: decoder round 22205, completed instructions: 38/4980, actively running or decoding instructions: 3, waiting windows: 929/2973. Max active instruction index: 36
2024-11-07 20:03:17 | Simulation update: decoder round 22235, completed instructions: 38/4980, actively running or decoding instructions: 3, waiting windows: 931/2976. Max active instruction index: 36
2024-11-07 20:03:27 | Simulation update: decoder round 22265, completed instructions: 38/4980, actively running or decoding instructions: 3, waiting windows: 932/2978. Max active instruction index: 36
2024-11-07 20:03:37 | Simulation update: decoder round 22295, completed instructions: 38/4980, actively running or decoding instructions: 3, waiting windows: 934/2981. Max active instruction index: 36
2024-11-07 20:03:47 | Simulation update: decoder round 22325, completed instructions: 38/4980, actively running or decoding instructions: 3, waiting windows: 934/2983. Max active instruction index: 36
2024-11-07 20:03:57 | Simulation update: decoder round 22355, completed instructions: 38/4980, actively running or decoding instructions: 3, waiting windows: 936/2986. Max active instruction index: 36
2024-11-07 20:04:08 | Simulation update: decoder round 22385, completed instructions: 38/4980, actively running or decoding instructions: 3, waiting windows: 937/2988. Max active instruction index: 36
2024-11-07 20:04:18 | Simulation update: decoder round 22415, completed instructions: 38/4980, actively running or decoding instructions: 3, waiting windows: 939/2991. Max active instruction index: 36
2024-11-07 20:04:28 | Simulation update: decoder round 22445, completed instructions: 38/4980, actively running or decoding instructions: 3, waiting windows: 939/2993. Max active instruction index: 36
2024-11-07 20:04:38 | Simulation update: decoder round 22475, completed instructions: 38/4980, actively running or decoding instructions: 3, waiting windows: 941/2996. Max active instruction index: 36
2024-11-07 20:04:48 | Simulation update: decoder round 22505, completed instructions: 38/4980, actively running or decoding instructions: 3, waiting windows: 942/2998. Max active instruction index: 36
2024-11-07 20:04:59 | Simulation update: decoder round 22535, completed instructions: 38/4980, actively running or decoding instructions: 3, waiting windows: 944/3001. Max active instruction index: 36
2024-11-07 20:05:09 | Simulation update: decoder round 22565, completed instructions: 38/4980, actively running or decoding instructions: 3, waiting windows: 944/3003. Max active instruction index: 36
2024-11-07 20:05:19 | Simulation update: decoder round 22595, completed instructions: 38/4980, actively running or decoding instructions: 3, waiting windows: 946/3006. Max active instruction index: 36
2024-11-07 20:05:29 | Simulation update: decoder round 22624, completed instructions: 38/4980, actively running or decoding instructions: 3, waiting windows: 947/3008. Max active instruction index: 36
2024-11-07 20:05:39 | Simulation update: decoder round 22653, completed instructions: 38/4980, actively running or decoding instructions: 3, waiting windows: 949/3011. Max active instruction index: 36
2024-11-07 20:05:49 | Simulation update: decoder round 22682, completed instructions: 38/4980, actively running or decoding instructions: 3, waiting windows: 949/3013. Max active instruction index: 36
2024-11-07 20:05:59 | Simulation update: decoder round 22711, completed instructions: 38/4980, actively running or decoding instructions: 3, waiting windows: 950/3015. Max active instruction index: 36
2024-11-07 20:06:10 | Simulation update: decoder round 22740, completed instructions: 38/4980, actively running or decoding instructions: 3, waiting windows: 952/3018. Max active instruction index: 36
2024-11-07 20:06:20 | Simulation update: decoder round 22769, completed instructions: 38/4980, actively running or decoding instructions: 3, waiting windows: 953/3020. Max active instruction index: 36
2024-11-07 20:06:30 | Simulation update: decoder round 22798, completed instructions: 38/4980, actively running or decoding instructions: 3, waiting windows: 955/3023. Max active instruction index: 36
2024-11-07 20:06:40 | Simulation update: decoder round 22827, completed instructions: 38/4980, actively running or decoding instructions: 3, waiting windows: 955/3025. Max active instruction index: 36
2024-11-07 20:06:50 | Simulation update: decoder round 22856, completed instructions: 38/4980, actively running or decoding instructions: 3, waiting windows: 956/3027. Max active instruction index: 36
2024-11-07 20:07:00 | Simulation update: decoder round 22885, completed instructions: 38/4980, actively running or decoding instructions: 3, waiting windows: 958/3030. Max active instruction index: 36
2024-11-07 20:07:11 | Simulation update: decoder round 22914, completed instructions: 38/4980, actively running or decoding instructions: 3, waiting windows: 959/3032. Max active instruction index: 36
2024-11-07 20:07:21 | Simulation update: decoder round 22943, completed instructions: 38/4980, actively running or decoding instructions: 3, waiting windows: 961/3035. Max active instruction index: 36
2024-11-07 20:07:31 | Simulation update: decoder round 22972, completed instructions: 38/4980, actively running or decoding instructions: 3, waiting windows: 961/3037. Max active instruction index: 36
2024-11-07 20:07:42 | Simulation update: decoder round 23001, completed instructions: 38/4980, actively running or decoding instructions: 3, waiting windows: 963/3040. Max active instruction index: 36
2024-11-07 20:07:52 | Simulation update: decoder round 23029, completed instructions: 38/4980, actively running or decoding instructions: 3, waiting windows: 964/3042. Max active instruction index: 36
2024-11-07 20:08:02 | Simulation update: decoder round 23057, completed instructions: 38/4980, actively running or decoding instructions: 3, waiting windows: 965/3044. Max active instruction index: 36
2024-11-07 20:08:12 | Simulation update: decoder round 23085, completed instructions: 38/4980, actively running or decoding instructions: 3, waiting windows: 967/3047. Max active instruction index: 36
2024-11-07 20:08:22 | Simulation update: decoder round 23113, completed instructions: 38/4980, actively running or decoding instructions: 3, waiting windows: 967/3049. Max active instruction index: 36
2024-11-07 20:08:32 | Simulation update: decoder round 23141, completed instructions: 38/4980, actively running or decoding instructions: 3, waiting windows: 968/3051. Max active instruction index: 36
2024-11-07 20:08:42 | Simulation update: decoder round 23169, completed instructions: 38/4980, actively running or decoding instructions: 3, waiting windows: 970/3054. Max active instruction index: 36
2024-11-07 20:08:52 | Simulation update: decoder round 23197, completed instructions: 38/4980, actively running or decoding instructions: 3, waiting windows: 971/3056. Max active instruction index: 36
2024-11-07 20:09:03 | Simulation update: decoder round 23225, completed instructions: 38/4980, actively running or decoding instructions: 3, waiting windows: 972/3058. Max active instruction index: 36
2024-11-07 20:09:13 | Simulation update: decoder round 23253, completed instructions: 38/4980, actively running or decoding instructions: 3, waiting windows: 974/3061. Max active instruction index: 36
2024-11-07 20:09:23 | Simulation update: decoder round 23281, completed instructions: 38/4980, actively running or decoding instructions: 3, waiting windows: 974/3063. Max active instruction index: 36
2024-11-07 20:09:33 | Simulation update: decoder round 23309, completed instructions: 38/4980, actively running or decoding instructions: 3, waiting windows: 975/3065. Max active instruction index: 36
2024-11-07 20:09:44 | Simulation update: decoder round 23337, completed instructions: 38/4980, actively running or decoding instructions: 3, waiting windows: 977/3068. Max active instruction index: 36
2024-11-07 20:09:54 | Simulation update: decoder round 23365, completed instructions: 38/4980, actively running or decoding instructions: 3, waiting windows: 978/3070. Max active instruction index: 36
2024-11-07 20:10:04 | Simulation update: decoder round 23393, completed instructions: 38/4980, actively running or decoding instructions: 3, waiting windows: 979/3072. Max active instruction index: 36
2024-11-07 20:10:06 | Finished simulation
2024-11-07 20:10:06 | Finished saving output. Done! Total elapsed time: 0:55:00.460831
