CONFIG 212
benchmark_file: slurm/data/20241107_191502/benchmarks/random_t_1000_42_0.lss
decoder_latency_or_dist_filename: 12
distance: 12
max_parallel_processes: None
rng: 0
scheduling_method: sliding
speculation_accuracy: 1.0
speculation_latency: 1
speculation_mode: None
2024-11-07 19:15:21 | Loading benchmark slurm/data/20241107_191502/benchmarks/random_t_1000_42_0.lss...
2024-11-07 19:15:21 | Starting simulation
2024-11-07 19:15:21 | Simulation update: decoder round 1, completed instructions: 0/4980, actively running or decoding instructions: 1, waiting windows: 0/0. Max active instruction index: 0
2024-11-07 19:15:31 | Simulation update: decoder round 21657, completed instructions: 394/4980, actively running or decoding instructions: 4, waiting windows: 39/2172. Max active instruction index: 392
2024-11-07 19:15:41 | Simulation update: decoder round 31849, completed instructions: 484/4980, actively running or decoding instructions: 3, waiting windows: 47/3227. Max active instruction index: 482
2024-11-07 19:15:51 | Simulation update: decoder round 40079, completed instructions: 549/4980, actively running or decoding instructions: 4, waiting windows: 52/4032. Max active instruction index: 547
2024-11-07 19:16:01 | Simulation update: decoder round 47066, completed instructions: 599/4980, actively running or decoding instructions: 3, waiting windows: 58/4687. Max active instruction index: 597
2024-11-07 19:16:11 | Simulation update: decoder round 53034, completed instructions: 640/4980, actively running or decoding instructions: 3, waiting windows: 64/5285. Max active instruction index: 637
2024-11-07 19:16:21 | Simulation update: decoder round 58542, completed instructions: 675/4980, actively running or decoding instructions: 3, waiting windows: 66/5809. Max active instruction index: 672
2024-11-07 19:16:31 | Simulation update: decoder round 63800, completed instructions: 704/4980, actively running or decoding instructions: 4, waiting windows: 67/6362. Max active instruction index: 702
2024-11-07 19:16:41 | Simulation update: decoder round 68669, completed instructions: 734/4980, actively running or decoding instructions: 3, waiting windows: 70/6777. Max active instruction index: 732
2024-11-07 19:16:51 | Simulation update: decoder round 73177, completed instructions: 759/4980, actively running or decoding instructions: 3, waiting windows: 72/7231. Max active instruction index: 757
2024-11-07 19:17:01 | Simulation update: decoder round 77501, completed instructions: 785/4980, actively running or decoding instructions: 4, waiting windows: 76/7625. Max active instruction index: 782
2024-11-07 19:17:11 | Simulation update: decoder round 81599, completed instructions: 803/4980, actively running or decoding instructions: 3, waiting windows: 75/8019. Max active instruction index: 801
2024-11-07 19:17:21 | Simulation update: decoder round 85525, completed instructions: 824/4980, actively running or decoding instructions: 4, waiting windows: 79/8422. Max active instruction index: 821
2024-11-07 19:17:31 | Simulation update: decoder round 89209, completed instructions: 843/4980, actively running or decoding instructions: 4, waiting windows: 80/8823. Max active instruction index: 841
2024-11-07 19:17:41 | Simulation update: decoder round 92796, completed instructions: 863/4980, actively running or decoding instructions: 3, waiting windows: 81/9127. Max active instruction index: 861
2024-11-07 19:17:51 | Simulation update: decoder round 96262, completed instructions: 879/4980, actively running or decoding instructions: 4, waiting windows: 84/9468. Max active instruction index: 876
2024-11-07 19:18:01 | Simulation update: decoder round 99578, completed instructions: 893/4980, actively running or decoding instructions: 4, waiting windows: 85/9785. Max active instruction index: 891
2024-11-07 19:18:11 | Simulation update: decoder round 102814, completed instructions: 908/4980, actively running or decoding instructions: 3, waiting windows: 85/10058. Max active instruction index: 906
2024-11-07 19:18:21 | Simulation update: decoder round 105906, completed instructions: 923/4980, actively running or decoding instructions: 3, waiting windows: 90/10465. Max active instruction index: 920
2024-11-07 19:18:31 | Simulation update: decoder round 108934, completed instructions: 937/4980, actively running or decoding instructions: 4, waiting windows: 88/10841. Max active instruction index: 935
2024-11-07 19:18:41 | Simulation update: decoder round 111931, completed instructions: 952/4980, actively running or decoding instructions: 3, waiting windows: 90/11095. Max active instruction index: 950
2024-11-07 19:18:51 | Simulation update: decoder round 114854, completed instructions: 962/4980, actively running or decoding instructions: 4, waiting windows: 91/11342. Max active instruction index: 960
2024-11-07 19:19:01 | Simulation update: decoder round 117704, completed instructions: 977/4980, actively running or decoding instructions: 4, waiting windows: 93/11584. Max active instruction index: 975
2024-11-07 19:19:11 | Simulation update: decoder round 120481, completed instructions: 987/4980, actively running or decoding instructions: 4, waiting windows: 93/11818. Max active instruction index: 985
2024-11-07 19:19:21 | Simulation update: decoder round 123223, completed instructions: 998/4980, actively running or decoding instructions: 3, waiting windows: 94/12049. Max active instruction index: 999
2024-11-07 19:19:31 | Simulation update: decoder round 125899, completed instructions: 1012/4980, actively running or decoding instructions: 4, waiting windows: 96/12277. Max active instruction index: 1010
2024-11-07 19:19:41 | Simulation update: decoder round 128505, completed instructions: 1022/4980, actively running or decoding instructions: 4, waiting windows: 96/12497. Max active instruction index: 1020
2024-11-07 19:19:51 | Simulation update: decoder round 131067, completed instructions: 1032/4980, actively running or decoding instructions: 4, waiting windows: 97/12713. Max active instruction index: 1030
2024-11-07 19:20:01 | Simulation update: decoder round 133565, completed instructions: 1042/4980, actively running or decoding instructions: 3, waiting windows: 98/13022. Max active instruction index: 1040
2024-11-07 19:20:11 | Simulation update: decoder round 136039, completed instructions: 1052/4980, actively running or decoding instructions: 3, waiting windows: 99/13231. Max active instruction index: 1050
2024-11-07 19:20:21 | Simulation update: decoder round 138461, completed instructions: 1062/4980, actively running or decoding instructions: 3, waiting windows: 101/13437. Max active instruction index: 1060
2024-11-07 19:20:31 | Simulation update: decoder round 140840, completed instructions: 1072/4980, actively running or decoding instructions: 3, waiting windows: 102/13638. Max active instruction index: 1070
2024-11-07 19:20:41 | Simulation update: decoder round 143118, completed instructions: 1082/4980, actively running or decoding instructions: 4, waiting windows: 104/13935. Max active instruction index: 1080
2024-11-07 19:20:51 | Simulation update: decoder round 145372, completed instructions: 1092/4980, actively running or decoding instructions: 4, waiting windows: 105/14126. Max active instruction index: 1090
2024-11-07 19:21:01 | Simulation update: decoder round 147590, completed instructions: 1097/4980, actively running or decoding instructions: 4, waiting windows: 105/14312. Max active instruction index: 1095
2024-11-07 19:21:11 | Simulation update: decoder round 149786, completed instructions: 1108/4980, actively running or decoding instructions: 3, waiting windows: 107/14549. Max active instruction index: 1105
2024-11-07 19:21:21 | Simulation update: decoder round 151950, completed instructions: 1117/4980, actively running or decoding instructions: 3, waiting windows: 107/14787. Max active instruction index: 1115
2024-11-07 19:21:31 | Simulation update: decoder round 154092, completed instructions: 1122/4980, actively running or decoding instructions: 4, waiting windows: 107/14967. Max active instruction index: 1120
2024-11-07 19:21:41 | Simulation update: decoder round 156148, completed instructions: 1132/4980, actively running or decoding instructions: 2, waiting windows: 110/15286. Max active instruction index: 1129
2024-11-07 19:21:51 | Simulation update: decoder round 158212, completed instructions: 1136/4980, actively running or decoding instructions: 3, waiting windows: 109/15531. Max active instruction index: 1134
2024-11-07 19:22:01 | Simulation update: decoder round 160215, completed instructions: 1146/4980, actively running or decoding instructions: 3, waiting windows: 111/15812. Max active instruction index: 1144
2024-11-07 19:22:11 | Simulation update: decoder round 162221, completed instructions: 1151/4980, actively running or decoding instructions: 4, waiting windows: 111/15980. Max active instruction index: 1149
2024-11-07 19:22:21 | Simulation update: decoder round 164221, completed instructions: 1161/4980, actively running or decoding instructions: 4, waiting windows: 111/16149. Max active instruction index: 1159
2024-11-07 19:22:31 | Simulation update: decoder round 166188, completed instructions: 1167/4980, actively running or decoding instructions: 4, waiting windows: 113/16396. Max active instruction index: 1164
2024-11-07 19:22:41 | Simulation update: decoder round 168137, completed instructions: 1176/4980, actively running or decoding instructions: 4, waiting windows: 113/16592. Max active instruction index: 1174
2024-11-07 19:22:51 | Simulation update: decoder round 170074, completed instructions: 1181/4980, actively running or decoding instructions: 3, waiting windows: 113/16755. Max active instruction index: 1179
2024-11-07 19:23:01 | Simulation update: decoder round 171976, completed instructions: 1187/4980, actively running or decoding instructions: 4, waiting windows: 115/17017. Max active instruction index: 1184
2024-11-07 19:23:11 | Simulation update: decoder round 173884, completed instructions: 1196/4980, actively running or decoding instructions: 4, waiting windows: 114/17190. Max active instruction index: 1194
2024-11-07 19:23:21 | Simulation update: decoder round 175783, completed instructions: 1201/4980, actively running or decoding instructions: 3, waiting windows: 115/17350. Max active instruction index: 1199
2024-11-07 19:23:31 | Simulation update: decoder round 177653, completed instructions: 1206/4980, actively running or decoding instructions: 4, waiting windows: 116/17508. Max active instruction index: 1204
2024-11-07 19:23:41 | Simulation update: decoder round 179511, completed instructions: 1216/4980, actively running or decoding instructions: 3, waiting windows: 116/17665. Max active instruction index: 1214
2024-11-07 19:23:51 | Simulation update: decoder round 181367, completed instructions: 1221/4980, actively running or decoding instructions: 4, waiting windows: 116/17821. Max active instruction index: 1219
2024-11-07 19:24:01 | Simulation update: decoder round 183200, completed instructions: 1226/4980, actively running or decoding instructions: 4, waiting windows: 117/17975. Max active instruction index: 1224
2024-11-07 19:24:11 | Simulation update: decoder round 185017, completed instructions: 1237/4980, actively running or decoding instructions: 4, waiting windows: 120/18134. Max active instruction index: 1234
2024-11-07 19:24:21 | Simulation update: decoder round 186789, completed instructions: 1241/4980, actively running or decoding instructions: 3, waiting windows: 118/18397. Max active instruction index: 1239
2024-11-07 19:24:31 | Simulation update: decoder round 188557, completed instructions: 1247/4980, actively running or decoding instructions: 4, waiting windows: 120/18603. Max active instruction index: 1244
2024-11-07 19:24:41 | Simulation update: decoder round 190297, completed instructions: 1252/4980, actively running or decoding instructions: 3, waiting windows: 121/18894. Max active instruction index: 1249
2024-11-07 19:24:51 | Simulation update: decoder round 192037, completed instructions: 1256/4980, actively running or decoding instructions: 3, waiting windows: 119/19077. Max active instruction index: 1254
2024-11-07 19:25:01 | Simulation update: decoder round 193773, completed instructions: 1267/4980, actively running or decoding instructions: 4, waiting windows: 122/19230. Max active instruction index: 1264
2024-11-07 19:25:11 | Simulation update: decoder round 195461, completed instructions: 1272/4980, actively running or decoding instructions: 3, waiting windows: 123/19512. Max active instruction index: 1269
2024-11-07 19:25:21 | Simulation update: decoder round 197141, completed instructions: 1276/4980, actively running or decoding instructions: 3, waiting windows: 122/19752. Max active instruction index: 1274
2024-11-07 19:25:31 | Simulation update: decoder round 198829, completed instructions: 1281/4980, actively running or decoding instructions: 4, waiting windows: 122/19894. Max active instruction index: 1279
2024-11-07 19:25:41 | Simulation update: decoder round 200505, completed instructions: 1286/4980, actively running or decoding instructions: 3, waiting windows: 122/20035. Max active instruction index: 1284
2024-11-07 19:25:51 | Simulation update: decoder round 202188, completed instructions: 1291/4980, actively running or decoding instructions: 4, waiting windows: 122/20176. Max active instruction index: 1289
2024-11-07 19:26:01 | Simulation update: decoder round 203865, completed instructions: 1296/4980, actively running or decoding instructions: 4, waiting windows: 122/20317. Max active instruction index: 1294
2024-11-07 19:26:11 | Simulation update: decoder round 205520, completed instructions: 1301/4980, actively running or decoding instructions: 4, waiting windows: 124/20457. Max active instruction index: 1299
2024-11-07 19:26:21 | Simulation update: decoder round 207146, completed instructions: 1306/4980, actively running or decoding instructions: 3, waiting windows: 124/20594. Max active instruction index: 1304
2024-11-07 19:26:31 | Simulation update: decoder round 208776, completed instructions: 1316/4980, actively running or decoding instructions: 3, waiting windows: 125/20733. Max active instruction index: 1314
2024-11-07 19:26:41 | Simulation update: decoder round 210379, completed instructions: 1322/4980, actively running or decoding instructions: 3, waiting windows: 129/20874. Max active instruction index: 1319
2024-11-07 19:26:51 | Simulation update: decoder round 211934, completed instructions: 1326/4980, actively running or decoding instructions: 3, waiting windows: 127/21127. Max active instruction index: 1324
2024-11-07 19:27:01 | Simulation update: decoder round 213492, completed instructions: 1331/4980, actively running or decoding instructions: 4, waiting windows: 127/21258. Max active instruction index: 1329
2024-11-07 19:27:11 | Simulation update: decoder round 215039, completed instructions: 1337/4980, actively running or decoding instructions: 3, waiting windows: 129/21393. Max active instruction index: 1334
2024-11-07 19:27:21 | Simulation update: decoder round 216564, completed instructions: 1341/4980, actively running or decoding instructions: 3, waiting windows: 128/21645. Max active instruction index: 1339
2024-11-07 19:27:31 | Simulation update: decoder round 218092, completed instructions: 1346/4980, actively running or decoding instructions: 3, waiting windows: 129/21774. Max active instruction index: 1344
2024-11-07 19:27:41 | Simulation update: decoder round 219612, completed instructions: 1346/4980, actively running or decoding instructions: 2, waiting windows: 128/21900. Max active instruction index: 1344
2024-11-07 19:27:51 | Simulation update: decoder round 221108, completed instructions: 1351/4980, actively running or decoding instructions: 4, waiting windows: 129/22026. Max active instruction index: 1349
2024-11-07 19:28:01 | Simulation update: decoder round 222598, completed instructions: 1356/4980, actively running or decoding instructions: 4, waiting windows: 129/22152. Max active instruction index: 1354
2024-11-07 19:28:11 | Simulation update: decoder round 224081, completed instructions: 1361/4980, actively running or decoding instructions: 3, waiting windows: 130/22277. Max active instruction index: 1359
2024-11-07 19:28:21 | Simulation update: decoder round 225554, completed instructions: 1366/4980, actively running or decoding instructions: 4, waiting windows: 130/22401. Max active instruction index: 1364
2024-11-07 19:28:31 | Simulation update: decoder round 227016, completed instructions: 1371/4980, actively running or decoding instructions: 4, waiting windows: 131/22525. Max active instruction index: 1369
2024-11-07 19:28:41 | Simulation update: decoder round 228459, completed instructions: 1376/4980, actively running or decoding instructions: 4, waiting windows: 132/22647. Max active instruction index: 1374
2024-11-07 19:28:51 | Simulation update: decoder round 229895, completed instructions: 1381/4980, actively running or decoding instructions: 4, waiting windows: 132/22768. Max active instruction index: 1379
2024-11-07 19:29:01 | Simulation update: decoder round 231331, completed instructions: 1386/4980, actively running or decoding instructions: 3, waiting windows: 133/22889. Max active instruction index: 1384
2024-11-07 19:29:11 | Simulation update: decoder round 232747, completed instructions: 1392/4980, actively running or decoding instructions: 4, waiting windows: 135/23020. Max active instruction index: 1389
2024-11-07 19:29:21 | Simulation update: decoder round 234130, completed instructions: 1392/4980, actively running or decoding instructions: 4, waiting windows: 135/23251. Max active instruction index: 1389
2024-11-07 19:29:31 | Simulation update: decoder round 235535, completed instructions: 1396/4980, actively running or decoding instructions: 4, waiting windows: 133/23376. Max active instruction index: 1394
2024-11-07 19:29:41 | Simulation update: decoder round 236938, completed instructions: 1401/4980, actively running or decoding instructions: 4, waiting windows: 133/23494. Max active instruction index: 1399
2024-11-07 19:29:51 | Simulation update: decoder round 238339, completed instructions: 1406/4980, actively running or decoding instructions: 4, waiting windows: 134/23612. Max active instruction index: 1404
2024-11-07 19:30:01 | Simulation update: decoder round 239731, completed instructions: 1412/4980, actively running or decoding instructions: 4, waiting windows: 137/23780. Max active instruction index: 1409
2024-11-07 19:30:11 | Simulation update: decoder round 241095, completed instructions: 1416/4980, actively running or decoding instructions: 3, waiting windows: 135/23980. Max active instruction index: 1414
2024-11-07 19:30:21 | Simulation update: decoder round 242458, completed instructions: 1421/4980, actively running or decoding instructions: 4, waiting windows: 135/24095. Max active instruction index: 1419
2024-11-07 19:30:31 | Simulation update: decoder round 243823, completed instructions: 1421/4980, actively running or decoding instructions: 4, waiting windows: 136/24209. Max active instruction index: 1419
2024-11-07 19:30:41 | Simulation update: decoder round 245173, completed instructions: 1427/4980, actively running or decoding instructions: 4, waiting windows: 138/24410. Max active instruction index: 1424
2024-11-07 19:30:51 | Simulation update: decoder round 246502, completed instructions: 1431/4980, actively running or decoding instructions: 3, waiting windows: 136/24571. Max active instruction index: 1429
2024-11-07 19:31:01 | Simulation update: decoder round 247841, completed instructions: 1436/4980, actively running or decoding instructions: 4, waiting windows: 138/24685. Max active instruction index: 1434
2024-11-07 19:31:11 | Simulation update: decoder round 249181, completed instructions: 1442/4980, actively running or decoding instructions: 4, waiting windows: 140/24801. Max active instruction index: 1439
2024-11-07 19:31:21 | Simulation update: decoder round 250490, completed instructions: 1442/4980, actively running or decoding instructions: 4, waiting windows: 140/25019. Max active instruction index: 1439
2024-11-07 19:31:31 | Simulation update: decoder round 251799, completed instructions: 1446/4980, actively running or decoding instructions: 3, waiting windows: 138/25155. Max active instruction index: 1444
2024-11-07 19:31:41 | Simulation update: decoder round 253125, completed instructions: 1451/4980, actively running or decoding instructions: 3, waiting windows: 138/25267. Max active instruction index: 1449
2024-11-07 19:31:51 | Simulation update: decoder round 254434, completed instructions: 1457/4980, actively running or decoding instructions: 3, waiting windows: 141/25394. Max active instruction index: 1454
2024-11-07 19:32:01 | Simulation update: decoder round 255712, completed instructions: 1457/4980, actively running or decoding instructions: 3, waiting windows: 142/25608. Max active instruction index: 1454
2024-11-07 19:32:11 | Simulation update: decoder round 256983, completed instructions: 1461/4980, actively running or decoding instructions: 3, waiting windows: 140/25732. Max active instruction index: 1459
2024-11-07 19:32:21 | Simulation update: decoder round 258266, completed instructions: 1466/4980, actively running or decoding instructions: 3, waiting windows: 140/25840. Max active instruction index: 1464
2024-11-07 19:32:31 | Simulation update: decoder round 259553, completed instructions: 1471/4980, actively running or decoding instructions: 3, waiting windows: 140/25948. Max active instruction index: 1469
2024-11-07 19:32:41 | Simulation update: decoder round 260834, completed instructions: 1471/4980, actively running or decoding instructions: 3, waiting windows: 140/26055. Max active instruction index: 1469
2024-11-07 19:32:51 | Simulation update: decoder round 262100, completed instructions: 1476/4980, actively running or decoding instructions: 4, waiting windows: 141/26162. Max active instruction index: 1474
2024-11-07 19:33:01 | Simulation update: decoder round 263367, completed instructions: 1481/4980, actively running or decoding instructions: 3, waiting windows: 141/26269. Max active instruction index: 1479
2024-11-07 19:33:11 | Simulation update: decoder round 264636, completed instructions: 1486/4980, actively running or decoding instructions: 4, waiting windows: 141/26376. Max active instruction index: 1484
2024-11-07 19:33:21 | Simulation update: decoder round 265894, completed instructions: 1486/4980, actively running or decoding instructions: 4, waiting windows: 141/26481. Max active instruction index: 1484
2024-11-07 19:33:31 | Simulation update: decoder round 267151, completed instructions: 1492/4980, actively running or decoding instructions: 4, waiting windows: 144/26656. Max active instruction index: 1489
2024-11-07 19:33:41 | Simulation update: decoder round 268393, completed instructions: 1497/4980, actively running or decoding instructions: 4, waiting windows: 144/26863. Max active instruction index: 1494
2024-11-07 19:33:51 | Simulation update: decoder round 269631, completed instructions: 1497/4980, actively running or decoding instructions: 4, waiting windows: 144/27069. Max active instruction index: 1494
2024-11-07 19:34:01 | Simulation update: decoder round 270858, completed instructions: 1501/4980, actively running or decoding instructions: 3, waiting windows: 145/27274. Max active instruction index: 1498
2024-11-07 19:34:11 | Simulation update: decoder round 272083, completed instructions: 1505/4980, actively running or decoding instructions: 4, waiting windows: 143/27429. Max active instruction index: 1503
2024-11-07 19:34:21 | Simulation update: decoder round 273314, completed instructions: 1511/4980, actively running or decoding instructions: 3, waiting windows: 146/27540. Max active instruction index: 1508
2024-11-07 19:34:31 | Simulation update: decoder round 274526, completed instructions: 1511/4980, actively running or decoding instructions: 3, waiting windows: 146/27742. Max active instruction index: 1508
2024-11-07 19:34:41 | Simulation update: decoder round 275731, completed instructions: 1516/4980, actively running or decoding instructions: 4, waiting windows: 146/27941. Max active instruction index: 1513
2024-11-07 19:34:51 | Simulation update: decoder round 276937, completed instructions: 1520/4980, actively running or decoding instructions: 4, waiting windows: 144/28126. Max active instruction index: 1518
2024-11-07 19:35:01 | Simulation update: decoder round 278143, completed instructions: 1520/4980, actively running or decoding instructions: 4, waiting windows: 144/28226. Max active instruction index: 1518
2024-11-07 19:35:11 | Simulation update: decoder round 279356, completed instructions: 1525/4980, actively running or decoding instructions: 4, waiting windows: 145/28329. Max active instruction index: 1523
2024-11-07 19:35:21 | Simulation update: decoder round 280575, completed instructions: 1530/4980, actively running or decoding instructions: 4, waiting windows: 145/28432. Max active instruction index: 1528
2024-11-07 19:35:31 | Simulation update: decoder round 281783, completed instructions: 1530/4980, actively running or decoding instructions: 4, waiting windows: 145/28533. Max active instruction index: 1528
2024-11-07 19:35:41 | Simulation update: decoder round 282977, completed instructions: 1535/4980, actively running or decoding instructions: 4, waiting windows: 146/28634. Max active instruction index: 1533
2024-11-07 19:35:51 | Simulation update: decoder round 284169, completed instructions: 1540/4980, actively running or decoding instructions: 4, waiting windows: 146/28735. Max active instruction index: 1538
2024-11-07 19:36:01 | Simulation update: decoder round 285351, completed instructions: 1540/4980, actively running or decoding instructions: 4, waiting windows: 146/28833. Max active instruction index: 1538
2024-11-07 19:36:11 | Simulation update: decoder round 286533, completed instructions: 1545/4980, actively running or decoding instructions: 3, waiting windows: 146/28933. Max active instruction index: 1543
2024-11-07 19:36:21 | Simulation update: decoder round 287711, completed instructions: 1550/4980, actively running or decoding instructions: 3, waiting windows: 147/29033. Max active instruction index: 1548
2024-11-07 19:36:31 | Simulation update: decoder round 288873, completed instructions: 1550/4980, actively running or decoding instructions: 3, waiting windows: 147/29130. Max active instruction index: 1548
2024-11-07 19:36:41 | Simulation update: decoder round 290034, completed instructions: 1555/4980, actively running or decoding instructions: 3, waiting windows: 148/29228. Max active instruction index: 1553
2024-11-07 19:36:51 | Simulation update: decoder round 291196, completed instructions: 1560/4980, actively running or decoding instructions: 4, waiting windows: 148/29326. Max active instruction index: 1558
2024-11-07 19:37:01 | Simulation update: decoder round 292358, completed instructions: 1560/4980, actively running or decoding instructions: 4, waiting windows: 148/29423. Max active instruction index: 1558
2024-11-07 19:37:11 | Simulation update: decoder round 293516, completed instructions: 1565/4980, actively running or decoding instructions: 3, waiting windows: 149/29521. Max active instruction index: 1563
2024-11-07 19:37:21 | Simulation update: decoder round 294673, completed instructions: 1565/4980, actively running or decoding instructions: 2, waiting windows: 148/29617. Max active instruction index: 1563
2024-11-07 19:37:31 | Simulation update: decoder round 295807, completed instructions: 1571/4980, actively running or decoding instructions: 4, waiting windows: 151/29804. Max active instruction index: 1568
2024-11-07 19:37:41 | Simulation update: decoder round 296936, completed instructions: 1575/4980, actively running or decoding instructions: 3, waiting windows: 149/29957. Max active instruction index: 1573
2024-11-07 19:37:51 | Simulation update: decoder round 298075, completed instructions: 1575/4980, actively running or decoding instructions: 3, waiting windows: 149/30052. Max active instruction index: 1573
2024-11-07 19:38:01 | Simulation update: decoder round 299215, completed instructions: 1580/4980, actively running or decoding instructions: 4, waiting windows: 150/30149. Max active instruction index: 1578
2024-11-07 19:38:11 | Simulation update: decoder round 300354, completed instructions: 1586/4980, actively running or decoding instructions: 3, waiting windows: 152/30260. Max active instruction index: 1583
2024-11-07 19:38:21 | Simulation update: decoder round 301480, completed instructions: 1586/4980, actively running or decoding instructions: 3, waiting windows: 152/30448. Max active instruction index: 1583
2024-11-07 19:38:31 | Simulation update: decoder round 302600, completed instructions: 1590/4980, actively running or decoding instructions: 3, waiting windows: 150/30583. Max active instruction index: 1588
2024-11-07 19:38:41 | Simulation update: decoder round 303727, completed instructions: 1590/4980, actively running or decoding instructions: 3, waiting windows: 150/30677. Max active instruction index: 1588
2024-11-07 19:38:52 | Simulation update: decoder round 304851, completed instructions: 1595/4980, actively running or decoding instructions: 4, waiting windows: 151/30773. Max active instruction index: 1593
2024-11-07 19:39:02 | Simulation update: decoder round 305968, completed instructions: 1600/4980, actively running or decoding instructions: 4, waiting windows: 151/30867. Max active instruction index: 1598
2024-11-07 19:39:12 | Simulation update: decoder round 307086, completed instructions: 1600/4980, actively running or decoding instructions: 4, waiting windows: 151/30960. Max active instruction index: 1598
2024-11-07 19:39:22 | Simulation update: decoder round 308194, completed instructions: 1605/4980, actively running or decoding instructions: 3, waiting windows: 151/31054. Max active instruction index: 1603
2024-11-07 19:39:32 | Simulation update: decoder round 309297, completed instructions: 1605/4980, actively running or decoding instructions: 3, waiting windows: 151/31146. Max active instruction index: 1603
2024-11-07 19:39:42 | Simulation update: decoder round 310389, completed instructions: 1610/4980, actively running or decoding instructions: 4, waiting windows: 151/31238. Max active instruction index: 1608
2024-11-07 19:39:52 | Simulation update: decoder round 311484, completed instructions: 1615/4980, actively running or decoding instructions: 3, waiting windows: 152/31331. Max active instruction index: 1613
2024-11-07 19:40:02 | Simulation update: decoder round 312587, completed instructions: 1615/4980, actively running or decoding instructions: 3, waiting windows: 152/31423. Max active instruction index: 1613
2024-11-07 19:40:12 | Simulation update: decoder round 313696, completed instructions: 1620/4980, actively running or decoding instructions: 4, waiting windows: 153/31517. Max active instruction index: 1618
2024-11-07 19:40:22 | Simulation update: decoder round 314787, completed instructions: 1620/4980, actively running or decoding instructions: 4, waiting windows: 153/31608. Max active instruction index: 1618
2024-11-07 19:40:32 | Simulation update: decoder round 315866, completed instructions: 1625/4980, actively running or decoding instructions: 3, waiting windows: 153/31699. Max active instruction index: 1623
2024-11-07 19:40:42 | Simulation update: decoder round 316947, completed instructions: 1630/4980, actively running or decoding instructions: 3, waiting windows: 154/31791. Max active instruction index: 1628
2024-11-07 19:40:52 | Simulation update: decoder round 318027, completed instructions: 1630/4980, actively running or decoding instructions: 3, waiting windows: 154/31881. Max active instruction index: 1628
2024-11-07 19:41:02 | Simulation update: decoder round 319109, completed instructions: 1635/4980, actively running or decoding instructions: 4, waiting windows: 154/31972. Max active instruction index: 1633
2024-11-07 19:41:12 | Simulation update: decoder round 320188, completed instructions: 1635/4980, actively running or decoding instructions: 4, waiting windows: 154/32062. Max active instruction index: 1633
2024-11-07 19:41:22 | Simulation update: decoder round 321250, completed instructions: 1641/4980, actively running or decoding instructions: 3, waiting windows: 156/32205. Max active instruction index: 1638
2024-11-07 19:41:32 | Simulation update: decoder round 322293, completed instructions: 1641/4980, actively running or decoding instructions: 3, waiting windows: 156/32379. Max active instruction index: 1638
2024-11-07 19:41:42 | Simulation update: decoder round 323343, completed instructions: 1644/4980, actively running or decoding instructions: 2, waiting windows: 155/32483. Max active instruction index: 1642
2024-11-07 19:41:52 | Simulation update: decoder round 324403, completed instructions: 1649/4980, actively running or decoding instructions: 4, waiting windows: 156/32573. Max active instruction index: 1647
2024-11-07 19:42:02 | Simulation update: decoder round 325466, completed instructions: 1649/4980, actively running or decoding instructions: 4, waiting windows: 155/32661. Max active instruction index: 1647
2024-11-07 19:42:12 | Simulation update: decoder round 326524, completed instructions: 1654/4980, actively running or decoding instructions: 3, waiting windows: 156/32751. Max active instruction index: 1652
2024-11-07 19:42:22 | Simulation update: decoder round 327573, completed instructions: 1654/4980, actively running or decoding instructions: 3, waiting windows: 155/32838. Max active instruction index: 1652
2024-11-07 19:42:32 | Simulation update: decoder round 328620, completed instructions: 1659/4980, actively running or decoding instructions: 4, waiting windows: 156/32927. Max active instruction index: 1657
2024-11-07 19:42:42 | Simulation update: decoder round 329665, completed instructions: 1659/4980, actively running or decoding instructions: 4, waiting windows: 156/33014. Max active instruction index: 1657
2024-11-07 19:42:52 | Simulation update: decoder round 330687, completed instructions: 1664/4980, actively running or decoding instructions: 3, waiting windows: 157/33101. Max active instruction index: 1662
2024-11-07 19:43:02 | Simulation update: decoder round 331721, completed instructions: 1664/4980, actively running or decoding instructions: 3, waiting windows: 157/33187. Max active instruction index: 1662
2024-11-07 19:43:12 | Simulation update: decoder round 332744, completed instructions: 1669/4980, actively running or decoding instructions: 3, waiting windows: 158/33274. Max active instruction index: 1667
2024-11-07 19:43:22 | Simulation update: decoder round 333763, completed instructions: 1669/4980, actively running or decoding instructions: 3, waiting windows: 158/33359. Max active instruction index: 1667
2024-11-07 19:43:32 | Simulation update: decoder round 334788, completed instructions: 1674/4980, actively running or decoding instructions: 4, waiting windows: 158/33446. Max active instruction index: 1672
2024-11-07 19:43:42 | Simulation update: decoder round 335810, completed instructions: 1674/4980, actively running or decoding instructions: 4, waiting windows: 158/33531. Max active instruction index: 1672
2024-11-07 19:43:52 | Simulation update: decoder round 336827, completed instructions: 1679/4980, actively running or decoding instructions: 4, waiting windows: 158/33617. Max active instruction index: 1677
2024-11-07 19:44:02 | Simulation update: decoder round 337843, completed instructions: 1682/4980, actively running or decoding instructions: 4, waiting windows: 159/33702. Max active instruction index: 1682
2024-11-07 19:44:12 | Simulation update: decoder round 338856, completed instructions: 1684/4980, actively running or decoding instructions: 4, waiting windows: 159/33788. Max active instruction index: 1682
2024-11-07 19:44:22 | Simulation update: decoder round 339870, completed instructions: 1689/4980, actively running or decoding instructions: 3, waiting windows: 160/33874. Max active instruction index: 1687
2024-11-07 19:44:32 | Simulation update: decoder round 340877, completed instructions: 1689/4980, actively running or decoding instructions: 3, waiting windows: 159/33957. Max active instruction index: 1687
2024-11-07 19:44:42 | Simulation update: decoder round 341883, completed instructions: 1694/4980, actively running or decoding instructions: 4, waiting windows: 160/34043. Max active instruction index: 1692
2024-11-07 19:44:52 | Simulation update: decoder round 342878, completed instructions: 1694/4980, actively running or decoding instructions: 4, waiting windows: 160/34126. Max active instruction index: 1692
2024-11-07 19:45:02 | Simulation update: decoder round 343872, completed instructions: 1699/4980, actively running or decoding instructions: 3, waiting windows: 161/34211. Max active instruction index: 1697
2024-11-07 19:45:12 | Simulation update: decoder round 344857, completed instructions: 1699/4980, actively running or decoding instructions: 3, waiting windows: 161/34293. Max active instruction index: 1697
2024-11-07 19:45:22 | Simulation update: decoder round 345840, completed instructions: 1704/4980, actively running or decoding instructions: 4, waiting windows: 161/34376. Max active instruction index: 1702
2024-11-07 19:45:32 | Simulation update: decoder round 346818, completed instructions: 1704/4980, actively running or decoding instructions: 4, waiting windows: 162/34458. Max active instruction index: 1702
2024-11-07 19:45:42 | Simulation update: decoder round 347802, completed instructions: 1709/4980, actively running or decoding instructions: 4, waiting windows: 162/34541. Max active instruction index: 1707
2024-11-07 19:45:52 | Simulation update: decoder round 348784, completed instructions: 1709/4980, actively running or decoding instructions: 4, waiting windows: 162/34623. Max active instruction index: 1707
2024-11-07 19:46:02 | Simulation update: decoder round 349759, completed instructions: 1714/4980, actively running or decoding instructions: 4, waiting windows: 163/34706. Max active instruction index: 1712
2024-11-07 19:46:12 | Simulation update: decoder round 350725, completed instructions: 1714/4980, actively running or decoding instructions: 4, waiting windows: 163/34787. Max active instruction index: 1712
2024-11-07 19:46:22 | Simulation update: decoder round 351690, completed instructions: 1720/4980, actively running or decoding instructions: 4, waiting windows: 166/34872. Max active instruction index: 1717
2024-11-07 19:46:32 | Simulation update: decoder round 352644, completed instructions: 1720/4980, actively running or decoding instructions: 4, waiting windows: 165/35031. Max active instruction index: 1717
2024-11-07 19:46:42 | Simulation update: decoder round 353596, completed instructions: 1720/4980, actively running or decoding instructions: 2, waiting windows: 165/35189. Max active instruction index: 1717
2024-11-07 19:46:52 | Simulation update: decoder round 354535, completed instructions: 1725/4980, actively running or decoding instructions: 3, waiting windows: 166/35347. Max active instruction index: 1722
2024-11-07 19:47:02 | Simulation update: decoder round 355473, completed instructions: 1725/4980, actively running or decoding instructions: 3, waiting windows: 165/35503. Max active instruction index: 1722
2024-11-07 19:47:12 | Simulation update: decoder round 356412, completed instructions: 1729/4980, actively running or decoding instructions: 3, waiting windows: 164/35593. Max active instruction index: 1727
2024-11-07 19:47:22 | Simulation update: decoder round 357361, completed instructions: 1729/4980, actively running or decoding instructions: 3, waiting windows: 164/35672. Max active instruction index: 1727
2024-11-07 19:47:32 | Simulation update: decoder round 358310, completed instructions: 1734/4980, actively running or decoding instructions: 4, waiting windows: 164/35752. Max active instruction index: 1732
2024-11-07 19:47:42 | Simulation update: decoder round 359253, completed instructions: 1734/4980, actively running or decoding instructions: 4, waiting windows: 164/35831. Max active instruction index: 1732
2024-11-07 19:47:52 | Simulation update: decoder round 360195, completed instructions: 1739/4980, actively running or decoding instructions: 3, waiting windows: 165/35911. Max active instruction index: 1737
2024-11-07 19:48:02 | Simulation update: decoder round 361137, completed instructions: 1739/4980, actively running or decoding instructions: 3, waiting windows: 164/35989. Max active instruction index: 1737
2024-11-07 19:48:12 | Simulation update: decoder round 362077, completed instructions: 1744/4980, actively running or decoding instructions: 4, waiting windows: 165/36069. Max active instruction index: 1742
2024-11-07 19:48:22 | Simulation update: decoder round 363015, completed instructions: 1744/4980, actively running or decoding instructions: 4, waiting windows: 165/36147. Max active instruction index: 1742
2024-11-07 19:48:32 | Simulation update: decoder round 363953, completed instructions: 1750/4980, actively running or decoding instructions: 4, waiting windows: 168/36249. Max active instruction index: 1747
2024-11-07 19:48:42 | Simulation update: decoder round 364879, completed instructions: 1750/4980, actively running or decoding instructions: 4, waiting windows: 168/36403. Max active instruction index: 1747
2024-11-07 19:48:52 | Simulation update: decoder round 365803, completed instructions: 1754/4980, actively running or decoding instructions: 3, waiting windows: 166/36548. Max active instruction index: 1752
2024-11-07 19:49:02 | Simulation update: decoder round 366733, completed instructions: 1754/4980, actively running or decoding instructions: 3, waiting windows: 166/36626. Max active instruction index: 1752
2024-11-07 19:49:12 | Simulation update: decoder round 367662, completed instructions: 1754/4980, actively running or decoding instructions: 3, waiting windows: 166/36703. Max active instruction index: 1752
2024-11-07 19:49:22 | Simulation update: decoder round 368580, completed instructions: 1759/4980, actively running or decoding instructions: 4, waiting windows: 167/36782. Max active instruction index: 1757
2024-11-07 19:49:32 | Simulation update: decoder round 369495, completed instructions: 1759/4980, actively running or decoding instructions: 4, waiting windows: 167/36858. Max active instruction index: 1757
2024-11-07 19:49:42 | Simulation update: decoder round 370406, completed instructions: 1764/4980, actively running or decoding instructions: 4, waiting windows: 167/36935. Max active instruction index: 1762
2024-11-07 19:49:52 | Simulation update: decoder round 371314, completed instructions: 1764/4980, actively running or decoding instructions: 4, waiting windows: 167/37011. Max active instruction index: 1762
2024-11-07 19:50:02 | Simulation update: decoder round 372231, completed instructions: 1769/4980, actively running or decoding instructions: 3, waiting windows: 168/37089. Max active instruction index: 1767
2024-11-07 19:50:12 | Simulation update: decoder round 373143, completed instructions: 1769/4980, actively running or decoding instructions: 3, waiting windows: 168/37165. Max active instruction index: 1767
2024-11-07 19:50:22 | Simulation update: decoder round 374055, completed instructions: 1774/4980, actively running or decoding instructions: 3, waiting windows: 168/37242. Max active instruction index: 1772
2024-11-07 19:50:32 | Simulation update: decoder round 374966, completed instructions: 1774/4980, actively running or decoding instructions: 3, waiting windows: 168/37318. Max active instruction index: 1772
2024-11-07 19:50:42 | Simulation update: decoder round 375876, completed instructions: 1774/4980, actively running or decoding instructions: 3, waiting windows: 168/37394. Max active instruction index: 1772
2024-11-07 19:50:52 | Simulation update: decoder round 376782, completed instructions: 1779/4980, actively running or decoding instructions: 4, waiting windows: 168/37470. Max active instruction index: 1777
2024-11-07 19:51:02 | Simulation update: decoder round 377691, completed instructions: 1779/4980, actively running or decoding instructions: 4, waiting windows: 168/37546. Max active instruction index: 1777
2024-11-07 19:51:12 | Simulation update: decoder round 378595, completed instructions: 1784/4980, actively running or decoding instructions: 4, waiting windows: 169/37623. Max active instruction index: 1782
2024-11-07 19:51:22 | Simulation update: decoder round 379496, completed instructions: 1784/4980, actively running or decoding instructions: 4, waiting windows: 169/37698. Max active instruction index: 1782
2024-11-07 19:51:32 | Simulation update: decoder round 380394, completed instructions: 1789/4980, actively running or decoding instructions: 3, waiting windows: 170/37775. Max active instruction index: 1787
2024-11-07 19:51:42 | Simulation update: decoder round 381289, completed instructions: 1789/4980, actively running or decoding instructions: 3, waiting windows: 169/37849. Max active instruction index: 1787
2024-11-07 19:51:52 | Simulation update: decoder round 382182, completed instructions: 1794/4980, actively running or decoding instructions: 3, waiting windows: 171/37925. Max active instruction index: 1792
2024-11-07 19:52:02 | Simulation update: decoder round 383073, completed instructions: 1794/4980, actively running or decoding instructions: 3, waiting windows: 169/37999. Max active instruction index: 1792
2024-11-07 19:52:12 | Simulation update: decoder round 383971, completed instructions: 1794/4980, actively running or decoding instructions: 3, waiting windows: 170/38074. Max active instruction index: 1792
2024-11-07 19:52:22 | Simulation update: decoder round 384865, completed instructions: 1799/4980, actively running or decoding instructions: 4, waiting windows: 170/38150. Max active instruction index: 1797
2024-11-07 19:52:32 | Simulation update: decoder round 385756, completed instructions: 1799/4980, actively running or decoding instructions: 4, waiting windows: 170/38224. Max active instruction index: 1797
2024-11-07 19:52:42 | Simulation update: decoder round 386641, completed instructions: 1805/4980, actively running or decoding instructions: 4, waiting windows: 173/38321. Max active instruction index: 1802
2024-11-07 19:52:52 | Simulation update: decoder round 387517, completed instructions: 1805/4980, actively running or decoding instructions: 4, waiting windows: 173/38467. Max active instruction index: 1802
2024-11-07 19:53:02 | Simulation update: decoder round 388391, completed instructions: 1805/4980, actively running or decoding instructions: 3, waiting windows: 173/38613. Max active instruction index: 1802
2024-11-07 19:53:12 | Simulation update: decoder round 389262, completed instructions: 1809/4980, actively running or decoding instructions: 3, waiting windows: 171/38690. Max active instruction index: 1807
2024-11-07 19:53:22 | Simulation update: decoder round 390138, completed instructions: 1809/4980, actively running or decoding instructions: 3, waiting windows: 171/38763. Max active instruction index: 1807
2024-11-07 19:53:32 | Simulation update: decoder round 391013, completed instructions: 1815/4980, actively running or decoding instructions: 3, waiting windows: 174/38877. Max active instruction index: 1812
2024-11-07 19:53:42 | Simulation update: decoder round 391881, completed instructions: 1815/4980, actively running or decoding instructions: 3, waiting windows: 174/39022. Max active instruction index: 1812
2024-11-07 19:53:52 | Simulation update: decoder round 392742, completed instructions: 1820/4980, actively running or decoding instructions: 3, waiting windows: 175/39165. Max active instruction index: 1817
2024-11-07 19:54:02 | Simulation update: decoder round 393601, completed instructions: 1820/4980, actively running or decoding instructions: 3, waiting windows: 174/39308. Max active instruction index: 1817
2024-11-07 19:54:12 | Simulation update: decoder round 394460, completed instructions: 1820/4980, actively running or decoding instructions: 3, waiting windows: 175/39452. Max active instruction index: 1817
2024-11-07 19:54:22 | Simulation update: decoder round 395312, completed instructions: 1824/4980, actively running or decoding instructions: 3, waiting windows: 173/39544. Max active instruction index: 1822
2024-11-07 19:54:32 | Simulation update: decoder round 396174, completed instructions: 1824/4980, actively running or decoding instructions: 3, waiting windows: 173/39616. Max active instruction index: 1822
2024-11-07 19:54:42 | Simulation update: decoder round 397042, completed instructions: 1830/4980, actively running or decoding instructions: 4, waiting windows: 175/39707. Max active instruction index: 1827
2024-11-07 19:54:52 | Simulation update: decoder round 397902, completed instructions: 1830/4980, actively running or decoding instructions: 4, waiting windows: 175/39850. Max active instruction index: 1827
2024-11-07 19:55:02 | Simulation update: decoder round 398756, completed instructions: 1830/4980, actively running or decoding instructions: 4, waiting windows: 175/39992. Max active instruction index: 1827
2024-11-07 19:55:12 | Simulation update: decoder round 399603, completed instructions: 1834/4980, actively running or decoding instructions: 3, waiting windows: 174/40078. Max active instruction index: 1832
2024-11-07 19:55:22 | Simulation update: decoder round 400462, completed instructions: 1834/4980, actively running or decoding instructions: 3, waiting windows: 173/40149. Max active instruction index: 1832
2024-11-07 19:55:32 | Simulation update: decoder round 401318, completed instructions: 1839/4980, actively running or decoding instructions: 4, waiting windows: 174/40222. Max active instruction index: 1837
2024-11-07 19:55:42 | Simulation update: decoder round 402170, completed instructions: 1839/4980, actively running or decoding instructions: 4, waiting windows: 174/40293. Max active instruction index: 1837
2024-11-07 19:55:52 | Simulation update: decoder round 403022, completed instructions: 1839/4980, actively running or decoding instructions: 4, waiting windows: 174/40364. Max active instruction index: 1837
2024-11-07 19:56:02 | Simulation update: decoder round 403870, completed instructions: 1845/4980, actively running or decoding instructions: 3, waiting windows: 176/40492. Max active instruction index: 1842
2024-11-07 19:56:12 | Simulation update: decoder round 404711, completed instructions: 1845/4980, actively running or decoding instructions: 3, waiting windows: 176/40632. Max active instruction index: 1842
2024-11-07 19:56:22 | Simulation update: decoder round 405552, completed instructions: 1849/4980, actively running or decoding instructions: 3, waiting windows: 174/40752. Max active instruction index: 1847
2024-11-07 19:56:32 | Simulation update: decoder round 406394, completed instructions: 1849/4980, actively running or decoding instructions: 3, waiting windows: 174/40822. Max active instruction index: 1847
2024-11-07 19:56:42 | Simulation update: decoder round 407243, completed instructions: 1849/4980, actively running or decoding instructions: 3, waiting windows: 174/40893. Max active instruction index: 1847
2024-11-07 19:56:52 | Simulation update: decoder round 408089, completed instructions: 1854/4980, actively running or decoding instructions: 3, waiting windows: 175/40965. Max active instruction index: 1852
2024-11-07 19:57:02 | Simulation update: decoder round 408933, completed instructions: 1854/4980, actively running or decoding instructions: 3, waiting windows: 174/41035. Max active instruction index: 1852
2024-11-07 19:57:12 | Simulation update: decoder round 409777, completed instructions: 1859/4980, actively running or decoding instructions: 3, waiting windows: 174/41106. Max active instruction index: 1857
2024-11-07 19:57:22 | Simulation update: decoder round 410627, completed instructions: 1859/4980, actively running or decoding instructions: 3, waiting windows: 174/41177. Max active instruction index: 1857
2024-11-07 19:57:32 | Simulation update: decoder round 411477, completed instructions: 1859/4980, actively running or decoding instructions: 3, waiting windows: 174/41248. Max active instruction index: 1857
2024-11-07 19:57:42 | Simulation update: decoder round 412324, completed instructions: 1864/4980, actively running or decoding instructions: 4, waiting windows: 175/41320. Max active instruction index: 1862
2024-11-07 19:57:52 | Simulation update: decoder round 413161, completed instructions: 1864/4980, actively running or decoding instructions: 4, waiting windows: 175/41390. Max active instruction index: 1862
2024-11-07 19:58:02 | Simulation update: decoder round 413996, completed instructions: 1869/4980, actively running or decoding instructions: 4, waiting windows: 177/41462. Max active instruction index: 1867
2024-11-07 19:58:12 | Simulation update: decoder round 414827, completed instructions: 1869/4980, actively running or decoding instructions: 4, waiting windows: 176/41531. Max active instruction index: 1867
2024-11-07 19:58:22 | Simulation update: decoder round 415655, completed instructions: 1869/4980, actively running or decoding instructions: 4, waiting windows: 176/41600. Max active instruction index: 1867
2024-11-07 19:58:32 | Simulation update: decoder round 416486, completed instructions: 1874/4980, actively running or decoding instructions: 4, waiting windows: 176/41670. Max active instruction index: 1872
2024-11-07 19:58:42 | Simulation update: decoder round 417318, completed instructions: 1874/4980, actively running or decoding instructions: 4, waiting windows: 177/41740. Max active instruction index: 1872
2024-11-07 19:58:52 | Simulation update: decoder round 418148, completed instructions: 1875/4980, actively running or decoding instructions: 2, waiting windows: 177/41809. Max active instruction index: 1875
2024-11-07 19:59:02 | Simulation update: decoder round 418974, completed instructions: 1879/4980, actively running or decoding instructions: 3, waiting windows: 177/41879. Max active instruction index: 1877
2024-11-07 19:59:12 | Simulation update: decoder round 419798, completed instructions: 1879/4980, actively running or decoding instructions: 3, waiting windows: 177/41948. Max active instruction index: 1877
2024-11-07 19:59:22 | Simulation update: decoder round 420622, completed instructions: 1884/4980, actively running or decoding instructions: 3, waiting windows: 177/42018. Max active instruction index: 1882
2024-11-07 19:59:32 | Simulation update: decoder round 421442, completed instructions: 1884/4980, actively running or decoding instructions: 3, waiting windows: 177/42086. Max active instruction index: 1882
2024-11-07 19:59:42 | Simulation update: decoder round 422263, completed instructions: 1884/4980, actively running or decoding instructions: 3, waiting windows: 178/42155. Max active instruction index: 1882
2024-11-07 19:59:52 | Simulation update: decoder round 423079, completed instructions: 1889/4980, actively running or decoding instructions: 4, waiting windows: 179/42225. Max active instruction index: 1887
2024-11-07 20:00:02 | Simulation update: decoder round 423893, completed instructions: 1889/4980, actively running or decoding instructions: 4, waiting windows: 179/42293. Max active instruction index: 1887
2024-11-07 20:00:12 | Simulation update: decoder round 424705, completed instructions: 1895/4980, actively running or decoding instructions: 3, waiting windows: 179/42361. Max active instruction index: 1892
2024-11-07 20:00:22 | Simulation update: decoder round 425510, completed instructions: 1895/4980, actively running or decoding instructions: 3, waiting windows: 180/42495. Max active instruction index: 1892
2024-11-07 20:00:32 | Simulation update: decoder round 426314, completed instructions: 1895/4980, actively running or decoding instructions: 3, waiting windows: 180/42629. Max active instruction index: 1892
2024-11-07 20:00:42 | Simulation update: decoder round 427117, completed instructions: 1899/4980, actively running or decoding instructions: 3, waiting windows: 178/42742. Max active instruction index: 1897
2024-11-07 20:00:52 | Simulation update: decoder round 427919, completed instructions: 1899/4980, actively running or decoding instructions: 3, waiting windows: 178/42809. Max active instruction index: 1897
2024-11-07 20:01:02 | Simulation update: decoder round 428729, completed instructions: 1899/4980, actively running or decoding instructions: 3, waiting windows: 179/42877. Max active instruction index: 1897
2024-11-07 20:01:12 | Simulation update: decoder round 429537, completed instructions: 1904/4980, actively running or decoding instructions: 3, waiting windows: 179/42946. Max active instruction index: 1902
2024-11-07 20:01:22 | Simulation update: decoder round 430343, completed instructions: 1904/4980, actively running or decoding instructions: 3, waiting windows: 179/43013. Max active instruction index: 1902
2024-11-07 20:01:32 | Simulation update: decoder round 431151, completed instructions: 1904/4980, actively running or decoding instructions: 3, waiting windows: 179/43080. Max active instruction index: 1902
2024-11-07 20:01:42 | Simulation update: decoder round 431953, completed instructions: 1909/4980, actively running or decoding instructions: 4, waiting windows: 179/43148. Max active instruction index: 1907
2024-11-07 20:01:52 | Simulation update: decoder round 432763, completed instructions: 1909/4980, actively running or decoding instructions: 4, waiting windows: 180/43216. Max active instruction index: 1907
2024-11-07 20:02:02 | Simulation update: decoder round 433567, completed instructions: 1914/4980, actively running or decoding instructions: 3, waiting windows: 181/43285. Max active instruction index: 1912
2024-11-07 20:02:12 | Simulation update: decoder round 434359, completed instructions: 1914/4980, actively running or decoding instructions: 3, waiting windows: 181/43351. Max active instruction index: 1912
2024-11-07 20:02:22 | Simulation update: decoder round 435152, completed instructions: 1914/4980, actively running or decoding instructions: 3, waiting windows: 181/43417. Max active instruction index: 1912
2024-11-07 20:02:32 | Simulation update: decoder round 435944, completed instructions: 1919/4980, actively running or decoding instructions: 4, waiting windows: 181/43484. Max active instruction index: 1917
2024-11-07 20:02:42 | Simulation update: decoder round 436737, completed instructions: 1919/4980, actively running or decoding instructions: 4, waiting windows: 180/43550. Max active instruction index: 1917
2024-11-07 20:02:52 | Simulation update: decoder round 437529, completed instructions: 1919/4980, actively running or decoding instructions: 4, waiting windows: 180/43616. Max active instruction index: 1917
2024-11-07 20:03:02 | Simulation update: decoder round 438317, completed instructions: 1925/4980, actively running or decoding instructions: 4, waiting windows: 183/43722. Max active instruction index: 1922
2024-11-07 20:03:12 | Simulation update: decoder round 439102, completed instructions: 1925/4980, actively running or decoding instructions: 4, waiting windows: 183/43854. Max active instruction index: 1922
2024-11-07 20:03:22 | Simulation update: decoder round 439882, completed instructions: 1925/4980, actively running or decoding instructions: 4, waiting windows: 183/43984. Max active instruction index: 1922
2024-11-07 20:03:32 | Simulation update: decoder round 440657, completed instructions: 1929/4980, actively running or decoding instructions: 3, waiting windows: 182/44062. Max active instruction index: 1927
2024-11-07 20:03:42 | Simulation update: decoder round 441438, completed instructions: 1929/4980, actively running or decoding instructions: 3, waiting windows: 182/44127. Max active instruction index: 1927
2024-11-07 20:03:52 | Simulation update: decoder round 442226, completed instructions: 1930/4980, actively running or decoding instructions: 3, waiting windows: 182/44193. Max active instruction index: 1931
2024-11-07 20:04:02 | Simulation update: decoder round 443011, completed instructions: 1934/4980, actively running or decoding instructions: 3, waiting windows: 183/44260. Max active instruction index: 1932
2024-11-07 20:04:12 | Simulation update: decoder round 443794, completed instructions: 1934/4980, actively running or decoding instructions: 3, waiting windows: 182/44325. Max active instruction index: 1932
2024-11-07 20:04:22 | Simulation update: decoder round 444581, completed instructions: 1940/4980, actively running or decoding instructions: 4, waiting windows: 185/44398. Max active instruction index: 1937
2024-11-07 20:04:32 | Simulation update: decoder round 445352, completed instructions: 1940/4980, actively running or decoding instructions: 4, waiting windows: 185/44527. Max active instruction index: 1937
2024-11-07 20:04:42 | Simulation update: decoder round 446118, completed instructions: 1940/4980, actively running or decoding instructions: 4, waiting windows: 185/44654. Max active instruction index: 1937
2024-11-07 20:04:52 | Simulation update: decoder round 446884, completed instructions: 1944/4980, actively running or decoding instructions: 4, waiting windows: 183/44768. Max active instruction index: 1942
2024-11-07 20:05:02 | Simulation update: decoder round 447654, completed instructions: 1944/4980, actively running or decoding instructions: 4, waiting windows: 184/44833. Max active instruction index: 1942
2024-11-07 20:05:12 | Simulation update: decoder round 448425, completed instructions: 1944/4980, actively running or decoding instructions: 4, waiting windows: 183/44897. Max active instruction index: 1942
2024-11-07 20:05:22 | Simulation update: decoder round 449195, completed instructions: 1949/4980, actively running or decoding instructions: 4, waiting windows: 183/44962. Max active instruction index: 1947
2024-11-07 20:05:32 | Simulation update: decoder round 449966, completed instructions: 1949/4980, actively running or decoding instructions: 4, waiting windows: 183/45026. Max active instruction index: 1947
2024-11-07 20:05:42 | Simulation update: decoder round 450737, completed instructions: 1949/4980, actively running or decoding instructions: 4, waiting windows: 184/45091. Max active instruction index: 1947
2024-11-07 20:05:52 | Simulation update: decoder round 451506, completed instructions: 1955/4980, actively running or decoding instructions: 4, waiting windows: 186/45181. Max active instruction index: 1952
2024-11-07 20:06:02 | Simulation update: decoder round 452260, completed instructions: 1955/4980, actively running or decoding instructions: 4, waiting windows: 186/45307. Max active instruction index: 1952
2024-11-07 20:06:12 | Simulation update: decoder round 453024, completed instructions: 1955/4980, actively running or decoding instructions: 4, waiting windows: 186/45435. Max active instruction index: 1952
2024-11-07 20:06:22 | Simulation update: decoder round 453784, completed instructions: 1958/4980, actively running or decoding instructions: 3, waiting windows: 184/45531. Max active instruction index: 1956
2024-11-07 20:06:32 | Simulation update: decoder round 454548, completed instructions: 1958/4980, actively running or decoding instructions: 3, waiting windows: 184/45595. Max active instruction index: 1956
2024-11-07 20:06:42 | Simulation update: decoder round 455310, completed instructions: 1958/4980, actively running or decoding instructions: 3, waiting windows: 185/45659. Max active instruction index: 1956
2024-11-07 20:06:52 | Simulation update: decoder round 456075, completed instructions: 1963/4980, actively running or decoding instructions: 4, waiting windows: 184/45723. Max active instruction index: 1961
2024-11-07 20:07:02 | Simulation update: decoder round 456843, completed instructions: 1963/4980, actively running or decoding instructions: 4, waiting windows: 184/45787. Max active instruction index: 1961
2024-11-07 20:07:12 | Simulation update: decoder round 457613, completed instructions: 1963/4980, actively running or decoding instructions: 4, waiting windows: 185/45852. Max active instruction index: 1961
2024-11-07 20:07:22 | Simulation update: decoder round 458384, completed instructions: 1968/4980, actively running or decoding instructions: 4, waiting windows: 185/45917. Max active instruction index: 1966
2024-11-07 20:07:32 | Simulation update: decoder round 459155, completed instructions: 1968/4980, actively running or decoding instructions: 4, waiting windows: 184/45981. Max active instruction index: 1966
2024-11-07 20:07:42 | Simulation update: decoder round 459919, completed instructions: 1968/4980, actively running or decoding instructions: 4, waiting windows: 185/46045. Max active instruction index: 1966
2024-11-07 20:07:53 | Simulation update: decoder round 460672, completed instructions: 1973/4980, actively running or decoding instructions: 3, waiting windows: 186/46110. Max active instruction index: 1971
2024-11-07 20:08:03 | Simulation update: decoder round 461425, completed instructions: 1973/4980, actively running or decoding instructions: 3, waiting windows: 185/46172. Max active instruction index: 1971
2024-11-07 20:08:13 | Simulation update: decoder round 462187, completed instructions: 1973/4980, actively running or decoding instructions: 3, waiting windows: 186/46236. Max active instruction index: 1971
2024-11-07 20:08:23 | Simulation update: decoder round 462951, completed instructions: 1978/4980, actively running or decoding instructions: 4, waiting windows: 186/46301. Max active instruction index: 1976
2024-11-07 20:08:33 | Simulation update: decoder round 463712, completed instructions: 1978/4980, actively running or decoding instructions: 4, waiting windows: 186/46364. Max active instruction index: 1976
2024-11-07 20:08:43 | Simulation update: decoder round 464468, completed instructions: 1978/4980, actively running or decoding instructions: 4, waiting windows: 186/46427. Max active instruction index: 1976
2024-11-07 20:08:53 | Simulation update: decoder round 465218, completed instructions: 1983/4980, actively running or decoding instructions: 3, waiting windows: 186/46491. Max active instruction index: 1981
2024-11-07 20:09:03 | Simulation update: decoder round 465967, completed instructions: 1983/4980, actively running or decoding instructions: 3, waiting windows: 187/46554. Max active instruction index: 1981
2024-11-07 20:09:13 | Simulation update: decoder round 466719, completed instructions: 1983/4980, actively running or decoding instructions: 3, waiting windows: 186/46616. Max active instruction index: 1981
2024-11-07 20:09:23 | Simulation update: decoder round 467468, completed instructions: 1988/4980, actively running or decoding instructions: 3, waiting windows: 187/46680. Max active instruction index: 1986
2024-11-07 20:09:33 | Simulation update: decoder round 468218, completed instructions: 1988/4980, actively running or decoding instructions: 3, waiting windows: 187/46743. Max active instruction index: 1986
2024-11-07 20:09:43 | Simulation update: decoder round 468967, completed instructions: 1988/4980, actively running or decoding instructions: 3, waiting windows: 187/46805. Max active instruction index: 1986
2024-11-07 20:09:53 | Simulation update: decoder round 469711, completed instructions: 1993/4980, actively running or decoding instructions: 3, waiting windows: 188/46869. Max active instruction index: 1991
2024-11-07 20:10:03 | Simulation update: decoder round 470450, completed instructions: 1993/4980, actively running or decoding instructions: 3, waiting windows: 188/46931. Max active instruction index: 1991
2024-11-07 20:10:13 | Simulation update: decoder round 471189, completed instructions: 1993/4980, actively running or decoding instructions: 3, waiting windows: 187/46992. Max active instruction index: 1991
2024-11-07 20:10:21 | Finished simulation
2024-11-07 20:10:23 | Finished saving output. Done! Total elapsed time: 0:55:02.266505
