CONFIG 197
benchmark_file: slurm/data/20241112_150322/benchmarks/random_t_1000_200_0.lss
decoder_latency_or_dist_filename: lambda volume: volume*3.593813663804626
distance: 21
lightweight_setting: 1
max_parallel_processes: None
poison_policy: successors
rng: 0
scheduling_method: parallel
speculation_accuracy: 0.6000000000000001
speculation_latency: 1
speculation_mode: separate
2024-11-12 15:04:18 | Loading benchmark slurm/data/20241112_150322/benchmarks/random_t_1000_200_0.lss...
2024-11-12 15:04:19 | Starting simulation
2024-11-12 15:04:19 | Simulation update: decoder round 1, completed instructions: 0/4997, actively running or decoding instructions: 1, waiting windows: 0/0. Max active instruction index: 0
2024-11-12 15:04:29 | Simulation update: decoder round 71974, completed instructions: 703/4997, actively running or decoding instructions: 3, waiting windows: 1921/3964. Max active instruction index: 701
2024-11-12 15:04:39 | Simulation update: decoder round 145884, completed instructions: 1428/4997, actively running or decoding instructions: 2, waiting windows: 3819/7886. Max active instruction index: 1426
2024-11-12 15:04:49 | Simulation update: decoder round 218406, completed instructions: 2153/4997, actively running or decoding instructions: 4, waiting windows: 5714/11813. Max active instruction index: 2151
2024-11-12 15:04:59 | Simulation update: decoder round 292295, completed instructions: 2886/4997, actively running or decoding instructions: 4, waiting windows: 7608/15740. Max active instruction index: 2884
2024-11-12 15:05:09 | Simulation update: decoder round 366155, completed instructions: 3622/4997, actively running or decoding instructions: 2, waiting windows: 9482/19628. Max active instruction index: 3622
2024-11-12 15:05:19 | Simulation update: decoder round 439748, completed instructions: 4375/4997, actively running or decoding instructions: 4, waiting windows: 11340/23488. Max active instruction index: 4373
2024-11-12 15:05:27 | Finished simulation
2024-11-12 15:05:28 | Finished saving output. Done! Total elapsed time: 0:01:10.078143
