CONFIG 198
benchmark_file: slurm/data/20241112_150322/benchmarks/random_t_1000_200_0.lss
decoder_latency_or_dist_filename: lambda volume: volume*5.994842503189409
distance: 21
lightweight_setting: 1
max_parallel_processes: None
poison_policy: successors
rng: 0
scheduling_method: parallel
speculation_accuracy: 0.6000000000000001
speculation_latency: 1
speculation_mode: separate
2024-11-12 15:04:18 | Loading benchmark slurm/data/20241112_150322/benchmarks/random_t_1000_200_0.lss...
2024-11-12 15:04:19 | Starting simulation
2024-11-12 15:04:19 | Simulation update: decoder round 1, completed instructions: 0/4997, actively running or decoding instructions: 1, waiting windows: 0/0. Max active instruction index: 0
2024-11-12 15:04:29 | Simulation update: decoder round 61001, completed instructions: 403/4997, actively running or decoding instructions: 4, waiting windows: 1657/3354. Max active instruction index: 401
2024-11-12 15:04:39 | Simulation update: decoder round 124333, completed instructions: 833/4997, actively running or decoding instructions: 3, waiting windows: 3274/6670. Max active instruction index: 831
2024-11-12 15:04:49 | Simulation update: decoder round 186888, completed instructions: 1248/4997, actively running or decoding instructions: 3, waiting windows: 4896/9995. Max active instruction index: 1246
2024-11-12 15:04:59 | Simulation update: decoder round 248570, completed instructions: 1663/4997, actively running or decoding instructions: 3, waiting windows: 6525/13333. Max active instruction index: 1661
2024-11-12 15:05:09 | Simulation update: decoder round 311717, completed instructions: 2093/4997, actively running or decoding instructions: 3, waiting windows: 8138/16643. Max active instruction index: 2091
2024-11-12 15:05:19 | Simulation update: decoder round 375146, completed instructions: 2528/4997, actively running or decoding instructions: 3, waiting windows: 9744/19940. Max active instruction index: 2526
2024-11-12 15:05:29 | Simulation update: decoder round 436021, completed instructions: 2931/4997, actively running or decoding instructions: 4, waiting windows: 11367/23256. Max active instruction index: 2929
2024-11-12 15:05:39 | Simulation update: decoder round 499787, completed instructions: 3381/4997, actively running or decoding instructions: 3, waiting windows: 12947/26511. Max active instruction index: 3379
2024-11-12 15:05:49 | Simulation update: decoder round 562887, completed instructions: 3802/4997, actively running or decoding instructions: 4, waiting windows: 14559/29795. Max active instruction index: 3799
2024-11-12 15:05:59 | Simulation update: decoder round 625760, completed instructions: 4225/4997, actively running or decoding instructions: 3, waiting windows: 16144/33064. Max active instruction index: 4223
2024-11-12 15:06:09 | Simulation update: decoder round 689466, completed instructions: 4650/4997, actively running or decoding instructions: 4, waiting windows: 17735/36326. Max active instruction index: 4648
2024-11-12 15:06:17 | Finished simulation
2024-11-12 15:06:19 | Finished saving output. Done! Total elapsed time: 0:02:00.375291
