CONFIG 54
benchmark_file: slurm/data/20241115_143108/benchmarks/carleman_2_4.lss
decoder_latency_or_dist_filename: slurm/data/20241115_143108/decoder_dists.json
distance: 21
lightweight_setting: 2
max_parallel_processes: None
missed_speculation_modifier: 1.4
poison_policy: successors
rng: 0
scheduling_method: aligned
speculation_accuracy: 0.9
speculation_latency: 1
speculation_mode: separate
2024-11-15 14:31:14 | Loading benchmark slurm/data/20241115_143108/benchmarks/carleman_2_4.lss...
2024-11-15 14:31:15 | Starting simulation
2024-11-15 14:31:17 | Simulation update: decoder round 1, completed instructions: 0/12153, actively running or decoding instructions: 21, waiting windows: 0/0. Max active instruction index: 191
2024-11-15 14:31:27 | Simulation update: decoder round 509, completed instructions: 406/12153, actively running or decoding instructions: 20, waiting windows: 556/1013. Max active instruction index: 403
2024-11-15 14:31:37 | Simulation update: decoder round 980, completed instructions: 567/12153, actively running or decoding instructions: 16, waiting windows: 938/1841. Max active instruction index: 558
2024-11-15 14:31:47 | Simulation update: decoder round 1422, completed instructions: 746/12153, actively running or decoding instructions: 31, waiting windows: 1332/2652. Max active instruction index: 793
2024-11-15 14:31:57 | Simulation update: decoder round 1874, completed instructions: 909/12153, actively running or decoding instructions: 32, waiting windows: 1678/3471. Max active instruction index: 913
2024-11-15 14:32:07 | Simulation update: decoder round 2346, completed instructions: 1029/12153, actively running or decoding instructions: 21, waiting windows: 2040/4273. Max active instruction index: 1100
2024-11-15 14:32:17 | Simulation update: decoder round 2800, completed instructions: 1187/12153, actively running or decoding instructions: 14, waiting windows: 2392/5104. Max active instruction index: 1204
2024-11-15 14:32:27 | Simulation update: decoder round 3265, completed instructions: 1355/12153, actively running or decoding instructions: 20, waiting windows: 2782/5986. Max active instruction index: 1349
2024-11-15 14:32:37 | Simulation update: decoder round 3732, completed instructions: 1608/12153, actively running or decoding instructions: 23, waiting windows: 3206/6952. Max active instruction index: 1703
2024-11-15 14:32:47 | Simulation update: decoder round 4195, completed instructions: 1877/12153, actively running or decoding instructions: 34, waiting windows: 3668/7956. Max active instruction index: 1957
2024-11-15 14:32:57 | Simulation update: decoder round 4699, completed instructions: 2062/12153, actively running or decoding instructions: 19, waiting windows: 4045/8938. Max active instruction index: 2098
2024-11-15 14:33:07 | Simulation update: decoder round 5208, completed instructions: 2371/12153, actively running or decoding instructions: 26, waiting windows: 4538/10020. Max active instruction index: 2428
2024-11-15 14:33:17 | Simulation update: decoder round 5726, completed instructions: 2532/12153, actively running or decoding instructions: 15, waiting windows: 4980/11011. Max active instruction index: 2563
2024-11-15 14:33:27 | Simulation update: decoder round 6267, completed instructions: 2712/12153, actively running or decoding instructions: 23, waiting windows: 5443/12021. Max active instruction index: 2820
2024-11-15 14:33:37 | Simulation update: decoder round 6801, completed instructions: 2996/12153, actively running or decoding instructions: 29, waiting windows: 5919/13103. Max active instruction index: 3027
2024-11-15 14:33:47 | Simulation update: decoder round 7330, completed instructions: 3182/12153, actively running or decoding instructions: 32, waiting windows: 6416/14148. Max active instruction index: 3207
2024-11-15 14:33:57 | Simulation update: decoder round 7867, completed instructions: 3324/12153, actively running or decoding instructions: 29, waiting windows: 6840/15148. Max active instruction index: 3820
2024-11-15 14:34:07 | Simulation update: decoder round 8415, completed instructions: 3481/12153, actively running or decoding instructions: 23, waiting windows: 7352/16223. Max active instruction index: 3489
2024-11-15 14:34:17 | Simulation update: decoder round 8968, completed instructions: 3600/12153, actively running or decoding instructions: 17, waiting windows: 7824/17271. Max active instruction index: 3583
2024-11-15 14:34:27 | Simulation update: decoder round 9546, completed instructions: 3766/12153, actively running or decoding instructions: 18, waiting windows: 8303/18381. Max active instruction index: 3740
2024-11-15 14:34:37 | Simulation update: decoder round 10134, completed instructions: 3962/12153, actively running or decoding instructions: 22, waiting windows: 8800/19527. Max active instruction index: 3985
2024-11-15 14:34:47 | Simulation update: decoder round 10726, completed instructions: 4238/12153, actively running or decoding instructions: 27, waiting windows: 9360/20704. Max active instruction index: 4401
2024-11-15 14:34:57 | Simulation update: decoder round 11347, completed instructions: 4346/12153, actively running or decoding instructions: 22, waiting windows: 9859/21828. Max active instruction index: 4415
2024-11-15 14:35:07 | Simulation update: decoder round 11970, completed instructions: 4628/12153, actively running or decoding instructions: 27, waiting windows: 10397/23053. Max active instruction index: 4888
2024-11-15 14:35:17 | Simulation update: decoder round 12604, completed instructions: 4759/12153, actively running or decoding instructions: 8, waiting windows: 10901/24219. Max active instruction index: 4723
2024-11-15 14:35:27 | Simulation update: decoder round 13244, completed instructions: 5029/12153, actively running or decoding instructions: 26, waiting windows: 11508/25504. Max active instruction index: 5135
2024-11-15 14:35:37 | Simulation update: decoder round 13928, completed instructions: 5203/12153, actively running or decoding instructions: 15, waiting windows: 12024/26724. Max active instruction index: 5366
2024-11-15 14:35:47 | Simulation update: decoder round 14597, completed instructions: 5298/12153, actively running or decoding instructions: 8, waiting windows: 12563/27860. Max active instruction index: 5278
2024-11-15 14:35:57 | Simulation update: decoder round 15301, completed instructions: 5437/12153, actively running or decoding instructions: 17, waiting windows: 13131/29075. Max active instruction index: 5408
2024-11-15 14:36:07 | Simulation update: decoder round 16027, completed instructions: 5575/12153, actively running or decoding instructions: 17, waiting windows: 13699/30280. Max active instruction index: 5552
2024-11-15 14:36:17 | Simulation update: decoder round 16793, completed instructions: 5649/12153, actively running or decoding instructions: 18, waiting windows: 14274/31481. Max active instruction index: 5678
2024-11-15 14:36:27 | Simulation update: decoder round 17566, completed instructions: 5802/12153, actively running or decoding instructions: 16, waiting windows: 14853/32719. Max active instruction index: 5800
2024-11-15 14:36:37 | Simulation update: decoder round 18341, completed instructions: 5915/12153, actively running or decoding instructions: 15, waiting windows: 15436/33937. Max active instruction index: 5915
2024-11-15 14:36:47 | Simulation update: decoder round 19139, completed instructions: 6149/12153, actively running or decoding instructions: 16, waiting windows: 16059/35339. Max active instruction index: 6135
2024-11-15 14:36:57 | Simulation update: decoder round 19976, completed instructions: 6396/12153, actively running or decoding instructions: 13, waiting windows: 16751/36805. Max active instruction index: 6377
2024-11-15 14:37:07 | Simulation update: decoder round 20814, completed instructions: 6612/12153, actively running or decoding instructions: 10, waiting windows: 17412/38248. Max active instruction index: 6627
2024-11-15 14:37:17 | Simulation update: decoder round 21714, completed instructions: 6858/12153, actively running or decoding instructions: 14, waiting windows: 18119/39805. Max active instruction index: 6835
2024-11-15 14:37:27 | Simulation update: decoder round 22625, completed instructions: 7053/12153, actively running or decoding instructions: 6, waiting windows: 18774/41294. Max active instruction index: 7051
2024-11-15 14:37:37 | Simulation update: decoder round 23526, completed instructions: 7412/12153, actively running or decoding instructions: 17, waiting windows: 19491/42901. Max active instruction index: 7484
2024-11-15 14:37:47 | Simulation update: decoder round 24541, completed instructions: 7602/12153, actively running or decoding instructions: 8, waiting windows: 20263/44536. Max active instruction index: 7502
2024-11-15 14:37:57 | Simulation update: decoder round 25547, completed instructions: 7926/12153, actively running or decoding instructions: 21, waiting windows: 21074/46293. Max active instruction index: 7982
2024-11-15 14:38:07 | Simulation update: decoder round 26651, completed instructions: 8343/12153, actively running or decoding instructions: 30, waiting windows: 21966/48249. Max active instruction index: 8378
2024-11-15 14:38:17 | Simulation update: decoder round 27906, completed instructions: 8775/12153, actively running or decoding instructions: 15, waiting windows: 22814/50264. Max active instruction index: 8759
2024-11-15 14:38:27 | Simulation update: decoder round 29238, completed instructions: 9031/12153, actively running or decoding instructions: 17, waiting windows: 23665/52200. Max active instruction index: 9023
2024-11-15 14:38:37 | Simulation update: decoder round 30691, completed instructions: 9686/12153, actively running or decoding instructions: 28, waiting windows: 24693/54591. Max active instruction index: 9712
2024-11-15 14:38:47 | Simulation update: decoder round 32599, completed instructions: 10574/12153, actively running or decoding instructions: 17, waiting windows: 25766/57351. Max active instruction index: 10596
2024-11-15 14:38:57 | Simulation update: decoder round 35376, completed instructions: 11283/12153, actively running or decoding instructions: 12, waiting windows: 27089/60354. Max active instruction index: 11280
2024-11-15 14:39:04 | Finished simulation
2024-11-15 14:39:04 | Finished saving output. Done! Total elapsed time: 0:07:49.724951
