CONFIG 76
benchmark_file: slurm/data/20241115_143108/benchmarks/H2.lss
decoder_latency_or_dist_filename: slurm/data/20241115_143108/decoder_dists.json
distance: 21
lightweight_setting: 2
max_parallel_processes: None
missed_speculation_modifier: 1.4
poison_policy: successors
rng: 0
scheduling_method: parallel
speculation_accuracy: 0.9
speculation_latency: 1
speculation_mode: None
2024-11-15 14:31:13 | Loading benchmark slurm/data/20241115_143108/benchmarks/H2.lss...
2024-11-15 14:31:15 | Starting simulation
2024-11-15 14:31:18 | Simulation update: decoder round 1, completed instructions: 0/28635, actively running or decoding instructions: 11, waiting windows: 0/0. Max active instruction index: 32
2024-11-15 14:31:28 | Simulation update: decoder round 315, completed instructions: 51/28635, actively running or decoding instructions: 10, waiting windows: 150/180. Max active instruction index: 52
2024-11-15 14:31:38 | Simulation update: decoder round 592, completed instructions: 60/28635, actively running or decoding instructions: 7, waiting windows: 227/333. Max active instruction index: 60
2024-11-15 14:31:48 | Simulation update: decoder round 853, completed instructions: 65/28635, actively running or decoding instructions: 5, waiting windows: 301/470. Max active instruction index: 60
2024-11-15 14:31:58 | Simulation update: decoder round 1112, completed instructions: 73/28635, actively running or decoding instructions: 3, waiting windows: 363/607. Max active instruction index: 68
2024-11-15 14:32:08 | Simulation update: decoder round 1371, completed instructions: 73/28635, actively running or decoding instructions: 3, waiting windows: 437/749. Max active instruction index: 68
2024-11-15 14:32:18 | Simulation update: decoder round 1630, completed instructions: 82/28635, actively running or decoding instructions: 4, waiting windows: 512/891. Max active instruction index: 76
2024-11-15 14:32:28 | Simulation update: decoder round 1889, completed instructions: 88/28635, actively running or decoding instructions: 5, waiting windows: 584/1039. Max active instruction index: 83
2024-11-15 14:32:38 | Simulation update: decoder round 2150, completed instructions: 88/28635, actively running or decoding instructions: 3, waiting windows: 651/1181. Max active instruction index: 83
2024-11-15 14:32:48 | Simulation update: decoder round 2410, completed instructions: 96/28635, actively running or decoding instructions: 4, waiting windows: 712/1314. Max active instruction index: 91
2024-11-15 14:32:58 | Simulation update: decoder round 2670, completed instructions: 97/28635, actively running or decoding instructions: 4, waiting windows: 796/1472. Max active instruction index: 91
2024-11-15 14:33:08 | Simulation update: decoder round 2930, completed instructions: 99/28635, actively running or decoding instructions: 3, waiting windows: 873/1616. Max active instruction index: 99
2024-11-15 14:33:18 | Simulation update: decoder round 3189, completed instructions: 105/28635, actively running or decoding instructions: 3, waiting windows: 943/1764. Max active instruction index: 99
2024-11-15 14:33:28 | Simulation update: decoder round 3448, completed instructions: 106/28635, actively running or decoding instructions: 3, waiting windows: 1023/1918. Max active instruction index: 106
2024-11-15 14:33:38 | Simulation update: decoder round 3708, completed instructions: 112/28635, actively running or decoding instructions: 3, waiting windows: 1089/2066. Max active instruction index: 106
2024-11-15 14:33:48 | Simulation update: decoder round 3967, completed instructions: 120/28635, actively running or decoding instructions: 3, waiting windows: 1167/2214. Max active instruction index: 114
2024-11-15 14:33:58 | Simulation update: decoder round 4227, completed instructions: 120/28635, actively running or decoding instructions: 3, waiting windows: 1244/2368. Max active instruction index: 114
2024-11-15 14:34:08 | Simulation update: decoder round 4487, completed instructions: 127/28635, actively running or decoding instructions: 3, waiting windows: 1319/2516. Max active instruction index: 121
2024-11-15 14:34:18 | Simulation update: decoder round 4746, completed instructions: 127/28635, actively running or decoding instructions: 3, waiting windows: 1388/2662. Max active instruction index: 121
2024-11-15 14:34:28 | Simulation update: decoder round 5006, completed instructions: 134/28635, actively running or decoding instructions: 3, waiting windows: 1465/2815. Max active instruction index: 129
2024-11-15 14:34:39 | Simulation update: decoder round 5268, completed instructions: 134/28635, actively running or decoding instructions: 2, waiting windows: 1525/2947. Max active instruction index: 129
2024-11-15 14:34:49 | Simulation update: decoder round 5529, completed instructions: 143/28635, actively running or decoding instructions: 4, waiting windows: 1602/3095. Max active instruction index: 137
2024-11-15 14:34:59 | Simulation update: decoder round 5790, completed instructions: 143/28635, actively running or decoding instructions: 3, waiting windows: 1670/3241. Max active instruction index: 137
2024-11-15 14:35:09 | Simulation update: decoder round 6051, completed instructions: 150/28635, actively running or decoding instructions: 3, waiting windows: 1749/3397. Max active instruction index: 144
2024-11-15 14:35:19 | Simulation update: decoder round 6310, completed instructions: 150/28635, actively running or decoding instructions: 3, waiting windows: 1825/3543. Max active instruction index: 144
2024-11-15 14:35:29 | Simulation update: decoder round 6570, completed instructions: 157/28635, actively running or decoding instructions: 2, waiting windows: 1893/3689. Max active instruction index: 151
2024-11-15 14:35:39 | Simulation update: decoder round 6830, completed instructions: 158/28635, actively running or decoding instructions: 2, waiting windows: 1973/3845. Max active instruction index: 158
2024-11-15 14:35:49 | Simulation update: decoder round 7088, completed instructions: 164/28635, actively running or decoding instructions: 2, waiting windows: 2049/3991. Max active instruction index: 158
2024-11-15 14:35:59 | Simulation update: decoder round 7347, completed instructions: 171/28635, actively running or decoding instructions: 2, waiting windows: 2116/4139. Max active instruction index: 165
2024-11-15 14:36:09 | Simulation update: decoder round 7605, completed instructions: 171/28635, actively running or decoding instructions: 2, waiting windows: 2201/4295. Max active instruction index: 165
2024-11-15 14:36:19 | Simulation update: decoder round 7864, completed instructions: 177/28635, actively running or decoding instructions: 2, waiting windows: 2271/4442. Max active instruction index: 172
2024-11-15 14:36:29 | Simulation update: decoder round 8125, completed instructions: 177/28635, actively running or decoding instructions: 2, waiting windows: 2326/4574. Max active instruction index: 172
2024-11-15 14:36:39 | Simulation update: decoder round 8385, completed instructions: 186/28635, actively running or decoding instructions: 4, waiting windows: 2409/4728. Max active instruction index: 180
2024-11-15 14:36:49 | Simulation update: decoder round 8645, completed instructions: 186/28635, actively running or decoding instructions: 4, waiting windows: 2483/4874. Max active instruction index: 180
2024-11-15 14:36:59 | Simulation update: decoder round 8904, completed instructions: 192/28635, actively running or decoding instructions: 3, waiting windows: 2544/5013. Max active instruction index: 187
2024-11-15 14:37:09 | Simulation update: decoder round 9163, completed instructions: 192/28635, actively running or decoding instructions: 3, waiting windows: 2615/5155. Max active instruction index: 187
2024-11-15 14:37:19 | Simulation update: decoder round 9422, completed instructions: 195/28635, actively running or decoding instructions: 4, waiting windows: 2678/5288. Max active instruction index: 194
2024-11-15 14:37:29 | Simulation update: decoder round 9682, completed instructions: 201/28635, actively running or decoding instructions: 4, waiting windows: 2769/5445. Max active instruction index: 195
2024-11-15 14:37:39 | Simulation update: decoder round 9942, completed instructions: 202/28635, actively running or decoding instructions: 2, waiting windows: 2836/5589. Max active instruction index: 201
2024-11-15 14:37:49 | Simulation update: decoder round 10200, completed instructions: 209/28635, actively running or decoding instructions: 3, waiting windows: 2912/5737. Max active instruction index: 203
2024-11-15 14:37:59 | Simulation update: decoder round 10452, completed instructions: 209/28635, actively running or decoding instructions: 2, waiting windows: 2984/5881. Max active instruction index: 203
2024-11-15 14:38:09 | Simulation update: decoder round 10710, completed instructions: 216/28635, actively running or decoding instructions: 3, waiting windows: 3055/6029. Max active instruction index: 210
2024-11-15 14:38:19 | Simulation update: decoder round 10968, completed instructions: 216/28635, actively running or decoding instructions: 3, waiting windows: 3134/6185. Max active instruction index: 210
2024-11-15 14:38:29 | Simulation update: decoder round 11228, completed instructions: 223/28635, actively running or decoding instructions: 3, waiting windows: 3206/6331. Max active instruction index: 217
2024-11-15 14:38:39 | Simulation update: decoder round 11489, completed instructions: 223/28635, actively running or decoding instructions: 3, waiting windows: 3282/6487. Max active instruction index: 217
2024-11-15 14:38:49 | Simulation update: decoder round 11749, completed instructions: 229/28635, actively running or decoding instructions: 3, waiting windows: 3347/6629. Max active instruction index: 224
2024-11-15 14:38:59 | Simulation update: decoder round 12008, completed instructions: 237/28635, actively running or decoding instructions: 5, waiting windows: 3410/6765. Max active instruction index: 232
2024-11-15 14:39:09 | Simulation update: decoder round 12267, completed instructions: 237/28635, actively running or decoding instructions: 3, waiting windows: 3483/6908. Max active instruction index: 232
2024-11-15 14:39:19 | Simulation update: decoder round 12527, completed instructions: 245/28635, actively running or decoding instructions: 5, waiting windows: 3552/7044. Max active instruction index: 246
2024-11-15 14:39:29 | Simulation update: decoder round 12787, completed instructions: 246/28635, actively running or decoding instructions: 4, waiting windows: 3627/7189. Max active instruction index: 240
2024-11-15 14:39:39 | Simulation update: decoder round 13046, completed instructions: 253/28635, actively running or decoding instructions: 2, waiting windows: 3711/7347. Max active instruction index: 247
2024-11-15 14:39:49 | Simulation update: decoder round 13306, completed instructions: 253/28635, actively running or decoding instructions: 2, waiting windows: 3776/7491. Max active instruction index: 247
2024-11-15 14:39:59 | Simulation update: decoder round 13565, completed instructions: 260/28635, actively running or decoding instructions: 2, waiting windows: 3851/7639. Max active instruction index: 254
2024-11-15 14:40:09 | Simulation update: decoder round 13824, completed instructions: 260/28635, actively running or decoding instructions: 2, waiting windows: 3927/7793. Max active instruction index: 254
2024-11-15 14:40:19 | Simulation update: decoder round 14085, completed instructions: 267/28635, actively running or decoding instructions: 3, waiting windows: 4000/7941. Max active instruction index: 261
2024-11-15 14:40:29 | Simulation update: decoder round 14346, completed instructions: 267/28635, actively running or decoding instructions: 2, waiting windows: 4075/8095. Max active instruction index: 261
2024-11-15 14:40:39 | Simulation update: decoder round 14606, completed instructions: 274/28635, actively running or decoding instructions: 3, waiting windows: 4148/8245. Max active instruction index: 268
2024-11-15 14:40:49 | Simulation update: decoder round 14865, completed instructions: 274/28635, actively running or decoding instructions: 3, waiting windows: 4218/8389. Max active instruction index: 268
2024-11-15 14:40:59 | Simulation update: decoder round 15126, completed instructions: 282/28635, actively running or decoding instructions: 3, waiting windows: 4300/8547. Max active instruction index: 276
2024-11-15 14:41:09 | Simulation update: decoder round 15387, completed instructions: 282/28635, actively running or decoding instructions: 2, waiting windows: 4369/8691. Max active instruction index: 276
2024-11-15 14:41:19 | Simulation update: decoder round 15648, completed instructions: 288/28635, actively running or decoding instructions: 2, waiting windows: 4450/8844. Max active instruction index: 283
2024-11-15 14:41:29 | Simulation update: decoder round 15908, completed instructions: 288/28635, actively running or decoding instructions: 2, waiting windows: 4506/8977. Max active instruction index: 283
2024-11-15 14:41:39 | Simulation update: decoder round 16169, completed instructions: 296/28635, actively running or decoding instructions: 4, waiting windows: 4570/9114. Max active instruction index: 291
2024-11-15 14:41:49 | Simulation update: decoder round 16430, completed instructions: 305/28635, actively running or decoding instructions: 6, waiting windows: 4647/9262. Max active instruction index: 299
2024-11-15 14:41:59 | Simulation update: decoder round 16689, completed instructions: 305/28635, actively running or decoding instructions: 3, waiting windows: 4720/9406. Max active instruction index: 299
2024-11-15 14:42:09 | Simulation update: decoder round 16948, completed instructions: 306/28635, actively running or decoding instructions: 2, waiting windows: 4805/9562. Max active instruction index: 306
2024-11-15 14:42:19 | Simulation update: decoder round 17208, completed instructions: 311/28635, actively running or decoding instructions: 2, waiting windows: 4860/9698. Max active instruction index: 306
2024-11-15 14:42:29 | Simulation update: decoder round 17468, completed instructions: 320/28635, actively running or decoding instructions: 4, waiting windows: 4927/9837. Max active instruction index: 314
2024-11-15 14:42:39 | Simulation update: decoder round 17728, completed instructions: 320/28635, actively running or decoding instructions: 4, waiting windows: 5009/9991. Max active instruction index: 314
2024-11-15 14:42:49 | Simulation update: decoder round 17990, completed instructions: 326/28635, actively running or decoding instructions: 2, waiting windows: 5077/10131. Max active instruction index: 321
2024-11-15 14:42:59 | Simulation update: decoder round 18253, completed instructions: 326/28635, actively running or decoding instructions: 2, waiting windows: 5146/10273. Max active instruction index: 321
