CONFIG 78
benchmark_file: slurm/data/20241115_143108/benchmarks/qft_10.lss
decoder_latency_or_dist_filename: slurm/data/20241115_143108/decoder_dists.json
distance: 21
lightweight_setting: 2
max_parallel_processes: None
missed_speculation_modifier: 1.4
poison_policy: successors
rng: 0
scheduling_method: parallel
speculation_accuracy: 0.9
speculation_latency: 1
speculation_mode: None
2024-11-15 14:31:13 | Loading benchmark slurm/data/20241115_143108/benchmarks/qft_10.lss...
2024-11-15 14:31:19 | Starting simulation
2024-11-15 14:31:27 | Simulation update: decoder round 1, completed instructions: 0/83857, actively running or decoding instructions: 1, waiting windows: 0/0. Max active instruction index: 0
2024-11-15 14:31:37 | Simulation update: decoder round 118, completed instructions: 8/83857, actively running or decoding instructions: 2, waiting windows: 10/10. Max active instruction index: 1
2024-11-15 14:31:48 | Simulation update: decoder round 235, completed instructions: 8/83857, actively running or decoding instructions: 2, waiting windows: 13/16. Max active instruction index: 1
2024-11-15 14:31:58 | Simulation update: decoder round 351, completed instructions: 9/83857, actively running or decoding instructions: 3, waiting windows: 14/21. Max active instruction index: 9
2024-11-15 14:32:08 | Simulation update: decoder round 468, completed instructions: 26/83857, actively running or decoding instructions: 10, waiting windows: 33/41. Max active instruction index: 27
2024-11-15 14:32:18 | Simulation update: decoder round 585, completed instructions: 27/83857, actively running or decoding instructions: 9, waiting windows: 44/58. Max active instruction index: 21
2024-11-15 14:32:28 | Simulation update: decoder round 702, completed instructions: 27/83857, actively running or decoding instructions: 9, waiting windows: 50/74. Max active instruction index: 21
2024-11-15 14:32:38 | Simulation update: decoder round 819, completed instructions: 27/83857, actively running or decoding instructions: 5, waiting windows: 58/91. Max active instruction index: 21
2024-11-15 14:32:48 | Simulation update: decoder round 935, completed instructions: 34/83857, actively running or decoding instructions: 2, waiting windows: 71/111. Max active instruction index: 28
2024-11-15 14:32:58 | Simulation update: decoder round 1051, completed instructions: 34/83857, actively running or decoding instructions: 2, waiting windows: 75/126. Max active instruction index: 28
2024-11-15 14:33:08 | Simulation update: decoder round 1167, completed instructions: 34/83857, actively running or decoding instructions: 2, waiting windows: 81/144. Max active instruction index: 28
2024-11-15 14:33:18 | Simulation update: decoder round 1283, completed instructions: 40/83857, actively running or decoding instructions: 3, waiting windows: 96/164. Max active instruction index: 41
2024-11-15 14:33:28 | Simulation update: decoder round 1400, completed instructions: 41/83857, actively running or decoding instructions: 2, waiting windows: 104/181. Max active instruction index: 35
2024-11-15 14:33:38 | Simulation update: decoder round 1517, completed instructions: 41/83857, actively running or decoding instructions: 2, waiting windows: 108/196. Max active instruction index: 35
2024-11-15 14:33:48 | Simulation update: decoder round 1634, completed instructions: 41/83857, actively running or decoding instructions: 2, waiting windows: 117/214. Max active instruction index: 35
2024-11-15 14:33:58 | Simulation update: decoder round 1751, completed instructions: 48/83857, actively running or decoding instructions: 2, waiting windows: 124/231. Max active instruction index: 42
2024-11-15 14:34:08 | Simulation update: decoder round 1867, completed instructions: 48/83857, actively running or decoding instructions: 2, waiting windows: 135/249. Max active instruction index: 42
2024-11-15 14:34:18 | Simulation update: decoder round 1983, completed instructions: 48/83857, actively running or decoding instructions: 2, waiting windows: 142/265. Max active instruction index: 42
2024-11-15 14:34:28 | Simulation update: decoder round 2099, completed instructions: 49/83857, actively running or decoding instructions: 3, waiting windows: 148/282. Max active instruction index: 49
2024-11-15 14:34:38 | Simulation update: decoder round 2214, completed instructions: 54/83857, actively running or decoding instructions: 3, waiting windows: 158/299. Max active instruction index: 49
2024-11-15 14:34:48 | Simulation update: decoder round 2329, completed instructions: 54/83857, actively running or decoding instructions: 3, waiting windows: 157/309. Max active instruction index: 49
2024-11-15 14:34:58 | Simulation update: decoder round 2445, completed instructions: 54/83857, actively running or decoding instructions: 3, waiting windows: 162/321. Max active instruction index: 49
2024-11-15 14:35:08 | Simulation update: decoder round 2561, completed instructions: 62/83857, actively running or decoding instructions: 5, waiting windows: 172/336. Max active instruction index: 57
2024-11-15 14:35:18 | Simulation update: decoder round 2677, completed instructions: 62/83857, actively running or decoding instructions: 5, waiting windows: 175/347. Max active instruction index: 57
2024-11-15 14:35:28 | Simulation update: decoder round 2793, completed instructions: 62/83857, actively running or decoding instructions: 4, waiting windows: 179/358. Max active instruction index: 57
2024-11-15 14:35:38 | Simulation update: decoder round 2909, completed instructions: 65/83857, actively running or decoding instructions: 4, waiting windows: 182/370. Max active instruction index: 65
2024-11-15 14:35:48 | Simulation update: decoder round 3024, completed instructions: 71/83857, actively running or decoding instructions: 4, waiting windows: 197/389. Max active instruction index: 65
2024-11-15 14:35:58 | Simulation update: decoder round 3140, completed instructions: 71/83857, actively running or decoding instructions: 4, waiting windows: 204/405. Max active instruction index: 65
2024-11-15 14:36:08 | Simulation update: decoder round 3256, completed instructions: 71/83857, actively running or decoding instructions: 4, waiting windows: 211/422. Max active instruction index: 65
2024-11-15 14:36:18 | Simulation update: decoder round 3372, completed instructions: 78/83857, actively running or decoding instructions: 3, waiting windows: 225/442. Max active instruction index: 72
2024-11-15 14:36:28 | Simulation update: decoder round 3488, completed instructions: 78/83857, actively running or decoding instructions: 3, waiting windows: 231/459. Max active instruction index: 72
2024-11-15 14:36:39 | Simulation update: decoder round 3604, completed instructions: 78/83857, actively running or decoding instructions: 3, waiting windows: 236/475. Max active instruction index: 72
2024-11-15 14:36:49 | Simulation update: decoder round 3720, completed instructions: 79/83857, actively running or decoding instructions: 3, waiting windows: 245/492. Max active instruction index: 79
2024-11-15 14:36:59 | Simulation update: decoder round 3836, completed instructions: 84/83857, actively running or decoding instructions: 3, waiting windows: 254/508. Max active instruction index: 79
2024-11-15 14:37:09 | Simulation update: decoder round 3952, completed instructions: 84/83857, actively running or decoding instructions: 3, waiting windows: 254/518. Max active instruction index: 79
2024-11-15 14:37:19 | Simulation update: decoder round 4068, completed instructions: 84/83857, actively running or decoding instructions: 3, waiting windows: 260/530. Max active instruction index: 79
2024-11-15 14:37:29 | Simulation update: decoder round 4184, completed instructions: 87/83857, actively running or decoding instructions: 4, waiting windows: 262/541. Max active instruction index: 87
2024-11-15 14:37:39 | Simulation update: decoder round 4300, completed instructions: 93/83857, actively running or decoding instructions: 4, waiting windows: 274/559. Max active instruction index: 87
2024-11-15 14:37:49 | Simulation update: decoder round 4416, completed instructions: 93/83857, actively running or decoding instructions: 3, waiting windows: 283/576. Max active instruction index: 87
2024-11-15 14:37:59 | Simulation update: decoder round 4532, completed instructions: 93/83857, actively running or decoding instructions: 3, waiting windows: 289/592. Max active instruction index: 87
2024-11-15 14:38:09 | Simulation update: decoder round 4648, completed instructions: 100/83857, actively running or decoding instructions: 3, waiting windows: 305/613. Max active instruction index: 94
2024-11-15 14:38:19 | Simulation update: decoder round 4765, completed instructions: 100/83857, actively running or decoding instructions: 3, waiting windows: 310/629. Max active instruction index: 94
2024-11-15 14:38:29 | Simulation update: decoder round 4881, completed instructions: 100/83857, actively running or decoding instructions: 3, waiting windows: 320/647. Max active instruction index: 94
2024-11-15 14:38:39 | Simulation update: decoder round 4997, completed instructions: 101/83857, actively running or decoding instructions: 2, waiting windows: 323/662. Max active instruction index: 100
2024-11-15 14:38:49 | Simulation update: decoder round 5114, completed instructions: 107/83857, actively running or decoding instructions: 3, waiting windows: 336/681. Max active instruction index: 102
2024-11-15 14:38:59 | Simulation update: decoder round 5230, completed instructions: 107/83857, actively running or decoding instructions: 3, waiting windows: 336/691. Max active instruction index: 102
2024-11-15 14:39:09 | Simulation update: decoder round 5346, completed instructions: 107/83857, actively running or decoding instructions: 3, waiting windows: 339/703. Max active instruction index: 102
2024-11-15 14:39:19 | Simulation update: decoder round 5462, completed instructions: 115/83857, actively running or decoding instructions: 5, waiting windows: 347/718. Max active instruction index: 117
2024-11-15 14:39:29 | Simulation update: decoder round 5578, completed instructions: 116/83857, actively running or decoding instructions: 4, waiting windows: 356/733. Max active instruction index: 110
2024-11-15 14:39:39 | Simulation update: decoder round 5694, completed instructions: 116/83857, actively running or decoding instructions: 4, waiting windows: 366/750. Max active instruction index: 110
2024-11-15 14:39:49 | Simulation update: decoder round 5810, completed instructions: 116/83857, actively running or decoding instructions: 4, waiting windows: 375/766. Max active instruction index: 110
2024-11-15 14:39:59 | Simulation update: decoder round 5926, completed instructions: 124/83857, actively running or decoding instructions: 5, waiting windows: 388/787. Max active instruction index: 118
2024-11-15 14:40:10 | Simulation update: decoder round 6043, completed instructions: 124/83857, actively running or decoding instructions: 3, waiting windows: 391/803. Max active instruction index: 118
2024-11-15 14:40:20 | Simulation update: decoder round 6160, completed instructions: 124/83857, actively running or decoding instructions: 3, waiting windows: 401/820. Max active instruction index: 118
2024-11-15 14:40:30 | Simulation update: decoder round 6276, completed instructions: 131/83857, actively running or decoding instructions: 4, waiting windows: 408/838. Max active instruction index: 125
2024-11-15 14:40:40 | Simulation update: decoder round 6393, completed instructions: 131/83857, actively running or decoding instructions: 3, waiting windows: 419/856. Max active instruction index: 125
2024-11-15 14:40:50 | Simulation update: decoder round 6510, completed instructions: 131/83857, actively running or decoding instructions: 3, waiting windows: 422/871. Max active instruction index: 125
2024-11-15 14:41:00 | Simulation update: decoder round 6627, completed instructions: 131/83857, actively running or decoding instructions: 3, waiting windows: 432/889. Max active instruction index: 125
2024-11-15 14:41:10 | Simulation update: decoder round 6744, completed instructions: 138/83857, actively running or decoding instructions: 2, waiting windows: 443/908. Max active instruction index: 132
2024-11-15 14:41:20 | Simulation update: decoder round 6861, completed instructions: 138/83857, actively running or decoding instructions: 2, waiting windows: 448/924. Max active instruction index: 132
2024-11-15 14:41:30 | Simulation update: decoder round 6977, completed instructions: 138/83857, actively running or decoding instructions: 2, waiting windows: 454/941. Max active instruction index: 132
2024-11-15 14:41:40 | Simulation update: decoder round 7093, completed instructions: 139/83857, actively running or decoding instructions: 3, waiting windows: 465/959. Max active instruction index: 139
2024-11-15 14:41:50 | Simulation update: decoder round 7210, completed instructions: 145/83857, actively running or decoding instructions: 3, waiting windows: 476/978. Max active instruction index: 139
2024-11-15 14:42:00 | Simulation update: decoder round 7327, completed instructions: 145/83857, actively running or decoding instructions: 3, waiting windows: 482/994. Max active instruction index: 139
2024-11-15 14:42:10 | Simulation update: decoder round 7444, completed instructions: 145/83857, actively running or decoding instructions: 3, waiting windows: 492/1012. Max active instruction index: 139
2024-11-15 14:42:20 | Simulation update: decoder round 7561, completed instructions: 152/83857, actively running or decoding instructions: 4, waiting windows: 501/1031. Max active instruction index: 146
2024-11-15 14:42:30 | Simulation update: decoder round 7677, completed instructions: 152/83857, actively running or decoding instructions: 3, waiting windows: 509/1049. Max active instruction index: 146
2024-11-15 14:42:40 | Simulation update: decoder round 7793, completed instructions: 152/83857, actively running or decoding instructions: 3, waiting windows: 514/1064. Max active instruction index: 146
2024-11-15 14:42:50 | Simulation update: decoder round 7909, completed instructions: 152/83857, actively running or decoding instructions: 3, waiting windows: 525/1082. Max active instruction index: 146
2024-11-15 14:43:00 | Simulation update: decoder round 8026, completed instructions: 159/83857, actively running or decoding instructions: 3, waiting windows: 537/1101. Max active instruction index: 153
2024-11-15 14:43:10 | Simulation update: decoder round 8147, completed instructions: 159/83857, actively running or decoding instructions: 2, waiting windows: 538/1117. Max active instruction index: 153
2024-11-15 14:43:20 | Simulation update: decoder round 8268, completed instructions: 159/83857, actively running or decoding instructions: 2, waiting windows: 545/1135. Max active instruction index: 153
2024-11-15 14:43:30 | Simulation update: decoder round 8389, completed instructions: 166/83857, actively running or decoding instructions: 2, waiting windows: 560/1157. Max active instruction index: 160
2024-11-15 14:43:40 | Simulation update: decoder round 8510, completed instructions: 166/83857, actively running or decoding instructions: 2, waiting windows: 568/1174. Max active instruction index: 160
2024-11-15 14:43:50 | Simulation update: decoder round 8631, completed instructions: 166/83857, actively running or decoding instructions: 2, waiting windows: 575/1190. Max active instruction index: 160
2024-11-15 14:44:00 | Simulation update: decoder round 8752, completed instructions: 166/83857, actively running or decoding instructions: 2, waiting windows: 582/1208. Max active instruction index: 160
2024-11-15 14:44:11 | Simulation update: decoder round 8873, completed instructions: 173/83857, actively running or decoding instructions: 2, waiting windows: 595/1230. Max active instruction index: 167
2024-11-15 14:44:21 | Simulation update: decoder round 8994, completed instructions: 173/83857, actively running or decoding instructions: 2, waiting windows: 599/1245. Max active instruction index: 167
2024-11-15 14:44:31 | Simulation update: decoder round 9115, completed instructions: 173/83857, actively running or decoding instructions: 2, waiting windows: 607/1263. Max active instruction index: 167
2024-11-15 14:44:41 | Simulation update: decoder round 9236, completed instructions: 173/83857, actively running or decoding instructions: 2, waiting windows: 615/1281. Max active instruction index: 167
2024-11-15 14:44:51 | Simulation update: decoder round 9357, completed instructions: 180/83857, actively running or decoding instructions: 3, waiting windows: 625/1299. Max active instruction index: 175
2024-11-15 14:45:01 | Simulation update: decoder round 9479, completed instructions: 180/83857, actively running or decoding instructions: 3, waiting windows: 625/1310. Max active instruction index: 175
2024-11-15 14:45:11 | Simulation update: decoder round 9600, completed instructions: 180/83857, actively running or decoding instructions: 3, waiting windows: 628/1322. Max active instruction index: 175
2024-11-15 14:45:21 | Simulation update: decoder round 9722, completed instructions: 189/83857, actively running or decoding instructions: 4, waiting windows: 638/1338. Max active instruction index: 183
2024-11-15 14:45:31 | Simulation update: decoder round 9844, completed instructions: 189/83857, actively running or decoding instructions: 4, waiting windows: 648/1356. Max active instruction index: 183
2024-11-15 14:45:41 | Simulation update: decoder round 9965, completed instructions: 189/83857, actively running or decoding instructions: 4, waiting windows: 657/1374. Max active instruction index: 183
2024-11-15 14:45:51 | Simulation update: decoder round 10086, completed instructions: 190/83857, actively running or decoding instructions: 3, waiting windows: 666/1391. Max active instruction index: 190
2024-11-15 14:46:01 | Simulation update: decoder round 10207, completed instructions: 195/83857, actively running or decoding instructions: 3, waiting windows: 676/1407. Max active instruction index: 190
2024-11-15 14:46:11 | Simulation update: decoder round 10328, completed instructions: 195/83857, actively running or decoding instructions: 3, waiting windows: 675/1418. Max active instruction index: 190
2024-11-15 14:46:21 | Simulation update: decoder round 10449, completed instructions: 195/83857, actively running or decoding instructions: 3, waiting windows: 679/1430. Max active instruction index: 190
2024-11-15 14:46:31 | Simulation update: decoder round 10570, completed instructions: 204/83857, actively running or decoding instructions: 4, waiting windows: 689/1448. Max active instruction index: 198
2024-11-15 14:46:41 | Simulation update: decoder round 10691, completed instructions: 204/83857, actively running or decoding instructions: 4, waiting windows: 698/1464. Max active instruction index: 198
2024-11-15 14:46:51 | Simulation update: decoder round 10812, completed instructions: 204/83857, actively running or decoding instructions: 4, waiting windows: 705/1482. Max active instruction index: 198
2024-11-15 14:47:01 | Simulation update: decoder round 10933, completed instructions: 211/83857, actively running or decoding instructions: 3, waiting windows: 720/1503. Max active instruction index: 206
2024-11-15 14:47:11 | Simulation update: decoder round 11054, completed instructions: 211/83857, actively running or decoding instructions: 3, waiting windows: 721/1514. Max active instruction index: 206
2024-11-15 14:47:21 | Simulation update: decoder round 11174, completed instructions: 211/83857, actively running or decoding instructions: 3, waiting windows: 721/1525. Max active instruction index: 206
2024-11-15 14:47:31 | Simulation update: decoder round 11294, completed instructions: 211/83857, actively running or decoding instructions: 3, waiting windows: 727/1537. Max active instruction index: 206
2024-11-15 14:47:41 | Simulation update: decoder round 11415, completed instructions: 220/83857, actively running or decoding instructions: 4, waiting windows: 738/1555. Max active instruction index: 214
2024-11-15 14:47:51 | Simulation update: decoder round 11536, completed instructions: 220/83857, actively running or decoding instructions: 4, waiting windows: 748/1572. Max active instruction index: 214
2024-11-15 14:48:02 | Simulation update: decoder round 11658, completed instructions: 220/83857, actively running or decoding instructions: 4, waiting windows: 758/1590. Max active instruction index: 214
2024-11-15 14:48:12 | Simulation update: decoder round 11779, completed instructions: 226/83857, actively running or decoding instructions: 5, waiting windows: 770/1608. Max active instruction index: 221
2024-11-15 14:48:22 | Simulation update: decoder round 11900, completed instructions: 226/83857, actively running or decoding instructions: 3, waiting windows: 770/1620. Max active instruction index: 221
2024-11-15 14:48:32 | Simulation update: decoder round 12020, completed instructions: 226/83857, actively running or decoding instructions: 3, waiting windows: 769/1631. Max active instruction index: 221
2024-11-15 14:48:42 | Simulation update: decoder round 12140, completed instructions: 229/83857, actively running or decoding instructions: 4, waiting windows: 775/1643. Max active instruction index: 229
2024-11-15 14:48:52 | Simulation update: decoder round 12261, completed instructions: 235/83857, actively running or decoding instructions: 4, waiting windows: 789/1663. Max active instruction index: 229
2024-11-15 14:49:02 | Simulation update: decoder round 12377, completed instructions: 235/83857, actively running or decoding instructions: 4, waiting windows: 797/1680. Max active instruction index: 229
2024-11-15 14:49:12 | Simulation update: decoder round 12493, completed instructions: 235/83857, actively running or decoding instructions: 4, waiting windows: 806/1696. Max active instruction index: 229
2024-11-15 14:49:22 | Simulation update: decoder round 12609, completed instructions: 242/83857, actively running or decoding instructions: 3, waiting windows: 819/1716. Max active instruction index: 236
2024-11-15 14:49:32 | Simulation update: decoder round 12725, completed instructions: 242/83857, actively running or decoding instructions: 3, waiting windows: 827/1733. Max active instruction index: 236
2024-11-15 14:49:42 | Simulation update: decoder round 12841, completed instructions: 242/83857, actively running or decoding instructions: 3, waiting windows: 834/1749. Max active instruction index: 236
2024-11-15 14:49:52 | Simulation update: decoder round 12957, completed instructions: 248/83857, actively running or decoding instructions: 5, waiting windows: 843/1769. Max active instruction index: 249
2024-11-15 14:50:02 | Simulation update: decoder round 13074, completed instructions: 249/83857, actively running or decoding instructions: 4, waiting windows: 852/1786. Max active instruction index: 243
2024-11-15 14:50:12 | Simulation update: decoder round 13191, completed instructions: 249/83857, actively running or decoding instructions: 3, waiting windows: 856/1801. Max active instruction index: 243
2024-11-15 14:50:22 | Simulation update: decoder round 13308, completed instructions: 249/83857, actively running or decoding instructions: 3, waiting windows: 866/1819. Max active instruction index: 243
2024-11-15 14:50:32 | Simulation update: decoder round 13424, completed instructions: 256/83857, actively running or decoding instructions: 2, waiting windows: 872/1838. Max active instruction index: 250
2024-11-15 14:50:42 | Simulation update: decoder round 13540, completed instructions: 256/83857, actively running or decoding instructions: 2, waiting windows: 881/1856. Max active instruction index: 250
2024-11-15 14:50:52 | Simulation update: decoder round 13656, completed instructions: 256/83857, actively running or decoding instructions: 2, waiting windows: 890/1871. Max active instruction index: 250
2024-11-15 14:51:02 | Simulation update: decoder round 13772, completed instructions: 256/83857, actively running or decoding instructions: 2, waiting windows: 899/1889. Max active instruction index: 250
2024-11-15 14:51:12 | Simulation update: decoder round 13887, completed instructions: 263/83857, actively running or decoding instructions: 2, waiting windows: 911/1908. Max active instruction index: 257
2024-11-15 14:51:22 | Simulation update: decoder round 14003, completed instructions: 263/83857, actively running or decoding instructions: 2, waiting windows: 914/1924. Max active instruction index: 257
2024-11-15 14:51:32 | Simulation update: decoder round 14118, completed instructions: 263/83857, actively running or decoding instructions: 2, waiting windows: 925/1941. Max active instruction index: 257
2024-11-15 14:51:42 | Simulation update: decoder round 14234, completed instructions: 269/83857, actively running or decoding instructions: 3, waiting windows: 934/1960. Max active instruction index: 264
2024-11-15 14:51:52 | Simulation update: decoder round 14350, completed instructions: 269/83857, actively running or decoding instructions: 3, waiting windows: 933/1970. Max active instruction index: 264
2024-11-15 14:52:03 | Simulation update: decoder round 14467, completed instructions: 269/83857, actively running or decoding instructions: 3, waiting windows: 937/1982. Max active instruction index: 264
2024-11-15 14:52:13 | Simulation update: decoder round 14584, completed instructions: 269/83857, actively running or decoding instructions: 3, waiting windows: 940/1993. Max active instruction index: 264
2024-11-15 14:52:23 | Simulation update: decoder round 14700, completed instructions: 278/83857, actively running or decoding instructions: 4, waiting windows: 951/2011. Max active instruction index: 272
2024-11-15 14:52:33 | Simulation update: decoder round 14816, completed instructions: 278/83857, actively running or decoding instructions: 4, waiting windows: 960/2027. Max active instruction index: 272
2024-11-15 14:52:43 | Simulation update: decoder round 14932, completed instructions: 278/83857, actively running or decoding instructions: 4, waiting windows: 969/2044. Max active instruction index: 272
2024-11-15 14:52:53 | Simulation update: decoder round 15049, completed instructions: 279/83857, actively running or decoding instructions: 2, waiting windows: 977/2060. Max active instruction index: 278
2024-11-15 14:53:03 | Simulation update: decoder round 15165, completed instructions: 286/83857, actively running or decoding instructions: 3, waiting windows: 990/2081. Max active instruction index: 280
