CONFIG 15
benchmark_file: slurm/data/20241107_131433/benchmarks/random_t_1000_42_15.lss
decoder_latency_or_dist_filename: slurm/data/20241107_131433/decoder_dists_nd.json
distance: 21
max_parallel_processes: None
rng: 15
scheduling_method: sliding
speculation_accuracy: 0.99
speculation_latency: 1
speculation_mode: None
2024-11-07 13:14:49 | Loading benchmark slurm/data/20241107_131433/benchmarks/random_t_1000_42_15.lss...
2024-11-07 13:14:50 | Starting simulation
2024-11-07 13:14:50 | Simulation update: decoder round 1, completed instructions: 0/4983, actively running or decoding instructions: 1, waiting windows: 0/0. Max active instruction index: 0
2024-11-07 13:15:00 | Simulation update: decoder round 4719, completed instructions: 24/4983, actively running or decoding instructions: 3, waiting windows: 115/297. Max active instruction index: 22
2024-11-07 13:15:10 | Simulation update: decoder round 6144, completed instructions: 30/4983, actively running or decoding instructions: 4, waiting windows: 165/395. Max active instruction index: 27
2024-11-07 13:15:20 | Simulation update: decoder round 7090, completed instructions: 30/4983, actively running or decoding instructions: 4, waiting windows: 211/486. Max active instruction index: 27
2024-11-07 13:15:30 | Simulation update: decoder round 7823, completed instructions: 30/4983, actively running or decoding instructions: 4, waiting windows: 245/555. Max active instruction index: 27
2024-11-07 13:15:40 | Simulation update: decoder round 8427, completed instructions: 30/4983, actively running or decoding instructions: 4, waiting windows: 274/613. Max active instruction index: 27
2024-11-07 13:15:50 | Simulation update: decoder round 8944, completed instructions: 30/4983, actively running or decoding instructions: 4, waiting windows: 299/662. Max active instruction index: 27
2024-11-07 13:16:00 | Simulation update: decoder round 9400, completed instructions: 30/4983, actively running or decoding instructions: 4, waiting windows: 321/706. Max active instruction index: 27
2024-11-07 13:16:10 | Simulation update: decoder round 9805, completed instructions: 30/4983, actively running or decoding instructions: 4, waiting windows: 339/744. Max active instruction index: 27
2024-11-07 13:16:20 | Simulation update: decoder round 10177, completed instructions: 30/4983, actively running or decoding instructions: 4, waiting windows: 357/780. Max active instruction index: 27
2024-11-07 13:16:30 | Simulation update: decoder round 10522, completed instructions: 30/4983, actively running or decoding instructions: 4, waiting windows: 373/812. Max active instruction index: 27
2024-11-07 13:16:40 | Simulation update: decoder round 10843, completed instructions: 30/4983, actively running or decoding instructions: 4, waiting windows: 389/843. Max active instruction index: 27
2024-11-07 13:16:50 | Simulation update: decoder round 11143, completed instructions: 32/4983, actively running or decoding instructions: 3, waiting windows: 404/873. Max active instruction index: 32
2024-11-07 13:17:00 | Simulation update: decoder round 11425, completed instructions: 35/4983, actively running or decoding instructions: 3, waiting windows: 412/899. Max active instruction index: 32
2024-11-07 13:17:10 | Simulation update: decoder round 11693, completed instructions: 35/4983, actively running or decoding instructions: 3, waiting windows: 418/924. Max active instruction index: 32
2024-11-07 13:17:20 | Simulation update: decoder round 11949, completed instructions: 35/4983, actively running or decoding instructions: 3, waiting windows: 425/949. Max active instruction index: 32
2024-11-07 13:17:30 | Simulation update: decoder round 12193, completed instructions: 35/4983, actively running or decoding instructions: 3, waiting windows: 430/972. Max active instruction index: 32
2024-11-07 13:17:40 | Simulation update: decoder round 12426, completed instructions: 35/4983, actively running or decoding instructions: 3, waiting windows: 437/994. Max active instruction index: 32
2024-11-07 13:17:50 | Simulation update: decoder round 12652, completed instructions: 35/4983, actively running or decoding instructions: 3, waiting windows: 442/1016. Max active instruction index: 32
2024-11-07 13:18:00 | Simulation update: decoder round 12873, completed instructions: 35/4983, actively running or decoding instructions: 3, waiting windows: 447/1037. Max active instruction index: 32
2024-11-07 13:18:10 | Simulation update: decoder round 13087, completed instructions: 35/4983, actively running or decoding instructions: 3, waiting windows: 452/1057. Max active instruction index: 32
2024-11-07 13:18:20 | Simulation update: decoder round 13293, completed instructions: 35/4983, actively running or decoding instructions: 3, waiting windows: 457/1077. Max active instruction index: 32
2024-11-07 13:18:30 | Simulation update: decoder round 13495, completed instructions: 35/4983, actively running or decoding instructions: 3, waiting windows: 461/1096. Max active instruction index: 32
2024-11-07 13:18:40 | Simulation update: decoder round 13693, completed instructions: 35/4983, actively running or decoding instructions: 3, waiting windows: 466/1115. Max active instruction index: 32
2024-11-07 13:18:50 | Simulation update: decoder round 13886, completed instructions: 35/4983, actively running or decoding instructions: 3, waiting windows: 471/1133. Max active instruction index: 32
2024-11-07 13:19:00 | Simulation update: decoder round 14076, completed instructions: 35/4983, actively running or decoding instructions: 3, waiting windows: 475/1151. Max active instruction index: 32
2024-11-07 13:19:10 | Simulation update: decoder round 14259, completed instructions: 35/4983, actively running or decoding instructions: 3, waiting windows: 480/1169. Max active instruction index: 32
2024-11-07 13:19:20 | Simulation update: decoder round 14439, completed instructions: 35/4983, actively running or decoding instructions: 3, waiting windows: 485/1186. Max active instruction index: 32
2024-11-07 13:19:30 | Simulation update: decoder round 14618, completed instructions: 35/4983, actively running or decoding instructions: 3, waiting windows: 488/1203. Max active instruction index: 32
2024-11-07 13:19:40 | Simulation update: decoder round 14794, completed instructions: 35/4983, actively running or decoding instructions: 3, waiting windows: 493/1220. Max active instruction index: 32
2024-11-07 13:19:50 | Simulation update: decoder round 14965, completed instructions: 35/4983, actively running or decoding instructions: 3, waiting windows: 496/1236. Max active instruction index: 32
2024-11-07 13:20:00 | Simulation update: decoder round 15134, completed instructions: 35/4983, actively running or decoding instructions: 3, waiting windows: 500/1252. Max active instruction index: 32
2024-11-07 13:20:10 | Simulation update: decoder round 15301, completed instructions: 35/4983, actively running or decoding instructions: 3, waiting windows: 504/1268. Max active instruction index: 32
2024-11-07 13:20:20 | Simulation update: decoder round 15466, completed instructions: 35/4983, actively running or decoding instructions: 3, waiting windows: 509/1284. Max active instruction index: 32
2024-11-07 13:20:30 | Simulation update: decoder round 15628, completed instructions: 35/4983, actively running or decoding instructions: 3, waiting windows: 512/1299. Max active instruction index: 32
2024-11-07 13:20:40 | Simulation update: decoder round 15786, completed instructions: 35/4983, actively running or decoding instructions: 3, waiting windows: 517/1314. Max active instruction index: 32
2024-11-07 13:20:50 | Simulation update: decoder round 15942, completed instructions: 35/4983, actively running or decoding instructions: 3, waiting windows: 520/1329. Max active instruction index: 32
2024-11-07 13:21:00 | Simulation update: decoder round 16097, completed instructions: 35/4983, actively running or decoding instructions: 3, waiting windows: 524/1344. Max active instruction index: 32
2024-11-07 13:21:11 | Simulation update: decoder round 16251, completed instructions: 35/4983, actively running or decoding instructions: 3, waiting windows: 528/1358. Max active instruction index: 32
2024-11-07 13:21:21 | Simulation update: decoder round 16402, completed instructions: 35/4983, actively running or decoding instructions: 3, waiting windows: 531/1373. Max active instruction index: 32
2024-11-07 13:21:31 | Simulation update: decoder round 16552, completed instructions: 35/4983, actively running or decoding instructions: 3, waiting windows: 534/1387. Max active instruction index: 32
2024-11-07 13:21:41 | Simulation update: decoder round 16700, completed instructions: 35/4983, actively running or decoding instructions: 3, waiting windows: 538/1401. Max active instruction index: 32
2024-11-07 13:21:51 | Simulation update: decoder round 16847, completed instructions: 35/4983, actively running or decoding instructions: 3, waiting windows: 541/1415. Max active instruction index: 32
2024-11-07 13:22:01 | Simulation update: decoder round 16991, completed instructions: 35/4983, actively running or decoding instructions: 3, waiting windows: 548/1429. Max active instruction index: 32
2024-11-07 13:22:11 | Simulation update: decoder round 17131, completed instructions: 35/4983, actively running or decoding instructions: 3, waiting windows: 555/1442. Max active instruction index: 32
2024-11-07 13:22:21 | Simulation update: decoder round 17268, completed instructions: 35/4983, actively running or decoding instructions: 3, waiting windows: 560/1455. Max active instruction index: 32
2024-11-07 13:22:31 | Simulation update: decoder round 17403, completed instructions: 35/4983, actively running or decoding instructions: 3, waiting windows: 567/1468. Max active instruction index: 32
2024-11-07 13:22:41 | Simulation update: decoder round 17536, completed instructions: 35/4983, actively running or decoding instructions: 3, waiting windows: 574/1481. Max active instruction index: 32
2024-11-07 13:22:51 | Simulation update: decoder round 17666, completed instructions: 35/4983, actively running or decoding instructions: 3, waiting windows: 580/1493. Max active instruction index: 32
2024-11-07 13:23:01 | Simulation update: decoder round 17795, completed instructions: 35/4983, actively running or decoding instructions: 3, waiting windows: 587/1506. Max active instruction index: 32
2024-11-07 13:23:11 | Simulation update: decoder round 17922, completed instructions: 35/4983, actively running or decoding instructions: 3, waiting windows: 593/1518. Max active instruction index: 32
2024-11-07 13:23:21 | Simulation update: decoder round 18047, completed instructions: 35/4983, actively running or decoding instructions: 3, waiting windows: 599/1530. Max active instruction index: 32
2024-11-07 13:23:31 | Simulation update: decoder round 18170, completed instructions: 35/4983, actively running or decoding instructions: 3, waiting windows: 604/1541. Max active instruction index: 32
2024-11-07 13:23:41 | Simulation update: decoder round 18290, completed instructions: 35/4983, actively running or decoding instructions: 3, waiting windows: 609/1552. Max active instruction index: 32
2024-11-07 13:23:51 | Simulation update: decoder round 18407, completed instructions: 35/4983, actively running or decoding instructions: 3, waiting windows: 615/1564. Max active instruction index: 32
2024-11-07 13:24:01 | Simulation update: decoder round 18523, completed instructions: 35/4983, actively running or decoding instructions: 3, waiting windows: 620/1575. Max active instruction index: 32
2024-11-07 13:24:11 | Simulation update: decoder round 18638, completed instructions: 35/4983, actively running or decoding instructions: 3, waiting windows: 627/1586. Max active instruction index: 32
2024-11-07 13:24:21 | Simulation update: decoder round 18751, completed instructions: 35/4983, actively running or decoding instructions: 3, waiting windows: 631/1596. Max active instruction index: 32
2024-11-07 13:24:31 | Simulation update: decoder round 18863, completed instructions: 35/4983, actively running or decoding instructions: 3, waiting windows: 636/1607. Max active instruction index: 32
2024-11-07 13:24:41 | Simulation update: decoder round 18973, completed instructions: 35/4983, actively running or decoding instructions: 3, waiting windows: 643/1618. Max active instruction index: 32
2024-11-07 13:24:51 | Simulation update: decoder round 19082, completed instructions: 35/4983, actively running or decoding instructions: 3, waiting windows: 647/1628. Max active instruction index: 32
2024-11-07 13:25:01 | Simulation update: decoder round 19189, completed instructions: 35/4983, actively running or decoding instructions: 3, waiting windows: 653/1638. Max active instruction index: 32
2024-11-07 13:25:12 | Simulation update: decoder round 19295, completed instructions: 35/4983, actively running or decoding instructions: 3, waiting windows: 657/1648. Max active instruction index: 32
2024-11-07 13:25:22 | Simulation update: decoder round 19399, completed instructions: 35/4983, actively running or decoding instructions: 3, waiting windows: 663/1658. Max active instruction index: 32
2024-11-07 13:25:32 | Simulation update: decoder round 19502, completed instructions: 35/4983, actively running or decoding instructions: 3, waiting windows: 667/1668. Max active instruction index: 32
2024-11-07 13:25:42 | Simulation update: decoder round 19604, completed instructions: 35/4983, actively running or decoding instructions: 3, waiting windows: 673/1678. Max active instruction index: 32
2024-11-07 13:25:52 | Simulation update: decoder round 19704, completed instructions: 35/4983, actively running or decoding instructions: 3, waiting windows: 676/1687. Max active instruction index: 32
2024-11-07 13:26:02 | Simulation update: decoder round 19803, completed instructions: 35/4983, actively running or decoding instructions: 3, waiting windows: 682/1697. Max active instruction index: 32
2024-11-07 13:26:12 | Simulation update: decoder round 19901, completed instructions: 35/4983, actively running or decoding instructions: 3, waiting windows: 687/1706. Max active instruction index: 32
2024-11-07 13:26:22 | Simulation update: decoder round 19998, completed instructions: 35/4983, actively running or decoding instructions: 3, waiting windows: 690/1715. Max active instruction index: 32
2024-11-07 13:26:32 | Simulation update: decoder round 20094, completed instructions: 35/4983, actively running or decoding instructions: 3, waiting windows: 695/1724. Max active instruction index: 32
2024-11-07 13:26:42 | Simulation update: decoder round 20189, completed instructions: 35/4983, actively running or decoding instructions: 3, waiting windows: 701/1734. Max active instruction index: 32
2024-11-07 13:26:52 | Simulation update: decoder round 20282, completed instructions: 35/4983, actively running or decoding instructions: 3, waiting windows: 705/1742. Max active instruction index: 32
2024-11-07 13:27:02 | Simulation update: decoder round 20374, completed instructions: 35/4983, actively running or decoding instructions: 3, waiting windows: 708/1751. Max active instruction index: 32
2024-11-07 13:27:12 | Simulation update: decoder round 20466, completed instructions: 35/4983, actively running or decoding instructions: 3, waiting windows: 713/1760. Max active instruction index: 32
2024-11-07 13:27:22 | Simulation update: decoder round 20557, completed instructions: 35/4983, actively running or decoding instructions: 3, waiting windows: 717/1768. Max active instruction index: 32
2024-11-07 13:27:32 | Simulation update: decoder round 20647, completed instructions: 35/4983, actively running or decoding instructions: 3, waiting windows: 722/1777. Max active instruction index: 32
2024-11-07 13:27:42 | Simulation update: decoder round 20736, completed instructions: 35/4983, actively running or decoding instructions: 3, waiting windows: 727/1786. Max active instruction index: 32
2024-11-07 13:27:52 | Simulation update: decoder round 20824, completed instructions: 35/4983, actively running or decoding instructions: 3, waiting windows: 731/1794. Max active instruction index: 32
2024-11-07 13:28:02 | Simulation update: decoder round 20911, completed instructions: 35/4983, actively running or decoding instructions: 3, waiting windows: 735/1802. Max active instruction index: 32
2024-11-07 13:28:12 | Simulation update: decoder round 20997, completed instructions: 35/4983, actively running or decoding instructions: 3, waiting windows: 739/1810. Max active instruction index: 32
2024-11-07 13:28:22 | Simulation update: decoder round 21082, completed instructions: 35/4983, actively running or decoding instructions: 3, waiting windows: 743/1818. Max active instruction index: 32
2024-11-07 13:28:32 | Simulation update: decoder round 21166, completed instructions: 35/4983, actively running or decoding instructions: 3, waiting windows: 747/1826. Max active instruction index: 32
2024-11-07 13:28:42 | Simulation update: decoder round 21250, completed instructions: 35/4983, actively running or decoding instructions: 3, waiting windows: 751/1834. Max active instruction index: 32
2024-11-07 13:28:52 | Simulation update: decoder round 21333, completed instructions: 35/4983, actively running or decoding instructions: 3, waiting windows: 755/1842. Max active instruction index: 32
2024-11-07 13:29:03 | Simulation update: decoder round 21416, completed instructions: 35/4983, actively running or decoding instructions: 3, waiting windows: 759/1850. Max active instruction index: 32
2024-11-07 13:29:13 | Simulation update: decoder round 21498, completed instructions: 35/4983, actively running or decoding instructions: 3, waiting windows: 763/1858. Max active instruction index: 32
2024-11-07 13:29:23 | Simulation update: decoder round 21579, completed instructions: 35/4983, actively running or decoding instructions: 3, waiting windows: 767/1866. Max active instruction index: 32
2024-11-07 13:29:33 | Simulation update: decoder round 21660, completed instructions: 35/4983, actively running or decoding instructions: 3, waiting windows: 771/1874. Max active instruction index: 32
2024-11-07 13:29:43 | Simulation update: decoder round 21740, completed instructions: 35/4983, actively running or decoding instructions: 3, waiting windows: 774/1881. Max active instruction index: 32
2024-11-07 13:29:53 | Simulation update: decoder round 21821, completed instructions: 35/4983, actively running or decoding instructions: 3, waiting windows: 778/1889. Max active instruction index: 32
2024-11-07 13:30:03 | Simulation update: decoder round 21900, completed instructions: 35/4983, actively running or decoding instructions: 3, waiting windows: 781/1896. Max active instruction index: 32
2024-11-07 13:30:13 | Simulation update: decoder round 21980, completed instructions: 35/4983, actively running or decoding instructions: 3, waiting windows: 785/1904. Max active instruction index: 32
2024-11-07 13:30:23 | Simulation update: decoder round 22059, completed instructions: 35/4983, actively running or decoding instructions: 3, waiting windows: 789/1912. Max active instruction index: 32
2024-11-07 13:30:33 | Simulation update: decoder round 22137, completed instructions: 35/4983, actively running or decoding instructions: 3, waiting windows: 792/1919. Max active instruction index: 32
2024-11-07 13:30:43 | Simulation update: decoder round 22214, completed instructions: 35/4983, actively running or decoding instructions: 3, waiting windows: 797/1926. Max active instruction index: 32
2024-11-07 13:30:53 | Simulation update: decoder round 22291, completed instructions: 35/4983, actively running or decoding instructions: 3, waiting windows: 801/1934. Max active instruction index: 32
2024-11-07 13:31:03 | Simulation update: decoder round 22366, completed instructions: 35/4983, actively running or decoding instructions: 3, waiting windows: 804/1941. Max active instruction index: 32
2024-11-07 13:31:14 | Simulation update: decoder round 22441, completed instructions: 35/4983, actively running or decoding instructions: 2, waiting windows: 807/1948. Max active instruction index: 32
2024-11-07 13:31:24 | Simulation update: decoder round 22516, completed instructions: 39/4983, actively running or decoding instructions: 5, waiting windows: 811/1956. Max active instruction index: 41
2024-11-07 13:31:34 | Simulation update: decoder round 22589, completed instructions: 40/4983, actively running or decoding instructions: 4, waiting windows: 816/1963. Max active instruction index: 37
2024-11-07 13:31:44 | Simulation update: decoder round 22662, completed instructions: 40/4983, actively running or decoding instructions: 4, waiting windows: 816/1969. Max active instruction index: 37
2024-11-07 13:31:54 | Simulation update: decoder round 22735, completed instructions: 40/4983, actively running or decoding instructions: 4, waiting windows: 818/1977. Max active instruction index: 37
2024-11-07 13:32:04 | Simulation update: decoder round 22807, completed instructions: 40/4983, actively running or decoding instructions: 4, waiting windows: 819/1983. Max active instruction index: 37
2024-11-07 13:32:14 | Simulation update: decoder round 22879, completed instructions: 40/4983, actively running or decoding instructions: 4, waiting windows: 821/1989. Max active instruction index: 37
2024-11-07 13:32:24 | Simulation update: decoder round 22950, completed instructions: 40/4983, actively running or decoding instructions: 4, waiting windows: 823/1997. Max active instruction index: 37
2024-11-07 13:32:34 | Simulation update: decoder round 23021, completed instructions: 40/4983, actively running or decoding instructions: 4, waiting windows: 824/2003. Max active instruction index: 37
2024-11-07 13:32:44 | Simulation update: decoder round 23091, completed instructions: 40/4983, actively running or decoding instructions: 4, waiting windows: 827/2010. Max active instruction index: 37
2024-11-07 13:32:54 | Simulation update: decoder round 23161, completed instructions: 40/4983, actively running or decoding instructions: 4, waiting windows: 828/2017. Max active instruction index: 37
2024-11-07 13:33:05 | Simulation update: decoder round 23230, completed instructions: 40/4983, actively running or decoding instructions: 4, waiting windows: 829/2023. Max active instruction index: 37
2024-11-07 13:33:15 | Simulation update: decoder round 23299, completed instructions: 40/4983, actively running or decoding instructions: 4, waiting windows: 831/2029. Max active instruction index: 37
2024-11-07 13:33:25 | Simulation update: decoder round 23367, completed instructions: 40/4983, actively running or decoding instructions: 4, waiting windows: 833/2037. Max active instruction index: 37
2024-11-07 13:33:35 | Simulation update: decoder round 23434, completed instructions: 40/4983, actively running or decoding instructions: 4, waiting windows: 836/2043. Max active instruction index: 37
2024-11-07 13:33:45 | Simulation update: decoder round 23502, completed instructions: 40/4983, actively running or decoding instructions: 4, waiting windows: 836/2049. Max active instruction index: 37
2024-11-07 13:33:55 | Simulation update: decoder round 23569, completed instructions: 40/4983, actively running or decoding instructions: 4, waiting windows: 837/2055. Max active instruction index: 37
2024-11-07 13:34:05 | Simulation update: decoder round 23635, completed instructions: 40/4983, actively running or decoding instructions: 4, waiting windows: 839/2061. Max active instruction index: 37
2024-11-07 13:34:15 | Simulation update: decoder round 23701, completed instructions: 40/4983, actively running or decoding instructions: 4, waiting windows: 841/2069. Max active instruction index: 37
2024-11-07 13:34:25 | Simulation update: decoder round 23767, completed instructions: 40/4983, actively running or decoding instructions: 4, waiting windows: 844/2075. Max active instruction index: 37
2024-11-07 13:34:35 | Simulation update: decoder round 23832, completed instructions: 40/4983, actively running or decoding instructions: 4, waiting windows: 844/2081. Max active instruction index: 37
2024-11-07 13:34:45 | Simulation update: decoder round 23897, completed instructions: 40/4983, actively running or decoding instructions: 4, waiting windows: 847/2087. Max active instruction index: 37
2024-11-07 13:34:55 | Simulation update: decoder round 23962, completed instructions: 40/4983, actively running or decoding instructions: 4, waiting windows: 847/2093. Max active instruction index: 37
2024-11-07 13:35:06 | Simulation update: decoder round 24026, completed instructions: 40/4983, actively running or decoding instructions: 4, waiting windows: 848/2099. Max active instruction index: 37
2024-11-07 13:35:16 | Simulation update: decoder round 24090, completed instructions: 40/4983, actively running or decoding instructions: 4, waiting windows: 850/2105. Max active instruction index: 37
2024-11-07 13:35:26 | Simulation update: decoder round 24153, completed instructions: 40/4983, actively running or decoding instructions: 4, waiting windows: 851/2111. Max active instruction index: 37
2024-11-07 13:35:36 | Simulation update: decoder round 24216, completed instructions: 40/4983, actively running or decoding instructions: 4, waiting windows: 853/2117. Max active instruction index: 37
2024-11-07 13:35:46 | Simulation update: decoder round 24279, completed instructions: 40/4983, actively running or decoding instructions: 4, waiting windows: 854/2123. Max active instruction index: 37
2024-11-07 13:35:56 | Simulation update: decoder round 24341, completed instructions: 40/4983, actively running or decoding instructions: 4, waiting windows: 856/2129. Max active instruction index: 37
2024-11-07 13:36:06 | Simulation update: decoder round 24403, completed instructions: 40/4983, actively running or decoding instructions: 4, waiting windows: 857/2135. Max active instruction index: 37
2024-11-07 13:36:16 | Simulation update: decoder round 24465, completed instructions: 40/4983, actively running or decoding instructions: 4, waiting windows: 859/2141. Max active instruction index: 37
2024-11-07 13:36:26 | Simulation update: decoder round 24527, completed instructions: 40/4983, actively running or decoding instructions: 4, waiting windows: 862/2147. Max active instruction index: 37
2024-11-07 13:36:36 | Simulation update: decoder round 24588, completed instructions: 40/4983, actively running or decoding instructions: 4, waiting windows: 862/2153. Max active instruction index: 37
2024-11-07 13:36:46 | Simulation update: decoder round 24649, completed instructions: 40/4983, actively running or decoding instructions: 4, waiting windows: 865/2159. Max active instruction index: 37
2024-11-07 13:36:56 | Simulation update: decoder round 24710, completed instructions: 40/4983, actively running or decoding instructions: 4, waiting windows: 865/2165. Max active instruction index: 37
2024-11-07 13:37:06 | Simulation update: decoder round 24771, completed instructions: 40/4983, actively running or decoding instructions: 4, waiting windows: 867/2170. Max active instruction index: 37
2024-11-07 13:37:16 | Simulation update: decoder round 24831, completed instructions: 40/4983, actively running or decoding instructions: 4, waiting windows: 867/2175. Max active instruction index: 37
2024-11-07 13:37:26 | Simulation update: decoder round 24891, completed instructions: 40/4983, actively running or decoding instructions: 4, waiting windows: 869/2181. Max active instruction index: 37
2024-11-07 13:37:36 | Simulation update: decoder round 24950, completed instructions: 40/4983, actively running or decoding instructions: 4, waiting windows: 870/2187. Max active instruction index: 37
2024-11-07 13:37:47 | Simulation update: decoder round 25009, completed instructions: 40/4983, actively running or decoding instructions: 4, waiting windows: 872/2193. Max active instruction index: 37
2024-11-07 13:37:57 | Simulation update: decoder round 25068, completed instructions: 40/4983, actively running or decoding instructions: 4, waiting windows: 875/2199. Max active instruction index: 37
2024-11-07 13:38:07 | Simulation update: decoder round 25127, completed instructions: 40/4983, actively running or decoding instructions: 4, waiting windows: 874/2204. Max active instruction index: 37
2024-11-07 13:38:17 | Simulation update: decoder round 25186, completed instructions: 40/4983, actively running or decoding instructions: 4, waiting windows: 876/2209. Max active instruction index: 37
2024-11-07 13:38:27 | Simulation update: decoder round 25244, completed instructions: 40/4983, actively running or decoding instructions: 4, waiting windows: 877/2215. Max active instruction index: 37
2024-11-07 13:38:37 | Simulation update: decoder round 25302, completed instructions: 40/4983, actively running or decoding instructions: 4, waiting windows: 879/2221. Max active instruction index: 37
2024-11-07 13:38:47 | Simulation update: decoder round 25360, completed instructions: 40/4983, actively running or decoding instructions: 4, waiting windows: 882/2227. Max active instruction index: 37
2024-11-07 13:38:57 | Simulation update: decoder round 25418, completed instructions: 40/4983, actively running or decoding instructions: 4, waiting windows: 881/2231. Max active instruction index: 37
2024-11-07 13:39:07 | Simulation update: decoder round 25475, completed instructions: 40/4983, actively running or decoding instructions: 4, waiting windows: 883/2237. Max active instruction index: 37
2024-11-07 13:39:17 | Simulation update: decoder round 25532, completed instructions: 40/4983, actively running or decoding instructions: 4, waiting windows: 886/2243. Max active instruction index: 37
2024-11-07 13:39:27 | Simulation update: decoder round 25589, completed instructions: 40/4983, actively running or decoding instructions: 4, waiting windows: 885/2248. Max active instruction index: 37
2024-11-07 13:39:38 | Simulation update: decoder round 25646, completed instructions: 40/4983, actively running or decoding instructions: 4, waiting windows: 887/2253. Max active instruction index: 37
2024-11-07 13:39:48 | Simulation update: decoder round 25703, completed instructions: 40/4983, actively running or decoding instructions: 4, waiting windows: 890/2259. Max active instruction index: 37
2024-11-07 13:39:58 | Simulation update: decoder round 25759, completed instructions: 40/4983, actively running or decoding instructions: 4, waiting windows: 890/2265. Max active instruction index: 37
2024-11-07 13:40:08 | Simulation update: decoder round 25815, completed instructions: 40/4983, actively running or decoding instructions: 4, waiting windows: 891/2269. Max active instruction index: 37
2024-11-07 13:40:18 | Simulation update: decoder round 25871, completed instructions: 40/4983, actively running or decoding instructions: 4, waiting windows: 894/2275. Max active instruction index: 37
2024-11-07 13:40:28 | Simulation update: decoder round 25927, completed instructions: 40/4983, actively running or decoding instructions: 4, waiting windows: 894/2281. Max active instruction index: 37
2024-11-07 13:40:38 | Simulation update: decoder round 25982, completed instructions: 40/4983, actively running or decoding instructions: 4, waiting windows: 895/2285. Max active instruction index: 37
2024-11-07 13:40:48 | Simulation update: decoder round 26037, completed instructions: 40/4983, actively running or decoding instructions: 4, waiting windows: 898/2291. Max active instruction index: 37
2024-11-07 13:40:58 | Simulation update: decoder round 26092, completed instructions: 40/4983, actively running or decoding instructions: 4, waiting windows: 897/2295. Max active instruction index: 37
2024-11-07 13:41:08 | Simulation update: decoder round 26147, completed instructions: 40/4983, actively running or decoding instructions: 4, waiting windows: 899/2301. Max active instruction index: 37
2024-11-07 13:41:19 | Simulation update: decoder round 26202, completed instructions: 40/4983, actively running or decoding instructions: 4, waiting windows: 902/2307. Max active instruction index: 37
2024-11-07 13:41:29 | Simulation update: decoder round 26256, completed instructions: 40/4983, actively running or decoding instructions: 4, waiting windows: 901/2311. Max active instruction index: 37
2024-11-07 13:41:39 | Simulation update: decoder round 26310, completed instructions: 40/4983, actively running or decoding instructions: 4, waiting windows: 903/2317. Max active instruction index: 37
2024-11-07 13:41:49 | Simulation update: decoder round 26364, completed instructions: 40/4983, actively running or decoding instructions: 4, waiting windows: 904/2321. Max active instruction index: 37
2024-11-07 13:41:59 | Simulation update: decoder round 26418, completed instructions: 40/4983, actively running or decoding instructions: 4, waiting windows: 905/2327. Max active instruction index: 37
2024-11-07 13:42:09 | Simulation update: decoder round 26471, completed instructions: 40/4983, actively running or decoding instructions: 4, waiting windows: 906/2332. Max active instruction index: 37
2024-11-07 13:42:19 | Simulation update: decoder round 26524, completed instructions: 40/4983, actively running or decoding instructions: 4, waiting windows: 908/2337. Max active instruction index: 37
2024-11-07 13:42:29 | Simulation update: decoder round 26577, completed instructions: 40/4983, actively running or decoding instructions: 4, waiting windows: 910/2342. Max active instruction index: 37
2024-11-07 13:42:39 | Simulation update: decoder round 26630, completed instructions: 40/4983, actively running or decoding instructions: 4, waiting windows: 910/2347. Max active instruction index: 37
2024-11-07 13:42:49 | Simulation update: decoder round 26683, completed instructions: 40/4983, actively running or decoding instructions: 4, waiting windows: 912/2353. Max active instruction index: 37
2024-11-07 13:42:59 | Simulation update: decoder round 26736, completed instructions: 40/4983, actively running or decoding instructions: 4, waiting windows: 913/2357. Max active instruction index: 37
2024-11-07 13:43:09 | Simulation update: decoder round 26788, completed instructions: 40/4983, actively running or decoding instructions: 4, waiting windows: 916/2363. Max active instruction index: 37
2024-11-07 13:43:20 | Simulation update: decoder round 26840, completed instructions: 40/4983, actively running or decoding instructions: 4, waiting windows: 915/2367. Max active instruction index: 37
2024-11-07 13:43:30 | Simulation update: decoder round 26892, completed instructions: 40/4983, actively running or decoding instructions: 4, waiting windows: 916/2372. Max active instruction index: 37
2024-11-07 13:43:40 | Simulation update: decoder round 26944, completed instructions: 40/4983, actively running or decoding instructions: 4, waiting windows: 918/2377. Max active instruction index: 37
2024-11-07 13:43:50 | Simulation update: decoder round 26995, completed instructions: 40/4983, actively running or decoding instructions: 4, waiting windows: 919/2381. Max active instruction index: 37
2024-11-07 13:44:00 | Simulation update: decoder round 27046, completed instructions: 40/4983, actively running or decoding instructions: 4, waiting windows: 922/2387. Max active instruction index: 37
2024-11-07 13:44:10 | Simulation update: decoder round 27097, completed instructions: 40/4983, actively running or decoding instructions: 4, waiting windows: 921/2391. Max active instruction index: 37
2024-11-07 13:44:20 | Simulation update: decoder round 27148, completed instructions: 40/4983, actively running or decoding instructions: 4, waiting windows: 923/2397. Max active instruction index: 37
2024-11-07 13:44:30 | Simulation update: decoder round 27199, completed instructions: 40/4983, actively running or decoding instructions: 4, waiting windows: 924/2401. Max active instruction index: 37
2024-11-07 13:44:40 | Simulation update: decoder round 27250, completed instructions: 40/4983, actively running or decoding instructions: 4, waiting windows: 927/2407. Max active instruction index: 37
2024-11-07 13:44:50 | Simulation update: decoder round 27301, completed instructions: 40/4983, actively running or decoding instructions: 4, waiting windows: 926/2411. Max active instruction index: 37
2024-11-07 13:45:01 | Simulation update: decoder round 27352, completed instructions: 40/4983, actively running or decoding instructions: 4, waiting windows: 927/2415. Max active instruction index: 37
2024-11-07 13:45:11 | Simulation update: decoder round 27402, completed instructions: 40/4983, actively running or decoding instructions: 4, waiting windows: 929/2421. Max active instruction index: 37
2024-11-07 13:45:21 | Simulation update: decoder round 27452, completed instructions: 40/4983, actively running or decoding instructions: 4, waiting windows: 930/2425. Max active instruction index: 37
2024-11-07 13:45:31 | Simulation update: decoder round 27502, completed instructions: 40/4983, actively running or decoding instructions: 4, waiting windows: 933/2431. Max active instruction index: 37
2024-11-07 13:45:41 | Simulation update: decoder round 27552, completed instructions: 40/4983, actively running or decoding instructions: 4, waiting windows: 932/2435. Max active instruction index: 37
2024-11-07 13:45:51 | Simulation update: decoder round 27601, completed instructions: 40/4983, actively running or decoding instructions: 4, waiting windows: 933/2439. Max active instruction index: 37
2024-11-07 13:46:01 | Simulation update: decoder round 27650, completed instructions: 40/4983, actively running or decoding instructions: 4, waiting windows: 935/2445. Max active instruction index: 37
2024-11-07 13:46:11 | Simulation update: decoder round 27699, completed instructions: 40/4983, actively running or decoding instructions: 4, waiting windows: 936/2449. Max active instruction index: 37
2024-11-07 13:46:21 | Simulation update: decoder round 27748, completed instructions: 40/4983, actively running or decoding instructions: 4, waiting windows: 937/2453. Max active instruction index: 37
2024-11-07 13:46:31 | Simulation update: decoder round 27797, completed instructions: 40/4983, actively running or decoding instructions: 4, waiting windows: 940/2459. Max active instruction index: 37
2024-11-07 13:46:41 | Simulation update: decoder round 27846, completed instructions: 40/4983, actively running or decoding instructions: 4, waiting windows: 939/2463. Max active instruction index: 37
2024-11-07 13:46:51 | Simulation update: decoder round 27894, completed instructions: 40/4983, actively running or decoding instructions: 4, waiting windows: 940/2467. Max active instruction index: 37
2024-11-07 13:47:02 | Simulation update: decoder round 27943, completed instructions: 40/4983, actively running or decoding instructions: 4, waiting windows: 942/2473. Max active instruction index: 37
2024-11-07 13:47:12 | Simulation update: decoder round 27991, completed instructions: 40/4983, actively running or decoding instructions: 4, waiting windows: 943/2477. Max active instruction index: 37
2024-11-07 13:47:22 | Simulation update: decoder round 28039, completed instructions: 40/4983, actively running or decoding instructions: 4, waiting windows: 944/2481. Max active instruction index: 37
2024-11-07 13:47:32 | Simulation update: decoder round 28087, completed instructions: 40/4983, actively running or decoding instructions: 4, waiting windows: 945/2485. Max active instruction index: 37
2024-11-07 13:47:42 | Simulation update: decoder round 28135, completed instructions: 40/4983, actively running or decoding instructions: 4, waiting windows: 948/2491. Max active instruction index: 37
2024-11-07 13:47:52 | Simulation update: decoder round 28183, completed instructions: 40/4983, actively running or decoding instructions: 4, waiting windows: 947/2495. Max active instruction index: 37
2024-11-07 13:48:02 | Simulation update: decoder round 28231, completed instructions: 40/4983, actively running or decoding instructions: 4, waiting windows: 948/2499. Max active instruction index: 37
2024-11-07 13:48:12 | Simulation update: decoder round 28279, completed instructions: 40/4983, actively running or decoding instructions: 4, waiting windows: 950/2505. Max active instruction index: 37
2024-11-07 13:48:22 | Simulation update: decoder round 28326, completed instructions: 40/4983, actively running or decoding instructions: 4, waiting windows: 951/2509. Max active instruction index: 37
2024-11-07 13:48:32 | Simulation update: decoder round 28373, completed instructions: 40/4983, actively running or decoding instructions: 4, waiting windows: 952/2513. Max active instruction index: 37
2024-11-07 13:48:43 | Simulation update: decoder round 28420, completed instructions: 40/4983, actively running or decoding instructions: 4, waiting windows: 953/2517. Max active instruction index: 37
2024-11-07 13:48:53 | Simulation update: decoder round 28467, completed instructions: 40/4983, actively running or decoding instructions: 4, waiting windows: 955/2522. Max active instruction index: 37
2024-11-07 13:49:03 | Simulation update: decoder round 28514, completed instructions: 40/4983, actively running or decoding instructions: 4, waiting windows: 957/2527. Max active instruction index: 37
2024-11-07 13:49:13 | Simulation update: decoder round 28561, completed instructions: 40/4983, actively running or decoding instructions: 4, waiting windows: 956/2531. Max active instruction index: 37
2024-11-07 13:49:23 | Simulation update: decoder round 28608, completed instructions: 40/4983, actively running or decoding instructions: 4, waiting windows: 957/2535. Max active instruction index: 37
2024-11-07 13:49:33 | Simulation update: decoder round 28655, completed instructions: 40/4983, actively running or decoding instructions: 4, waiting windows: 958/2540. Max active instruction index: 37
2024-11-07 13:49:43 | Simulation update: decoder round 28701, completed instructions: 40/4983, actively running or decoding instructions: 4, waiting windows: 960/2545. Max active instruction index: 37
2024-11-07 13:49:54 | Simulation update: decoder round 28747, completed instructions: 40/4983, actively running or decoding instructions: 4, waiting windows: 961/2549. Max active instruction index: 37
2024-11-07 13:50:04 | Simulation update: decoder round 28793, completed instructions: 40/4983, actively running or decoding instructions: 4, waiting windows: 962/2553. Max active instruction index: 37
2024-11-07 13:50:14 | Simulation update: decoder round 28839, completed instructions: 40/4983, actively running or decoding instructions: 4, waiting windows: 963/2557. Max active instruction index: 37
2024-11-07 13:50:24 | Simulation update: decoder round 28885, completed instructions: 40/4983, actively running or decoding instructions: 4, waiting windows: 964/2561. Max active instruction index: 37
2024-11-07 13:50:34 | Simulation update: decoder round 28931, completed instructions: 40/4983, actively running or decoding instructions: 4, waiting windows: 967/2567. Max active instruction index: 37
2024-11-07 13:50:44 | Simulation update: decoder round 28977, completed instructions: 40/4983, actively running or decoding instructions: 4, waiting windows: 968/2571. Max active instruction index: 37
2024-11-07 13:50:54 | Simulation update: decoder round 29023, completed instructions: 40/4983, actively running or decoding instructions: 4, waiting windows: 967/2575. Max active instruction index: 37
2024-11-07 13:51:05 | Simulation update: decoder round 29069, completed instructions: 40/4983, actively running or decoding instructions: 4, waiting windows: 968/2579. Max active instruction index: 37
2024-11-07 13:51:15 | Simulation update: decoder round 29114, completed instructions: 40/4983, actively running or decoding instructions: 4, waiting windows: 969/2583. Max active instruction index: 37
2024-11-07 13:51:25 | Simulation update: decoder round 29159, completed instructions: 40/4983, actively running or decoding instructions: 4, waiting windows: 970/2588. Max active instruction index: 37
2024-11-07 13:51:35 | Simulation update: decoder round 29204, completed instructions: 40/4983, actively running or decoding instructions: 4, waiting windows: 972/2593. Max active instruction index: 37
2024-11-07 13:51:45 | Simulation update: decoder round 29249, completed instructions: 40/4983, actively running or decoding instructions: 4, waiting windows: 973/2597. Max active instruction index: 37
2024-11-07 13:51:55 | Simulation update: decoder round 29294, completed instructions: 40/4983, actively running or decoding instructions: 4, waiting windows: 974/2601. Max active instruction index: 37
2024-11-07 13:52:05 | Simulation update: decoder round 29339, completed instructions: 40/4983, actively running or decoding instructions: 4, waiting windows: 975/2605. Max active instruction index: 37
2024-11-07 13:52:15 | Simulation update: decoder round 29383, completed instructions: 40/4983, actively running or decoding instructions: 4, waiting windows: 976/2609. Max active instruction index: 37
2024-11-07 13:52:26 | Simulation update: decoder round 29428, completed instructions: 40/4983, actively running or decoding instructions: 4, waiting windows: 977/2613. Max active instruction index: 37
2024-11-07 13:52:36 | Simulation update: decoder round 29472, completed instructions: 40/4983, actively running or decoding instructions: 4, waiting windows: 978/2617. Max active instruction index: 37
2024-11-07 13:52:46 | Simulation update: decoder round 29516, completed instructions: 40/4983, actively running or decoding instructions: 4, waiting windows: 980/2622. Max active instruction index: 37
2024-11-07 13:52:56 | Simulation update: decoder round 29560, completed instructions: 40/4983, actively running or decoding instructions: 4, waiting windows: 982/2627. Max active instruction index: 37
2024-11-07 13:53:06 | Simulation update: decoder round 29604, completed instructions: 40/4983, actively running or decoding instructions: 4, waiting windows: 983/2631. Max active instruction index: 37
2024-11-07 13:53:16 | Simulation update: decoder round 29648, completed instructions: 40/4983, actively running or decoding instructions: 4, waiting windows: 984/2635. Max active instruction index: 37
2024-11-07 13:53:26 | Simulation update: decoder round 29692, completed instructions: 40/4983, actively running or decoding instructions: 4, waiting windows: 985/2639. Max active instruction index: 37
2024-11-07 13:53:36 | Simulation update: decoder round 29736, completed instructions: 40/4983, actively running or decoding instructions: 4, waiting windows: 984/2643. Max active instruction index: 37
2024-11-07 13:53:47 | Simulation update: decoder round 29780, completed instructions: 40/4983, actively running or decoding instructions: 4, waiting windows: 985/2647. Max active instruction index: 37
2024-11-07 13:53:57 | Simulation update: decoder round 29824, completed instructions: 40/4983, actively running or decoding instructions: 4, waiting windows: 986/2651. Max active instruction index: 37
2024-11-07 13:54:07 | Simulation update: decoder round 29868, completed instructions: 40/4983, actively running or decoding instructions: 4, waiting windows: 987/2655. Max active instruction index: 37
2024-11-07 13:54:17 | Simulation update: decoder round 29912, completed instructions: 40/4983, actively running or decoding instructions: 4, waiting windows: 988/2659. Max active instruction index: 37
2024-11-07 13:54:27 | Simulation update: decoder round 29956, completed instructions: 40/4983, actively running or decoding instructions: 4, waiting windows: 989/2663. Max active instruction index: 37
2024-11-07 13:54:37 | Simulation update: decoder round 29999, completed instructions: 40/4983, actively running or decoding instructions: 4, waiting windows: 990/2668. Max active instruction index: 37
2024-11-07 13:54:48 | Simulation update: decoder round 30042, completed instructions: 40/4983, actively running or decoding instructions: 4, waiting windows: 991/2672. Max active instruction index: 37
2024-11-07 13:54:58 | Simulation update: decoder round 30085, completed instructions: 40/4983, actively running or decoding instructions: 4, waiting windows: 993/2677. Max active instruction index: 37
2024-11-07 13:55:08 | Simulation update: decoder round 30128, completed instructions: 40/4983, actively running or decoding instructions: 4, waiting windows: 994/2681. Max active instruction index: 37
2024-11-07 13:55:18 | Simulation update: decoder round 30171, completed instructions: 40/4983, actively running or decoding instructions: 4, waiting windows: 995/2685. Max active instruction index: 37
2024-11-07 13:55:28 | Simulation update: decoder round 30214, completed instructions: 40/4983, actively running or decoding instructions: 4, waiting windows: 996/2689. Max active instruction index: 37
2024-11-07 13:55:38 | Simulation update: decoder round 30257, completed instructions: 40/4983, actively running or decoding instructions: 4, waiting windows: 997/2693. Max active instruction index: 37
2024-11-07 13:55:48 | Simulation update: decoder round 30300, completed instructions: 40/4983, actively running or decoding instructions: 4, waiting windows: 998/2697. Max active instruction index: 37
2024-11-07 13:55:59 | Simulation update: decoder round 30343, completed instructions: 40/4983, actively running or decoding instructions: 4, waiting windows: 999/2701. Max active instruction index: 37
2024-11-07 13:56:09 | Simulation update: decoder round 30385, completed instructions: 40/4983, actively running or decoding instructions: 4, waiting windows: 1000/2705. Max active instruction index: 37
2024-11-07 13:56:19 | Simulation update: decoder round 30428, completed instructions: 40/4983, actively running or decoding instructions: 4, waiting windows: 1001/2709. Max active instruction index: 37
2024-11-07 13:56:29 | Simulation update: decoder round 30470, completed instructions: 40/4983, actively running or decoding instructions: 4, waiting windows: 1002/2713. Max active instruction index: 37
2024-11-07 13:56:39 | Simulation update: decoder round 30512, completed instructions: 40/4983, actively running or decoding instructions: 4, waiting windows: 1003/2717. Max active instruction index: 37
2024-11-07 13:56:49 | Simulation update: decoder round 30554, completed instructions: 40/4983, actively running or decoding instructions: 4, waiting windows: 1004/2721. Max active instruction index: 37
2024-11-07 13:56:59 | Simulation update: decoder round 30596, completed instructions: 40/4983, actively running or decoding instructions: 4, waiting windows: 1005/2725. Max active instruction index: 37
2024-11-07 13:57:09 | Simulation update: decoder round 30638, completed instructions: 40/4983, actively running or decoding instructions: 4, waiting windows: 1006/2729. Max active instruction index: 37
2024-11-07 13:57:20 | Simulation update: decoder round 30680, completed instructions: 40/4983, actively running or decoding instructions: 4, waiting windows: 1007/2733. Max active instruction index: 37
2024-11-07 13:57:30 | Simulation update: decoder round 30722, completed instructions: 40/4983, actively running or decoding instructions: 4, waiting windows: 1008/2737. Max active instruction index: 37
2024-11-07 13:57:40 | Simulation update: decoder round 30764, completed instructions: 40/4983, actively running or decoding instructions: 4, waiting windows: 1009/2741. Max active instruction index: 37
2024-11-07 13:57:50 | Simulation update: decoder round 30806, completed instructions: 40/4983, actively running or decoding instructions: 4, waiting windows: 1010/2745. Max active instruction index: 37
2024-11-07 13:58:00 | Simulation update: decoder round 30848, completed instructions: 40/4983, actively running or decoding instructions: 4, waiting windows: 1011/2749. Max active instruction index: 37
2024-11-07 13:58:10 | Simulation update: decoder round 30890, completed instructions: 40/4983, actively running or decoding instructions: 4, waiting windows: 1012/2753. Max active instruction index: 37
2024-11-07 13:58:21 | Simulation update: decoder round 30932, completed instructions: 40/4983, actively running or decoding instructions: 4, waiting windows: 1013/2757. Max active instruction index: 37
2024-11-07 13:58:31 | Simulation update: decoder round 30974, completed instructions: 40/4983, actively running or decoding instructions: 4, waiting windows: 1014/2761. Max active instruction index: 37
2024-11-07 13:58:41 | Simulation update: decoder round 31016, completed instructions: 40/4983, actively running or decoding instructions: 4, waiting windows: 1015/2765. Max active instruction index: 37
2024-11-07 13:58:51 | Simulation update: decoder round 31057, completed instructions: 40/4983, actively running or decoding instructions: 4, waiting windows: 1016/2769. Max active instruction index: 37
2024-11-07 13:59:01 | Simulation update: decoder round 31098, completed instructions: 40/4983, actively running or decoding instructions: 4, waiting windows: 1017/2773. Max active instruction index: 37
2024-11-07 13:59:11 | Simulation update: decoder round 31139, completed instructions: 40/4983, actively running or decoding instructions: 4, waiting windows: 1018/2777. Max active instruction index: 37
2024-11-07 13:59:21 | Simulation update: decoder round 31180, completed instructions: 40/4983, actively running or decoding instructions: 4, waiting windows: 1019/2781. Max active instruction index: 37
2024-11-07 13:59:31 | Simulation update: decoder round 31221, completed instructions: 40/4983, actively running or decoding instructions: 4, waiting windows: 1020/2785. Max active instruction index: 37
2024-11-07 13:59:42 | Simulation update: decoder round 31262, completed instructions: 40/4983, actively running or decoding instructions: 4, waiting windows: 1021/2789. Max active instruction index: 37
2024-11-07 13:59:52 | Simulation update: decoder round 31303, completed instructions: 40/4983, actively running or decoding instructions: 4, waiting windows: 1022/2793. Max active instruction index: 37
2024-11-07 14:00:02 | Simulation update: decoder round 31344, completed instructions: 40/4983, actively running or decoding instructions: 4, waiting windows: 1022/2796. Max active instruction index: 37
2024-11-07 14:00:12 | Simulation update: decoder round 31385, completed instructions: 40/4983, actively running or decoding instructions: 4, waiting windows: 1023/2800. Max active instruction index: 37
2024-11-07 14:00:22 | Simulation update: decoder round 31426, completed instructions: 40/4983, actively running or decoding instructions: 4, waiting windows: 1024/2803. Max active instruction index: 37
2024-11-07 14:00:33 | Simulation update: decoder round 31467, completed instructions: 40/4983, actively running or decoding instructions: 4, waiting windows: 1025/2807. Max active instruction index: 37
2024-11-07 14:00:43 | Simulation update: decoder round 31507, completed instructions: 40/4983, actively running or decoding instructions: 4, waiting windows: 1026/2811. Max active instruction index: 37
2024-11-07 14:00:53 | Simulation update: decoder round 31547, completed instructions: 40/4983, actively running or decoding instructions: 4, waiting windows: 1027/2815. Max active instruction index: 37
2024-11-07 14:01:03 | Simulation update: decoder round 31587, completed instructions: 40/4983, actively running or decoding instructions: 4, waiting windows: 1028/2819. Max active instruction index: 37
2024-11-07 14:01:13 | Simulation update: decoder round 31627, completed instructions: 40/4983, actively running or decoding instructions: 4, waiting windows: 1029/2823. Max active instruction index: 37
2024-11-07 14:01:23 | Simulation update: decoder round 31667, completed instructions: 40/4983, actively running or decoding instructions: 4, waiting windows: 1032/2827. Max active instruction index: 37
2024-11-07 14:01:33 | Simulation update: decoder round 31707, completed instructions: 40/4983, actively running or decoding instructions: 4, waiting windows: 1033/2831. Max active instruction index: 37
2024-11-07 14:01:43 | Simulation update: decoder round 31747, completed instructions: 40/4983, actively running or decoding instructions: 4, waiting windows: 1034/2835. Max active instruction index: 37
2024-11-07 14:01:53 | Simulation update: decoder round 31787, completed instructions: 40/4983, actively running or decoding instructions: 4, waiting windows: 1035/2839. Max active instruction index: 37
2024-11-07 14:02:03 | Simulation update: decoder round 31827, completed instructions: 40/4983, actively running or decoding instructions: 4, waiting windows: 1035/2842. Max active instruction index: 37
2024-11-07 14:02:14 | Simulation update: decoder round 31867, completed instructions: 40/4983, actively running or decoding instructions: 4, waiting windows: 1035/2845. Max active instruction index: 37
2024-11-07 14:02:24 | Simulation update: decoder round 31906, completed instructions: 40/4983, actively running or decoding instructions: 4, waiting windows: 1036/2849. Max active instruction index: 37
2024-11-07 14:02:34 | Simulation update: decoder round 31946, completed instructions: 40/4983, actively running or decoding instructions: 4, waiting windows: 1037/2853. Max active instruction index: 37
2024-11-07 14:02:44 | Simulation update: decoder round 31985, completed instructions: 40/4983, actively running or decoding instructions: 4, waiting windows: 1038/2857. Max active instruction index: 37
2024-11-07 14:02:54 | Simulation update: decoder round 32024, completed instructions: 40/4983, actively running or decoding instructions: 4, waiting windows: 1039/2861. Max active instruction index: 37
2024-11-07 14:03:04 | Simulation update: decoder round 32063, completed instructions: 40/4983, actively running or decoding instructions: 4, waiting windows: 1040/2865. Max active instruction index: 37
2024-11-07 14:03:14 | Simulation update: decoder round 32102, completed instructions: 40/4983, actively running or decoding instructions: 4, waiting windows: 1041/2869. Max active instruction index: 37
2024-11-07 14:03:24 | Simulation update: decoder round 32141, completed instructions: 40/4983, actively running or decoding instructions: 4, waiting windows: 1041/2872. Max active instruction index: 37
2024-11-07 14:03:34 | Simulation update: decoder round 32180, completed instructions: 40/4983, actively running or decoding instructions: 4, waiting windows: 1042/2875. Max active instruction index: 37
2024-11-07 14:03:44 | Simulation update: decoder round 32219, completed instructions: 40/4983, actively running or decoding instructions: 4, waiting windows: 1043/2879. Max active instruction index: 37
2024-11-07 14:03:55 | Simulation update: decoder round 32258, completed instructions: 40/4983, actively running or decoding instructions: 4, waiting windows: 1044/2883. Max active instruction index: 37
2024-11-07 14:04:05 | Simulation update: decoder round 32297, completed instructions: 40/4983, actively running or decoding instructions: 4, waiting windows: 1047/2887. Max active instruction index: 37
2024-11-07 14:04:15 | Simulation update: decoder round 32336, completed instructions: 40/4983, actively running or decoding instructions: 4, waiting windows: 1048/2891. Max active instruction index: 37
2024-11-07 14:04:25 | Simulation update: decoder round 32375, completed instructions: 40/4983, actively running or decoding instructions: 4, waiting windows: 1049/2895. Max active instruction index: 37
2024-11-07 14:04:35 | Simulation update: decoder round 32414, completed instructions: 40/4983, actively running or decoding instructions: 4, waiting windows: 1049/2898. Max active instruction index: 37
2024-11-07 14:04:45 | Simulation update: decoder round 32453, completed instructions: 40/4983, actively running or decoding instructions: 4, waiting windows: 1049/2901. Max active instruction index: 37
2024-11-07 14:04:55 | Simulation update: decoder round 32492, completed instructions: 40/4983, actively running or decoding instructions: 4, waiting windows: 1050/2905. Max active instruction index: 37
2024-11-07 14:05:06 | Simulation update: decoder round 32531, completed instructions: 40/4983, actively running or decoding instructions: 4, waiting windows: 1051/2909. Max active instruction index: 37
2024-11-07 14:05:16 | Simulation update: decoder round 32570, completed instructions: 40/4983, actively running or decoding instructions: 4, waiting windows: 1052/2913. Max active instruction index: 37
2024-11-07 14:05:26 | Simulation update: decoder round 32608, completed instructions: 40/4983, actively running or decoding instructions: 4, waiting windows: 1053/2917. Max active instruction index: 37
2024-11-07 14:05:36 | Simulation update: decoder round 32646, completed instructions: 40/4983, actively running or decoding instructions: 4, waiting windows: 1053/2920. Max active instruction index: 37
2024-11-07 14:05:46 | Simulation update: decoder round 32684, completed instructions: 40/4983, actively running or decoding instructions: 4, waiting windows: 1054/2923. Max active instruction index: 37
2024-11-07 14:05:56 | Simulation update: decoder round 32722, completed instructions: 40/4983, actively running or decoding instructions: 4, waiting windows: 1055/2927. Max active instruction index: 37
2024-11-07 14:06:06 | Simulation update: decoder round 32760, completed instructions: 40/4983, actively running or decoding instructions: 4, waiting windows: 1056/2931. Max active instruction index: 37
2024-11-07 14:06:16 | Simulation update: decoder round 32798, completed instructions: 40/4983, actively running or decoding instructions: 4, waiting windows: 1059/2935. Max active instruction index: 37
2024-11-07 14:06:26 | Simulation update: decoder round 32836, completed instructions: 40/4983, actively running or decoding instructions: 4, waiting windows: 1060/2939. Max active instruction index: 37
2024-11-07 14:06:36 | Simulation update: decoder round 32874, completed instructions: 40/4983, actively running or decoding instructions: 4, waiting windows: 1059/2941. Max active instruction index: 37
2024-11-07 14:06:47 | Simulation update: decoder round 32912, completed instructions: 40/4983, actively running or decoding instructions: 4, waiting windows: 1060/2945. Max active instruction index: 37
2024-11-07 14:06:57 | Simulation update: decoder round 32950, completed instructions: 40/4983, actively running or decoding instructions: 4, waiting windows: 1061/2949. Max active instruction index: 37
2024-11-07 14:07:07 | Simulation update: decoder round 32988, completed instructions: 40/4983, actively running or decoding instructions: 4, waiting windows: 1062/2953. Max active instruction index: 37
2024-11-07 14:07:17 | Simulation update: decoder round 33026, completed instructions: 40/4983, actively running or decoding instructions: 4, waiting windows: 1063/2957. Max active instruction index: 37
2024-11-07 14:07:27 | Simulation update: decoder round 33064, completed instructions: 40/4983, actively running or decoding instructions: 4, waiting windows: 1063/2959. Max active instruction index: 37
2024-11-07 14:07:38 | Simulation update: decoder round 33102, completed instructions: 40/4983, actively running or decoding instructions: 4, waiting windows: 1064/2963. Max active instruction index: 37
2024-11-07 14:07:48 | Simulation update: decoder round 33140, completed instructions: 40/4983, actively running or decoding instructions: 4, waiting windows: 1065/2967. Max active instruction index: 37
2024-11-07 14:07:58 | Simulation update: decoder round 33178, completed instructions: 40/4983, actively running or decoding instructions: 4, waiting windows: 1068/2971. Max active instruction index: 37
2024-11-07 14:08:08 | Simulation update: decoder round 33216, completed instructions: 40/4983, actively running or decoding instructions: 4, waiting windows: 1069/2975. Max active instruction index: 37
2024-11-07 14:08:18 | Simulation update: decoder round 33253, completed instructions: 40/4983, actively running or decoding instructions: 4, waiting windows: 1068/2977. Max active instruction index: 37
2024-11-07 14:08:28 | Simulation update: decoder round 33290, completed instructions: 40/4983, actively running or decoding instructions: 4, waiting windows: 1069/2981. Max active instruction index: 37
2024-11-07 14:08:38 | Simulation update: decoder round 33327, completed instructions: 40/4983, actively running or decoding instructions: 4, waiting windows: 1070/2985. Max active instruction index: 37
2024-11-07 14:08:48 | Simulation update: decoder round 33364, completed instructions: 40/4983, actively running or decoding instructions: 4, waiting windows: 1071/2989. Max active instruction index: 37
2024-11-07 14:08:58 | Simulation update: decoder round 33401, completed instructions: 40/4983, actively running or decoding instructions: 4, waiting windows: 1071/2992. Max active instruction index: 37
2024-11-07 14:09:08 | Simulation update: decoder round 33438, completed instructions: 40/4983, actively running or decoding instructions: 4, waiting windows: 1072/2995. Max active instruction index: 37
2024-11-07 14:09:19 | Simulation update: decoder round 33475, completed instructions: 40/4983, actively running or decoding instructions: 4, waiting windows: 1073/2999. Max active instruction index: 37
2024-11-07 14:09:29 | Simulation update: decoder round 33512, completed instructions: 40/4983, actively running or decoding instructions: 4, waiting windows: 1076/3003. Max active instruction index: 37
2024-11-07 14:09:39 | Simulation update: decoder round 33549, completed instructions: 40/4983, actively running or decoding instructions: 4, waiting windows: 1076/3006. Max active instruction index: 37
2024-11-07 14:09:49 | Simulation update: decoder round 33586, completed instructions: 40/4983, actively running or decoding instructions: 4, waiting windows: 1076/3009. Max active instruction index: 37
2024-11-07 14:09:50 | Finished simulation
2024-11-07 14:09:50 | Finished saving output. Done! Total elapsed time: 0:55:00.432437
