CONFIG 1057
benchmark_file: slurm/data/20250210_212357/benchmarks/adder_n18.lss
decoder_latency_or_dist_filename: slurm/data/20250210_212357/decoder_dists.json
distance: 21
lightweight_setting: 2
max_parallel_processes: predict
missed_speculation_modifier: 1.4
poison_policy: successors
rng: 8
scheduling_method: aligned
speculation_accuracy: 0.9
speculation_latency: 1
speculation_mode: separate
2025-02-10 22:24:09 | Loading benchmark slurm/data/20250210_212357/benchmarks/adder_n18.lss...
2025-02-10 22:24:09 | Starting simulation
PREDICTION STEP BEGIN---------------------------------
Predicted max parallel processes: 156

PREDICTION STEP END-----------------------------------

2025-02-10 22:24:48 | Simulation update: decoder round 1, completed instructions: 0/2338, actively running or decoding instructions: 3, waiting windows: 0/0. Max active instruction index: 18
2025-02-10 22:24:58 | Simulation update: decoder round 2956, completed instructions: 442/2338, actively running or decoding instructions: 9, waiting windows: 1442/2902. Max active instruction index: 433
2025-02-10 22:25:08 | Simulation update: decoder round 6022, completed instructions: 764/2338, actively running or decoding instructions: 15, waiting windows: 2907/5973. Max active instruction index: 812
2025-02-10 22:25:18 | Simulation update: decoder round 9050, completed instructions: 1213/2338, actively running or decoding instructions: 12, waiting windows: 4162/8792. Max active instruction index: 1223
2025-02-10 22:25:28 | Simulation update: decoder round 13988, completed instructions: 1907/2338, actively running or decoding instructions: 12, waiting windows: 5680/12263. Max active instruction index: 1902
2025-02-10 22:25:32 | Finished simulation
2025-02-10 22:25:32 | Finished saving output. Done! Total elapsed time: 0:01:23.316843
