CONFIG 1155
benchmark_file: slurm/data/20250210_212357/benchmarks/adder_n18.lss
decoder_latency_or_dist_filename: slurm/data/20250210_212357/decoder_dists.json
distance: 21
lightweight_setting: 2
max_parallel_processes: None
missed_speculation_modifier: 1.4
poison_policy: successors
rng: 2
scheduling_method: sliding
speculation_accuracy: 1.0
speculation_latency: 1
speculation_mode: separate
2025-02-10 22:24:18 | Loading benchmark slurm/data/20250210_212357/benchmarks/adder_n18.lss...
2025-02-10 22:24:18 | Starting simulation
2025-02-10 22:24:18 | Simulation update: decoder round 1, completed instructions: 0/2338, actively running or decoding instructions: 3, waiting windows: 0/0. Max active instruction index: 18
2025-02-10 22:24:28 | Simulation update: decoder round 2882, completed instructions: 482/2338, actively running or decoding instructions: 6, waiting windows: 123/2874. Max active instruction index: 490
2025-02-10 22:24:38 | Simulation update: decoder round 5825, completed instructions: 965/2338, actively running or decoding instructions: 9, waiting windows: 110/5862. Max active instruction index: 960
2025-02-10 22:24:48 | Simulation update: decoder round 9805, completed instructions: 1789/2338, actively running or decoding instructions: 5, waiting windows: 72/9156. Max active instruction index: 1780
2025-02-10 22:24:52 | Finished simulation
2025-02-10 22:24:52 | Finished saving output. Done! Total elapsed time: 0:00:34.163097
