CONFIG 1223
benchmark_file: slurm/data/20250210_212357/benchmarks/adder_n18.lss
decoder_latency_or_dist_filename: slurm/data/20250210_212357/decoder_dists.json
distance: 21
lightweight_setting: 2
max_parallel_processes: None
missed_speculation_modifier: 1.4
poison_policy: successors
rng: 6
scheduling_method: sliding
speculation_accuracy: 1.0
speculation_latency: 1
speculation_mode: separate
2025-02-10 22:24:22 | Loading benchmark slurm/data/20250210_212357/benchmarks/adder_n18.lss...
2025-02-10 22:24:22 | Starting simulation
2025-02-10 22:24:23 | Simulation update: decoder round 1, completed instructions: 0/2338, actively running or decoding instructions: 3, waiting windows: 0/0. Max active instruction index: 18
2025-02-10 22:24:33 | Simulation update: decoder round 2893, completed instructions: 494/2338, actively running or decoding instructions: 9, waiting windows: 139/2893. Max active instruction index: 490
2025-02-10 22:24:43 | Simulation update: decoder round 5828, completed instructions: 1014/2338, actively running or decoding instructions: 16, waiting windows: 141/5872. Max active instruction index: 1044
2025-02-10 22:24:53 | Simulation update: decoder round 9991, completed instructions: 1833/2338, actively running or decoding instructions: 14, waiting windows: 95/9196. Max active instruction index: 1840
2025-02-10 22:24:56 | Finished simulation
2025-02-10 22:24:56 | Finished saving output. Done! Total elapsed time: 0:00:34.179776
