CONFIG 1278
benchmark_file: slurm/data/20250210_212357/benchmarks/qpeexact_5.lss
decoder_latency_or_dist_filename: slurm/data/20250210_212357/decoder_dists.json
distance: 21
lightweight_setting: 2
max_parallel_processes: None
missed_speculation_modifier: 1.4
poison_policy: successors
rng: 9
scheduling_method: sliding
speculation_accuracy: 1.0
speculation_latency: 1
speculation_mode: separate
2025-02-10 22:24:17 | Loading benchmark slurm/data/20250210_212357/benchmarks/qpeexact_5.lss...
2025-02-10 22:24:19 | Starting simulation
2025-02-10 22:24:22 | Simulation update: decoder round 1, completed instructions: 0/26601, actively running or decoding instructions: 1, waiting windows: 0/0. Max active instruction index: 0
2025-02-10 22:24:32 | Simulation update: decoder round 1399, completed instructions: 65/26601, actively running or decoding instructions: 7, waiting windows: 11/102. Max active instruction index: 65
2025-02-10 22:24:42 | Simulation update: decoder round 2853, completed instructions: 112/26601, actively running or decoding instructions: 2, waiting windows: 7/218. Max active instruction index: 109
2025-02-10 22:24:52 | Simulation update: decoder round 4334, completed instructions: 181/26601, actively running or decoding instructions: 8, waiting windows: 13/326. Max active instruction index: 177
2025-02-10 22:25:02 | Simulation update: decoder round 5846, completed instructions: 236/26601, actively running or decoding instructions: 2, waiting windows: 7/448. Max active instruction index: 233
2025-02-10 22:25:12 | Simulation update: decoder round 7395, completed instructions: 292/26601, actively running or decoding instructions: 2, waiting windows: 8/555. Max active instruction index: 289
2025-02-10 22:25:22 | Simulation update: decoder round 8964, completed instructions: 360/26601, actively running or decoding instructions: 3, waiting windows: 14/690. Max active instruction index: 364
2025-02-10 22:25:32 | Simulation update: decoder round 10550, completed instructions: 416/26601, actively running or decoding instructions: 2, waiting windows: 7/817. Max active instruction index: 413
2025-02-10 22:25:42 | Simulation update: decoder round 12163, completed instructions: 473/26601, actively running or decoding instructions: 2, waiting windows: 13/944. Max active instruction index: 473
2025-02-10 22:25:52 | Simulation update: decoder round 13807, completed instructions: 536/26601, actively running or decoding instructions: 5, waiting windows: 10/1064. Max active instruction index: 533
2025-02-10 22:26:02 | Simulation update: decoder round 15479, completed instructions: 600/26601, actively running or decoding instructions: 5, waiting windows: 9/1200. Max active instruction index: 597
2025-02-10 22:26:12 | Simulation update: decoder round 17176, completed instructions: 664/26601, actively running or decoding instructions: 2, waiting windows: 7/1324. Max active instruction index: 664
2025-02-10 22:26:22 | Simulation update: decoder round 18916, completed instructions: 736/26601, actively running or decoding instructions: 2, waiting windows: 7/1452. Max active instruction index: 733
2025-02-10 22:26:32 | Simulation update: decoder round 20682, completed instructions: 808/26601, actively running or decoding instructions: 5, waiting windows: 9/1579. Max active instruction index: 805
2025-02-10 22:26:42 | Simulation update: decoder round 22481, completed instructions: 880/26601, actively running or decoding instructions: 2, waiting windows: 7/1718. Max active instruction index: 877
2025-02-10 22:26:52 | Simulation update: decoder round 24310, completed instructions: 953/26601, actively running or decoding instructions: 2, waiting windows: 12/1865. Max active instruction index: 953
2025-02-10 22:27:02 | Simulation update: decoder round 26167, completed instructions: 1046/26601, actively running or decoding instructions: 10, waiting windows: 29/2078. Max active instruction index: 2043
2025-02-10 22:27:12 | Simulation update: decoder round 28058, completed instructions: 1192/26601, actively running or decoding instructions: 6, waiting windows: 24/2456. Max active instruction index: 2191
2025-02-10 22:27:22 | Simulation update: decoder round 30035, completed instructions: 1349/26601, actively running or decoding instructions: 6, waiting windows: 22/2829. Max active instruction index: 2347
2025-02-10 22:27:32 | Simulation update: decoder round 32123, completed instructions: 1524/26601, actively running or decoding instructions: 15, waiting windows: 29/3243. Max active instruction index: 2531
2025-02-10 22:27:42 | Simulation update: decoder round 34349, completed instructions: 1696/26601, actively running or decoding instructions: 3, waiting windows: 28/3703. Max active instruction index: 2699
2025-02-10 22:27:52 | Simulation update: decoder round 36751, completed instructions: 1898/26601, actively running or decoding instructions: 3, waiting windows: 31/4190. Max active instruction index: 2919
2025-02-10 22:28:02 | Simulation update: decoder round 39376, completed instructions: 2101/26601, actively running or decoding instructions: 12, waiting windows: 23/4721. Max active instruction index: 3115
2025-02-10 22:28:12 | Simulation update: decoder round 42263, completed instructions: 2324/26601, actively running or decoding instructions: 10, waiting windows: 26/5282. Max active instruction index: 3358
2025-02-10 22:28:22 | Simulation update: decoder round 45504, completed instructions: 2561/26601, actively running or decoding instructions: 9, waiting windows: 27/5923. Max active instruction index: 3607
2025-02-10 22:28:32 | Simulation update: decoder round 49328, completed instructions: 2869/26601, actively running or decoding instructions: 9, waiting windows: 26/6653. Max active instruction index: 3915
2025-02-10 22:28:42 | Simulation update: decoder round 52128, completed instructions: 3042/26601, actively running or decoding instructions: 5, waiting windows: 14/7135. Max active instruction index: 2051
2025-02-10 22:28:52 | Simulation update: decoder round 53408, completed instructions: 3095/26601, actively running or decoding instructions: 2, waiting windows: 21/7294. Max active instruction index: 2163
2025-02-10 22:29:02 | Simulation update: decoder round 54694, completed instructions: 3139/26601, actively running or decoding instructions: 2, waiting windows: 18/7475. Max active instruction index: 2247
2025-02-10 22:29:12 | Simulation update: decoder round 55997, completed instructions: 3183/26601, actively running or decoding instructions: 4, waiting windows: 14/7633. Max active instruction index: 2344
2025-02-10 22:29:22 | Simulation update: decoder round 57306, completed instructions: 3238/26601, actively running or decoding instructions: 5, waiting windows: 16/7788. Max active instruction index: 2455
2025-02-10 22:29:32 | Simulation update: decoder round 58633, completed instructions: 3290/26601, actively running or decoding instructions: 2, waiting windows: 19/7964. Max active instruction index: 2559
2025-02-10 22:29:42 | Simulation update: decoder round 59981, completed instructions: 3338/26601, actively running or decoding instructions: 5, waiting windows: 15/8132. Max active instruction index: 2666
2025-02-10 22:29:52 | Simulation update: decoder round 61302, completed instructions: 3402/26601, actively running or decoding instructions: 2, waiting windows: 17/8297. Max active instruction index: 2779
2025-02-10 22:30:02 | Simulation update: decoder round 62698, completed instructions: 3466/26601, actively running or decoding instructions: 5, waiting windows: 17/8461. Max active instruction index: 2911
2025-02-10 22:30:12 | Simulation update: decoder round 64112, completed instructions: 3522/26601, actively running or decoding instructions: 8, waiting windows: 16/8624. Max active instruction index: 3015
2025-02-10 22:30:22 | Simulation update: decoder round 65543, completed instructions: 3570/26601, actively running or decoding instructions: 2, waiting windows: 19/8803. Max active instruction index: 3119
2025-02-10 22:30:32 | Simulation update: decoder round 66992, completed instructions: 3626/26601, actively running or decoding instructions: 2, waiting windows: 13/8969. Max active instruction index: 3231
2025-02-10 22:30:42 | Simulation update: decoder round 68456, completed instructions: 3686/26601, actively running or decoding instructions: 2, waiting windows: 14/9145. Max active instruction index: 3347
2025-02-10 22:30:52 | Simulation update: decoder round 69946, completed instructions: 3750/26601, actively running or decoding instructions: 2, waiting windows: 13/9337. Max active instruction index: 3475
2025-02-10 22:31:02 | Simulation update: decoder round 71463, completed instructions: 3818/26601, actively running or decoding instructions: 5, waiting windows: 17/9528. Max active instruction index: 3615
2025-02-10 22:31:12 | Simulation update: decoder round 73010, completed instructions: 3866/26601, actively running or decoding instructions: 2, waiting windows: 13/9720. Max active instruction index: 3711
2025-02-10 22:31:22 | Simulation update: decoder round 74573, completed instructions: 3922/26601, actively running or decoding instructions: 2, waiting windows: 13/9925. Max active instruction index: 3819
2025-02-10 22:31:32 | Simulation update: decoder round 76161, completed instructions: 3990/26601, actively running or decoding instructions: 3, waiting windows: 14/10108. Max active instruction index: 3974
2025-02-10 22:31:42 | Simulation update: decoder round 77043, completed instructions: 4056/26601, actively running or decoding instructions: 14, waiting windows: 39/10267. Max active instruction index: 5026
2025-02-10 22:31:52 | Simulation update: decoder round 77441, completed instructions: 4111/26601, actively running or decoding instructions: 7, waiting windows: 45/10396. Max active instruction index: 5113
2025-02-10 22:32:02 | Simulation update: decoder round 77842, completed instructions: 4141/26601, actively running or decoding instructions: 4, waiting windows: 35/10521. Max active instruction index: 5131
2025-02-10 22:32:12 | Simulation update: decoder round 78244, completed instructions: 4181/26601, actively running or decoding instructions: 6, waiting windows: 40/10648. Max active instruction index: 5150
2025-02-10 22:32:23 | Simulation update: decoder round 78647, completed instructions: 4204/26601, actively running or decoding instructions: 6, waiting windows: 41/10762. Max active instruction index: 5168
2025-02-10 22:32:33 | Simulation update: decoder round 79051, completed instructions: 4247/26601, actively running or decoding instructions: 9, waiting windows: 41/10885. Max active instruction index: 5200
2025-02-10 22:32:43 | Simulation update: decoder round 79455, completed instructions: 4276/26601, actively running or decoding instructions: 6, waiting windows: 46/11008. Max active instruction index: 5244
2025-02-10 22:32:53 | Simulation update: decoder round 79862, completed instructions: 4302/26601, actively running or decoding instructions: 6, waiting windows: 41/11128. Max active instruction index: 5262
2025-02-10 22:33:03 | Simulation update: decoder round 80268, completed instructions: 4330/26601, actively running or decoding instructions: 4, waiting windows: 43/11255. Max active instruction index: 5294
2025-02-10 22:33:13 | Simulation update: decoder round 80676, completed instructions: 4373/26601, actively running or decoding instructions: 12, waiting windows: 41/11376. Max active instruction index: 5342
2025-02-10 22:33:23 | Simulation update: decoder round 81088, completed instructions: 4405/26601, actively running or decoding instructions: 4, waiting windows: 41/11500. Max active instruction index: 5382
2025-02-10 22:33:33 | Simulation update: decoder round 81499, completed instructions: 4440/26601, actively running or decoding instructions: 6, waiting windows: 38/11622. Max active instruction index: 5408
2025-02-10 22:33:43 | Simulation update: decoder round 81909, completed instructions: 4484/26601, actively running or decoding instructions: 6, waiting windows: 45/11755. Max active instruction index: 5460
2025-02-10 22:33:53 | Simulation update: decoder round 82317, completed instructions: 4514/26601, actively running or decoding instructions: 6, waiting windows: 38/11868. Max active instruction index: 5491
2025-02-10 22:34:03 | Simulation update: decoder round 82730, completed instructions: 4549/26601, actively running or decoding instructions: 3, waiting windows: 34/11995. Max active instruction index: 5526
2025-02-10 22:34:13 | Simulation update: decoder round 83145, completed instructions: 4597/26601, actively running or decoding instructions: 9, waiting windows: 43/12123. Max active instruction index: 5578
2025-02-10 22:34:23 | Simulation update: decoder round 83561, completed instructions: 4632/26601, actively running or decoding instructions: 6, waiting windows: 41/12245. Max active instruction index: 5618
2025-02-10 22:34:33 | Simulation update: decoder round 83979, completed instructions: 4659/26601, actively running or decoding instructions: 6, waiting windows: 33/12361. Max active instruction index: 5636
2025-02-10 22:34:43 | Simulation update: decoder round 84398, completed instructions: 4708/26601, actively running or decoding instructions: 6, waiting windows: 42/12495. Max active instruction index: 5684
2025-02-10 22:34:53 | Simulation update: decoder round 84818, completed instructions: 4742/26601, actively running or decoding instructions: 6, waiting windows: 36/12623. Max active instruction index: 5735
2025-02-10 22:35:03 | Simulation update: decoder round 85241, completed instructions: 4778/26601, actively running or decoding instructions: 10, waiting windows: 36/12745. Max active instruction index: 5762
2025-02-10 22:35:13 | Simulation update: decoder round 85666, completed instructions: 4812/26601, actively running or decoding instructions: 9, waiting windows: 35/12875. Max active instruction index: 5809
2025-02-10 22:35:23 | Simulation update: decoder round 86088, completed instructions: 4851/26601, actively running or decoding instructions: 9, waiting windows: 41/12997. Max active instruction index: 5832
2025-02-10 22:35:33 | Simulation update: decoder round 86511, completed instructions: 4896/26601, actively running or decoding instructions: 12, waiting windows: 37/13116. Max active instruction index: 5884
2025-02-10 22:35:43 | Simulation update: decoder round 86940, completed instructions: 4921/26601, actively running or decoding instructions: 3, waiting windows: 31/13244. Max active instruction index: 5915
2025-02-10 22:35:53 | Simulation update: decoder round 87367, completed instructions: 4966/26601, actively running or decoding instructions: 9, waiting windows: 42/13375. Max active instruction index: 5954
2025-02-10 22:36:03 | Simulation update: decoder round 87798, completed instructions: 5005/26601, actively running or decoding instructions: 10, waiting windows: 42/13500. Max active instruction index: 5998
2025-02-10 22:36:13 | Simulation update: decoder round 88228, completed instructions: 5041/26601, actively running or decoding instructions: 3, waiting windows: 47/13646. Max active instruction index: 6042
2025-02-10 22:36:23 | Simulation update: decoder round 88659, completed instructions: 5073/26601, actively running or decoding instructions: 9, waiting windows: 43/13777. Max active instruction index: 6060
2025-02-10 22:36:33 | Simulation update: decoder round 89092, completed instructions: 5104/26601, actively running or decoding instructions: 6, waiting windows: 36/13915. Max active instruction index: 6096
2025-02-10 22:36:43 | Simulation update: decoder round 89527, completed instructions: 5147/26601, actively running or decoding instructions: 6, waiting windows: 41/14055. Max active instruction index: 6140
2025-02-10 22:36:53 | Simulation update: decoder round 89964, completed instructions: 5183/26601, actively running or decoding instructions: 6, waiting windows: 39/14183. Max active instruction index: 6184
2025-02-10 22:37:03 | Simulation update: decoder round 90401, completed instructions: 5221/26601, actively running or decoding instructions: 15, waiting windows: 41/14311. Max active instruction index: 6210
2025-02-10 22:37:13 | Simulation update: decoder round 90840, completed instructions: 5258/26601, actively running or decoding instructions: 3, waiting windows: 38/14450. Max active instruction index: 6250
2025-02-10 22:37:23 | Simulation update: decoder round 91277, completed instructions: 5298/26601, actively running or decoding instructions: 9, waiting windows: 46/14594. Max active instruction index: 6298
2025-02-10 22:37:33 | Simulation update: decoder round 91716, completed instructions: 5331/26601, actively running or decoding instructions: 3, waiting windows: 49/14741. Max active instruction index: 6338
2025-02-10 22:37:43 | Simulation update: decoder round 92158, completed instructions: 5373/26601, actively running or decoding instructions: 12, waiting windows: 44/14877. Max active instruction index: 6382
2025-02-10 22:37:53 | Simulation update: decoder round 92603, completed instructions: 5418/26601, actively running or decoding instructions: 6, waiting windows: 47/15016. Max active instruction index: 6422
2025-02-10 22:38:03 | Simulation update: decoder round 93050, completed instructions: 5456/26601, actively running or decoding instructions: 9, waiting windows: 40/15146. Max active instruction index: 6466
2025-02-10 22:38:13 | Simulation update: decoder round 93496, completed instructions: 5493/26601, actively running or decoding instructions: 10, waiting windows: 49/15290. Max active instruction index: 6523
2025-02-10 22:38:23 | Simulation update: decoder round 93943, completed instructions: 5528/26601, actively running or decoding instructions: 10, waiting windows: 35/15420. Max active instruction index: 6546
2025-02-10 22:38:33 | Simulation update: decoder round 94389, completed instructions: 5571/26601, actively running or decoding instructions: 6, waiting windows: 35/15549. Max active instruction index: 6593
2025-02-10 22:38:43 | Simulation update: decoder round 94839, completed instructions: 5612/26601, actively running or decoding instructions: 3, waiting windows: 45/15692. Max active instruction index: 6624
2025-02-10 22:38:53 | Simulation update: decoder round 95290, completed instructions: 5656/26601, actively running or decoding instructions: 9, waiting windows: 42/15826. Max active instruction index: 6668
2025-02-10 22:39:03 | Simulation update: decoder round 95744, completed instructions: 5699/26601, actively running or decoding instructions: 3, waiting windows: 31/15961. Max active instruction index: 6712
2025-02-10 22:39:13 | Simulation update: decoder round 96199, completed instructions: 5744/26601, actively running or decoding instructions: 9, waiting windows: 43/16099. Max active instruction index: 6756
2025-02-10 22:39:23 | Simulation update: decoder round 96657, completed instructions: 5777/26601, actively running or decoding instructions: 6, waiting windows: 35/16229. Max active instruction index: 6795
2025-02-10 22:39:33 | Simulation update: decoder round 97113, completed instructions: 5822/26601, actively running or decoding instructions: 12, waiting windows: 34/16364. Max active instruction index: 6826
2025-02-10 22:39:43 | Simulation update: decoder round 97574, completed instructions: 5865/26601, actively running or decoding instructions: 3, waiting windows: 41/16513. Max active instruction index: 6866
2025-02-10 22:39:53 | Simulation update: decoder round 98037, completed instructions: 5902/26601, actively running or decoding instructions: 6, waiting windows: 46/16652. Max active instruction index: 6910
2025-02-10 22:40:03 | Simulation update: decoder round 98497, completed instructions: 5927/26601, actively running or decoding instructions: 4, waiting windows: 35/16779. Max active instruction index: 6936
2025-02-10 22:40:13 | Simulation update: decoder round 98962, completed instructions: 5971/26601, actively running or decoding instructions: 10, waiting windows: 38/16922. Max active instruction index: 6992
2025-02-10 22:40:23 | Simulation update: decoder round 99429, completed instructions: 6020/26601, actively running or decoding instructions: 6, waiting windows: 32/17071. Max active instruction index: 7032
2025-02-10 22:40:33 | Simulation update: decoder round 99898, completed instructions: 6058/26601, actively running or decoding instructions: 10, waiting windows: 38/17206. Max active instruction index: 7088
2025-02-10 22:40:43 | Simulation update: decoder round 100367, completed instructions: 6102/26601, actively running or decoding instructions: 12, waiting windows: 39/17353. Max active instruction index: 7132
2025-02-10 22:40:53 | Simulation update: decoder round 100839, completed instructions: 6155/26601, actively running or decoding instructions: 7, waiting windows: 44/17502. Max active instruction index: 7193
2025-02-10 22:41:03 | Simulation update: decoder round 101314, completed instructions: 6199/26601, actively running or decoding instructions: 9, waiting windows: 42/17646. Max active instruction index: 7208
2025-02-10 22:41:13 | Simulation update: decoder round 101790, completed instructions: 6246/26601, actively running or decoding instructions: 6, waiting windows: 32/17773. Max active instruction index: 7244
2025-02-10 22:41:23 | Simulation update: decoder round 102269, completed instructions: 6293/26601, actively running or decoding instructions: 6, waiting windows: 34/17903. Max active instruction index: 7268
2025-02-10 22:41:33 | Simulation update: decoder round 102747, completed instructions: 6339/26601, actively running or decoding instructions: 6, waiting windows: 40/18025. Max active instruction index: 7292
2025-02-10 22:41:43 | Simulation update: decoder round 103229, completed instructions: 6378/26601, actively running or decoding instructions: 9, waiting windows: 41/18165. Max active instruction index: 7316
2025-02-10 22:41:53 | Simulation update: decoder round 103714, completed instructions: 6403/26601, actively running or decoding instructions: 6, waiting windows: 29/18278. Max active instruction index: 7326
2025-02-10 22:42:03 | Simulation update: decoder round 104198, completed instructions: 6451/26601, actively running or decoding instructions: 12, waiting windows: 34/18400. Max active instruction index: 7350
2025-02-10 22:42:13 | Simulation update: decoder round 104688, completed instructions: 6495/26601, actively running or decoding instructions: 9, waiting windows: 33/18525. Max active instruction index: 7374
2025-02-10 22:42:23 | Simulation update: decoder round 105179, completed instructions: 6543/26601, actively running or decoding instructions: 6, waiting windows: 37/18652. Max active instruction index: 7398
2025-02-10 22:42:33 | Simulation update: decoder round 105673, completed instructions: 6592/26601, actively running or decoding instructions: 9, waiting windows: 37/18776. Max active instruction index: 7422
2025-02-10 22:42:43 | Simulation update: decoder round 106169, completed instructions: 6629/26601, actively running or decoding instructions: 9, waiting windows: 31/18898. Max active instruction index: 7445
2025-02-10 22:42:53 | Simulation update: decoder round 106668, completed instructions: 6677/26601, actively running or decoding instructions: 6, waiting windows: 31/19022. Max active instruction index: 7469
2025-02-10 22:43:03 | Simulation update: decoder round 107169, completed instructions: 6717/26601, actively running or decoding instructions: 3, waiting windows: 31/19156. Max active instruction index: 7488
2025-02-10 22:43:13 | Simulation update: decoder round 107666, completed instructions: 6769/26601, actively running or decoding instructions: 12, waiting windows: 30/19282. Max active instruction index: 7516
2025-02-10 22:43:23 | Simulation update: decoder round 108172, completed instructions: 6817/26601, actively running or decoding instructions: 10, waiting windows: 29/19406. Max active instruction index: 7544
2025-02-10 22:43:33 | Simulation update: decoder round 108681, completed instructions: 6861/26601, actively running or decoding instructions: 9, waiting windows: 33/19535. Max active instruction index: 7572
2025-02-10 22:43:43 | Simulation update: decoder round 109187, completed instructions: 6920/26601, actively running or decoding instructions: 14, waiting windows: 50/19684. Max active instruction index: 7652
2025-02-10 22:43:53 | Simulation update: decoder round 109696, completed instructions: 6996/26601, actively running or decoding instructions: 17, waiting windows: 41/19857. Max active instruction index: 7661
2025-02-10 22:44:03 | Simulation update: decoder round 110208, completed instructions: 7015/26601, actively running or decoding instructions: 2, waiting windows: 34/20005. Max active instruction index: 5772
2025-02-10 22:44:13 | Simulation update: decoder round 110719, completed instructions: 7039/26601, actively running or decoding instructions: 8, waiting windows: 38/20141. Max active instruction index: 5824
2025-02-10 22:44:23 | Simulation update: decoder round 111236, completed instructions: 7063/26601, actively running or decoding instructions: 5, waiting windows: 34/20276. Max active instruction index: 5872
2025-02-10 22:44:33 | Simulation update: decoder round 111754, completed instructions: 7087/26601, actively running or decoding instructions: 8, waiting windows: 39/20409. Max active instruction index: 5924
2025-02-10 22:44:43 | Simulation update: decoder round 112275, completed instructions: 7111/26601, actively running or decoding instructions: 8, waiting windows: 38/20548. Max active instruction index: 5982
2025-02-10 22:44:53 | Simulation update: decoder round 112797, completed instructions: 7128/26601, actively running or decoding instructions: 5, waiting windows: 37/20684. Max active instruction index: 6012
2025-02-10 22:45:03 | Simulation update: decoder round 113319, completed instructions: 7144/26601, actively running or decoding instructions: 8, waiting windows: 37/20826. Max active instruction index: 6056
2025-02-10 22:45:13 | Simulation update: decoder round 113842, completed instructions: 7167/26601, actively running or decoding instructions: 2, waiting windows: 40/20969. Max active instruction index: 6106
2025-02-10 22:45:23 | Simulation update: decoder round 114366, completed instructions: 7188/26601, actively running or decoding instructions: 8, waiting windows: 40/21106. Max active instruction index: 6154
2025-02-10 22:45:33 | Simulation update: decoder round 114889, completed instructions: 7207/26601, actively running or decoding instructions: 2, waiting windows: 39/21257. Max active instruction index: 6194
2025-02-10 22:45:43 | Simulation update: decoder round 115413, completed instructions: 7227/26601, actively running or decoding instructions: 5, waiting windows: 37/21391. Max active instruction index: 6232
2025-02-10 22:45:53 | Simulation update: decoder round 115942, completed instructions: 7252/26601, actively running or decoding instructions: 8, waiting windows: 41/21534. Max active instruction index: 6286
2025-02-10 22:46:03 | Simulation update: decoder round 116474, completed instructions: 7271/26601, actively running or decoding instructions: 2, waiting windows: 32/21675. Max active instruction index: 6330
2025-02-10 22:46:13 | Simulation update: decoder round 117003, completed instructions: 7292/26601, actively running or decoding instructions: 2, waiting windows: 38/21819. Max active instruction index: 6370
2025-02-10 22:46:23 | Simulation update: decoder round 117536, completed instructions: 7315/26601, actively running or decoding instructions: 5, waiting windows: 37/21962. Max active instruction index: 6432
2025-02-10 22:46:33 | Simulation update: decoder round 118068, completed instructions: 7335/26601, actively running or decoding instructions: 2, waiting windows: 41/22108. Max active instruction index: 6476
2025-02-10 22:46:43 | Simulation update: decoder round 118602, completed instructions: 7355/26601, actively running or decoding instructions: 2, waiting windows: 33/22248. Max active instruction index: 6516
2025-02-10 22:46:53 | Simulation update: decoder round 119139, completed instructions: 7375/26601, actively running or decoding instructions: 5, waiting windows: 31/22390. Max active instruction index: 6560
2025-02-10 22:47:04 | Simulation update: decoder round 119675, completed instructions: 7403/26601, actively running or decoding instructions: 3, waiting windows: 32/22526. Max active instruction index: 6637
2025-02-10 22:47:14 | Simulation update: decoder round 120215, completed instructions: 7427/26601, actively running or decoding instructions: 2, waiting windows: 39/22684. Max active instruction index: 6678
2025-02-10 22:47:24 | Simulation update: decoder round 120756, completed instructions: 7447/26601, actively running or decoding instructions: 2, waiting windows: 39/22836. Max active instruction index: 6722
2025-02-10 22:47:34 | Simulation update: decoder round 121298, completed instructions: 7472/26601, actively running or decoding instructions: 5, waiting windows: 39/22978. Max active instruction index: 6770
2025-02-10 22:47:44 | Simulation update: decoder round 121843, completed instructions: 7488/26601, actively running or decoding instructions: 2, waiting windows: 42/23128. Max active instruction index: 6810
2025-02-10 22:47:54 | Simulation update: decoder round 122390, completed instructions: 7507/26601, actively running or decoding instructions: 2, waiting windows: 33/23271. Max active instruction index: 6848
2025-02-10 22:48:04 | Simulation update: decoder round 122941, completed instructions: 7539/26601, actively running or decoding instructions: 5, waiting windows: 36/23425. Max active instruction index: 6924
2025-02-10 22:48:14 | Simulation update: decoder round 123492, completed instructions: 7556/26601, actively running or decoding instructions: 2, waiting windows: 39/23576. Max active instruction index: 6962
2025-02-10 22:48:24 | Simulation update: decoder round 124045, completed instructions: 7583/26601, actively running or decoding instructions: 5, waiting windows: 37/23720. Max active instruction index: 7014
2025-02-10 22:48:34 | Simulation update: decoder round 124599, completed instructions: 7607/26601, actively running or decoding instructions: 5, waiting windows: 38/23862. Max active instruction index: 7072
2025-02-10 22:48:44 | Simulation update: decoder round 125155, completed instructions: 7628/26601, actively running or decoding instructions: 5, waiting windows: 38/24007. Max active instruction index: 7116
2025-02-10 22:48:54 | Simulation update: decoder round 125708, completed instructions: 7652/26601, actively running or decoding instructions: 5, waiting windows: 33/24162. Max active instruction index: 7171
2025-02-10 22:49:04 | Simulation update: decoder round 126264, completed instructions: 7689/26601, actively running or decoding instructions: 11, waiting windows: 51/24328. Max active instruction index: 7685
2025-02-10 22:49:14 | Simulation update: decoder round 126625, completed instructions: 7768/26601, actively running or decoding instructions: 23, waiting windows: 55/24469. Max active instruction index: 7830
2025-02-10 22:49:24 | Simulation update: decoder round 126966, completed instructions: 7803/26601, actively running or decoding instructions: 7, waiting windows: 33/24564. Max active instruction index: 7858
2025-02-10 22:49:34 | Simulation update: decoder round 127307, completed instructions: 7854/26601, actively running or decoding instructions: 10, waiting windows: 42/24670. Max active instruction index: 7923
2025-02-10 22:49:44 | Simulation update: decoder round 127649, completed instructions: 7908/26601, actively running or decoding instructions: 9, waiting windows: 27/24766. Max active instruction index: 7999
2025-02-10 22:49:54 | Simulation update: decoder round 127993, completed instructions: 7967/26601, actively running or decoding instructions: 10, waiting windows: 42/24884. Max active instruction index: 8037
2025-02-10 22:50:04 | Simulation update: decoder round 128338, completed instructions: 8009/26601, actively running or decoding instructions: 7, waiting windows: 30/24973. Max active instruction index: 8079
2025-02-10 22:50:14 | Simulation update: decoder round 128685, completed instructions: 8064/26601, actively running or decoding instructions: 10, waiting windows: 33/25069. Max active instruction index: 8121
2025-02-10 22:50:24 | Simulation update: decoder round 129034, completed instructions: 8112/26601, actively running or decoding instructions: 10, waiting windows: 41/25172. Max active instruction index: 8163
2025-02-10 22:50:34 | Simulation update: decoder round 129384, completed instructions: 8169/26601, actively running or decoding instructions: 15, waiting windows: 40/25278. Max active instruction index: 8264
2025-02-10 22:50:44 | Simulation update: decoder round 129733, completed instructions: 8212/26601, actively running or decoding instructions: 4, waiting windows: 42/25391. Max active instruction index: 8265
2025-02-10 22:50:54 | Simulation update: decoder round 130083, completed instructions: 8260/26601, actively running or decoding instructions: 4, waiting windows: 41/25508. Max active instruction index: 8299
2025-02-10 22:51:04 | Simulation update: decoder round 130437, completed instructions: 8311/26601, actively running or decoding instructions: 13, waiting windows: 49/25621. Max active instruction index: 8341
2025-02-10 22:51:14 | Simulation update: decoder round 130792, completed instructions: 8359/26601, actively running or decoding instructions: 13, waiting windows: 43/25726. Max active instruction index: 8404
2025-02-10 22:51:24 | Simulation update: decoder round 131148, completed instructions: 8408/26601, actively running or decoding instructions: 13, waiting windows: 44/25829. Max active instruction index: 8439
2025-02-10 22:51:34 | Simulation update: decoder round 131505, completed instructions: 8441/26601, actively running or decoding instructions: 7, waiting windows: 30/25929. Max active instruction index: 8492
2025-02-10 22:51:44 | Simulation update: decoder round 131862, completed instructions: 8510/26601, actively running or decoding instructions: 10, waiting windows: 51/26045. Max active instruction index: 8541
2025-02-10 22:51:54 | Simulation update: decoder round 132224, completed instructions: 8547/26601, actively running or decoding instructions: 10, waiting windows: 31/26140. Max active instruction index: 8579
2025-02-10 22:52:04 | Simulation update: decoder round 132585, completed instructions: 8608/26601, actively running or decoding instructions: 7, waiting windows: 47/26254. Max active instruction index: 8653
2025-02-10 22:52:14 | Simulation update: decoder round 132947, completed instructions: 8655/26601, actively running or decoding instructions: 7, waiting windows: 47/26376. Max active instruction index: 8691
2025-02-10 22:52:24 | Simulation update: decoder round 133312, completed instructions: 8694/26601, actively running or decoding instructions: 7, waiting windows: 35/26479. Max active instruction index: 8732
2025-02-10 22:52:34 | Simulation update: decoder round 133676, completed instructions: 8764/26601, actively running or decoding instructions: 13, waiting windows: 48/26602. Max active instruction index: 8801
2025-02-10 22:52:44 | Simulation update: decoder round 134043, completed instructions: 8807/26601, actively running or decoding instructions: 16, waiting windows: 35/26700. Max active instruction index: 8843
2025-02-10 22:52:54 | Simulation update: decoder round 134412, completed instructions: 8859/26601, actively running or decoding instructions: 10, waiting windows: 43/26819. Max active instruction index: 8885
2025-02-10 22:53:04 | Simulation update: decoder round 134768, completed instructions: 8922/26601, actively running or decoding instructions: 20, waiting windows: 46/26925. Max active instruction index: 8986
2025-02-10 22:53:14 | Simulation update: decoder round 135140, completed instructions: 8956/26601, actively running or decoding instructions: 4, waiting windows: 38/27044. Max active instruction index: 8987
2025-02-10 22:53:24 | Simulation update: decoder round 135514, completed instructions: 9017/26601, actively running or decoding instructions: 13, waiting windows: 39/27152. Max active instruction index: 9068
2025-02-10 22:53:34 | Simulation update: decoder round 135889, completed instructions: 9065/26601, actively running or decoding instructions: 5, waiting windows: 37/27281. Max active instruction index: 9101
2025-02-10 22:53:44 | Simulation update: decoder round 136267, completed instructions: 9117/26601, actively running or decoding instructions: 19, waiting windows: 36/27388. Max active instruction index: 9168
2025-02-10 22:53:54 | Simulation update: decoder round 136644, completed instructions: 9172/26601, actively running or decoding instructions: 15, waiting windows: 40/27497. Max active instruction index: 9240
2025-02-10 22:54:04 | Simulation update: decoder round 137024, completed instructions: 9224/26601, actively running or decoding instructions: 16, waiting windows: 36/27611. Max active instruction index: 9278
2025-02-10 22:54:14 | Simulation update: decoder round 137407, completed instructions: 9278/26601, actively running or decoding instructions: 19, waiting windows: 42/27718. Max active instruction index: 9319
2025-02-10 22:54:24 | Simulation update: decoder round 137789, completed instructions: 9334/26601, actively running or decoding instructions: 10, waiting windows: 38/27831. Max active instruction index: 9389
2025-02-10 22:54:34 | Simulation update: decoder round 138171, completed instructions: 9383/26601, actively running or decoding instructions: 13, waiting windows: 40/27939. Max active instruction index: 9437
2025-02-10 22:54:44 | Simulation update: decoder round 138557, completed instructions: 9445/26601, actively running or decoding instructions: 16, waiting windows: 46/28050. Max active instruction index: 9467
2025-02-10 22:54:54 | Simulation update: decoder round 138944, completed instructions: 9493/26601, actively running or decoding instructions: 13, waiting windows: 33/28162. Max active instruction index: 9546
2025-02-10 22:55:04 | Simulation update: decoder round 139331, completed instructions: 9550/26601, actively running or decoding instructions: 13, waiting windows: 42/28285. Max active instruction index: 9581
2025-02-10 22:55:14 | Simulation update: decoder round 139723, completed instructions: 9618/26601, actively running or decoding instructions: 7, waiting windows: 45/28421. Max active instruction index: 9639
2025-02-10 22:55:24 | Simulation update: decoder round 140118, completed instructions: 9668/26601, actively running or decoding instructions: 10, waiting windows: 40/28531. Max active instruction index: 9709
2025-02-10 22:55:34 | Simulation update: decoder round 140510, completed instructions: 9716/26601, actively running or decoding instructions: 10, waiting windows: 40/28646. Max active instruction index: 9733
2025-02-10 22:55:44 | Simulation update: decoder round 140910, completed instructions: 9758/26601, actively running or decoding instructions: 11, waiting windows: 32/28755. Max active instruction index: 9800
2025-02-10 22:55:54 | Simulation update: decoder round 141315, completed instructions: 9817/26601, actively running or decoding instructions: 11, waiting windows: 34/28879. Max active instruction index: 9843
2025-02-10 22:56:04 | Simulation update: decoder round 141721, completed instructions: 9893/26601, actively running or decoding instructions: 15, waiting windows: 52/29009. Max active instruction index: 9911
2025-02-10 22:56:14 | Simulation update: decoder round 142127, completed instructions: 9931/26601, actively running or decoding instructions: 5, waiting windows: 29/29121. Max active instruction index: 9953
2025-02-10 22:56:24 | Simulation update: decoder round 142537, completed instructions: 10007/26601, actively running or decoding instructions: 16, waiting windows: 40/29245. Max active instruction index: 10029
2025-02-10 22:56:34 | Simulation update: decoder round 142948, completed instructions: 10043/26601, actively running or decoding instructions: 8, waiting windows: 40/29360. Max active instruction index: 10059
2025-02-10 22:56:44 | Simulation update: decoder round 143361, completed instructions: 10106/26601, actively running or decoding instructions: 13, waiting windows: 40/29495. Max active instruction index: 10119
2025-02-10 22:56:54 | Simulation update: decoder round 143776, completed instructions: 10177/26601, actively running or decoding instructions: 10, waiting windows: 51/29632. Max active instruction index: 10191
2025-02-10 22:57:04 | Simulation update: decoder round 144195, completed instructions: 10233/26601, actively running or decoding instructions: 16, waiting windows: 42/29745. Max active instruction index: 10233
2025-02-10 22:57:14 | Simulation update: decoder round 144613, completed instructions: 10285/26601, actively running or decoding instructions: 4, waiting windows: 43/29867. Max active instruction index: 10279
2025-02-10 22:57:24 | Simulation update: decoder round 145034, completed instructions: 10341/26601, actively running or decoding instructions: 6, waiting windows: 39/30009. Max active instruction index: 10351
2025-02-10 22:57:34 | Simulation update: decoder round 145459, completed instructions: 10409/26601, actively running or decoding instructions: 10, waiting windows: 49/30156. Max active instruction index: 10411
2025-02-10 22:57:44 | Simulation update: decoder round 145886, completed instructions: 10472/26601, actively running or decoding instructions: 7, waiting windows: 45/30296. Max active instruction index: 10481
2025-02-10 22:57:54 | Simulation update: decoder round 146316, completed instructions: 10519/26601, actively running or decoding instructions: 10, waiting windows: 34/30421. Max active instruction index: 10540
2025-02-10 22:58:04 | Simulation update: decoder round 146747, completed instructions: 10570/26601, actively running or decoding instructions: 10, waiting windows: 30/30547. Max active instruction index: 10576
2025-02-10 22:58:14 | Simulation update: decoder round 147180, completed instructions: 10642/26601, actively running or decoding instructions: 10, waiting windows: 45/30686. Max active instruction index: 10641
2025-02-10 22:58:24 | Simulation update: decoder round 147615, completed instructions: 10696/26601, actively running or decoding instructions: 10, waiting windows: 33/30811. Max active instruction index: 10711
2025-02-10 22:58:34 | Simulation update: decoder round 148053, completed instructions: 10760/26601, actively running or decoding instructions: 4, waiting windows: 36/30952. Max active instruction index: 10755
2025-02-10 22:58:44 | Simulation update: decoder round 148492, completed instructions: 10828/26601, actively running or decoding instructions: 16, waiting windows: 42/31083. Max active instruction index: 10835
2025-02-10 22:58:54 | Simulation update: decoder round 148936, completed instructions: 10894/26601, actively running or decoding instructions: 10, waiting windows: 36/31201. Max active instruction index: 10911
2025-02-10 22:59:04 | Simulation update: decoder round 149385, completed instructions: 10966/26601, actively running or decoding instructions: 13, waiting windows: 43/31335. Max active instruction index: 11001
2025-02-10 22:59:14 | Simulation update: decoder round 149833, completed instructions: 11030/26601, actively running or decoding instructions: 16, waiting windows: 44/31465. Max active instruction index: 11047
2025-02-10 22:59:24 | Simulation update: decoder round 150284, completed instructions: 11098/26601, actively running or decoding instructions: 10, waiting windows: 42/31608. Max active instruction index: 11115
2025-02-10 22:59:34 | Simulation update: decoder round 150740, completed instructions: 11154/26601, actively running or decoding instructions: 11, waiting windows: 33/31733. Max active instruction index: 11172
2025-02-10 22:59:44 | Simulation update: decoder round 151198, completed instructions: 11226/26601, actively running or decoding instructions: 7, waiting windows: 42/31872. Max active instruction index: 11227
2025-02-10 22:59:54 | Simulation update: decoder round 151661, completed instructions: 11285/26601, actively running or decoding instructions: 6, waiting windows: 29/31996. Max active instruction index: 11277
2025-02-10 23:00:04 | Simulation update: decoder round 152124, completed instructions: 11342/26601, actively running or decoding instructions: 12, waiting windows: 41/32122. Max active instruction index: 11337
2025-02-10 23:00:14 | Simulation update: decoder round 152596, completed instructions: 11394/26601, actively running or decoding instructions: 9, waiting windows: 40/32248. Max active instruction index: 11397
2025-02-10 23:00:24 | Simulation update: decoder round 153071, completed instructions: 11429/26601, actively running or decoding instructions: 14, waiting windows: 30/32361. Max active instruction index: 11442
2025-02-10 23:00:34 | Simulation update: decoder round 153548, completed instructions: 11453/26601, actively running or decoding instructions: 8, waiting windows: 32/32468. Max active instruction index: 11449
2025-02-10 23:00:44 | Simulation update: decoder round 154026, completed instructions: 11477/26601, actively running or decoding instructions: 5, waiting windows: 30/32567. Max active instruction index: 11473
2025-02-10 23:00:54 | Simulation update: decoder round 154503, completed instructions: 11490/26601, actively running or decoding instructions: 5, waiting windows: 26/32666. Max active instruction index: 11489
2025-02-10 23:01:04 | Simulation update: decoder round 154976, completed instructions: 11505/26601, actively running or decoding instructions: 2, waiting windows: 26/32765. Max active instruction index: 11504
2025-02-10 23:01:14 | Simulation update: decoder round 155457, completed instructions: 11521/26601, actively running or decoding instructions: 2, waiting windows: 27/32874. Max active instruction index: 11517
2025-02-10 23:01:24 | Simulation update: decoder round 155939, completed instructions: 11545/26601, actively running or decoding instructions: 8, waiting windows: 31/32977. Max active instruction index: 11541
2025-02-10 23:01:34 | Simulation update: decoder round 156420, completed instructions: 11565/26601, actively running or decoding instructions: 5, waiting windows: 27/33078. Max active instruction index: 11561
2025-02-10 23:01:44 | Simulation update: decoder round 156901, completed instructions: 11573/26601, actively running or decoding instructions: 2, waiting windows: 25/33175. Max active instruction index: 11569
2025-02-10 23:01:54 | Simulation update: decoder round 157381, completed instructions: 11597/26601, actively running or decoding instructions: 5, waiting windows: 27/33275. Max active instruction index: 11593
2025-02-10 23:02:05 | Simulation update: decoder round 157862, completed instructions: 11614/26601, actively running or decoding instructions: 8, waiting windows: 31/33377. Max active instruction index: 11613
2025-02-10 23:02:15 | Simulation update: decoder round 158344, completed instructions: 11630/26601, actively running or decoding instructions: 8, waiting windows: 31/33488. Max active instruction index: 11632
2025-02-10 23:02:25 | Simulation update: decoder round 158829, completed instructions: 11649/26601, actively running or decoding instructions: 2, waiting windows: 25/33591. Max active instruction index: 11645
2025-02-10 23:02:35 | Simulation update: decoder round 159315, completed instructions: 11682/26601, actively running or decoding instructions: 7, waiting windows: 35/33720. Max active instruction index: 11677
2025-02-10 23:02:45 | Simulation update: decoder round 159800, completed instructions: 11710/26601, actively running or decoding instructions: 2, waiting windows: 32/33858. Max active instruction index: 11703
2025-02-10 23:02:55 | Simulation update: decoder round 160283, completed instructions: 11731/26601, actively running or decoding instructions: 3, waiting windows: 38/33989. Max active instruction index: 11723
2025-02-10 23:03:05 | Simulation update: decoder round 160773, completed instructions: 11750/26601, actively running or decoding instructions: 2, waiting windows: 31/34115. Max active instruction index: 11743
2025-02-10 23:03:15 | Simulation update: decoder round 161265, completed instructions: 11766/26601, actively running or decoding instructions: 3, waiting windows: 34/34242. Max active instruction index: 11759
2025-02-10 23:03:25 | Simulation update: decoder round 161753, completed instructions: 11790/26601, actively running or decoding instructions: 2, waiting windows: 40/34384. Max active instruction index: 11783
2025-02-10 23:03:35 | Simulation update: decoder round 162243, completed instructions: 11810/26601, actively running or decoding instructions: 2, waiting windows: 37/34515. Max active instruction index: 11803
2025-02-10 23:03:45 | Simulation update: decoder round 162737, completed instructions: 11823/26601, actively running or decoding instructions: 4, waiting windows: 33/34639. Max active instruction index: 11820
2025-02-10 23:03:55 | Simulation update: decoder round 163229, completed instructions: 11847/26601, actively running or decoding instructions: 2, waiting windows: 39/34774. Max active instruction index: 11839
2025-02-10 23:04:05 | Simulation update: decoder round 163726, completed instructions: 11866/26601, actively running or decoding instructions: 2, waiting windows: 34/34902. Max active instruction index: 11862
2025-02-10 23:04:15 | Simulation update: decoder round 164221, completed instructions: 11887/26601, actively running or decoding instructions: 2, waiting windows: 38/35037. Max active instruction index: 11879
2025-02-10 23:04:25 | Simulation update: decoder round 164718, completed instructions: 11906/26601, actively running or decoding instructions: 2, waiting windows: 31/35167. Max active instruction index: 11899
2025-02-10 23:04:35 | Simulation update: decoder round 165212, completed instructions: 11923/26601, actively running or decoding instructions: 2, waiting windows: 38/35299. Max active instruction index: 11915
2025-02-10 23:04:45 | Simulation update: decoder round 165709, completed instructions: 11942/26601, actively running or decoding instructions: 2, waiting windows: 33/35429. Max active instruction index: 11938
2025-02-10 23:04:55 | Simulation update: decoder round 166208, completed instructions: 11966/26601, actively running or decoding instructions: 8, waiting windows: 36/35563. Max active instruction index: 11959
2025-02-10 23:05:05 | Simulation update: decoder round 166701, completed instructions: 11986/26601, actively running or decoding instructions: 5, waiting windows: 32/35688. Max active instruction index: 11979
2025-02-10 23:05:15 | Simulation update: decoder round 167198, completed instructions: 12011/26601, actively running or decoding instructions: 5, waiting windows: 38/35822. Max active instruction index: 12003
2025-02-10 23:05:25 | Simulation update: decoder round 167700, completed instructions: 12026/26601, actively running or decoding instructions: 2, waiting windows: 34/35961. Max active instruction index: 12019
2025-02-10 23:05:35 | Simulation update: decoder round 168198, completed instructions: 12047/26601, actively running or decoding instructions: 2, waiting windows: 36/36103. Max active instruction index: 12043
2025-02-10 23:05:45 | Simulation update: decoder round 168697, completed instructions: 12059/26601, actively running or decoding instructions: 5, waiting windows: 33/36229. Max active instruction index: 12058
2025-02-10 23:05:55 | Simulation update: decoder round 169201, completed instructions: 12082/26601, actively running or decoding instructions: 2, waiting windows: 38/36376. Max active instruction index: 12075
2025-02-10 23:06:05 | Simulation update: decoder round 169704, completed instructions: 12102/26601, actively running or decoding instructions: 5, waiting windows: 35/36508. Max active instruction index: 12095
2025-02-10 23:06:15 | Simulation update: decoder round 170207, completed instructions: 12126/26601, actively running or decoding instructions: 8, waiting windows: 36/36640. Max active instruction index: 12119
2025-02-10 23:06:25 | Simulation update: decoder round 170712, completed instructions: 12146/26601, actively running or decoding instructions: 2, waiting windows: 36/36776. Max active instruction index: 12139
2025-02-10 23:06:35 | Simulation update: decoder round 171217, completed instructions: 12166/26601, actively running or decoding instructions: 2, waiting windows: 35/36915. Max active instruction index: 12159
2025-02-10 23:06:45 | Simulation update: decoder round 171723, completed instructions: 12187/26601, actively running or decoding instructions: 2, waiting windows: 36/37057. Max active instruction index: 12179
2025-02-10 23:06:55 | Simulation update: decoder round 172231, completed instructions: 12206/26601, actively running or decoding instructions: 3, waiting windows: 32/37189. Max active instruction index: 12199
2025-02-10 23:07:05 | Simulation update: decoder round 172737, completed instructions: 12226/26601, actively running or decoding instructions: 5, waiting windows: 33/37320. Max active instruction index: 12219
2025-02-10 23:07:15 | Simulation update: decoder round 173242, completed instructions: 12250/26601, actively running or decoding instructions: 5, waiting windows: 34/37450. Max active instruction index: 12243
2025-02-10 23:07:25 | Simulation update: decoder round 173749, completed instructions: 12266/26601, actively running or decoding instructions: 2, waiting windows: 34/37581. Max active instruction index: 12259
2025-02-10 23:07:35 | Simulation update: decoder round 174260, completed instructions: 12290/26601, actively running or decoding instructions: 5, waiting windows: 33/37713. Max active instruction index: 12283
2025-02-10 23:07:45 | Simulation update: decoder round 174768, completed instructions: 12310/26601, actively running or decoding instructions: 5, waiting windows: 33/37847. Max active instruction index: 12303
2025-02-10 23:07:55 | Simulation update: decoder round 175280, completed instructions: 12331/26601, actively running or decoding instructions: 2, waiting windows: 38/37994. Max active instruction index: 12323
2025-02-10 23:08:05 | Simulation update: decoder round 175793, completed instructions: 12351/26601, actively running or decoding instructions: 5, waiting windows: 33/38135. Max active instruction index: 12347
2025-02-10 23:08:15 | Simulation update: decoder round 176305, completed instructions: 12367/26601, actively running or decoding instructions: 8, waiting windows: 39/38268. Max active instruction index: 12366
2025-02-10 23:08:25 | Simulation update: decoder round 176821, completed instructions: 12398/26601, actively running or decoding instructions: 5, waiting windows: 39/38403. Max active instruction index: 12391
2025-02-10 23:08:35 | Simulation update: decoder round 177338, completed instructions: 12419/26601, actively running or decoding instructions: 8, waiting windows: 37/38540. Max active instruction index: 12415
2025-02-10 23:08:45 | Simulation update: decoder round 177854, completed instructions: 12442/26601, actively running or decoding instructions: 2, waiting windows: 36/38679. Max active instruction index: 12435
2025-02-10 23:08:55 | Simulation update: decoder round 178374, completed instructions: 12466/26601, actively running or decoding instructions: 5, waiting windows: 36/38816. Max active instruction index: 12459
2025-02-10 23:09:05 | Simulation update: decoder round 178892, completed instructions: 12486/26601, actively running or decoding instructions: 8, waiting windows: 37/38954. Max active instruction index: 12479
2025-02-10 23:09:15 | Simulation update: decoder round 179408, completed instructions: 12506/26601, actively running or decoding instructions: 8, waiting windows: 38/39087. Max active instruction index: 12499
2025-02-10 23:09:25 | Simulation update: decoder round 179927, completed instructions: 12527/26601, actively running or decoding instructions: 2, waiting windows: 38/39231. Max active instruction index: 12519
2025-02-10 23:09:35 | Simulation update: decoder round 180450, completed instructions: 12547/26601, actively running or decoding instructions: 5, waiting windows: 33/39377. Max active instruction index: 12543
2025-02-10 23:09:45 | Simulation update: decoder round 180968, completed instructions: 12570/26601, actively running or decoding instructions: 2, waiting windows: 40/39520. Max active instruction index: 12563
2025-02-10 23:09:55 | Simulation update: decoder round 181492, completed instructions: 12590/26601, actively running or decoding instructions: 2, waiting windows: 38/39663. Max active instruction index: 12583
2025-02-10 23:10:05 | Simulation update: decoder round 182018, completed instructions: 12606/26601, actively running or decoding instructions: 5, waiting windows: 38/39799. Max active instruction index: 12599
2025-02-10 23:10:15 | Simulation update: decoder round 182543, completed instructions: 12622/26601, actively running or decoding instructions: 5, waiting windows: 35/39933. Max active instruction index: 12615
2025-02-10 23:10:25 | Simulation update: decoder round 183069, completed instructions: 12642/26601, actively running or decoding instructions: 6, waiting windows: 36/40071. Max active instruction index: 12642
2025-02-10 23:10:35 | Simulation update: decoder round 183597, completed instructions: 12662/26601, actively running or decoding instructions: 8, waiting windows: 39/40215. Max active instruction index: 12655
2025-02-10 23:10:45 | Simulation update: decoder round 184123, completed instructions: 12682/26601, actively running or decoding instructions: 8, waiting windows: 37/40352. Max active instruction index: 12675
2025-02-10 23:10:55 | Simulation update: decoder round 184652, completed instructions: 12702/26601, actively running or decoding instructions: 8, waiting windows: 35/40490. Max active instruction index: 12695
2025-02-10 23:11:05 | Simulation update: decoder round 185182, completed instructions: 12722/26601, actively running or decoding instructions: 8, waiting windows: 37/40627. Max active instruction index: 12715
2025-02-10 23:11:15 | Simulation update: decoder round 185715, completed instructions: 12742/26601, actively running or decoding instructions: 2, waiting windows: 37/40773. Max active instruction index: 12735
2025-02-10 23:11:25 | Simulation update: decoder round 186250, completed instructions: 12763/26601, actively running or decoding instructions: 2, waiting windows: 37/40920. Max active instruction index: 12755
2025-02-10 23:11:35 | Simulation update: decoder round 186783, completed instructions: 12787/26601, actively running or decoding instructions: 8, waiting windows: 36/41060. Max active instruction index: 12786
2025-02-10 23:11:45 | Simulation update: decoder round 187319, completed instructions: 12815/26601, actively running or decoding instructions: 8, waiting windows: 37/41204. Max active instruction index: 12811
2025-02-10 23:11:55 | Simulation update: decoder round 187855, completed instructions: 12839/26601, actively running or decoding instructions: 8, waiting windows: 36/41344. Max active instruction index: 12835
2025-02-10 23:12:05 | Simulation update: decoder round 188392, completed instructions: 12850/26601, actively running or decoding instructions: 2, waiting windows: 35/41485. Max active instruction index: 12846
2025-02-10 23:12:15 | Simulation update: decoder round 188931, completed instructions: 12875/26601, actively running or decoding instructions: 2, waiting windows: 39/41634. Max active instruction index: 12867
2025-02-10 23:12:25 | Simulation update: decoder round 189472, completed instructions: 12907/26601, actively running or decoding instructions: 5, waiting windows: 35/41775. Max active instruction index: 12899
2025-02-10 23:12:35 | Simulation update: decoder round 190010, completed instructions: 12926/26601, actively running or decoding instructions: 8, waiting windows: 37/41923. Max active instruction index: 12919
2025-02-10 23:12:45 | Simulation update: decoder round 190549, completed instructions: 12946/26601, actively running or decoding instructions: 5, waiting windows: 37/42065. Max active instruction index: 12939
2025-02-10 23:12:55 | Simulation update: decoder round 191089, completed instructions: 12966/26601, actively running or decoding instructions: 5, waiting windows: 38/42205. Max active instruction index: 12959
2025-02-10 23:13:05 | Simulation update: decoder round 191632, completed instructions: 13021/26601, actively running or decoding instructions: 12, waiting windows: 47/42365. Max active instruction index: 14023
2025-02-10 23:13:15 | Simulation update: decoder round 192175, completed instructions: 13059/26601, actively running or decoding instructions: 3, waiting windows: 37/42538. Max active instruction index: 14063
2025-02-10 23:13:25 | Simulation update: decoder round 192719, completed instructions: 13108/26601, actively running or decoding instructions: 6, waiting windows: 41/42702. Max active instruction index: 14119
2025-02-10 23:13:35 | Simulation update: decoder round 193270, completed instructions: 13159/26601, actively running or decoding instructions: 9, waiting windows: 36/42865. Max active instruction index: 14180
2025-02-10 23:13:45 | Simulation update: decoder round 193822, completed instructions: 13221/26601, actively running or decoding instructions: 7, waiting windows: 47/43040. Max active instruction index: 14238
2025-02-10 23:13:55 | Simulation update: decoder round 194378, completed instructions: 13270/26601, actively running or decoding instructions: 12, waiting windows: 41/43208. Max active instruction index: 14269
2025-02-10 23:14:05 | Simulation update: decoder round 194935, completed instructions: 13313/26601, actively running or decoding instructions: 9, waiting windows: 38/43372. Max active instruction index: 14309
2025-02-10 23:14:15 | Simulation update: decoder round 195497, completed instructions: 13372/26601, actively running or decoding instructions: 12, waiting windows: 41/43543. Max active instruction index: 14379
2025-02-10 23:14:25 | Simulation update: decoder round 196061, completed instructions: 13413/26601, actively running or decoding instructions: 12, waiting windows: 40/43721. Max active instruction index: 14419
2025-02-10 23:14:35 | Simulation update: decoder round 196625, completed instructions: 13459/26601, actively running or decoding instructions: 6, waiting windows: 33/43885. Max active instruction index: 14455
2025-02-10 23:14:45 | Simulation update: decoder round 197193, completed instructions: 13513/26601, actively running or decoding instructions: 6, waiting windows: 40/44066. Max active instruction index: 14513
2025-02-10 23:14:55 | Simulation update: decoder round 197762, completed instructions: 13558/26601, actively running or decoding instructions: 12, waiting windows: 44/44234. Max active instruction index: 14557
2025-02-10 23:15:05 | Simulation update: decoder round 198334, completed instructions: 13606/26601, actively running or decoding instructions: 12, waiting windows: 36/44403. Max active instruction index: 14615
2025-02-10 23:15:15 | Simulation update: decoder round 198909, completed instructions: 13659/26601, actively running or decoding instructions: 9, waiting windows: 42/44572. Max active instruction index: 14663
2025-02-10 23:15:25 | Simulation update: decoder round 199488, completed instructions: 13704/26601, actively running or decoding instructions: 3, waiting windows: 36/44748. Max active instruction index: 14699
2025-02-10 23:15:35 | Simulation update: decoder round 200069, completed instructions: 13751/26601, actively running or decoding instructions: 3, waiting windows: 35/44922. Max active instruction index: 14752
2025-02-10 23:15:45 | Simulation update: decoder round 200652, completed instructions: 13808/26601, actively running or decoding instructions: 9, waiting windows: 39/45103. Max active instruction index: 14817
2025-02-10 23:15:55 | Simulation update: decoder round 201237, completed instructions: 13862/26601, actively running or decoding instructions: 9, waiting windows: 46/45282. Max active instruction index: 14861
2025-02-10 23:16:05 | Simulation update: decoder round 201827, completed instructions: 13901/26601, actively running or decoding instructions: 3, waiting windows: 34/45454. Max active instruction index: 14893
2025-02-10 23:16:15 | Simulation update: decoder round 202420, completed instructions: 13967/26601, actively running or decoding instructions: 6, waiting windows: 48/45641. Max active instruction index: 14959
2025-02-10 23:16:25 | Simulation update: decoder round 203014, completed instructions: 14008/26601, actively running or decoding instructions: 9, waiting windows: 44/45811. Max active instruction index: 14999
2025-02-10 23:16:35 | Simulation update: decoder round 203614, completed instructions: 14061/26601, actively running or decoding instructions: 6, waiting windows: 41/45994. Max active instruction index: 15053
2025-02-10 23:16:45 | Simulation update: decoder round 204217, completed instructions: 14110/26601, actively running or decoding instructions: 8, waiting windows: 38/46166. Max active instruction index: 15109
2025-02-10 23:16:55 | Simulation update: decoder round 204823, completed instructions: 14162/26601, actively running or decoding instructions: 3, waiting windows: 37/46347. Max active instruction index: 15149
2025-02-10 23:17:05 | Simulation update: decoder round 205429, completed instructions: 14215/26601, actively running or decoding instructions: 3, waiting windows: 35/46545. Max active instruction index: 15215
2025-02-10 23:17:15 | Simulation update: decoder round 206037, completed instructions: 14263/26601, actively running or decoding instructions: 4, waiting windows: 34/46718. Max active instruction index: 15255
2025-02-10 23:17:25 | Simulation update: decoder round 206651, completed instructions: 14330/26601, actively running or decoding instructions: 10, waiting windows: 40/46902. Max active instruction index: 15342
2025-02-10 23:17:35 | Simulation update: decoder round 207264, completed instructions: 14381/26601, actively running or decoding instructions: 7, waiting windows: 39/47088. Max active instruction index: 15361
2025-02-10 23:17:45 | Simulation update: decoder round 207883, completed instructions: 14436/26601, actively running or decoding instructions: 3, waiting windows: 43/47289. Max active instruction index: 15435
2025-02-10 23:17:55 | Simulation update: decoder round 208506, completed instructions: 14491/26601, actively running or decoding instructions: 7, waiting windows: 37/47475. Max active instruction index: 15475
2025-02-10 23:18:05 | Simulation update: decoder round 209132, completed instructions: 14539/26601, actively running or decoding instructions: 3, waiting windows: 46/47684. Max active instruction index: 15529
2025-02-10 23:18:15 | Simulation update: decoder round 209762, completed instructions: 14594/26601, actively running or decoding instructions: 6, waiting windows: 43/47874. Max active instruction index: 15599
2025-02-10 23:18:25 | Simulation update: decoder round 210396, completed instructions: 14652/26601, actively running or decoding instructions: 12, waiting windows: 45/48068. Max active instruction index: 15651
2025-02-10 23:18:35 | Simulation update: decoder round 211030, completed instructions: 14703/26601, actively running or decoding instructions: 6, waiting windows: 38/48261. Max active instruction index: 15695
2025-02-10 23:18:45 | Simulation update: decoder round 211671, completed instructions: 14766/26601, actively running or decoding instructions: 6, waiting windows: 44/48452. Max active instruction index: 15765
2025-02-10 23:18:55 | Simulation update: decoder round 212281, completed instructions: 14818/26601, actively running or decoding instructions: 6, waiting windows: 39/48635. Max active instruction index: 15805
2025-02-10 23:19:05 | Simulation update: decoder round 212929, completed instructions: 14878/26601, actively running or decoding instructions: 9, waiting windows: 34/48825. Max active instruction index: 15875
2025-02-10 23:19:15 | Simulation update: decoder round 213578, completed instructions: 14940/26601, actively running or decoding instructions: 9, waiting windows: 44/49023. Max active instruction index: 15915
2025-02-10 23:19:25 | Simulation update: decoder round 214234, completed instructions: 14991/26601, actively running or decoding instructions: 9, waiting windows: 42/49223. Max active instruction index: 15981
2025-02-10 23:19:35 | Simulation update: decoder round 214891, completed instructions: 15047/26601, actively running or decoding instructions: 6, waiting windows: 39/49413. Max active instruction index: 16047
2025-02-10 23:19:45 | Simulation update: decoder round 215552, completed instructions: 15096/26601, actively running or decoding instructions: 6, waiting windows: 34/49599. Max active instruction index: 16087
2025-02-10 23:19:55 | Simulation update: decoder round 216218, completed instructions: 15153/26601, actively running or decoding instructions: 6, waiting windows: 39/49798. Max active instruction index: 16144
2025-02-10 23:20:05 | Simulation update: decoder round 216894, completed instructions: 15211/26601, actively running or decoding instructions: 3, waiting windows: 26/49981. Max active instruction index: 16182
2025-02-10 23:20:15 | Simulation update: decoder round 217574, completed instructions: 15286/26601, actively running or decoding instructions: 9, waiting windows: 34/50154. Max active instruction index: 16260
2025-02-10 23:20:25 | Simulation update: decoder round 218256, completed instructions: 15341/26601, actively running or decoding instructions: 6, waiting windows: 29/50323. Max active instruction index: 16313
2025-02-10 23:20:35 | Simulation update: decoder round 218945, completed instructions: 15403/26601, actively running or decoding instructions: 6, waiting windows: 29/50500. Max active instruction index: 16374
2025-02-10 23:20:45 | Simulation update: decoder round 219641, completed instructions: 15466/26601, actively running or decoding instructions: 9, waiting windows: 37/50672. Max active instruction index: 16440
2025-02-10 23:20:55 | Simulation update: decoder round 220340, completed instructions: 15528/26601, actively running or decoding instructions: 6, waiting windows: 38/50858. Max active instruction index: 16506
2025-02-10 23:21:05 | Simulation update: decoder round 221043, completed instructions: 15585/26601, actively running or decoding instructions: 13, waiting windows: 39/51037. Max active instruction index: 16572
2025-02-10 23:21:16 | Simulation update: decoder round 221749, completed instructions: 15651/26601, actively running or decoding instructions: 6, waiting windows: 38/51237. Max active instruction index: 16634
2025-02-10 23:21:26 | Simulation update: decoder round 222465, completed instructions: 15700/26601, actively running or decoding instructions: 7, waiting windows: 26/51402. Max active instruction index: 16699
2025-02-10 23:21:36 | Simulation update: decoder round 223183, completed instructions: 15770/26601, actively running or decoding instructions: 12, waiting windows: 36/51589. Max active instruction index: 16748
2025-02-10 23:21:46 | Simulation update: decoder round 223912, completed instructions: 15814/26601, actively running or decoding instructions: 8, waiting windows: 30/51757. Max active instruction index: 14629
2025-02-10 23:21:56 | Simulation update: decoder round 224635, completed instructions: 15834/26601, actively running or decoding instructions: 2, waiting windows: 33/51932. Max active instruction index: 14669
2025-02-10 23:22:06 | Simulation update: decoder round 225367, completed instructions: 15869/26601, actively running or decoding instructions: 2, waiting windows: 35/52102. Max active instruction index: 14749
2025-02-10 23:22:16 | Simulation update: decoder round 226098, completed instructions: 15894/26601, actively running or decoding instructions: 2, waiting windows: 33/52271. Max active instruction index: 14809
2025-02-10 23:22:26 | Simulation update: decoder round 226832, completed instructions: 15925/26601, actively running or decoding instructions: 2, waiting windows: 32/52443. Max active instruction index: 14871
2025-02-10 23:22:36 | Simulation update: decoder round 227573, completed instructions: 15958/26601, actively running or decoding instructions: 5, waiting windows: 26/52601. Max active instruction index: 14951
2025-02-10 23:22:46 | Simulation update: decoder round 228311, completed instructions: 15985/26601, actively running or decoding instructions: 5, waiting windows: 30/52772. Max active instruction index: 15005
2025-02-10 23:22:56 | Simulation update: decoder round 229055, completed instructions: 16010/26601, actively running or decoding instructions: 5, waiting windows: 31/52930. Max active instruction index: 15059
2025-02-10 23:23:06 | Simulation update: decoder round 229805, completed instructions: 16041/26601, actively running or decoding instructions: 2, waiting windows: 25/53092. Max active instruction index: 15129
2025-02-10 23:23:16 | Simulation update: decoder round 230548, completed instructions: 16078/26601, actively running or decoding instructions: 2, waiting windows: 30/53269. Max active instruction index: 15207
2025-02-10 23:23:26 | Simulation update: decoder round 231300, completed instructions: 16101/26601, actively running or decoding instructions: 5, waiting windows: 26/53438. Max active instruction index: 15265
2025-02-10 23:23:36 | Simulation update: decoder round 232057, completed instructions: 16134/26601, actively running or decoding instructions: 5, waiting windows: 28/53602. Max active instruction index: 15335
2025-02-10 23:23:46 | Simulation update: decoder round 232818, completed instructions: 16165/26601, actively running or decoding instructions: 8, waiting windows: 29/53771. Max active instruction index: 15401
2025-02-10 23:23:56 | Simulation update: decoder round 233581, completed instructions: 16202/26601, actively running or decoding instructions: 8, waiting windows: 32/53937. Max active instruction index: 15481
2025-02-10 23:24:06 | Simulation update: decoder round 234340, completed instructions: 16229/26601, actively running or decoding instructions: 5, waiting windows: 31/54110. Max active instruction index: 15543
2025-02-10 23:24:16 | Simulation update: decoder round 235100, completed instructions: 16262/26601, actively running or decoding instructions: 8, waiting windows: 31/54272. Max active instruction index: 15613
2025-02-10 23:24:26 | Simulation update: decoder round 235863, completed instructions: 16289/26601, actively running or decoding instructions: 3, waiting windows: 25/54432. Max active instruction index: 15686
2025-02-10 23:24:36 | Simulation update: decoder round 236632, completed instructions: 16330/26601, actively running or decoding instructions: 3, waiting windows: 33/54605. Max active instruction index: 15774
2025-02-10 23:24:46 | Simulation update: decoder round 237405, completed instructions: 16353/26601, actively running or decoding instructions: 2, waiting windows: 25/54785. Max active instruction index: 15815
2025-02-10 23:24:56 | Simulation update: decoder round 238177, completed instructions: 16382/26601, actively running or decoding instructions: 2, waiting windows: 32/54957. Max active instruction index: 15885
2025-02-10 23:25:06 | Simulation update: decoder round 238959, completed instructions: 16406/26601, actively running or decoding instructions: 5, waiting windows: 27/55121. Max active instruction index: 15946
2025-02-10 23:25:16 | Simulation update: decoder round 239736, completed instructions: 16449/26601, actively running or decoding instructions: 8, waiting windows: 33/55290. Max active instruction index: 16027
2025-02-10 23:25:26 | Simulation update: decoder round 240524, completed instructions: 16473/26601, actively running or decoding instructions: 2, waiting windows: 25/55454. Max active instruction index: 16079
2025-02-10 23:25:36 | Simulation update: decoder round 241313, completed instructions: 16514/26601, actively running or decoding instructions: 5, waiting windows: 28/55632. Max active instruction index: 16191
2025-02-10 23:25:46 | Simulation update: decoder round 242111, completed instructions: 16550/26601, actively running or decoding instructions: 2, waiting windows: 25/55803. Max active instruction index: 16269
2025-02-10 23:25:56 | Simulation update: decoder round 242910, completed instructions: 16583/26601, actively running or decoding instructions: 2, waiting windows: 31/55981. Max active instruction index: 16322
2025-02-10 23:26:06 | Simulation update: decoder round 243714, completed instructions: 16614/26601, actively running or decoding instructions: 5, waiting windows: 30/56159. Max active instruction index: 16402
2025-02-10 23:26:16 | Simulation update: decoder round 244524, completed instructions: 16651/26601, actively running or decoding instructions: 5, waiting windows: 33/56335. Max active instruction index: 16476
2025-02-10 23:26:26 | Simulation update: decoder round 245337, completed instructions: 16682/26601, actively running or decoding instructions: 5, waiting windows: 28/56514. Max active instruction index: 16548
2025-02-10 23:26:36 | Simulation update: decoder round 246151, completed instructions: 16711/26601, actively running or decoding instructions: 2, waiting windows: 29/56687. Max active instruction index: 16608
2025-02-10 23:26:46 | Simulation update: decoder round 246970, completed instructions: 16739/26601, actively running or decoding instructions: 2, waiting windows: 33/56868. Max active instruction index: 16670
2025-02-10 23:26:56 | Simulation update: decoder round 247792, completed instructions: 16775/26601, actively running or decoding instructions: 8, waiting windows: 32/57056. Max active instruction index: 16762
2025-02-10 23:27:06 | Simulation update: decoder round 248616, completed instructions: 16819/26601, actively running or decoding instructions: 11, waiting windows: 36/57256. Max active instruction index: 16815
2025-02-10 23:27:16 | Simulation update: decoder round 249444, completed instructions: 16872/26601, actively running or decoding instructions: 6, waiting windows: 31/57455. Max active instruction index: 16872
2025-02-10 23:27:26 | Simulation update: decoder round 250282, completed instructions: 16937/26601, actively running or decoding instructions: 6, waiting windows: 36/57660. Max active instruction index: 16936
2025-02-10 23:27:36 | Simulation update: decoder round 251126, completed instructions: 17000/26601, actively running or decoding instructions: 9, waiting windows: 33/57859. Max active instruction index: 17008
2025-02-10 23:27:46 | Simulation update: decoder round 251977, completed instructions: 17065/26601, actively running or decoding instructions: 9, waiting windows: 28/58060. Max active instruction index: 17068
2025-02-10 23:27:56 | Simulation update: decoder round 252837, completed instructions: 17129/26601, actively running or decoding instructions: 3, waiting windows: 30/58278. Max active instruction index: 17139
2025-02-10 23:28:06 | Simulation update: decoder round 253705, completed instructions: 17192/26601, actively running or decoding instructions: 10, waiting windows: 31/58497. Max active instruction index: 17199
2025-02-10 23:28:16 | Simulation update: decoder round 254581, completed instructions: 17257/26601, actively running or decoding instructions: 6, waiting windows: 38/58715. Max active instruction index: 17256
2025-02-10 23:28:26 | Simulation update: decoder round 255466, completed instructions: 17325/26601, actively running or decoding instructions: 3, waiting windows: 36/58930. Max active instruction index: 17328
2025-02-10 23:28:36 | Simulation update: decoder round 256362, completed instructions: 17401/26601, actively running or decoding instructions: 9, waiting windows: 38/59150. Max active instruction index: 17396
2025-02-10 23:28:46 | Simulation update: decoder round 257266, completed instructions: 17473/26601, actively running or decoding instructions: 7, waiting windows: 38/59372. Max active instruction index: 17487
2025-02-10 23:28:56 | Simulation update: decoder round 258175, completed instructions: 17536/26601, actively running or decoding instructions: 6, waiting windows: 33/59599. Max active instruction index: 17532
2025-02-10 23:29:06 | Simulation update: decoder round 259096, completed instructions: 17613/26601, actively running or decoding instructions: 16, waiting windows: 39/59827. Max active instruction index: 17631
2025-02-10 23:29:16 | Simulation update: decoder round 260031, completed instructions: 17684/26601, actively running or decoding instructions: 6, waiting windows: 29/60058. Max active instruction index: 17687
2025-02-10 23:29:26 | Simulation update: decoder round 260981, completed instructions: 17768/26601, actively running or decoding instructions: 4, waiting windows: 26/60283. Max active instruction index: 17779
2025-02-10 23:29:36 | Simulation update: decoder round 261943, completed instructions: 17848/26601, actively running or decoding instructions: 6, waiting windows: 31/60523. Max active instruction index: 17848
2025-02-10 23:29:46 | Simulation update: decoder round 262912, completed instructions: 17920/26601, actively running or decoding instructions: 9, waiting windows: 34/60747. Max active instruction index: 17920
2025-02-10 23:29:56 | Simulation update: decoder round 263894, completed instructions: 18000/26601, actively running or decoding instructions: 12, waiting windows: 36/60986. Max active instruction index: 18000
2025-02-10 23:30:06 | Simulation update: decoder round 264887, completed instructions: 18076/26601, actively running or decoding instructions: 9, waiting windows: 32/61219. Max active instruction index: 18076
2025-02-10 23:30:16 | Simulation update: decoder round 265897, completed instructions: 18157/26601, actively running or decoding instructions: 12, waiting windows: 33/61482. Max active instruction index: 18164
2025-02-10 23:30:26 | Simulation update: decoder round 266926, completed instructions: 18270/26601, actively running or decoding instructions: 10, waiting windows: 41/61754. Max active instruction index: 18289
2025-02-10 23:30:36 | Simulation update: decoder round 267976, completed instructions: 18422/26601, actively running or decoding instructions: 16, waiting windows: 37/62051. Max active instruction index: 18444
2025-02-10 23:30:46 | Simulation update: decoder round 269060, completed instructions: 18554/26601, actively running or decoding instructions: 10, waiting windows: 41/62365. Max active instruction index: 18563
2025-02-10 23:30:56 | Simulation update: decoder round 270168, completed instructions: 18695/26601, actively running or decoding instructions: 13, waiting windows: 38/62677. Max active instruction index: 18706
2025-02-10 23:31:06 | Simulation update: decoder round 271309, completed instructions: 18860/26601, actively running or decoding instructions: 15, waiting windows: 44/63008. Max active instruction index: 18863
2025-02-10 23:31:16 | Simulation update: decoder round 272486, completed instructions: 19008/26601, actively running or decoding instructions: 6, waiting windows: 36/63354. Max active instruction index: 19027
2025-02-10 23:31:26 | Simulation update: decoder round 273697, completed instructions: 19155/26601, actively running or decoding instructions: 13, waiting windows: 39/63686. Max active instruction index: 19166
2025-02-10 23:31:36 | Simulation update: decoder round 274945, completed instructions: 19290/26601, actively running or decoding instructions: 9, waiting windows: 34/64005. Max active instruction index: 19296
2025-02-10 23:31:46 | Simulation update: decoder round 276221, completed instructions: 19454/26601, actively running or decoding instructions: 6, waiting windows: 30/64362. Max active instruction index: 19490
2025-02-10 23:31:56 | Simulation update: decoder round 277538, completed instructions: 19607/26601, actively running or decoding instructions: 13, waiting windows: 37/64733. Max active instruction index: 19651
2025-02-10 23:32:06 | Simulation update: decoder round 278905, completed instructions: 19793/26601, actively running or decoding instructions: 13, waiting windows: 42/65102. Max active instruction index: 19847
2025-02-10 23:32:16 | Simulation update: decoder round 280327, completed instructions: 19971/26601, actively running or decoding instructions: 18, waiting windows: 39/65503. Max active instruction index: 20054
2025-02-10 23:32:26 | Simulation update: decoder round 281813, completed instructions: 20123/26601, actively running or decoding instructions: 11, waiting windows: 34/65903. Max active instruction index: 20078
2025-02-10 23:32:36 | Simulation update: decoder round 283364, completed instructions: 20265/26601, actively running or decoding instructions: 13, waiting windows: 44/66296. Max active instruction index: 20257
2025-02-10 23:32:46 | Simulation update: decoder round 284961, completed instructions: 20389/26601, actively running or decoding instructions: 6, waiting windows: 38/66709. Max active instruction index: 20389
2025-02-10 23:32:56 | Simulation update: decoder round 286621, completed instructions: 20541/26601, actively running or decoding instructions: 15, waiting windows: 42/67118. Max active instruction index: 20541
2025-02-10 23:33:06 | Simulation update: decoder round 288344, completed instructions: 20691/26601, actively running or decoding instructions: 9, waiting windows: 39/67556. Max active instruction index: 20687
2025-02-10 23:33:16 | Simulation update: decoder round 290155, completed instructions: 20829/26601, actively running or decoding instructions: 3, waiting windows: 25/67981. Max active instruction index: 20829
2025-02-10 23:33:26 | Simulation update: decoder round 292050, completed instructions: 21002/26601, actively running or decoding instructions: 3, waiting windows: 34/68452. Max active instruction index: 20995
2025-02-10 23:33:36 | Simulation update: decoder round 294052, completed instructions: 21183/26601, actively running or decoding instructions: 3, waiting windows: 28/68945. Max active instruction index: 21177
2025-02-10 23:33:46 | Simulation update: decoder round 296183, completed instructions: 21312/26601, actively running or decoding instructions: 5, waiting windows: 29/69428. Max active instruction index: 21304
2025-02-10 23:33:56 | Simulation update: decoder round 298395, completed instructions: 21404/26601, actively running or decoding instructions: 8, waiting windows: 33/69912. Max active instruction index: 21396
2025-02-10 23:34:06 | Simulation update: decoder round 300664, completed instructions: 21497/26601, actively running or decoding instructions: 5, waiting windows: 26/70401. Max active instruction index: 21492
2025-02-10 23:34:16 | Simulation update: decoder round 303003, completed instructions: 21588/26601, actively running or decoding instructions: 5, waiting windows: 31/70921. Max active instruction index: 21580
2025-02-10 23:34:26 | Simulation update: decoder round 305426, completed instructions: 21688/26601, actively running or decoding instructions: 5, waiting windows: 28/71434. Max active instruction index: 21680
2025-02-10 23:34:36 | Simulation update: decoder round 307950, completed instructions: 21789/26601, actively running or decoding instructions: 5, waiting windows: 27/71991. Max active instruction index: 21780
2025-02-10 23:34:46 | Simulation update: decoder round 310566, completed instructions: 21889/26601, actively running or decoding instructions: 2, waiting windows: 31/72578. Max active instruction index: 21880
2025-02-10 23:34:56 | Simulation update: decoder round 313292, completed instructions: 21997/26601, actively running or decoding instructions: 5, waiting windows: 29/73175. Max active instruction index: 21992
2025-02-10 23:35:06 | Simulation update: decoder round 315965, completed instructions: 22096/26601, actively running or decoding instructions: 5, waiting windows: 27/73760. Max active instruction index: 22088
2025-02-10 23:35:16 | Simulation update: decoder round 318948, completed instructions: 22225/26601, actively running or decoding instructions: 2, waiting windows: 34/74412. Max active instruction index: 22216
2025-02-10 23:35:26 | Simulation update: decoder round 322128, completed instructions: 22502/26601, actively running or decoding instructions: 6, waiting windows: 33/75110. Max active instruction index: 22501
2025-02-10 23:35:36 | Simulation update: decoder round 325669, completed instructions: 22827/26601, actively running or decoding instructions: 6, waiting windows: 24/75846. Max active instruction index: 22829
2025-02-10 23:35:46 | Simulation update: decoder round 329719, completed instructions: 23220/26601, actively running or decoding instructions: 3, waiting windows: 32/76762. Max active instruction index: 23209
2025-02-10 23:35:56 | Simulation update: decoder round 334560, completed instructions: 23674/26601, actively running or decoding instructions: 9, waiting windows: 28/77812. Max active instruction index: 23669
2025-02-10 23:36:06 | Simulation update: decoder round 340920, completed instructions: 24276/26601, actively running or decoding instructions: 5, waiting windows: 27/79164. Max active instruction index: 24273
2025-02-10 23:36:16 | Simulation update: decoder round 363368, completed instructions: 25612/26601, actively running or decoding instructions: 2, waiting windows: 7/81928. Max active instruction index: 25603
2025-02-10 23:36:19 | Finished simulation
2025-02-10 23:36:20 | Finished saving output. Done! Total elapsed time: 1:12:03.350758
