CONFIG 1515
benchmark_file: slurm/data/20250210_212357/benchmarks/rz_seq_10_1e-10.lss
decoder_latency_or_dist_filename: slurm/data/20250210_212357/decoder_dists.json
distance: 21
lightweight_setting: 2
max_parallel_processes: None
missed_speculation_modifier: 1.4
poison_policy: successors
rng: 2
scheduling_method: aligned
speculation_accuracy: 1.0
speculation_latency: 1
speculation_mode: separate
2025-02-10 22:24:25 | Loading benchmark slurm/data/20250210_212357/benchmarks/rz_seq_10_1e-10.lss...
2025-02-10 22:24:26 | Starting simulation
2025-02-10 22:24:27 | Simulation update: decoder round 1, completed instructions: 0/10045, actively running or decoding instructions: 1, waiting windows: 0/0. Max active instruction index: 0
2025-02-10 22:24:37 | Simulation update: decoder round 71921, completed instructions: 2861/10045, actively running or decoding instructions: 7, waiting windows: 2003/5436. Max active instruction index: 2864
2025-02-10 22:24:47 | Simulation update: decoder round 143243, completed instructions: 5696/10045, actively running or decoding instructions: 5, waiting windows: 3992/10909. Max active instruction index: 5693
2025-02-10 22:24:57 | Simulation update: decoder round 213884, completed instructions: 8444/10045, actively running or decoding instructions: 5, waiting windows: 5953/16248. Max active instruction index: 8441
2025-02-10 22:25:03 | Finished simulation
2025-02-10 22:25:03 | Finished saving output. Done! Total elapsed time: 0:00:38.205319
