CONFIG 1517
benchmark_file: slurm/data/20250210_212357/benchmarks/carleman_2_4.lss
decoder_latency_or_dist_filename: slurm/data/20250210_212357/decoder_dists.json
distance: 21
lightweight_setting: 2
max_parallel_processes: None
missed_speculation_modifier: 1.4
poison_policy: successors
rng: 2
scheduling_method: aligned
speculation_accuracy: 1.0
speculation_latency: 1
speculation_mode: separate
2025-02-10 22:24:25 | Loading benchmark slurm/data/20250210_212357/benchmarks/carleman_2_4.lss...
2025-02-10 22:24:27 | Starting simulation
2025-02-10 22:24:28 | Simulation update: decoder round 1, completed instructions: 0/13345, actively running or decoding instructions: 23, waiting windows: 0/0. Max active instruction index: 222
2025-02-10 22:24:38 | Simulation update: decoder round 488, completed instructions: 504/13345, actively running or decoding instructions: 42, waiting windows: 540/973. Max active instruction index: 507
2025-02-10 22:24:48 | Simulation update: decoder round 862, completed instructions: 638/13345, actively running or decoding instructions: 27, waiting windows: 882/1653. Max active instruction index: 660
2025-02-10 22:24:58 | Simulation update: decoder round 1240, completed instructions: 750/13345, actively running or decoding instructions: 19, waiting windows: 1158/2310. Max active instruction index: 740
2025-02-10 22:25:08 | Simulation update: decoder round 1618, completed instructions: 900/13345, actively running or decoding instructions: 11, waiting windows: 1413/2986. Max active instruction index: 930
2025-02-10 22:25:18 | Simulation update: decoder round 2008, completed instructions: 1103/13345, actively running or decoding instructions: 27, waiting windows: 1746/3724. Max active instruction index: 1109
2025-02-10 22:25:28 | Simulation update: decoder round 2406, completed instructions: 1275/13345, actively running or decoding instructions: 39, waiting windows: 2126/4471. Max active instruction index: 1309
2025-02-10 22:25:38 | Simulation update: decoder round 2806, completed instructions: 1471/13345, actively running or decoding instructions: 40, waiting windows: 2454/5247. Max active instruction index: 1559
2025-02-10 22:25:48 | Simulation update: decoder round 3196, completed instructions: 1631/13345, actively running or decoding instructions: 19, waiting windows: 2741/5994. Max active instruction index: 1828
2025-02-10 22:25:58 | Simulation update: decoder round 3593, completed instructions: 1881/13345, actively running or decoding instructions: 33, waiting windows: 3117/6856. Max active instruction index: 2023
2025-02-10 22:26:08 | Simulation update: decoder round 3998, completed instructions: 2111/13345, actively running or decoding instructions: 40, waiting windows: 3500/7696. Max active instruction index: 2252
2025-02-10 22:26:18 | Simulation update: decoder round 4408, completed instructions: 2349/13345, actively running or decoding instructions: 24, waiting windows: 3823/8544. Max active instruction index: 2451
2025-02-10 22:26:28 | Simulation update: decoder round 4822, completed instructions: 2525/13345, actively running or decoding instructions: 24, waiting windows: 4176/9353. Max active instruction index: 2639
2025-02-10 22:26:38 | Simulation update: decoder round 5245, completed instructions: 2764/13345, actively running or decoding instructions: 43, waiting windows: 4564/10226. Max active instruction index: 2876
2025-02-10 22:26:48 | Simulation update: decoder round 5676, completed instructions: 2966/13345, actively running or decoding instructions: 32, waiting windows: 4935/11095. Max active instruction index: 3069
2025-02-10 22:26:58 | Simulation update: decoder round 6105, completed instructions: 3160/13345, actively running or decoding instructions: 46, waiting windows: 5292/11949. Max active instruction index: 3346
2025-02-10 22:27:08 | Simulation update: decoder round 6556, completed instructions: 3386/13345, actively running or decoding instructions: 29, waiting windows: 5706/12890. Max active instruction index: 3432
2025-02-10 22:27:18 | Simulation update: decoder round 7017, completed instructions: 3619/13345, actively running or decoding instructions: 33, waiting windows: 6154/13843. Max active instruction index: 4129
2025-02-10 22:27:29 | Simulation update: decoder round 7483, completed instructions: 3759/13345, actively running or decoding instructions: 25, waiting windows: 6483/14743. Max active instruction index: 3769
2025-02-10 22:27:39 | Simulation update: decoder round 7947, completed instructions: 3849/13345, actively running or decoding instructions: 10, waiting windows: 6879/15610. Max active instruction index: 3817
2025-02-10 22:27:49 | Simulation update: decoder round 8430, completed instructions: 3924/13345, actively running or decoding instructions: 10, waiting windows: 7292/16482. Max active instruction index: 3912
2025-02-10 22:27:59 | Simulation update: decoder round 8912, completed instructions: 4104/13345, actively running or decoding instructions: 17, waiting windows: 7743/17435. Max active instruction index: 4097
2025-02-10 22:28:09 | Simulation update: decoder round 9405, completed instructions: 4276/13345, actively running or decoding instructions: 7, waiting windows: 8113/18358. Max active instruction index: 4255
2025-02-10 22:28:19 | Simulation update: decoder round 9898, completed instructions: 4542/13345, actively running or decoding instructions: 35, waiting windows: 8594/19329. Max active instruction index: 4625
2025-02-10 22:28:29 | Simulation update: decoder round 10421, completed instructions: 4645/13345, actively running or decoding instructions: 10, waiting windows: 8966/20269. Max active instruction index: 4687
2025-02-10 22:28:39 | Simulation update: decoder round 10969, completed instructions: 4841/13345, actively running or decoding instructions: 20, waiting windows: 9435/21306. Max active instruction index: 5096
2025-02-10 22:28:49 | Simulation update: decoder round 11526, completed instructions: 5014/13345, actively running or decoding instructions: 12, waiting windows: 9893/22349. Max active instruction index: 4958
2025-02-10 22:28:59 | Simulation update: decoder round 12071, completed instructions: 5216/13345, actively running or decoding instructions: 21, waiting windows: 10414/23404. Max active instruction index: 5189
2025-02-10 22:29:09 | Simulation update: decoder round 12633, completed instructions: 5441/13345, actively running or decoding instructions: 30, waiting windows: 10920/24514. Max active instruction index: 5557
2025-02-10 22:29:19 | Simulation update: decoder round 13205, completed instructions: 5667/13345, actively running or decoding instructions: 30, waiting windows: 11340/25572. Max active instruction index: 5736
2025-02-10 22:29:29 | Simulation update: decoder round 13799, completed instructions: 5799/13345, actively running or decoding instructions: 16, waiting windows: 11797/26577. Max active instruction index: 5782
2025-02-10 22:29:39 | Simulation update: decoder round 14386, completed instructions: 5906/13345, actively running or decoding instructions: 14, waiting windows: 12245/27573. Max active instruction index: 5894
2025-02-10 22:29:49 | Simulation update: decoder round 15006, completed instructions: 5992/13345, actively running or decoding instructions: 9, waiting windows: 12701/28546. Max active instruction index: 5994
2025-02-10 22:29:59 | Simulation update: decoder round 15629, completed instructions: 6101/13345, actively running or decoding instructions: 11, waiting windows: 13175/29550. Max active instruction index: 6079
2025-02-10 22:30:09 | Simulation update: decoder round 16260, completed instructions: 6234/13345, actively running or decoding instructions: 14, waiting windows: 13650/30562. Max active instruction index: 6220
2025-02-10 22:30:19 | Simulation update: decoder round 16900, completed instructions: 6326/13345, actively running or decoding instructions: 14, waiting windows: 14121/31556. Max active instruction index: 6335
2025-02-10 22:30:29 | Simulation update: decoder round 17557, completed instructions: 6407/13345, actively running or decoding instructions: 12, waiting windows: 14581/32545. Max active instruction index: 6416
2025-02-10 22:30:39 | Simulation update: decoder round 18197, completed instructions: 6554/13345, actively running or decoding instructions: 21, waiting windows: 15095/33567. Max active instruction index: 6563
2025-02-10 22:30:49 | Simulation update: decoder round 18852, completed instructions: 6721/13345, actively running or decoding instructions: 21, waiting windows: 15604/34677. Max active instruction index: 6724
2025-02-10 22:30:59 | Simulation update: decoder round 19524, completed instructions: 6933/13345, actively running or decoding instructions: 28, waiting windows: 16197/35865. Max active instruction index: 6923
2025-02-10 22:31:09 | Simulation update: decoder round 20226, completed instructions: 7079/13345, actively running or decoding instructions: 15, waiting windows: 16689/37035. Max active instruction index: 7068
2025-02-10 22:31:19 | Simulation update: decoder round 20917, completed instructions: 7235/13345, actively running or decoding instructions: 7, waiting windows: 17209/38216. Max active instruction index: 7217
2025-02-10 22:31:29 | Simulation update: decoder round 21642, completed instructions: 7403/13345, actively running or decoding instructions: 13, waiting windows: 17779/39442. Max active instruction index: 7395
2025-02-10 22:31:39 | Simulation update: decoder round 22396, completed instructions: 7804/13345, actively running or decoding instructions: 27, waiting windows: 18419/40864. Max active instruction index: 7847
2025-02-10 22:31:49 | Simulation update: decoder round 23214, completed instructions: 7985/13345, actively running or decoding instructions: 10, waiting windows: 18988/42173. Max active instruction index: 7988
2025-02-10 22:31:59 | Simulation update: decoder round 24088, completed instructions: 8314/13345, actively running or decoding instructions: 17, waiting windows: 19668/43675. Max active instruction index: 8370
2025-02-10 22:32:09 | Simulation update: decoder round 25033, completed instructions: 8594/13345, actively running or decoding instructions: 16, waiting windows: 20384/45288. Max active instruction index: 8734
2025-02-10 22:32:19 | Simulation update: decoder round 26011, completed instructions: 8943/13345, actively running or decoding instructions: 17, waiting windows: 21154/46983. Max active instruction index: 9030
2025-02-10 22:32:29 | Simulation update: decoder round 27044, completed instructions: 9405/13345, actively running or decoding instructions: 32, waiting windows: 21906/48761. Max active instruction index: 9548
2025-02-10 22:32:39 | Simulation update: decoder round 28111, completed instructions: 9629/13345, actively running or decoding instructions: 10, waiting windows: 22567/50286. Max active instruction index: 9500
2025-02-10 22:32:49 | Simulation update: decoder round 29233, completed instructions: 9790/13345, actively running or decoding instructions: 5, waiting windows: 23302/51850. Max active instruction index: 9775
2025-02-10 22:32:59 | Simulation update: decoder round 30396, completed instructions: 10310/13345, actively running or decoding instructions: 21, waiting windows: 24160/53752. Max active instruction index: 10455
2025-02-10 22:33:09 | Simulation update: decoder round 31796, completed instructions: 10909/13345, actively running or decoding instructions: 24, waiting windows: 25034/55933. Max active instruction index: 10958
2025-02-10 22:33:19 | Simulation update: decoder round 33602, completed instructions: 11621/13345, actively running or decoding instructions: 20, waiting windows: 25980/58308. Max active instruction index: 11601
2025-02-10 22:33:29 | Simulation update: decoder round 36585, completed instructions: 12517/13345, actively running or decoding instructions: 24, waiting windows: 27385/61547. Max active instruction index: 12495
2025-02-10 22:33:34 | Finished simulation
2025-02-10 22:33:34 | Finished saving output. Done! Total elapsed time: 0:09:08.651981
