CONFIG 152
benchmark_file: slurm/data/20250210_212357/benchmarks/adder_n10.lss
decoder_latency_or_dist_filename: slurm/data/20250210_212357/decoder_dists.json
distance: 21
lightweight_setting: 2
max_parallel_processes: predict
missed_speculation_modifier: 1.4
poison_policy: successors
rng: 3
scheduling_method: sliding
speculation_accuracy: 0.9
speculation_latency: 1
speculation_mode: separate
2025-02-10 21:24:10 | Loading benchmark slurm/data/20250210_212357/benchmarks/adder_n10.lss...
2025-02-10 21:24:10 | Starting simulation
PREDICTION STEP BEGIN---------------------------------
Predicted max parallel processes: 98

PREDICTION STEP END-----------------------------------

2025-02-10 21:24:21 | Simulation update: decoder round 1, completed instructions: 0/887, actively running or decoding instructions: 4, waiting windows: 0/0. Max active instruction index: 9
2025-02-10 21:24:31 | Simulation update: decoder round 5555, completed instructions: 505/887, actively running or decoding instructions: 5, waiting windows: 83/3128. Max active instruction index: 518
2025-02-10 21:24:35 | Finished simulation
2025-02-10 21:24:35 | Finished saving output. Done! Total elapsed time: 0:00:25.274641
