CONFIG 188
benchmark_file: slurm/data/20250210_212357/benchmarks/rz_1e-10.lss
decoder_latency_or_dist_filename: slurm/data/20250210_212357/decoder_dists.json
distance: 21
lightweight_setting: 2
max_parallel_processes: predict
missed_speculation_modifier: 1.4
poison_policy: successors
rng: 4
scheduling_method: sliding
speculation_accuracy: 0.9
speculation_latency: 1
speculation_mode: separate
2025-02-10 21:24:08 | Loading benchmark slurm/data/20250210_212357/benchmarks/rz_1e-10.lss...
2025-02-10 21:24:08 | Starting simulation
PREDICTION STEP BEGIN---------------------------------
Predicted max parallel processes: 16

PREDICTION STEP END-----------------------------------

2025-02-10 21:24:12 | Simulation update: decoder round 1, completed instructions: 0/999, actively running or decoding instructions: 2, waiting windows: 0/0. Max active instruction index: 2
2025-02-10 21:24:17 | Finished simulation
2025-02-10 21:24:17 | Finished saving output. Done! Total elapsed time: 0:00:09.238345
