CONFIG 2000
benchmark_file: slurm/data/20250210_212357/benchmarks/rz_seq_10_1e-10.lss
decoder_latency_or_dist_filename: slurm/data/20250210_212357/decoder_dists.json
distance: 21
lightweight_setting: 2
max_parallel_processes: None
missed_speculation_modifier: 1.4
poison_policy: successors
rng: 9
scheduling_method: aligned
speculation_accuracy: 0.9
speculation_latency: 1
speculation_mode: None
2025-02-10 23:24:22 | Loading benchmark slurm/data/20250210_212357/benchmarks/rz_seq_10_1e-10.lss...
2025-02-10 23:24:23 | Starting simulation
2025-02-10 23:24:24 | Simulation update: decoder round 1, completed instructions: 0/10045, actively running or decoding instructions: 1, waiting windows: 0/0. Max active instruction index: 0
2025-02-10 23:24:34 | Simulation update: decoder round 70129, completed instructions: 1484/10045, actively running or decoding instructions: 2, waiting windows: 1961/4694. Max active instruction index: 1481
2025-02-10 23:24:44 | Simulation update: decoder round 140838, completed instructions: 2964/10045, actively running or decoding instructions: 5, waiting windows: 3972/9488. Max active instruction index: 2961
2025-02-10 23:24:54 | Simulation update: decoder round 209792, completed instructions: 4468/10045, actively running or decoding instructions: 8, waiting windows: 5964/14237. Max active instruction index: 4465
2025-02-10 23:25:04 | Simulation update: decoder round 279813, completed instructions: 5961/10045, actively running or decoding instructions: 2, waiting windows: 7985/19044. Max active instruction index: 5957
2025-02-10 23:25:14 | Simulation update: decoder round 349186, completed instructions: 7508/10045, actively running or decoding instructions: 9, waiting windows: 10009/23884. Max active instruction index: 7512
2025-02-10 23:25:24 | Simulation update: decoder round 420336, completed instructions: 8961/10045, actively running or decoding instructions: 4, waiting windows: 11991/28619. Max active instruction index: 8961
2025-02-10 23:25:31 | Finished simulation
2025-02-10 23:25:32 | Finished saving output. Done! Total elapsed time: 0:01:10.168502
