CONFIG 291
benchmark_file: slurm/data/20250210_212357/benchmarks/adder_n18.lss
decoder_latency_or_dist_filename: slurm/data/20250210_212357/decoder_dists.json
distance: 21
lightweight_setting: 2
max_parallel_processes: predict
missed_speculation_modifier: 1.4
poison_policy: successors
rng: 7
scheduling_method: sliding
speculation_accuracy: 0.9
speculation_latency: 1
speculation_mode: separate
2025-02-10 21:24:11 | Loading benchmark slurm/data/20250210_212357/benchmarks/adder_n18.lss...
2025-02-10 21:24:11 | Starting simulation
PREDICTION STEP BEGIN---------------------------------
Predicted max parallel processes: 196

PREDICTION STEP END-----------------------------------

2025-02-10 21:24:47 | Simulation update: decoder round 1, completed instructions: 0/2338, actively running or decoding instructions: 3, waiting windows: 0/0. Max active instruction index: 18
2025-02-10 21:24:57 | Simulation update: decoder round 2767, completed instructions: 418/2338, actively running or decoding instructions: 9, waiting windows: 139/2672. Max active instruction index: 625
2025-02-10 21:25:07 | Simulation update: decoder round 5712, completed instructions: 683/2338, actively running or decoding instructions: 7, waiting windows: 131/5553. Max active instruction index: 693
2025-02-10 21:25:17 | Simulation update: decoder round 8381, completed instructions: 1076/2338, actively running or decoding instructions: 18, waiting windows: 148/8136. Max active instruction index: 1097
2025-02-10 21:25:27 | Simulation update: decoder round 12212, completed instructions: 1709/2338, actively running or decoding instructions: 10, waiting windows: 100/11217. Max active instruction index: 1703
2025-02-10 21:25:33 | Finished simulation
2025-02-10 21:25:33 | Finished saving output. Done! Total elapsed time: 0:01:22.613592
