CONFIG 470
benchmark_file: slurm/data/20250210_212357/benchmarks/adder_n18.lss
decoder_latency_or_dist_filename: slurm/data/20250210_212357/decoder_dists.json
distance: 21
lightweight_setting: 2
max_parallel_processes: None
missed_speculation_modifier: 1.4
poison_policy: successors
rng: 2
scheduling_method: parallel
speculation_accuracy: 0.9
speculation_latency: 1
speculation_mode: separate
2025-02-10 21:24:23 | Loading benchmark slurm/data/20250210_212357/benchmarks/adder_n18.lss...
2025-02-10 21:24:23 | Starting simulation
2025-02-10 21:24:23 | Simulation update: decoder round 1, completed instructions: 0/2338, actively running or decoding instructions: 3, waiting windows: 0/0. Max active instruction index: 18
2025-02-10 21:24:33 | Simulation update: decoder round 2934, completed instructions: 419/2338, actively running or decoding instructions: 12, waiting windows: 1430/2841. Max active instruction index: 625
2025-02-10 21:24:43 | Simulation update: decoder round 6070, completed instructions: 713/2338, actively running or decoding instructions: 8, waiting windows: 2900/5934. Max active instruction index: 721
2025-02-10 21:24:53 | Simulation update: decoder round 8946, completed instructions: 1110/2338, actively running or decoding instructions: 16, waiting windows: 4138/8650. Max active instruction index: 1150
2025-02-10 21:25:03 | Simulation update: decoder round 13236, completed instructions: 1762/2338, actively running or decoding instructions: 5, waiting windows: 5582/11987. Max active instruction index: 1742
2025-02-10 21:25:09 | Finished simulation
2025-02-10 21:25:09 | Finished saving output. Done! Total elapsed time: 0:00:46.511583
