CONFIG 577
benchmark_file: slurm/data/20250210_212357/benchmarks/adder_n28.lss
decoder_latency_or_dist_filename: slurm/data/20250210_212357/decoder_dists.json
distance: 21
lightweight_setting: 2
max_parallel_processes: None
missed_speculation_modifier: 1.4
poison_policy: successors
rng: 5
scheduling_method: parallel
speculation_accuracy: 0.9
speculation_latency: 1
speculation_mode: separate
2025-02-10 21:24:32 | Loading benchmark slurm/data/20250210_212357/benchmarks/adder_n28.lss...
2025-02-10 21:24:33 | Starting simulation
2025-02-10 21:24:33 | Simulation update: decoder round 1, completed instructions: 0/3343, actively running or decoding instructions: 7, waiting windows: 0/0. Max active instruction index: 30
2025-02-10 21:24:43 | Simulation update: decoder round 1623, completed instructions: 256/3343, actively running or decoding instructions: 6, waiting windows: 1227/2305. Max active instruction index: 251
2025-02-10 21:24:53 | Simulation update: decoder round 3327, completed instructions: 389/3343, actively running or decoding instructions: 9, waiting windows: 2340/4579. Max active instruction index: 460
2025-02-10 21:25:03 | Simulation update: decoder round 5138, completed instructions: 549/3343, actively running or decoding instructions: 10, waiting windows: 3479/6954. Max active instruction index: 548
2025-02-10 21:25:13 | Simulation update: decoder round 6926, completed instructions: 860/3343, actively running or decoding instructions: 9, waiting windows: 4754/9611. Max active instruction index: 893
2025-02-10 21:25:23 | Simulation update: decoder round 8937, completed instructions: 1164/3343, actively running or decoding instructions: 10, waiting windows: 6035/12323. Max active instruction index: 1170
2025-02-10 21:25:33 | Simulation update: decoder round 11388, completed instructions: 1533/3343, actively running or decoding instructions: 20, waiting windows: 7435/15307. Max active instruction index: 1575
2025-02-10 21:25:43 | Simulation update: decoder round 13977, completed instructions: 1991/3343, actively running or decoding instructions: 10, waiting windows: 8704/18154. Max active instruction index: 2027
2025-02-10 21:25:53 | Simulation update: decoder round 17252, completed instructions: 2556/3343, actively running or decoding instructions: 13, waiting windows: 9978/21041. Max active instruction index: 2546
2025-02-10 21:26:02 | Finished simulation
2025-02-10 21:26:02 | Finished saving output. Done! Total elapsed time: 0:01:29.662521
