CONFIG 583
benchmark_file: slurm/data/20250210_212357/benchmarks/rz_seq_10_1e-10.lss
decoder_latency_or_dist_filename: slurm/data/20250210_212357/decoder_dists.json
distance: 21
lightweight_setting: 2
max_parallel_processes: predict
missed_speculation_modifier: 1.4
poison_policy: successors
rng: 5
scheduling_method: parallel
speculation_accuracy: 0.9
speculation_latency: 1
speculation_mode: separate
2025-02-10 21:24:32 | Loading benchmark slurm/data/20250210_212357/benchmarks/rz_seq_10_1e-10.lss...
2025-02-10 21:24:33 | Starting simulation
PREDICTION STEP BEGIN---------------------------------
Predicted max parallel processes: 16

PREDICTION STEP END-----------------------------------

2025-02-10 21:25:19 | Simulation update: decoder round 1, completed instructions: 0/10045, actively running or decoding instructions: 1, waiting windows: 0/0. Max active instruction index: 0
2025-02-10 21:25:29 | Simulation update: decoder round 68595, completed instructions: 2012/10045, actively running or decoding instructions: 2, waiting windows: 2060/4906. Max active instruction index: 2012
2025-02-10 21:25:39 | Simulation update: decoder round 136812, completed instructions: 4044/10045, actively running or decoding instructions: 5, waiting windows: 4085/9754. Max active instruction index: 4041
2025-02-10 21:25:49 | Simulation update: decoder round 204108, completed instructions: 6029/10045, actively running or decoding instructions: 5, waiting windows: 6158/14662. Max active instruction index: 6025
2025-02-10 21:25:59 | Simulation update: decoder round 268938, completed instructions: 7969/10045, actively running or decoding instructions: 7, waiting windows: 8179/19468. Max active instruction index: 7972
2025-02-10 21:26:09 | Simulation update: decoder round 337453, completed instructions: 9977/10045, actively running or decoding instructions: 4, waiting windows: 10173/24276. Max active instruction index: 9977
2025-02-10 21:26:10 | Finished simulation
2025-02-10 21:26:10 | Finished saving output. Done! Total elapsed time: 0:01:38.133455
