CONFIG 674
benchmark_file: slurm/data/20250210_212357/benchmarks/adder_n18.lss
decoder_latency_or_dist_filename: slurm/data/20250210_212357/decoder_dists.json
distance: 21
lightweight_setting: 2
max_parallel_processes: None
missed_speculation_modifier: 1.4
poison_policy: successors
rng: 8
scheduling_method: parallel
speculation_accuracy: 0.9
speculation_latency: 1
speculation_mode: separate
2025-02-10 21:24:31 | Loading benchmark slurm/data/20250210_212357/benchmarks/adder_n18.lss...
2025-02-10 21:24:31 | Starting simulation
2025-02-10 21:24:32 | Simulation update: decoder round 1, completed instructions: 0/2338, actively running or decoding instructions: 3, waiting windows: 0/0. Max active instruction index: 18
2025-02-10 21:24:42 | Simulation update: decoder round 2902, completed instructions: 418/2338, actively running or decoding instructions: 6, waiting windows: 1414/2840. Max active instruction index: 625
2025-02-10 21:24:52 | Simulation update: decoder round 6057, completed instructions: 677/2338, actively running or decoding instructions: 10, waiting windows: 2905/5926. Max active instruction index: 677
2025-02-10 21:25:02 | Simulation update: decoder round 8857, completed instructions: 1120/2338, actively running or decoding instructions: 10, waiting windows: 4152/8676. Max active instruction index: 1150
2025-02-10 21:25:12 | Simulation update: decoder round 13121, completed instructions: 1788/2338, actively running or decoding instructions: 8, waiting windows: 5595/11971. Max active instruction index: 1780
2025-02-10 21:25:16 | Finished simulation
2025-02-10 21:25:16 | Finished saving output. Done! Total elapsed time: 0:00:45.347081
