CONFIG 787
benchmark_file: slurm/data/20250210_212357/benchmarks/qrom_15_15.lss
decoder_latency_or_dist_filename: slurm/data/20250210_212357/decoder_dists.json
distance: 21
lightweight_setting: 2
max_parallel_processes: predict
missed_speculation_modifier: 1.4
poison_policy: successors
rng: 0
scheduling_method: aligned
speculation_accuracy: 0.9
speculation_latency: 1
speculation_mode: separate
2025-02-10 21:24:41 | Loading benchmark slurm/data/20250210_212357/benchmarks/qrom_15_15.lss...
2025-02-10 21:24:41 | Starting simulation
PREDICTION STEP BEGIN---------------------------------
Predicted max parallel processes: 168

PREDICTION STEP END-----------------------------------

2025-02-10 21:24:53 | Simulation update: decoder round 1, completed instructions: 0/1693, actively running or decoding instructions: 10, waiting windows: 0/0. Max active instruction index: 84
2025-02-10 21:25:03 | Simulation update: decoder round 3426, completed instructions: 1041/1693, actively running or decoding instructions: 37, waiting windows: 1524/3366. Max active instruction index: 1025
2025-02-10 21:25:07 | Finished simulation
2025-02-10 21:25:07 | Finished saving output. Done! Total elapsed time: 0:00:25.800354
