CONFIG 81
benchmark_file: slurm/data/20250210_212357/benchmarks/rz_seq_10_1e-10.lss
decoder_latency_or_dist_filename: slurm/data/20250210_212357/decoder_dists.json
distance: 21
lightweight_setting: 2
max_parallel_processes: predict
missed_speculation_modifier: 1.4
poison_policy: successors
rng: 1
scheduling_method: sliding
speculation_accuracy: 0.9
speculation_latency: 1
speculation_mode: separate
2025-02-10 21:24:06 | Loading benchmark slurm/data/20250210_212357/benchmarks/rz_seq_10_1e-10.lss...
2025-02-10 21:24:07 | Starting simulation
PREDICTION STEP BEGIN---------------------------------
Predicted max parallel processes: 18

PREDICTION STEP END-----------------------------------

2025-02-10 21:24:49 | Simulation update: decoder round 1, completed instructions: 0/10045, actively running or decoding instructions: 1, waiting windows: 0/0. Max active instruction index: 0
2025-02-10 21:24:59 | Simulation update: decoder round 63061, completed instructions: 2260/10045, actively running or decoding instructions: 2, waiting windows: 13/4680. Max active instruction index: 2257
2025-02-10 21:25:09 | Simulation update: decoder round 125736, completed instructions: 4392/10045, actively running or decoding instructions: 8, waiting windows: 13/9366. Max active instruction index: 4389
2025-02-10 21:25:19 | Simulation update: decoder round 188074, completed instructions: 6544/10045, actively running or decoding instructions: 8, waiting windows: 10/13878. Max active instruction index: 6541
2025-02-10 21:25:29 | Simulation update: decoder round 251347, completed instructions: 8673/10045, actively running or decoding instructions: 5, waiting windows: 14/18576. Max active instruction index: 8669
2025-02-10 21:25:35 | Finished simulation
2025-02-10 21:25:35 | Finished saving output. Done! Total elapsed time: 0:01:28.902562
