CONFIG 11
benchmark_file: slurm/data/20241118_215925/benchmarks/carleman_2_4.lss
decoder_latency_or_dist_filename: slurm/data/20241118_215925/decoder_dists.json
distance: 21
lightweight_setting: 2
max_parallel_processes: None
missed_speculation_modifier: 1.4
poison_policy: successors
rng: 0
scheduling_method: sliding
speculation_accuracy: 0.9
speculation_latency: 1
speculation_mode: separate
2024-11-18 21:59:37 | Loading benchmark slurm/data/20241118_215925/benchmarks/carleman_2_4.lss...
2024-11-18 21:59:38 | Starting simulation
2024-11-18 21:59:40 | Simulation update: decoder round 1, completed instructions: 0/12153, actively running or decoding instructions: 21, waiting windows: 0/0. Max active instruction index: 191
2024-11-18 21:59:50 | Simulation update: decoder round 556, completed instructions: 377/12153, actively running or decoding instructions: 11, waiting windows: 248/1069. Max active instruction index: 394
2024-11-18 22:00:00 | Simulation update: decoder round 1038, completed instructions: 511/12153, actively running or decoding instructions: 15, waiting windows: 275/1902. Max active instruction index: 510
2024-11-18 22:00:10 | Simulation update: decoder round 1522, completed instructions: 630/12153, actively running or decoding instructions: 13, waiting windows: 267/2723. Max active instruction index: 631
2024-11-18 22:00:20 | Simulation update: decoder round 2002, completed instructions: 787/12153, actively running or decoding instructions: 15, waiting windows: 244/3568. Max active instruction index: 799
2024-11-18 22:00:30 | Simulation update: decoder round 2498, completed instructions: 952/12153, actively running or decoding instructions: 15, waiting windows: 205/4420. Max active instruction index: 949
2024-11-18 22:00:40 | Simulation update: decoder round 2988, completed instructions: 1154/12153, actively running or decoding instructions: 20, waiting windows: 231/5353. Max active instruction index: 1178
2024-11-18 22:00:50 | Simulation update: decoder round 3496, completed instructions: 1355/12153, actively running or decoding instructions: 19, waiting windows: 256/6312. Max active instruction index: 1349
2024-11-18 22:01:00 | Simulation update: decoder round 4009, completed instructions: 1604/12153, actively running or decoding instructions: 30, waiting windows: 312/7342. Max active instruction index: 1703
2024-11-18 22:01:10 | Simulation update: decoder round 4522, completed instructions: 1812/12153, actively running or decoding instructions: 22, waiting windows: 289/8360. Max active instruction index: 1848
