CONFIG 125
benchmark_file: slurm/data/20241118_215925/benchmarks/qpeexact_5.lss
decoder_latency_or_dist_filename: slurm/data/20241118_215925/decoder_dists.json
distance: 21
lightweight_setting: 2
max_parallel_processes: predict
missed_speculation_modifier: 1.4
poison_policy: successors
rng: 2
scheduling_method: sliding
speculation_accuracy: 0.9
speculation_latency: 1
speculation_mode: separate
2024-11-18 21:59:44 | Loading benchmark slurm/data/20241118_215925/benchmarks/qpeexact_5.lss...
2024-11-18 21:59:45 | Starting simulation
PREDICTION STEP BEGIN---------------------------------
Predicted max parallel processes: 58

PREDICTION STEP END-----------------------------------

2024-11-18 22:27:44 | Simulation update: decoder round 1, completed instructions: 0/14570, actively running or decoding instructions: 1, waiting windows: 0/0. Max active instruction index: 0
2024-11-18 22:27:54 | Simulation update: decoder round 7792, completed instructions: 161/14570, actively running or decoding instructions: 3, waiting windows: 14/676. Max active instruction index: 157
2024-11-18 22:28:04 | Simulation update: decoder round 16949, completed instructions: 344/14570, actively running or decoding instructions: 2, waiting windows: 16/1477. Max active instruction index: 340
2024-11-18 22:28:14 | Simulation update: decoder round 28513, completed instructions: 598/14570, actively running or decoding instructions: 2, waiting windows: 28/2639. Max active instruction index: 589
2024-11-18 22:28:24 | Simulation update: decoder round 44012, completed instructions: 922/14570, actively running or decoding instructions: 3, waiting windows: 28/5453. Max active instruction index: 918
2024-11-18 22:28:34 | Simulation update: decoder round 53653, completed instructions: 1165/14570, actively running or decoding instructions: 4, waiting windows: 49/7350. Max active instruction index: 1703
2024-11-18 22:28:44 | Simulation update: decoder round 54616, completed instructions: 1216/14570, actively running or decoding instructions: 6, waiting windows: 51/7664. Max active instruction index: 1750
2024-11-18 22:28:54 | Simulation update: decoder round 55590, completed instructions: 1258/14570, actively running or decoding instructions: 6, waiting windows: 46/7977. Max active instruction index: 1789
2024-11-18 22:29:04 | Simulation update: decoder round 56569, completed instructions: 1295/14570, actively running or decoding instructions: 3, waiting windows: 50/8305. Max active instruction index: 1828
2024-11-18 22:29:14 | Simulation update: decoder round 57545, completed instructions: 1346/14570, actively running or decoding instructions: 4, waiting windows: 46/8639. Max active instruction index: 1883
2024-11-18 22:29:24 | Simulation update: decoder round 58535, completed instructions: 1382/14570, actively running or decoding instructions: 3, waiting windows: 50/8909. Max active instruction index: 1923
2024-11-18 22:29:34 | Simulation update: decoder round 59518, completed instructions: 1431/14570, actively running or decoding instructions: 4, waiting windows: 50/9244. Max active instruction index: 1967
2024-11-18 22:29:44 | Simulation update: decoder round 60485, completed instructions: 1478/14570, actively running or decoding instructions: 5, waiting windows: 49/9565. Max active instruction index: 2021
2024-11-18 22:29:54 | Simulation update: decoder round 61457, completed instructions: 1523/14570, actively running or decoding instructions: 4, waiting windows: 50/9899. Max active instruction index: 2063
2024-11-18 22:30:04 | Simulation update: decoder round 62380, completed instructions: 1566/14570, actively running or decoding instructions: 3, waiting windows: 50/10219. Max active instruction index: 2103
2024-11-18 22:30:14 | Simulation update: decoder round 63314, completed instructions: 1606/14570, actively running or decoding instructions: 3, waiting windows: 49/10514. Max active instruction index: 2137
2024-11-18 22:30:24 | Simulation update: decoder round 64284, completed instructions: 1654/14570, actively running or decoding instructions: 4, waiting windows: 47/10829. Max active instruction index: 2189
2024-11-18 22:30:34 | Simulation update: decoder round 65266, completed instructions: 1705/14570, actively running or decoding instructions: 6, waiting windows: 52/11131. Max active instruction index: 2225
2024-11-18 22:30:44 | Simulation update: decoder round 66247, completed instructions: 1743/14570, actively running or decoding instructions: 4, waiting windows: 52/11467. Max active instruction index: 2267
2024-11-18 22:30:54 | Simulation update: decoder round 67204, completed instructions: 1789/14570, actively running or decoding instructions: 4, waiting windows: 53/11784. Max active instruction index: 2321
2024-11-18 22:31:04 | Simulation update: decoder round 68171, completed instructions: 1835/14570, actively running or decoding instructions: 3, waiting windows: 49/12100. Max active instruction index: 2370
2024-11-18 22:31:14 | Simulation update: decoder round 69152, completed instructions: 1883/14570, actively running or decoding instructions: 5, waiting windows: 46/12445. Max active instruction index: 2418
2024-11-18 22:31:24 | Simulation update: decoder round 70132, completed instructions: 1936/14570, actively running or decoding instructions: 4, waiting windows: 51/12787. Max active instruction index: 2469
2024-11-18 22:31:34 | Simulation update: decoder round 71058, completed instructions: 1979/14570, actively running or decoding instructions: 4, waiting windows: 46/13093. Max active instruction index: 2506
2024-11-18 22:31:44 | Simulation update: decoder round 72063, completed instructions: 2025/14570, actively running or decoding instructions: 3, waiting windows: 41/13415. Max active instruction index: 2546
2024-11-18 22:31:54 | Simulation update: decoder round 73081, completed instructions: 2080/14570, actively running or decoding instructions: 7, waiting windows: 40/13740. Max active instruction index: 2599
2024-11-18 22:32:04 | Simulation update: decoder round 74114, completed instructions: 2129/14570, actively running or decoding instructions: 6, waiting windows: 44/14079. Max active instruction index: 2651
2024-11-18 22:32:14 | Simulation update: decoder round 75124, completed instructions: 2178/14570, actively running or decoding instructions: 6, waiting windows: 41/14421. Max active instruction index: 2703
2024-11-18 22:32:24 | Simulation update: decoder round 76168, completed instructions: 2232/14570, actively running or decoding instructions: 4, waiting windows: 47/14772. Max active instruction index: 2753
2024-11-18 22:32:34 | Simulation update: decoder round 77230, completed instructions: 2283/14570, actively running or decoding instructions: 4, waiting windows: 41/15133. Max active instruction index: 2799
2024-11-18 22:32:44 | Simulation update: decoder round 78303, completed instructions: 2330/14570, actively running or decoding instructions: 4, waiting windows: 45/15469. Max active instruction index: 2852
2024-11-18 22:32:54 | Simulation update: decoder round 79392, completed instructions: 2391/14570, actively running or decoding instructions: 6, waiting windows: 44/15821. Max active instruction index: 2919
2024-11-18 22:33:04 | Simulation update: decoder round 80498, completed instructions: 2449/14570, actively running or decoding instructions: 4, waiting windows: 37/16110. Max active instruction index: 2967
2024-11-18 22:33:14 | Simulation update: decoder round 81621, completed instructions: 2504/14570, actively running or decoding instructions: 6, waiting windows: 41/16414. Max active instruction index: 3006
2024-11-18 22:33:24 | Simulation update: decoder round 82754, completed instructions: 2564/14570, actively running or decoding instructions: 6, waiting windows: 41/16722. Max active instruction index: 3045
2024-11-18 22:33:34 | Simulation update: decoder round 83900, completed instructions: 2618/14570, actively running or decoding instructions: 5, waiting windows: 41/17055. Max active instruction index: 3075
2024-11-18 22:33:44 | Simulation update: decoder round 85050, completed instructions: 2671/14570, actively running or decoding instructions: 4, waiting windows: 41/17375. Max active instruction index: 3105
2024-11-18 22:33:54 | Simulation update: decoder round 86221, completed instructions: 2720/14570, actively running or decoding instructions: 4, waiting windows: 39/17721. Max active instruction index: 3127
2024-11-18 22:34:04 | Simulation update: decoder round 87405, completed instructions: 2780/14570, actively running or decoding instructions: 3, waiting windows: 37/18036. Max active instruction index: 3165
2024-11-18 22:34:14 | Simulation update: decoder round 88588, completed instructions: 2853/14570, actively running or decoding instructions: 2, waiting windows: 41/18400. Max active instruction index: 2091
2024-11-18 22:34:24 | Simulation update: decoder round 89760, completed instructions: 2877/14570, actively running or decoding instructions: 3, waiting windows: 41/18717. Max active instruction index: 2157
2024-11-18 22:34:34 | Simulation update: decoder round 90948, completed instructions: 2899/14570, actively running or decoding instructions: 3, waiting windows: 41/19033. Max active instruction index: 2197
2024-11-18 22:34:44 | Simulation update: decoder round 92142, completed instructions: 2925/14570, actively running or decoding instructions: 2, waiting windows: 35/19361. Max active instruction index: 2261
2024-11-18 22:34:54 | Simulation update: decoder round 93347, completed instructions: 2948/14570, actively running or decoding instructions: 2, waiting windows: 33/19669. Max active instruction index: 2315
2024-11-18 22:35:04 | Simulation update: decoder round 94547, completed instructions: 2975/14570, actively running or decoding instructions: 4, waiting windows: 36/20000. Max active instruction index: 2380
2024-11-18 22:35:14 | Simulation update: decoder round 95760, completed instructions: 3001/14570, actively running or decoding instructions: 3, waiting windows: 46/20330. Max active instruction index: 2457
2024-11-18 22:35:24 | Simulation update: decoder round 96974, completed instructions: 3025/14570, actively running or decoding instructions: 2, waiting windows: 40/20680. Max active instruction index: 2500
2024-11-18 22:35:34 | Simulation update: decoder round 98198, completed instructions: 3054/14570, actively running or decoding instructions: 4, waiting windows: 33/21026. Max active instruction index: 2579
2024-11-18 22:35:44 | Simulation update: decoder round 99418, completed instructions: 3081/14570, actively running or decoding instructions: 2, waiting windows: 43/21355. Max active instruction index: 2633
2024-11-18 22:35:54 | Simulation update: decoder round 100638, completed instructions: 3109/14570, actively running or decoding instructions: 4, waiting windows: 34/21679. Max active instruction index: 2697
2024-11-18 22:36:04 | Simulation update: decoder round 101874, completed instructions: 3130/14570, actively running or decoding instructions: 4, waiting windows: 38/22017. Max active instruction index: 2748
2024-11-18 22:36:14 | Simulation update: decoder round 103121, completed instructions: 3158/14570, actively running or decoding instructions: 2, waiting windows: 40/22379. Max active instruction index: 2819
2024-11-18 22:36:24 | Simulation update: decoder round 104377, completed instructions: 3189/14570, actively running or decoding instructions: 4, waiting windows: 30/22720. Max active instruction index: 2901
2024-11-18 22:36:34 | Simulation update: decoder round 105646, completed instructions: 3216/14570, actively running or decoding instructions: 4, waiting windows: 33/23072. Max active instruction index: 2973
2024-11-18 22:36:44 | Simulation update: decoder round 106443, completed instructions: 3326/14570, actively running or decoding instructions: 7, waiting windows: 47/23360. Max active instruction index: 3355
2024-11-18 22:36:54 | Simulation update: decoder round 107199, completed instructions: 3382/14570, actively running or decoding instructions: 7, waiting windows: 42/23597. Max active instruction index: 3421
2024-11-18 22:37:04 | Simulation update: decoder round 107957, completed instructions: 3442/14570, actively running or decoding instructions: 7, waiting windows: 46/23833. Max active instruction index: 3469
2024-11-18 22:37:14 | Simulation update: decoder round 108718, completed instructions: 3505/14570, actively running or decoding instructions: 6, waiting windows: 34/24068. Max active instruction index: 3538
2024-11-18 22:37:24 | Simulation update: decoder round 109490, completed instructions: 3568/14570, actively running or decoding instructions: 5, waiting windows: 46/24308. Max active instruction index: 3605
2024-11-18 22:37:34 | Simulation update: decoder round 110267, completed instructions: 3635/14570, actively running or decoding instructions: 8, waiting windows: 46/24557. Max active instruction index: 3673
2024-11-18 22:37:44 | Simulation update: decoder round 111051, completed instructions: 3698/14570, actively running or decoding instructions: 6, waiting windows: 48/24796. Max active instruction index: 3738
2024-11-18 22:37:54 | Simulation update: decoder round 111835, completed instructions: 3766/14570, actively running or decoding instructions: 5, waiting windows: 44/25087. Max active instruction index: 3828
2024-11-18 22:38:04 | Simulation update: decoder round 112629, completed instructions: 3833/14570, actively running or decoding instructions: 8, waiting windows: 43/25341. Max active instruction index: 3903
2024-11-18 22:38:14 | Simulation update: decoder round 113433, completed instructions: 3901/14570, actively running or decoding instructions: 5, waiting windows: 48/25601. Max active instruction index: 3972
2024-11-18 22:38:24 | Simulation update: decoder round 114240, completed instructions: 3972/14570, actively running or decoding instructions: 5, waiting windows: 54/25857. Max active instruction index: 4020
2024-11-18 22:38:34 | Simulation update: decoder round 115062, completed instructions: 4034/14570, actively running or decoding instructions: 10, waiting windows: 38/26083. Max active instruction index: 4087
2024-11-18 22:38:44 | Simulation update: decoder round 115882, completed instructions: 4098/14570, actively running or decoding instructions: 5, waiting windows: 39/26364. Max active instruction index: 4125
2024-11-18 22:38:54 | Simulation update: decoder round 116713, completed instructions: 4176/14570, actively running or decoding instructions: 4, waiting windows: 47/26647. Max active instruction index: 4215
2024-11-18 22:39:04 | Simulation update: decoder round 117550, completed instructions: 4236/14570, actively running or decoding instructions: 6, waiting windows: 51/26925. Max active instruction index: 4292
2024-11-18 22:39:14 | Simulation update: decoder round 118398, completed instructions: 4300/14570, actively running or decoding instructions: 5, waiting windows: 48/27208. Max active instruction index: 4359
2024-11-18 22:39:24 | Simulation update: decoder round 119252, completed instructions: 4376/14570, actively running or decoding instructions: 5, waiting windows: 49/27493. Max active instruction index: 4421
2024-11-18 22:39:34 | Simulation update: decoder round 120116, completed instructions: 4439/14570, actively running or decoding instructions: 5, waiting windows: 42/27786. Max active instruction index: 4461
2024-11-18 22:39:44 | Simulation update: decoder round 120988, completed instructions: 4510/14570, actively running or decoding instructions: 4, waiting windows: 55/28080. Max active instruction index: 4528
2024-11-18 22:39:54 | Simulation update: decoder round 121870, completed instructions: 4580/14570, actively running or decoding instructions: 4, waiting windows: 37/28379. Max active instruction index: 4594
2024-11-18 22:40:04 | Simulation update: decoder round 122760, completed instructions: 4652/14570, actively running or decoding instructions: 5, waiting windows: 57/28675. Max active instruction index: 4669
2024-11-18 22:40:14 | Simulation update: decoder round 123658, completed instructions: 4722/14570, actively running or decoding instructions: 4, waiting windows: 39/28981. Max active instruction index: 4728
2024-11-18 22:40:24 | Simulation update: decoder round 124567, completed instructions: 4804/14570, actively running or decoding instructions: 6, waiting windows: 46/29286. Max active instruction index: 4795
2024-11-18 22:40:34 | Simulation update: decoder round 125481, completed instructions: 4886/14570, actively running or decoding instructions: 5, waiting windows: 51/29584. Max active instruction index: 4879
2024-11-18 22:40:44 | Simulation update: decoder round 126409, completed instructions: 4962/14570, actively running or decoding instructions: 4, waiting windows: 54/29910. Max active instruction index: 4966
2024-11-18 22:40:54 | Simulation update: decoder round 127342, completed instructions: 5021/14570, actively running or decoding instructions: 5, waiting windows: 51/30231. Max active instruction index: 5026
2024-11-18 22:41:04 | Simulation update: decoder round 128288, completed instructions: 5106/14570, actively running or decoding instructions: 6, waiting windows: 53/30540. Max active instruction index: 5107
2024-11-18 22:41:14 | Simulation update: decoder round 129227, completed instructions: 5175/14570, actively running or decoding instructions: 7, waiting windows: 47/30859. Max active instruction index: 5187
2024-11-18 22:41:24 | Simulation update: decoder round 130180, completed instructions: 5268/14570, actively running or decoding instructions: 8, waiting windows: 49/31168. Max active instruction index: 5263
2024-11-18 22:41:34 | Simulation update: decoder round 131143, completed instructions: 5338/14570, actively running or decoding instructions: 8, waiting windows: 39/31461. Max active instruction index: 5339
2024-11-18 22:41:44 | Simulation update: decoder round 132119, completed instructions: 5416/14570, actively running or decoding instructions: 7, waiting windows: 45/31809. Max active instruction index: 5439
2024-11-18 22:41:54 | Simulation update: decoder round 133113, completed instructions: 5489/14570, actively running or decoding instructions: 3, waiting windows: 38/32098. Max active instruction index: 5503
2024-11-18 22:42:04 | Simulation update: decoder round 134122, completed instructions: 5549/14570, actively running or decoding instructions: 5, waiting windows: 40/32369. Max active instruction index: 5547
2024-11-18 22:42:14 | Simulation update: decoder round 135143, completed instructions: 5565/14570, actively running or decoding instructions: 2, waiting windows: 34/32615. Max active instruction index: 5564
2024-11-18 22:42:24 | Simulation update: decoder round 136171, completed instructions: 5591/14570, actively running or decoding instructions: 3, waiting windows: 37/32851. Max active instruction index: 5586
2024-11-18 22:42:34 | Simulation update: decoder round 137200, completed instructions: 5607/14570, actively running or decoding instructions: 2, waiting windows: 33/33082. Max active instruction index: 5602
2024-11-18 22:42:44 | Simulation update: decoder round 138220, completed instructions: 5628/14570, actively running or decoding instructions: 2, waiting windows: 32/33331. Max active instruction index: 5623
2024-11-18 22:42:54 | Simulation update: decoder round 139252, completed instructions: 5649/14570, actively running or decoding instructions: 3, waiting windows: 35/33580. Max active instruction index: 5644
2024-11-18 22:43:04 | Simulation update: decoder round 140282, completed instructions: 5678/14570, actively running or decoding instructions: 9, waiting windows: 35/33823. Max active instruction index: 5680
2024-11-18 22:43:14 | Simulation update: decoder round 141306, completed instructions: 5704/14570, actively running or decoding instructions: 3, waiting windows: 42/34110. Max active instruction index: 5700
2024-11-18 22:43:24 | Simulation update: decoder round 142337, completed instructions: 5723/14570, actively running or decoding instructions: 3, waiting windows: 36/34403. Max active instruction index: 5716
2024-11-18 22:43:34 | Simulation update: decoder round 143368, completed instructions: 5745/14570, actively running or decoding instructions: 4, waiting windows: 43/34688. Max active instruction index: 5742
2024-11-18 22:43:44 | Simulation update: decoder round 144410, completed instructions: 5763/14570, actively running or decoding instructions: 2, waiting windows: 47/34978. Max active instruction index: 5758
2024-11-18 22:43:54 | Simulation update: decoder round 145455, completed instructions: 5784/14570, actively running or decoding instructions: 3, waiting windows: 36/35253. Max active instruction index: 5782
2024-11-18 22:44:04 | Simulation update: decoder round 146510, completed instructions: 5808/14570, actively running or decoding instructions: 3, waiting windows: 42/35550. Max active instruction index: 5800
2024-11-18 22:44:14 | Simulation update: decoder round 147557, completed instructions: 5831/14570, actively running or decoding instructions: 2, waiting windows: 44/35852. Max active instruction index: 5823
2024-11-18 22:44:24 | Simulation update: decoder round 148622, completed instructions: 5857/14570, actively running or decoding instructions: 3, waiting windows: 41/36160. Max active instruction index: 5850
2024-11-18 22:44:34 | Simulation update: decoder round 149697, completed instructions: 5874/14570, actively running or decoding instructions: 3, waiting windows: 39/36457. Max active instruction index: 5866
2024-11-18 22:44:44 | Simulation update: decoder round 150776, completed instructions: 5890/14570, actively running or decoding instructions: 2, waiting windows: 41/36754. Max active instruction index: 5882
2024-11-18 22:44:54 | Simulation update: decoder round 151842, completed instructions: 5910/14570, actively running or decoding instructions: 2, waiting windows: 36/37060. Max active instruction index: 5903
2024-11-18 22:45:04 | Simulation update: decoder round 152921, completed instructions: 5935/14570, actively running or decoding instructions: 4, waiting windows: 38/37339. Max active instruction index: 5927
2024-11-18 22:45:14 | Simulation update: decoder round 154005, completed instructions: 5958/14570, actively running or decoding instructions: 2, waiting windows: 43/37652. Max active instruction index: 5950
2024-11-18 22:45:24 | Simulation update: decoder round 155091, completed instructions: 5981/14570, actively running or decoding instructions: 3, waiting windows: 40/37940. Max active instruction index: 5973
2024-11-18 22:45:34 | Simulation update: decoder round 156180, completed instructions: 6003/14570, actively running or decoding instructions: 2, waiting windows: 37/38243. Max active instruction index: 5995
2024-11-18 22:45:44 | Simulation update: decoder round 157281, completed instructions: 6025/14570, actively running or decoding instructions: 2, waiting windows: 43/38552. Max active instruction index: 6017
2024-11-18 22:45:54 | Simulation update: decoder round 158389, completed instructions: 6041/14570, actively running or decoding instructions: 3, waiting windows: 41/38856. Max active instruction index: 6033
2024-11-18 22:46:04 | Simulation update: decoder round 159489, completed instructions: 6067/14570, actively running or decoding instructions: 2, waiting windows: 42/39164. Max active instruction index: 6060
2024-11-18 22:46:14 | Simulation update: decoder round 160601, completed instructions: 6090/14570, actively running or decoding instructions: 4, waiting windows: 37/39448. Max active instruction index: 6083
2024-11-18 22:46:24 | Simulation update: decoder round 161715, completed instructions: 6115/14570, actively running or decoding instructions: 4, waiting windows: 35/39749. Max active instruction index: 6107
2024-11-18 22:46:34 | Simulation update: decoder round 162838, completed instructions: 6141/14570, actively running or decoding instructions: 3, waiting windows: 41/40075. Max active instruction index: 6138
2024-11-18 22:46:44 | Simulation update: decoder round 163952, completed instructions: 6165/14570, actively running or decoding instructions: 2, waiting windows: 40/40394. Max active instruction index: 6157
2024-11-18 22:46:54 | Simulation update: decoder round 165090, completed instructions: 6187/14570, actively running or decoding instructions: 2, waiting windows: 31/40715. Max active instruction index: 6180
2024-11-18 22:47:04 | Simulation update: decoder round 166236, completed instructions: 6210/14570, actively running or decoding instructions: 2, waiting windows: 41/41027. Max active instruction index: 6202
2024-11-18 22:47:14 | Simulation update: decoder round 167289, completed instructions: 6232/14570, actively running or decoding instructions: 2, waiting windows: 38/41318. Max active instruction index: 6224
2024-11-18 22:47:24 | Simulation update: decoder round 168437, completed instructions: 6255/14570, actively running or decoding instructions: 4, waiting windows: 32/41633. Max active instruction index: 6251
2024-11-18 22:47:34 | Simulation update: decoder round 169592, completed instructions: 6282/14570, actively running or decoding instructions: 2, waiting windows: 40/41965. Max active instruction index: 6274
2024-11-18 22:47:44 | Simulation update: decoder round 170751, completed instructions: 6303/14570, actively running or decoding instructions: 4, waiting windows: 34/42284. Max active instruction index: 6300
2024-11-18 22:47:54 | Simulation update: decoder round 171913, completed instructions: 6335/14570, actively running or decoding instructions: 3, waiting windows: 39/42591. Max active instruction index: 6331
2024-11-18 22:48:04 | Simulation update: decoder round 173088, completed instructions: 6366/14570, actively running or decoding instructions: 3, waiting windows: 40/42929. Max active instruction index: 6358
2024-11-18 22:48:14 | Simulation update: decoder round 174273, completed instructions: 6388/14570, actively running or decoding instructions: 2, waiting windows: 39/43253. Max active instruction index: 6380
2024-11-18 22:48:24 | Simulation update: decoder round 175460, completed instructions: 6423/14570, actively running or decoding instructions: 6, waiting windows: 44/43590. Max active instruction index: 6965
2024-11-18 22:48:34 | Simulation update: decoder round 176632, completed instructions: 6481/14570, actively running or decoding instructions: 5, waiting windows: 47/43974. Max active instruction index: 7011
2024-11-18 22:48:44 | Simulation update: decoder round 177831, completed instructions: 6539/14570, actively running or decoding instructions: 4, waiting windows: 44/44357. Max active instruction index: 7065
2024-11-18 22:48:54 | Simulation update: decoder round 179032, completed instructions: 6602/14570, actively running or decoding instructions: 5, waiting windows: 47/44761. Max active instruction index: 7126
2024-11-18 22:49:04 | Simulation update: decoder round 180246, completed instructions: 6653/14570, actively running or decoding instructions: 4, waiting windows: 44/45130. Max active instruction index: 7176
2024-11-18 22:49:14 | Simulation update: decoder round 181456, completed instructions: 6706/14570, actively running or decoding instructions: 5, waiting windows: 37/45503. Max active instruction index: 7228
2024-11-18 22:49:24 | Simulation update: decoder round 182686, completed instructions: 6765/14570, actively running or decoding instructions: 4, waiting windows: 47/45910. Max active instruction index: 7281
2024-11-18 22:49:34 | Simulation update: decoder round 183914, completed instructions: 6830/14570, actively running or decoding instructions: 3, waiting windows: 52/46300. Max active instruction index: 7347
2024-11-18 22:49:44 | Simulation update: decoder round 185172, completed instructions: 6894/14570, actively running or decoding instructions: 7, waiting windows: 48/46704. Max active instruction index: 7409
2024-11-18 22:49:54 | Simulation update: decoder round 186453, completed instructions: 6957/14570, actively running or decoding instructions: 3, waiting windows: 50/47117. Max active instruction index: 7479
2024-11-18 22:50:04 | Simulation update: decoder round 187746, completed instructions: 7016/14570, actively running or decoding instructions: 4, waiting windows: 44/47538. Max active instruction index: 7524
2024-11-18 22:50:14 | Simulation update: decoder round 189054, completed instructions: 7080/14570, actively running or decoding instructions: 3, waiting windows: 45/47976. Max active instruction index: 7586
2024-11-18 22:50:24 | Simulation update: decoder round 190378, completed instructions: 7151/14570, actively running or decoding instructions: 4, waiting windows: 53/48426. Max active instruction index: 7668
2024-11-18 22:50:34 | Simulation update: decoder round 191716, completed instructions: 7208/14570, actively running or decoding instructions: 5, waiting windows: 41/48876. Max active instruction index: 7714
2024-11-18 22:50:44 | Simulation update: decoder round 193073, completed instructions: 7277/14570, actively running or decoding instructions: 4, waiting windows: 44/49327. Max active instruction index: 7788
2024-11-18 22:50:54 | Simulation update: decoder round 194448, completed instructions: 7349/14570, actively running or decoding instructions: 6, waiting windows: 49/49766. Max active instruction index: 7849
2024-11-18 22:51:04 | Simulation update: decoder round 195836, completed instructions: 7414/14570, actively running or decoding instructions: 4, waiting windows: 55/50233. Max active instruction index: 7913
2024-11-18 22:51:14 | Simulation update: decoder round 197239, completed instructions: 7473/14570, actively running or decoding instructions: 3, waiting windows: 49/50692. Max active instruction index: 7967
2024-11-18 22:51:24 | Simulation update: decoder round 198664, completed instructions: 7540/14570, actively running or decoding instructions: 5, waiting windows: 41/51150. Max active instruction index: 8027
2024-11-18 22:51:34 | Simulation update: decoder round 200112, completed instructions: 7616/14570, actively running or decoding instructions: 4, waiting windows: 51/51631. Max active instruction index: 8113
2024-11-18 22:51:44 | Simulation update: decoder round 201582, completed instructions: 7695/14570, actively running or decoding instructions: 4, waiting windows: 51/52089. Max active instruction index: 8175
2024-11-18 22:51:54 | Simulation update: decoder round 203062, completed instructions: 7774/14570, actively running or decoding instructions: 4, waiting windows: 46/52579. Max active instruction index: 8259
2024-11-18 22:52:04 | Simulation update: decoder round 204583, completed instructions: 7846/14570, actively running or decoding instructions: 4, waiting windows: 52/53075. Max active instruction index: 8339
2024-11-18 22:52:14 | Simulation update: decoder round 206119, completed instructions: 7933/14570, actively running or decoding instructions: 3, waiting windows: 52/53586. Max active instruction index: 8415
2024-11-18 22:52:24 | Simulation update: decoder round 207686, completed instructions: 8006/14570, actively running or decoding instructions: 6, waiting windows: 44/54078. Max active instruction index: 8483
2024-11-18 22:52:34 | Simulation update: decoder round 209274, completed instructions: 8075/14570, actively running or decoding instructions: 5, waiting windows: 33/54584. Max active instruction index: 8559
2024-11-18 22:52:44 | Simulation update: decoder round 210885, completed instructions: 8166/14570, actively running or decoding instructions: 4, waiting windows: 48/55139. Max active instruction index: 8668
2024-11-18 22:52:54 | Simulation update: decoder round 212527, completed instructions: 8239/14570, actively running or decoding instructions: 5, waiting windows: 46/55643. Max active instruction index: 8738
2024-11-18 22:53:04 | Simulation update: decoder round 214193, completed instructions: 8309/14570, actively running or decoding instructions: 4, waiting windows: 50/56198. Max active instruction index: 8810
2024-11-18 22:53:14 | Simulation update: decoder round 215887, completed instructions: 8387/14570, actively running or decoding instructions: 5, waiting windows: 46/56721. Max active instruction index: 8892
2024-11-18 22:53:24 | Simulation update: decoder round 217612, completed instructions: 8463/14570, actively running or decoding instructions: 4, waiting windows: 43/57261. Max active instruction index: 8966
2024-11-18 22:53:34 | Simulation update: decoder round 219361, completed instructions: 8542/14570, actively running or decoding instructions: 5, waiting windows: 46/57789. Max active instruction index: 9045
2024-11-18 22:53:44 | Simulation update: decoder round 221151, completed instructions: 8622/14570, actively running or decoding instructions: 5, waiting windows: 40/58336. Max active instruction index: 9124
2024-11-18 22:53:54 | Simulation update: decoder round 222960, completed instructions: 8688/14570, actively running or decoding instructions: 3, waiting windows: 47/58903. Max active instruction index: 9193
2024-11-18 22:54:04 | Simulation update: decoder round 224798, completed instructions: 8776/14570, actively running or decoding instructions: 3, waiting windows: 43/59481. Max active instruction index: 9282
2024-11-18 22:54:14 | Simulation update: decoder round 226680, completed instructions: 8854/14570, actively running or decoding instructions: 6, waiting windows: 38/60042. Max active instruction index: 9364
2024-11-18 22:54:24 | Simulation update: decoder round 228599, completed instructions: 8930/14570, actively running or decoding instructions: 3, waiting windows: 45/60649. Max active instruction index: 9434
2024-11-18 22:54:34 | Simulation update: decoder round 230542, completed instructions: 9011/14570, actively running or decoding instructions: 4, waiting windows: 44/61260. Max active instruction index: 9587
2024-11-18 22:54:44 | Simulation update: decoder round 232510, completed instructions: 9087/14570, actively running or decoding instructions: 4, waiting windows: 42/61906. Max active instruction index: 9735
2024-11-18 22:54:54 | Simulation update: decoder round 234523, completed instructions: 9173/14570, actively running or decoding instructions: 5, waiting windows: 45/62563. Max active instruction index: 9891
2024-11-18 22:55:04 | Simulation update: decoder round 236564, completed instructions: 9269/14570, actively running or decoding instructions: 5, waiting windows: 46/63227. Max active instruction index: 10053
2024-11-18 22:55:14 | Simulation update: decoder round 238664, completed instructions: 9349/14570, actively running or decoding instructions: 4, waiting windows: 44/63908. Max active instruction index: 10198
2024-11-18 22:55:24 | Simulation update: decoder round 240803, completed instructions: 9437/14570, actively running or decoding instructions: 5, waiting windows: 43/64622. Max active instruction index: 10373
2024-11-18 22:55:34 | Simulation update: decoder round 243007, completed instructions: 9532/14570, actively running or decoding instructions: 4, waiting windows: 47/65308. Max active instruction index: 10560
2024-11-18 22:55:44 | Simulation update: decoder round 245274, completed instructions: 9588/14570, actively running or decoding instructions: 2, waiting windows: 36/65961. Max active instruction index: 9091
2024-11-18 22:55:54 | Simulation update: decoder round 247598, completed instructions: 9642/14570, actively running or decoding instructions: 3, waiting windows: 42/66571. Max active instruction index: 9209
2024-11-18 22:56:04 | Simulation update: decoder round 249936, completed instructions: 9695/14570, actively running or decoding instructions: 2, waiting windows: 42/67226. Max active instruction index: 9304
2024-11-18 22:56:14 | Simulation update: decoder round 252308, completed instructions: 9755/14570, actively running or decoding instructions: 4, waiting windows: 38/67887. Max active instruction index: 9425
2024-11-18 22:56:24 | Simulation update: decoder round 254780, completed instructions: 9891/14570, actively running or decoding instructions: 5, waiting windows: 45/68503. Max active instruction index: 9609
2024-11-18 22:56:34 | Simulation update: decoder round 257341, completed instructions: 10031/14570, actively running or decoding instructions: 8, waiting windows: 34/69162. Max active instruction index: 9815
2024-11-18 22:56:45 | Simulation update: decoder round 260038, completed instructions: 10189/14570, actively running or decoding instructions: 6, waiting windows: 35/69862. Max active instruction index: 10026
2024-11-18 22:56:55 | Simulation update: decoder round 262872, completed instructions: 10324/14570, actively running or decoding instructions: 5, waiting windows: 36/70578. Max active instruction index: 10216
2024-11-18 22:57:05 | Simulation update: decoder round 265832, completed instructions: 10489/14570, actively running or decoding instructions: 3, waiting windows: 42/71370. Max active instruction index: 10433
2024-11-18 22:57:15 | Simulation update: decoder round 268988, completed instructions: 10684/14570, actively running or decoding instructions: 7, waiting windows: 32/72212. Max active instruction index: 10696
2024-11-18 22:57:25 | Simulation update: decoder round 272397, completed instructions: 10889/14570, actively running or decoding instructions: 5, waiting windows: 40/73101. Max active instruction index: 10881
2024-11-18 22:57:35 | Simulation update: decoder round 275732, completed instructions: 11058/14570, actively running or decoding instructions: 5, waiting windows: 39/73948. Max active instruction index: 11058
2024-11-18 22:57:45 | Simulation update: decoder round 279706, completed instructions: 11274/14570, actively running or decoding instructions: 6, waiting windows: 43/74968. Max active instruction index: 11277
2024-11-18 22:57:55 | Simulation update: decoder round 284122, completed instructions: 11384/14570, actively running or decoding instructions: 3, waiting windows: 33/75980. Max active instruction index: 11374
2024-11-18 22:58:05 | Simulation update: decoder round 288797, completed instructions: 11475/14570, actively running or decoding instructions: 2, waiting windows: 29/77061. Max active instruction index: 11466
2024-11-18 22:58:15 | Simulation update: decoder round 293744, completed instructions: 11581/14570, actively running or decoding instructions: 4, waiting windows: 29/78178. Max active instruction index: 11572
2024-11-18 22:58:25 | Simulation update: decoder round 298988, completed instructions: 11688/14570, actively running or decoding instructions: 3, waiting windows: 35/79362. Max active instruction index: 11678
2024-11-18 22:58:35 | Simulation update: decoder round 304616, completed instructions: 11810/14570, actively running or decoding instructions: 3, waiting windows: 34/80630. Max active instruction index: 11801
2024-11-18 22:58:45 | Simulation update: decoder round 310878, completed instructions: 12148/14570, actively running or decoding instructions: 4, waiting windows: 33/82108. Max active instruction index: 12173
2024-11-18 22:58:55 | Simulation update: decoder round 318359, completed instructions: 12552/14570, actively running or decoding instructions: 6, waiting windows: 35/83947. Max active instruction index: 12563
2024-11-18 22:59:05 | Simulation update: decoder round 328577, completed instructions: 13103/14570, actively running or decoding instructions: 6, waiting windows: 36/86381. Max active instruction index: 13097
2024-11-18 22:59:15 | Simulation update: decoder round 371541, completed instructions: 14433/14570, actively running or decoding instructions: 3, waiting windows: 18/91343. Max active instruction index: 14424
2024-11-18 22:59:15 | Finished simulation
2024-11-18 22:59:17 | Finished saving output. Done! Total elapsed time: 0:59:32.655612
