CONFIG 1348
benchmark_file: slurm/data/20241118_215925/benchmarks/rz_seq_10.lss
decoder_latency_or_dist_filename: slurm/data/20241118_215925/decoder_dists.json
distance: 21
lightweight_setting: 2
max_parallel_processes: None
missed_speculation_modifier: 1.4
poison_policy: successors
rng: 3
scheduling_method: aligned
speculation_accuracy: 0.9
speculation_latency: 1
speculation_mode: None
2024-11-18 22:32:08 | Loading benchmark slurm/data/20241118_215925/benchmarks/rz_seq_10.lss...
2024-11-18 22:32:09 | Starting simulation
2024-11-18 22:32:09 | Simulation update: decoder round 1, completed instructions: 0/5486, actively running or decoding instructions: 1, waiting windows: 0/0. Max active instruction index: 1
2024-11-18 22:32:19 | Simulation update: decoder round 69621, completed instructions: 833/5486, actively running or decoding instructions: 3, waiting windows: 2755/6046. Max active instruction index: 833
2024-11-18 22:32:29 | Simulation update: decoder round 141010, completed instructions: 1677/5486, actively running or decoding instructions: 3, waiting windows: 5477/12059. Max active instruction index: 1673
2024-11-18 22:32:39 | Simulation update: decoder round 210317, completed instructions: 2530/5486, actively running or decoding instructions: 3, waiting windows: 8219/18131. Max active instruction index: 2526
2024-11-18 22:32:49 | Simulation update: decoder round 281019, completed instructions: 3399/5486, actively running or decoding instructions: 3, waiting windows: 10949/24176. Max active instruction index: 3395
2024-11-18 22:32:59 | Simulation update: decoder round 350400, completed instructions: 4253/5486, actively running or decoding instructions: 3, waiting windows: 13660/30197. Max active instruction index: 4249
2024-11-18 22:33:09 | Simulation update: decoder round 420583, completed instructions: 5096/5486, actively running or decoding instructions: 3, waiting windows: 16429/36316. Max active instruction index: 5093
2024-11-18 22:33:14 | Finished simulation
2024-11-18 22:33:14 | Finished saving output. Done! Total elapsed time: 0:01:06.249412
