CONFIG 1382
benchmark_file: slurm/data/20241118_215925/benchmarks/rz_seq_10.lss
decoder_latency_or_dist_filename: slurm/data/20241118_215925/decoder_dists.json
distance: 21
lightweight_setting: 2
max_parallel_processes: None
missed_speculation_modifier: 1.4
poison_policy: successors
rng: 5
scheduling_method: aligned
speculation_accuracy: 0.9
speculation_latency: 1
speculation_mode: None
2024-11-18 22:32:09 | Loading benchmark slurm/data/20241118_215925/benchmarks/rz_seq_10.lss...
2024-11-18 22:32:09 | Starting simulation
2024-11-18 22:32:10 | Simulation update: decoder round 1, completed instructions: 0/5486, actively running or decoding instructions: 1, waiting windows: 0/0. Max active instruction index: 1
2024-11-18 22:32:20 | Simulation update: decoder round 69450, completed instructions: 854/5486, actively running or decoding instructions: 3, waiting windows: 2738/6016. Max active instruction index: 850
2024-11-18 22:32:30 | Simulation update: decoder round 138669, completed instructions: 1704/5486, actively running or decoding instructions: 2, waiting windows: 5497/12124. Max active instruction index: 1700
2024-11-18 22:32:40 | Simulation update: decoder round 208377, completed instructions: 2557/5486, actively running or decoding instructions: 3, waiting windows: 8190/18096. Max active instruction index: 2554
2024-11-18 22:32:50 | Simulation update: decoder round 278143, completed instructions: 3425/5486, actively running or decoding instructions: 3, waiting windows: 10929/24156. Max active instruction index: 3421
2024-11-18 22:33:00 | Simulation update: decoder round 346679, completed instructions: 4269/5486, actively running or decoding instructions: 3, waiting windows: 13651/30189. Max active instruction index: 4266
2024-11-18 22:33:10 | Simulation update: decoder round 416652, completed instructions: 5117/5486, actively running or decoding instructions: 2, waiting windows: 16382/36232. Max active instruction index: 5114
2024-11-18 22:33:14 | Finished simulation
2024-11-18 22:33:15 | Finished saving output. Done! Total elapsed time: 0:01:06.163106
