CONFIG 1416
benchmark_file: slurm/data/20241118_215925/benchmarks/rz_seq_10.lss
decoder_latency_or_dist_filename: slurm/data/20241118_215925/decoder_dists.json
distance: 21
lightweight_setting: 2
max_parallel_processes: None
missed_speculation_modifier: 1.4
poison_policy: successors
rng: 7
scheduling_method: aligned
speculation_accuracy: 0.9
speculation_latency: 1
speculation_mode: None
2024-11-18 22:32:10 | Loading benchmark slurm/data/20241118_215925/benchmarks/rz_seq_10.lss...
2024-11-18 22:32:10 | Starting simulation
2024-11-18 22:32:11 | Simulation update: decoder round 1, completed instructions: 0/5486, actively running or decoding instructions: 1, waiting windows: 0/0. Max active instruction index: 1
2024-11-18 22:32:21 | Simulation update: decoder round 70128, completed instructions: 860/5486, actively running or decoding instructions: 4, waiting windows: 2723/5994. Max active instruction index: 856
2024-11-18 22:32:31 | Simulation update: decoder round 140625, completed instructions: 1720/5486, actively running or decoding instructions: 3, waiting windows: 5462/12048. Max active instruction index: 1717
2024-11-18 22:32:41 | Simulation update: decoder round 210806, completed instructions: 2581/5486, actively running or decoding instructions: 3, waiting windows: 8155/18021. Max active instruction index: 2577
2024-11-18 22:32:51 | Simulation update: decoder round 280474, completed instructions: 3431/5486, actively running or decoding instructions: 4, waiting windows: 10927/24151. Max active instruction index: 3427
2024-11-18 22:33:01 | Simulation update: decoder round 349117, completed instructions: 4275/5486, actively running or decoding instructions: 4, waiting windows: 13667/30230. Max active instruction index: 4272
2024-11-18 22:33:11 | Simulation update: decoder round 419412, completed instructions: 5152/5486, actively running or decoding instructions: 4, waiting windows: 16412/36307. Max active instruction index: 5148
2024-11-18 22:33:14 | Finished simulation
2024-11-18 22:33:15 | Finished saving output. Done! Total elapsed time: 0:01:05.350642
