CONFIG 159
benchmark_file: slurm/data/20241118_215925/benchmarks/qpeexact_5.lss
decoder_latency_or_dist_filename: slurm/data/20241118_215925/decoder_dists.json
distance: 21
lightweight_setting: 2
max_parallel_processes: predict
missed_speculation_modifier: 1.4
poison_policy: successors
rng: 3
scheduling_method: sliding
speculation_accuracy: 0.9
speculation_latency: 1
speculation_mode: separate
2024-11-18 21:59:41 | Loading benchmark slurm/data/20241118_215925/benchmarks/qpeexact_5.lss...
2024-11-18 21:59:42 | Starting simulation
PREDICTION STEP BEGIN---------------------------------
Predicted max parallel processes: 60

PREDICTION STEP END-----------------------------------

2024-11-18 22:30:25 | Simulation update: decoder round 1, completed instructions: 0/14570, actively running or decoding instructions: 1, waiting windows: 0/0. Max active instruction index: 0
2024-11-18 22:30:35 | Simulation update: decoder round 6519, completed instructions: 137/14570, actively running or decoding instructions: 2, waiting windows: 7/586. Max active instruction index: 137
2024-11-18 22:30:45 | Simulation update: decoder round 14049, completed instructions: 301/14570, actively running or decoding instructions: 3, waiting windows: 16/1218. Max active instruction index: 297
2024-11-18 22:30:55 | Simulation update: decoder round 23035, completed instructions: 483/14570, actively running or decoding instructions: 2, waiting windows: 13/1998. Max active instruction index: 479
2024-11-18 22:31:05 | Simulation update: decoder round 33890, completed instructions: 729/14570, actively running or decoding instructions: 4, waiting windows: 29/3664. Max active instruction index: 725
2024-11-18 22:31:15 | Simulation update: decoder round 50590, completed instructions: 1073/14570, actively running or decoding instructions: 5, waiting windows: 24/6768. Max active instruction index: 1069
2024-11-18 22:31:25 | Simulation update: decoder round 53240, completed instructions: 1171/14570, actively running or decoding instructions: 4, waiting windows: 44/7372. Max active instruction index: 1711
2024-11-18 22:31:35 | Simulation update: decoder round 54093, completed instructions: 1204/14570, actively running or decoding instructions: 3, waiting windows: 47/7634. Max active instruction index: 1737
2024-11-18 22:31:45 | Simulation update: decoder round 54949, completed instructions: 1247/14570, actively running or decoding instructions: 3, waiting windows: 45/7919. Max active instruction index: 1789
2024-11-18 22:31:55 | Simulation update: decoder round 55803, completed instructions: 1294/14570, actively running or decoding instructions: 3, waiting windows: 41/8214. Max active instruction index: 1828
2024-11-18 22:32:05 | Simulation update: decoder round 56663, completed instructions: 1341/14570, actively running or decoding instructions: 6, waiting windows: 51/8504. Max active instruction index: 1894
2024-11-18 22:32:15 | Simulation update: decoder round 57530, completed instructions: 1374/14570, actively running or decoding instructions: 3, waiting windows: 45/8787. Max active instruction index: 1909
2024-11-18 22:32:25 | Simulation update: decoder round 58403, completed instructions: 1418/14570, actively running or decoding instructions: 4, waiting windows: 48/9089. Max active instruction index: 1955
2024-11-18 22:32:35 | Simulation update: decoder round 59282, completed instructions: 1456/14570, actively running or decoding instructions: 6, waiting windows: 40/9376. Max active instruction index: 1994
2024-11-18 22:32:45 | Simulation update: decoder round 60166, completed instructions: 1496/14570, actively running or decoding instructions: 5, waiting windows: 45/9672. Max active instruction index: 2033
2024-11-18 22:32:55 | Simulation update: decoder round 61061, completed instructions: 1541/14570, actively running or decoding instructions: 5, waiting windows: 48/9976. Max active instruction index: 2085
2024-11-18 22:33:05 | Simulation update: decoder round 61966, completed instructions: 1587/14570, actively running or decoding instructions: 3, waiting windows: 50/10267. Max active instruction index: 2129
2024-11-18 22:33:15 | Simulation update: decoder round 62882, completed instructions: 1637/14570, actively running or decoding instructions: 3, waiting windows: 47/10579. Max active instruction index: 2176
2024-11-18 22:33:25 | Simulation update: decoder round 63801, completed instructions: 1683/14570, actively running or decoding instructions: 4, waiting windows: 54/10902. Max active instruction index: 2225
2024-11-18 22:33:35 | Simulation update: decoder round 64726, completed instructions: 1734/14570, actively running or decoding instructions: 5, waiting windows: 52/11204. Max active instruction index: 2275
2024-11-18 22:33:45 | Simulation update: decoder round 65661, completed instructions: 1779/14570, actively running or decoding instructions: 3, waiting windows: 46/11492. Max active instruction index: 2321
2024-11-18 22:33:55 | Simulation update: decoder round 66603, completed instructions: 1824/14570, actively running or decoding instructions: 4, waiting windows: 45/11786. Max active instruction index: 2372
2024-11-18 22:34:05 | Simulation update: decoder round 67549, completed instructions: 1868/14570, actively running or decoding instructions: 4, waiting windows: 47/12110. Max active instruction index: 2405
2024-11-18 22:34:15 | Simulation update: decoder round 68498, completed instructions: 1904/14570, actively running or decoding instructions: 3, waiting windows: 51/12442. Max active instruction index: 2443
2024-11-18 22:34:25 | Simulation update: decoder round 69451, completed instructions: 1954/14570, actively running or decoding instructions: 4, waiting windows: 49/12754. Max active instruction index: 2505
2024-11-18 22:34:35 | Simulation update: decoder round 70414, completed instructions: 2002/14570, actively running or decoding instructions: 3, waiting windows: 45/13051. Max active instruction index: 2533
2024-11-18 22:34:45 | Simulation update: decoder round 71381, completed instructions: 2052/14570, actively running or decoding instructions: 3, waiting windows: 37/13367. Max active instruction index: 2585
2024-11-18 22:34:55 | Simulation update: decoder round 72361, completed instructions: 2100/14570, actively running or decoding instructions: 6, waiting windows: 43/13648. Max active instruction index: 2626
2024-11-18 22:35:05 | Simulation update: decoder round 73346, completed instructions: 2139/14570, actively running or decoding instructions: 4, waiting windows: 41/13947. Max active instruction index: 2664
2024-11-18 22:35:15 | Simulation update: decoder round 74265, completed instructions: 2180/14570, actively running or decoding instructions: 4, waiting windows: 48/14255. Max active instruction index: 2715
2024-11-18 22:35:25 | Simulation update: decoder round 75257, completed instructions: 2227/14570, actively running or decoding instructions: 3, waiting windows: 41/14588. Max active instruction index: 2753
2024-11-18 22:35:35 | Simulation update: decoder round 76255, completed instructions: 2277/14570, actively running or decoding instructions: 3, waiting windows: 42/14930. Max active instruction index: 2812
2024-11-18 22:35:45 | Simulation update: decoder round 77265, completed instructions: 2323/14570, actively running or decoding instructions: 7, waiting windows: 43/15253. Max active instruction index: 2852
2024-11-18 22:35:55 | Simulation update: decoder round 78280, completed instructions: 2371/14570, actively running or decoding instructions: 5, waiting windows: 50/15586. Max active instruction index: 2893
2024-11-18 22:36:05 | Simulation update: decoder round 79313, completed instructions: 2415/14570, actively running or decoding instructions: 3, waiting windows: 37/15857. Max active instruction index: 2933
2024-11-18 22:36:15 | Simulation update: decoder round 80348, completed instructions: 2468/14570, actively running or decoding instructions: 4, waiting windows: 45/16150. Max active instruction index: 2975
2024-11-18 22:36:25 | Simulation update: decoder round 81394, completed instructions: 2513/14570, actively running or decoding instructions: 7, waiting windows: 28/16416. Max active instruction index: 3006
2024-11-18 22:36:35 | Simulation update: decoder round 82449, completed instructions: 2572/14570, actively running or decoding instructions: 6, waiting windows: 30/16697. Max active instruction index: 3037
2024-11-18 22:36:45 | Simulation update: decoder round 83514, completed instructions: 2627/14570, actively running or decoding instructions: 4, waiting windows: 45/16994. Max active instruction index: 3067
2024-11-18 22:36:55 | Simulation update: decoder round 84591, completed instructions: 2680/14570, actively running or decoding instructions: 4, waiting windows: 40/17289. Max active instruction index: 3097
2024-11-18 22:37:05 | Simulation update: decoder round 85673, completed instructions: 2736/14570, actively running or decoding instructions: 6, waiting windows: 40/17606. Max active instruction index: 3135
2024-11-18 22:37:15 | Simulation update: decoder round 86765, completed instructions: 2790/14570, actively running or decoding instructions: 5, waiting windows: 42/17911. Max active instruction index: 3165
2024-11-18 22:37:25 | Simulation update: decoder round 87853, completed instructions: 2858/14570, actively running or decoding instructions: 4, waiting windows: 41/18247. Max active instruction index: 3212
2024-11-18 22:37:35 | Simulation update: decoder round 88944, completed instructions: 2887/14570, actively running or decoding instructions: 4, waiting windows: 36/18521. Max active instruction index: 2171
2024-11-18 22:37:45 | Simulation update: decoder round 90037, completed instructions: 2911/14570, actively running or decoding instructions: 3, waiting windows: 39/18837. Max active instruction index: 2231
2024-11-18 22:37:55 | Simulation update: decoder round 91142, completed instructions: 2938/14570, actively running or decoding instructions: 4, waiting windows: 40/19137. Max active instruction index: 2295
2024-11-18 22:38:05 | Simulation update: decoder round 92246, completed instructions: 2960/14570, actively running or decoding instructions: 2, waiting windows: 38/19438. Max active instruction index: 2341
2024-11-18 22:38:15 | Simulation update: decoder round 93354, completed instructions: 2984/14570, actively running or decoding instructions: 3, waiting windows: 41/19747. Max active instruction index: 2413
2024-11-18 22:38:25 | Simulation update: decoder round 94478, completed instructions: 3005/14570, actively running or decoding instructions: 2, waiting windows: 41/20058. Max active instruction index: 2457
2024-11-18 22:38:35 | Simulation update: decoder round 95596, completed instructions: 3031/14570, actively running or decoding instructions: 2, waiting windows: 38/20380. Max active instruction index: 2514
2024-11-18 22:38:45 | Simulation update: decoder round 96718, completed instructions: 3057/14570, actively running or decoding instructions: 3, waiting windows: 36/20702. Max active instruction index: 2579
2024-11-18 22:38:55 | Simulation update: decoder round 97849, completed instructions: 3081/14570, actively running or decoding instructions: 2, waiting windows: 41/21019. Max active instruction index: 2633
2024-11-18 22:39:05 | Simulation update: decoder round 98986, completed instructions: 3109/14570, actively running or decoding instructions: 4, waiting windows: 36/21328. Max active instruction index: 2697
2024-11-18 22:39:15 | Simulation update: decoder round 100124, completed instructions: 3130/14570, actively running or decoding instructions: 2, waiting windows: 40/21652. Max active instruction index: 2748
2024-11-18 22:39:25 | Simulation update: decoder round 101266, completed instructions: 3153/14570, actively running or decoding instructions: 3, waiting windows: 41/21980. Max active instruction index: 2807
2024-11-18 22:39:35 | Simulation update: decoder round 102425, completed instructions: 3175/14570, actively running or decoding instructions: 3, waiting windows: 33/22268. Max active instruction index: 2860
2024-11-18 22:39:45 | Simulation update: decoder round 103589, completed instructions: 3198/14570, actively running or decoding instructions: 2, waiting windows: 45/22591. Max active instruction index: 2913
2024-11-18 22:39:55 | Simulation update: decoder round 104651, completed instructions: 3273/14570, actively running or decoding instructions: 18, waiting windows: 59/22917. Max active instruction index: 3295
2024-11-18 22:40:05 | Simulation update: decoder round 105327, completed instructions: 3335/14570, actively running or decoding instructions: 6, waiting windows: 56/23172. Max active instruction index: 3397
2024-11-18 22:40:15 | Simulation update: decoder round 106009, completed instructions: 3384/14570, actively running or decoding instructions: 4, waiting windows: 48/23417. Max active instruction index: 3421
2024-11-18 22:40:25 | Simulation update: decoder round 106700, completed instructions: 3445/14570, actively running or decoding instructions: 8, waiting windows: 45/23629. Max active instruction index: 3492
2024-11-18 22:40:35 | Simulation update: decoder round 107398, completed instructions: 3497/14570, actively running or decoding instructions: 5, waiting windows: 40/23837. Max active instruction index: 3538
2024-11-18 22:40:45 | Simulation update: decoder round 108097, completed instructions: 3552/14570, actively running or decoding instructions: 5, waiting windows: 46/24067. Max active instruction index: 3605
2024-11-18 22:40:55 | Simulation update: decoder round 108803, completed instructions: 3614/14570, actively running or decoding instructions: 10, waiting windows: 48/24275. Max active instruction index: 3673
2024-11-18 22:41:05 | Simulation update: decoder round 109513, completed instructions: 3672/14570, actively running or decoding instructions: 6, waiting windows: 38/24507. Max active instruction index: 3717
2024-11-18 22:41:15 | Simulation update: decoder round 110229, completed instructions: 3734/14570, actively running or decoding instructions: 4, waiting windows: 43/24747. Max active instruction index: 3783
2024-11-18 22:41:25 | Simulation update: decoder round 110950, completed instructions: 3794/14570, actively running or decoding instructions: 5, waiting windows: 50/25002. Max active instruction index: 3858
2024-11-18 22:41:35 | Simulation update: decoder round 111674, completed instructions: 3844/14570, actively running or decoding instructions: 4, waiting windows: 48/25264. Max active instruction index: 3822
2024-11-18 22:41:45 | Simulation update: decoder round 112405, completed instructions: 3911/14570, actively running or decoding instructions: 7, waiting windows: 58/25525. Max active instruction index: 3974
2024-11-18 22:41:55 | Simulation update: decoder round 113144, completed instructions: 3981/14570, actively running or decoding instructions: 8, waiting windows: 50/25780. Max active instruction index: 4041
2024-11-18 22:42:05 | Simulation update: decoder round 113884, completed instructions: 4042/14570, actively running or decoding instructions: 6, waiting windows: 51/26049. Max active instruction index: 4110
2024-11-18 22:42:15 | Simulation update: decoder round 114637, completed instructions: 4092/14570, actively running or decoding instructions: 5, waiting windows: 33/26287. Max active instruction index: 4155
2024-11-18 22:42:25 | Simulation update: decoder round 115395, completed instructions: 4167/14570, actively running or decoding instructions: 4, waiting windows: 48/26564. Max active instruction index: 4215
2024-11-18 22:42:35 | Simulation update: decoder round 116156, completed instructions: 4230/14570, actively running or decoding instructions: 6, waiting windows: 45/26813. Max active instruction index: 4292
2024-11-18 22:42:45 | Simulation update: decoder round 116929, completed instructions: 4295/14570, actively running or decoding instructions: 5, waiting windows: 41/27093. Max active instruction index: 4361
2024-11-18 22:42:55 | Simulation update: decoder round 117710, completed instructions: 4369/14570, actively running or decoding instructions: 6, waiting windows: 55/27364. Max active instruction index: 4421
2024-11-18 22:43:05 | Simulation update: decoder round 118498, completed instructions: 4426/14570, actively running or decoding instructions: 5, waiting windows: 43/27640. Max active instruction index: 4461
2024-11-18 22:43:15 | Simulation update: decoder round 119297, completed instructions: 4489/14570, actively running or decoding instructions: 5, waiting windows: 49/27915. Max active instruction index: 4528
2024-11-18 22:43:25 | Simulation update: decoder round 120102, completed instructions: 4555/14570, actively running or decoding instructions: 6, waiting windows: 40/28201. Max active instruction index: 4615
2024-11-18 22:43:35 | Simulation update: decoder round 120914, completed instructions: 4628/14570, actively running or decoding instructions: 5, waiting windows: 50/28464. Max active instruction index: 4669
2024-11-18 22:43:45 | Simulation update: decoder round 121731, completed instructions: 4695/14570, actively running or decoding instructions: 5, waiting windows: 50/28765. Max active instruction index: 4750
2024-11-18 22:43:55 | Simulation update: decoder round 122561, completed instructions: 4767/14570, actively running or decoding instructions: 4, waiting windows: 45/29036. Max active instruction index: 4795
2024-11-18 22:44:05 | Simulation update: decoder round 123394, completed instructions: 4828/14570, actively running or decoding instructions: 6, waiting windows: 52/29311. Max active instruction index: 4842
2024-11-18 22:44:15 | Simulation update: decoder round 124231, completed instructions: 4896/14570, actively running or decoding instructions: 7, waiting windows: 49/29600. Max active instruction index: 4929
2024-11-18 22:44:25 | Simulation update: decoder round 125079, completed instructions: 4975/14570, actively running or decoding instructions: 6, waiting windows: 53/29901. Max active instruction index: 4988
2024-11-18 22:44:35 | Simulation update: decoder round 125932, completed instructions: 5030/14570, actively running or decoding instructions: 8, waiting windows: 33/30174. Max active instruction index: 5053
2024-11-18 22:44:45 | Simulation update: decoder round 126803, completed instructions: 5086/14570, actively running or decoding instructions: 6, waiting windows: 46/30458. Max active instruction index: 5122
2024-11-18 22:44:55 | Simulation update: decoder round 127679, completed instructions: 5177/14570, actively running or decoding instructions: 8, waiting windows: 39/30756. Max active instruction index: 5201
2024-11-18 22:45:05 | Simulation update: decoder round 128570, completed instructions: 5248/14570, actively running or decoding instructions: 5, waiting windows: 48/31027. Max active instruction index: 5270
2024-11-18 22:45:15 | Simulation update: decoder round 129464, completed instructions: 5324/14570, actively running or decoding instructions: 5, waiting windows: 49/31331. Max active instruction index: 5345
2024-11-18 22:45:25 | Simulation update: decoder round 130376, completed instructions: 5406/14570, actively running or decoding instructions: 9, waiting windows: 46/31650. Max active instruction index: 5445
2024-11-18 22:45:35 | Simulation update: decoder round 131302, completed instructions: 5474/14570, actively running or decoding instructions: 5, waiting windows: 41/31924. Max active instruction index: 5473
2024-11-18 22:45:45 | Simulation update: decoder round 132233, completed instructions: 5537/14570, actively running or decoding instructions: 5, waiting windows: 34/32190. Max active instruction index: 5530
2024-11-18 22:45:55 | Simulation update: decoder round 133181, completed instructions: 5559/14570, actively running or decoding instructions: 2, waiting windows: 32/32408. Max active instruction index: 5557
2024-11-18 22:46:05 | Simulation update: decoder round 134140, completed instructions: 5584/14570, actively running or decoding instructions: 3, waiting windows: 38/32636. Max active instruction index: 5580
2024-11-18 22:46:15 | Simulation update: decoder round 135098, completed instructions: 5606/14570, actively running or decoding instructions: 3, waiting windows: 32/32855. Max active instruction index: 5606
2024-11-18 22:46:25 | Simulation update: decoder round 136063, completed instructions: 5624/14570, actively running or decoding instructions: 4, waiting windows: 24/33074. Max active instruction index: 5623
2024-11-18 22:46:35 | Simulation update: decoder round 137026, completed instructions: 5644/14570, actively running or decoding instructions: 3, waiting windows: 33/33308. Max active instruction index: 5639
2024-11-18 22:46:45 | Simulation update: decoder round 137991, completed instructions: 5663/14570, actively running or decoding instructions: 2, waiting windows: 36/33542. Max active instruction index: 5659
2024-11-18 22:46:55 | Simulation update: decoder round 138956, completed instructions: 5697/14570, actively running or decoding instructions: 4, waiting windows: 40/33783. Max active instruction index: 6402
2024-11-18 22:47:05 | Simulation update: decoder round 139920, completed instructions: 5713/14570, actively running or decoding instructions: 2, waiting windows: 41/34063. Max active instruction index: 5705
2024-11-18 22:47:15 | Simulation update: decoder round 140889, completed instructions: 5730/14570, actively running or decoding instructions: 2, waiting windows: 44/34333. Max active instruction index: 5722
2024-11-18 22:47:25 | Simulation update: decoder round 141867, completed instructions: 5750/14570, actively running or decoding instructions: 2, waiting windows: 46/34617. Max active instruction index: 5743
2024-11-18 22:47:35 | Simulation update: decoder round 142846, completed instructions: 5769/14570, actively running or decoding instructions: 2, waiting windows: 39/34883. Max active instruction index: 5764
2024-11-18 22:47:45 | Simulation update: decoder round 143825, completed instructions: 5796/14570, actively running or decoding instructions: 5, waiting windows: 35/35148. Max active instruction index: 5794
2024-11-18 22:47:55 | Simulation update: decoder round 144806, completed instructions: 5819/14570, actively running or decoding instructions: 3, waiting windows: 46/35420. Max active instruction index: 5812
2024-11-18 22:48:05 | Simulation update: decoder round 145792, completed instructions: 5841/14570, actively running or decoding instructions: 2, waiting windows: 40/35694. Max active instruction index: 5833
2024-11-18 22:48:15 | Simulation update: decoder round 146780, completed instructions: 5863/14570, actively running or decoding instructions: 4, waiting windows: 42/35969. Max active instruction index: 5860
2024-11-18 22:48:25 | Simulation update: decoder round 147774, completed instructions: 5885/14570, actively running or decoding instructions: 3, waiting windows: 44/36255. Max active instruction index: 5877
2024-11-18 22:48:35 | Simulation update: decoder round 148763, completed instructions: 5902/14570, actively running or decoding instructions: 3, waiting windows: 42/36541. Max active instruction index: 5898
2024-11-18 22:48:45 | Simulation update: decoder round 149760, completed instructions: 5923/14570, actively running or decoding instructions: 3, waiting windows: 42/36829. Max active instruction index: 5915
2024-11-18 22:48:55 | Simulation update: decoder round 150767, completed instructions: 5941/14570, actively running or decoding instructions: 2, waiting windows: 39/37107. Max active instruction index: 5933
2024-11-18 22:49:05 | Simulation update: decoder round 151772, completed instructions: 5963/14570, actively running or decoding instructions: 4, waiting windows: 41/37398. Max active instruction index: 5960
2024-11-18 22:49:15 | Simulation update: decoder round 152778, completed instructions: 5986/14570, actively running or decoding instructions: 2, waiting windows: 42/37678. Max active instruction index: 5978
2024-11-18 22:49:25 | Simulation update: decoder round 153787, completed instructions: 6007/14570, actively running or decoding instructions: 2, waiting windows: 34/37952. Max active instruction index: 6000
2024-11-18 22:49:35 | Simulation update: decoder round 154800, completed instructions: 6029/14570, actively running or decoding instructions: 2, waiting windows: 37/38221. Max active instruction index: 6022
2024-11-18 22:49:45 | Simulation update: decoder round 155816, completed instructions: 6050/14570, actively running or decoding instructions: 3, waiting windows: 38/38504. Max active instruction index: 6043
2024-11-18 22:49:55 | Simulation update: decoder round 156828, completed instructions: 6070/14570, actively running or decoding instructions: 4, waiting windows: 36/38777. Max active instruction index: 6066
2024-11-18 22:50:05 | Simulation update: decoder round 157845, completed instructions: 6097/14570, actively running or decoding instructions: 3, waiting windows: 38/39061. Max active instruction index: 6089
2024-11-18 22:50:15 | Simulation update: decoder round 158873, completed instructions: 6114/14570, actively running or decoding instructions: 2, waiting windows: 34/39332. Max active instruction index: 6107
2024-11-18 22:50:25 | Simulation update: decoder round 159903, completed instructions: 6138/14570, actively running or decoding instructions: 2, waiting windows: 45/39631. Max active instruction index: 6134
2024-11-18 22:50:35 | Simulation update: decoder round 160925, completed instructions: 6155/14570, actively running or decoding instructions: 4, waiting windows: 32/39892. Max active instruction index: 6151
2024-11-18 22:50:45 | Simulation update: decoder round 161962, completed instructions: 6181/14570, actively running or decoding instructions: 3, waiting windows: 45/40187. Max active instruction index: 6174
2024-11-18 22:50:55 | Simulation update: decoder round 163004, completed instructions: 6200/14570, actively running or decoding instructions: 3, waiting windows: 40/40476. Max active instruction index: 6196
2024-11-18 22:51:05 | Simulation update: decoder round 164048, completed instructions: 6221/14570, actively running or decoding instructions: 4, waiting windows: 39/40768. Max active instruction index: 6213
2024-11-18 22:51:15 | Simulation update: decoder round 165094, completed instructions: 6242/14570, actively running or decoding instructions: 2, waiting windows: 42/41072. Max active instruction index: 6234
2024-11-18 22:51:25 | Simulation update: decoder round 166064, completed instructions: 6259/14570, actively running or decoding instructions: 2, waiting windows: 41/41327. Max active instruction index: 6251
2024-11-18 22:51:35 | Simulation update: decoder round 167113, completed instructions: 6282/14570, actively running or decoding instructions: 4, waiting windows: 40/41607. Max active instruction index: 6274
2024-11-18 22:51:46 | Simulation update: decoder round 168171, completed instructions: 6302/14570, actively running or decoding instructions: 2, waiting windows: 36/41896. Max active instruction index: 6295
2024-11-18 22:51:56 | Simulation update: decoder round 169230, completed instructions: 6326/14570, actively running or decoding instructions: 3, waiting windows: 42/42184. Max active instruction index: 6319
2024-11-18 22:52:06 | Simulation update: decoder round 170296, completed instructions: 6350/14570, actively running or decoding instructions: 2, waiting windows: 39/42469. Max active instruction index: 6342
2024-11-18 22:52:16 | Simulation update: decoder round 171365, completed instructions: 6367/14570, actively running or decoding instructions: 3, waiting windows: 36/42767. Max active instruction index: 6363
2024-11-18 22:52:26 | Simulation update: decoder round 172442, completed instructions: 6388/14570, actively running or decoding instructions: 2, waiting windows: 40/43056. Max active instruction index: 6380
2024-11-18 22:52:36 | Simulation update: decoder round 173517, completed instructions: 6424/14570, actively running or decoding instructions: 6, waiting windows: 52/43374. Max active instruction index: 6965
2024-11-18 22:52:46 | Simulation update: decoder round 174590, completed instructions: 6475/14570, actively running or decoding instructions: 4, waiting windows: 54/43722. Max active instruction index: 7011
2024-11-18 22:52:56 | Simulation update: decoder round 175675, completed instructions: 6532/14570, actively running or decoding instructions: 7, waiting windows: 45/44068. Max active instruction index: 7076
2024-11-18 22:53:06 | Simulation update: decoder round 176765, completed instructions: 6583/14570, actively running or decoding instructions: 6, waiting windows: 48/44436. Max active instruction index: 7114
2024-11-18 22:53:16 | Simulation update: decoder round 177864, completed instructions: 6638/14570, actively running or decoding instructions: 3, waiting windows: 52/44800. Max active instruction index: 7176
2024-11-18 22:53:26 | Simulation update: decoder round 178973, completed instructions: 6678/14570, actively running or decoding instructions: 3, waiting windows: 45/45138. Max active instruction index: 7228
2024-11-18 22:53:36 | Simulation update: decoder round 180087, completed instructions: 6730/14570, actively running or decoding instructions: 4, waiting windows: 35/45494. Max active instruction index: 7281
2024-11-18 22:53:46 | Simulation update: decoder round 181208, completed instructions: 6791/14570, actively running or decoding instructions: 3, waiting windows: 47/45853. Max active instruction index: 7335
2024-11-18 22:53:56 | Simulation update: decoder round 182335, completed instructions: 6853/14570, actively running or decoding instructions: 6, waiting windows: 53/46252. Max active instruction index: 7408
2024-11-18 22:54:06 | Simulation update: decoder round 183473, completed instructions: 6906/14570, actively running or decoding instructions: 6, waiting windows: 47/46630. Max active instruction index: 7454
2024-11-18 22:54:16 | Simulation update: decoder round 184622, completed instructions: 6959/14570, actively running or decoding instructions: 6, waiting windows: 49/47004. Max active instruction index: 7499
2024-11-18 22:54:26 | Simulation update: decoder round 185779, completed instructions: 7015/14570, actively running or decoding instructions: 3, waiting windows: 49/47408. Max active instruction index: 7561
2024-11-18 22:54:36 | Simulation update: decoder round 186947, completed instructions: 7077/14570, actively running or decoding instructions: 4, waiting windows: 48/47786. Max active instruction index: 7623
2024-11-18 22:54:46 | Simulation update: decoder round 188125, completed instructions: 7136/14570, actively running or decoding instructions: 5, waiting windows: 54/48197. Max active instruction index: 7692
2024-11-18 22:54:56 | Simulation update: decoder round 189310, completed instructions: 7180/14570, actively running or decoding instructions: 4, waiting windows: 46/48586. Max active instruction index: 7717
2024-11-18 22:55:06 | Simulation update: decoder round 190515, completed instructions: 7233/14570, actively running or decoding instructions: 3, waiting windows: 40/48952. Max active instruction index: 7775
2024-11-18 22:55:16 | Simulation update: decoder round 191724, completed instructions: 7299/14570, actively running or decoding instructions: 6, waiting windows: 50/49358. Max active instruction index: 7837
2024-11-18 22:55:26 | Simulation update: decoder round 192939, completed instructions: 7350/14570, actively running or decoding instructions: 6, waiting windows: 41/49764. Max active instruction index: 7899
2024-11-18 22:55:36 | Simulation update: decoder round 194167, completed instructions: 7408/14570, actively running or decoding instructions: 5, waiting windows: 35/50147. Max active instruction index: 7966
2024-11-18 22:55:46 | Simulation update: decoder round 195412, completed instructions: 7468/14570, actively running or decoding instructions: 5, waiting windows: 39/50527. Max active instruction index: 8014
2024-11-18 22:55:56 | Simulation update: decoder round 196665, completed instructions: 7534/14570, actively running or decoding instructions: 5, waiting windows: 40/50938. Max active instruction index: 8095
2024-11-18 22:56:06 | Simulation update: decoder round 197933, completed instructions: 7600/14570, actively running or decoding instructions: 4, waiting windows: 41/51332. Max active instruction index: 8174
2024-11-18 22:56:16 | Simulation update: decoder round 199215, completed instructions: 7661/14570, actively running or decoding instructions: 3, waiting windows: 50/51749. Max active instruction index: 8214
2024-11-18 22:56:26 | Simulation update: decoder round 200512, completed instructions: 7719/14570, actively running or decoding instructions: 3, waiting windows: 50/52162. Max active instruction index: 8270
2024-11-18 22:56:36 | Simulation update: decoder round 201822, completed instructions: 7786/14570, actively running or decoding instructions: 4, waiting windows: 49/52577. Max active instruction index: 8325
2024-11-18 22:56:46 | Simulation update: decoder round 203146, completed instructions: 7849/14570, actively running or decoding instructions: 6, waiting windows: 49/53005. Max active instruction index: 8389
2024-11-18 22:56:56 | Simulation update: decoder round 204485, completed instructions: 7913/14570, actively running or decoding instructions: 4, waiting windows: 52/53455. Max active instruction index: 8455
2024-11-18 22:57:06 | Simulation update: decoder round 205845, completed instructions: 7978/14570, actively running or decoding instructions: 5, waiting windows: 53/53886. Max active instruction index: 8526
2024-11-18 22:57:16 | Simulation update: decoder round 207216, completed instructions: 8044/14570, actively running or decoding instructions: 4, waiting windows: 52/54327. Max active instruction index: 8585
2024-11-18 22:57:26 | Simulation update: decoder round 208606, completed instructions: 8126/14570, actively running or decoding instructions: 5, waiting windows: 49/54772. Max active instruction index: 8695
2024-11-18 22:57:36 | Simulation update: decoder round 210010, completed instructions: 8174/14570, actively running or decoding instructions: 4, waiting windows: 50/55244. Max active instruction index: 8727
2024-11-18 22:57:46 | Simulation update: decoder round 211436, completed instructions: 8222/14570, actively running or decoding instructions: 3, waiting windows: 44/55688. Max active instruction index: 8786
2024-11-18 22:57:56 | Simulation update: decoder round 212870, completed instructions: 8285/14570, actively running or decoding instructions: 6, waiting windows: 45/56150. Max active instruction index: 8842
2024-11-18 22:58:06 | Simulation update: decoder round 214323, completed instructions: 8338/14570, actively running or decoding instructions: 3, waiting windows: 40/56615. Max active instruction index: 8902
2024-11-18 22:58:16 | Simulation update: decoder round 215792, completed instructions: 8392/14570, actively running or decoding instructions: 4, waiting windows: 36/57080. Max active instruction index: 8966
2024-11-18 22:58:26 | Simulation update: decoder round 217274, completed instructions: 8457/14570, actively running or decoding instructions: 4, waiting windows: 51/57576. Max active instruction index: 9034
2024-11-18 22:58:36 | Simulation update: decoder round 218777, completed instructions: 8525/14570, actively running or decoding instructions: 7, waiting windows: 47/58069. Max active instruction index: 9101
2024-11-18 22:58:46 | Simulation update: decoder round 220304, completed instructions: 8592/14570, actively running or decoding instructions: 4, waiting windows: 46/58557. Max active instruction index: 9158
2024-11-18 22:58:56 | Simulation update: decoder round 221861, completed instructions: 8660/14570, actively running or decoding instructions: 4, waiting windows: 38/59035. Max active instruction index: 9226
2024-11-18 22:59:06 | Simulation update: decoder round 223425, completed instructions: 8728/14570, actively running or decoding instructions: 4, waiting windows: 47/59540. Max active instruction index: 9282
2024-11-18 22:59:16 | Simulation update: decoder round 225018, completed instructions: 8788/14570, actively running or decoding instructions: 4, waiting windows: 41/60076. Max active instruction index: 9352
2024-11-18 22:59:26 | Simulation update: decoder round 226630, completed instructions: 8857/14570, actively running or decoding instructions: 3, waiting windows: 44/60586. Max active instruction index: 9422
2024-11-18 22:59:36 | Simulation update: decoder round 228251, completed instructions: 8925/14570, actively running or decoding instructions: 3, waiting windows: 41/61105. Max active instruction index: 9528
2024-11-18 22:59:46 | Simulation update: decoder round 229904, completed instructions: 8989/14570, actively running or decoding instructions: 4, waiting windows: 51/61629. Max active instruction index: 9656
2024-11-18 22:59:56 | Simulation update: decoder round 231586, completed instructions: 9060/14570, actively running or decoding instructions: 7, waiting windows: 40/62158. Max active instruction index: 9789
2024-11-18 23:00:06 | Simulation update: decoder round 233281, completed instructions: 9124/14570, actively running or decoding instructions: 5, waiting windows: 45/62703. Max active instruction index: 9920
2024-11-18 23:00:16 | Simulation update: decoder round 235010, completed instructions: 9188/14570, actively running or decoding instructions: 5, waiting windows: 44/63265. Max active instruction index: 10031
2024-11-18 23:00:26 | Simulation update: decoder round 236763, completed instructions: 9259/14570, actively running or decoding instructions: 4, waiting windows: 47/63841. Max active instruction index: 10176
2024-11-18 23:00:36 | Simulation update: decoder round 238542, completed instructions: 9326/14570, actively running or decoding instructions: 5, waiting windows: 45/64389. Max active instruction index: 10285
2024-11-18 23:00:46 | Simulation update: decoder round 240349, completed instructions: 9403/14570, actively running or decoding instructions: 4, waiting windows: 45/64976. Max active instruction index: 10447
2024-11-18 23:00:56 | Simulation update: decoder round 242205, completed instructions: 9483/14570, actively running or decoding instructions: 5, waiting windows: 44/65586. Max active instruction index: 10600
2024-11-18 23:01:06 | Simulation update: decoder round 244100, completed instructions: 9523/14570, actively running or decoding instructions: 4, waiting windows: 42/66126. Max active instruction index: 8962
2024-11-18 23:01:16 | Simulation update: decoder round 246022, completed instructions: 9561/14570, actively running or decoding instructions: 2, waiting windows: 39/66671. Max active instruction index: 9039
2024-11-18 23:01:26 | Simulation update: decoder round 247974, completed instructions: 9607/14570, actively running or decoding instructions: 2, waiting windows: 41/67209. Max active instruction index: 9130
2024-11-18 23:01:36 | Simulation update: decoder round 249956, completed instructions: 9652/14570, actively running or decoding instructions: 4, waiting windows: 37/67747. Max active instruction index: 9221
2024-11-18 23:01:46 | Simulation update: decoder round 251946, completed instructions: 9695/14570, actively running or decoding instructions: 3, waiting windows: 39/68311. Max active instruction index: 9304
2024-11-18 23:01:56 | Simulation update: decoder round 253962, completed instructions: 9737/14570, actively running or decoding instructions: 2, waiting windows: 33/68889. Max active instruction index: 9391
2024-11-18 23:02:06 | Simulation update: decoder round 256039, completed instructions: 9857/14570, actively running or decoding instructions: 4, waiting windows: 39/69438. Max active instruction index: 9568
2024-11-18 23:02:16 | Simulation update: decoder round 258198, completed instructions: 9980/14570, actively running or decoding instructions: 4, waiting windows: 31/69991. Max active instruction index: 9747
2024-11-18 23:02:26 | Simulation update: decoder round 260452, completed instructions: 10112/14570, actively running or decoding instructions: 7, waiting windows: 38/70574. Max active instruction index: 9934
2024-11-18 23:02:36 | Simulation update: decoder round 262793, completed instructions: 10239/14570, actively running or decoding instructions: 3, waiting windows: 49/71158. Max active instruction index: 10088
2024-11-18 23:02:46 | Simulation update: decoder round 265242, completed instructions: 10381/14570, actively running or decoding instructions: 3, waiting windows: 33/71798. Max active instruction index: 10296
2024-11-18 23:02:56 | Simulation update: decoder round 267801, completed instructions: 10530/14570, actively running or decoding instructions: 3, waiting windows: 51/72496. Max active instruction index: 10485
2024-11-18 23:03:06 | Simulation update: decoder round 270265, completed instructions: 10672/14570, actively running or decoding instructions: 7, waiting windows: 37/73112. Max active instruction index: 10674
2024-11-18 23:03:16 | Simulation update: decoder round 273135, completed instructions: 10831/14570, actively running or decoding instructions: 4, waiting windows: 38/73849. Max active instruction index: 10829
2024-11-18 23:03:26 | Simulation update: decoder round 276208, completed instructions: 11016/14570, actively running or decoding instructions: 3, waiting windows: 34/74617. Max active instruction index: 11012
2024-11-18 23:03:36 | Simulation update: decoder round 279506, completed instructions: 11185/14570, actively running or decoding instructions: 6, waiting windows: 29/75469. Max active instruction index: 11182
2024-11-18 23:03:46 | Simulation update: decoder round 283101, completed instructions: 11323/14570, actively running or decoding instructions: 4, waiting windows: 33/76391. Max active instruction index: 11313
2024-11-18 23:03:56 | Simulation update: decoder round 286925, completed instructions: 11405/14570, actively running or decoding instructions: 3, waiting windows: 35/77288. Max active instruction index: 11395
2024-11-18 23:04:06 | Simulation update: decoder round 290941, completed instructions: 11488/14570, actively running or decoding instructions: 4, waiting windows: 37/78200. Max active instruction index: 11478
2024-11-18 23:04:16 | Simulation update: decoder round 295151, completed instructions: 11576/14570, actively running or decoding instructions: 2, waiting windows: 34/79174. Max active instruction index: 11566
2024-11-18 23:04:26 | Simulation update: decoder round 299609, completed instructions: 11670/14570, actively running or decoding instructions: 4, waiting windows: 28/80163. Max active instruction index: 11661
2024-11-18 23:04:36 | Simulation update: decoder round 304299, completed instructions: 11763/14570, actively running or decoding instructions: 2, waiting windows: 35/81238. Max active instruction index: 11753
2024-11-18 23:04:46 | Simulation update: decoder round 309287, completed instructions: 11942/14570, actively running or decoding instructions: 4, waiting windows: 40/82385. Max active instruction index: 11936
2024-11-18 23:04:56 | Simulation update: decoder round 314818, completed instructions: 12232/14570, actively running or decoding instructions: 6, waiting windows: 36/83732. Max active instruction index: 12276
2024-11-18 23:05:06 | Simulation update: decoder round 321312, completed instructions: 12563/14570, actively running or decoding instructions: 3, waiting windows: 28/85259. Max active instruction index: 12595
2024-11-18 23:05:16 | Simulation update: decoder round 329558, completed instructions: 13005/14570, actively running or decoding instructions: 6, waiting windows: 37/87240. Max active instruction index: 13047
2024-11-18 23:05:26 | Simulation update: decoder round 350521, completed instructions: 13762/14570, actively running or decoding instructions: 3, waiting windows: 16/90347. Max active instruction index: 13752
2024-11-18 23:05:30 | Finished simulation
2024-11-18 23:05:32 | Finished saving output. Done! Total elapsed time: 1:05:51.052764
