CONFIG 16
benchmark_file: slurm/data/20241118_215925/benchmarks/adder_n18.lss
decoder_latency_or_dist_filename: slurm/data/20241118_215925/decoder_dists.json
distance: 21
lightweight_setting: 2
max_parallel_processes: None
missed_speculation_modifier: 1.4
poison_policy: successors
rng: 0
scheduling_method: sliding
speculation_accuracy: 0.9
speculation_latency: 1
speculation_mode: separate
2024-11-18 21:59:38 | Loading benchmark slurm/data/20241118_215925/benchmarks/adder_n18.lss...
2024-11-18 21:59:39 | Starting simulation
2024-11-18 21:59:39 | Simulation update: decoder round 1, completed instructions: 0/2002, actively running or decoding instructions: 3, waiting windows: 0/0. Max active instruction index: 18
2024-11-18 21:59:49 | Simulation update: decoder round 3351, completed instructions: 462/2002, actively running or decoding instructions: 8, waiting windows: 142/3358. Max active instruction index: 453
2024-11-18 21:59:59 | Simulation update: decoder round 6648, completed instructions: 919/2002, actively running or decoding instructions: 15, waiting windows: 176/6711. Max active instruction index: 952
2024-11-18 22:00:09 | Simulation update: decoder round 11504, completed instructions: 1582/2002, actively running or decoding instructions: 9, waiting windows: 70/10376. Max active instruction index: 1570
2024-11-18 22:00:12 | Finished simulation
2024-11-18 22:00:12 | Finished saving output. Done! Total elapsed time: 0:00:34.022295
