CONFIG 203
benchmark_file: slurm/data/20241118_215925/benchmarks/qpeinexact_5.lss
decoder_latency_or_dist_filename: slurm/data/20241118_215925/decoder_dists.json
distance: 21
lightweight_setting: 2
max_parallel_processes: None
missed_speculation_modifier: 1.4
poison_policy: successors
rng: 5
scheduling_method: sliding
speculation_accuracy: 0.9
speculation_latency: 1
speculation_mode: separate
2024-11-18 21:59:54 | Loading benchmark slurm/data/20241118_215925/benchmarks/qpeinexact_5.lss...
2024-11-18 21:59:55 | Starting simulation
2024-11-18 21:59:56 | Simulation update: decoder round 1, completed instructions: 0/12893, actively running or decoding instructions: 5, waiting windows: 0/0. Max active instruction index: 8
2024-11-18 22:00:06 | Simulation update: decoder round 1384, completed instructions: 51/12893, actively running or decoding instructions: 2, waiting windows: 50/452. Max active instruction index: 42
2024-11-18 22:00:16 | Simulation update: decoder round 2671, completed instructions: 77/12893, actively running or decoding instructions: 3, waiting windows: 49/888. Max active instruction index: 68
2024-11-18 22:00:26 | Simulation update: decoder round 3912, completed instructions: 105/12893, actively running or decoding instructions: 5, waiting windows: 44/1287. Max active instruction index: 101
2024-11-18 22:00:36 | Simulation update: decoder round 5162, completed instructions: 128/12893, actively running or decoding instructions: 3, waiting windows: 43/1691. Max active instruction index: 120
2024-11-18 22:00:46 | Simulation update: decoder round 6426, completed instructions: 157/12893, actively running or decoding instructions: 4, waiting windows: 49/2094. Max active instruction index: 154
2024-11-18 22:00:56 | Simulation update: decoder round 7672, completed instructions: 179/12893, actively running or decoding instructions: 3, waiting windows: 43/2492. Max active instruction index: 176
2024-11-18 22:01:06 | Simulation update: decoder round 8953, completed instructions: 204/12893, actively running or decoding instructions: 2, waiting windows: 51/2892. Max active instruction index: 199
2024-11-18 22:01:16 | Simulation update: decoder round 10305, completed instructions: 234/12893, actively running or decoding instructions: 2, waiting windows: 46/3338. Max active instruction index: 225
2024-11-18 22:01:26 | Simulation update: decoder round 11700, completed instructions: 262/12893, actively running or decoding instructions: 4, waiting windows: 47/3798. Max active instruction index: 253
2024-11-18 22:01:36 | Simulation update: decoder round 13106, completed instructions: 290/12893, actively running or decoding instructions: 2, waiting windows: 48/4254. Max active instruction index: 285
2024-11-18 22:01:46 | Simulation update: decoder round 14529, completed instructions: 323/12893, actively running or decoding instructions: 4, waiting windows: 53/4710. Max active instruction index: 318
2024-11-18 22:01:56 | Simulation update: decoder round 15957, completed instructions: 347/12893, actively running or decoding instructions: 2, waiting windows: 40/5185. Max active instruction index: 339
2024-11-18 22:02:06 | Simulation update: decoder round 17400, completed instructions: 381/12893, actively running or decoding instructions: 3, waiting windows: 48/5652. Max active instruction index: 372
2024-11-18 22:02:16 | Simulation update: decoder round 18838, completed instructions: 409/12893, actively running or decoding instructions: 2, waiting windows: 48/6123. Max active instruction index: 404
2024-11-18 22:02:26 | Simulation update: decoder round 20297, completed instructions: 440/12893, actively running or decoding instructions: 2, waiting windows: 40/6586. Max active instruction index: 432
2024-11-18 22:02:36 | Simulation update: decoder round 21765, completed instructions: 469/12893, actively running or decoding instructions: 3, waiting windows: 48/7063. Max active instruction index: 460
2024-11-18 22:02:46 | Simulation update: decoder round 23250, completed instructions: 493/12893, actively running or decoding instructions: 3, waiting windows: 47/7555. Max active instruction index: 488
2024-11-18 22:02:56 | Simulation update: decoder round 24739, completed instructions: 525/12893, actively running or decoding instructions: 3, waiting windows: 48/8046. Max active instruction index: 516
2024-11-18 22:03:06 | Simulation update: decoder round 26229, completed instructions: 557/12893, actively running or decoding instructions: 3, waiting windows: 41/8521. Max active instruction index: 549
2024-11-18 22:03:16 | Simulation update: decoder round 27733, completed instructions: 644/12893, actively running or decoding instructions: 5, waiting windows: 53/9072. Max active instruction index: 1174
2024-11-18 22:03:26 | Simulation update: decoder round 29264, completed instructions: 722/12893, actively running or decoding instructions: 5, waiting windows: 51/9650. Max active instruction index: 1220
2024-11-18 22:03:36 | Simulation update: decoder round 30783, completed instructions: 805/12893, actively running or decoding instructions: 5, waiting windows: 56/10251. Max active instruction index: 1277
2024-11-18 22:03:46 | Simulation update: decoder round 32352, completed instructions: 875/12893, actively running or decoding instructions: 5, waiting windows: 56/10853. Max active instruction index: 1308
2024-11-18 22:03:56 | Simulation update: decoder round 33949, completed instructions: 948/12893, actively running or decoding instructions: 7, waiting windows: 51/11455. Max active instruction index: 1359
2024-11-18 22:04:06 | Simulation update: decoder round 35561, completed instructions: 1024/12893, actively running or decoding instructions: 3, waiting windows: 53/12051. Max active instruction index: 1390
2024-11-18 22:04:16 | Simulation update: decoder round 37203, completed instructions: 1100/12893, actively running or decoding instructions: 4, waiting windows: 62/12689. Max active instruction index: 1434
2024-11-18 22:04:26 | Simulation update: decoder round 38891, completed instructions: 1184/12893, actively running or decoding instructions: 3, waiting windows: 49/13304. Max active instruction index: 1479
2024-11-18 22:04:36 | Simulation update: decoder round 40613, completed instructions: 1269/12893, actively running or decoding instructions: 5, waiting windows: 55/13936. Max active instruction index: 1529
2024-11-18 22:04:46 | Simulation update: decoder round 42361, completed instructions: 1345/12893, actively running or decoding instructions: 4, waiting windows: 57/14608. Max active instruction index: 1574
2024-11-18 22:04:56 | Simulation update: decoder round 44157, completed instructions: 1427/12893, actively running or decoding instructions: 6, waiting windows: 50/15245. Max active instruction index: 1624
2024-11-18 22:05:06 | Simulation update: decoder round 45976, completed instructions: 1516/12893, actively running or decoding instructions: 6, waiting windows: 54/15885. Max active instruction index: 1664
2024-11-18 22:05:16 | Simulation update: decoder round 47833, completed instructions: 1600/12893, actively running or decoding instructions: 3, waiting windows: 52/16570. Max active instruction index: 1710
