CONFIG 223
benchmark_file: slurm/data/20241118_215925/benchmarks/adder_n18.lss
decoder_latency_or_dist_filename: slurm/data/20241118_215925/decoder_dists.json
distance: 21
lightweight_setting: 2
max_parallel_processes: predict
missed_speculation_modifier: 1.4
poison_policy: successors
rng: 5
scheduling_method: sliding
speculation_accuracy: 0.9
speculation_latency: 1
speculation_mode: separate
2024-11-18 21:59:55 | Loading benchmark slurm/data/20241118_215925/benchmarks/adder_n18.lss...
2024-11-18 21:59:55 | Starting simulation
PREDICTION STEP BEGIN---------------------------------
Predicted max parallel processes: 201

PREDICTION STEP END-----------------------------------

2024-11-18 22:00:17 | Simulation update: decoder round 1, completed instructions: 0/2002, actively running or decoding instructions: 3, waiting windows: 0/0. Max active instruction index: 18
2024-11-18 22:00:27 | Simulation update: decoder round 3987, completed instructions: 540/2002, actively running or decoding instructions: 7, waiting windows: 135/3962. Max active instruction index: 530
2024-11-18 22:00:37 | Simulation update: decoder round 7884, completed instructions: 1211/2002, actively running or decoding instructions: 9, waiting windows: 108/7854. Max active instruction index: 1238
2024-11-18 22:00:44 | Finished simulation
2024-11-18 22:00:44 | Finished saving output. Done! Total elapsed time: 0:00:49.630380
