CONFIG 389
benchmark_file: slurm/data/20241118_215925/benchmarks/rz_seq_100.lss
decoder_latency_or_dist_filename: slurm/data/20241118_215925/decoder_dists.json
distance: 21
lightweight_setting: 2
max_parallel_processes: None
missed_speculation_modifier: 1.4
poison_policy: successors
rng: 0
scheduling_method: parallel
speculation_accuracy: 0.9
speculation_latency: 1
speculation_mode: separate
2024-11-18 22:01:06 | Loading benchmark slurm/data/20241118_215925/benchmarks/rz_seq_100.lss...
2024-11-18 22:01:09 | Starting simulation
2024-11-18 22:01:15 | Simulation update: decoder round 1, completed instructions: 0/54952, actively running or decoding instructions: 1, waiting windows: 0/0. Max active instruction index: 0
2024-11-18 22:01:25 | Simulation update: decoder round 85421, completed instructions: 1554/54952, actively running or decoding instructions: 4, waiting windows: 3288/7138. Max active instruction index: 1551
2024-11-18 22:01:35 | Simulation update: decoder round 168485, completed instructions: 3083/54952, actively running or decoding instructions: 4, waiting windows: 6599/14328. Max active instruction index: 3079
2024-11-18 22:01:45 | Simulation update: decoder round 249533, completed instructions: 4530/54952, actively running or decoding instructions: 4, waiting windows: 9916/21496. Max active instruction index: 4530
2024-11-18 22:01:55 | Simulation update: decoder round 331926, completed instructions: 6017/54952, actively running or decoding instructions: 3, waiting windows: 13222/28644. Max active instruction index: 6013
2024-11-18 22:02:05 | Simulation update: decoder round 414826, completed instructions: 7507/54952, actively running or decoding instructions: 3, waiting windows: 16616/35972. Max active instruction index: 7503
2024-11-18 22:02:15 | Simulation update: decoder round 496719, completed instructions: 9018/54952, actively running or decoding instructions: 3, waiting windows: 19894/43099. Max active instruction index: 9014
2024-11-18 22:02:25 | Simulation update: decoder round 578511, completed instructions: 10514/54952, actively running or decoding instructions: 3, waiting windows: 23251/50369. Max active instruction index: 10510
2024-11-18 22:02:36 | Simulation update: decoder round 658209, completed instructions: 11966/54952, actively running or decoding instructions: 3, waiting windows: 26471/57359. Max active instruction index: 11963
2024-11-18 22:02:46 | Simulation update: decoder round 739337, completed instructions: 13437/54952, actively running or decoding instructions: 2, waiting windows: 29791/64531. Max active instruction index: 13439
2024-11-18 22:02:56 | Simulation update: decoder round 820305, completed instructions: 14865/54952, actively running or decoding instructions: 3, waiting windows: 33127/71740. Max active instruction index: 14861
2024-11-18 22:03:06 | Simulation update: decoder round 901703, completed instructions: 16311/54952, actively running or decoding instructions: 4, waiting windows: 36439/78914. Max active instruction index: 16307
2024-11-18 22:03:16 | Simulation update: decoder round 983015, completed instructions: 17815/54952, actively running or decoding instructions: 2, waiting windows: 39759/86115. Max active instruction index: 17811
2024-11-18 22:03:26 | Simulation update: decoder round 1064389, completed instructions: 19294/54952, actively running or decoding instructions: 3, waiting windows: 43071/93292. Max active instruction index: 19290
2024-11-18 22:03:36 | Simulation update: decoder round 1145493, completed instructions: 20785/54952, actively running or decoding instructions: 4, waiting windows: 46392/100474. Max active instruction index: 20786
2024-11-18 22:03:46 | Simulation update: decoder round 1227616, completed instructions: 22271/54952, actively running or decoding instructions: 3, waiting windows: 49667/107588. Max active instruction index: 22268
2024-11-18 22:03:56 | Simulation update: decoder round 1309413, completed instructions: 23783/54952, actively running or decoding instructions: 4, waiting windows: 52948/114690. Max active instruction index: 23783
2024-11-18 22:04:06 | Simulation update: decoder round 1392263, completed instructions: 25311/54952, actively running or decoding instructions: 4, waiting windows: 56190/121769. Max active instruction index: 25308
2024-11-18 22:04:16 | Simulation update: decoder round 1474188, completed instructions: 26788/54952, actively running or decoding instructions: 3, waiting windows: 59503/128934. Max active instruction index: 26785
2024-11-18 22:04:26 | Simulation update: decoder round 1556651, completed instructions: 28267/54952, actively running or decoding instructions: 4, waiting windows: 62759/135973. Max active instruction index: 28263
2024-11-18 22:04:36 | Simulation update: decoder round 1631028, completed instructions: 29607/54952, actively running or decoding instructions: 3, waiting windows: 65793/142535. Max active instruction index: 29604
2024-11-18 22:04:46 | Simulation update: decoder round 1712855, completed instructions: 31082/54952, actively running or decoding instructions: 3, waiting windows: 69102/149685. Max active instruction index: 31078
2024-11-18 22:04:56 | Simulation update: decoder round 1793898, completed instructions: 32572/54952, actively running or decoding instructions: 4, waiting windows: 72412/156860. Max active instruction index: 32568
2024-11-18 22:05:06 | Simulation update: decoder round 1875896, completed instructions: 34039/54952, actively running or decoding instructions: 4, waiting windows: 75679/163922. Max active instruction index: 34035
2024-11-18 22:05:16 | Simulation update: decoder round 1956035, completed instructions: 35493/54952, actively running or decoding instructions: 2, waiting windows: 79017/171142. Max active instruction index: 35489
2024-11-18 22:05:26 | Simulation update: decoder round 2036934, completed instructions: 36947/54952, actively running or decoding instructions: 4, waiting windows: 82331/178304. Max active instruction index: 36943
2024-11-18 22:05:36 | Simulation update: decoder round 2118575, completed instructions: 38389/54952, actively running or decoding instructions: 3, waiting windows: 85631/185438. Max active instruction index: 38385
2024-11-18 22:05:46 | Simulation update: decoder round 2200632, completed instructions: 39890/54952, actively running or decoding instructions: 4, waiting windows: 88916/192559. Max active instruction index: 39892
2024-11-18 22:05:56 | Simulation update: decoder round 2282754, completed instructions: 41346/54952, actively running or decoding instructions: 3, waiting windows: 92220/199692. Max active instruction index: 41342
2024-11-18 22:06:06 | Simulation update: decoder round 2365070, completed instructions: 42848/54952, actively running or decoding instructions: 3, waiting windows: 95501/206816. Max active instruction index: 42844
2024-11-18 22:06:16 | Simulation update: decoder round 2447121, completed instructions: 44349/54952, actively running or decoding instructions: 2, waiting windows: 98771/213934. Max active instruction index: 44345
2024-11-18 22:06:26 | Simulation update: decoder round 2528578, completed instructions: 45823/54952, actively running or decoding instructions: 2, waiting windows: 102079/221098. Max active instruction index: 45820
2024-11-18 22:06:36 | Simulation update: decoder round 2610111, completed instructions: 47264/54952, actively running or decoding instructions: 4, waiting windows: 105373/228212. Max active instruction index: 47260
2024-11-18 22:06:46 | Simulation update: decoder round 2683389, completed instructions: 48640/54952, actively running or decoding instructions: 3, waiting windows: 108283/234534. Max active instruction index: 48636
2024-11-18 22:06:56 | Simulation update: decoder round 2766399, completed instructions: 50152/54952, actively running or decoding instructions: 4, waiting windows: 111505/241534. Max active instruction index: 50154
2024-11-18 22:07:06 | Simulation update: decoder round 2848752, completed instructions: 51638/54952, actively running or decoding instructions: 2, waiting windows: 114768/248611. Max active instruction index: 51634
2024-11-18 22:07:16 | Simulation update: decoder round 2930326, completed instructions: 53140/54952, actively running or decoding instructions: 2, waiting windows: 118072/255777. Max active instruction index: 53136
2024-11-18 22:07:26 | Simulation update: decoder round 3011798, completed instructions: 54625/54952, actively running or decoding instructions: 2, waiting windows: 121377/262928. Max active instruction index: 54621
2024-11-18 22:07:28 | Finished simulation
2024-11-18 22:07:34 | Finished saving output. Done! Total elapsed time: 0:06:27.798521
