CONFIG 491
benchmark_file: slurm/data/20241118_215925/benchmarks/qpeexact_5.lss
decoder_latency_or_dist_filename: slurm/data/20241118_215925/decoder_dists.json
distance: 21
lightweight_setting: 2
max_parallel_processes: predict
missed_speculation_modifier: 1.4
poison_policy: successors
rng: 2
scheduling_method: parallel
speculation_accuracy: 0.9
speculation_latency: 1
speculation_mode: separate
2024-11-18 22:02:06 | Loading benchmark slurm/data/20241118_215925/benchmarks/qpeexact_5.lss...
2024-11-18 22:02:07 | Starting simulation
PREDICTION STEP BEGIN---------------------------------
Predicted max parallel processes: 59

PREDICTION STEP END-----------------------------------

2024-11-18 22:36:29 | Simulation update: decoder round 1, completed instructions: 0/14570, actively running or decoding instructions: 1, waiting windows: 0/0. Max active instruction index: 0
2024-11-18 22:36:39 | Simulation update: decoder round 6568, completed instructions: 122/14570, actively running or decoding instructions: 3, waiting windows: 283/590. Max active instruction index: 118
2024-11-18 22:36:49 | Simulation update: decoder round 14012, completed instructions: 260/14570, actively running or decoding instructions: 3, waiting windows: 545/1178. Max active instruction index: 257
2024-11-18 22:36:59 | Simulation update: decoder round 22681, completed instructions: 422/14570, actively running or decoding instructions: 3, waiting windows: 910/1954. Max active instruction index: 418
2024-11-18 22:37:09 | Simulation update: decoder round 33096, completed instructions: 619/14570, actively running or decoding instructions: 4, waiting windows: 1454/3105. Max active instruction index: 611
2024-11-18 22:37:19 | Simulation update: decoder round 46595, completed instructions: 872/14570, actively running or decoding instructions: 4, waiting windows: 2643/5565. Max active instruction index: 869
2024-11-18 22:37:29 | Simulation update: decoder round 60136, completed instructions: 1141/14570, actively running or decoding instructions: 9, waiting windows: 3872/8119. Max active instruction index: 1684
2024-11-18 22:37:39 | Simulation update: decoder round 61039, completed instructions: 1185/14570, actively running or decoding instructions: 4, waiting windows: 4022/8426. Max active instruction index: 1719
2024-11-18 22:37:49 | Simulation update: decoder round 61953, completed instructions: 1225/14570, actively running or decoding instructions: 4, waiting windows: 4166/8722. Max active instruction index: 1763
2024-11-18 22:37:59 | Simulation update: decoder round 62878, completed instructions: 1258/14570, actively running or decoding instructions: 4, waiting windows: 4297/9010. Max active instruction index: 1789
2024-11-18 22:38:09 | Simulation update: decoder round 63806, completed instructions: 1292/14570, actively running or decoding instructions: 6, waiting windows: 4436/9313. Max active instruction index: 1827
2024-11-18 22:38:19 | Simulation update: decoder round 64736, completed instructions: 1337/14570, actively running or decoding instructions: 4, waiting windows: 4590/9631. Max active instruction index: 1869
2024-11-18 22:38:29 | Simulation update: decoder round 65668, completed instructions: 1375/14570, actively running or decoding instructions: 4, waiting windows: 4724/9912. Max active instruction index: 1895
2024-11-18 22:38:39 | Simulation update: decoder round 66605, completed instructions: 1414/14570, actively running or decoding instructions: 4, waiting windows: 4854/10194. Max active instruction index: 1931
2024-11-18 22:38:49 | Simulation update: decoder round 67465, completed instructions: 1453/14570, actively running or decoding instructions: 5, waiting windows: 5000/10486. Max active instruction index: 1967
2024-11-18 22:38:59 | Simulation update: decoder round 68346, completed instructions: 1486/14570, actively running or decoding instructions: 3, waiting windows: 5141/10792. Max active instruction index: 1994
2024-11-18 22:39:09 | Simulation update: decoder round 69207, completed instructions: 1528/14570, actively running or decoding instructions: 3, waiting windows: 5283/11093. Max active instruction index: 2033
2024-11-18 22:39:19 | Simulation update: decoder round 70067, completed instructions: 1560/14570, actively running or decoding instructions: 6, waiting windows: 5413/11377. Max active instruction index: 2063
2024-11-18 22:39:29 | Simulation update: decoder round 70944, completed instructions: 1592/14570, actively running or decoding instructions: 4, waiting windows: 5549/11662. Max active instruction index: 2103
2024-11-18 22:39:39 | Simulation update: decoder round 71844, completed instructions: 1630/14570, actively running or decoding instructions: 5, waiting windows: 5680/11941. Max active instruction index: 2137
2024-11-18 22:39:49 | Simulation update: decoder round 72717, completed instructions: 1671/14570, actively running or decoding instructions: 5, waiting windows: 5809/12214. Max active instruction index: 2176
2024-11-18 22:39:59 | Simulation update: decoder round 73602, completed instructions: 1701/14570, actively running or decoding instructions: 6, waiting windows: 5948/12506. Max active instruction index: 2203
2024-11-18 22:40:09 | Simulation update: decoder round 74479, completed instructions: 1745/14570, actively running or decoding instructions: 3, waiting windows: 6088/12800. Max active instruction index: 2249
2024-11-18 22:40:19 | Simulation update: decoder round 75404, completed instructions: 1784/14570, actively running or decoding instructions: 7, waiting windows: 6214/13093. Max active instruction index: 2289
2024-11-18 22:40:29 | Simulation update: decoder round 76328, completed instructions: 1818/14570, actively running or decoding instructions: 3, waiting windows: 6361/13397. Max active instruction index: 2329
2024-11-18 22:40:39 | Simulation update: decoder round 77230, completed instructions: 1861/14570, actively running or decoding instructions: 5, waiting windows: 6508/13700. Max active instruction index: 2384
2024-11-18 22:40:49 | Simulation update: decoder round 78151, completed instructions: 1900/14570, actively running or decoding instructions: 4, waiting windows: 6660/14019. Max active instruction index: 2405
2024-11-18 22:40:59 | Simulation update: decoder round 79056, completed instructions: 1937/14570, actively running or decoding instructions: 5, waiting windows: 6804/14330. Max active instruction index: 2443
2024-11-18 22:41:09 | Simulation update: decoder round 79977, completed instructions: 1976/14570, actively running or decoding instructions: 4, waiting windows: 6942/14632. Max active instruction index: 2481
2024-11-18 22:41:19 | Simulation update: decoder round 80895, completed instructions: 2016/14570, actively running or decoding instructions: 4, waiting windows: 7083/14927. Max active instruction index: 2520
2024-11-18 22:41:29 | Simulation update: decoder round 81787, completed instructions: 2041/14570, actively running or decoding instructions: 6, waiting windows: 7196/15190. Max active instruction index: 2558
2024-11-18 22:41:39 | Simulation update: decoder round 82708, completed instructions: 2083/14570, actively running or decoding instructions: 5, waiting windows: 7340/15480. Max active instruction index: 2585
2024-11-18 22:41:49 | Simulation update: decoder round 83639, completed instructions: 2127/14570, actively running or decoding instructions: 4, waiting windows: 7481/15784. Max active instruction index: 2638
2024-11-18 22:41:59 | Simulation update: decoder round 84551, completed instructions: 2166/14570, actively running or decoding instructions: 4, waiting windows: 7636/16101. Max active instruction index: 2664
2024-11-18 22:42:09 | Simulation update: decoder round 85489, completed instructions: 2215/14570, actively running or decoding instructions: 5, waiting windows: 7782/16419. Max active instruction index: 2715
2024-11-18 22:42:19 | Simulation update: decoder round 86481, completed instructions: 2253/14570, actively running or decoding instructions: 5, waiting windows: 7931/16740. Max active instruction index: 2753
2024-11-18 22:42:29 | Simulation update: decoder round 87470, completed instructions: 2293/14570, actively running or decoding instructions: 6, waiting windows: 8082/17049. Max active instruction index: 2787
2024-11-18 22:42:39 | Simulation update: decoder round 88416, completed instructions: 2331/14570, actively running or decoding instructions: 5, waiting windows: 8219/17367. Max active instruction index: 2824
2024-11-18 22:42:49 | Simulation update: decoder round 89397, completed instructions: 2377/14570, actively running or decoding instructions: 4, waiting windows: 8334/17621. Max active instruction index: 2866
2024-11-18 22:42:59 | Simulation update: decoder round 90355, completed instructions: 2416/14570, actively running or decoding instructions: 6, waiting windows: 8445/17864. Max active instruction index: 2906
2024-11-18 22:43:09 | Simulation update: decoder round 91332, completed instructions: 2456/14570, actively running or decoding instructions: 5, waiting windows: 8577/18127. Max active instruction index: 2951
2024-11-18 22:43:19 | Simulation update: decoder round 92333, completed instructions: 2503/14570, actively running or decoding instructions: 5, waiting windows: 8685/18378. Max active instruction index: 2983
2024-11-18 22:43:29 | Simulation update: decoder round 93335, completed instructions: 2543/14570, actively running or decoding instructions: 6, waiting windows: 8818/18658. Max active instruction index: 3006
2024-11-18 22:43:39 | Simulation update: decoder round 94359, completed instructions: 2583/14570, actively running or decoding instructions: 6, waiting windows: 8943/18938. Max active instruction index: 3029
2024-11-18 22:43:49 | Simulation update: decoder round 95368, completed instructions: 2625/14570, actively running or decoding instructions: 6, waiting windows: 9080/19219. Max active instruction index: 3053
2024-11-18 22:43:59 | Simulation update: decoder round 96318, completed instructions: 2663/14570, actively running or decoding instructions: 4, waiting windows: 9213/19501. Max active instruction index: 3075
2024-11-18 22:44:09 | Simulation update: decoder round 97381, completed instructions: 2716/14570, actively running or decoding instructions: 4, waiting windows: 9343/19782. Max active instruction index: 3105
2024-11-18 22:44:19 | Simulation update: decoder round 98418, completed instructions: 2753/14570, actively running or decoding instructions: 5, waiting windows: 9484/20092. Max active instruction index: 3127
2024-11-18 22:44:29 | Simulation update: decoder round 99433, completed instructions: 2797/14570, actively running or decoding instructions: 4, waiting windows: 9615/20379. Max active instruction index: 3150
2024-11-18 22:44:39 | Simulation update: decoder round 100458, completed instructions: 2844/14570, actively running or decoding instructions: 6, waiting windows: 9738/20638. Max active instruction index: 3173
2024-11-18 22:44:49 | Simulation update: decoder round 101490, completed instructions: 2899/14570, actively running or decoding instructions: 4, waiting windows: 9877/20943. Max active instruction index: 2197
2024-11-18 22:44:59 | Simulation update: decoder round 102520, completed instructions: 2921/14570, actively running or decoding instructions: 3, waiting windows: 10015/21225. Max active instruction index: 2255
2024-11-18 22:45:09 | Simulation update: decoder round 103596, completed instructions: 2942/14570, actively running or decoding instructions: 2, waiting windows: 10154/21506. Max active instruction index: 2301
2024-11-18 22:45:19 | Simulation update: decoder round 104662, completed instructions: 2960/14570, actively running or decoding instructions: 2, waiting windows: 10286/21787. Max active instruction index: 2341
2024-11-18 22:45:29 | Simulation update: decoder round 105714, completed instructions: 2982/14570, actively running or decoding instructions: 4, waiting windows: 10422/22067. Max active instruction index: 2399
2024-11-18 22:45:39 | Simulation update: decoder round 106753, completed instructions: 3001/14570, actively running or decoding instructions: 3, waiting windows: 10564/22350. Max active instruction index: 2457
2024-11-18 22:45:49 | Simulation update: decoder round 107817, completed instructions: 3020/14570, actively running or decoding instructions: 2, waiting windows: 10714/22658. Max active instruction index: 2488
2024-11-18 22:45:59 | Simulation update: decoder round 108909, completed instructions: 3042/14570, actively running or decoding instructions: 3, waiting windows: 10874/22976. Max active instruction index: 2541
2024-11-18 22:46:09 | Simulation update: decoder round 109969, completed instructions: 3057/14570, actively running or decoding instructions: 2, waiting windows: 11001/23256. Max active instruction index: 2579
2024-11-18 22:46:19 | Simulation update: decoder round 111013, completed instructions: 3076/14570, actively running or decoding instructions: 2, waiting windows: 11143/23539. Max active instruction index: 2621
2024-11-18 22:46:29 | Simulation update: decoder round 112083, completed instructions: 3092/14570, actively running or decoding instructions: 4, waiting windows: 11282/23828. Max active instruction index: 2659
2024-11-18 22:46:39 | Simulation update: decoder round 113150, completed instructions: 3114/14570, actively running or decoding instructions: 2, waiting windows: 11431/24127. Max active instruction index: 2710
2024-11-18 22:46:49 | Simulation update: decoder round 114240, completed instructions: 3136/14570, actively running or decoding instructions: 3, waiting windows: 11577/24427. Max active instruction index: 2761
2024-11-18 22:46:59 | Simulation update: decoder round 115277, completed instructions: 3153/14570, actively running or decoding instructions: 3, waiting windows: 11722/24724. Max active instruction index: 2807
2024-11-18 22:47:09 | Simulation update: decoder round 116376, completed instructions: 3170/14570, actively running or decoding instructions: 2, waiting windows: 11877/25044. Max active instruction index: 2846
2024-11-18 22:47:19 | Simulation update: decoder round 117494, completed instructions: 3193/14570, actively running or decoding instructions: 4, waiting windows: 12014/25335. Max active instruction index: 2901
2024-11-18 22:47:29 | Simulation update: decoder round 118547, completed instructions: 3208/14570, actively running or decoding instructions: 4, waiting windows: 12172/25641. Max active instruction index: 2944
2024-11-18 22:47:39 | Simulation update: decoder round 119513, completed instructions: 3288/14570, actively running or decoding instructions: 24, waiting windows: 12312/25943. Max active instruction index: 3354
2024-11-18 22:47:49 | Simulation update: decoder round 120166, completed instructions: 3317/14570, actively running or decoding instructions: 5, waiting windows: 12398/26147. Max active instruction index: 3355
2024-11-18 22:47:59 | Simulation update: decoder round 120848, completed instructions: 3361/14570, actively running or decoding instructions: 6, waiting windows: 12495/26367. Max active instruction index: 3398
2024-11-18 22:48:09 | Simulation update: decoder round 121517, completed instructions: 3410/14570, actively running or decoding instructions: 6, waiting windows: 12581/26562. Max active instruction index: 3445
2024-11-18 22:48:19 | Simulation update: decoder round 122179, completed instructions: 3459/14570, actively running or decoding instructions: 7, waiting windows: 12688/26779. Max active instruction index: 3492
2024-11-18 22:48:29 | Simulation update: decoder round 122855, completed instructions: 3511/14570, actively running or decoding instructions: 9, waiting windows: 12761/26974. Max active instruction index: 3538
2024-11-18 22:48:39 | Simulation update: decoder round 123540, completed instructions: 3559/14570, actively running or decoding instructions: 6, waiting windows: 12872/27204. Max active instruction index: 3583
2024-11-18 22:48:49 | Simulation update: decoder round 124224, completed instructions: 3608/14570, actively running or decoding instructions: 7, waiting windows: 12965/27425. Max active instruction index: 3629
2024-11-18 22:48:59 | Simulation update: decoder round 124918, completed instructions: 3663/14570, actively running or decoding instructions: 9, waiting windows: 13053/27619. Max active instruction index: 3673
2024-11-18 22:49:09 | Simulation update: decoder round 125608, completed instructions: 3713/14570, actively running or decoding instructions: 8, waiting windows: 13165/27854. Max active instruction index: 3717
2024-11-18 22:49:19 | Simulation update: decoder round 126287, completed instructions: 3756/14570, actively running or decoding instructions: 5, waiting windows: 13268/28097. Max active instruction index: 3767
2024-11-18 22:49:29 | Simulation update: decoder round 127006, completed instructions: 3806/14570, actively running or decoding instructions: 7, waiting windows: 13376/28337. Max active instruction index: 3822
2024-11-18 22:49:39 | Simulation update: decoder round 127721, completed instructions: 3855/14570, actively running or decoding instructions: 5, waiting windows: 13484/28574. Max active instruction index: 3867
2024-11-18 22:49:49 | Simulation update: decoder round 128415, completed instructions: 3895/14570, actively running or decoding instructions: 8, waiting windows: 13563/28757. Max active instruction index: 3919
2024-11-18 22:49:59 | Simulation update: decoder round 129142, completed instructions: 3964/14570, actively running or decoding instructions: 7, waiting windows: 13683/28996. Max active instruction index: 3983
2024-11-18 22:50:09 | Simulation update: decoder round 129893, completed instructions: 4009/14570, actively running or decoding instructions: 8, waiting windows: 13765/29221. Max active instruction index: 4029
2024-11-18 22:50:19 | Simulation update: decoder round 130603, completed instructions: 4048/14570, actively running or decoding instructions: 7, waiting windows: 13864/29437. Max active instruction index: 4064
2024-11-18 22:50:29 | Simulation update: decoder round 131325, completed instructions: 4101/14570, actively running or decoding instructions: 5, waiting windows: 13981/29674. Max active instruction index: 4119
2024-11-18 22:50:39 | Simulation update: decoder round 132027, completed instructions: 4144/14570, actively running or decoding instructions: 9, waiting windows: 14077/29894. Max active instruction index: 4185
2024-11-18 22:50:49 | Simulation update: decoder round 132781, completed instructions: 4199/14570, actively running or decoding instructions: 6, waiting windows: 14178/30122. Max active instruction index: 4212
2024-11-18 22:50:59 | Simulation update: decoder round 133502, completed instructions: 4251/14570, actively running or decoding instructions: 8, waiting windows: 14302/30378. Max active instruction index: 4291
2024-11-18 22:51:09 | Simulation update: decoder round 134277, completed instructions: 4299/14570, actively running or decoding instructions: 8, waiting windows: 14400/30632. Max active instruction index: 4316
2024-11-18 22:51:19 | Simulation update: decoder round 134996, completed instructions: 4358/14570, actively running or decoding instructions: 8, waiting windows: 14511/30870. Max active instruction index: 4385
2024-11-18 22:51:29 | Simulation update: decoder round 135742, completed instructions: 4404/14570, actively running or decoding instructions: 7, waiting windows: 14631/31114. Max active instruction index: 4421
2024-11-18 22:51:39 | Simulation update: decoder round 136516, completed instructions: 4464/14570, actively running or decoding instructions: 9, waiting windows: 14741/31366. Max active instruction index: 4505
2024-11-18 22:51:49 | Simulation update: decoder round 137260, completed instructions: 4516/14570, actively running or decoding instructions: 7, waiting windows: 14853/31615. Max active instruction index: 4528
2024-11-18 22:51:59 | Simulation update: decoder round 138027, completed instructions: 4574/14570, actively running or decoding instructions: 5, waiting windows: 14971/31880. Max active instruction index: 4594
2024-11-18 22:52:09 | Simulation update: decoder round 138831, completed instructions: 4628/14570, actively running or decoding instructions: 5, waiting windows: 15083/32137. Max active instruction index: 4645
2024-11-18 22:52:19 | Simulation update: decoder round 139575, completed instructions: 4687/14570, actively running or decoding instructions: 6, waiting windows: 15208/32398. Max active instruction index: 4706
2024-11-18 22:52:29 | Simulation update: decoder round 140324, completed instructions: 4736/14570, actively running or decoding instructions: 6, waiting windows: 15318/32663. Max active instruction index: 4750
2024-11-18 22:52:39 | Simulation update: decoder round 141100, completed instructions: 4789/14570, actively running or decoding instructions: 9, waiting windows: 15413/32884. Max active instruction index: 4795
2024-11-18 22:52:50 | Simulation update: decoder round 141904, completed instructions: 4834/14570, actively running or decoding instructions: 6, waiting windows: 15523/33136. Max active instruction index: 4868
2024-11-18 22:53:00 | Simulation update: decoder round 142685, completed instructions: 4901/14570, actively running or decoding instructions: 5, waiting windows: 15648/33408. Max active instruction index: 4907
2024-11-18 22:53:10 | Simulation update: decoder round 143449, completed instructions: 4953/14570, actively running or decoding instructions: 6, waiting windows: 15774/33674. Max active instruction index: 4987
2024-11-18 22:53:20 | Simulation update: decoder round 144252, completed instructions: 5005/14570, actively running or decoding instructions: 5, waiting windows: 15901/33950. Max active instruction index: 5009
2024-11-18 22:53:30 | Simulation update: decoder round 145062, completed instructions: 5067/14570, actively running or decoding instructions: 9, waiting windows: 16013/34215. Max active instruction index: 5078
2024-11-18 22:53:40 | Simulation update: decoder round 145872, completed instructions: 5133/14570, actively running or decoding instructions: 6, waiting windows: 16135/34492. Max active instruction index: 5147
2024-11-18 22:53:50 | Simulation update: decoder round 146683, completed instructions: 5188/14570, actively running or decoding instructions: 7, waiting windows: 16252/34764. Max active instruction index: 5201
2024-11-18 22:54:00 | Simulation update: decoder round 147545, completed instructions: 5258/14570, actively running or decoding instructions: 7, waiting windows: 16368/35022. Max active instruction index: 5270
2024-11-18 22:54:10 | Simulation update: decoder round 148353, completed instructions: 5321/14570, actively running or decoding instructions: 8, waiting windows: 16488/35292. Max active instruction index: 5365
2024-11-18 22:54:20 | Simulation update: decoder round 149197, completed instructions: 5372/14570, actively running or decoding instructions: 6, waiting windows: 16601/35545. Max active instruction index: 5388
2024-11-18 22:54:30 | Simulation update: decoder round 150048, completed instructions: 5439/14570, actively running or decoding instructions: 8, waiting windows: 16727/35826. Max active instruction index: 5446
2024-11-18 22:54:40 | Simulation update: decoder round 150932, completed instructions: 5497/14570, actively running or decoding instructions: 5, waiting windows: 16826/36068. Max active instruction index: 5495
2024-11-18 22:54:50 | Simulation update: decoder round 151792, completed instructions: 5537/14570, actively running or decoding instructions: 6, waiting windows: 16929/36288. Max active instruction index: 5556
2024-11-18 22:55:00 | Simulation update: decoder round 152698, completed instructions: 5548/14570, actively running or decoding instructions: 2, waiting windows: 17019/36480. Max active instruction index: 5540
2024-11-18 22:55:10 | Simulation update: decoder round 153608, completed instructions: 5564/14570, actively running or decoding instructions: 3, waiting windows: 17127/36698. Max active instruction index: 5559
2024-11-18 22:55:20 | Simulation update: decoder round 154485, completed instructions: 5580/14570, actively running or decoding instructions: 4, waiting windows: 17220/36897. Max active instruction index: 5575
2024-11-18 22:55:30 | Simulation update: decoder round 155406, completed instructions: 5595/14570, actively running or decoding instructions: 2, waiting windows: 17321/37108. Max active instruction index: 5591
2024-11-18 22:55:40 | Simulation update: decoder round 156302, completed instructions: 5612/14570, actively running or decoding instructions: 3, waiting windows: 17430/37318. Max active instruction index: 5607
2024-11-18 22:55:50 | Simulation update: decoder round 157197, completed instructions: 5628/14570, actively running or decoding instructions: 3, waiting windows: 17538/37534. Max active instruction index: 5623
2024-11-18 22:56:00 | Simulation update: decoder round 158094, completed instructions: 5644/14570, actively running or decoding instructions: 2, waiting windows: 17638/37750. Max active instruction index: 5639
2024-11-18 22:56:10 | Simulation update: decoder round 159000, completed instructions: 5654/14570, actively running or decoding instructions: 2, waiting windows: 17747/37970. Max active instruction index: 5649
2024-11-18 22:56:20 | Simulation update: decoder round 159877, completed instructions: 5683/14570, actively running or decoding instructions: 9, waiting windows: 17844/38173. Max active instruction index: 5680
2024-11-18 22:56:30 | Simulation update: decoder round 160726, completed instructions: 5697/14570, actively running or decoding instructions: 2, waiting windows: 17955/38397. Max active instruction index: 5689
2024-11-18 22:56:40 | Simulation update: decoder round 161665, completed instructions: 5718/14570, actively running or decoding instructions: 2, waiting windows: 18089/38673. Max active instruction index: 5710
2024-11-18 22:56:50 | Simulation update: decoder round 162567, completed instructions: 5735/14570, actively running or decoding instructions: 3, waiting windows: 18210/38917. Max active instruction index: 5727
2024-11-18 22:57:00 | Simulation update: decoder round 163510, completed instructions: 5750/14570, actively running or decoding instructions: 3, waiting windows: 18344/39186. Max active instruction index: 5743
2024-11-18 22:57:10 | Simulation update: decoder round 164424, completed instructions: 5767/14570, actively running or decoding instructions: 3, waiting windows: 18462/39437. Max active instruction index: 5760
2024-11-18 22:57:20 | Simulation update: decoder round 165316, completed instructions: 5780/14570, actively running or decoding instructions: 3, waiting windows: 18584/39680. Max active instruction index: 5772
2024-11-18 22:57:30 | Simulation update: decoder round 166230, completed instructions: 5797/14570, actively running or decoding instructions: 4, waiting windows: 18697/39919. Max active instruction index: 5789
2024-11-18 22:57:40 | Simulation update: decoder round 167193, completed instructions: 5810/14570, actively running or decoding instructions: 3, waiting windows: 18836/40197. Max active instruction index: 5806
2024-11-18 22:57:50 | Simulation update: decoder round 168094, completed instructions: 5830/14570, actively running or decoding instructions: 4, waiting windows: 18966/40460. Max active instruction index: 5827
2024-11-18 22:58:00 | Simulation update: decoder round 169012, completed instructions: 5847/14570, actively running or decoding instructions: 3, waiting windows: 19093/40723. Max active instruction index: 5839
2024-11-18 22:58:10 | Simulation update: decoder round 169935, completed instructions: 5868/14570, actively running or decoding instructions: 3, waiting windows: 19216/40978. Max active instruction index: 5865
2024-11-18 22:58:20 | Simulation update: decoder round 170861, completed instructions: 5878/14570, actively running or decoding instructions: 2, waiting windows: 19338/41234. Max active instruction index: 5871
2024-11-18 22:58:30 | Simulation update: decoder round 171798, completed instructions: 5895/14570, actively running or decoding instructions: 2, waiting windows: 19467/41495. Max active instruction index: 5887
2024-11-18 22:58:40 | Simulation update: decoder round 172762, completed instructions: 5913/14570, actively running or decoding instructions: 4, waiting windows: 19591/41758. Max active instruction index: 5909
2024-11-18 22:58:50 | Simulation update: decoder round 173722, completed instructions: 5928/14570, actively running or decoding instructions: 4, waiting windows: 19716/42006. Max active instruction index: 5921
2024-11-18 22:59:00 | Simulation update: decoder round 174652, completed instructions: 5947/14570, actively running or decoding instructions: 3, waiting windows: 19844/42265. Max active instruction index: 5939
2024-11-18 22:59:10 | Simulation update: decoder round 175615, completed instructions: 5962/14570, actively running or decoding instructions: 2, waiting windows: 19972/42537. Max active instruction index: 5955
2024-11-18 22:59:20 | Simulation update: decoder round 176538, completed instructions: 5976/14570, actively running or decoding instructions: 1, waiting windows: 20095/42773. Max active instruction index: -1
2024-11-18 22:59:30 | Simulation update: decoder round 177499, completed instructions: 5990/14570, actively running or decoding instructions: 3, waiting windows: 20220/43041. Max active instruction index: 5983
2024-11-18 22:59:40 | Simulation update: decoder round 178428, completed instructions: 6008/14570, actively running or decoding instructions: 3, waiting windows: 20354/43306. Max active instruction index: 6000
2024-11-18 22:59:50 | Simulation update: decoder round 179380, completed instructions: 6029/14570, actively running or decoding instructions: 2, waiting windows: 20480/43567. Max active instruction index: 6022
2024-11-18 23:00:00 | Simulation update: decoder round 180341, completed instructions: 6051/14570, actively running or decoding instructions: 3, waiting windows: 20613/43839. Max active instruction index: 6043
2024-11-18 23:00:10 | Simulation update: decoder round 181358, completed instructions: 6070/14570, actively running or decoding instructions: 4, waiting windows: 20740/44110. Max active instruction index: 6066
2024-11-18 23:00:20 | Simulation update: decoder round 182312, completed instructions: 6084/14570, actively running or decoding instructions: 3, waiting windows: 20862/44362. Max active instruction index: 6077
2024-11-18 23:00:30 | Simulation update: decoder round 183280, completed instructions: 6108/14570, actively running or decoding instructions: 3, waiting windows: 20993/44623. Max active instruction index: 6101
2024-11-18 23:00:40 | Simulation update: decoder round 184236, completed instructions: 6126/14570, actively running or decoding instructions: 3, waiting windows: 21125/44883. Max active instruction index: 6118
2024-11-18 23:00:50 | Simulation update: decoder round 185187, completed instructions: 6142/14570, actively running or decoding instructions: 2, waiting windows: 21257/45159. Max active instruction index: 6134
2024-11-18 23:01:00 | Simulation update: decoder round 186180, completed instructions: 6161/14570, actively running or decoding instructions: 3, waiting windows: 21393/45445. Max active instruction index: 6157
2024-11-18 23:01:10 | Simulation update: decoder round 187164, completed instructions: 6181/14570, actively running or decoding instructions: 4, waiting windows: 21539/45730. Max active instruction index: 6179
2024-11-18 23:01:20 | Simulation update: decoder round 188134, completed instructions: 6194/14570, actively running or decoding instructions: 3, waiting windows: 21662/45990. Max active instruction index: 6186
2024-11-18 23:01:30 | Simulation update: decoder round 189139, completed instructions: 6215/14570, actively running or decoding instructions: 2, waiting windows: 21798/46267. Max active instruction index: 6207
2024-11-18 23:01:40 | Simulation update: decoder round 190135, completed instructions: 6232/14570, actively running or decoding instructions: 3, waiting windows: 21931/46544. Max active instruction index: 6224
2024-11-18 23:01:50 | Simulation update: decoder round 191116, completed instructions: 6246/14570, actively running or decoding instructions: 2, waiting windows: 22060/46818. Max active instruction index: 6239
2024-11-18 23:02:00 | Simulation update: decoder round 192134, completed instructions: 6269/14570, actively running or decoding instructions: 4, waiting windows: 22201/47092. Max active instruction index: 6267
2024-11-18 23:02:10 | Simulation update: decoder round 193134, completed instructions: 6283/14570, actively running or decoding instructions: 3, waiting windows: 22342/47380. Max active instruction index: 6279
2024-11-18 23:02:20 | Simulation update: decoder round 194126, completed instructions: 6302/14570, actively running or decoding instructions: 2, waiting windows: 22464/47643. Max active instruction index: 6295
2024-11-18 23:02:30 | Simulation update: decoder round 195117, completed instructions: 6320/14570, actively running or decoding instructions: 2, waiting windows: 22587/47897. Max active instruction index: 6313
2024-11-18 23:02:40 | Simulation update: decoder round 196115, completed instructions: 6340/14570, actively running or decoding instructions: 2, waiting windows: 22728/48168. Max active instruction index: 6335
2024-11-18 23:02:50 | Simulation update: decoder round 197090, completed instructions: 6359/14570, actively running or decoding instructions: 4, waiting windows: 22863/48450. Max active instruction index: 6357
2024-11-18 23:03:00 | Simulation update: decoder round 198107, completed instructions: 6376/14570, actively running or decoding instructions: 4, waiting windows: 22992/48727. Max active instruction index: 6369
2024-11-18 23:03:10 | Simulation update: decoder round 199118, completed instructions: 6398/14570, actively running or decoding instructions: 2, waiting windows: 23137/49014. Max active instruction index: 6390
2024-11-18 23:03:20 | Simulation update: decoder round 200139, completed instructions: 6437/14570, actively running or decoding instructions: 5, waiting windows: 23281/49303. Max active instruction index: 6977
2024-11-18 23:03:30 | Simulation update: decoder round 201147, completed instructions: 6481/14570, actively running or decoding instructions: 5, waiting windows: 23436/49634. Max active instruction index: 7011
2024-11-18 23:03:40 | Simulation update: decoder round 202162, completed instructions: 6519/14570, actively running or decoding instructions: 6, waiting windows: 23586/49953. Max active instruction index: 7057
2024-11-18 23:03:50 | Simulation update: decoder round 203213, completed instructions: 6559/14570, actively running or decoding instructions: 4, waiting windows: 23758/50308. Max active instruction index: 7090
2024-11-18 23:04:00 | Simulation update: decoder round 204258, completed instructions: 6602/14570, actively running or decoding instructions: 5, waiting windows: 23916/50649. Max active instruction index: 7126
2024-11-18 23:04:10 | Simulation update: decoder round 205290, completed instructions: 6641/14570, actively running or decoding instructions: 5, waiting windows: 24057/50957. Max active instruction index: 7169
2024-11-18 23:04:20 | Simulation update: decoder round 206388, completed instructions: 6700/14570, actively running or decoding instructions: 4, waiting windows: 24227/51305. Max active instruction index: 7228
2024-11-18 23:04:30 | Simulation update: decoder round 207453, completed instructions: 6748/14570, actively running or decoding instructions: 6, waiting windows: 24373/51628. Max active instruction index: 7269
2024-11-18 23:04:40 | Simulation update: decoder round 208517, completed instructions: 6785/14570, actively running or decoding instructions: 6, waiting windows: 24533/51976. Max active instruction index: 7313
2024-11-18 23:04:50 | Simulation update: decoder round 209588, completed instructions: 6837/14570, actively running or decoding instructions: 3, waiting windows: 24701/52318. Max active instruction index: 7359
2024-11-18 23:05:00 | Simulation update: decoder round 210669, completed instructions: 6876/14570, actively running or decoding instructions: 7, waiting windows: 24857/52657. Max active instruction index: 7397
2024-11-18 23:05:10 | Simulation update: decoder round 211759, completed instructions: 6921/14570, actively running or decoding instructions: 6, waiting windows: 25016/53001. Max active instruction index: 7441
2024-11-18 23:05:20 | Simulation update: decoder round 212848, completed instructions: 6962/14570, actively running or decoding instructions: 4, waiting windows: 25189/53347. Max active instruction index: 7479
2024-11-18 23:05:30 | Simulation update: decoder round 213963, completed instructions: 7006/14570, actively running or decoding instructions: 3, waiting windows: 25358/53710. Max active instruction index: 7511
2024-11-18 23:05:40 | Simulation update: decoder round 215103, completed instructions: 7055/14570, actively running or decoding instructions: 4, waiting windows: 25528/54078. Max active instruction index: 7561
2024-11-18 23:05:50 | Simulation update: decoder round 216203, completed instructions: 7113/14570, actively running or decoding instructions: 5, waiting windows: 25702/54457. Max active instruction index: 7623
2024-11-18 23:06:00 | Simulation update: decoder round 217359, completed instructions: 7165/14570, actively running or decoding instructions: 5, waiting windows: 25891/54850. Max active instruction index: 7669
2024-11-18 23:06:10 | Simulation update: decoder round 218398, completed instructions: 7205/14570, actively running or decoding instructions: 3, waiting windows: 26059/55211. Max active instruction index: 7705
2024-11-18 23:06:20 | Simulation update: decoder round 219534, completed instructions: 7247/14570, actively running or decoding instructions: 6, waiting windows: 26229/55577. Max active instruction index: 7757
2024-11-18 23:06:30 | Simulation update: decoder round 220693, completed instructions: 7305/14570, actively running or decoding instructions: 6, waiting windows: 26395/55934. Max active instruction index: 7815
2024-11-18 23:06:40 | Simulation update: decoder round 221847, completed instructions: 7357/14570, actively running or decoding instructions: 5, waiting windows: 26580/56327. Max active instruction index: 7862
2024-11-18 23:06:50 | Simulation update: decoder round 223010, completed instructions: 7403/14570, actively running or decoding instructions: 5, waiting windows: 26762/56713. Max active instruction index: 7913
2024-11-18 23:07:00 | Simulation update: decoder round 224174, completed instructions: 7451/14570, actively running or decoding instructions: 5, waiting windows: 26935/57103. Max active instruction index: 7949
2024-11-18 23:07:10 | Simulation update: decoder round 225361, completed instructions: 7508/14570, actively running or decoding instructions: 4, waiting windows: 27128/57494. Max active instruction index: 8014
2024-11-18 23:07:20 | Simulation update: decoder round 226564, completed instructions: 7560/14570, actively running or decoding instructions: 6, waiting windows: 27302/57877. Max active instruction index: 8070
2024-11-18 23:07:30 | Simulation update: decoder round 227776, completed instructions: 7615/14570, actively running or decoding instructions: 6, waiting windows: 27486/58272. Max active instruction index: 8127
2024-11-18 23:07:40 | Simulation update: decoder round 228980, completed instructions: 7665/14570, actively running or decoding instructions: 6, waiting windows: 27664/58647. Max active instruction index: 8175
2024-11-18 23:07:50 | Simulation update: decoder round 230219, completed instructions: 7714/14570, actively running or decoding instructions: 3, waiting windows: 27854/59049. Max active instruction index: 8227
2024-11-18 23:08:00 | Simulation update: decoder round 231465, completed instructions: 7769/14570, actively running or decoding instructions: 5, waiting windows: 28028/59439. Max active instruction index: 8259
2024-11-18 23:08:10 | Simulation update: decoder round 232717, completed instructions: 7820/14570, actively running or decoding instructions: 3, waiting windows: 28228/59851. Max active instruction index: 8311
2024-11-18 23:08:20 | Simulation update: decoder round 233978, completed instructions: 7883/14570, actively running or decoding instructions: 6, waiting windows: 28432/60283. Max active instruction index: 8388
2024-11-18 23:08:30 | Simulation update: decoder round 235259, completed instructions: 7935/14570, actively running or decoding instructions: 4, waiting windows: 28623/60693. Max active instruction index: 8423
2024-11-18 23:08:40 | Simulation update: decoder round 236566, completed instructions: 7997/14570, actively running or decoding instructions: 4, waiting windows: 28821/61121. Max active instruction index: 8495
2024-11-18 23:08:50 | Simulation update: decoder round 237902, completed instructions: 8053/14570, actively running or decoding instructions: 7, waiting windows: 29014/61541. Max active instruction index: 8545
2024-11-18 23:09:00 | Simulation update: decoder round 239229, completed instructions: 8120/14570, actively running or decoding instructions: 10, waiting windows: 29215/61982. Max active instruction index: 8638
2024-11-18 23:09:10 | Simulation update: decoder round 240599, completed instructions: 8179/14570, actively running or decoding instructions: 5, waiting windows: 29439/62441. Max active instruction index: 8696
2024-11-18 23:09:20 | Simulation update: decoder round 241984, completed instructions: 8227/14570, actively running or decoding instructions: 7, waiting windows: 29627/62850. Max active instruction index: 8738
2024-11-18 23:09:30 | Simulation update: decoder round 243373, completed instructions: 8272/14570, actively running or decoding instructions: 3, waiting windows: 29852/63306. Max active instruction index: 8786
2024-11-18 23:09:40 | Simulation update: decoder round 244788, completed instructions: 8320/14570, actively running or decoding instructions: 5, waiting windows: 30078/63773. Max active instruction index: 8831
2024-11-18 23:09:50 | Simulation update: decoder round 246257, completed instructions: 8366/14570, actively running or decoding instructions: 5, waiting windows: 30282/64204. Max active instruction index: 8876
2024-11-18 23:10:00 | Simulation update: decoder round 247678, completed instructions: 8426/14570, actively running or decoding instructions: 5, waiting windows: 30505/64655. Max active instruction index: 8936
2024-11-18 23:10:10 | Simulation update: decoder round 249126, completed instructions: 8472/14570, actively running or decoding instructions: 4, waiting windows: 30711/65109. Max active instruction index: 8976
2024-11-18 23:10:20 | Simulation update: decoder round 250616, completed instructions: 8531/14570, actively running or decoding instructions: 7, waiting windows: 30926/65554. Max active instruction index: 9034
2024-11-18 23:10:30 | Simulation update: decoder round 252123, completed instructions: 8590/14570, actively running or decoding instructions: 5, waiting windows: 31150/66008. Max active instruction index: 9102
2024-11-18 23:10:40 | Simulation update: decoder round 253653, completed instructions: 8644/14570, actively running or decoding instructions: 3, waiting windows: 31367/66478. Max active instruction index: 9158
2024-11-18 23:10:50 | Simulation update: decoder round 255166, completed instructions: 8708/14570, actively running or decoding instructions: 4, waiting windows: 31604/66962. Max active instruction index: 9226
2024-11-18 23:11:00 | Simulation update: decoder round 256689, completed instructions: 8765/14570, actively running or decoding instructions: 4, waiting windows: 31841/67458. Max active instruction index: 9298
2024-11-18 23:11:10 | Simulation update: decoder round 258242, completed instructions: 8810/14570, actively running or decoding instructions: 6, waiting windows: 32073/67944. Max active instruction index: 9330
2024-11-18 23:11:20 | Simulation update: decoder round 259838, completed instructions: 8871/14570, actively running or decoding instructions: 7, waiting windows: 32280/68385. Max active instruction index: 9387
2024-11-18 23:11:30 | Simulation update: decoder round 261482, completed instructions: 8936/14570, actively running or decoding instructions: 5, waiting windows: 32548/68925. Max active instruction index: 9493
2024-11-18 23:11:40 | Simulation update: decoder round 263124, completed instructions: 8990/14570, actively running or decoding instructions: 6, waiting windows: 32799/69444. Max active instruction index: 9572
2024-11-18 23:11:50 | Simulation update: decoder round 264782, completed instructions: 9050/14570, actively running or decoding instructions: 3, waiting windows: 33057/69983. Max active instruction index: 9676
2024-11-18 23:12:00 | Simulation update: decoder round 266496, completed instructions: 9109/14570, actively running or decoding instructions: 3, waiting windows: 33324/70551. Max active instruction index: 9768
2024-11-18 23:12:10 | Simulation update: decoder round 268141, completed instructions: 9157/14570, actively running or decoding instructions: 5, waiting windows: 33583/71082. Max active instruction index: 9842
2024-11-18 23:12:20 | Simulation update: decoder round 269897, completed instructions: 9220/14570, actively running or decoding instructions: 4, waiting windows: 33856/71658. Max active instruction index: 9950
2024-11-18 23:12:30 | Simulation update: decoder round 271670, completed instructions: 9281/14570, actively running or decoding instructions: 5, waiting windows: 34126/72224. Max active instruction index: 10081
2024-11-18 23:12:40 | Simulation update: decoder round 273468, completed instructions: 9345/14570, actively running or decoding instructions: 4, waiting windows: 34402/72801. Max active instruction index: 10198
2024-11-18 23:12:50 | Simulation update: decoder round 275310, completed instructions: 9409/14570, actively running or decoding instructions: 5, waiting windows: 34699/73413. Max active instruction index: 10331
2024-11-18 23:13:00 | Simulation update: decoder round 277168, completed instructions: 9478/14570, actively running or decoding instructions: 6, waiting windows: 34965/73988. Max active instruction index: 10491
2024-11-18 23:13:10 | Simulation update: decoder round 279044, completed instructions: 9551/14570, actively running or decoding instructions: 5, waiting windows: 35253/74587. Max active instruction index: 10641
2024-11-18 23:13:20 | Simulation update: decoder round 281021, completed instructions: 9583/14570, actively running or decoding instructions: 4, waiting windows: 35536/75160. Max active instruction index: 9090
2024-11-18 23:13:30 | Simulation update: decoder round 282985, completed instructions: 9612/14570, actively running or decoding instructions: 4, waiting windows: 35776/75660. Max active instruction index: 9142
2024-11-18 23:13:40 | Simulation update: decoder round 284940, completed instructions: 9648/14570, actively running or decoding instructions: 3, waiting windows: 36041/76196. Max active instruction index: 9221
2024-11-18 23:13:50 | Simulation update: decoder round 286945, completed instructions: 9689/14570, actively running or decoding instructions: 4, waiting windows: 36314/76754. Max active instruction index: 9303
2024-11-18 23:14:00 | Simulation update: decoder round 288969, completed instructions: 9727/14570, actively running or decoding instructions: 4, waiting windows: 36596/77329. Max active instruction index: 9380
2024-11-18 23:14:10 | Simulation update: decoder round 291035, completed instructions: 9783/14570, actively running or decoding instructions: 4, waiting windows: 36837/77859. Max active instruction index: 9472
2024-11-18 23:14:20 | Simulation update: decoder round 293173, completed instructions: 9885/14570, actively running or decoding instructions: 4, waiting windows: 37100/78406. Max active instruction index: 9600
2024-11-18 23:14:30 | Simulation update: decoder round 295348, completed instructions: 9995/14570, actively running or decoding instructions: 4, waiting windows: 37343/78947. Max active instruction index: 9749
2024-11-18 23:14:40 | Simulation update: decoder round 297626, completed instructions: 10109/14570, actively running or decoding instructions: 6, waiting windows: 37635/79568. Max active instruction index: 9925
2024-11-18 23:14:50 | Simulation update: decoder round 299991, completed instructions: 10227/14570, actively running or decoding instructions: 8, waiting windows: 37893/80136. Max active instruction index: 10087
2024-11-18 23:15:00 | Simulation update: decoder round 302452, completed instructions: 10347/14570, actively running or decoding instructions: 4, waiting windows: 38180/80769. Max active instruction index: 10237
2024-11-18 23:15:10 | Simulation update: decoder round 305032, completed instructions: 10488/14570, actively running or decoding instructions: 6, waiting windows: 38493/81453. Max active instruction index: 10453
2024-11-18 23:15:20 | Simulation update: decoder round 307688, completed instructions: 10618/14570, actively running or decoding instructions: 4, waiting windows: 38805/82158. Max active instruction index: 10606
2024-11-18 23:15:30 | Simulation update: decoder round 310559, completed instructions: 10761/14570, actively running or decoding instructions: 4, waiting windows: 39133/82885. Max active instruction index: 10754
2024-11-18 23:15:40 | Simulation update: decoder round 313592, completed instructions: 10920/14570, actively running or decoding instructions: 5, waiting windows: 39493/83665. Max active instruction index: 10913
2024-11-18 23:15:50 | Simulation update: decoder round 316842, completed instructions: 11067/14570, actively running or decoding instructions: 4, waiting windows: 39865/84488. Max active instruction index: 11065
2024-11-18 23:16:00 | Simulation update: decoder round 320334, completed instructions: 11263/14570, actively running or decoding instructions: 6, waiting windows: 40276/85396. Max active instruction index: 11267
2024-11-18 23:16:10 | Simulation update: decoder round 324142, completed instructions: 11344/14570, actively running or decoding instructions: 2, waiting windows: 40700/86289. Max active instruction index: 11335
2024-11-18 23:16:20 | Simulation update: decoder round 328135, completed instructions: 11419/14570, actively running or decoding instructions: 4, waiting windows: 41125/87168. Max active instruction index: 11413
2024-11-18 23:16:30 | Simulation update: decoder round 332298, completed instructions: 11492/14570, actively running or decoding instructions: 3, waiting windows: 41598/88137. Max active instruction index: 11488
2024-11-18 23:16:40 | Simulation update: decoder round 336624, completed instructions: 11570/14570, actively running or decoding instructions: 2, waiting windows: 42089/89140. Max active instruction index: 11560
2024-11-18 23:16:50 | Simulation update: decoder round 341209, completed instructions: 11660/14570, actively running or decoding instructions: 2, waiting windows: 42587/90162. Max active instruction index: 11650
2024-11-18 23:17:00 | Simulation update: decoder round 346052, completed instructions: 11750/14570, actively running or decoding instructions: 3, waiting windows: 43097/91223. Max active instruction index: 11741
2024-11-18 23:17:10 | Simulation update: decoder round 351126, completed instructions: 11889/14570, actively running or decoding instructions: 4, waiting windows: 43660/92402. Max active instruction index: 11880
2024-11-18 23:17:20 | Simulation update: decoder round 356766, completed instructions: 12174/14570, actively running or decoding instructions: 5, waiting windows: 44263/93733. Max active instruction index: 12164
2024-11-18 23:17:30 | Simulation update: decoder round 362857, completed instructions: 12478/14570, actively running or decoding instructions: 6, waiting windows: 44931/95203. Max active instruction index: 12483
2024-11-18 23:17:40 | Simulation update: decoder round 370849, completed instructions: 12855/14570, actively running or decoding instructions: 5, waiting windows: 45803/97121. Max active instruction index: 12849
2024-11-18 23:17:50 | Simulation update: decoder round 383599, completed instructions: 13393/14570, actively running or decoding instructions: 4, waiting windows: 46962/99702. Max active instruction index: 13382
2024-11-18 23:17:58 | Finished simulation
2024-11-18 23:17:59 | Finished saving output. Done! Total elapsed time: 1:15:53.287905
