CONFIG 511
benchmark_file: slurm/data/20241118_215925/benchmarks/fermi_hubbard_2_2.lss
decoder_latency_or_dist_filename: slurm/data/20241118_215925/decoder_dists.json
distance: 21
lightweight_setting: 2
max_parallel_processes: predict
missed_speculation_modifier: 1.4
poison_policy: successors
rng: 3
scheduling_method: parallel
speculation_accuracy: 0.9
speculation_latency: 1
speculation_mode: separate
2024-11-18 22:02:07 | Loading benchmark slurm/data/20241118_215925/benchmarks/fermi_hubbard_2_2.lss...
2024-11-18 22:02:08 | Starting simulation
PREDICTION STEP BEGIN---------------------------------
Predicted max parallel processes: 142

PREDICTION STEP END-----------------------------------

2024-11-18 22:22:48 | Simulation update: decoder round 1, completed instructions: 0/14751, actively running or decoding instructions: 13, waiting windows: 0/0. Max active instruction index: 30
2024-11-18 22:22:58 | Simulation update: decoder round 960, completed instructions: 54/14751, actively running or decoding instructions: 2, waiting windows: 379/645. Max active instruction index: 50
2024-11-18 22:23:08 | Simulation update: decoder round 1919, completed instructions: 73/14751, actively running or decoding instructions: 2, waiting windows: 697/1276. Max active instruction index: 73
2024-11-18 22:23:18 | Simulation update: decoder round 2880, completed instructions: 94/14751, actively running or decoding instructions: 3, waiting windows: 1025/1924. Max active instruction index: 90
2024-11-18 22:23:28 | Simulation update: decoder round 3841, completed instructions: 110/14751, actively running or decoding instructions: 3, waiting windows: 1323/2546. Max active instruction index: 106
2024-11-18 22:23:38 | Simulation update: decoder round 4804, completed instructions: 126/14751, actively running or decoding instructions: 3, waiting windows: 1643/3192. Max active instruction index: 122
2024-11-18 22:23:48 | Simulation update: decoder round 5769, completed instructions: 141/14751, actively running or decoding instructions: 4, waiting windows: 1964/3839. Max active instruction index: 143
2024-11-18 22:23:58 | Simulation update: decoder round 6735, completed instructions: 160/14751, actively running or decoding instructions: 4, waiting windows: 2277/4474. Max active instruction index: 156
2024-11-18 22:24:08 | Simulation update: decoder round 7702, completed instructions: 175/14751, actively running or decoding instructions: 3, waiting windows: 2595/5120. Max active instruction index: 171
2024-11-18 22:24:18 | Simulation update: decoder round 8674, completed instructions: 192/14751, actively running or decoding instructions: 2, waiting windows: 2926/5766. Max active instruction index: 188
2024-11-18 22:24:28 | Simulation update: decoder round 9647, completed instructions: 215/14751, actively running or decoding instructions: 3, waiting windows: 3234/6405. Max active instruction index: 211
2024-11-18 22:24:38 | Simulation update: decoder round 10626, completed instructions: 227/14751, actively running or decoding instructions: 3, waiting windows: 3555/7051. Max active instruction index: 227
2024-11-18 22:24:48 | Simulation update: decoder round 11599, completed instructions: 247/14751, actively running or decoding instructions: 4, waiting windows: 3879/7702. Max active instruction index: 244
2024-11-18 22:24:58 | Simulation update: decoder round 12585, completed instructions: 265/14751, actively running or decoding instructions: 4, waiting windows: 4193/8339. Max active instruction index: 261
2024-11-18 22:25:08 | Simulation update: decoder round 13573, completed instructions: 282/14751, actively running or decoding instructions: 3, waiting windows: 4518/8989. Max active instruction index: 278
2024-11-18 22:25:18 | Simulation update: decoder round 14562, completed instructions: 303/14751, actively running or decoding instructions: 3, waiting windows: 4851/9650. Max active instruction index: 304
2024-11-18 22:25:28 | Simulation update: decoder round 15554, completed instructions: 314/14751, actively running or decoding instructions: 5, waiting windows: 5153/10286. Max active instruction index: 316
2024-11-18 22:25:38 | Simulation update: decoder round 16553, completed instructions: 331/14751, actively running or decoding instructions: 2, waiting windows: 5476/10938. Max active instruction index: 328
2024-11-18 22:25:48 | Simulation update: decoder round 17552, completed instructions: 350/14751, actively running or decoding instructions: 4, waiting windows: 5791/11578. Max active instruction index: 346
2024-11-18 22:25:58 | Simulation update: decoder round 18486, completed instructions: 372/14751, actively running or decoding instructions: 5, waiting windows: 6109/12201. Max active instruction index: 373
2024-11-18 22:26:08 | Simulation update: decoder round 19492, completed instructions: 384/14751, actively running or decoding instructions: 4, waiting windows: 6438/12862. Max active instruction index: 380
2024-11-18 22:26:18 | Simulation update: decoder round 20498, completed instructions: 406/14751, actively running or decoding instructions: 4, waiting windows: 6758/13525. Max active instruction index: 402
2024-11-18 22:26:28 | Simulation update: decoder round 21504, completed instructions: 422/14751, actively running or decoding instructions: 3, waiting windows: 7080/14177. Max active instruction index: 418
2024-11-18 22:26:38 | Simulation update: decoder round 22512, completed instructions: 437/14751, actively running or decoding instructions: 2, waiting windows: 7417/14855. Max active instruction index: 433
2024-11-18 22:26:48 | Simulation update: decoder round 23529, completed instructions: 454/14751, actively running or decoding instructions: 2, waiting windows: 7759/15541. Max active instruction index: 450
2024-11-18 22:26:58 | Simulation update: decoder round 24537, completed instructions: 475/14751, actively running or decoding instructions: 3, waiting windows: 8099/16220. Max active instruction index: 477
2024-11-18 22:27:08 | Simulation update: decoder round 25554, completed instructions: 493/14751, actively running or decoding instructions: 3, waiting windows: 8427/16887. Max active instruction index: 489
2024-11-18 22:27:18 | Simulation update: decoder round 26572, completed instructions: 510/14751, actively running or decoding instructions: 4, waiting windows: 8763/17557. Max active instruction index: 506
2024-11-18 22:27:28 | Simulation update: decoder round 27590, completed instructions: 526/14751, actively running or decoding instructions: 4, waiting windows: 9087/18216. Max active instruction index: 522
2024-11-18 22:27:38 | Simulation update: decoder round 28590, completed instructions: 542/14751, actively running or decoding instructions: 2, waiting windows: 9421/18888. Max active instruction index: 538
2024-11-18 22:27:48 | Simulation update: decoder round 29500, completed instructions: 557/14751, actively running or decoding instructions: 3, waiting windows: 9718/19492. Max active instruction index: 553
2024-11-18 22:27:58 | Simulation update: decoder round 30410, completed instructions: 573/14751, actively running or decoding instructions: 3, waiting windows: 10025/20108. Max active instruction index: 569
2024-11-18 22:28:08 | Simulation update: decoder round 31326, completed instructions: 588/14751, actively running or decoding instructions: 3, waiting windows: 10312/20706. Max active instruction index: 585
2024-11-18 22:28:18 | Simulation update: decoder round 32242, completed instructions: 629/14751, actively running or decoding instructions: 2, waiting windows: 10641/21364. Max active instruction index: 623
2024-11-18 22:28:28 | Simulation update: decoder round 33167, completed instructions: 652/14751, actively running or decoding instructions: 3, waiting windows: 10958/22012. Max active instruction index: 646
2024-11-18 22:28:38 | Simulation update: decoder round 34202, completed instructions: 674/14751, actively running or decoding instructions: 3, waiting windows: 11325/22759. Max active instruction index: 668
2024-11-18 22:28:48 | Simulation update: decoder round 35242, completed instructions: 704/14751, actively running or decoding instructions: 3, waiting windows: 11706/23519. Max active instruction index: 699
2024-11-18 22:28:58 | Simulation update: decoder round 36292, completed instructions: 726/14751, actively running or decoding instructions: 3, waiting windows: 12071/24263. Max active instruction index: 721
2024-11-18 22:29:08 | Simulation update: decoder round 37346, completed instructions: 748/14751, actively running or decoding instructions: 3, waiting windows: 12431/25007. Max active instruction index: 743
2024-11-18 22:29:18 | Simulation update: decoder round 38405, completed instructions: 772/14751, actively running or decoding instructions: 4, waiting windows: 12785/25735. Max active instruction index: 766
2024-11-18 22:29:28 | Simulation update: decoder round 39390, completed instructions: 794/14751, actively running or decoding instructions: 2, waiting windows: 13134/26450. Max active instruction index: 788
2024-11-18 22:29:38 | Simulation update: decoder round 40452, completed instructions: 823/14751, actively running or decoding instructions: 3, waiting windows: 13518/27214. Max active instruction index: 817
2024-11-18 22:29:48 | Simulation update: decoder round 41515, completed instructions: 851/14751, actively running or decoding instructions: 3, waiting windows: 13882/27970. Max active instruction index: 846
2024-11-18 22:29:58 | Simulation update: decoder round 42590, completed instructions: 875/14751, actively running or decoding instructions: 3, waiting windows: 14254/28731. Max active instruction index: 870
2024-11-18 22:30:08 | Simulation update: decoder round 43664, completed instructions: 906/14751, actively running or decoding instructions: 3, waiting windows: 14633/29495. Max active instruction index: 907
2024-11-18 22:30:18 | Simulation update: decoder round 44744, completed instructions: 937/14751, actively running or decoding instructions: 4, waiting windows: 15003/30262. Max active instruction index: 938
2024-11-18 22:30:28 | Simulation update: decoder round 45826, completed instructions: 959/14751, actively running or decoding instructions: 2, waiting windows: 15390/31038. Max active instruction index: 959
2024-11-18 22:30:38 | Simulation update: decoder round 46915, completed instructions: 990/14751, actively running or decoding instructions: 2, waiting windows: 15782/31825. Max active instruction index: 984
2024-11-18 22:30:48 | Simulation update: decoder round 48010, completed instructions: 1019/14751, actively running or decoding instructions: 3, waiting windows: 16164/32609. Max active instruction index: 1014
2024-11-18 22:30:58 | Simulation update: decoder round 49111, completed instructions: 1050/14751, actively running or decoding instructions: 4, waiting windows: 16529/33374. Max active instruction index: 1044
2024-11-18 22:31:08 | Simulation update: decoder round 50211, completed instructions: 1078/14751, actively running or decoding instructions: 3, waiting windows: 16920/34168. Max active instruction index: 1072
2024-11-18 22:31:18 | Simulation update: decoder round 51319, completed instructions: 1107/14751, actively running or decoding instructions: 3, waiting windows: 17312/34973. Max active instruction index: 1101
2024-11-18 22:31:28 | Simulation update: decoder round 52433, completed instructions: 1137/14751, actively running or decoding instructions: 3, waiting windows: 17710/35768. Max active instruction index: 1132
2024-11-18 22:31:38 | Simulation update: decoder round 53551, completed instructions: 1160/14751, actively running or decoding instructions: 2, waiting windows: 18097/36568. Max active instruction index: 1155
2024-11-18 22:31:48 | Simulation update: decoder round 54670, completed instructions: 1192/14751, actively running or decoding instructions: 4, waiting windows: 18484/37344. Max active instruction index: 1186
2024-11-18 22:31:58 | Simulation update: decoder round 55796, completed instructions: 1213/14751, actively running or decoding instructions: 2, waiting windows: 18863/38138. Max active instruction index: 1208
2024-11-18 22:32:08 | Simulation update: decoder round 56923, completed instructions: 1243/14751, actively running or decoding instructions: 2, waiting windows: 19274/38957. Max active instruction index: 1237
2024-11-18 22:32:18 | Simulation update: decoder round 58058, completed instructions: 1266/14751, actively running or decoding instructions: 4, waiting windows: 19663/39761. Max active instruction index: 1266
2024-11-18 22:32:28 | Simulation update: decoder round 59113, completed instructions: 1295/14751, actively running or decoding instructions: 3, waiting windows: 20021/40495. Max active instruction index: 1289
2024-11-18 22:32:38 | Simulation update: decoder round 60252, completed instructions: 1324/14751, actively running or decoding instructions: 3, waiting windows: 20439/41317. Max active instruction index: 1319
2024-11-18 22:32:48 | Simulation update: decoder round 61394, completed instructions: 1348/14751, actively running or decoding instructions: 2, waiting windows: 20818/42109. Max active instruction index: 1342
2024-11-18 22:32:58 | Simulation update: decoder round 62539, completed instructions: 1437/14751, actively running or decoding instructions: 5, waiting windows: 21268/43028. Max active instruction index: 1445
2024-11-18 22:33:08 | Simulation update: decoder round 63692, completed instructions: 1497/14751, actively running or decoding instructions: 6, waiting windows: 21708/43942. Max active instruction index: 1497
2024-11-18 22:33:18 | Simulation update: decoder round 64848, completed instructions: 1556/14751, actively running or decoding instructions: 4, waiting windows: 22152/44885. Max active instruction index: 1557
2024-11-18 22:33:28 | Simulation update: decoder round 66018, completed instructions: 1625/14751, actively running or decoding instructions: 4, waiting windows: 22606/45818. Max active instruction index: 1625
2024-11-18 22:33:38 | Simulation update: decoder round 67198, completed instructions: 1699/14751, actively running or decoding instructions: 5, waiting windows: 23080/46792. Max active instruction index: 1700
2024-11-18 22:33:48 | Simulation update: decoder round 68389, completed instructions: 1749/14751, actively running or decoding instructions: 5, waiting windows: 23548/47773. Max active instruction index: 1741
2024-11-18 22:33:58 | Simulation update: decoder round 69600, completed instructions: 1817/14751, actively running or decoding instructions: 4, waiting windows: 24042/48773. Max active instruction index: 1810
2024-11-18 22:34:08 | Simulation update: decoder round 70819, completed instructions: 1883/14751, actively running or decoding instructions: 5, waiting windows: 24537/49789. Max active instruction index: 1876
2024-11-18 22:34:18 | Simulation update: decoder round 72054, completed instructions: 1950/14751, actively running or decoding instructions: 6, waiting windows: 25011/50807. Max active instruction index: 1941
2024-11-18 22:34:28 | Simulation update: decoder round 73304, completed instructions: 2017/14751, actively running or decoding instructions: 5, waiting windows: 25503/51810. Max active instruction index: 2020
2024-11-18 22:34:38 | Simulation update: decoder round 74569, completed instructions: 2079/14751, actively running or decoding instructions: 4, waiting windows: 25996/52840. Max active instruction index: 2088
2024-11-18 22:34:48 | Simulation update: decoder round 75852, completed instructions: 2154/14751, actively running or decoding instructions: 4, waiting windows: 26487/53871. Max active instruction index: 2158
2024-11-18 22:34:58 | Simulation update: decoder round 77146, completed instructions: 2222/14751, actively running or decoding instructions: 4, waiting windows: 26997/54905. Max active instruction index: 2226
2024-11-18 22:35:08 | Simulation update: decoder round 78349, completed instructions: 2289/14751, actively running or decoding instructions: 4, waiting windows: 27470/55901. Max active instruction index: 2292
2024-11-18 22:35:18 | Simulation update: decoder round 79667, completed instructions: 2364/14751, actively running or decoding instructions: 4, waiting windows: 28001/56991. Max active instruction index: 2368
2024-11-18 22:35:28 | Simulation update: decoder round 80998, completed instructions: 2431/14751, actively running or decoding instructions: 4, waiting windows: 28527/58084. Max active instruction index: 2434
2024-11-18 22:35:38 | Simulation update: decoder round 82352, completed instructions: 2513/14751, actively running or decoding instructions: 5, waiting windows: 29068/59204. Max active instruction index: 2516
2024-11-18 22:35:48 | Simulation update: decoder round 83721, completed instructions: 2589/14751, actively running or decoding instructions: 7, waiting windows: 29587/60306. Max active instruction index: 2602
2024-11-18 22:35:58 | Simulation update: decoder round 85115, completed instructions: 2658/14751, actively running or decoding instructions: 5, waiting windows: 30127/61418. Max active instruction index: 2672
2024-11-18 22:36:08 | Simulation update: decoder round 86529, completed instructions: 2738/14751, actively running or decoding instructions: 4, waiting windows: 30679/62549. Max active instruction index: 2740
2024-11-18 22:36:18 | Simulation update: decoder round 87963, completed instructions: 2815/14751, actively running or decoding instructions: 5, waiting windows: 31243/63727. Max active instruction index: 2824
2024-11-18 22:36:28 | Simulation update: decoder round 89416, completed instructions: 2887/14751, actively running or decoding instructions: 4, waiting windows: 31820/64931. Max active instruction index: 2881
2024-11-18 22:36:38 | Simulation update: decoder round 90893, completed instructions: 2965/14751, actively running or decoding instructions: 5, waiting windows: 32406/66129. Max active instruction index: 2958
2024-11-18 22:36:48 | Simulation update: decoder round 92400, completed instructions: 3033/14751, actively running or decoding instructions: 4, waiting windows: 32948/67288. Max active instruction index: 3028
2024-11-18 22:36:58 | Simulation update: decoder round 93823, completed instructions: 3083/14751, actively running or decoding instructions: 3, waiting windows: 33484/68371. Max active instruction index: 3075
2024-11-18 22:37:08 | Simulation update: decoder round 95162, completed instructions: 3119/14751, actively running or decoding instructions: 2, waiting windows: 33987/69404. Max active instruction index: 3112
2024-11-18 22:37:18 | Simulation update: decoder round 96521, completed instructions: 3168/14751, actively running or decoding instructions: 4, waiting windows: 34506/70453. Max active instruction index: 3160
2024-11-18 22:37:28 | Simulation update: decoder round 97769, completed instructions: 3205/14751, actively running or decoding instructions: 2, waiting windows: 34970/71417. Max active instruction index: 3197
2024-11-18 22:37:38 | Simulation update: decoder round 99143, completed instructions: 3244/14751, actively running or decoding instructions: 3, waiting windows: 35494/72458. Max active instruction index: 3236
2024-11-18 22:37:48 | Simulation update: decoder round 100521, completed instructions: 3291/14751, actively running or decoding instructions: 2, waiting windows: 36009/73524. Max active instruction index: 3283
2024-11-18 22:37:58 | Simulation update: decoder round 101909, completed instructions: 3331/14751, actively running or decoding instructions: 3, waiting windows: 36540/74604. Max active instruction index: 3331
2024-11-18 22:38:08 | Simulation update: decoder round 103315, completed instructions: 3387/14751, actively running or decoding instructions: 2, waiting windows: 37070/75694. Max active instruction index: 3379
2024-11-18 22:38:18 | Simulation update: decoder round 104730, completed instructions: 3425/14751, actively running or decoding instructions: 3, waiting windows: 37616/76802. Max active instruction index: 3417
2024-11-18 22:38:28 | Simulation update: decoder round 106162, completed instructions: 3465/14751, actively running or decoding instructions: 4, waiting windows: 38136/77876. Max active instruction index: 3466
2024-11-18 22:38:38 | Simulation update: decoder round 107607, completed instructions: 3505/14751, actively running or decoding instructions: 2, waiting windows: 38686/78971. Max active instruction index: 3505
2024-11-18 22:38:48 | Simulation update: decoder round 109061, completed instructions: 3550/14751, actively running or decoding instructions: 3, waiting windows: 39240/80099. Max active instruction index: 3542
2024-11-18 22:38:58 | Simulation update: decoder round 110525, completed instructions: 3598/14751, actively running or decoding instructions: 3, waiting windows: 39778/81213. Max active instruction index: 3590
2024-11-18 22:39:08 | Simulation update: decoder round 111999, completed instructions: 3653/14751, actively running or decoding instructions: 3, waiting windows: 40339/82348. Max active instruction index: 3655
2024-11-18 22:39:18 | Simulation update: decoder round 113486, completed instructions: 3692/14751, actively running or decoding instructions: 4, waiting windows: 40889/83481. Max active instruction index: 3684
2024-11-18 22:39:28 | Simulation update: decoder round 114987, completed instructions: 3730/14751, actively running or decoding instructions: 2, waiting windows: 41450/84637. Max active instruction index: 3722
2024-11-18 22:39:38 | Simulation update: decoder round 116504, completed instructions: 3777/14751, actively running or decoding instructions: 1, waiting windows: 42028/85815. Max active instruction index: -1
2024-11-18 22:39:48 | Simulation update: decoder round 118036, completed instructions: 3825/14751, actively running or decoding instructions: 4, waiting windows: 42603/86979. Max active instruction index: 3817
2024-11-18 22:39:58 | Simulation update: decoder round 119581, completed instructions: 3871/14751, actively running or decoding instructions: 2, waiting windows: 43179/88164. Max active instruction index: 3864
2024-11-18 22:40:08 | Simulation update: decoder round 121012, completed instructions: 3920/14751, actively running or decoding instructions: 3, waiting windows: 43715/89254. Max active instruction index: 3913
2024-11-18 22:40:18 | Simulation update: decoder round 122590, completed instructions: 3958/14751, actively running or decoding instructions: 3, waiting windows: 44318/90468. Max active instruction index: 3950
2024-11-18 22:40:28 | Simulation update: decoder round 124180, completed instructions: 4005/14751, actively running or decoding instructions: 3, waiting windows: 44920/91679. Max active instruction index: 3998
2024-11-18 22:40:38 | Simulation update: decoder round 125778, completed instructions: 4074/14751, actively running or decoding instructions: 3, waiting windows: 45555/92982. Max active instruction index: 4067
2024-11-18 22:40:48 | Simulation update: decoder round 127388, completed instructions: 4123/14751, actively running or decoding instructions: 3, waiting windows: 46207/94304. Max active instruction index: 4115
2024-11-18 22:40:58 | Simulation update: decoder round 129036, completed instructions: 4178/14751, actively running or decoding instructions: 3, waiting windows: 46842/95629. Max active instruction index: 4171
2024-11-18 22:41:08 | Simulation update: decoder round 130698, completed instructions: 4229/14751, actively running or decoding instructions: 3, waiting windows: 47505/96977. Max active instruction index: 4229
2024-11-18 22:41:18 | Simulation update: decoder round 132365, completed instructions: 4275/14751, actively running or decoding instructions: 3, waiting windows: 48191/98361. Max active instruction index: 4267
2024-11-18 22:41:28 | Simulation update: decoder round 134053, completed instructions: 4331/14751, actively running or decoding instructions: 2, waiting windows: 48864/99734. Max active instruction index: 4324
2024-11-18 22:41:38 | Simulation update: decoder round 135767, completed instructions: 4382/14751, actively running or decoding instructions: 3, waiting windows: 49564/101140. Max active instruction index: 4382
2024-11-18 22:41:49 | Simulation update: decoder round 137505, completed instructions: 4438/14751, actively running or decoding instructions: 2, waiting windows: 50220/102517. Max active instruction index: 4431
2024-11-18 22:41:59 | Simulation update: decoder round 139253, completed instructions: 4497/14751, actively running or decoding instructions: 2, waiting windows: 50932/103952. Max active instruction index: 4489
2024-11-18 22:42:09 | Simulation update: decoder round 140869, completed instructions: 4552/14751, actively running or decoding instructions: 4, waiting windows: 51576/105263. Max active instruction index: 4545
2024-11-18 22:42:19 | Simulation update: decoder round 142665, completed instructions: 4608/14751, actively running or decoding instructions: 4, waiting windows: 52303/106718. Max active instruction index: 4610
2024-11-18 22:42:29 | Simulation update: decoder round 144476, completed instructions: 4656/14751, actively running or decoding instructions: 3, waiting windows: 53016/108203. Max active instruction index: 4648
2024-11-18 22:42:39 | Simulation update: decoder round 146321, completed instructions: 4713/14751, actively running or decoding instructions: 4, waiting windows: 53750/109706. Max active instruction index: 4706
2024-11-18 22:42:49 | Simulation update: decoder round 148199, completed instructions: 4770/14751, actively running or decoding instructions: 4, waiting windows: 54519/111237. Max active instruction index: 4762
2024-11-18 22:42:59 | Simulation update: decoder round 150107, completed instructions: 4818/14751, actively running or decoding instructions: 4, waiting windows: 55255/112761. Max active instruction index: 4810
2024-11-18 22:43:09 | Simulation update: decoder round 152026, completed instructions: 4876/14751, actively running or decoding instructions: 3, waiting windows: 56046/114353. Max active instruction index: 4868
2024-11-18 22:43:19 | Simulation update: decoder round 153977, completed instructions: 4941/14751, actively running or decoding instructions: 4, waiting windows: 56833/115955. Max active instruction index: 4934
2024-11-18 22:43:29 | Simulation update: decoder round 155957, completed instructions: 5014/14751, actively running or decoding instructions: 7, waiting windows: 57633/117601. Max active instruction index: 4999
2024-11-18 22:43:39 | Simulation update: decoder round 157949, completed instructions: 5071/14751, actively running or decoding instructions: 3, waiting windows: 58488/119329. Max active instruction index: 5056
2024-11-18 22:43:49 | Simulation update: decoder round 159980, completed instructions: 5147/14751, actively running or decoding instructions: 2, waiting windows: 59363/121115. Max active instruction index: 5132
2024-11-18 22:43:59 | Simulation update: decoder round 162048, completed instructions: 5205/14751, actively running or decoding instructions: 3, waiting windows: 60241/122893. Max active instruction index: 5190
2024-11-18 22:44:09 | Simulation update: decoder round 164148, completed instructions: 5272/14751, actively running or decoding instructions: 4, waiting windows: 61126/124703. Max active instruction index: 5257
2024-11-18 22:44:19 | Simulation update: decoder round 166085, completed instructions: 5339/14751, actively running or decoding instructions: 3, waiting windows: 61951/126380. Max active instruction index: 5324
2024-11-18 22:44:29 | Simulation update: decoder round 168262, completed instructions: 5397/14751, actively running or decoding instructions: 4, waiting windows: 62869/128254. Max active instruction index: 5382
2024-11-18 22:44:39 | Simulation update: decoder round 170486, completed instructions: 5465/14751, actively running or decoding instructions: 3, waiting windows: 63819/130174. Max active instruction index: 5450
2024-11-18 22:44:49 | Simulation update: decoder round 172761, completed instructions: 5530/14751, actively running or decoding instructions: 4, waiting windows: 64776/132134. Max active instruction index: 5516
2024-11-18 22:44:59 | Simulation update: decoder round 175088, completed instructions: 5600/14751, actively running or decoding instructions: 3, waiting windows: 65769/134127. Max active instruction index: 5585
2024-11-18 22:45:09 | Simulation update: decoder round 177475, completed instructions: 5676/14751, actively running or decoding instructions: 3, waiting windows: 66775/136185. Max active instruction index: 5662
2024-11-18 22:45:19 | Simulation update: decoder round 179900, completed instructions: 5754/14751, actively running or decoding instructions: 3, waiting windows: 67795/138257. Max active instruction index: 5739
2024-11-18 22:45:29 | Simulation update: decoder round 182384, completed instructions: 5831/14751, actively running or decoding instructions: 4, waiting windows: 68834/140365. Max active instruction index: 5816
2024-11-18 22:45:39 | Simulation update: decoder round 184936, completed instructions: 5906/14751, actively running or decoding instructions: 3, waiting windows: 69919/142559. Max active instruction index: 5891
2024-11-18 22:45:49 | Simulation update: decoder round 187250, completed instructions: 6150/14751, actively running or decoding instructions: 35, waiting windows: 70923/144692. Max active instruction index: 6223
2024-11-18 22:45:59 | Simulation update: decoder round 190200, completed instructions: 6470/14751, actively running or decoding instructions: 15, waiting windows: 72250/147511. Max active instruction index: 6524
2024-11-18 22:46:09 | Simulation update: decoder round 193714, completed instructions: 6923/14751, actively running or decoding instructions: 21, waiting windows: 73878/150984. Max active instruction index: 6992
2024-11-18 22:46:19 | Simulation update: decoder round 197243, completed instructions: 7467/14751, actively running or decoding instructions: 20, waiting windows: 75532/154527. Max active instruction index: 7478
2024-11-18 22:46:29 | Simulation update: decoder round 201065, completed instructions: 8057/14751, actively running or decoding instructions: 16, waiting windows: 77329/158407. Max active instruction index: 8091
2024-11-18 22:46:39 | Simulation update: decoder round 204998, completed instructions: 8667/14751, actively running or decoding instructions: 11, waiting windows: 79073/162233. Max active instruction index: 8697
2024-11-18 22:46:49 | Simulation update: decoder round 213832, completed instructions: 9848/14751, actively running or decoding instructions: 5, waiting windows: 81595/167986. Max active instruction index: 9835
2024-11-18 22:46:59 | Simulation update: decoder round 244730, completed instructions: 11771/14751, actively running or decoding instructions: 5, waiting windows: 84727/175217. Max active instruction index: 11759
2024-11-18 22:47:09 | Simulation update: decoder round 298379, completed instructions: 13866/14751, actively running or decoding instructions: 2, waiting windows: 87713/182235. Max active instruction index: 13842
2024-11-18 22:47:14 | Finished simulation
2024-11-18 22:47:14 | Finished saving output. Done! Total elapsed time: 0:45:06.919891
