CONFIG 528
benchmark_file: slurm/data/20241118_215925/benchmarks/fermi_hubbard_2_2.lss
decoder_latency_or_dist_filename: slurm/data/20241118_215925/decoder_dists.json
distance: 21
lightweight_setting: 2
max_parallel_processes: None
missed_speculation_modifier: 1.4
poison_policy: successors
rng: 4
scheduling_method: parallel
speculation_accuracy: 0.9
speculation_latency: 1
speculation_mode: separate
2024-11-18 22:02:08 | Loading benchmark slurm/data/20241118_215925/benchmarks/fermi_hubbard_2_2.lss...
2024-11-18 22:02:09 | Starting simulation
2024-11-18 22:02:10 | Simulation update: decoder round 1, completed instructions: 0/14751, actively running or decoding instructions: 13, waiting windows: 0/0. Max active instruction index: 30
2024-11-18 22:02:20 | Simulation update: decoder round 954, completed instructions: 53/14751, actively running or decoding instructions: 2, waiting windows: 384/639. Max active instruction index: 50
2024-11-18 22:02:30 | Simulation update: decoder round 1916, completed instructions: 72/14751, actively running or decoding instructions: 4, waiting windows: 680/1260. Max active instruction index: 68
2024-11-18 22:02:40 | Simulation update: decoder round 2844, completed instructions: 83/14751, actively running or decoding instructions: 2, waiting windows: 979/1860. Max active instruction index: 79
2024-11-18 22:02:50 | Simulation update: decoder round 3781, completed instructions: 98/14751, actively running or decoding instructions: 3, waiting windows: 1297/2487. Max active instruction index: 95
2024-11-18 22:03:00 | Simulation update: decoder round 4728, completed instructions: 116/14751, actively running or decoding instructions: 4, waiting windows: 1605/3098. Max active instruction index: 112
2024-11-18 22:03:10 | Simulation update: decoder round 5683, completed instructions: 136/14751, actively running or decoding instructions: 5, waiting windows: 1902/3724. Max active instruction index: 137
2024-11-18 22:03:20 | Simulation update: decoder round 6596, completed instructions: 148/14751, actively running or decoding instructions: 4, waiting windows: 2204/4320. Max active instruction index: 144
2024-11-18 22:03:30 | Simulation update: decoder round 7512, completed instructions: 165/14751, actively running or decoding instructions: 2, waiting windows: 2504/4926. Max active instruction index: 161
2024-11-18 22:03:40 | Simulation update: decoder round 8414, completed instructions: 181/14751, actively running or decoding instructions: 3, waiting windows: 2803/5530. Max active instruction index: 177
2024-11-18 22:03:50 | Simulation update: decoder round 9288, completed instructions: 198/14751, actively running or decoding instructions: 2, waiting windows: 3090/6112. Max active instruction index: 197
2024-11-18 22:04:00 | Simulation update: decoder round 10172, completed instructions: 215/14751, actively running or decoding instructions: 3, waiting windows: 3381/6688. Max active instruction index: 211
2024-11-18 22:04:10 | Simulation update: decoder round 11061, completed instructions: 231/14751, actively running or decoding instructions: 3, waiting windows: 3667/7280. Max active instruction index: 227
2024-11-18 22:04:20 | Simulation update: decoder round 11958, completed instructions: 241/14751, actively running or decoding instructions: 3, waiting windows: 3968/7873. Max active instruction index: 238
2024-11-18 22:04:30 | Simulation update: decoder round 12863, completed instructions: 259/14751, actively running or decoding instructions: 2, waiting windows: 4256/8462. Max active instruction index: 255
2024-11-18 22:04:40 | Simulation update: decoder round 13784, completed instructions: 277/14751, actively running or decoding instructions: 3, waiting windows: 4566/9082. Max active instruction index: 273
2024-11-18 22:04:50 | Simulation update: decoder round 14713, completed instructions: 288/14751, actively running or decoding instructions: 2, waiting windows: 4863/9688. Max active instruction index: 284
2024-11-18 22:05:00 | Simulation update: decoder round 15617, completed instructions: 304/14751, actively running or decoding instructions: 3, waiting windows: 5166/10294. Max active instruction index: 300
2024-11-18 22:05:10 | Simulation update: decoder round 16551, completed instructions: 326/14751, actively running or decoding instructions: 5, waiting windows: 5454/10889. Max active instruction index: 327
2024-11-18 22:05:20 | Simulation update: decoder round 17486, completed instructions: 338/14751, actively running or decoding instructions: 2, waiting windows: 5767/11508. Max active instruction index: 334
