CONFIG 535
benchmark_file: slurm/data/20241118_215925/benchmarks/qpeinexact_5.lss
decoder_latency_or_dist_filename: slurm/data/20241118_215925/decoder_dists.json
distance: 21
lightweight_setting: 2
max_parallel_processes: None
missed_speculation_modifier: 1.4
poison_policy: successors
rng: 4
scheduling_method: parallel
speculation_accuracy: 0.9
speculation_latency: 1
speculation_mode: separate
2024-11-18 22:02:08 | Loading benchmark slurm/data/20241118_215925/benchmarks/qpeinexact_5.lss...
2024-11-18 22:02:09 | Starting simulation
2024-11-18 22:02:10 | Simulation update: decoder round 1, completed instructions: 0/12893, actively running or decoding instructions: 5, waiting windows: 0/0. Max active instruction index: 8
2024-11-18 22:02:20 | Simulation update: decoder round 1398, completed instructions: 47/12893, actively running or decoding instructions: 2, waiting windows: 252/455. Max active instruction index: 42
2024-11-18 22:02:30 | Simulation update: decoder round 2785, completed instructions: 70/12893, actively running or decoding instructions: 2, waiting windows: 480/915. Max active instruction index: 62
2024-11-18 22:02:40 | Simulation update: decoder round 4184, completed instructions: 99/12893, actively running or decoding instructions: 3, waiting windows: 697/1357. Max active instruction index: 91
2024-11-18 22:02:50 | Simulation update: decoder round 5588, completed instructions: 122/12893, actively running or decoding instructions: 4, waiting windows: 910/1801. Max active instruction index: 114
2024-11-18 22:03:00 | Simulation update: decoder round 7012, completed instructions: 153/12893, actively running or decoding instructions: 4, waiting windows: 1121/2232. Max active instruction index: 144
2024-11-18 22:03:10 | Simulation update: decoder round 8432, completed instructions: 175/12893, actively running or decoding instructions: 2, waiting windows: 1363/2710. Max active instruction index: 166
2024-11-18 22:03:20 | Simulation update: decoder round 9824, completed instructions: 196/12893, actively running or decoding instructions: 3, waiting windows: 1572/3153. Max active instruction index: 193
2024-11-18 22:03:30 | Simulation update: decoder round 11227, completed instructions: 224/12893, actively running or decoding instructions: 2, waiting windows: 1803/3617. Max active instruction index: 215
2024-11-18 22:03:40 | Simulation update: decoder round 12642, completed instructions: 251/12893, actively running or decoding instructions: 2, waiting windows: 2032/4077. Max active instruction index: 242
2024-11-18 22:03:50 | Simulation update: decoder round 14036, completed instructions: 277/12893, actively running or decoding instructions: 2, waiting windows: 2255/4535. Max active instruction index: 268
2024-11-18 22:04:00 | Simulation update: decoder round 15418, completed instructions: 300/12893, actively running or decoding instructions: 4, waiting windows: 2481/4991. Max active instruction index: 291
2024-11-18 22:04:10 | Simulation update: decoder round 16828, completed instructions: 328/12893, actively running or decoding instructions: 3, waiting windows: 2704/5451. Max active instruction index: 319
2024-11-18 22:04:20 | Simulation update: decoder round 18235, completed instructions: 354/12893, actively running or decoding instructions: 4, waiting windows: 2927/5913. Max active instruction index: 345
2024-11-18 22:04:30 | Simulation update: decoder round 19659, completed instructions: 376/12893, actively running or decoding instructions: 4, waiting windows: 3158/6379. Max active instruction index: 367
2024-11-18 22:04:40 | Simulation update: decoder round 21111, completed instructions: 397/12893, actively running or decoding instructions: 2, waiting windows: 3393/6853. Max active instruction index: 388
2024-11-18 22:04:50 | Simulation update: decoder round 22579, completed instructions: 418/12893, actively running or decoding instructions: 2, waiting windows: 3636/7345. Max active instruction index: 409
2024-11-18 22:05:00 | Simulation update: decoder round 24060, completed instructions: 447/12893, actively running or decoding instructions: 4, waiting windows: 3861/7809. Max active instruction index: 438
2024-11-18 22:05:10 | Simulation update: decoder round 25550, completed instructions: 474/12893, actively running or decoding instructions: 2, waiting windows: 4099/8301. Max active instruction index: 465
2024-11-18 22:05:20 | Simulation update: decoder round 27061, completed instructions: 503/12893, actively running or decoding instructions: 4, waiting windows: 4341/8797. Max active instruction index: 494
2024-11-18 22:05:30 | Simulation update: decoder round 28592, completed instructions: 530/12893, actively running or decoding instructions: 2, waiting windows: 4587/9294. Max active instruction index: 521
2024-11-18 22:05:40 | Simulation update: decoder round 30115, completed instructions: 560/12893, actively running or decoding instructions: 4, waiting windows: 4822/9790. Max active instruction index: 555
2024-11-18 22:05:50 | Simulation update: decoder round 31649, completed instructions: 624/12893, actively running or decoding instructions: 7, waiting windows: 5084/10326. Max active instruction index: 1166
2024-11-18 22:06:00 | Simulation update: decoder round 33198, completed instructions: 683/12893, actively running or decoding instructions: 6, waiting windows: 5347/10876. Max active instruction index: 1197
2024-11-18 22:06:10 | Simulation update: decoder round 34766, completed instructions: 755/12893, actively running or decoding instructions: 4, waiting windows: 5617/11447. Max active instruction index: 1235
2024-11-18 22:06:20 | Simulation update: decoder round 36352, completed instructions: 811/12893, actively running or decoding instructions: 5, waiting windows: 5913/12070. Max active instruction index: 1271
2024-11-18 22:06:30 | Simulation update: decoder round 37957, completed instructions: 887/12893, actively running or decoding instructions: 5, waiting windows: 6207/12678. Max active instruction index: 1315
2024-11-18 22:06:40 | Simulation update: decoder round 39593, completed instructions: 959/12893, actively running or decoding instructions: 7, waiting windows: 6470/13256. Max active instruction index: 1353
2024-11-18 22:06:50 | Simulation update: decoder round 41247, completed instructions: 1031/12893, actively running or decoding instructions: 5, waiting windows: 6774/13885. Max active instruction index: 1397
2024-11-18 22:07:00 | Simulation update: decoder round 42897, completed instructions: 1102/12893, actively running or decoding instructions: 4, waiting windows: 7070/14509. Max active instruction index: 1441
2024-11-18 22:07:10 | Simulation update: decoder round 44611, completed instructions: 1177/12893, actively running or decoding instructions: 6, waiting windows: 7356/15140. Max active instruction index: 1487
2024-11-18 22:07:20 | Simulation update: decoder round 46355, completed instructions: 1250/12893, actively running or decoding instructions: 3, waiting windows: 7660/15775. Max active instruction index: 1529
2024-11-18 22:07:30 | Simulation update: decoder round 48128, completed instructions: 1323/12893, actively running or decoding instructions: 4, waiting windows: 7965/16422. Max active instruction index: 1574
2024-11-18 22:07:40 | Simulation update: decoder round 49943, completed instructions: 1397/12893, actively running or decoding instructions: 6, waiting windows: 8290/17105. Max active instruction index: 1610
2024-11-18 22:07:50 | Simulation update: decoder round 51781, completed instructions: 1480/12893, actively running or decoding instructions: 6, waiting windows: 8624/17791. Max active instruction index: 1671
2024-11-18 22:08:00 | Simulation update: decoder round 53654, completed instructions: 1565/12893, actively running or decoding instructions: 6, waiting windows: 8931/18458. Max active instruction index: 1710
2024-11-18 22:08:10 | Simulation update: decoder round 55566, completed instructions: 1647/12893, actively running or decoding instructions: 7, waiting windows: 9239/19115. Max active instruction index: 1757
2024-11-18 22:08:20 | Simulation update: decoder round 57519, completed instructions: 1716/12893, actively running or decoding instructions: 3, waiting windows: 9583/19835. Max active instruction index: 1799
2024-11-18 22:08:30 | Simulation update: decoder round 59509, completed instructions: 1785/12893, actively running or decoding instructions: 5, waiting windows: 9916/20550. Max active instruction index: 1842
2024-11-18 22:08:40 | Simulation update: decoder round 61550, completed instructions: 1885/12893, actively running or decoding instructions: 12, waiting windows: 10287/21302. Max active instruction index: 1930
2024-11-18 22:08:50 | Simulation update: decoder round 62679, completed instructions: 1972/12893, actively running or decoding instructions: 4, waiting windows: 10467/21708. Max active instruction index: 1967
2024-11-18 22:09:00 | Simulation update: decoder round 63371, completed instructions: 2026/12893, actively running or decoding instructions: 4, waiting windows: 10599/21985. Max active instruction index: 2017
2024-11-18 22:09:10 | Simulation update: decoder round 64069, completed instructions: 2071/12893, actively running or decoding instructions: 8, waiting windows: 10703/22241. Max active instruction index: 2081
2024-11-18 22:09:20 | Simulation update: decoder round 64764, completed instructions: 2107/12893, actively running or decoding instructions: 6, waiting windows: 10819/22485. Max active instruction index: 2110
2024-11-18 22:09:30 | Simulation update: decoder round 65460, completed instructions: 2159/12893, actively running or decoding instructions: 5, waiting windows: 10950/22763. Max active instruction index: 2162
2024-11-18 22:09:40 | Simulation update: decoder round 66162, completed instructions: 2205/12893, actively running or decoding instructions: 7, waiting windows: 11081/23047. Max active instruction index: 2207
2024-11-18 22:09:50 | Simulation update: decoder round 66863, completed instructions: 2262/12893, actively running or decoding instructions: 11, waiting windows: 11207/23317. Max active instruction index: 2300
2024-11-18 22:10:00 | Simulation update: decoder round 67573, completed instructions: 2307/12893, actively running or decoding instructions: 10, waiting windows: 11306/23555. Max active instruction index: 2325
2024-11-18 22:10:10 | Simulation update: decoder round 68291, completed instructions: 2356/12893, actively running or decoding instructions: 6, waiting windows: 11433/23828. Max active instruction index: 2369
2024-11-18 22:10:20 | Simulation update: decoder round 69010, completed instructions: 2417/12893, actively running or decoding instructions: 8, waiting windows: 11559/24088. Max active instruction index: 2414
2024-11-18 22:10:30 | Simulation update: decoder round 69738, completed instructions: 2469/12893, actively running or decoding instructions: 6, waiting windows: 11680/24356. Max active instruction index: 2482
2024-11-18 22:10:40 | Simulation update: decoder round 70466, completed instructions: 2521/12893, actively running or decoding instructions: 5, waiting windows: 11813/24653. Max active instruction index: 2547
2024-11-18 22:10:50 | Simulation update: decoder round 71198, completed instructions: 2579/12893, actively running or decoding instructions: 9, waiting windows: 11939/24932. Max active instruction index: 2592
2024-11-18 22:11:00 | Simulation update: decoder round 71946, completed instructions: 2632/12893, actively running or decoding instructions: 8, waiting windows: 12054/25188. Max active instruction index: 2670
2024-11-18 22:11:10 | Simulation update: decoder round 72695, completed instructions: 2676/12893, actively running or decoding instructions: 7, waiting windows: 12167/25451. Max active instruction index: 2739
2024-11-18 22:11:20 | Simulation update: decoder round 73451, completed instructions: 2730/12893, actively running or decoding instructions: 7, waiting windows: 12307/25733. Max active instruction index: 2752
2024-11-18 22:11:30 | Simulation update: decoder round 74217, completed instructions: 2778/12893, actively running or decoding instructions: 6, waiting windows: 12431/26027. Max active instruction index: 2812
2024-11-18 22:11:40 | Simulation update: decoder round 74983, completed instructions: 2843/12893, actively running or decoding instructions: 6, waiting windows: 12574/26333. Max active instruction index: 2855
2024-11-18 22:11:50 | Simulation update: decoder round 75765, completed instructions: 2892/12893, actively running or decoding instructions: 7, waiting windows: 12705/26633. Max active instruction index: 2903
2024-11-18 22:12:00 | Simulation update: decoder round 76550, completed instructions: 2957/12893, actively running or decoding instructions: 7, waiting windows: 12848/26940. Max active instruction index: 2969
2024-11-18 22:12:10 | Simulation update: decoder round 77344, completed instructions: 3009/12893, actively running or decoding instructions: 6, waiting windows: 12996/27253. Max active instruction index: 3011
2024-11-18 22:12:20 | Simulation update: decoder round 78146, completed instructions: 3055/12893, actively running or decoding instructions: 4, waiting windows: 13126/27558. Max active instruction index: 3068
2024-11-18 22:12:30 | Simulation update: decoder round 78925, completed instructions: 3113/12893, actively running or decoding instructions: 7, waiting windows: 13276/27861. Max active instruction index: 3113
2024-11-18 22:12:40 | Simulation update: decoder round 79739, completed instructions: 3171/12893, actively running or decoding instructions: 7, waiting windows: 13402/28160. Max active instruction index: 3174
2024-11-18 22:12:50 | Simulation update: decoder round 80553, completed instructions: 3221/12893, actively running or decoding instructions: 7, waiting windows: 13524/28443. Max active instruction index: 3219
2024-11-18 22:13:00 | Simulation update: decoder round 81374, completed instructions: 3283/12893, actively running or decoding instructions: 8, waiting windows: 13671/28746. Max active instruction index: 3296
2024-11-18 22:13:10 | Simulation update: decoder round 82206, completed instructions: 3335/12893, actively running or decoding instructions: 5, waiting windows: 13808/29047. Max active instruction index: 3347
2024-11-18 22:13:20 | Simulation update: decoder round 83036, completed instructions: 3394/12893, actively running or decoding instructions: 7, waiting windows: 13964/29380. Max active instruction index: 3415
2024-11-18 22:13:30 | Simulation update: decoder round 83875, completed instructions: 3463/12893, actively running or decoding instructions: 8, waiting windows: 14111/29707. Max active instruction index: 3529
2024-11-18 22:13:40 | Simulation update: decoder round 84716, completed instructions: 3528/12893, actively running or decoding instructions: 6, waiting windows: 14253/30016. Max active instruction index: 3545
2024-11-18 22:13:50 | Simulation update: decoder round 85573, completed instructions: 3581/12893, actively running or decoding instructions: 5, waiting windows: 14395/30323. Max active instruction index: 3620
2024-11-18 22:14:00 | Simulation update: decoder round 86424, completed instructions: 3646/12893, actively running or decoding instructions: 4, waiting windows: 14548/30663. Max active instruction index: 3686
2024-11-18 22:14:10 | Simulation update: decoder round 87293, completed instructions: 3706/12893, actively running or decoding instructions: 9, waiting windows: 14684/30972. Max active instruction index: 3769
2024-11-18 22:14:20 | Simulation update: decoder round 88170, completed instructions: 3764/12893, actively running or decoding instructions: 6, waiting windows: 14839/31299. Max active instruction index: 3821
2024-11-18 22:14:30 | Simulation update: decoder round 89053, completed instructions: 3831/12893, actively running or decoding instructions: 7, waiting windows: 14982/31617. Max active instruction index: 3882
2024-11-18 22:14:40 | Simulation update: decoder round 89954, completed instructions: 3896/12893, actively running or decoding instructions: 10, waiting windows: 15108/31911. Max active instruction index: 3938
2024-11-18 22:14:50 | Simulation update: decoder round 90853, completed instructions: 3954/12893, actively running or decoding instructions: 5, waiting windows: 15266/32247. Max active instruction index: 3997
2024-11-18 22:15:00 | Simulation update: decoder round 91770, completed instructions: 4014/12893, actively running or decoding instructions: 8, waiting windows: 15418/32579. Max active instruction index: 4059
2024-11-18 22:15:10 | Simulation update: decoder round 92690, completed instructions: 4083/12893, actively running or decoding instructions: 8, waiting windows: 15570/32914. Max active instruction index: 4126
2024-11-18 22:15:20 | Simulation update: decoder round 93629, completed instructions: 4141/12893, actively running or decoding instructions: 4, waiting windows: 15727/33258. Max active instruction index: 4179
2024-11-18 22:15:30 | Simulation update: decoder round 94571, completed instructions: 4186/12893, actively running or decoding instructions: 5, waiting windows: 15871/33567. Max active instruction index: 4226
2024-11-18 22:15:40 | Simulation update: decoder round 95519, completed instructions: 4237/12893, actively running or decoding instructions: 5, waiting windows: 16020/33886. Max active instruction index: 4285
2024-11-18 22:15:50 | Simulation update: decoder round 96474, completed instructions: 4278/12893, actively running or decoding instructions: 3, waiting windows: 16172/34215. Max active instruction index: 4328
2024-11-18 22:16:00 | Simulation update: decoder round 97436, completed instructions: 4326/12893, actively running or decoding instructions: 5, waiting windows: 16317/34523. Max active instruction index: 4388
2024-11-18 22:16:10 | Simulation update: decoder round 98417, completed instructions: 4386/12893, actively running or decoding instructions: 6, waiting windows: 16464/34837. Max active instruction index: 4426
2024-11-18 22:16:20 | Simulation update: decoder round 99392, completed instructions: 4422/12893, actively running or decoding instructions: 5, waiting windows: 16618/35158. Max active instruction index: 4471
2024-11-18 22:16:30 | Simulation update: decoder round 100378, completed instructions: 4465/12893, actively running or decoding instructions: 4, waiting windows: 16752/35457. Max active instruction index: 4516
2024-11-18 22:16:40 | Simulation update: decoder round 101368, completed instructions: 4515/12893, actively running or decoding instructions: 4, waiting windows: 16910/35791. Max active instruction index: 4538
2024-11-18 22:16:50 | Simulation update: decoder round 102366, completed instructions: 4559/12893, actively running or decoding instructions: 4, waiting windows: 17038/36087. Max active instruction index: 4524
2024-11-18 22:17:00 | Simulation update: decoder round 103389, completed instructions: 4599/12893, actively running or decoding instructions: 4, waiting windows: 17168/36356. Max active instruction index: 4587
2024-11-18 22:17:10 | Simulation update: decoder round 104407, completed instructions: 4653/12893, actively running or decoding instructions: 7, waiting windows: 17289/36624. Max active instruction index: 4672
2024-11-18 22:17:20 | Simulation update: decoder round 105438, completed instructions: 4701/12893, actively running or decoding instructions: 4, waiting windows: 17407/36895. Max active instruction index: 4693
2024-11-18 22:17:30 | Simulation update: decoder round 106486, completed instructions: 4761/12893, actively running or decoding instructions: 4, waiting windows: 17543/37176. Max active instruction index: 4753
2024-11-18 22:17:40 | Simulation update: decoder round 107533, completed instructions: 4806/12893, actively running or decoding instructions: 5, waiting windows: 17655/37433. Max active instruction index: 4798
2024-11-18 22:17:50 | Simulation update: decoder round 108586, completed instructions: 4872/12893, actively running or decoding instructions: 4, waiting windows: 17799/37726. Max active instruction index: 4863
2024-11-18 22:18:00 | Simulation update: decoder round 109660, completed instructions: 4918/12893, actively running or decoding instructions: 7, waiting windows: 17898/37975. Max active instruction index: 4924
2024-11-18 22:18:10 | Simulation update: decoder round 110729, completed instructions: 4976/12893, actively running or decoding instructions: 5, waiting windows: 18020/38232. Max active instruction index: 4973
2024-11-18 22:18:20 | Simulation update: decoder round 111814, completed instructions: 5021/12893, actively running or decoding instructions: 6, waiting windows: 18153/38507. Max active instruction index: 5017
2024-11-18 22:18:30 | Simulation update: decoder round 112894, completed instructions: 5067/12893, actively running or decoding instructions: 4, waiting windows: 18286/38805. Max active instruction index: 5074
2024-11-18 22:18:40 | Simulation update: decoder round 113979, completed instructions: 5122/12893, actively running or decoding instructions: 6, waiting windows: 18426/39114. Max active instruction index: 5119
2024-11-18 22:18:50 | Simulation update: decoder round 115084, completed instructions: 5177/12893, actively running or decoding instructions: 7, waiting windows: 18550/39384. Max active instruction index: 5173
2024-11-18 22:19:00 | Simulation update: decoder round 116187, completed instructions: 5237/12893, actively running or decoding instructions: 7, waiting windows: 18689/39673. Max active instruction index: 5233
2024-11-18 22:19:10 | Simulation update: decoder round 117255, completed instructions: 5274/12893, actively running or decoding instructions: 4, waiting windows: 18799/39926. Max active instruction index: 5277
2024-11-18 22:19:20 | Simulation update: decoder round 118337, completed instructions: 5340/12893, actively running or decoding instructions: 5, waiting windows: 18928/40209. Max active instruction index: 5333
2024-11-18 22:19:30 | Simulation update: decoder round 119432, completed instructions: 5387/12893, actively running or decoding instructions: 5, waiting windows: 19050/40479. Max active instruction index: 5387
2024-11-18 22:19:40 | Simulation update: decoder round 120543, completed instructions: 5447/12893, actively running or decoding instructions: 7, waiting windows: 19184/40775. Max active instruction index: 5456
2024-11-18 22:19:51 | Simulation update: decoder round 121662, completed instructions: 5502/12893, actively running or decoding instructions: 5, waiting windows: 19308/41063. Max active instruction index: 5511
2024-11-18 22:20:01 | Simulation update: decoder round 122805, completed instructions: 5567/12893, actively running or decoding instructions: 5, waiting windows: 19439/41340. Max active instruction index: 5560
2024-11-18 22:20:11 | Simulation update: decoder round 123971, completed instructions: 5629/12893, actively running or decoding instructions: 5, waiting windows: 19568/41626. Max active instruction index: 5624
2024-11-18 22:20:21 | Simulation update: decoder round 125148, completed instructions: 5683/12893, actively running or decoding instructions: 11, waiting windows: 19705/41914. Max active instruction index: 5681
2024-11-18 22:20:31 | Simulation update: decoder round 126352, completed instructions: 5741/12893, actively running or decoding instructions: 6, waiting windows: 19828/42198. Max active instruction index: 5733
2024-11-18 22:20:41 | Simulation update: decoder round 127565, completed instructions: 5801/12893, actively running or decoding instructions: 6, waiting windows: 19973/42497. Max active instruction index: 5804
2024-11-18 22:20:51 | Simulation update: decoder round 128795, completed instructions: 5849/12893, actively running or decoding instructions: 7, waiting windows: 20102/42785. Max active instruction index: 5845
2024-11-18 22:21:01 | Simulation update: decoder round 130046, completed instructions: 5921/12893, actively running or decoding instructions: 4, waiting windows: 20265/43129. Max active instruction index: 5915
2024-11-18 22:21:11 | Simulation update: decoder round 131314, completed instructions: 5989/12893, actively running or decoding instructions: 5, waiting windows: 20400/43448. Max active instruction index: 5985
2024-11-18 22:21:21 | Simulation update: decoder round 132622, completed instructions: 6046/12893, actively running or decoding instructions: 5, waiting windows: 20550/43772. Max active instruction index: 6037
2024-11-18 22:21:31 | Simulation update: decoder round 133933, completed instructions: 6114/12893, actively running or decoding instructions: 4, waiting windows: 20704/44107. Max active instruction index: 6105
2024-11-18 22:21:41 | Simulation update: decoder round 135258, completed instructions: 6188/12893, actively running or decoding instructions: 8, waiting windows: 20880/44491. Max active instruction index: 6195
2024-11-18 22:21:51 | Simulation update: decoder round 136596, completed instructions: 6212/12893, actively running or decoding instructions: 4, waiting windows: 21044/44840. Max active instruction index: 6204
2024-11-18 22:22:01 | Simulation update: decoder round 137942, completed instructions: 6240/12893, actively running or decoding instructions: 4, waiting windows: 21232/45222. Max active instruction index: 6232
2024-11-18 22:22:11 | Simulation update: decoder round 139292, completed instructions: 6269/12893, actively running or decoding instructions: 3, waiting windows: 21416/45600. Max active instruction index: 6261
2024-11-18 22:22:21 | Simulation update: decoder round 140652, completed instructions: 6298/12893, actively running or decoding instructions: 3, waiting windows: 21605/45994. Max active instruction index: 6290
2024-11-18 22:22:31 | Simulation update: decoder round 142010, completed instructions: 6325/12893, actively running or decoding instructions: 3, waiting windows: 21792/46374. Max active instruction index: 6317
2024-11-18 22:22:41 | Simulation update: decoder round 143390, completed instructions: 6352/12893, actively running or decoding instructions: 4, waiting windows: 21974/46750. Max active instruction index: 6344
2024-11-18 22:22:51 | Simulation update: decoder round 144764, completed instructions: 6389/12893, actively running or decoding instructions: 6, waiting windows: 22169/47148. Max active instruction index: 7665
2024-11-18 22:23:01 | Simulation update: decoder round 146151, completed instructions: 6446/12893, actively running or decoding instructions: 4, waiting windows: 22396/47613. Max active instruction index: 6445
2024-11-18 22:23:11 | Simulation update: decoder round 147536, completed instructions: 6502/12893, actively running or decoding instructions: 4, waiting windows: 22609/48067. Max active instruction index: 6511
2024-11-18 22:23:21 | Simulation update: decoder round 148938, completed instructions: 6567/12893, actively running or decoding instructions: 5, waiting windows: 22830/48542. Max active instruction index: 6585
2024-11-18 22:23:31 | Simulation update: decoder round 150368, completed instructions: 6626/12893, actively running or decoding instructions: 4, waiting windows: 23065/49037. Max active instruction index: 6642
2024-11-18 22:23:41 | Simulation update: decoder round 151807, completed instructions: 6681/12893, actively running or decoding instructions: 5, waiting windows: 23283/49498. Max active instruction index: 6688
2024-11-18 22:23:51 | Simulation update: decoder round 153275, completed instructions: 6747/12893, actively running or decoding instructions: 6, waiting windows: 23499/49969. Max active instruction index: 6755
2024-11-18 22:24:01 | Simulation update: decoder round 154753, completed instructions: 6805/12893, actively running or decoding instructions: 6, waiting windows: 23741/50468. Max active instruction index: 6804
2024-11-18 22:24:11 | Simulation update: decoder round 156248, completed instructions: 6861/12893, actively running or decoding instructions: 5, waiting windows: 23984/50982. Max active instruction index: 6868
2024-11-18 22:24:21 | Simulation update: decoder round 157779, completed instructions: 6926/12893, actively running or decoding instructions: 7, waiting windows: 24208/51463. Max active instruction index: 6946
2024-11-18 22:24:31 | Simulation update: decoder round 159313, completed instructions: 6991/12893, actively running or decoding instructions: 6, waiting windows: 24453/51983. Max active instruction index: 6990
2024-11-18 22:24:41 | Simulation update: decoder round 160876, completed instructions: 7056/12893, actively running or decoding instructions: 7, waiting windows: 24685/52490. Max active instruction index: 7055
2024-11-18 22:24:51 | Simulation update: decoder round 162469, completed instructions: 7109/12893, actively running or decoding instructions: 3, waiting windows: 24937/53026. Max active instruction index: 7118
2024-11-18 22:25:01 | Simulation update: decoder round 164081, completed instructions: 7183/12893, actively running or decoding instructions: 5, waiting windows: 25192/53557. Max active instruction index: 7185
2024-11-18 22:25:11 | Simulation update: decoder round 165707, completed instructions: 7253/12893, actively running or decoding instructions: 4, waiting windows: 25452/54106. Max active instruction index: 7268
2024-11-18 22:25:21 | Simulation update: decoder round 167372, completed instructions: 7317/12893, actively running or decoding instructions: 7, waiting windows: 25700/54632. Max active instruction index: 7346
2024-11-18 22:25:31 | Simulation update: decoder round 169052, completed instructions: 7384/12893, actively running or decoding instructions: 5, waiting windows: 25953/55180. Max active instruction index: 7406
2024-11-18 22:25:41 | Simulation update: decoder round 170757, completed instructions: 7460/12893, actively running or decoding instructions: 5, waiting windows: 26221/55750. Max active instruction index: 7480
2024-11-18 22:25:51 | Simulation update: decoder round 172489, completed instructions: 7533/12893, actively running or decoding instructions: 6, waiting windows: 26487/56326. Max active instruction index: 7563
2024-11-18 22:26:01 | Simulation update: decoder round 174260, completed instructions: 7594/12893, actively running or decoding instructions: 3, waiting windows: 26741/56865. Max active instruction index: 7623
2024-11-18 22:26:11 | Simulation update: decoder round 176069, completed instructions: 7712/12893, actively running or decoding instructions: 8, waiting windows: 26994/57416. Max active instruction index: 7766
2024-11-18 22:26:21 | Simulation update: decoder round 177933, completed instructions: 7859/12893, actively running or decoding instructions: 9, waiting windows: 27230/57969. Max active instruction index: 7928
2024-11-18 22:26:31 | Simulation update: decoder round 179886, completed instructions: 7999/12893, actively running or decoding instructions: 7, waiting windows: 27496/58563. Max active instruction index: 8070
2024-11-18 22:26:41 | Simulation update: decoder round 181925, completed instructions: 8051/12893, actively running or decoding instructions: 3, waiting windows: 27723/59055. Max active instruction index: 7968
2024-11-18 22:26:51 | Simulation update: decoder round 184009, completed instructions: 8159/12893, actively running or decoding instructions: 7, waiting windows: 27966/59578. Max active instruction index: 8157
2024-11-18 22:27:01 | Simulation update: decoder round 186095, completed instructions: 8299/12893, actively running or decoding instructions: 10, waiting windows: 28221/60164. Max active instruction index: 8316
2024-11-18 22:27:11 | Simulation update: decoder round 188326, completed instructions: 8469/12893, actively running or decoding instructions: 5, waiting windows: 28510/60825. Max active instruction index: 8487
2024-11-18 22:27:21 | Simulation update: decoder round 190688, completed instructions: 8634/12893, actively running or decoding instructions: 6, waiting windows: 28821/61514. Max active instruction index: 8634
2024-11-18 22:27:31 | Simulation update: decoder round 193151, completed instructions: 8804/12893, actively running or decoding instructions: 6, waiting windows: 29166/62257. Max active instruction index: 8803
2024-11-18 22:27:41 | Simulation update: decoder round 195770, completed instructions: 8991/12893, actively running or decoding instructions: 8, waiting windows: 29522/63055. Max active instruction index: 8988
2024-11-18 22:27:51 | Simulation update: decoder round 198613, completed instructions: 9171/12893, actively running or decoding instructions: 5, waiting windows: 29873/63844. Max active instruction index: 9182
2024-11-18 22:28:01 | Simulation update: decoder round 201642, completed instructions: 9376/12893, actively running or decoding instructions: 7, waiting windows: 30282/64755. Max active instruction index: 9408
2024-11-18 22:28:11 | Simulation update: decoder round 204996, completed instructions: 9589/12893, actively running or decoding instructions: 11, waiting windows: 30713/65708. Max active instruction index: 9605
2024-11-18 22:28:21 | Simulation update: decoder round 208703, completed instructions: 9827/12893, actively running or decoding instructions: 8, waiting windows: 31245/66876. Max active instruction index: 10128
2024-11-18 22:28:31 | Simulation update: decoder round 212901, completed instructions: 9900/12893, actively running or decoding instructions: 4, waiting windows: 31729/67880. Max active instruction index: 9896
2024-11-18 22:28:41 | Simulation update: decoder round 217261, completed instructions: 9967/12893, actively running or decoding instructions: 3, waiting windows: 32227/68911. Max active instruction index: 9959
2024-11-18 22:28:51 | Simulation update: decoder round 221830, completed instructions: 10053/12893, actively running or decoding instructions: 4, waiting windows: 32734/69957. Max active instruction index: 10045
2024-11-18 22:29:01 | Simulation update: decoder round 226632, completed instructions: 10156/12893, actively running or decoding instructions: 10, waiting windows: 33281/71085. Max active instruction index: 10149
2024-11-18 22:29:11 | Simulation update: decoder round 231848, completed instructions: 10408/12893, actively running or decoding instructions: 6, waiting windows: 33826/72282. Max active instruction index: 10421
2024-11-18 22:29:21 | Simulation update: decoder round 237792, completed instructions: 10692/12893, actively running or decoding instructions: 4, waiting windows: 34444/73652. Max active instruction index: 10733
2024-11-18 22:29:31 | Simulation update: decoder round 244894, completed instructions: 11035/12893, actively running or decoding instructions: 4, waiting windows: 35231/75363. Max active instruction index: 11075
2024-11-18 22:29:41 | Simulation update: decoder round 254264, completed instructions: 11477/12893, actively running or decoding instructions: 6, waiting windows: 36218/77533. Max active instruction index: 11521
2024-11-18 22:29:51 | Simulation update: decoder round 291109, completed instructions: 12498/12893, actively running or decoding instructions: 4, waiting windows: 38086/81811. Max active instruction index: 12495
2024-11-18 22:29:53 | Finished simulation
2024-11-18 22:29:54 | Finished saving output. Done! Total elapsed time: 0:27:46.289868
