CONFIG 703
benchmark_file: slurm/data/20241118_215925/benchmarks/H2.lss
decoder_latency_or_dist_filename: slurm/data/20241118_215925/decoder_dists.json
distance: 21
lightweight_setting: 2
max_parallel_processes: None
missed_speculation_modifier: 1.4
poison_policy: successors
rng: 9
scheduling_method: parallel
speculation_accuracy: 0.9
speculation_latency: 1
speculation_mode: separate
2024-11-18 22:02:56 | Loading benchmark slurm/data/20241118_215925/benchmarks/H2.lss...
2024-11-18 22:02:58 | Starting simulation
2024-11-18 22:03:01 | Simulation update: decoder round 1, completed instructions: 0/28635, actively running or decoding instructions: 11, waiting windows: 0/0. Max active instruction index: 32
2024-11-18 22:03:11 | Simulation update: decoder round 326, completed instructions: 55/28635, actively running or decoding instructions: 8, waiting windows: 133/190. Max active instruction index: 52
2024-11-18 22:03:21 | Simulation update: decoder round 601, completed instructions: 65/28635, actively running or decoding instructions: 5, waiting windows: 212/338. Max active instruction index: 60
2024-11-18 22:03:31 | Simulation update: decoder round 873, completed instructions: 74/28635, actively running or decoding instructions: 4, waiting windows: 293/491. Max active instruction index: 68
2024-11-18 22:03:41 | Simulation update: decoder round 1147, completed instructions: 82/28635, actively running or decoding instructions: 3, waiting windows: 366/649. Max active instruction index: 76
2024-11-18 22:03:51 | Simulation update: decoder round 1420, completed instructions: 89/28635, actively running or decoding instructions: 2, waiting windows: 437/809. Max active instruction index: 83
2024-11-18 22:04:01 | Simulation update: decoder round 1694, completed instructions: 97/28635, actively running or decoding instructions: 3, waiting windows: 521/967. Max active instruction index: 91
2024-11-18 22:04:11 | Simulation update: decoder round 1968, completed instructions: 105/28635, actively running or decoding instructions: 2, waiting windows: 599/1127. Max active instruction index: 99
2024-11-18 22:04:21 | Simulation update: decoder round 2243, completed instructions: 111/28635, actively running or decoding instructions: 2, waiting windows: 671/1276. Max active instruction index: 106
2024-11-18 22:04:31 | Simulation update: decoder round 2510, completed instructions: 120/28635, actively running or decoding instructions: 2, waiting windows: 747/1433. Max active instruction index: 114
2024-11-18 22:04:41 | Simulation update: decoder round 2783, completed instructions: 126/28635, actively running or decoding instructions: 3, waiting windows: 818/1585. Max active instruction index: 121
2024-11-18 22:04:51 | Simulation update: decoder round 3057, completed instructions: 137/28635, actively running or decoding instructions: 3, waiting windows: 908/1741. Max active instruction index: 137
2024-11-18 22:05:01 | Simulation update: decoder round 3330, completed instructions: 149/28635, actively running or decoding instructions: 4, waiting windows: 981/1902. Max active instruction index: 150
2024-11-18 22:05:11 | Simulation update: decoder round 3601, completed instructions: 156/28635, actively running or decoding instructions: 3, waiting windows: 1061/2062. Max active instruction index: 157
2024-11-18 22:05:21 | Simulation update: decoder round 3874, completed instructions: 158/28635, actively running or decoding instructions: 3, waiting windows: 1136/2217. Max active instruction index: 158
