CONFIG 713
benchmark_file: slurm/data/20241118_215925/benchmarks/adder_n28.lss
decoder_latency_or_dist_filename: slurm/data/20241118_215925/decoder_dists.json
distance: 21
lightweight_setting: 2
max_parallel_processes: None
missed_speculation_modifier: 1.4
poison_policy: successors
rng: 9
scheduling_method: parallel
speculation_accuracy: 0.9
speculation_latency: 1
speculation_mode: separate
2024-11-18 22:02:56 | Loading benchmark slurm/data/20241118_215925/benchmarks/adder_n28.lss...
2024-11-18 22:02:56 | Starting simulation
2024-11-18 22:02:56 | Simulation update: decoder round 1, completed instructions: 0/2839, actively running or decoding instructions: 7, waiting windows: 0/0. Max active instruction index: 30
2024-11-18 22:03:06 | Simulation update: decoder round 2287, completed instructions: 257/2839, actively running or decoding instructions: 2, waiting windows: 1656/3182. Max active instruction index: 242
2024-11-18 22:03:16 | Simulation update: decoder round 4646, completed instructions: 424/2839, actively running or decoding instructions: 9, waiting windows: 3207/6327. Max active instruction index: 425
2024-11-18 22:03:26 | Simulation update: decoder round 6959, completed instructions: 727/2839, actively running or decoding instructions: 11, waiting windows: 4776/9614. Max active instruction index: 750
2024-11-18 22:03:36 | Simulation update: decoder round 9581, completed instructions: 1065/2839, actively running or decoding instructions: 11, waiting windows: 6404/13087. Max active instruction index: 1075
2024-11-18 22:03:46 | Simulation update: decoder round 12794, completed instructions: 1567/2839, actively running or decoding instructions: 17, waiting windows: 8171/16894. Max active instruction index: 1571
2024-11-18 22:03:56 | Simulation update: decoder round 16719, completed instructions: 2156/2839, actively running or decoding instructions: 17, waiting windows: 9773/20504. Max active instruction index: 2143
2024-11-18 22:04:04 | Finished simulation
2024-11-18 22:04:04 | Finished saving output. Done! Total elapsed time: 0:01:08.425295
