CONFIG 1017
benchmark_file: slurm/data/20241113_081402/benchmarks/qrom_15_15.lss
decoder_latency_or_dist_filename: lambda volume: volume*3.593813663804626
distance: 21
lightweight_setting: 1
max_parallel_processes: None
missed_speculation_modifier: 5.0
poison_policy: descendants
rng: 16
scheduling_method: sliding
speculation_accuracy: 0.9
speculation_latency: 1
speculation_mode: separate
2024-11-13 08:24:26 | Loading benchmark slurm/data/20241113_081402/benchmarks/qrom_15_15.lss...
2024-11-13 08:24:26 | Starting simulation
2024-11-13 08:24:26 | Simulation update: decoder round 1, completed instructions: 0/1498, actively running or decoding instructions: 10, waiting windows: 0/0. Max active instruction index: 66
2024-11-13 08:24:36 | Simulation update: decoder round 2230, completed instructions: 298/1498, actively running or decoding instructions: 3, waiting windows: 279/1982. Max active instruction index: 276
2024-11-13 08:24:46 | Simulation update: decoder round 4267, completed instructions: 713/1498, actively running or decoding instructions: 15, waiting windows: 227/3933. Max active instruction index: 701
2024-11-13 08:24:53 | Finished simulation
2024-11-13 08:24:54 | Finished saving output. Done! Total elapsed time: 0:00:27.310990
