CONFIG 1069
benchmark_file: slurm/data/20241113_081402/benchmarks/qrom_15_15.lss
decoder_latency_or_dist_filename: lambda volume: volume*10.0
distance: 21
lightweight_setting: 1
max_parallel_processes: None
missed_speculation_modifier: 2.0
poison_policy: descendants
rng: 17
scheduling_method: sliding
speculation_accuracy: 0.9
speculation_latency: 1
speculation_mode: separate
2024-11-13 08:24:27 | Loading benchmark slurm/data/20241113_081402/benchmarks/qrom_15_15.lss...
2024-11-13 08:24:27 | Starting simulation
2024-11-13 08:24:28 | Simulation update: decoder round 1, completed instructions: 0/1498, actively running or decoding instructions: 10, waiting windows: 0/0. Max active instruction index: 66
2024-11-13 08:24:38 | Simulation update: decoder round 1245, completed instructions: 162/1498, actively running or decoding instructions: 16, waiting windows: 709/1072. Max active instruction index: 180
2024-11-13 08:24:48 | Simulation update: decoder round 1734, completed instructions: 162/1498, actively running or decoding instructions: 14, waiting windows: 912/1463. Max active instruction index: 146
2024-11-13 08:24:58 | Simulation update: decoder round 2084, completed instructions: 162/1498, actively running or decoding instructions: 11, waiting windows: 1073/1752. Max active instruction index: 146
2024-11-13 08:25:08 | Simulation update: decoder round 2359, completed instructions: 163/1498, actively running or decoding instructions: 10, waiting windows: 1158/1973. Max active instruction index: 136
2024-11-13 08:25:18 | Simulation update: decoder round 2605, completed instructions: 164/1498, actively running or decoding instructions: 9, waiting windows: 1242/2177. Max active instruction index: 156
2024-11-13 08:25:28 | Simulation update: decoder round 2824, completed instructions: 164/1498, actively running or decoding instructions: 8, waiting windows: 1262/2347. Max active instruction index: 156
2024-11-13 08:25:38 | Simulation update: decoder round 3024, completed instructions: 164/1498, actively running or decoding instructions: 8, waiting windows: 1382/2505. Max active instruction index: 156
2024-11-13 08:25:48 | Simulation update: decoder round 3204, completed instructions: 164/1498, actively running or decoding instructions: 5, waiting windows: 1414/2653. Max active instruction index: 156
2024-11-13 08:25:58 | Simulation update: decoder round 3379, completed instructions: 164/1498, actively running or decoding instructions: 4, waiting windows: 1473/2794. Max active instruction index: 156
2024-11-13 08:26:08 | Simulation update: decoder round 3534, completed instructions: 182/1498, actively running or decoding instructions: 10, waiting windows: 1538/2942. Max active instruction index: 175
2024-11-13 08:26:18 | Simulation update: decoder round 3676, completed instructions: 223/1498, actively running or decoding instructions: 19, waiting windows: 1613/3087. Max active instruction index: 214
2024-11-13 08:26:28 | Simulation update: decoder round 3805, completed instructions: 223/1498, actively running or decoding instructions: 19, waiting windows: 1691/3183. Max active instruction index: 214
2024-11-13 08:26:38 | Simulation update: decoder round 3922, completed instructions: 223/1498, actively running or decoding instructions: 19, waiting windows: 1739/3266. Max active instruction index: 214
2024-11-13 08:26:48 | Simulation update: decoder round 4033, completed instructions: 223/1498, actively running or decoding instructions: 19, waiting windows: 1775/3359. Max active instruction index: 214
2024-11-13 08:26:58 | Simulation update: decoder round 4140, completed instructions: 223/1498, actively running or decoding instructions: 18, waiting windows: 1770/3439. Max active instruction index: 214
2024-11-13 08:27:08 | Simulation update: decoder round 4242, completed instructions: 223/1498, actively running or decoding instructions: 18, waiting windows: 1824/3508. Max active instruction index: 214
2024-11-13 08:27:18 | Simulation update: decoder round 4338, completed instructions: 223/1498, actively running or decoding instructions: 18, waiting windows: 1868/3586. Max active instruction index: 214
2024-11-13 08:27:28 | Simulation update: decoder round 4433, completed instructions: 223/1498, actively running or decoding instructions: 18, waiting windows: 1887/3663. Max active instruction index: 214
2024-11-13 08:27:38 | Simulation update: decoder round 4524, completed instructions: 223/1498, actively running or decoding instructions: 18, waiting windows: 1905/3730. Max active instruction index: 214
2024-11-13 08:27:48 | Simulation update: decoder round 4612, completed instructions: 223/1498, actively running or decoding instructions: 18, waiting windows: 1962/3794. Max active instruction index: 214
2024-11-13 08:27:58 | Simulation update: decoder round 4695, completed instructions: 223/1498, actively running or decoding instructions: 18, waiting windows: 1961/3858. Max active instruction index: 214
2024-11-13 08:28:08 | Simulation update: decoder round 4777, completed instructions: 223/1498, actively running or decoding instructions: 18, waiting windows: 1976/3922. Max active instruction index: 214
2024-11-13 08:28:18 | Simulation update: decoder round 4860, completed instructions: 223/1498, actively running or decoding instructions: 18, waiting windows: 2004/3986. Max active instruction index: 214
2024-11-13 08:28:29 | Simulation update: decoder round 4941, completed instructions: 223/1498, actively running or decoding instructions: 18, waiting windows: 2015/4047. Max active instruction index: 214
2024-11-13 08:28:39 | Simulation update: decoder round 5021, completed instructions: 223/1498, actively running or decoding instructions: 18, waiting windows: 2049/4111. Max active instruction index: 214
2024-11-13 08:28:49 | Simulation update: decoder round 5097, completed instructions: 223/1498, actively running or decoding instructions: 18, waiting windows: 2089/4162. Max active instruction index: 214
2024-11-13 08:28:59 | Simulation update: decoder round 5170, completed instructions: 223/1498, actively running or decoding instructions: 18, waiting windows: 2118/4223. Max active instruction index: 214
2024-11-13 08:29:09 | Simulation update: decoder round 5241, completed instructions: 223/1498, actively running or decoding instructions: 17, waiting windows: 2144/4274. Max active instruction index: 214
2024-11-13 08:29:19 | Simulation update: decoder round 5310, completed instructions: 223/1498, actively running or decoding instructions: 17, waiting windows: 2169/4324. Max active instruction index: 214
2024-11-13 08:29:29 | Simulation update: decoder round 5378, completed instructions: 223/1498, actively running or decoding instructions: 17, waiting windows: 2211/4383. Max active instruction index: 214
2024-11-13 08:29:39 | Simulation update: decoder round 5443, completed instructions: 223/1498, actively running or decoding instructions: 16, waiting windows: 2255/4431. Max active instruction index: 214
2024-11-13 08:29:49 | Simulation update: decoder round 5506, completed instructions: 223/1498, actively running or decoding instructions: 16, waiting windows: 2295/4479. Max active instruction index: 214
2024-11-13 08:29:59 | Simulation update: decoder round 5567, completed instructions: 223/1498, actively running or decoding instructions: 16, waiting windows: 2304/4527. Max active instruction index: 214
2024-11-13 08:30:09 | Simulation update: decoder round 5627, completed instructions: 223/1498, actively running or decoding instructions: 16, waiting windows: 2327/4564. Max active instruction index: 214
2024-11-13 08:30:19 | Simulation update: decoder round 5687, completed instructions: 223/1498, actively running or decoding instructions: 16, waiting windows: 2324/4610. Max active instruction index: 214
2024-11-13 08:30:29 | Simulation update: decoder round 5745, completed instructions: 223/1498, actively running or decoding instructions: 16, waiting windows: 2343/4658. Max active instruction index: 214
2024-11-13 08:30:40 | Simulation update: decoder round 5803, completed instructions: 223/1498, actively running or decoding instructions: 16, waiting windows: 2377/4703. Max active instruction index: 214
2024-11-13 08:30:50 | Simulation update: decoder round 5859, completed instructions: 223/1498, actively running or decoding instructions: 16, waiting windows: 2411/4740. Max active instruction index: 214
2024-11-13 08:31:00 | Simulation update: decoder round 5913, completed instructions: 223/1498, actively running or decoding instructions: 16, waiting windows: 2451/4786. Max active instruction index: 214
2024-11-13 08:31:10 | Simulation update: decoder round 5966, completed instructions: 223/1498, actively running or decoding instructions: 16, waiting windows: 2447/4831. Max active instruction index: 214
2024-11-13 08:31:20 | Simulation update: decoder round 6020, completed instructions: 223/1498, actively running or decoding instructions: 16, waiting windows: 2460/4866. Max active instruction index: 214
2024-11-13 08:31:30 | Simulation update: decoder round 6073, completed instructions: 223/1498, actively running or decoding instructions: 16, waiting windows: 2452/4911. Max active instruction index: 214
2024-11-13 08:31:40 | Simulation update: decoder round 6126, completed instructions: 223/1498, actively running or decoding instructions: 16, waiting windows: 2460/4946. Max active instruction index: 214
2024-11-13 08:31:50 | Simulation update: decoder round 6179, completed instructions: 223/1498, actively running or decoding instructions: 16, waiting windows: 2433/4991. Max active instruction index: 214
2024-11-13 08:32:00 | Simulation update: decoder round 6233, completed instructions: 223/1498, actively running or decoding instructions: 16, waiting windows: 2455/5026. Max active instruction index: 214
2024-11-13 08:32:10 | Simulation update: decoder round 6285, completed instructions: 223/1498, actively running or decoding instructions: 16, waiting windows: 2497/5071. Max active instruction index: 214
2024-11-13 08:32:20 | Simulation update: decoder round 6336, completed instructions: 223/1498, actively running or decoding instructions: 16, waiting windows: 2529/5106. Max active instruction index: 214
2024-11-13 08:32:31 | Simulation update: decoder round 6386, completed instructions: 223/1498, actively running or decoding instructions: 16, waiting windows: 2549/5151. Max active instruction index: 214
2024-11-13 08:32:41 | Simulation update: decoder round 6435, completed instructions: 223/1498, actively running or decoding instructions: 16, waiting windows: 2573/5186. Max active instruction index: 214
2024-11-13 08:32:51 | Simulation update: decoder round 6484, completed instructions: 223/1498, actively running or decoding instructions: 16, waiting windows: 2571/5218. Max active instruction index: 214
2024-11-13 08:33:01 | Simulation update: decoder round 6532, completed instructions: 223/1498, actively running or decoding instructions: 16, waiting windows: 2614/5263. Max active instruction index: 214
2024-11-13 08:33:11 | Simulation update: decoder round 6579, completed instructions: 223/1498, actively running or decoding instructions: 16, waiting windows: 2612/5295. Max active instruction index: 214
2024-11-13 08:33:21 | Simulation update: decoder round 6626, completed instructions: 223/1498, actively running or decoding instructions: 16, waiting windows: 2625/5330. Max active instruction index: 214
2024-11-13 08:33:31 | Simulation update: decoder round 6672, completed instructions: 223/1498, actively running or decoding instructions: 16, waiting windows: 2652/5362. Max active instruction index: 214
2024-11-13 08:33:41 | Simulation update: decoder round 6717, completed instructions: 223/1498, actively running or decoding instructions: 16, waiting windows: 2686/5396. Max active instruction index: 214
2024-11-13 08:33:51 | Simulation update: decoder round 6761, completed instructions: 223/1498, actively running or decoding instructions: 16, waiting windows: 2717/5428. Max active instruction index: 214
2024-11-13 08:34:01 | Simulation update: decoder round 6804, completed instructions: 223/1498, actively running or decoding instructions: 16, waiting windows: 2702/5460. Max active instruction index: 214
2024-11-13 08:34:11 | Simulation update: decoder round 6848, completed instructions: 223/1498, actively running or decoding instructions: 16, waiting windows: 2733/5503. Max active instruction index: 214
2024-11-13 08:34:21 | Simulation update: decoder round 6891, completed instructions: 223/1498, actively running or decoding instructions: 16, waiting windows: 2731/5535. Max active instruction index: 214
2024-11-13 08:34:31 | Simulation update: decoder round 6935, completed instructions: 223/1498, actively running or decoding instructions: 16, waiting windows: 2747/5567. Max active instruction index: 214
2024-11-13 08:34:42 | Simulation update: decoder round 6978, completed instructions: 223/1498, actively running or decoding instructions: 16, waiting windows: 2747/5599. Max active instruction index: 214
2024-11-13 08:34:52 | Simulation update: decoder round 7021, completed instructions: 223/1498, actively running or decoding instructions: 16, waiting windows: 2753/5631. Max active instruction index: 214
2024-11-13 08:35:02 | Simulation update: decoder round 7064, completed instructions: 223/1498, actively running or decoding instructions: 16, waiting windows: 2767/5663. Max active instruction index: 214
2024-11-13 08:35:12 | Simulation update: decoder round 7106, completed instructions: 223/1498, actively running or decoding instructions: 16, waiting windows: 2796/5695. Max active instruction index: 214
2024-11-13 08:35:22 | Simulation update: decoder round 7147, completed instructions: 223/1498, actively running or decoding instructions: 16, waiting windows: 2826/5727. Max active instruction index: 214
2024-11-13 08:35:32 | Simulation update: decoder round 7188, completed instructions: 223/1498, actively running or decoding instructions: 16, waiting windows: 2854/5759. Max active instruction index: 214
2024-11-13 08:35:42 | Simulation update: decoder round 7228, completed instructions: 223/1498, actively running or decoding instructions: 16, waiting windows: 2861/5791. Max active instruction index: 214
2024-11-13 08:35:53 | Simulation update: decoder round 7268, completed instructions: 223/1498, actively running or decoding instructions: 16, waiting windows: 2877/5823. Max active instruction index: 214
2024-11-13 08:36:03 | Simulation update: decoder round 7308, completed instructions: 223/1498, actively running or decoding instructions: 16, waiting windows: 2796/5844. Max active instruction index: 214
2024-11-13 08:36:13 | Simulation update: decoder round 7349, completed instructions: 223/1498, actively running or decoding instructions: 16, waiting windows: 2813/5876. Max active instruction index: 214
2024-11-13 08:36:23 | Simulation update: decoder round 7390, completed instructions: 223/1498, actively running or decoding instructions: 16, waiting windows: 2841/5908. Max active instruction index: 214
2024-11-13 08:36:33 | Simulation update: decoder round 7430, completed instructions: 223/1498, actively running or decoding instructions: 16, waiting windows: 2840/5938. Max active instruction index: 214
2024-11-13 08:36:43 | Simulation update: decoder round 7470, completed instructions: 223/1498, actively running or decoding instructions: 16, waiting windows: 2854/5970. Max active instruction index: 214
2024-11-13 08:36:54 | Simulation update: decoder round 7510, completed instructions: 223/1498, actively running or decoding instructions: 15, waiting windows: 2884/6002. Max active instruction index: 214
2024-11-13 08:37:04 | Simulation update: decoder round 7549, completed instructions: 223/1498, actively running or decoding instructions: 15, waiting windows: 2915/6034. Max active instruction index: 214
2024-11-13 08:37:14 | Simulation update: decoder round 7587, completed instructions: 223/1498, actively running or decoding instructions: 15, waiting windows: 2942/6063. Max active instruction index: 214
2024-11-13 08:37:24 | Simulation update: decoder round 7624, completed instructions: 223/1498, actively running or decoding instructions: 15, waiting windows: 2972/6095. Max active instruction index: 214
2024-11-13 08:37:34 | Simulation update: decoder round 7661, completed instructions: 223/1498, actively running or decoding instructions: 15, waiting windows: 2942/6114. Max active instruction index: 214
2024-11-13 08:37:44 | Simulation update: decoder round 7698, completed instructions: 223/1498, actively running or decoding instructions: 15, waiting windows: 2974/6146. Max active instruction index: 214
2024-11-13 08:37:54 | Simulation update: decoder round 7735, completed instructions: 223/1498, actively running or decoding instructions: 15, waiting windows: 2944/6175. Max active instruction index: 214
2024-11-13 08:38:04 | Simulation update: decoder round 7772, completed instructions: 223/1498, actively running or decoding instructions: 15, waiting windows: 2965/6207. Max active instruction index: 214
2024-11-13 08:38:14 | Simulation update: decoder round 7809, completed instructions: 223/1498, actively running or decoding instructions: 15, waiting windows: 2979/6228. Max active instruction index: 214
2024-11-13 08:38:25 | Simulation update: decoder round 7845, completed instructions: 223/1498, actively running or decoding instructions: 15, waiting windows: 3004/6258. Max active instruction index: 214
2024-11-13 08:38:35 | Simulation update: decoder round 7881, completed instructions: 223/1498, actively running or decoding instructions: 15, waiting windows: 3019/6287. Max active instruction index: 214
2024-11-13 08:38:45 | Simulation update: decoder round 7917, completed instructions: 223/1498, actively running or decoding instructions: 15, waiting windows: 2983/6308. Max active instruction index: 214
2024-11-13 08:38:55 | Simulation update: decoder round 7953, completed instructions: 223/1498, actively running or decoding instructions: 15, waiting windows: 3011/6338. Max active instruction index: 214
2024-11-13 08:39:05 | Simulation update: decoder round 7988, completed instructions: 223/1498, actively running or decoding instructions: 15, waiting windows: 3040/6367. Max active instruction index: 214
2024-11-13 08:39:15 | Simulation update: decoder round 8023, completed instructions: 223/1498, actively running or decoding instructions: 15, waiting windows: 3070/6399. Max active instruction index: 214
2024-11-13 08:39:25 | Simulation update: decoder round 8057, completed instructions: 223/1498, actively running or decoding instructions: 15, waiting windows: 3087/6418. Max active instruction index: 214
2024-11-13 08:39:35 | Simulation update: decoder round 8091, completed instructions: 223/1498, actively running or decoding instructions: 15, waiting windows: 3063/6447. Max active instruction index: 214
2024-11-13 08:39:45 | Simulation update: decoder round 8125, completed instructions: 223/1498, actively running or decoding instructions: 15, waiting windows: 3084/6468. Max active instruction index: 214
2024-11-13 08:39:55 | Simulation update: decoder round 8159, completed instructions: 223/1498, actively running or decoding instructions: 15, waiting windows: 3075/6498. Max active instruction index: 214
2024-11-13 08:40:06 | Simulation update: decoder round 8194, completed instructions: 223/1498, actively running or decoding instructions: 15, waiting windows: 3072/6527. Max active instruction index: 214
2024-11-13 08:40:16 | Simulation update: decoder round 8228, completed instructions: 223/1498, actively running or decoding instructions: 15, waiting windows: 3073/6546. Max active instruction index: 214
2024-11-13 08:40:26 | Simulation update: decoder round 8262, completed instructions: 223/1498, actively running or decoding instructions: 15, waiting windows: 3080/6578. Max active instruction index: 214
2024-11-13 08:40:36 | Simulation update: decoder round 8297, completed instructions: 223/1498, actively running or decoding instructions: 15, waiting windows: 3053/6607. Max active instruction index: 214
2024-11-13 08:40:46 | Simulation update: decoder round 8332, completed instructions: 223/1498, actively running or decoding instructions: 15, waiting windows: 3067/6626. Max active instruction index: 214
2024-11-13 08:40:56 | Simulation update: decoder round 8367, completed instructions: 223/1498, actively running or decoding instructions: 15, waiting windows: 3097/6658. Max active instruction index: 214
2024-11-13 08:41:07 | Simulation update: decoder round 8401, completed instructions: 223/1498, actively running or decoding instructions: 15, waiting windows: 3126/6687. Max active instruction index: 214
2024-11-13 08:41:17 | Simulation update: decoder round 8434, completed instructions: 223/1498, actively running or decoding instructions: 15, waiting windows: 3146/6706. Max active instruction index: 214
2024-11-13 08:41:27 | Simulation update: decoder round 8467, completed instructions: 223/1498, actively running or decoding instructions: 15, waiting windows: 3173/6735. Max active instruction index: 214
2024-11-13 08:41:37 | Simulation update: decoder round 8500, completed instructions: 223/1498, actively running or decoding instructions: 15, waiting windows: 3169/6754. Max active instruction index: 214
2024-11-13 08:41:47 | Simulation update: decoder round 8533, completed instructions: 223/1498, actively running or decoding instructions: 15, waiting windows: 3192/6783. Max active instruction index: 214
2024-11-13 08:41:57 | Simulation update: decoder round 8565, completed instructions: 223/1498, actively running or decoding instructions: 15, waiting windows: 3143/6804. Max active instruction index: 214
2024-11-13 08:42:08 | Simulation update: decoder round 8598, completed instructions: 223/1498, actively running or decoding instructions: 15, waiting windows: 3139/6834. Max active instruction index: 214
2024-11-13 08:42:18 | Simulation update: decoder round 8631, completed instructions: 223/1498, actively running or decoding instructions: 15, waiting windows: 3155/6852. Max active instruction index: 214
2024-11-13 08:42:28 | Simulation update: decoder round 8663, completed instructions: 223/1498, actively running or decoding instructions: 15, waiting windows: 3171/6882. Max active instruction index: 214
2024-11-13 08:42:38 | Simulation update: decoder round 8695, completed instructions: 223/1498, actively running or decoding instructions: 15, waiting windows: 3168/6911. Max active instruction index: 214
2024-11-13 08:42:48 | Simulation update: decoder round 8727, completed instructions: 223/1498, actively running or decoding instructions: 15, waiting windows: 3184/6930. Max active instruction index: 214
2024-11-13 08:42:58 | Simulation update: decoder round 8759, completed instructions: 223/1498, actively running or decoding instructions: 15, waiting windows: 3196/6959. Max active instruction index: 214
2024-11-13 08:43:08 | Simulation update: decoder round 8791, completed instructions: 223/1498, actively running or decoding instructions: 15, waiting windows: 3216/6978. Max active instruction index: 214
2024-11-13 08:43:18 | Simulation update: decoder round 8822, completed instructions: 223/1498, actively running or decoding instructions: 15, waiting windows: 3245/7007. Max active instruction index: 214
2024-11-13 08:43:28 | Simulation update: decoder round 8853, completed instructions: 223/1498, actively running or decoding instructions: 15, waiting windows: 3264/7026. Max active instruction index: 214
2024-11-13 08:43:38 | Simulation update: decoder round 8883, completed instructions: 223/1498, actively running or decoding instructions: 14, waiting windows: 3279/7044. Max active instruction index: 214
2024-11-13 08:43:49 | Simulation update: decoder round 8913, completed instructions: 223/1498, actively running or decoding instructions: 14, waiting windows: 3279/7074. Max active instruction index: 214
2024-11-13 08:43:59 | Simulation update: decoder round 8943, completed instructions: 223/1498, actively running or decoding instructions: 12, waiting windows: 3284/7092. Max active instruction index: 214
2024-11-13 08:44:09 | Simulation update: decoder round 8973, completed instructions: 223/1498, actively running or decoding instructions: 12, waiting windows: 3311/7119. Max active instruction index: 214
2024-11-13 08:44:19 | Simulation update: decoder round 9003, completed instructions: 223/1498, actively running or decoding instructions: 12, waiting windows: 3298/7138. Max active instruction index: 214
2024-11-13 08:44:29 | Simulation update: decoder round 9033, completed instructions: 223/1498, actively running or decoding instructions: 12, waiting windows: 3306/7167. Max active instruction index: 214
2024-11-13 08:44:39 | Simulation update: decoder round 9063, completed instructions: 223/1498, actively running or decoding instructions: 12, waiting windows: 3325/7186. Max active instruction index: 214
2024-11-13 08:44:50 | Simulation update: decoder round 9093, completed instructions: 223/1498, actively running or decoding instructions: 11, waiting windows: 3294/7204. Max active instruction index: 214
2024-11-13 08:45:00 | Simulation update: decoder round 9123, completed instructions: 223/1498, actively running or decoding instructions: 11, waiting windows: 3307/7234. Max active instruction index: 214
2024-11-13 08:45:10 | Simulation update: decoder round 9153, completed instructions: 223/1498, actively running or decoding instructions: 11, waiting windows: 3321/7252. Max active instruction index: 214
2024-11-13 08:45:20 | Simulation update: decoder round 9183, completed instructions: 223/1498, actively running or decoding instructions: 11, waiting windows: 3338/7279. Max active instruction index: 214
2024-11-13 08:45:31 | Simulation update: decoder round 9212, completed instructions: 223/1498, actively running or decoding instructions: 11, waiting windows: 3354/7298. Max active instruction index: 214
2024-11-13 08:45:41 | Simulation update: decoder round 9241, completed instructions: 223/1498, actively running or decoding instructions: 11, waiting windows: 3383/7327. Max active instruction index: 214
2024-11-13 08:45:51 | Simulation update: decoder round 9270, completed instructions: 223/1498, actively running or decoding instructions: 10, waiting windows: 3401/7346. Max active instruction index: 214
2024-11-13 08:46:01 | Simulation update: decoder round 9298, completed instructions: 223/1498, actively running or decoding instructions: 10, waiting windows: 3416/7362. Max active instruction index: 214
2024-11-13 08:46:11 | Simulation update: decoder round 9326, completed instructions: 223/1498, actively running or decoding instructions: 9, waiting windows: 3440/7391. Max active instruction index: 214
2024-11-13 08:46:21 | Simulation update: decoder round 9354, completed instructions: 223/1498, actively running or decoding instructions: 9, waiting windows: 3414/7410. Max active instruction index: 214
2024-11-13 08:46:32 | Simulation update: decoder round 9382, completed instructions: 223/1498, actively running or decoding instructions: 9, waiting windows: 3430/7426. Max active instruction index: 214
2024-11-13 08:46:42 | Simulation update: decoder round 9410, completed instructions: 223/1498, actively running or decoding instructions: 8, waiting windows: 3348/7455. Max active instruction index: 214
2024-11-13 08:46:52 | Simulation update: decoder round 9439, completed instructions: 223/1498, actively running or decoding instructions: 8, waiting windows: 3362/7474. Max active instruction index: 214
2024-11-13 08:47:02 | Simulation update: decoder round 9468, completed instructions: 223/1498, actively running or decoding instructions: 8, waiting windows: 3380/7492. Max active instruction index: 214
2024-11-13 08:47:12 | Simulation update: decoder round 9496, completed instructions: 223/1498, actively running or decoding instructions: 8, waiting windows: 3387/7519. Max active instruction index: 214
2024-11-13 08:47:22 | Simulation update: decoder round 9524, completed instructions: 224/1498, actively running or decoding instructions: 7, waiting windows: 3392/7538. Max active instruction index: 208
2024-11-13 08:47:32 | Simulation update: decoder round 9552, completed instructions: 224/1498, actively running or decoding instructions: 4, waiting windows: 3406/7556. Max active instruction index: 208
2024-11-13 08:47:43 | Simulation update: decoder round 9579, completed instructions: 225/1498, actively running or decoding instructions: 5, waiting windows: 3459/7583. Max active instruction index: 223
2024-11-13 08:47:53 | Simulation update: decoder round 9606, completed instructions: 225/1498, actively running or decoding instructions: 5, waiting windows: 3478/7602. Max active instruction index: 223
2024-11-13 08:48:03 | Simulation update: decoder round 9633, completed instructions: 226/1498, actively running or decoding instructions: 3, waiting windows: 3492/7618. Max active instruction index: 225
2024-11-13 08:48:13 | Simulation update: decoder round 9660, completed instructions: 241/1498, actively running or decoding instructions: 9, waiting windows: 3526/7652. Max active instruction index: 358
2024-11-13 08:48:24 | Simulation update: decoder round 9686, completed instructions: 260/1498, actively running or decoding instructions: 10, waiting windows: 3572/7698. Max active instruction index: 358
2024-11-13 08:48:34 | Simulation update: decoder round 9712, completed instructions: 262/1498, actively running or decoding instructions: 11, waiting windows: 3592/7718. Max active instruction index: 358
2024-11-13 08:48:44 | Simulation update: decoder round 9738, completed instructions: 264/1498, actively running or decoding instructions: 12, waiting windows: 3611/7737. Max active instruction index: 358
2024-11-13 08:48:54 | Simulation update: decoder round 9763, completed instructions: 280/1498, actively running or decoding instructions: 18, waiting windows: 3640/7776. Max active instruction index: 358
2024-11-13 08:49:05 | Simulation update: decoder round 9788, completed instructions: 289/1498, actively running or decoding instructions: 18, waiting windows: 3663/7809. Max active instruction index: 358
2024-11-13 08:49:15 | Simulation update: decoder round 9813, completed instructions: 296/1498, actively running or decoding instructions: 18, waiting windows: 3687/7833. Max active instruction index: 358
2024-11-13 08:49:25 | Simulation update: decoder round 9838, completed instructions: 296/1498, actively running or decoding instructions: 18, waiting windows: 3590/7851. Max active instruction index: 358
2024-11-13 08:49:36 | Simulation update: decoder round 9864, completed instructions: 296/1498, actively running or decoding instructions: 18, waiting windows: 3600/7869. Max active instruction index: 358
2024-11-13 08:49:46 | Simulation update: decoder round 9889, completed instructions: 296/1498, actively running or decoding instructions: 18, waiting windows: 3625/7895. Max active instruction index: 358
2024-11-13 08:49:56 | Simulation update: decoder round 9914, completed instructions: 296/1498, actively running or decoding instructions: 18, waiting windows: 3646/7923. Max active instruction index: 358
2024-11-13 08:50:06 | Simulation update: decoder round 9939, completed instructions: 296/1498, actively running or decoding instructions: 18, waiting windows: 3619/7941. Max active instruction index: 358
2024-11-13 08:50:16 | Simulation update: decoder round 9964, completed instructions: 296/1498, actively running or decoding instructions: 18, waiting windows: 3603/7959. Max active instruction index: 358
2024-11-13 08:50:26 | Simulation update: decoder round 9990, completed instructions: 296/1498, actively running or decoding instructions: 18, waiting windows: 3616/7977. Max active instruction index: 358
2024-11-13 08:50:36 | Simulation update: decoder round 10015, completed instructions: 296/1498, actively running or decoding instructions: 18, waiting windows: 3638/8003. Max active instruction index: 358
2024-11-13 08:50:46 | Simulation update: decoder round 10040, completed instructions: 296/1498, actively running or decoding instructions: 18, waiting windows: 3661/8031. Max active instruction index: 358
2024-11-13 08:50:57 | Simulation update: decoder round 10065, completed instructions: 296/1498, actively running or decoding instructions: 18, waiting windows: 3679/8049. Max active instruction index: 358
2024-11-13 08:51:07 | Simulation update: decoder round 10090, completed instructions: 296/1498, actively running or decoding instructions: 18, waiting windows: 3692/8067. Max active instruction index: 358
2024-11-13 08:51:17 | Simulation update: decoder round 10114, completed instructions: 296/1498, actively running or decoding instructions: 18, waiting windows: 3707/8085. Max active instruction index: 358
2024-11-13 08:51:27 | Simulation update: decoder round 10138, completed instructions: 296/1498, actively running or decoding instructions: 18, waiting windows: 3720/8103. Max active instruction index: 358
2024-11-13 08:51:38 | Simulation update: decoder round 10162, completed instructions: 296/1498, actively running or decoding instructions: 18, waiting windows: 3744/8129. Max active instruction index: 358
2024-11-13 08:51:48 | Simulation update: decoder round 10186, completed instructions: 296/1498, actively running or decoding instructions: 18, waiting windows: 3749/8157. Max active instruction index: 358
2024-11-13 08:51:58 | Simulation update: decoder round 10210, completed instructions: 296/1498, actively running or decoding instructions: 18, waiting windows: 3765/8175. Max active instruction index: 358
2024-11-13 08:52:09 | Simulation update: decoder round 10234, completed instructions: 296/1498, actively running or decoding instructions: 18, waiting windows: 3777/8193. Max active instruction index: 358
2024-11-13 08:52:19 | Simulation update: decoder round 10257, completed instructions: 296/1498, actively running or decoding instructions: 18, waiting windows: 3772/8211. Max active instruction index: 358
2024-11-13 08:52:29 | Simulation update: decoder round 10280, completed instructions: 296/1498, actively running or decoding instructions: 18, waiting windows: 3763/8229. Max active instruction index: 358
2024-11-13 08:52:39 | Simulation update: decoder round 10303, completed instructions: 296/1498, actively running or decoding instructions: 18, waiting windows: 3779/8247. Max active instruction index: 358
2024-11-13 08:52:49 | Simulation update: decoder round 10326, completed instructions: 296/1498, actively running or decoding instructions: 18, waiting windows: 3800/8265. Max active instruction index: 358
2024-11-13 08:52:59 | Simulation update: decoder round 10349, completed instructions: 296/1498, actively running or decoding instructions: 18, waiting windows: 3812/8290. Max active instruction index: 358
2024-11-13 08:53:10 | Simulation update: decoder round 10372, completed instructions: 296/1498, actively running or decoding instructions: 18, waiting windows: 3820/8309. Max active instruction index: 358
2024-11-13 08:53:20 | Simulation update: decoder round 10395, completed instructions: 296/1498, actively running or decoding instructions: 18, waiting windows: 3791/8327. Max active instruction index: 358
2024-11-13 08:53:30 | Simulation update: decoder round 10418, completed instructions: 296/1498, actively running or decoding instructions: 18, waiting windows: 3792/8355. Max active instruction index: 358
2024-11-13 08:53:40 | Simulation update: decoder round 10441, completed instructions: 296/1498, actively running or decoding instructions: 17, waiting windows: 3807/8373. Max active instruction index: 358
2024-11-13 08:53:50 | Simulation update: decoder round 10464, completed instructions: 297/1498, actively running or decoding instructions: 16, waiting windows: 3822/8391. Max active instruction index: 358
2024-11-13 08:54:01 | Simulation update: decoder round 10487, completed instructions: 297/1498, actively running or decoding instructions: 16, waiting windows: 3839/8409. Max active instruction index: 358
2024-11-13 08:54:11 | Simulation update: decoder round 10509, completed instructions: 297/1498, actively running or decoding instructions: 16, waiting windows: 3856/8427. Max active instruction index: 358
2024-11-13 08:54:21 | Simulation update: decoder round 10531, completed instructions: 297/1498, actively running or decoding instructions: 15, waiting windows: 3864/8445. Max active instruction index: 358
2024-11-13 08:54:31 | Simulation update: decoder round 10553, completed instructions: 297/1498, actively running or decoding instructions: 15, waiting windows: 3877/8463. Max active instruction index: 358
2024-11-13 08:54:41 | Simulation update: decoder round 10575, completed instructions: 297/1498, actively running or decoding instructions: 15, waiting windows: 3894/8481. Max active instruction index: 358
2024-11-13 08:54:51 | Simulation update: decoder round 10597, completed instructions: 297/1498, actively running or decoding instructions: 15, waiting windows: 3887/8499. Max active instruction index: 358
2024-11-13 08:55:02 | Simulation update: decoder round 10619, completed instructions: 297/1498, actively running or decoding instructions: 15, waiting windows: 3891/8517. Max active instruction index: 358
2024-11-13 08:55:12 | Simulation update: decoder round 10641, completed instructions: 297/1498, actively running or decoding instructions: 15, waiting windows: 3907/8535. Max active instruction index: 358
2024-11-13 08:55:22 | Simulation update: decoder round 10663, completed instructions: 297/1498, actively running or decoding instructions: 15, waiting windows: 3923/8553. Max active instruction index: 358
2024-11-13 08:55:32 | Simulation update: decoder round 10684, completed instructions: 297/1498, actively running or decoding instructions: 15, waiting windows: 3920/8571. Max active instruction index: 358
2024-11-13 08:55:43 | Simulation update: decoder round 10706, completed instructions: 297/1498, actively running or decoding instructions: 15, waiting windows: 3937/8596. Max active instruction index: 358
2024-11-13 08:55:53 | Simulation update: decoder round 10728, completed instructions: 297/1498, actively running or decoding instructions: 15, waiting windows: 3951/8615. Max active instruction index: 358
2024-11-13 08:56:03 | Simulation update: decoder round 10749, completed instructions: 297/1498, actively running or decoding instructions: 15, waiting windows: 3969/8633. Max active instruction index: 358
2024-11-13 08:56:14 | Simulation update: decoder round 10770, completed instructions: 297/1498, actively running or decoding instructions: 15, waiting windows: 3976/8651. Max active instruction index: 358
2024-11-13 08:56:24 | Simulation update: decoder round 10791, completed instructions: 297/1498, actively running or decoding instructions: 15, waiting windows: 3986/8669. Max active instruction index: 358
2024-11-13 08:56:34 | Simulation update: decoder round 10812, completed instructions: 297/1498, actively running or decoding instructions: 15, waiting windows: 3986/8687. Max active instruction index: 358
2024-11-13 08:56:44 | Simulation update: decoder round 10833, completed instructions: 297/1498, actively running or decoding instructions: 15, waiting windows: 3989/8705. Max active instruction index: 358
2024-11-13 08:56:54 | Simulation update: decoder round 10854, completed instructions: 297/1498, actively running or decoding instructions: 15, waiting windows: 3986/8723. Max active instruction index: 358
2024-11-13 08:57:04 | Simulation update: decoder round 10875, completed instructions: 297/1498, actively running or decoding instructions: 15, waiting windows: 4004/8741. Max active instruction index: 358
2024-11-13 08:57:15 | Simulation update: decoder round 10896, completed instructions: 297/1498, actively running or decoding instructions: 15, waiting windows: 4018/8759. Max active instruction index: 358
2024-11-13 08:57:25 | Simulation update: decoder round 10917, completed instructions: 297/1498, actively running or decoding instructions: 15, waiting windows: 4036/8777. Max active instruction index: 358
2024-11-13 08:57:35 | Simulation update: decoder round 10938, completed instructions: 297/1498, actively running or decoding instructions: 15, waiting windows: 4035/8795. Max active instruction index: 358
2024-11-13 08:57:46 | Simulation update: decoder round 10959, completed instructions: 297/1498, actively running or decoding instructions: 15, waiting windows: 4052/8813. Max active instruction index: 358
2024-11-13 08:57:56 | Simulation update: decoder round 10979, completed instructions: 297/1498, actively running or decoding instructions: 15, waiting windows: 4068/8830. Max active instruction index: 358
2024-11-13 08:58:06 | Simulation update: decoder round 10999, completed instructions: 297/1498, actively running or decoding instructions: 15, waiting windows: 4079/8841. Max active instruction index: 358
2024-11-13 08:58:16 | Simulation update: decoder round 11019, completed instructions: 297/1498, actively running or decoding instructions: 15, waiting windows: 4075/8859. Max active instruction index: 358
2024-11-13 08:58:26 | Simulation update: decoder round 11039, completed instructions: 297/1498, actively running or decoding instructions: 15, waiting windows: 4078/8877. Max active instruction index: 358
2024-11-13 08:58:36 | Simulation update: decoder round 11059, completed instructions: 297/1498, actively running or decoding instructions: 15, waiting windows: 4094/8895. Max active instruction index: 358
2024-11-13 08:58:46 | Simulation update: decoder round 11079, completed instructions: 297/1498, actively running or decoding instructions: 15, waiting windows: 4110/8913. Max active instruction index: 358
2024-11-13 08:58:57 | Simulation update: decoder round 11099, completed instructions: 297/1498, actively running or decoding instructions: 15, waiting windows: 4094/8931. Max active instruction index: 358
2024-11-13 08:59:07 | Simulation update: decoder round 11119, completed instructions: 297/1498, actively running or decoding instructions: 15, waiting windows: 4097/8949. Max active instruction index: 358
2024-11-13 08:59:17 | Simulation update: decoder round 11139, completed instructions: 297/1498, actively running or decoding instructions: 15, waiting windows: 4115/8967. Max active instruction index: 358
2024-11-13 08:59:27 | Simulation update: decoder round 11159, completed instructions: 297/1498, actively running or decoding instructions: 15, waiting windows: 4133/8985. Max active instruction index: 358
2024-11-13 08:59:38 | Simulation update: decoder round 11179, completed instructions: 297/1498, actively running or decoding instructions: 15, waiting windows: 4144/9003. Max active instruction index: 358
2024-11-13 08:59:48 | Simulation update: decoder round 11199, completed instructions: 297/1498, actively running or decoding instructions: 15, waiting windows: 4150/9021. Max active instruction index: 358
2024-11-13 08:59:59 | Simulation update: decoder round 11219, completed instructions: 297/1498, actively running or decoding instructions: 15, waiting windows: 4150/9039. Max active instruction index: 358
2024-11-13 09:00:09 | Simulation update: decoder round 11239, completed instructions: 297/1498, actively running or decoding instructions: 15, waiting windows: 4163/9057. Max active instruction index: 358
2024-11-13 09:00:20 | Simulation update: decoder round 11259, completed instructions: 297/1498, actively running or decoding instructions: 15, waiting windows: 4179/9075. Max active instruction index: 358
2024-11-13 09:00:30 | Simulation update: decoder round 11278, completed instructions: 297/1498, actively running or decoding instructions: 15, waiting windows: 4197/9093. Max active instruction index: 358
2024-11-13 09:00:40 | Simulation update: decoder round 11297, completed instructions: 297/1498, actively running or decoding instructions: 15, waiting windows: 4205/9101. Max active instruction index: 358
2024-11-13 09:00:50 | Simulation update: decoder round 11316, completed instructions: 297/1498, actively running or decoding instructions: 15, waiting windows: 4219/9119. Max active instruction index: 358
2024-11-13 09:01:00 | Simulation update: decoder round 11335, completed instructions: 297/1498, actively running or decoding instructions: 15, waiting windows: 4229/9129. Max active instruction index: 358
2024-11-13 09:01:10 | Simulation update: decoder round 11354, completed instructions: 297/1498, actively running or decoding instructions: 15, waiting windows: 4247/9147. Max active instruction index: 358
2024-11-13 09:01:21 | Simulation update: decoder round 11373, completed instructions: 297/1498, actively running or decoding instructions: 15, waiting windows: 4251/9165. Max active instruction index: 358
2024-11-13 09:01:31 | Simulation update: decoder round 11392, completed instructions: 297/1498, actively running or decoding instructions: 15, waiting windows: 4265/9183. Max active instruction index: 358
2024-11-13 09:01:41 | Simulation update: decoder round 11411, completed instructions: 297/1498, actively running or decoding instructions: 15, waiting windows: 4282/9201. Max active instruction index: 358
2024-11-13 09:01:51 | Simulation update: decoder round 11429, completed instructions: 297/1498, actively running or decoding instructions: 15, waiting windows: 4282/9219. Max active instruction index: 358
2024-11-13 09:02:02 | Simulation update: decoder round 11448, completed instructions: 297/1498, actively running or decoding instructions: 15, waiting windows: 4281/9237. Max active instruction index: 358
2024-11-13 09:02:12 | Simulation update: decoder round 11467, completed instructions: 297/1498, actively running or decoding instructions: 15, waiting windows: 4299/9255. Max active instruction index: 358
2024-11-13 09:02:23 | Simulation update: decoder round 11486, completed instructions: 297/1498, actively running or decoding instructions: 15, waiting windows: 4305/9263. Max active instruction index: 358
2024-11-13 09:02:33 | Simulation update: decoder round 11505, completed instructions: 297/1498, actively running or decoding instructions: 15, waiting windows: 4321/9281. Max active instruction index: 358
2024-11-13 09:02:43 | Simulation update: decoder round 11523, completed instructions: 297/1498, actively running or decoding instructions: 15, waiting windows: 4284/9291. Max active instruction index: 358
2024-11-13 09:02:54 | Simulation update: decoder round 11542, completed instructions: 297/1498, actively running or decoding instructions: 15, waiting windows: 4287/9309. Max active instruction index: 358
2024-11-13 09:03:04 | Simulation update: decoder round 11560, completed instructions: 297/1498, actively running or decoding instructions: 15, waiting windows: 4305/9327. Max active instruction index: 358
2024-11-13 09:03:14 | Simulation update: decoder round 11578, completed instructions: 297/1498, actively running or decoding instructions: 15, waiting windows: 4323/9345. Max active instruction index: 358
2024-11-13 09:03:24 | Simulation update: decoder round 11596, completed instructions: 297/1498, actively running or decoding instructions: 15, waiting windows: 4330/9363. Max active instruction index: 358
2024-11-13 09:03:34 | Simulation update: decoder round 11614, completed instructions: 297/1498, actively running or decoding instructions: 15, waiting windows: 4334/9381. Max active instruction index: 358
2024-11-13 09:03:44 | Simulation update: decoder round 11632, completed instructions: 297/1498, actively running or decoding instructions: 15, waiting windows: 4330/9389. Max active instruction index: 358
2024-11-13 09:03:55 | Simulation update: decoder round 11650, completed instructions: 297/1498, actively running or decoding instructions: 15, waiting windows: 4332/9399. Max active instruction index: 358
2024-11-13 09:04:05 | Simulation update: decoder round 11668, completed instructions: 297/1498, actively running or decoding instructions: 15, waiting windows: 4347/9417. Max active instruction index: 358
2024-11-13 09:04:15 | Simulation update: decoder round 11686, completed instructions: 297/1498, actively running or decoding instructions: 15, waiting windows: 4363/9435. Max active instruction index: 358
2024-11-13 09:04:25 | Simulation update: decoder round 11704, completed instructions: 297/1498, actively running or decoding instructions: 15, waiting windows: 4381/9453. Max active instruction index: 358
2024-11-13 09:04:36 | Simulation update: decoder round 11722, completed instructions: 297/1498, actively running or decoding instructions: 15, waiting windows: 4395/9471. Max active instruction index: 358
2024-11-13 09:04:46 | Simulation update: decoder round 11740, completed instructions: 297/1498, actively running or decoding instructions: 15, waiting windows: 4413/9489. Max active instruction index: 358
2024-11-13 09:04:56 | Simulation update: decoder round 11758, completed instructions: 297/1498, actively running or decoding instructions: 15, waiting windows: 4421/9497. Max active instruction index: 358
2024-11-13 09:05:07 | Simulation update: decoder round 11776, completed instructions: 297/1498, actively running or decoding instructions: 15, waiting windows: 4431/9507. Max active instruction index: 358
2024-11-13 09:05:17 | Simulation update: decoder round 11794, completed instructions: 297/1498, actively running or decoding instructions: 15, waiting windows: 4443/9525. Max active instruction index: 358
2024-11-13 09:05:27 | Simulation update: decoder round 11811, completed instructions: 297/1498, actively running or decoding instructions: 15, waiting windows: 4457/9543. Max active instruction index: 358
2024-11-13 09:05:37 | Simulation update: decoder round 11828, completed instructions: 297/1498, actively running or decoding instructions: 15, waiting windows: 4474/9561. Max active instruction index: 358
2024-11-13 09:05:48 | Simulation update: decoder round 11845, completed instructions: 297/1498, actively running or decoding instructions: 15, waiting windows: 4492/9579. Max active instruction index: 358
2024-11-13 09:05:58 | Simulation update: decoder round 11862, completed instructions: 297/1498, actively running or decoding instructions: 15, waiting windows: 4472/9587. Max active instruction index: 358
2024-11-13 09:06:08 | Simulation update: decoder round 11879, completed instructions: 297/1498, actively running or decoding instructions: 15, waiting windows: 4465/9597. Max active instruction index: 358
2024-11-13 09:06:18 | Simulation update: decoder round 11896, completed instructions: 297/1498, actively running or decoding instructions: 15, waiting windows: 4483/9615. Max active instruction index: 358
2024-11-13 09:06:28 | Simulation update: decoder round 11913, completed instructions: 297/1498, actively running or decoding instructions: 15, waiting windows: 4499/9633. Max active instruction index: 358
2024-11-13 09:06:39 | Simulation update: decoder round 11930, completed instructions: 297/1498, actively running or decoding instructions: 15, waiting windows: 4506/9651. Max active instruction index: 358
2024-11-13 09:06:49 | Simulation update: decoder round 11947, completed instructions: 297/1498, actively running or decoding instructions: 15, waiting windows: 4484/9659. Max active instruction index: 358
2024-11-13 09:06:59 | Simulation update: decoder round 11964, completed instructions: 297/1498, actively running or decoding instructions: 15, waiting windows: 4485/9669. Max active instruction index: 358
2024-11-13 09:07:09 | Simulation update: decoder round 11981, completed instructions: 297/1498, actively running or decoding instructions: 15, waiting windows: 4503/9687. Max active instruction index: 358
2024-11-13 09:07:19 | Simulation update: decoder round 11998, completed instructions: 297/1498, actively running or decoding instructions: 15, waiting windows: 4521/9705. Max active instruction index: 358
2024-11-13 09:07:30 | Simulation update: decoder round 12015, completed instructions: 297/1498, actively running or decoding instructions: 15, waiting windows: 4537/9723. Max active instruction index: 358
2024-11-13 09:07:40 | Simulation update: decoder round 12032, completed instructions: 297/1498, actively running or decoding instructions: 15, waiting windows: 4532/9731. Max active instruction index: 358
2024-11-13 09:07:50 | Simulation update: decoder round 12049, completed instructions: 297/1498, actively running or decoding instructions: 15, waiting windows: 4518/9741. Max active instruction index: 358
2024-11-13 09:08:01 | Simulation update: decoder round 12066, completed instructions: 297/1498, actively running or decoding instructions: 15, waiting windows: 4508/9759. Max active instruction index: 358
2024-11-13 09:08:11 | Simulation update: decoder round 12083, completed instructions: 297/1498, actively running or decoding instructions: 15, waiting windows: 4504/9777. Max active instruction index: 358
2024-11-13 09:08:21 | Simulation update: decoder round 12100, completed instructions: 297/1498, actively running or decoding instructions: 15, waiting windows: 4515/9795. Max active instruction index: 358
2024-11-13 09:08:31 | Simulation update: decoder round 12117, completed instructions: 297/1498, actively running or decoding instructions: 15, waiting windows: 4523/9803. Max active instruction index: 358
2024-11-13 09:08:41 | Simulation update: decoder round 12134, completed instructions: 297/1498, actively running or decoding instructions: 15, waiting windows: 4540/9820. Max active instruction index: 358
2024-11-13 09:08:52 | Simulation update: decoder round 12151, completed instructions: 297/1498, actively running or decoding instructions: 15, waiting windows: 4547/9831. Max active instruction index: 358
2024-11-13 09:09:02 | Simulation update: decoder round 12168, completed instructions: 297/1498, actively running or decoding instructions: 15, waiting windows: 4565/9849. Max active instruction index: 358
2024-11-13 09:09:12 | Simulation update: decoder round 12185, completed instructions: 297/1498, actively running or decoding instructions: 15, waiting windows: 4583/9867. Max active instruction index: 358
2024-11-13 09:09:23 | Simulation update: decoder round 12202, completed instructions: 297/1498, actively running or decoding instructions: 15, waiting windows: 4585/9885. Max active instruction index: 358
2024-11-13 09:09:33 | Simulation update: decoder round 12219, completed instructions: 297/1498, actively running or decoding instructions: 15, waiting windows: 4591/9893. Max active instruction index: 358
2024-11-13 09:09:44 | Simulation update: decoder round 12236, completed instructions: 297/1498, actively running or decoding instructions: 15, waiting windows: 4599/9903. Max active instruction index: 358
2024-11-13 09:09:54 | Simulation update: decoder round 12252, completed instructions: 297/1498, actively running or decoding instructions: 15, waiting windows: 4616/9921. Max active instruction index: 358
2024-11-13 09:10:04 | Simulation update: decoder round 12268, completed instructions: 297/1498, actively running or decoding instructions: 15, waiting windows: 4622/9939. Max active instruction index: 358
2024-11-13 09:10:14 | Simulation update: decoder round 12284, completed instructions: 297/1498, actively running or decoding instructions: 15, waiting windows: 4629/9947. Max active instruction index: 358
2024-11-13 09:10:24 | Simulation update: decoder round 12300, completed instructions: 297/1498, actively running or decoding instructions: 15, waiting windows: 4629/9957. Max active instruction index: 358
2024-11-13 09:10:34 | Simulation update: decoder round 12316, completed instructions: 297/1498, actively running or decoding instructions: 15, waiting windows: 4647/9975. Max active instruction index: 358
2024-11-13 09:10:45 | Simulation update: decoder round 12332, completed instructions: 297/1498, actively running or decoding instructions: 15, waiting windows: 4663/9993. Max active instruction index: 358
2024-11-13 09:10:55 | Simulation update: decoder round 12348, completed instructions: 297/1498, actively running or decoding instructions: 15, waiting windows: 4668/10001. Max active instruction index: 358
2024-11-13 09:11:05 | Simulation update: decoder round 12364, completed instructions: 297/1498, actively running or decoding instructions: 15, waiting windows: 4603/10011. Max active instruction index: 358
2024-11-13 09:11:15 | Simulation update: decoder round 12380, completed instructions: 297/1498, actively running or decoding instructions: 15, waiting windows: 4614/10029. Max active instruction index: 358
2024-11-13 09:11:25 | Simulation update: decoder round 12396, completed instructions: 297/1498, actively running or decoding instructions: 15, waiting windows: 4632/10047. Max active instruction index: 358
2024-11-13 09:11:35 | Simulation update: decoder round 12412, completed instructions: 297/1498, actively running or decoding instructions: 15, waiting windows: 4650/10065. Max active instruction index: 358
2024-11-13 09:11:45 | Simulation update: decoder round 12428, completed instructions: 297/1498, actively running or decoding instructions: 15, waiting windows: 4657/10072. Max active instruction index: 358
2024-11-13 09:11:56 | Simulation update: decoder round 12444, completed instructions: 297/1498, actively running or decoding instructions: 15, waiting windows: 4663/10083. Max active instruction index: 358
2024-11-13 09:12:06 | Simulation update: decoder round 12460, completed instructions: 297/1498, actively running or decoding instructions: 15, waiting windows: 4677/10101. Max active instruction index: 358
2024-11-13 09:12:16 | Simulation update: decoder round 12476, completed instructions: 297/1498, actively running or decoding instructions: 15, waiting windows: 4694/10119. Max active instruction index: 358
2024-11-13 09:12:27 | Simulation update: decoder round 12492, completed instructions: 297/1498, actively running or decoding instructions: 15, waiting windows: 4690/10127. Max active instruction index: 358
2024-11-13 09:12:37 | Simulation update: decoder round 12508, completed instructions: 297/1498, actively running or decoding instructions: 15, waiting windows: 4698/10137. Max active instruction index: 358
2024-11-13 09:12:48 | Simulation update: decoder round 12524, completed instructions: 297/1498, actively running or decoding instructions: 15, waiting windows: 4706/10155. Max active instruction index: 358
2024-11-13 09:12:58 | Simulation update: decoder round 12540, completed instructions: 297/1498, actively running or decoding instructions: 15, waiting windows: 4724/10173. Max active instruction index: 358
2024-11-13 09:13:08 | Simulation update: decoder round 12556, completed instructions: 297/1498, actively running or decoding instructions: 15, waiting windows: 4732/10181. Max active instruction index: 358
2024-11-13 09:13:19 | Simulation update: decoder round 12572, completed instructions: 297/1498, actively running or decoding instructions: 15, waiting windows: 4738/10191. Max active instruction index: 358
2024-11-13 09:13:29 | Simulation update: decoder round 12588, completed instructions: 297/1498, actively running or decoding instructions: 15, waiting windows: 4756/10209. Max active instruction index: 358
2024-11-13 09:13:40 | Simulation update: decoder round 12604, completed instructions: 297/1498, actively running or decoding instructions: 15, waiting windows: 4774/10227. Max active instruction index: 358
