CONFIG 1079
benchmark_file: slurm/data/20241113_081402/benchmarks/qrom_15_15.lss
decoder_latency_or_dist_filename: lambda volume: volume*10.0
distance: 21
lightweight_setting: 1
max_parallel_processes: None
missed_speculation_modifier: 5.0
poison_policy: descendants
rng: 17
scheduling_method: sliding
speculation_accuracy: 0.9
speculation_latency: 1
speculation_mode: separate
2024-11-13 08:24:27 | Loading benchmark slurm/data/20241113_081402/benchmarks/qrom_15_15.lss...
2024-11-13 08:24:27 | Starting simulation
2024-11-13 08:24:27 | Simulation update: decoder round 1, completed instructions: 0/1498, actively running or decoding instructions: 10, waiting windows: 0/0. Max active instruction index: 66
2024-11-13 08:24:37 | Simulation update: decoder round 1244, completed instructions: 162/1498, actively running or decoding instructions: 16, waiting windows: 709/1072. Max active instruction index: 180
2024-11-13 08:24:47 | Simulation update: decoder round 1737, completed instructions: 162/1498, actively running or decoding instructions: 14, waiting windows: 917/1468. Max active instruction index: 146
2024-11-13 08:24:57 | Simulation update: decoder round 2088, completed instructions: 162/1498, actively running or decoding instructions: 11, waiting windows: 1073/1752. Max active instruction index: 146
2024-11-13 08:25:07 | Simulation update: decoder round 2363, completed instructions: 163/1498, actively running or decoding instructions: 10, waiting windows: 1158/1973. Max active instruction index: 136
2024-11-13 08:25:17 | Simulation update: decoder round 2610, completed instructions: 164/1498, actively running or decoding instructions: 9, waiting windows: 1236/2177. Max active instruction index: 156
2024-11-13 08:25:27 | Simulation update: decoder round 2829, completed instructions: 164/1498, actively running or decoding instructions: 8, waiting windows: 1267/2352. Max active instruction index: 156
2024-11-13 08:25:37 | Simulation update: decoder round 3029, completed instructions: 164/1498, actively running or decoding instructions: 5, waiting windows: 1392/2517. Max active instruction index: 156
2024-11-13 08:25:47 | Simulation update: decoder round 3209, completed instructions: 164/1498, actively running or decoding instructions: 5, waiting windows: 1419/2658. Max active instruction index: 156
2024-11-13 08:25:58 | Simulation update: decoder round 3384, completed instructions: 164/1498, actively running or decoding instructions: 4, waiting windows: 1485/2806. Max active instruction index: 156
2024-11-13 08:26:08 | Simulation update: decoder round 3540, completed instructions: 185/1498, actively running or decoding instructions: 11, waiting windows: 1536/2947. Max active instruction index: 178
2024-11-13 08:26:18 | Simulation update: decoder round 3682, completed instructions: 223/1498, actively running or decoding instructions: 19, waiting windows: 1612/3087. Max active instruction index: 214
2024-11-13 08:26:28 | Simulation update: decoder round 3811, completed instructions: 223/1498, actively running or decoding instructions: 19, waiting windows: 1694/3186. Max active instruction index: 214
2024-11-13 08:26:38 | Simulation update: decoder round 3929, completed instructions: 223/1498, actively running or decoding instructions: 19, waiting windows: 1746/3279. Max active instruction index: 214
2024-11-13 08:26:48 | Simulation update: decoder round 4041, completed instructions: 223/1498, actively running or decoding instructions: 19, waiting windows: 1776/3362. Max active instruction index: 214
2024-11-13 08:26:58 | Simulation update: decoder round 4149, completed instructions: 223/1498, actively running or decoding instructions: 18, waiting windows: 1772/3442. Max active instruction index: 214
2024-11-13 08:27:08 | Simulation update: decoder round 4251, completed instructions: 223/1498, actively running or decoding instructions: 18, waiting windows: 1837/3522. Max active instruction index: 214
2024-11-13 08:27:18 | Simulation update: decoder round 4347, completed instructions: 223/1498, actively running or decoding instructions: 18, waiting windows: 1870/3588. Max active instruction index: 214
2024-11-13 08:27:28 | Simulation update: decoder round 4442, completed instructions: 223/1498, actively running or decoding instructions: 18, waiting windows: 1887/3666. Max active instruction index: 214
2024-11-13 08:27:38 | Simulation update: decoder round 4534, completed instructions: 223/1498, actively running or decoding instructions: 18, waiting windows: 1904/3732. Max active instruction index: 214
2024-11-13 08:27:48 | Simulation update: decoder round 4621, completed instructions: 223/1498, actively running or decoding instructions: 18, waiting windows: 1971/3807. Max active instruction index: 214
2024-11-13 08:27:58 | Simulation update: decoder round 4704, completed instructions: 223/1498, actively running or decoding instructions: 18, waiting windows: 1963/3860. Max active instruction index: 214
2024-11-13 08:28:08 | Simulation update: decoder round 4786, completed instructions: 223/1498, actively running or decoding instructions: 18, waiting windows: 1959/3924. Max active instruction index: 214
2024-11-13 08:28:18 | Simulation update: decoder round 4869, completed instructions: 223/1498, actively running or decoding instructions: 18, waiting windows: 2006/3988. Max active instruction index: 214
2024-11-13 08:28:28 | Simulation update: decoder round 4950, completed instructions: 223/1498, actively running or decoding instructions: 18, waiting windows: 1992/4050. Max active instruction index: 214
2024-11-13 08:28:38 | Simulation update: decoder round 5029, completed instructions: 223/1498, actively running or decoding instructions: 18, waiting windows: 2052/4114. Max active instruction index: 214
2024-11-13 08:28:48 | Simulation update: decoder round 5105, completed instructions: 223/1498, actively running or decoding instructions: 18, waiting windows: 2102/4175. Max active instruction index: 214
2024-11-13 08:28:58 | Simulation update: decoder round 5178, completed instructions: 223/1498, actively running or decoding instructions: 18, waiting windows: 2121/4226. Max active instruction index: 214
2024-11-13 08:29:08 | Simulation update: decoder round 5249, completed instructions: 223/1498, actively running or decoding instructions: 17, waiting windows: 2146/4276. Max active instruction index: 214
2024-11-13 08:29:18 | Simulation update: decoder round 5318, completed instructions: 223/1498, actively running or decoding instructions: 17, waiting windows: 2180/4335. Max active instruction index: 214
2024-11-13 08:29:29 | Simulation update: decoder round 5386, completed instructions: 223/1498, actively running or decoding instructions: 17, waiting windows: 2214/4386. Max active instruction index: 214
2024-11-13 08:29:39 | Simulation update: decoder round 5451, completed instructions: 223/1498, actively running or decoding instructions: 16, waiting windows: 2258/4434. Max active instruction index: 214
2024-11-13 08:29:49 | Simulation update: decoder round 5514, completed instructions: 223/1498, actively running or decoding instructions: 16, waiting windows: 2298/4482. Max active instruction index: 214
2024-11-13 08:29:59 | Simulation update: decoder round 5576, completed instructions: 223/1498, actively running or decoding instructions: 16, waiting windows: 2307/4530. Max active instruction index: 214
2024-11-13 08:30:09 | Simulation update: decoder round 5636, completed instructions: 223/1498, actively running or decoding instructions: 16, waiting windows: 2294/4575. Max active instruction index: 214
2024-11-13 08:30:19 | Simulation update: decoder round 5696, completed instructions: 223/1498, actively running or decoding instructions: 16, waiting windows: 2337/4623. Max active instruction index: 214
2024-11-13 08:30:29 | Simulation update: decoder round 5755, completed instructions: 223/1498, actively running or decoding instructions: 16, waiting windows: 2352/4671. Max active instruction index: 214
2024-11-13 08:30:39 | Simulation update: decoder round 5813, completed instructions: 223/1498, actively running or decoding instructions: 16, waiting windows: 2380/4706. Max active instruction index: 214
2024-11-13 08:30:49 | Simulation update: decoder round 5869, completed instructions: 223/1498, actively running or decoding instructions: 16, waiting windows: 2425/4754. Max active instruction index: 214
2024-11-13 08:30:59 | Simulation update: decoder round 5923, completed instructions: 223/1498, actively running or decoding instructions: 16, waiting windows: 2452/4799. Max active instruction index: 214
2024-11-13 08:31:10 | Simulation update: decoder round 5976, completed instructions: 223/1498, actively running or decoding instructions: 16, waiting windows: 2428/4834. Max active instruction index: 214
2024-11-13 08:31:20 | Simulation update: decoder round 6030, completed instructions: 223/1498, actively running or decoding instructions: 16, waiting windows: 2473/4879. Max active instruction index: 214
2024-11-13 08:31:30 | Simulation update: decoder round 6083, completed instructions: 223/1498, actively running or decoding instructions: 16, waiting windows: 2455/4914. Max active instruction index: 214
2024-11-13 08:31:40 | Simulation update: decoder round 6136, completed instructions: 223/1498, actively running or decoding instructions: 16, waiting windows: 2471/4959. Max active instruction index: 214
2024-11-13 08:31:50 | Simulation update: decoder round 6189, completed instructions: 223/1498, actively running or decoding instructions: 16, waiting windows: 2433/4994. Max active instruction index: 214
2024-11-13 08:32:00 | Simulation update: decoder round 6243, completed instructions: 223/1498, actively running or decoding instructions: 16, waiting windows: 2466/5039. Max active instruction index: 214
2024-11-13 08:32:10 | Simulation update: decoder round 6295, completed instructions: 223/1498, actively running or decoding instructions: 16, waiting windows: 2500/5074. Max active instruction index: 214
2024-11-13 08:32:20 | Simulation update: decoder round 6346, completed instructions: 223/1498, actively running or decoding instructions: 16, waiting windows: 2540/5119. Max active instruction index: 214
2024-11-13 08:32:30 | Simulation update: decoder round 6395, completed instructions: 223/1498, actively running or decoding instructions: 16, waiting windows: 2550/5154. Max active instruction index: 214
2024-11-13 08:32:40 | Simulation update: decoder round 6444, completed instructions: 223/1498, actively running or decoding instructions: 16, waiting windows: 2575/5188. Max active instruction index: 214
2024-11-13 08:32:50 | Simulation update: decoder round 6493, completed instructions: 223/1498, actively running or decoding instructions: 16, waiting windows: 2584/5231. Max active instruction index: 214
2024-11-13 08:33:01 | Simulation update: decoder round 6541, completed instructions: 223/1498, actively running or decoding instructions: 16, waiting windows: 2617/5266. Max active instruction index: 214
2024-11-13 08:33:11 | Simulation update: decoder round 6588, completed instructions: 223/1498, actively running or decoding instructions: 16, waiting windows: 2596/5298. Max active instruction index: 214
2024-11-13 08:33:21 | Simulation update: decoder round 6635, completed instructions: 223/1498, actively running or decoding instructions: 16, waiting windows: 2625/5332. Max active instruction index: 214
2024-11-13 08:33:31 | Simulation update: decoder round 6681, completed instructions: 223/1498, actively running or decoding instructions: 16, waiting windows: 2665/5375. Max active instruction index: 214
2024-11-13 08:33:41 | Simulation update: decoder round 6726, completed instructions: 223/1498, actively running or decoding instructions: 16, waiting windows: 2695/5407. Max active instruction index: 214
2024-11-13 08:33:51 | Simulation update: decoder round 6770, completed instructions: 223/1498, actively running or decoding instructions: 16, waiting windows: 2726/5439. Max active instruction index: 214
2024-11-13 08:34:01 | Simulation update: decoder round 6814, completed instructions: 223/1498, actively running or decoding instructions: 16, waiting windows: 2716/5474. Max active instruction index: 214
2024-11-13 08:34:11 | Simulation update: decoder round 6858, completed instructions: 223/1498, actively running or decoding instructions: 16, waiting windows: 2736/5506. Max active instruction index: 214
2024-11-13 08:34:21 | Simulation update: decoder round 6901, completed instructions: 223/1498, actively running or decoding instructions: 16, waiting windows: 2733/5538. Max active instruction index: 214
2024-11-13 08:34:31 | Simulation update: decoder round 6944, completed instructions: 223/1498, actively running or decoding instructions: 16, waiting windows: 2750/5570. Max active instruction index: 214
2024-11-13 08:34:42 | Simulation update: decoder round 6987, completed instructions: 223/1498, actively running or decoding instructions: 16, waiting windows: 2747/5602. Max active instruction index: 214
2024-11-13 08:34:52 | Simulation update: decoder round 7030, completed instructions: 223/1498, actively running or decoding instructions: 16, waiting windows: 2753/5634. Max active instruction index: 214
2024-11-13 08:35:02 | Simulation update: decoder round 7072, completed instructions: 223/1498, actively running or decoding instructions: 16, waiting windows: 2770/5666. Max active instruction index: 214
2024-11-13 08:35:12 | Simulation update: decoder round 7114, completed instructions: 223/1498, actively running or decoding instructions: 16, waiting windows: 2799/5698. Max active instruction index: 214
2024-11-13 08:35:22 | Simulation update: decoder round 7155, completed instructions: 223/1498, actively running or decoding instructions: 16, waiting windows: 2827/5730. Max active instruction index: 214
2024-11-13 08:35:32 | Simulation update: decoder round 7195, completed instructions: 223/1498, actively running or decoding instructions: 16, waiting windows: 2857/5762. Max active instruction index: 214
2024-11-13 08:35:42 | Simulation update: decoder round 7234, completed instructions: 223/1498, actively running or decoding instructions: 16, waiting windows: 2864/5794. Max active instruction index: 214
2024-11-13 08:35:52 | Simulation update: decoder round 7274, completed instructions: 223/1498, actively running or decoding instructions: 16, waiting windows: 2877/5823. Max active instruction index: 214
2024-11-13 08:36:03 | Simulation update: decoder round 7314, completed instructions: 223/1498, actively running or decoding instructions: 16, waiting windows: 2802/5855. Max active instruction index: 214
2024-11-13 08:36:13 | Simulation update: decoder round 7355, completed instructions: 223/1498, actively running or decoding instructions: 16, waiting windows: 2824/5887. Max active instruction index: 214
2024-11-13 08:36:23 | Simulation update: decoder round 7395, completed instructions: 223/1498, actively running or decoding instructions: 16, waiting windows: 2852/5919. Max active instruction index: 214
2024-11-13 08:36:33 | Simulation update: decoder round 7435, completed instructions: 223/1498, actively running or decoding instructions: 16, waiting windows: 2853/5951. Max active instruction index: 214
2024-11-13 08:36:43 | Simulation update: decoder round 7475, completed instructions: 223/1498, actively running or decoding instructions: 16, waiting windows: 2856/5972. Max active instruction index: 214
2024-11-13 08:36:53 | Simulation update: decoder round 7514, completed instructions: 223/1498, actively running or decoding instructions: 15, waiting windows: 2883/6002. Max active instruction index: 214
2024-11-13 08:37:03 | Simulation update: decoder round 7553, completed instructions: 223/1498, actively running or decoding instructions: 15, waiting windows: 2915/6034. Max active instruction index: 214
2024-11-13 08:37:13 | Simulation update: decoder round 7591, completed instructions: 223/1498, actively running or decoding instructions: 15, waiting windows: 2945/6066. Max active instruction index: 214
2024-11-13 08:37:24 | Simulation update: decoder round 7628, completed instructions: 223/1498, actively running or decoding instructions: 15, waiting windows: 2972/6095. Max active instruction index: 214
2024-11-13 08:37:34 | Simulation update: decoder round 7665, completed instructions: 223/1498, actively running or decoding instructions: 15, waiting windows: 2944/6116. Max active instruction index: 214
2024-11-13 08:37:44 | Simulation update: decoder round 7702, completed instructions: 223/1498, actively running or decoding instructions: 15, waiting windows: 2974/6146. Max active instruction index: 214
2024-11-13 08:37:54 | Simulation update: decoder round 7739, completed instructions: 223/1498, actively running or decoding instructions: 15, waiting windows: 2947/6178. Max active instruction index: 214
2024-11-13 08:38:04 | Simulation update: decoder round 7776, completed instructions: 223/1498, actively running or decoding instructions: 15, waiting windows: 2965/6207. Max active instruction index: 214
2024-11-13 08:38:14 | Simulation update: decoder round 7813, completed instructions: 223/1498, actively running or decoding instructions: 15, waiting windows: 2990/6239. Max active instruction index: 214
2024-11-13 08:38:24 | Simulation update: decoder round 7849, completed instructions: 223/1498, actively running or decoding instructions: 15, waiting windows: 2992/6258. Max active instruction index: 214
2024-11-13 08:38:35 | Simulation update: decoder round 7885, completed instructions: 223/1498, actively running or decoding instructions: 15, waiting windows: 3022/6290. Max active instruction index: 214
2024-11-13 08:38:45 | Simulation update: decoder round 7921, completed instructions: 223/1498, actively running or decoding instructions: 15, waiting windows: 2992/6319. Max active instruction index: 214
2024-11-13 08:38:55 | Simulation update: decoder round 7957, completed instructions: 223/1498, actively running or decoding instructions: 15, waiting windows: 3013/6340. Max active instruction index: 214
2024-11-13 08:39:05 | Simulation update: decoder round 7992, completed instructions: 223/1498, actively running or decoding instructions: 15, waiting windows: 3041/6370. Max active instruction index: 214
2024-11-13 08:39:15 | Simulation update: decoder round 8027, completed instructions: 223/1498, actively running or decoding instructions: 15, waiting windows: 3070/6399. Max active instruction index: 214
2024-11-13 08:39:25 | Simulation update: decoder round 8061, completed instructions: 223/1498, actively running or decoding instructions: 15, waiting windows: 3068/6420. Max active instruction index: 214
2024-11-13 08:39:35 | Simulation update: decoder round 8095, completed instructions: 223/1498, actively running or decoding instructions: 15, waiting windows: 3066/6450. Max active instruction index: 214
2024-11-13 08:39:45 | Simulation update: decoder round 8129, completed instructions: 223/1498, actively running or decoding instructions: 15, waiting windows: 3095/6479. Max active instruction index: 214
2024-11-13 08:39:56 | Simulation update: decoder round 8163, completed instructions: 223/1498, actively running or decoding instructions: 15, waiting windows: 3075/6498. Max active instruction index: 214
2024-11-13 08:40:06 | Simulation update: decoder round 8197, completed instructions: 223/1498, actively running or decoding instructions: 15, waiting windows: 3072/6527. Max active instruction index: 214
2024-11-13 08:40:16 | Simulation update: decoder round 8231, completed instructions: 223/1498, actively running or decoding instructions: 15, waiting windows: 3075/6548. Max active instruction index: 214
2024-11-13 08:40:26 | Simulation update: decoder round 8265, completed instructions: 223/1498, actively running or decoding instructions: 15, waiting windows: 3080/6578. Max active instruction index: 214
2024-11-13 08:40:36 | Simulation update: decoder round 8300, completed instructions: 223/1498, actively running or decoding instructions: 15, waiting windows: 3053/6607. Max active instruction index: 214
2024-11-13 08:40:46 | Simulation update: decoder round 8335, completed instructions: 223/1498, actively running or decoding instructions: 15, waiting windows: 3069/6628. Max active instruction index: 214
2024-11-13 08:40:56 | Simulation update: decoder round 8369, completed instructions: 223/1498, actively running or decoding instructions: 15, waiting windows: 3097/6658. Max active instruction index: 214
2024-11-13 08:41:06 | Simulation update: decoder round 8403, completed instructions: 223/1498, actively running or decoding instructions: 15, waiting windows: 3126/6687. Max active instruction index: 214
2024-11-13 08:41:16 | Simulation update: decoder round 8436, completed instructions: 223/1498, actively running or decoding instructions: 15, waiting windows: 3146/6706. Max active instruction index: 214
2024-11-13 08:41:27 | Simulation update: decoder round 8469, completed instructions: 223/1498, actively running or decoding instructions: 15, waiting windows: 3173/6735. Max active instruction index: 214
2024-11-13 08:41:37 | Simulation update: decoder round 8501, completed instructions: 223/1498, actively running or decoding instructions: 15, waiting windows: 3163/6754. Max active instruction index: 214
2024-11-13 08:41:47 | Simulation update: decoder round 8533, completed instructions: 223/1498, actively running or decoding instructions: 15, waiting windows: 3192/6783. Max active instruction index: 214
2024-11-13 08:41:57 | Simulation update: decoder round 8565, completed instructions: 223/1498, actively running or decoding instructions: 15, waiting windows: 3143/6804. Max active instruction index: 214
2024-11-13 08:42:07 | Simulation update: decoder round 8598, completed instructions: 223/1498, actively running or decoding instructions: 15, waiting windows: 3139/6834. Max active instruction index: 214
2024-11-13 08:42:18 | Simulation update: decoder round 8631, completed instructions: 223/1498, actively running or decoding instructions: 15, waiting windows: 3155/6852. Max active instruction index: 214
2024-11-13 08:42:28 | Simulation update: decoder round 8663, completed instructions: 223/1498, actively running or decoding instructions: 15, waiting windows: 3171/6882. Max active instruction index: 214
2024-11-13 08:42:38 | Simulation update: decoder round 8695, completed instructions: 223/1498, actively running or decoding instructions: 15, waiting windows: 3168/6911. Max active instruction index: 214
2024-11-13 08:42:48 | Simulation update: decoder round 8727, completed instructions: 223/1498, actively running or decoding instructions: 15, waiting windows: 3184/6930. Max active instruction index: 214
2024-11-13 08:42:58 | Simulation update: decoder round 8759, completed instructions: 223/1498, actively running or decoding instructions: 15, waiting windows: 3196/6959. Max active instruction index: 214
2024-11-13 08:43:08 | Simulation update: decoder round 8791, completed instructions: 223/1498, actively running or decoding instructions: 15, waiting windows: 3216/6978. Max active instruction index: 214
2024-11-13 08:43:18 | Simulation update: decoder round 8822, completed instructions: 223/1498, actively running or decoding instructions: 15, waiting windows: 3245/7007. Max active instruction index: 214
2024-11-13 08:43:29 | Simulation update: decoder round 8853, completed instructions: 223/1498, actively running or decoding instructions: 15, waiting windows: 3264/7026. Max active instruction index: 214
2024-11-13 08:43:39 | Simulation update: decoder round 8883, completed instructions: 223/1498, actively running or decoding instructions: 14, waiting windows: 3279/7044. Max active instruction index: 214
2024-11-13 08:43:49 | Simulation update: decoder round 8913, completed instructions: 223/1498, actively running or decoding instructions: 14, waiting windows: 3279/7074. Max active instruction index: 214
2024-11-13 08:43:59 | Simulation update: decoder round 8943, completed instructions: 223/1498, actively running or decoding instructions: 12, waiting windows: 3284/7092. Max active instruction index: 214
2024-11-13 08:44:09 | Simulation update: decoder round 8973, completed instructions: 223/1498, actively running or decoding instructions: 12, waiting windows: 3311/7119. Max active instruction index: 214
2024-11-13 08:44:19 | Simulation update: decoder round 9003, completed instructions: 223/1498, actively running or decoding instructions: 12, waiting windows: 3298/7138. Max active instruction index: 214
2024-11-13 08:44:30 | Simulation update: decoder round 9033, completed instructions: 223/1498, actively running or decoding instructions: 12, waiting windows: 3306/7167. Max active instruction index: 214
2024-11-13 08:44:40 | Simulation update: decoder round 9063, completed instructions: 223/1498, actively running or decoding instructions: 12, waiting windows: 3325/7186. Max active instruction index: 214
2024-11-13 08:44:50 | Simulation update: decoder round 9092, completed instructions: 223/1498, actively running or decoding instructions: 11, waiting windows: 3294/7204. Max active instruction index: 214
2024-11-13 08:45:00 | Simulation update: decoder round 9122, completed instructions: 223/1498, actively running or decoding instructions: 11, waiting windows: 3304/7231. Max active instruction index: 214
2024-11-13 08:45:10 | Simulation update: decoder round 9152, completed instructions: 223/1498, actively running or decoding instructions: 11, waiting windows: 3320/7250. Max active instruction index: 214
2024-11-13 08:45:21 | Simulation update: decoder round 9182, completed instructions: 223/1498, actively running or decoding instructions: 11, waiting windows: 3338/7279. Max active instruction index: 214
2024-11-13 08:45:31 | Simulation update: decoder round 9211, completed instructions: 223/1498, actively running or decoding instructions: 11, waiting windows: 3354/7298. Max active instruction index: 214
2024-11-13 08:45:41 | Simulation update: decoder round 9240, completed instructions: 223/1498, actively running or decoding instructions: 11, waiting windows: 3372/7316. Max active instruction index: 214
2024-11-13 08:45:51 | Simulation update: decoder round 9269, completed instructions: 223/1498, actively running or decoding instructions: 10, waiting windows: 3398/7343. Max active instruction index: 214
2024-11-13 08:46:01 | Simulation update: decoder round 9297, completed instructions: 223/1498, actively running or decoding instructions: 10, waiting windows: 3416/7362. Max active instruction index: 214
2024-11-13 08:46:12 | Simulation update: decoder round 9325, completed instructions: 223/1498, actively running or decoding instructions: 9, waiting windows: 3440/7391. Max active instruction index: 214
2024-11-13 08:46:22 | Simulation update: decoder round 9353, completed instructions: 223/1498, actively running or decoding instructions: 9, waiting windows: 3411/7407. Max active instruction index: 214
2024-11-13 08:46:32 | Simulation update: decoder round 9381, completed instructions: 223/1498, actively running or decoding instructions: 9, waiting windows: 3430/7426. Max active instruction index: 214
2024-11-13 08:46:42 | Simulation update: decoder round 9409, completed instructions: 223/1498, actively running or decoding instructions: 8, waiting windows: 3348/7455. Max active instruction index: 214
2024-11-13 08:46:53 | Simulation update: decoder round 9438, completed instructions: 223/1498, actively running or decoding instructions: 8, waiting windows: 3362/7474. Max active instruction index: 214
2024-11-13 08:47:03 | Simulation update: decoder round 9467, completed instructions: 223/1498, actively running or decoding instructions: 8, waiting windows: 3378/7490. Max active instruction index: 214
2024-11-13 08:47:13 | Simulation update: decoder round 9495, completed instructions: 223/1498, actively running or decoding instructions: 8, waiting windows: 3387/7519. Max active instruction index: 214
2024-11-13 08:47:23 | Simulation update: decoder round 9523, completed instructions: 224/1498, actively running or decoding instructions: 7, waiting windows: 3392/7538. Max active instruction index: 208
2024-11-13 08:47:33 | Simulation update: decoder round 9551, completed instructions: 224/1498, actively running or decoding instructions: 7, waiting windows: 3404/7554. Max active instruction index: 208
2024-11-13 08:47:43 | Simulation update: decoder round 9578, completed instructions: 225/1498, actively running or decoding instructions: 5, waiting windows: 3459/7583. Max active instruction index: 223
2024-11-13 08:47:53 | Simulation update: decoder round 9605, completed instructions: 225/1498, actively running or decoding instructions: 5, waiting windows: 3475/7599. Max active instruction index: 223
2024-11-13 08:48:04 | Simulation update: decoder round 9632, completed instructions: 226/1498, actively running or decoding instructions: 3, waiting windows: 3492/7618. Max active instruction index: 225
2024-11-13 08:48:14 | Simulation update: decoder round 9658, completed instructions: 241/1498, actively running or decoding instructions: 9, waiting windows: 3526/7652. Max active instruction index: 358
2024-11-13 08:48:24 | Simulation update: decoder round 9684, completed instructions: 260/1498, actively running or decoding instructions: 10, waiting windows: 3572/7698. Max active instruction index: 358
2024-11-13 08:48:34 | Simulation update: decoder round 9710, completed instructions: 262/1498, actively running or decoding instructions: 11, waiting windows: 3592/7718. Max active instruction index: 358
2024-11-13 08:48:44 | Simulation update: decoder round 9735, completed instructions: 264/1498, actively running or decoding instructions: 12, waiting windows: 3611/7737. Max active instruction index: 358
2024-11-13 08:48:54 | Simulation update: decoder round 9760, completed instructions: 280/1498, actively running or decoding instructions: 16, waiting windows: 3625/7760. Max active instruction index: 358
2024-11-13 08:49:05 | Simulation update: decoder round 9785, completed instructions: 289/1498, actively running or decoding instructions: 18, waiting windows: 3653/7799. Max active instruction index: 358
2024-11-13 08:49:15 | Simulation update: decoder round 9810, completed instructions: 296/1498, actively running or decoding instructions: 18, waiting windows: 3687/7833. Max active instruction index: 358
2024-11-13 08:49:25 | Simulation update: decoder round 9835, completed instructions: 296/1498, actively running or decoding instructions: 18, waiting windows: 3598/7851. Max active instruction index: 358
2024-11-13 08:49:36 | Simulation update: decoder round 9861, completed instructions: 296/1498, actively running or decoding instructions: 18, waiting windows: 3600/7869. Max active instruction index: 358
2024-11-13 08:49:46 | Simulation update: decoder round 9886, completed instructions: 296/1498, actively running or decoding instructions: 18, waiting windows: 3618/7887. Max active instruction index: 358
2024-11-13 08:49:56 | Simulation update: decoder round 9911, completed instructions: 296/1498, actively running or decoding instructions: 18, waiting windows: 3636/7913. Max active instruction index: 358
2024-11-13 08:50:06 | Simulation update: decoder round 9936, completed instructions: 296/1498, actively running or decoding instructions: 18, waiting windows: 3619/7941. Max active instruction index: 358
2024-11-13 08:50:16 | Simulation update: decoder round 9961, completed instructions: 296/1498, actively running or decoding instructions: 18, waiting windows: 3603/7959. Max active instruction index: 358
2024-11-13 08:50:26 | Simulation update: decoder round 9986, completed instructions: 296/1498, actively running or decoding instructions: 18, waiting windows: 3616/7977. Max active instruction index: 358
2024-11-13 08:50:36 | Simulation update: decoder round 10011, completed instructions: 296/1498, actively running or decoding instructions: 18, waiting windows: 3631/7995. Max active instruction index: 358
2024-11-13 08:50:46 | Simulation update: decoder round 10036, completed instructions: 296/1498, actively running or decoding instructions: 18, waiting windows: 3651/8021. Max active instruction index: 358
2024-11-13 08:50:57 | Simulation update: decoder round 10061, completed instructions: 296/1498, actively running or decoding instructions: 18, waiting windows: 3679/8049. Max active instruction index: 358
2024-11-13 08:51:07 | Simulation update: decoder round 10085, completed instructions: 296/1498, actively running or decoding instructions: 18, waiting windows: 3692/8067. Max active instruction index: 358
2024-11-13 08:51:17 | Simulation update: decoder round 10109, completed instructions: 296/1498, actively running or decoding instructions: 18, waiting windows: 3709/8085. Max active instruction index: 358
2024-11-13 08:51:27 | Simulation update: decoder round 10133, completed instructions: 296/1498, actively running or decoding instructions: 18, waiting windows: 3721/8103. Max active instruction index: 358
2024-11-13 08:51:37 | Simulation update: decoder round 10157, completed instructions: 296/1498, actively running or decoding instructions: 18, waiting windows: 3737/8121. Max active instruction index: 358
2024-11-13 08:51:48 | Simulation update: decoder round 10181, completed instructions: 296/1498, actively running or decoding instructions: 18, waiting windows: 3746/8146. Max active instruction index: 358
2024-11-13 08:51:58 | Simulation update: decoder round 10205, completed instructions: 296/1498, actively running or decoding instructions: 18, waiting windows: 3755/8165. Max active instruction index: 358
2024-11-13 08:52:08 | Simulation update: decoder round 10228, completed instructions: 296/1498, actively running or decoding instructions: 18, waiting windows: 3777/8193. Max active instruction index: 358
2024-11-13 08:52:19 | Simulation update: decoder round 10251, completed instructions: 296/1498, actively running or decoding instructions: 18, waiting windows: 3773/8211. Max active instruction index: 358
2024-11-13 08:52:29 | Simulation update: decoder round 10274, completed instructions: 296/1498, actively running or decoding instructions: 18, waiting windows: 3763/8229. Max active instruction index: 358
2024-11-13 08:52:39 | Simulation update: decoder round 10297, completed instructions: 296/1498, actively running or decoding instructions: 18, waiting windows: 3779/8247. Max active instruction index: 358
2024-11-13 08:52:49 | Simulation update: decoder round 10320, completed instructions: 296/1498, actively running or decoding instructions: 18, waiting windows: 3800/8265. Max active instruction index: 358
2024-11-13 08:52:59 | Simulation update: decoder round 10343, completed instructions: 296/1498, actively running or decoding instructions: 18, waiting windows: 3808/8283. Max active instruction index: 358
2024-11-13 08:53:10 | Simulation update: decoder round 10366, completed instructions: 296/1498, actively running or decoding instructions: 18, waiting windows: 3814/8301. Max active instruction index: 358
2024-11-13 08:53:20 | Simulation update: decoder round 10389, completed instructions: 296/1498, actively running or decoding instructions: 18, waiting windows: 3786/8319. Max active instruction index: 358
2024-11-13 08:53:30 | Simulation update: decoder round 10412, completed instructions: 296/1498, actively running or decoding instructions: 18, waiting windows: 3806/8344. Max active instruction index: 358
2024-11-13 08:53:40 | Simulation update: decoder round 10435, completed instructions: 296/1498, actively running or decoding instructions: 17, waiting windows: 3797/8363. Max active instruction index: 358
2024-11-13 08:53:51 | Simulation update: decoder round 10458, completed instructions: 297/1498, actively running or decoding instructions: 16, waiting windows: 3812/8381. Max active instruction index: 358
2024-11-13 08:54:01 | Simulation update: decoder round 10481, completed instructions: 297/1498, actively running or decoding instructions: 16, waiting windows: 3839/8409. Max active instruction index: 358
2024-11-13 08:54:11 | Simulation update: decoder round 10503, completed instructions: 297/1498, actively running or decoding instructions: 16, waiting windows: 3856/8427. Max active instruction index: 358
2024-11-13 08:54:21 | Simulation update: decoder round 10525, completed instructions: 297/1498, actively running or decoding instructions: 15, waiting windows: 3864/8445. Max active instruction index: 358
2024-11-13 08:54:31 | Simulation update: decoder round 10547, completed instructions: 297/1498, actively running or decoding instructions: 15, waiting windows: 3877/8463. Max active instruction index: 358
2024-11-13 08:54:42 | Simulation update: decoder round 10569, completed instructions: 297/1498, actively running or decoding instructions: 15, waiting windows: 3894/8481. Max active instruction index: 358
2024-11-13 08:54:52 | Simulation update: decoder round 10591, completed instructions: 297/1498, actively running or decoding instructions: 15, waiting windows: 3887/8499. Max active instruction index: 358
2024-11-13 08:55:02 | Simulation update: decoder round 10613, completed instructions: 297/1498, actively running or decoding instructions: 15, waiting windows: 3891/8517. Max active instruction index: 358
2024-11-13 08:55:13 | Simulation update: decoder round 10635, completed instructions: 297/1498, actively running or decoding instructions: 15, waiting windows: 3909/8535. Max active instruction index: 358
2024-11-13 08:55:23 | Simulation update: decoder round 10657, completed instructions: 297/1498, actively running or decoding instructions: 15, waiting windows: 3925/8553. Max active instruction index: 358
2024-11-13 08:55:33 | Simulation update: decoder round 10678, completed instructions: 297/1498, actively running or decoding instructions: 15, waiting windows: 3922/8571. Max active instruction index: 358
2024-11-13 08:55:44 | Simulation update: decoder round 10700, completed instructions: 297/1498, actively running or decoding instructions: 15, waiting windows: 3930/8589. Max active instruction index: 358
2024-11-13 08:55:54 | Simulation update: decoder round 10722, completed instructions: 297/1498, actively running or decoding instructions: 15, waiting windows: 3948/8607. Max active instruction index: 358
2024-11-13 08:56:04 | Simulation update: decoder round 10743, completed instructions: 297/1498, actively running or decoding instructions: 15, waiting windows: 3961/8625. Max active instruction index: 358
2024-11-13 08:56:14 | Simulation update: decoder round 10764, completed instructions: 297/1498, actively running or decoding instructions: 15, waiting windows: 3970/8643. Max active instruction index: 358
2024-11-13 08:56:25 | Simulation update: decoder round 10785, completed instructions: 297/1498, actively running or decoding instructions: 15, waiting windows: 3978/8661. Max active instruction index: 358
2024-11-13 08:56:35 | Simulation update: decoder round 10806, completed instructions: 297/1498, actively running or decoding instructions: 15, waiting windows: 3978/8679. Max active instruction index: 358
2024-11-13 08:56:45 | Simulation update: decoder round 10827, completed instructions: 297/1498, actively running or decoding instructions: 15, waiting windows: 3981/8697. Max active instruction index: 358
2024-11-13 08:56:55 | Simulation update: decoder round 10848, completed instructions: 297/1498, actively running or decoding instructions: 15, waiting windows: 3978/8715. Max active instruction index: 358
2024-11-13 08:57:06 | Simulation update: decoder round 10869, completed instructions: 297/1498, actively running or decoding instructions: 15, waiting windows: 3996/8733. Max active instruction index: 358
2024-11-13 08:57:16 | Simulation update: decoder round 10890, completed instructions: 297/1498, actively running or decoding instructions: 15, waiting windows: 4010/8751. Max active instruction index: 358
2024-11-13 08:57:26 | Simulation update: decoder round 10911, completed instructions: 297/1498, actively running or decoding instructions: 15, waiting windows: 4028/8769. Max active instruction index: 358
2024-11-13 08:57:37 | Simulation update: decoder round 10932, completed instructions: 297/1498, actively running or decoding instructions: 15, waiting windows: 4046/8787. Max active instruction index: 358
2024-11-13 08:57:47 | Simulation update: decoder round 10952, completed instructions: 297/1498, actively running or decoding instructions: 15, waiting windows: 4045/8805. Max active instruction index: 358
2024-11-13 08:57:57 | Simulation update: decoder round 10972, completed instructions: 297/1498, actively running or decoding instructions: 15, waiting windows: 4062/8823. Max active instruction index: 358
2024-11-13 08:58:07 | Simulation update: decoder round 10992, completed instructions: 297/1498, actively running or decoding instructions: 15, waiting windows: 4079/8841. Max active instruction index: 358
2024-11-13 08:58:17 | Simulation update: decoder round 11012, completed instructions: 297/1498, actively running or decoding instructions: 15, waiting windows: 4075/8859. Max active instruction index: 358
2024-11-13 08:58:28 | Simulation update: decoder round 11032, completed instructions: 297/1498, actively running or decoding instructions: 15, waiting windows: 4078/8877. Max active instruction index: 358
2024-11-13 08:58:38 | Simulation update: decoder round 11052, completed instructions: 297/1498, actively running or decoding instructions: 15, waiting windows: 4096/8895. Max active instruction index: 358
2024-11-13 08:58:48 | Simulation update: decoder round 11072, completed instructions: 297/1498, actively running or decoding instructions: 15, waiting windows: 4112/8913. Max active instruction index: 358
2024-11-13 08:58:59 | Simulation update: decoder round 11092, completed instructions: 297/1498, actively running or decoding instructions: 15, waiting windows: 4095/8931. Max active instruction index: 358
2024-11-13 08:59:09 | Simulation update: decoder round 11112, completed instructions: 297/1498, actively running or decoding instructions: 15, waiting windows: 4097/8949. Max active instruction index: 358
2024-11-13 08:59:19 | Simulation update: decoder round 11132, completed instructions: 297/1498, actively running or decoding instructions: 15, waiting windows: 4115/8967. Max active instruction index: 358
2024-11-13 08:59:30 | Simulation update: decoder round 11152, completed instructions: 297/1498, actively running or decoding instructions: 15, waiting windows: 4133/8985. Max active instruction index: 358
2024-11-13 08:59:40 | Simulation update: decoder round 11172, completed instructions: 297/1498, actively running or decoding instructions: 15, waiting windows: 4140/8993. Max active instruction index: 358
2024-11-13 08:59:51 | Simulation update: decoder round 11192, completed instructions: 297/1498, actively running or decoding instructions: 15, waiting windows: 4142/9011. Max active instruction index: 358
2024-11-13 09:00:01 | Simulation update: decoder round 11212, completed instructions: 297/1498, actively running or decoding instructions: 15, waiting windows: 4158/9029. Max active instruction index: 358
2024-11-13 09:00:11 | Simulation update: decoder round 11231, completed instructions: 297/1498, actively running or decoding instructions: 15, waiting windows: 4157/9046. Max active instruction index: 358
2024-11-13 09:00:21 | Simulation update: decoder round 11250, completed instructions: 297/1498, actively running or decoding instructions: 15, waiting windows: 4163/9057. Max active instruction index: 358
2024-11-13 09:00:31 | Simulation update: decoder round 11269, completed instructions: 297/1498, actively running or decoding instructions: 15, waiting windows: 4179/9075. Max active instruction index: 358
2024-11-13 09:00:41 | Simulation update: decoder round 11288, completed instructions: 297/1498, actively running or decoding instructions: 15, waiting windows: 4197/9093. Max active instruction index: 358
2024-11-13 09:00:52 | Simulation update: decoder round 11307, completed instructions: 297/1498, actively running or decoding instructions: 15, waiting windows: 4211/9111. Max active instruction index: 358
2024-11-13 09:01:02 | Simulation update: decoder round 11326, completed instructions: 297/1498, actively running or decoding instructions: 15, waiting windows: 4229/9129. Max active instruction index: 358
2024-11-13 09:01:12 | Simulation update: decoder round 11345, completed instructions: 297/1498, actively running or decoding instructions: 15, waiting windows: 4247/9147. Max active instruction index: 358
2024-11-13 09:01:22 | Simulation update: decoder round 11364, completed instructions: 297/1498, actively running or decoding instructions: 15, waiting windows: 4251/9165. Max active instruction index: 358
2024-11-13 09:01:33 | Simulation update: decoder round 11384, completed instructions: 297/1498, actively running or decoding instructions: 15, waiting windows: 4265/9183. Max active instruction index: 358
2024-11-13 09:01:43 | Simulation update: decoder round 11404, completed instructions: 297/1498, actively running or decoding instructions: 15, waiting windows: 4282/9201. Max active instruction index: 358
2024-11-13 09:01:53 | Simulation update: decoder round 11424, completed instructions: 297/1498, actively running or decoding instructions: 15, waiting windows: 4290/9209. Max active instruction index: 358
2024-11-13 09:02:03 | Simulation update: decoder round 11443, completed instructions: 297/1498, actively running or decoding instructions: 15, waiting windows: 4290/9227. Max active instruction index: 358
2024-11-13 09:02:14 | Simulation update: decoder round 11463, completed instructions: 297/1498, actively running or decoding instructions: 15, waiting windows: 4289/9245. Max active instruction index: 358
2024-11-13 09:02:24 | Simulation update: decoder round 11483, completed instructions: 297/1498, actively running or decoding instructions: 15, waiting windows: 4304/9262. Max active instruction index: 358
2024-11-13 09:02:34 | Simulation update: decoder round 11502, completed instructions: 297/1498, actively running or decoding instructions: 15, waiting windows: 4313/9273. Max active instruction index: 358
2024-11-13 09:02:45 | Simulation update: decoder round 11521, completed instructions: 297/1498, actively running or decoding instructions: 15, waiting windows: 4284/9291. Max active instruction index: 358
2024-11-13 09:02:55 | Simulation update: decoder round 11540, completed instructions: 297/1498, actively running or decoding instructions: 15, waiting windows: 4287/9309. Max active instruction index: 358
2024-11-13 09:03:05 | Simulation update: decoder round 11559, completed instructions: 297/1498, actively running or decoding instructions: 15, waiting windows: 4305/9327. Max active instruction index: 358
2024-11-13 09:03:15 | Simulation update: decoder round 11578, completed instructions: 297/1498, actively running or decoding instructions: 15, waiting windows: 4323/9345. Max active instruction index: 358
2024-11-13 09:03:25 | Simulation update: decoder round 11597, completed instructions: 297/1498, actively running or decoding instructions: 15, waiting windows: 4330/9363. Max active instruction index: 358
2024-11-13 09:03:35 | Simulation update: decoder round 11616, completed instructions: 297/1498, actively running or decoding instructions: 15, waiting windows: 4333/9381. Max active instruction index: 358
2024-11-13 09:03:45 | Simulation update: decoder round 11635, completed instructions: 297/1498, actively running or decoding instructions: 15, waiting windows: 4339/9399. Max active instruction index: 358
2024-11-13 09:03:55 | Simulation update: decoder round 11654, completed instructions: 297/1498, actively running or decoding instructions: 15, waiting windows: 4340/9407. Max active instruction index: 358
2024-11-13 09:04:05 | Simulation update: decoder round 11673, completed instructions: 297/1498, actively running or decoding instructions: 15, waiting windows: 4355/9425. Max active instruction index: 358
2024-11-13 09:04:16 | Simulation update: decoder round 11692, completed instructions: 297/1498, actively running or decoding instructions: 15, waiting windows: 4363/9435. Max active instruction index: 358
2024-11-13 09:04:26 | Simulation update: decoder round 11711, completed instructions: 297/1498, actively running or decoding instructions: 15, waiting windows: 4381/9453. Max active instruction index: 358
2024-11-13 09:04:36 | Simulation update: decoder round 11730, completed instructions: 297/1498, actively running or decoding instructions: 15, waiting windows: 4395/9471. Max active instruction index: 358
2024-11-13 09:04:47 | Simulation update: decoder round 11749, completed instructions: 297/1498, actively running or decoding instructions: 15, waiting windows: 4413/9489. Max active instruction index: 358
2024-11-13 09:04:57 | Simulation update: decoder round 11768, completed instructions: 297/1498, actively running or decoding instructions: 15, waiting windows: 4431/9507. Max active instruction index: 358
2024-11-13 09:05:08 | Simulation update: decoder round 11787, completed instructions: 297/1498, actively running or decoding instructions: 15, waiting windows: 4443/9525. Max active instruction index: 358
2024-11-13 09:05:18 | Simulation update: decoder round 11805, completed instructions: 297/1498, actively running or decoding instructions: 15, waiting windows: 4457/9543. Max active instruction index: 358
2024-11-13 09:05:28 | Simulation update: decoder round 11823, completed instructions: 297/1498, actively running or decoding instructions: 15, waiting windows: 4464/9551. Max active instruction index: 358
2024-11-13 09:05:38 | Simulation update: decoder round 11841, completed instructions: 297/1498, actively running or decoding instructions: 15, waiting windows: 4482/9569. Max active instruction index: 358
2024-11-13 09:05:48 | Simulation update: decoder round 11859, completed instructions: 297/1498, actively running or decoding instructions: 15, waiting windows: 4464/9579. Max active instruction index: 358
2024-11-13 09:05:59 | Simulation update: decoder round 11877, completed instructions: 297/1498, actively running or decoding instructions: 15, waiting windows: 4465/9597. Max active instruction index: 358
2024-11-13 09:06:09 | Simulation update: decoder round 11895, completed instructions: 297/1498, actively running or decoding instructions: 15, waiting windows: 4483/9615. Max active instruction index: 358
2024-11-13 09:06:19 | Simulation update: decoder round 11913, completed instructions: 297/1498, actively running or decoding instructions: 15, waiting windows: 4499/9633. Max active instruction index: 358
2024-11-13 09:06:29 | Simulation update: decoder round 11931, completed instructions: 297/1498, actively running or decoding instructions: 15, waiting windows: 4505/9651. Max active instruction index: 358
2024-11-13 09:06:40 | Simulation update: decoder round 11949, completed instructions: 297/1498, actively running or decoding instructions: 15, waiting windows: 4482/9659. Max active instruction index: 358
2024-11-13 09:06:50 | Simulation update: decoder round 11967, completed instructions: 297/1498, actively running or decoding instructions: 15, waiting windows: 4493/9677. Max active instruction index: 358
2024-11-13 09:07:00 | Simulation update: decoder round 11985, completed instructions: 297/1498, actively running or decoding instructions: 15, waiting windows: 4503/9687. Max active instruction index: 358
2024-11-13 09:07:10 | Simulation update: decoder round 12003, completed instructions: 297/1498, actively running or decoding instructions: 15, waiting windows: 4521/9705. Max active instruction index: 358
2024-11-13 09:07:21 | Simulation update: decoder round 12021, completed instructions: 297/1498, actively running or decoding instructions: 15, waiting windows: 4537/9723. Max active instruction index: 358
2024-11-13 09:07:31 | Simulation update: decoder round 12039, completed instructions: 297/1498, actively running or decoding instructions: 15, waiting windows: 4518/9741. Max active instruction index: 358
2024-11-13 09:07:42 | Simulation update: decoder round 12057, completed instructions: 297/1498, actively running or decoding instructions: 15, waiting windows: 4520/9759. Max active instruction index: 358
2024-11-13 09:07:52 | Simulation update: decoder round 12075, completed instructions: 297/1498, actively running or decoding instructions: 15, waiting windows: 4516/9767. Max active instruction index: 358
2024-11-13 09:08:02 | Simulation update: decoder round 12093, completed instructions: 297/1498, actively running or decoding instructions: 15, waiting windows: 4512/9785. Max active instruction index: 358
2024-11-13 09:08:12 | Simulation update: decoder round 12111, completed instructions: 297/1498, actively running or decoding instructions: 15, waiting windows: 4515/9795. Max active instruction index: 358
2024-11-13 09:08:23 | Simulation update: decoder round 12129, completed instructions: 297/1498, actively running or decoding instructions: 15, waiting windows: 4533/9813. Max active instruction index: 358
2024-11-13 09:08:33 | Simulation update: decoder round 12147, completed instructions: 297/1498, actively running or decoding instructions: 15, waiting windows: 4547/9831. Max active instruction index: 358
2024-11-13 09:08:43 | Simulation update: decoder round 12165, completed instructions: 297/1498, actively running or decoding instructions: 15, waiting windows: 4565/9849. Max active instruction index: 358
2024-11-13 09:08:54 | Simulation update: decoder round 12183, completed instructions: 297/1498, actively running or decoding instructions: 15, waiting windows: 4583/9867. Max active instruction index: 358
2024-11-13 09:09:04 | Simulation update: decoder round 12201, completed instructions: 297/1498, actively running or decoding instructions: 15, waiting windows: 4575/9875. Max active instruction index: 358
2024-11-13 09:09:15 | Simulation update: decoder round 12219, completed instructions: 297/1498, actively running or decoding instructions: 15, waiting windows: 4591/9893. Max active instruction index: 358
2024-11-13 09:09:25 | Simulation update: decoder round 12236, completed instructions: 297/1498, actively running or decoding instructions: 15, waiting windows: 4599/9903. Max active instruction index: 358
2024-11-13 09:09:35 | Simulation update: decoder round 12253, completed instructions: 297/1498, actively running or decoding instructions: 15, waiting windows: 4616/9921. Max active instruction index: 358
2024-11-13 09:09:45 | Simulation update: decoder round 12270, completed instructions: 297/1498, actively running or decoding instructions: 15, waiting windows: 4621/9939. Max active instruction index: 358
2024-11-13 09:09:55 | Simulation update: decoder round 12287, completed instructions: 297/1498, actively running or decoding instructions: 15, waiting windows: 4639/9957. Max active instruction index: 358
2024-11-13 09:10:06 | Simulation update: decoder round 12304, completed instructions: 297/1498, actively running or decoding instructions: 15, waiting windows: 4637/9965. Max active instruction index: 358
2024-11-13 09:10:16 | Simulation update: decoder round 12321, completed instructions: 297/1498, actively running or decoding instructions: 15, waiting windows: 4645/9975. Max active instruction index: 358
2024-11-13 09:10:26 | Simulation update: decoder round 12338, completed instructions: 297/1498, actively running or decoding instructions: 15, waiting windows: 4663/9993. Max active instruction index: 358
2024-11-13 09:10:37 | Simulation update: decoder round 12355, completed instructions: 297/1498, actively running or decoding instructions: 15, waiting windows: 4662/10011. Max active instruction index: 358
2024-11-13 09:10:47 | Simulation update: decoder round 12372, completed instructions: 297/1498, actively running or decoding instructions: 15, waiting windows: 4620/10029. Max active instruction index: 358
2024-11-13 09:10:57 | Simulation update: decoder round 12389, completed instructions: 297/1498, actively running or decoding instructions: 15, waiting windows: 4622/10037. Max active instruction index: 358
2024-11-13 09:11:07 | Simulation update: decoder round 12406, completed instructions: 297/1498, actively running or decoding instructions: 15, waiting windows: 4632/10047. Max active instruction index: 358
2024-11-13 09:11:18 | Simulation update: decoder round 12423, completed instructions: 297/1498, actively running or decoding instructions: 15, waiting windows: 4650/10065. Max active instruction index: 358
2024-11-13 09:11:28 | Simulation update: decoder round 12440, completed instructions: 297/1498, actively running or decoding instructions: 15, waiting windows: 4663/10083. Max active instruction index: 358
2024-11-13 09:11:39 | Simulation update: decoder round 12457, completed instructions: 297/1498, actively running or decoding instructions: 15, waiting windows: 4680/10101. Max active instruction index: 358
2024-11-13 09:11:49 | Simulation update: decoder round 12474, completed instructions: 297/1498, actively running or decoding instructions: 15, waiting windows: 4685/10109. Max active instruction index: 358
2024-11-13 09:12:00 | Simulation update: decoder round 12491, completed instructions: 297/1498, actively running or decoding instructions: 15, waiting windows: 4689/10126. Max active instruction index: 358
2024-11-13 09:12:10 | Simulation update: decoder round 12508, completed instructions: 297/1498, actively running or decoding instructions: 15, waiting windows: 4698/10137. Max active instruction index: 358
2024-11-13 09:12:21 | Simulation update: decoder round 12525, completed instructions: 297/1498, actively running or decoding instructions: 15, waiting windows: 4706/10155. Max active instruction index: 358
2024-11-13 09:12:31 | Simulation update: decoder round 12542, completed instructions: 297/1498, actively running or decoding instructions: 15, waiting windows: 4724/10173. Max active instruction index: 358
2024-11-13 09:12:42 | Simulation update: decoder round 12559, completed instructions: 297/1498, actively running or decoding instructions: 15, waiting windows: 4742/10191. Max active instruction index: 358
2024-11-13 09:12:52 | Simulation update: decoder round 12575, completed instructions: 297/1498, actively running or decoding instructions: 15, waiting windows: 4745/10198. Max active instruction index: 358
2024-11-13 09:13:02 | Simulation update: decoder round 12591, completed instructions: 297/1498, actively running or decoding instructions: 15, waiting windows: 4756/10209. Max active instruction index: 358
2024-11-13 09:13:12 | Simulation update: decoder round 12607, completed instructions: 297/1498, actively running or decoding instructions: 15, waiting windows: 4774/10227. Max active instruction index: 358
2024-11-13 09:13:22 | Simulation update: decoder round 12623, completed instructions: 297/1498, actively running or decoding instructions: 15, waiting windows: 4788/10245. Max active instruction index: 358
2024-11-13 09:13:33 | Simulation update: decoder round 12639, completed instructions: 297/1498, actively running or decoding instructions: 15, waiting windows: 4796/10253. Max active instruction index: 358
2024-11-13 09:13:43 | Simulation update: decoder round 12655, completed instructions: 297/1498, actively running or decoding instructions: 15, waiting windows: 4802/10263. Max active instruction index: 358
2024-11-13 09:13:53 | Simulation update: decoder round 12671, completed instructions: 297/1498, actively running or decoding instructions: 15, waiting windows: 4819/10281. Max active instruction index: 358
2024-11-13 09:14:04 | Simulation update: decoder round 12687, completed instructions: 297/1498, actively running or decoding instructions: 15, waiting windows: 4837/10299. Max active instruction index: 358
2024-11-13 09:14:14 | Simulation update: decoder round 12703, completed instructions: 297/1498, actively running or decoding instructions: 15, waiting windows: 4829/10307. Max active instruction index: 358
2024-11-13 09:14:25 | Simulation update: decoder round 12719, completed instructions: 297/1498, actively running or decoding instructions: 15, waiting windows: 4836/10317. Max active instruction index: 358
2024-11-13 09:14:35 | Simulation update: decoder round 12735, completed instructions: 297/1498, actively running or decoding instructions: 15, waiting windows: 4854/10335. Max active instruction index: 358
2024-11-13 09:14:46 | Simulation update: decoder round 12751, completed instructions: 297/1498, actively running or decoding instructions: 15, waiting windows: 4870/10353. Max active instruction index: 358
2024-11-13 09:14:57 | Simulation update: decoder round 12767, completed instructions: 297/1498, actively running or decoding instructions: 15, waiting windows: 4876/10361. Max active instruction index: 358
2024-11-13 09:15:07 | Simulation update: decoder round 12782, completed instructions: 297/1498, actively running or decoding instructions: 15, waiting windows: 4850/10371. Max active instruction index: 358
2024-11-13 09:15:17 | Simulation update: decoder round 12798, completed instructions: 297/1498, actively running or decoding instructions: 15, waiting windows: 4826/10389. Max active instruction index: 358
2024-11-13 09:15:28 | Simulation update: decoder round 12814, completed instructions: 297/1498, actively running or decoding instructions: 15, waiting windows: 4844/10407. Max active instruction index: 358
2024-11-13 09:15:38 | Simulation update: decoder round 12830, completed instructions: 297/1498, actively running or decoding instructions: 15, waiting windows: 4852/10415. Max active instruction index: 358
2024-11-13 09:15:49 | Simulation update: decoder round 12846, completed instructions: 297/1498, actively running or decoding instructions: 15, waiting windows: 4862/10425. Max active instruction index: 358
2024-11-13 09:15:59 | Simulation update: decoder round 12862, completed instructions: 297/1498, actively running or decoding instructions: 15, waiting windows: 4878/10443. Max active instruction index: 358
2024-11-13 09:16:09 | Simulation update: decoder round 12877, completed instructions: 297/1498, actively running or decoding instructions: 15, waiting windows: 4894/10461. Max active instruction index: 358
2024-11-13 09:16:20 | Simulation update: decoder round 12893, completed instructions: 297/1498, actively running or decoding instructions: 15, waiting windows: 4887/10469. Max active instruction index: 358
2024-11-13 09:16:30 | Simulation update: decoder round 12908, completed instructions: 297/1498, actively running or decoding instructions: 15, waiting windows: 4870/10479. Max active instruction index: 358
2024-11-13 09:16:41 | Simulation update: decoder round 12924, completed instructions: 297/1498, actively running or decoding instructions: 15, waiting windows: 4882/10497. Max active instruction index: 358
2024-11-13 09:16:51 | Simulation update: decoder round 12939, completed instructions: 297/1498, actively running or decoding instructions: 15, waiting windows: 4899/10515. Max active instruction index: 358
2024-11-13 09:17:01 | Simulation update: decoder round 12955, completed instructions: 297/1498, actively running or decoding instructions: 15, waiting windows: 4896/10523. Max active instruction index: 358
2024-11-13 09:17:12 | Simulation update: decoder round 12970, completed instructions: 297/1498, actively running or decoding instructions: 15, waiting windows: 4906/10533. Max active instruction index: 358
2024-11-13 09:17:22 | Simulation update: decoder round 12985, completed instructions: 297/1498, actively running or decoding instructions: 15, waiting windows: 4920/10551. Max active instruction index: 358
2024-11-13 09:17:32 | Simulation update: decoder round 13000, completed instructions: 297/1498, actively running or decoding instructions: 15, waiting windows: 4938/10569. Max active instruction index: 358
2024-11-13 09:17:42 | Simulation update: decoder round 13015, completed instructions: 297/1498, actively running or decoding instructions: 15, waiting windows: 4938/10569. Max active instruction index: 358
2024-11-13 09:17:52 | Simulation update: decoder round 13030, completed instructions: 297/1498, actively running or decoding instructions: 15, waiting windows: 4956/10587. Max active instruction index: 358
2024-11-13 09:18:02 | Simulation update: decoder round 13045, completed instructions: 297/1498, actively running or decoding instructions: 15, waiting windows: 4965/10605. Max active instruction index: 358
2024-11-13 09:18:13 | Simulation update: decoder round 13060, completed instructions: 297/1498, actively running or decoding instructions: 15, waiting windows: 4973/10613. Max active instruction index: 358
2024-11-13 09:18:23 | Simulation update: decoder round 13075, completed instructions: 297/1498, actively running or decoding instructions: 15, waiting windows: 4979/10623. Max active instruction index: 358
2024-11-13 09:18:34 | Simulation update: decoder round 13090, completed instructions: 297/1498, actively running or decoding instructions: 15, waiting windows: 4996/10641. Max active instruction index: 358
2024-11-13 09:18:44 | Simulation update: decoder round 13105, completed instructions: 297/1498, actively running or decoding instructions: 15, waiting windows: 5014/10659. Max active instruction index: 358
2024-11-13 09:18:55 | Simulation update: decoder round 13120, completed instructions: 297/1498, actively running or decoding instructions: 15, waiting windows: 4992/10659. Max active instruction index: 358
2024-11-13 09:19:05 | Simulation update: decoder round 13135, completed instructions: 297/1498, actively running or decoding instructions: 15, waiting windows: 5003/10677. Max active instruction index: 358
2024-11-13 09:19:16 | Simulation update: decoder round 13150, completed instructions: 297/1498, actively running or decoding instructions: 15, waiting windows: 5021/10695. Max active instruction index: 358
2024-11-13 09:19:26 | Simulation update: decoder round 13165, completed instructions: 297/1498, actively running or decoding instructions: 15, waiting windows: 5027/10703. Max active instruction index: 358
2024-11-13 09:19:28 | Finished simulation
2024-11-13 09:19:28 | Finished saving output. Done! Total elapsed time: 0:55:00.850972
