CONFIG 1139
benchmark_file: slurm/data/20241113_081402/benchmarks/qrom_15_15.lss
decoder_latency_or_dist_filename: lambda volume: volume*10.0
distance: 21
lightweight_setting: 1
max_parallel_processes: None
missed_speculation_modifier: 5.0
poison_policy: descendants
rng: 18
scheduling_method: sliding
speculation_accuracy: 0.9
speculation_latency: 1
speculation_mode: separate
2024-11-13 08:24:28 | Loading benchmark slurm/data/20241113_081402/benchmarks/qrom_15_15.lss...
2024-11-13 08:24:28 | Starting simulation
2024-11-13 08:24:28 | Simulation update: decoder round 1, completed instructions: 0/1498, actively running or decoding instructions: 10, waiting windows: 0/0. Max active instruction index: 66
2024-11-13 08:24:38 | Simulation update: decoder round 1229, completed instructions: 162/1498, actively running or decoding instructions: 17, waiting windows: 649/1055. Max active instruction index: 180
2024-11-13 08:24:48 | Simulation update: decoder round 1804, completed instructions: 163/1498, actively running or decoding instructions: 12, waiting windows: 852/1514. Max active instruction index: 156
2024-11-13 08:24:58 | Simulation update: decoder round 2199, completed instructions: 163/1498, actively running or decoding instructions: 11, waiting windows: 997/1837. Max active instruction index: 156
2024-11-13 08:25:08 | Simulation update: decoder round 2503, completed instructions: 163/1498, actively running or decoding instructions: 10, waiting windows: 1173/2092. Max active instruction index: 156
2024-11-13 08:25:18 | Simulation update: decoder round 2745, completed instructions: 163/1498, actively running or decoding instructions: 9, waiting windows: 1263/2279. Max active instruction index: 156
2024-11-13 08:25:28 | Simulation update: decoder round 2961, completed instructions: 163/1498, actively running or decoding instructions: 7, waiting windows: 1332/2449. Max active instruction index: 156
2024-11-13 08:25:38 | Simulation update: decoder round 3154, completed instructions: 164/1498, actively running or decoding instructions: 4, waiting windows: 1379/2619. Max active instruction index: 132
2024-11-13 08:25:48 | Simulation update: decoder round 3342, completed instructions: 164/1498, actively running or decoding instructions: 2, waiting windows: 1411/2772. Max active instruction index: 132
2024-11-13 08:25:58 | Simulation update: decoder round 3513, completed instructions: 164/1498, actively running or decoding instructions: 2, waiting windows: 1509/2908. Max active instruction index: 132
2024-11-13 08:26:08 | Simulation update: decoder round 3669, completed instructions: 164/1498, actively running or decoding instructions: 2, waiting windows: 1564/3027. Max active instruction index: 132
2024-11-13 08:26:18 | Simulation update: decoder round 3815, completed instructions: 185/1498, actively running or decoding instructions: 9, waiting windows: 1632/3165. Max active instruction index: 178
2024-11-13 08:26:28 | Simulation update: decoder round 3952, completed instructions: 223/1498, actively running or decoding instructions: 17, waiting windows: 1662/3305. Max active instruction index: 214
2024-11-13 08:26:38 | Simulation update: decoder round 4079, completed instructions: 223/1498, actively running or decoding instructions: 17, waiting windows: 1695/3401. Max active instruction index: 214
2024-11-13 08:26:48 | Simulation update: decoder round 4202, completed instructions: 223/1498, actively running or decoding instructions: 17, waiting windows: 1716/3497. Max active instruction index: 214
2024-11-13 08:26:58 | Simulation update: decoder round 4319, completed instructions: 223/1498, actively running or decoding instructions: 17, waiting windows: 1745/3580. Max active instruction index: 214
2024-11-13 08:27:08 | Simulation update: decoder round 4431, completed instructions: 223/1498, actively running or decoding instructions: 17, waiting windows: 1781/3662. Max active instruction index: 214
2024-11-13 08:27:18 | Simulation update: decoder round 4545, completed instructions: 223/1498, actively running or decoding instructions: 17, waiting windows: 1718/3753. Max active instruction index: 214
2024-11-13 08:27:28 | Simulation update: decoder round 4657, completed instructions: 223/1498, actively running or decoding instructions: 17, waiting windows: 1769/3836. Max active instruction index: 214
2024-11-13 08:27:38 | Simulation update: decoder round 4764, completed instructions: 223/1498, actively running or decoding instructions: 17, waiting windows: 1774/3916. Max active instruction index: 214
2024-11-13 08:27:48 | Simulation update: decoder round 4868, completed instructions: 223/1498, actively running or decoding instructions: 17, waiting windows: 1793/3996. Max active instruction index: 214
2024-11-13 08:27:58 | Simulation update: decoder round 4973, completed instructions: 223/1498, actively running or decoding instructions: 17, waiting windows: 1786/4076. Max active instruction index: 214
2024-11-13 08:28:08 | Simulation update: decoder round 5074, completed instructions: 223/1498, actively running or decoding instructions: 17, waiting windows: 1846/4156. Max active instruction index: 214
2024-11-13 08:28:18 | Simulation update: decoder round 5169, completed instructions: 223/1498, actively running or decoding instructions: 17, waiting windows: 1892/4233. Max active instruction index: 214
2024-11-13 08:28:29 | Simulation update: decoder round 5260, completed instructions: 223/1498, actively running or decoding instructions: 17, waiting windows: 1925/4300. Max active instruction index: 214
2024-11-13 08:28:39 | Simulation update: decoder round 5350, completed instructions: 223/1498, actively running or decoding instructions: 17, waiting windows: 1914/4364. Max active instruction index: 214
2024-11-13 08:28:49 | Simulation update: decoder round 5437, completed instructions: 223/1498, actively running or decoding instructions: 17, waiting windows: 1972/4430. Max active instruction index: 214
2024-11-13 08:28:59 | Simulation update: decoder round 5519, completed instructions: 223/1498, actively running or decoding instructions: 17, waiting windows: 2023/4492. Max active instruction index: 214
2024-11-13 08:29:09 | Simulation update: decoder round 5598, completed instructions: 223/1498, actively running or decoding instructions: 17, waiting windows: 2061/4556. Max active instruction index: 214
2024-11-13 08:29:19 | Simulation update: decoder round 5675, completed instructions: 223/1498, actively running or decoding instructions: 17, waiting windows: 2087/4617. Max active instruction index: 214
2024-11-13 08:29:29 | Simulation update: decoder round 5751, completed instructions: 223/1498, actively running or decoding instructions: 17, waiting windows: 2073/4668. Max active instruction index: 214
2024-11-13 08:29:39 | Simulation update: decoder round 5826, completed instructions: 223/1498, actively running or decoding instructions: 17, waiting windows: 2121/4729. Max active instruction index: 214
2024-11-13 08:29:49 | Simulation update: decoder round 5898, completed instructions: 223/1498, actively running or decoding instructions: 17, waiting windows: 2163/4780. Max active instruction index: 214
2024-11-13 08:29:59 | Simulation update: decoder round 5967, completed instructions: 223/1498, actively running or decoding instructions: 17, waiting windows: 2156/4841. Max active instruction index: 214
2024-11-13 08:30:09 | Simulation update: decoder round 6038, completed instructions: 223/1498, actively running or decoding instructions: 17, waiting windows: 2190/4892. Max active instruction index: 214
2024-11-13 08:30:19 | Simulation update: decoder round 6106, completed instructions: 223/1498, actively running or decoding instructions: 17, waiting windows: 2233/4940. Max active instruction index: 214
2024-11-13 08:30:30 | Simulation update: decoder round 6172, completed instructions: 223/1498, actively running or decoding instructions: 17, waiting windows: 2245/4990. Max active instruction index: 214
2024-11-13 08:30:40 | Simulation update: decoder round 6236, completed instructions: 223/1498, actively running or decoding instructions: 17, waiting windows: 2260/5038. Max active instruction index: 214
2024-11-13 08:30:50 | Simulation update: decoder round 6300, completed instructions: 223/1498, actively running or decoding instructions: 17, waiting windows: 2292/5086. Max active instruction index: 214
2024-11-13 08:31:00 | Simulation update: decoder round 6362, completed instructions: 223/1498, actively running or decoding instructions: 17, waiting windows: 2338/5134. Max active instruction index: 214
2024-11-13 08:31:10 | Simulation update: decoder round 6422, completed instructions: 223/1498, actively running or decoding instructions: 17, waiting windows: 2369/5180. Max active instruction index: 214
2024-11-13 08:31:20 | Simulation update: decoder round 6480, completed instructions: 223/1498, actively running or decoding instructions: 17, waiting windows: 2395/5228. Max active instruction index: 214
2024-11-13 08:31:30 | Simulation update: decoder round 6538, completed instructions: 223/1498, actively running or decoding instructions: 17, waiting windows: 2410/5273. Max active instruction index: 214
2024-11-13 08:31:40 | Simulation update: decoder round 6594, completed instructions: 223/1498, actively running or decoding instructions: 17, waiting windows: 2408/5310. Max active instruction index: 214
2024-11-13 08:31:50 | Simulation update: decoder round 6650, completed instructions: 223/1498, actively running or decoding instructions: 17, waiting windows: 2414/5356. Max active instruction index: 214
2024-11-13 08:32:00 | Simulation update: decoder round 6706, completed instructions: 223/1498, actively running or decoding instructions: 17, waiting windows: 2428/5401. Max active instruction index: 214
2024-11-13 08:32:10 | Simulation update: decoder round 6762, completed instructions: 229/1498, actively running or decoding instructions: 15, waiting windows: 2465/5443. Max active instruction index: 233
2024-11-13 08:32:21 | Simulation update: decoder round 6816, completed instructions: 249/1498, actively running or decoding instructions: 19, waiting windows: 2507/5516. Max active instruction index: 255
2024-11-13 08:32:31 | Simulation update: decoder round 6871, completed instructions: 267/1498, actively running or decoding instructions: 26, waiting windows: 2524/5585. Max active instruction index: 283
2024-11-13 08:32:41 | Simulation update: decoder round 6924, completed instructions: 283/1498, actively running or decoding instructions: 26, waiting windows: 2565/5636. Max active instruction index: 284
2024-11-13 08:32:51 | Simulation update: decoder round 6975, completed instructions: 283/1498, actively running or decoding instructions: 26, waiting windows: 2601/5691. Max active instruction index: 284
2024-11-13 08:33:01 | Simulation update: decoder round 7026, completed instructions: 283/1498, actively running or decoding instructions: 26, waiting windows: 2622/5731. Max active instruction index: 284
2024-11-13 08:33:11 | Simulation update: decoder round 7076, completed instructions: 286/1498, actively running or decoding instructions: 26, waiting windows: 2648/5771. Max active instruction index: 284
2024-11-13 08:33:21 | Simulation update: decoder round 7125, completed instructions: 286/1498, actively running or decoding instructions: 26, waiting windows: 2687/5823. Max active instruction index: 284
2024-11-13 08:33:31 | Simulation update: decoder round 7173, completed instructions: 286/1498, actively running or decoding instructions: 26, waiting windows: 2719/5860. Max active instruction index: 284
2024-11-13 08:33:41 | Simulation update: decoder round 7219, completed instructions: 286/1498, actively running or decoding instructions: 26, waiting windows: 2715/5896. Max active instruction index: 284
2024-11-13 08:33:52 | Simulation update: decoder round 7266, completed instructions: 286/1498, actively running or decoding instructions: 26, waiting windows: 2730/5935. Max active instruction index: 284
2024-11-13 08:34:02 | Simulation update: decoder round 7312, completed instructions: 286/1498, actively running or decoding instructions: 26, waiting windows: 2759/5985. Max active instruction index: 284
2024-11-13 08:34:12 | Simulation update: decoder round 7356, completed instructions: 286/1498, actively running or decoding instructions: 26, waiting windows: 2786/6021. Max active instruction index: 284
2024-11-13 08:34:22 | Simulation update: decoder round 7400, completed instructions: 286/1498, actively running or decoding instructions: 26, waiting windows: 2809/6057. Max active instruction index: 284
2024-11-13 08:34:32 | Simulation update: decoder round 7444, completed instructions: 286/1498, actively running or decoding instructions: 24, waiting windows: 2754/6094. Max active instruction index: 284
2024-11-13 08:34:42 | Simulation update: decoder round 7488, completed instructions: 286/1498, actively running or decoding instructions: 24, waiting windows: 2771/6130. Max active instruction index: 284
2024-11-13 08:34:52 | Simulation update: decoder round 7532, completed instructions: 286/1498, actively running or decoding instructions: 24, waiting windows: 2769/6166. Max active instruction index: 284
2024-11-13 08:35:02 | Simulation update: decoder round 7576, completed instructions: 286/1498, actively running or decoding instructions: 23, waiting windows: 2794/6202. Max active instruction index: 284
2024-11-13 08:35:13 | Simulation update: decoder round 7619, completed instructions: 286/1498, actively running or decoding instructions: 23, waiting windows: 2827/6238. Max active instruction index: 284
2024-11-13 08:35:23 | Simulation update: decoder round 7662, completed instructions: 286/1498, actively running or decoding instructions: 23, waiting windows: 2759/6274. Max active instruction index: 284
2024-11-13 08:35:33 | Simulation update: decoder round 7706, completed instructions: 286/1498, actively running or decoding instructions: 23, waiting windows: 2786/6312. Max active instruction index: 284
2024-11-13 08:35:43 | Simulation update: decoder round 7749, completed instructions: 286/1498, actively running or decoding instructions: 23, waiting windows: 2807/6349. Max active instruction index: 284
2024-11-13 08:35:53 | Simulation update: decoder round 7792, completed instructions: 287/1498, actively running or decoding instructions: 22, waiting windows: 2848/6395. Max active instruction index: 276
2024-11-13 08:36:03 | Simulation update: decoder round 7834, completed instructions: 287/1498, actively running or decoding instructions: 22, waiting windows: 2852/6431. Max active instruction index: 276
2024-11-13 08:36:13 | Simulation update: decoder round 7876, completed instructions: 287/1498, actively running or decoding instructions: 22, waiting windows: 2882/6467. Max active instruction index: 276
2024-11-13 08:36:24 | Simulation update: decoder round 7917, completed instructions: 287/1498, actively running or decoding instructions: 21, waiting windows: 2900/6493. Max active instruction index: 276
2024-11-13 08:36:34 | Simulation update: decoder round 7957, completed instructions: 287/1498, actively running or decoding instructions: 19, waiting windows: 2933/6528. Max active instruction index: 276
2024-11-13 08:36:44 | Simulation update: decoder round 7997, completed instructions: 287/1498, actively running or decoding instructions: 19, waiting windows: 2956/6562. Max active instruction index: 276
2024-11-13 08:36:54 | Simulation update: decoder round 8036, completed instructions: 287/1498, actively running or decoding instructions: 19, waiting windows: 2992/6598. Max active instruction index: 276
2024-11-13 08:37:04 | Simulation update: decoder round 8074, completed instructions: 287/1498, actively running or decoding instructions: 19, waiting windows: 2993/6634. Max active instruction index: 276
2024-11-13 08:37:14 | Simulation update: decoder round 8112, completed instructions: 287/1498, actively running or decoding instructions: 19, waiting windows: 2996/6669. Max active instruction index: 276
2024-11-13 08:37:24 | Simulation update: decoder round 8150, completed instructions: 287/1498, actively running or decoding instructions: 19, waiting windows: 3008/6701. Max active instruction index: 276
2024-11-13 08:37:34 | Simulation update: decoder round 8188, completed instructions: 287/1498, actively running or decoding instructions: 19, waiting windows: 3023/6726. Max active instruction index: 276
2024-11-13 08:37:45 | Simulation update: decoder round 8226, completed instructions: 287/1498, actively running or decoding instructions: 19, waiting windows: 3057/6760. Max active instruction index: 276
2024-11-13 08:37:55 | Simulation update: decoder round 8263, completed instructions: 287/1498, actively running or decoding instructions: 18, waiting windows: 3063/6796. Max active instruction index: 276
2024-11-13 08:38:05 | Simulation update: decoder round 8300, completed instructions: 287/1498, actively running or decoding instructions: 18, waiting windows: 3084/6831. Max active instruction index: 276
2024-11-13 08:38:15 | Simulation update: decoder round 8337, completed instructions: 287/1498, actively running or decoding instructions: 18, waiting windows: 3095/6853. Max active instruction index: 276
2024-11-13 08:38:25 | Simulation update: decoder round 8373, completed instructions: 287/1498, actively running or decoding instructions: 18, waiting windows: 3100/6886. Max active instruction index: 276
2024-11-13 08:38:35 | Simulation update: decoder round 8409, completed instructions: 287/1498, actively running or decoding instructions: 18, waiting windows: 3127/6921. Max active instruction index: 276
2024-11-13 08:38:45 | Simulation update: decoder round 8445, completed instructions: 287/1498, actively running or decoding instructions: 18, waiting windows: 3161/6957. Max active instruction index: 276
2024-11-13 08:38:55 | Simulation update: decoder round 8480, completed instructions: 287/1498, actively running or decoding instructions: 18, waiting windows: 3126/6976. Max active instruction index: 276
2024-11-13 08:39:06 | Simulation update: decoder round 8516, completed instructions: 287/1498, actively running or decoding instructions: 18, waiting windows: 3115/7012. Max active instruction index: 276
2024-11-13 08:39:16 | Simulation update: decoder round 8552, completed instructions: 287/1498, actively running or decoding instructions: 18, waiting windows: 3152/7047. Max active instruction index: 276
2024-11-13 08:39:26 | Simulation update: decoder round 8587, completed instructions: 288/1498, actively running or decoding instructions: 17, waiting windows: 3168/7069. Max active instruction index: 276
2024-11-13 08:39:36 | Simulation update: decoder round 8621, completed instructions: 297/1498, actively running or decoding instructions: 18, waiting windows: 3207/7110. Max active instruction index: 358
2024-11-13 08:39:46 | Simulation update: decoder round 8655, completed instructions: 297/1498, actively running or decoding instructions: 18, waiting windows: 3236/7143. Max active instruction index: 358
2024-11-13 08:39:56 | Simulation update: decoder round 8688, completed instructions: 297/1498, actively running or decoding instructions: 18, waiting windows: 3249/7164. Max active instruction index: 358
2024-11-13 08:40:06 | Simulation update: decoder round 8721, completed instructions: 297/1498, actively running or decoding instructions: 18, waiting windows: 3262/7197. Max active instruction index: 358
2024-11-13 08:40:16 | Simulation update: decoder round 8754, completed instructions: 297/1498, actively running or decoding instructions: 18, waiting windows: 3250/7218. Max active instruction index: 358
2024-11-13 08:40:27 | Simulation update: decoder round 8787, completed instructions: 297/1498, actively running or decoding instructions: 18, waiting windows: 3260/7254. Max active instruction index: 358
2024-11-13 08:40:37 | Simulation update: decoder round 8820, completed instructions: 297/1498, actively running or decoding instructions: 18, waiting windows: 3272/7274. Max active instruction index: 358
2024-11-13 08:40:47 | Simulation update: decoder round 8852, completed instructions: 297/1498, actively running or decoding instructions: 18, waiting windows: 3303/7308. Max active instruction index: 358
2024-11-13 08:40:57 | Simulation update: decoder round 8884, completed instructions: 297/1498, actively running or decoding instructions: 18, waiting windows: 3329/7338. Max active instruction index: 358
2024-11-13 08:41:07 | Simulation update: decoder round 8916, completed instructions: 297/1498, actively running or decoding instructions: 18, waiting windows: 3250/7362. Max active instruction index: 358
2024-11-13 08:41:17 | Simulation update: decoder round 8949, completed instructions: 297/1498, actively running or decoding instructions: 18, waiting windows: 3269/7395. Max active instruction index: 358
2024-11-13 08:41:27 | Simulation update: decoder round 8982, completed instructions: 297/1498, actively running or decoding instructions: 18, waiting windows: 3287/7416. Max active instruction index: 358
2024-11-13 08:41:37 | Simulation update: decoder round 9014, completed instructions: 297/1498, actively running or decoding instructions: 18, waiting windows: 3317/7449. Max active instruction index: 358
2024-11-13 08:41:47 | Simulation update: decoder round 9046, completed instructions: 297/1498, actively running or decoding instructions: 18, waiting windows: 3330/7470. Max active instruction index: 358
2024-11-13 08:41:58 | Simulation update: decoder round 9078, completed instructions: 297/1498, actively running or decoding instructions: 18, waiting windows: 3345/7503. Max active instruction index: 358
2024-11-13 08:42:08 | Simulation update: decoder round 9110, completed instructions: 297/1498, actively running or decoding instructions: 18, waiting windows: 3341/7524. Max active instruction index: 358
2024-11-13 08:42:18 | Simulation update: decoder round 9141, completed instructions: 297/1498, actively running or decoding instructions: 18, waiting windows: 3365/7557. Max active instruction index: 358
2024-11-13 08:42:28 | Simulation update: decoder round 9172, completed instructions: 297/1498, actively running or decoding instructions: 18, waiting windows: 3365/7578. Max active instruction index: 358
2024-11-13 08:42:38 | Simulation update: decoder round 9203, completed instructions: 297/1498, actively running or decoding instructions: 18, waiting windows: 3387/7611. Max active instruction index: 358
2024-11-13 08:42:49 | Simulation update: decoder round 9234, completed instructions: 297/1498, actively running or decoding instructions: 18, waiting windows: 3398/7632. Max active instruction index: 358
2024-11-13 08:42:59 | Simulation update: decoder round 9264, completed instructions: 297/1498, actively running or decoding instructions: 18, waiting windows: 3425/7665. Max active instruction index: 358
2024-11-13 08:43:09 | Simulation update: decoder round 9294, completed instructions: 297/1498, actively running or decoding instructions: 18, waiting windows: 3446/7686. Max active instruction index: 358
2024-11-13 08:43:19 | Simulation update: decoder round 9323, completed instructions: 297/1498, actively running or decoding instructions: 18, waiting windows: 3444/7705. Max active instruction index: 358
2024-11-13 08:43:29 | Simulation update: decoder round 9353, completed instructions: 297/1498, actively running or decoding instructions: 18, waiting windows: 3436/7737. Max active instruction index: 358
2024-11-13 08:43:39 | Simulation update: decoder round 9383, completed instructions: 297/1498, actively running or decoding instructions: 18, waiting windows: 3447/7758. Max active instruction index: 358
2024-11-13 08:43:49 | Simulation update: decoder round 9412, completed instructions: 297/1498, actively running or decoding instructions: 18, waiting windows: 3459/7791. Max active instruction index: 358
2024-11-13 08:43:59 | Simulation update: decoder round 9441, completed instructions: 297/1498, actively running or decoding instructions: 18, waiting windows: 3480/7812. Max active instruction index: 358
2024-11-13 08:44:09 | Simulation update: decoder round 9470, completed instructions: 297/1498, actively running or decoding instructions: 18, waiting windows: 3499/7831. Max active instruction index: 358
2024-11-13 08:44:20 | Simulation update: decoder round 9499, completed instructions: 297/1498, actively running or decoding instructions: 18, waiting windows: 3501/7863. Max active instruction index: 358
2024-11-13 08:44:30 | Simulation update: decoder round 9528, completed instructions: 297/1498, actively running or decoding instructions: 18, waiting windows: 3508/7884. Max active instruction index: 358
2024-11-13 08:44:40 | Simulation update: decoder round 9557, completed instructions: 297/1498, actively running or decoding instructions: 18, waiting windows: 3532/7914. Max active instruction index: 358
2024-11-13 08:44:50 | Simulation update: decoder round 9585, completed instructions: 297/1498, actively running or decoding instructions: 18, waiting windows: 3544/7938. Max active instruction index: 358
2024-11-13 08:45:01 | Simulation update: decoder round 9614, completed instructions: 297/1498, actively running or decoding instructions: 18, waiting windows: 3539/7956. Max active instruction index: 358
2024-11-13 08:45:11 | Simulation update: decoder round 9642, completed instructions: 297/1498, actively running or decoding instructions: 18, waiting windows: 3570/7989. Max active instruction index: 358
2024-11-13 08:45:21 | Simulation update: decoder round 9670, completed instructions: 297/1498, actively running or decoding instructions: 18, waiting windows: 3577/8010. Max active instruction index: 358
2024-11-13 08:45:31 | Simulation update: decoder round 9698, completed instructions: 297/1498, actively running or decoding instructions: 18, waiting windows: 3593/8028. Max active instruction index: 358
2024-11-13 08:45:41 | Simulation update: decoder round 9726, completed instructions: 297/1498, actively running or decoding instructions: 18, waiting windows: 3623/8061. Max active instruction index: 358
2024-11-13 08:45:52 | Simulation update: decoder round 9753, completed instructions: 297/1498, actively running or decoding instructions: 18, waiting windows: 3604/8082. Max active instruction index: 358
2024-11-13 08:46:02 | Simulation update: decoder round 9780, completed instructions: 297/1498, actively running or decoding instructions: 18, waiting windows: 3616/8100. Max active instruction index: 358
2024-11-13 08:46:12 | Simulation update: decoder round 9807, completed instructions: 297/1498, actively running or decoding instructions: 17, waiting windows: 3633/8120. Max active instruction index: 358
2024-11-13 08:46:22 | Simulation update: decoder round 9834, completed instructions: 297/1498, actively running or decoding instructions: 17, waiting windows: 3655/8151. Max active instruction index: 358
2024-11-13 08:46:32 | Simulation update: decoder round 9861, completed instructions: 297/1498, actively running or decoding instructions: 17, waiting windows: 3676/8172. Max active instruction index: 358
2024-11-13 08:46:42 | Simulation update: decoder round 9887, completed instructions: 297/1498, actively running or decoding instructions: 17, waiting windows: 3695/8190. Max active instruction index: 358
2024-11-13 08:46:53 | Simulation update: decoder round 9913, completed instructions: 297/1498, actively running or decoding instructions: 17, waiting windows: 3712/8220. Max active instruction index: 358
2024-11-13 08:47:03 | Simulation update: decoder round 9939, completed instructions: 297/1498, actively running or decoding instructions: 17, waiting windows: 3701/8241. Max active instruction index: 358
2024-11-13 08:47:13 | Simulation update: decoder round 9965, completed instructions: 297/1498, actively running or decoding instructions: 17, waiting windows: 3700/8262. Max active instruction index: 358
2024-11-13 08:47:23 | Simulation update: decoder round 9991, completed instructions: 297/1498, actively running or decoding instructions: 17, waiting windows: 3717/8280. Max active instruction index: 358
2024-11-13 08:47:33 | Simulation update: decoder round 10017, completed instructions: 297/1498, actively running or decoding instructions: 17, waiting windows: 3712/8300. Max active instruction index: 358
2024-11-13 08:47:44 | Simulation update: decoder round 10043, completed instructions: 297/1498, actively running or decoding instructions: 17, waiting windows: 3734/8331. Max active instruction index: 358
2024-11-13 08:47:54 | Simulation update: decoder round 10069, completed instructions: 297/1498, actively running or decoding instructions: 17, waiting windows: 3735/8352. Max active instruction index: 358
2024-11-13 08:48:04 | Simulation update: decoder round 10095, completed instructions: 297/1498, actively running or decoding instructions: 17, waiting windows: 3749/8370. Max active instruction index: 358
2024-11-13 08:48:14 | Simulation update: decoder round 10120, completed instructions: 297/1498, actively running or decoding instructions: 17, waiting windows: 3767/8389. Max active instruction index: 358
2024-11-13 08:48:25 | Simulation update: decoder round 10145, completed instructions: 297/1498, actively running or decoding instructions: 17, waiting windows: 3796/8418. Max active instruction index: 358
2024-11-13 08:48:35 | Simulation update: decoder round 10170, completed instructions: 297/1498, actively running or decoding instructions: 17, waiting windows: 3773/8439. Max active instruction index: 358
2024-11-13 08:48:45 | Simulation update: decoder round 10195, completed instructions: 297/1498, actively running or decoding instructions: 17, waiting windows: 3784/8460. Max active instruction index: 358
2024-11-13 08:48:55 | Simulation update: decoder round 10220, completed instructions: 297/1498, actively running or decoding instructions: 17, waiting windows: 3797/8478. Max active instruction index: 358
2024-11-13 08:49:06 | Simulation update: decoder round 10245, completed instructions: 297/1498, actively running or decoding instructions: 17, waiting windows: 3815/8496. Max active instruction index: 358
2024-11-13 08:49:16 | Simulation update: decoder round 10270, completed instructions: 297/1498, actively running or decoding instructions: 17, waiting windows: 3837/8526. Max active instruction index: 358
2024-11-13 08:49:26 | Simulation update: decoder round 10294, completed instructions: 297/1498, actively running or decoding instructions: 17, waiting windows: 3862/8547. Max active instruction index: 358
2024-11-13 08:49:36 | Simulation update: decoder round 10318, completed instructions: 297/1498, actively running or decoding instructions: 17, waiting windows: 3880/8565. Max active instruction index: 358
2024-11-13 08:49:46 | Simulation update: decoder round 10342, completed instructions: 297/1498, actively running or decoding instructions: 17, waiting windows: 3880/8586. Max active instruction index: 358
2024-11-13 08:49:56 | Simulation update: decoder round 10366, completed instructions: 297/1498, actively running or decoding instructions: 17, waiting windows: 3869/8604. Max active instruction index: 358
2024-11-13 08:50:07 | Simulation update: decoder round 10390, completed instructions: 297/1498, actively running or decoding instructions: 15, waiting windows: 3880/8622. Max active instruction index: 358
2024-11-13 08:50:17 | Simulation update: decoder round 10414, completed instructions: 297/1498, actively running or decoding instructions: 15, waiting windows: 3898/8641. Max active instruction index: 358
2024-11-13 08:50:27 | Simulation update: decoder round 10438, completed instructions: 297/1498, actively running or decoding instructions: 15, waiting windows: 3913/8670. Max active instruction index: 358
2024-11-13 08:50:38 | Simulation update: decoder round 10462, completed instructions: 297/1498, actively running or decoding instructions: 15, waiting windows: 3895/8691. Max active instruction index: 358
2024-11-13 08:50:48 | Simulation update: decoder round 10486, completed instructions: 297/1498, actively running or decoding instructions: 15, waiting windows: 3911/8709. Max active instruction index: 358
2024-11-13 08:50:58 | Simulation update: decoder round 10510, completed instructions: 297/1498, actively running or decoding instructions: 15, waiting windows: 3925/8730. Max active instruction index: 358
2024-11-13 08:51:08 | Simulation update: decoder round 10533, completed instructions: 297/1498, actively running or decoding instructions: 15, waiting windows: 3942/8748. Max active instruction index: 358
2024-11-13 08:51:18 | Simulation update: decoder round 10556, completed instructions: 297/1498, actively running or decoding instructions: 15, waiting windows: 3960/8766. Max active instruction index: 358
2024-11-13 08:51:29 | Simulation update: decoder round 10579, completed instructions: 297/1498, actively running or decoding instructions: 15, waiting windows: 3966/8784. Max active instruction index: 358
2024-11-13 08:51:39 | Simulation update: decoder round 10602, completed instructions: 297/1498, actively running or decoding instructions: 14, waiting windows: 3939/8802. Max active instruction index: 358
2024-11-13 08:51:49 | Simulation update: decoder round 10625, completed instructions: 297/1498, actively running or decoding instructions: 14, waiting windows: 3932/8821. Max active instruction index: 358
2024-11-13 08:51:59 | Simulation update: decoder round 10648, completed instructions: 297/1498, actively running or decoding instructions: 14, waiting windows: 3959/8850. Max active instruction index: 358
2024-11-13 08:52:09 | Simulation update: decoder round 10671, completed instructions: 297/1498, actively running or decoding instructions: 14, waiting windows: 3975/8871. Max active instruction index: 358
2024-11-13 08:52:20 | Simulation update: decoder round 10694, completed instructions: 297/1498, actively running or decoding instructions: 14, waiting windows: 3993/8889. Max active instruction index: 358
2024-11-13 08:52:30 | Simulation update: decoder round 10717, completed instructions: 297/1498, actively running or decoding instructions: 14, waiting windows: 4008/8907. Max active instruction index: 358
2024-11-13 08:52:40 | Simulation update: decoder round 10739, completed instructions: 297/1498, actively running or decoding instructions: 14, waiting windows: 4026/8925. Max active instruction index: 358
2024-11-13 08:52:50 | Simulation update: decoder round 10761, completed instructions: 297/1498, actively running or decoding instructions: 14, waiting windows: 4037/8946. Max active instruction index: 358
2024-11-13 08:53:01 | Simulation update: decoder round 10783, completed instructions: 297/1498, actively running or decoding instructions: 14, waiting windows: 4050/8964. Max active instruction index: 358
2024-11-13 08:53:11 | Simulation update: decoder round 10805, completed instructions: 297/1498, actively running or decoding instructions: 14, waiting windows: 4063/8982. Max active instruction index: 358
2024-11-13 08:53:21 | Simulation update: decoder round 10827, completed instructions: 298/1498, actively running or decoding instructions: 15, waiting windows: 4081/9000. Max active instruction index: 358
2024-11-13 08:53:31 | Simulation update: decoder round 10849, completed instructions: 310/1498, actively running or decoding instructions: 16, waiting windows: 4061/9023. Max active instruction index: 358
2024-11-13 08:53:42 | Simulation update: decoder round 10871, completed instructions: 313/1498, actively running or decoding instructions: 19, waiting windows: 4081/9053. Max active instruction index: 358
2024-11-13 08:53:52 | Simulation update: decoder round 10893, completed instructions: 326/1498, actively running or decoding instructions: 20, waiting windows: 4079/9085. Max active instruction index: 358
2024-11-13 08:54:02 | Simulation update: decoder round 10915, completed instructions: 329/1498, actively running or decoding instructions: 20, waiting windows: 4083/9106. Max active instruction index: 358
2024-11-13 08:54:12 | Simulation update: decoder round 10937, completed instructions: 329/1498, actively running or decoding instructions: 20, waiting windows: 4098/9125. Max active instruction index: 358
2024-11-13 08:54:23 | Simulation update: decoder round 10959, completed instructions: 329/1498, actively running or decoding instructions: 20, waiting windows: 4115/9144. Max active instruction index: 358
2024-11-13 08:54:33 | Simulation update: decoder round 10981, completed instructions: 329/1498, actively running or decoding instructions: 20, waiting windows: 4135/9164. Max active instruction index: 358
2024-11-13 08:54:43 | Simulation update: decoder round 11002, completed instructions: 329/1498, actively running or decoding instructions: 20, waiting windows: 4154/9183. Max active instruction index: 358
2024-11-13 08:54:53 | Simulation update: decoder round 11023, completed instructions: 329/1498, actively running or decoding instructions: 19, waiting windows: 4148/9202. Max active instruction index: 358
2024-11-13 08:55:03 | Simulation update: decoder round 11044, completed instructions: 329/1498, actively running or decoding instructions: 19, waiting windows: 4157/9221. Max active instruction index: 358
2024-11-13 08:55:13 | Simulation update: decoder round 11065, completed instructions: 329/1498, actively running or decoding instructions: 19, waiting windows: 4174/9240. Max active instruction index: 358
2024-11-13 08:55:23 | Simulation update: decoder round 11086, completed instructions: 329/1498, actively running or decoding instructions: 19, waiting windows: 4193/9259. Max active instruction index: 358
2024-11-13 08:55:34 | Simulation update: decoder round 11107, completed instructions: 329/1498, actively running or decoding instructions: 19, waiting windows: 4200/9278. Max active instruction index: 358
2024-11-13 08:55:44 | Simulation update: decoder round 11128, completed instructions: 329/1498, actively running or decoding instructions: 19, waiting windows: 4216/9297. Max active instruction index: 358
2024-11-13 08:55:54 | Simulation update: decoder round 11149, completed instructions: 329/1498, actively running or decoding instructions: 19, waiting windows: 4227/9316. Max active instruction index: 358
2024-11-13 08:56:05 | Simulation update: decoder round 11170, completed instructions: 329/1498, actively running or decoding instructions: 19, waiting windows: 4246/9335. Max active instruction index: 358
2024-11-13 08:56:15 | Simulation update: decoder round 11191, completed instructions: 329/1498, actively running or decoding instructions: 19, waiting windows: 4235/9354. Max active instruction index: 358
2024-11-13 08:56:26 | Simulation update: decoder round 11212, completed instructions: 329/1498, actively running or decoding instructions: 19, waiting windows: 4252/9373. Max active instruction index: 358
2024-11-13 08:56:36 | Simulation update: decoder round 11232, completed instructions: 329/1498, actively running or decoding instructions: 19, waiting windows: 4265/9391. Max active instruction index: 358
2024-11-13 08:56:46 | Simulation update: decoder round 11252, completed instructions: 329/1498, actively running or decoding instructions: 19, waiting windows: 4284/9410. Max active instruction index: 358
2024-11-13 08:56:56 | Simulation update: decoder round 11272, completed instructions: 329/1498, actively running or decoding instructions: 19, waiting windows: 4296/9429. Max active instruction index: 358
2024-11-13 08:57:06 | Simulation update: decoder round 11292, completed instructions: 329/1498, actively running or decoding instructions: 19, waiting windows: 4302/9448. Max active instruction index: 358
2024-11-13 08:57:17 | Simulation update: decoder round 11312, completed instructions: 329/1498, actively running or decoding instructions: 19, waiting windows: 4296/9467. Max active instruction index: 358
2024-11-13 08:57:27 | Simulation update: decoder round 11332, completed instructions: 329/1498, actively running or decoding instructions: 19, waiting windows: 4286/9484. Max active instruction index: 358
2024-11-13 08:57:37 | Simulation update: decoder round 11352, completed instructions: 329/1498, actively running or decoding instructions: 19, waiting windows: 4300/9503. Max active instruction index: 358
2024-11-13 08:57:47 | Simulation update: decoder round 11372, completed instructions: 329/1498, actively running or decoding instructions: 19, waiting windows: 4316/9522. Max active instruction index: 358
2024-11-13 08:57:58 | Simulation update: decoder round 11392, completed instructions: 329/1498, actively running or decoding instructions: 19, waiting windows: 4334/9541. Max active instruction index: 358
2024-11-13 08:58:08 | Simulation update: decoder round 11412, completed instructions: 329/1498, actively running or decoding instructions: 19, waiting windows: 4352/9560. Max active instruction index: 358
2024-11-13 08:58:18 | Simulation update: decoder round 11431, completed instructions: 329/1498, actively running or decoding instructions: 19, waiting windows: 4299/9576. Max active instruction index: 358
2024-11-13 08:58:29 | Simulation update: decoder round 11451, completed instructions: 329/1498, actively running or decoding instructions: 19, waiting windows: 4305/9595. Max active instruction index: 358
2024-11-13 08:58:39 | Simulation update: decoder round 11471, completed instructions: 329/1498, actively running or decoding instructions: 19, waiting windows: 4315/9614. Max active instruction index: 358
2024-11-13 08:58:49 | Simulation update: decoder round 11491, completed instructions: 329/1498, actively running or decoding instructions: 19, waiting windows: 4329/9632. Max active instruction index: 358
2024-11-13 08:59:00 | Simulation update: decoder round 11511, completed instructions: 329/1498, actively running or decoding instructions: 19, waiting windows: 4346/9651. Max active instruction index: 358
2024-11-13 08:59:10 | Simulation update: decoder round 11530, completed instructions: 329/1498, actively running or decoding instructions: 19, waiting windows: 4354/9669. Max active instruction index: 358
2024-11-13 08:59:20 | Simulation update: decoder round 11549, completed instructions: 329/1498, actively running or decoding instructions: 18, waiting windows: 4359/9677. Max active instruction index: 358
2024-11-13 08:59:30 | Simulation update: decoder round 11568, completed instructions: 329/1498, actively running or decoding instructions: 18, waiting windows: 4373/9695. Max active instruction index: 358
2024-11-13 08:59:40 | Simulation update: decoder round 11587, completed instructions: 329/1498, actively running or decoding instructions: 18, waiting windows: 4391/9714. Max active instruction index: 358
2024-11-13 08:59:51 | Simulation update: decoder round 11606, completed instructions: 329/1498, actively running or decoding instructions: 18, waiting windows: 4390/9733. Max active instruction index: 358
2024-11-13 09:00:01 | Simulation update: decoder round 11625, completed instructions: 329/1498, actively running or decoding instructions: 18, waiting windows: 4400/9750. Max active instruction index: 358
2024-11-13 09:00:11 | Simulation update: decoder round 11644, completed instructions: 329/1498, actively running or decoding instructions: 18, waiting windows: 4406/9769. Max active instruction index: 358
2024-11-13 09:00:22 | Simulation update: decoder round 11663, completed instructions: 329/1498, actively running or decoding instructions: 18, waiting windows: 4419/9785. Max active instruction index: 358
2024-11-13 09:00:32 | Simulation update: decoder round 11682, completed instructions: 329/1498, actively running or decoding instructions: 18, waiting windows: 4431/9804. Max active instruction index: 358
2024-11-13 09:00:43 | Simulation update: decoder round 11701, completed instructions: 329/1498, actively running or decoding instructions: 18, waiting windows: 4441/9822. Max active instruction index: 358
2024-11-13 09:00:53 | Simulation update: decoder round 11720, completed instructions: 329/1498, actively running or decoding instructions: 18, waiting windows: 4455/9840. Max active instruction index: 358
2024-11-13 09:01:04 | Simulation update: decoder round 11739, completed instructions: 329/1498, actively running or decoding instructions: 18, waiting windows: 4444/9849. Max active instruction index: 358
2024-11-13 09:01:14 | Simulation update: decoder round 11757, completed instructions: 329/1498, actively running or decoding instructions: 18, waiting windows: 4446/9866. Max active instruction index: 358
2024-11-13 09:01:24 | Simulation update: decoder round 11776, completed instructions: 329/1498, actively running or decoding instructions: 18, waiting windows: 4460/9885. Max active instruction index: 358
2024-11-13 09:01:34 | Simulation update: decoder round 11794, completed instructions: 329/1498, actively running or decoding instructions: 18, waiting windows: 4475/9902. Max active instruction index: 358
2024-11-13 09:01:44 | Simulation update: decoder round 11812, completed instructions: 329/1498, actively running or decoding instructions: 18, waiting windows: 4493/9921. Max active instruction index: 358
2024-11-13 09:01:55 | Simulation update: decoder round 11830, completed instructions: 329/1498, actively running or decoding instructions: 18, waiting windows: 4508/9937. Max active instruction index: 358
2024-11-13 09:02:05 | Simulation update: decoder round 11848, completed instructions: 329/1498, actively running or decoding instructions: 18, waiting windows: 4507/9955. Max active instruction index: 358
2024-11-13 09:02:15 | Simulation update: decoder round 11866, completed instructions: 329/1498, actively running or decoding instructions: 18, waiting windows: 4518/9973. Max active instruction index: 358
2024-11-13 09:02:25 | Simulation update: decoder round 11884, completed instructions: 329/1498, actively running or decoding instructions: 18, waiting windows: 4518/9981. Max active instruction index: 358
2024-11-13 09:02:36 | Simulation update: decoder round 11902, completed instructions: 329/1498, actively running or decoding instructions: 18, waiting windows: 4536/9999. Max active instruction index: 358
2024-11-13 09:02:46 | Simulation update: decoder round 11920, completed instructions: 329/1498, actively running or decoding instructions: 18, waiting windows: 4555/10016. Max active instruction index: 358
2024-11-13 09:02:57 | Simulation update: decoder round 11938, completed instructions: 329/1498, actively running or decoding instructions: 18, waiting windows: 4570/10035. Max active instruction index: 358
2024-11-13 09:03:07 | Simulation update: decoder round 11956, completed instructions: 329/1498, actively running or decoding instructions: 18, waiting windows: 4586/10051. Max active instruction index: 358
2024-11-13 09:03:17 | Simulation update: decoder round 11974, completed instructions: 329/1498, actively running or decoding instructions: 18, waiting windows: 4603/10069. Max active instruction index: 358
2024-11-13 09:03:27 | Simulation update: decoder round 11991, completed instructions: 329/1498, actively running or decoding instructions: 18, waiting windows: 4611/10077. Max active instruction index: 358
2024-11-13 09:03:38 | Simulation update: decoder round 12008, completed instructions: 329/1498, actively running or decoding instructions: 18, waiting windows: 4628/10094. Max active instruction index: 358
2024-11-13 09:03:48 | Simulation update: decoder round 12025, completed instructions: 329/1498, actively running or decoding instructions: 18, waiting windows: 4637/10111. Max active instruction index: 358
2024-11-13 09:03:58 | Simulation update: decoder round 12042, completed instructions: 329/1498, actively running or decoding instructions: 18, waiting windows: 4620/10130. Max active instruction index: 358
2024-11-13 09:04:08 | Simulation update: decoder round 12059, completed instructions: 329/1498, actively running or decoding instructions: 18, waiting windows: 4634/10146. Max active instruction index: 358
2024-11-13 09:04:18 | Simulation update: decoder round 12076, completed instructions: 329/1498, actively running or decoding instructions: 18, waiting windows: 4644/10163. Max active instruction index: 358
2024-11-13 09:04:28 | Simulation update: decoder round 12093, completed instructions: 329/1498, actively running or decoding instructions: 18, waiting windows: 4651/10170. Max active instruction index: 358
2024-11-13 09:04:39 | Simulation update: decoder round 12110, completed instructions: 329/1498, actively running or decoding instructions: 18, waiting windows: 4667/10189. Max active instruction index: 358
2024-11-13 09:04:49 | Simulation update: decoder round 12127, completed instructions: 329/1498, actively running or decoding instructions: 18, waiting windows: 4679/10206. Max active instruction index: 358
2024-11-13 09:04:59 | Simulation update: decoder round 12144, completed instructions: 329/1498, actively running or decoding instructions: 18, waiting windows: 4669/10222. Max active instruction index: 358
2024-11-13 09:05:09 | Simulation update: decoder round 12161, completed instructions: 329/1498, actively running or decoding instructions: 18, waiting windows: 4686/10239. Max active instruction index: 358
2024-11-13 09:05:20 | Simulation update: decoder round 12178, completed instructions: 329/1498, actively running or decoding instructions: 18, waiting windows: 4691/10247. Max active instruction index: 358
2024-11-13 09:05:30 | Simulation update: decoder round 12195, completed instructions: 329/1498, actively running or decoding instructions: 18, waiting windows: 4703/10265. Max active instruction index: 358
2024-11-13 09:05:40 | Simulation update: decoder round 12212, completed instructions: 329/1498, actively running or decoding instructions: 17, waiting windows: 4719/10282. Max active instruction index: 358
2024-11-13 09:05:51 | Simulation update: decoder round 12229, completed instructions: 329/1498, actively running or decoding instructions: 17, waiting windows: 4733/10298. Max active instruction index: 358
2024-11-13 09:06:01 | Simulation update: decoder round 12246, completed instructions: 329/1498, actively running or decoding instructions: 17, waiting windows: 4751/10316. Max active instruction index: 358
2024-11-13 09:06:12 | Simulation update: decoder round 12263, completed instructions: 329/1498, actively running or decoding instructions: 17, waiting windows: 4758/10323. Max active instruction index: 358
2024-11-13 09:06:22 | Simulation update: decoder round 12279, completed instructions: 329/1498, actively running or decoding instructions: 17, waiting windows: 4750/10341. Max active instruction index: 358
2024-11-13 09:06:32 | Simulation update: decoder round 12295, completed instructions: 329/1498, actively running or decoding instructions: 17, waiting windows: 4765/10358. Max active instruction index: 358
2024-11-13 09:06:42 | Simulation update: decoder round 12311, completed instructions: 329/1498, actively running or decoding instructions: 17, waiting windows: 4776/10374. Max active instruction index: 358
2024-11-13 09:06:52 | Simulation update: decoder round 12327, completed instructions: 329/1498, actively running or decoding instructions: 17, waiting windows: 4781/10381. Max active instruction index: 358
2024-11-13 09:07:02 | Simulation update: decoder round 12343, completed instructions: 329/1498, actively running or decoding instructions: 17, waiting windows: 4798/10398. Max active instruction index: 358
2024-11-13 09:07:13 | Simulation update: decoder round 12359, completed instructions: 329/1498, actively running or decoding instructions: 17, waiting windows: 4801/10415. Max active instruction index: 358
2024-11-13 09:07:23 | Simulation update: decoder round 12375, completed instructions: 329/1498, actively running or decoding instructions: 17, waiting windows: 4817/10431. Max active instruction index: 358
2024-11-13 09:07:33 | Simulation update: decoder round 12391, completed instructions: 329/1498, actively running or decoding instructions: 17, waiting windows: 4833/10448. Max active instruction index: 358
2024-11-13 09:07:43 | Simulation update: decoder round 12407, completed instructions: 329/1498, actively running or decoding instructions: 17, waiting windows: 4830/10455. Max active instruction index: 358
2024-11-13 09:07:53 | Simulation update: decoder round 12423, completed instructions: 329/1498, actively running or decoding instructions: 17, waiting windows: 4847/10472. Max active instruction index: 358
2024-11-13 09:08:04 | Simulation update: decoder round 12439, completed instructions: 329/1498, actively running or decoding instructions: 17, waiting windows: 4844/10488. Max active instruction index: 358
2024-11-13 09:08:14 | Simulation update: decoder round 12455, completed instructions: 329/1498, actively running or decoding instructions: 17, waiting windows: 4860/10505. Max active instruction index: 358
2024-11-13 09:08:24 | Simulation update: decoder round 12471, completed instructions: 329/1498, actively running or decoding instructions: 17, waiting windows: 4835/10512. Max active instruction index: 358
2024-11-13 09:08:34 | Simulation update: decoder round 12487, completed instructions: 329/1498, actively running or decoding instructions: 17, waiting windows: 4826/10529. Max active instruction index: 358
2024-11-13 09:08:45 | Simulation update: decoder round 12503, completed instructions: 329/1498, actively running or decoding instructions: 17, waiting windows: 4840/10545. Max active instruction index: 358
2024-11-13 09:08:55 | Simulation update: decoder round 12519, completed instructions: 329/1498, actively running or decoding instructions: 16, waiting windows: 4856/10563. Max active instruction index: 358
2024-11-13 09:09:05 | Simulation update: decoder round 12535, completed instructions: 329/1498, actively running or decoding instructions: 16, waiting windows: 4862/10570. Max active instruction index: 358
2024-11-13 09:09:16 | Simulation update: decoder round 12551, completed instructions: 329/1498, actively running or decoding instructions: 16, waiting windows: 4877/10588. Max active instruction index: 358
2024-11-13 09:09:26 | Simulation update: decoder round 12567, completed instructions: 329/1498, actively running or decoding instructions: 16, waiting windows: 4863/10605. Max active instruction index: 358
2024-11-13 09:09:37 | Simulation update: decoder round 12583, completed instructions: 329/1498, actively running or decoding instructions: 16, waiting windows: 4878/10620. Max active instruction index: 358
2024-11-13 09:09:47 | Simulation update: decoder round 12599, completed instructions: 329/1498, actively running or decoding instructions: 16, waiting windows: 4875/10627. Max active instruction index: 358
2024-11-13 09:09:58 | Simulation update: decoder round 12615, completed instructions: 329/1498, actively running or decoding instructions: 16, waiting windows: 4887/10645. Max active instruction index: 358
2024-11-13 09:10:08 | Simulation update: decoder round 12631, completed instructions: 329/1498, actively running or decoding instructions: 16, waiting windows: 4904/10662. Max active instruction index: 358
2024-11-13 09:10:19 | Simulation update: decoder round 12647, completed instructions: 329/1498, actively running or decoding instructions: 16, waiting windows: 4916/10678. Max active instruction index: 358
2024-11-13 09:10:29 | Simulation update: decoder round 12663, completed instructions: 329/1498, actively running or decoding instructions: 16, waiting windows: 4923/10685. Max active instruction index: 358
2024-11-13 09:10:40 | Simulation update: decoder round 12679, completed instructions: 329/1498, actively running or decoding instructions: 16, waiting windows: 4940/10702. Max active instruction index: 358
2024-11-13 09:10:50 | Simulation update: decoder round 12694, completed instructions: 329/1498, actively running or decoding instructions: 16, waiting windows: 4936/10719. Max active instruction index: 358
2024-11-13 09:11:01 | Simulation update: decoder round 12710, completed instructions: 329/1498, actively running or decoding instructions: 16, waiting windows: 4952/10735. Max active instruction index: 358
2024-11-13 09:11:11 | Simulation update: decoder round 12726, completed instructions: 329/1498, actively running or decoding instructions: 16, waiting windows: 4915/10742. Max active instruction index: 358
2024-11-13 09:11:21 | Simulation update: decoder round 12742, completed instructions: 329/1498, actively running or decoding instructions: 16, waiting windows: 4932/10759. Max active instruction index: 358
2024-11-13 09:11:31 | Simulation update: decoder round 12758, completed instructions: 329/1498, actively running or decoding instructions: 16, waiting windows: 4947/10776. Max active instruction index: 358
2024-11-13 09:11:42 | Simulation update: decoder round 12774, completed instructions: 329/1498, actively running or decoding instructions: 16, waiting windows: 4963/10792. Max active instruction index: 358
2024-11-13 09:11:52 | Simulation update: decoder round 12790, completed instructions: 329/1498, actively running or decoding instructions: 16, waiting windows: 4970/10809. Max active instruction index: 358
2024-11-13 09:12:02 | Simulation update: decoder round 12806, completed instructions: 329/1498, actively running or decoding instructions: 16, waiting windows: 4976/10816. Max active instruction index: 358
2024-11-13 09:12:12 | Simulation update: decoder round 12822, completed instructions: 329/1498, actively running or decoding instructions: 16, waiting windows: 4996/10833. Max active instruction index: 358
2024-11-13 09:12:23 | Simulation update: decoder round 12838, completed instructions: 329/1498, actively running or decoding instructions: 16, waiting windows: 5012/10849. Max active instruction index: 358
2024-11-13 09:12:33 | Simulation update: decoder round 12854, completed instructions: 329/1498, actively running or decoding instructions: 16, waiting windows: 5029/10866. Max active instruction index: 358
2024-11-13 09:12:44 | Simulation update: decoder round 12870, completed instructions: 329/1498, actively running or decoding instructions: 16, waiting windows: 5025/10873. Max active instruction index: 358
2024-11-13 09:12:54 | Simulation update: decoder round 12886, completed instructions: 329/1498, actively running or decoding instructions: 16, waiting windows: 4988/10890. Max active instruction index: 358
2024-11-13 09:13:04 | Simulation update: decoder round 12902, completed instructions: 329/1498, actively running or decoding instructions: 16, waiting windows: 5000/10906. Max active instruction index: 358
2024-11-13 09:13:15 | Simulation update: decoder round 12918, completed instructions: 329/1498, actively running or decoding instructions: 16, waiting windows: 5016/10924. Max active instruction index: 358
2024-11-13 09:13:25 | Simulation update: decoder round 12934, completed instructions: 329/1498, actively running or decoding instructions: 16, waiting windows: 5023/10931. Max active instruction index: 358
2024-11-13 09:13:36 | Simulation update: decoder round 12950, completed instructions: 329/1498, actively running or decoding instructions: 16, waiting windows: 5037/10949. Max active instruction index: 358
