CONFIG 1197
benchmark_file: slurm/data/20241113_081402/benchmarks/qrom_15_15.lss
decoder_latency_or_dist_filename: lambda volume: volume*3.593813663804626
distance: 21
lightweight_setting: 1
max_parallel_processes: None
missed_speculation_modifier: 5.0
poison_policy: descendants
rng: 19
scheduling_method: sliding
speculation_accuracy: 0.9
speculation_latency: 1
speculation_mode: separate
2024-11-13 08:24:27 | Loading benchmark slurm/data/20241113_081402/benchmarks/qrom_15_15.lss...
2024-11-13 08:24:27 | Starting simulation
2024-11-13 08:24:27 | Simulation update: decoder round 1, completed instructions: 0/1498, actively running or decoding instructions: 10, waiting windows: 0/0. Max active instruction index: 66
2024-11-13 08:24:37 | Simulation update: decoder round 2357, completed instructions: 517/1498, actively running or decoding instructions: 43, waiting windows: 302/2298. Max active instruction index: 522
2024-11-13 08:24:47 | Simulation update: decoder round 4996, completed instructions: 1078/1498, actively running or decoding instructions: 12, waiting windows: 131/4529. Max active instruction index: 1063
2024-11-13 08:24:51 | Finished simulation
2024-11-13 08:24:51 | Finished saving output. Done! Total elapsed time: 0:00:23.837555
