CONFIG 1599
benchmark_file: slurm/data/20241113_081402/benchmarks/qrom_15_15.lss
decoder_latency_or_dist_filename: lambda volume: volume*10.0
distance: 21
lightweight_setting: 1
max_parallel_processes: None
missed_speculation_modifier: 1.4
poison_policy: descendants
rng: 6
scheduling_method: parallel
speculation_accuracy: 0.9
speculation_latency: 1
speculation_mode: separate
2024-11-13 08:24:59 | Loading benchmark slurm/data/20241113_081402/benchmarks/qrom_15_15.lss...
2024-11-13 08:24:59 | Starting simulation
2024-11-13 08:24:59 | Simulation update: decoder round 1, completed instructions: 0/1498, actively running or decoding instructions: 10, waiting windows: 0/0. Max active instruction index: 66
2024-11-13 08:25:09 | Simulation update: decoder round 2734, completed instructions: 296/1498, actively running or decoding instructions: 20, waiting windows: 1422/2377. Max active instruction index: 358
2024-11-13 08:25:19 | Simulation update: decoder round 5511, completed instructions: 714/1498, actively running or decoding instructions: 12, waiting windows: 2514/4929. Max active instruction index: 701
2024-11-13 08:25:29 | Simulation update: decoder round 11119, completed instructions: 1438/1498, actively running or decoding instructions: 12, waiting windows: 3672/7945. Max active instruction index: 1429
2024-11-13 08:25:29 | Finished simulation
2024-11-13 08:25:29 | Finished saving output. Done! Total elapsed time: 0:00:30.693207
