CONFIG 1809
benchmark_file: slurm/data/20241113_081402/benchmarks/qrom_15_15.lss
decoder_latency_or_dist_filename: lambda volume: volume*10.0
distance: 21
lightweight_setting: 1
max_parallel_processes: None
missed_speculation_modifier: 1.4
poison_policy: successors
rng: 10
scheduling_method: parallel
speculation_accuracy: 0.9
speculation_latency: 1
speculation_mode: separate
2024-11-13 08:34:21 | Loading benchmark slurm/data/20241113_081402/benchmarks/qrom_15_15.lss...
2024-11-13 08:34:22 | Starting simulation
2024-11-13 08:34:22 | Simulation update: decoder round 1, completed instructions: 0/1498, actively running or decoding instructions: 10, waiting windows: 0/0. Max active instruction index: 66
2024-11-13 08:34:32 | Simulation update: decoder round 2822, completed instructions: 223/1498, actively running or decoding instructions: 14, waiting windows: 1434/2385. Max active instruction index: 214
2024-11-13 08:34:42 | Simulation update: decoder round 5563, completed instructions: 517/1498, actively running or decoding instructions: 50, waiting windows: 2706/4883. Max active instruction index: 522
2024-11-13 08:34:52 | Simulation update: decoder round 9139, completed instructions: 1055/1498, actively running or decoding instructions: 31, waiting windows: 3848/7694. Max active instruction index: 1082
2024-11-13 08:34:58 | Finished simulation
2024-11-13 08:34:59 | Finished saving output. Done! Total elapsed time: 0:00:37.147199
