CONFIG 188
benchmark_file: slurm/data/20241113_081402/benchmarks/qrom_15_15.lss
decoder_latency_or_dist_filename: lambda volume: volume*5.994842503189409
distance: 21
lightweight_setting: 1
max_parallel_processes: None
missed_speculation_modifier: 1.4
poison_policy: successors
rng: 3
scheduling_method: sliding
speculation_accuracy: 0.9
speculation_latency: 1
speculation_mode: separate
2024-11-13 08:14:20 | Loading benchmark slurm/data/20241113_081402/benchmarks/qrom_15_15.lss...
2024-11-13 08:14:20 | Starting simulation
2024-11-13 08:14:20 | Simulation update: decoder round 1, completed instructions: 0/1498, actively running or decoding instructions: 10, waiting windows: 0/0. Max active instruction index: 66
2024-11-13 08:14:30 | Simulation update: decoder round 2180, completed instructions: 296/1498, actively running or decoding instructions: 14, waiting windows: 259/1942. Max active instruction index: 358
2024-11-13 08:14:40 | Simulation update: decoder round 4438, completed instructions: 799/1498, actively running or decoding instructions: 19, waiting windows: 230/4100. Max active instruction index: 801
2024-11-13 08:14:50 | Finished simulation
2024-11-13 08:14:50 | Finished saving output. Done! Total elapsed time: 0:00:29.991431
