CONFIG 218
benchmark_file: slurm/data/20241113_081402/benchmarks/qrom_15_15.lss
decoder_latency_or_dist_filename: lambda volume: volume*5.994842503189409
distance: 21
lightweight_setting: 1
max_parallel_processes: None
missed_speculation_modifier: 1.4
poison_policy: descendants
rng: 3
scheduling_method: sliding
speculation_accuracy: 0.9
speculation_latency: 1
speculation_mode: separate
2024-11-13 08:14:38 | Loading benchmark slurm/data/20241113_081402/benchmarks/qrom_15_15.lss...
2024-11-13 08:14:38 | Starting simulation
2024-11-13 08:14:38 | Simulation update: decoder round 1, completed instructions: 0/1498, actively running or decoding instructions: 10, waiting windows: 0/0. Max active instruction index: 66
2024-11-13 08:14:48 | Simulation update: decoder round 1622, completed instructions: 164/1498, actively running or decoding instructions: 2, waiting windows: 516/1378. Max active instruction index: 132
2024-11-13 08:14:58 | Simulation update: decoder round 2307, completed instructions: 223/1498, actively running or decoding instructions: 14, waiting windows: 714/1948. Max active instruction index: 214
2024-11-13 08:15:08 | Simulation update: decoder round 2860, completed instructions: 237/1498, actively running or decoding instructions: 15, waiting windows: 653/2389. Max active instruction index: 248
2024-11-13 08:15:18 | Simulation update: decoder round 3384, completed instructions: 296/1498, actively running or decoding instructions: 13, waiting windows: 773/2887. Max active instruction index: 358
2024-11-13 08:15:28 | Simulation update: decoder round 3858, completed instructions: 298/1498, actively running or decoding instructions: 10, waiting windows: 756/3285. Max active instruction index: 358
2024-11-13 08:15:38 | Simulation update: decoder round 4288, completed instructions: 298/1498, actively running or decoding instructions: 10, waiting windows: 863/3661. Max active instruction index: 358
2024-11-13 08:15:48 | Simulation update: decoder round 4655, completed instructions: 393/1498, actively running or decoding instructions: 25, waiting windows: 993/4059. Max active instruction index: 405
2024-11-13 08:15:58 | Simulation update: decoder round 4991, completed instructions: 517/1498, actively running or decoding instructions: 49, waiting windows: 1008/4422. Max active instruction index: 522
2024-11-13 08:16:08 | Simulation update: decoder round 5310, completed instructions: 517/1498, actively running or decoding instructions: 47, waiting windows: 1017/4677. Max active instruction index: 522
2024-11-13 08:16:18 | Simulation update: decoder round 5604, completed instructions: 554/1498, actively running or decoding instructions: 47, waiting windows: 1145/4962. Max active instruction index: 598
2024-11-13 08:16:28 | Simulation update: decoder round 5871, completed instructions: 555/1498, actively running or decoding instructions: 35, waiting windows: 1187/5207. Max active instruction index: 598
2024-11-13 08:16:38 | Simulation update: decoder round 6122, completed instructions: 556/1498, actively running or decoding instructions: 29, waiting windows: 1206/5435. Max active instruction index: 598
2024-11-13 08:16:48 | Simulation update: decoder round 6362, completed instructions: 559/1498, actively running or decoding instructions: 24, waiting windows: 1188/5647. Max active instruction index: 598
2024-11-13 08:16:58 | Simulation update: decoder round 6596, completed instructions: 562/1498, actively running or decoding instructions: 20, waiting windows: 1177/5857. Max active instruction index: 606
2024-11-13 08:17:08 | Simulation update: decoder round 6820, completed instructions: 562/1498, actively running or decoding instructions: 16, waiting windows: 1157/6028. Max active instruction index: 606
2024-11-13 08:17:18 | Simulation update: decoder round 7042, completed instructions: 562/1498, actively running or decoding instructions: 12, waiting windows: 1133/6214. Max active instruction index: 606
2024-11-13 08:17:28 | Simulation update: decoder round 7276, completed instructions: 562/1498, actively running or decoding instructions: 9, waiting windows: 1105/6401. Max active instruction index: 606
2024-11-13 08:17:38 | Simulation update: decoder round 7498, completed instructions: 635/1498, actively running or decoding instructions: 23, waiting windows: 1240/6650. Max active instruction index: 652
2024-11-13 08:17:48 | Simulation update: decoder round 7691, completed instructions: 710/1498, actively running or decoding instructions: 35, waiting windows: 1329/6857. Max active instruction index: 701
2024-11-13 08:17:58 | Simulation update: decoder round 7876, completed instructions: 710/1498, actively running or decoding instructions: 34, waiting windows: 1330/6983. Max active instruction index: 701
2024-11-13 08:18:08 | Simulation update: decoder round 8049, completed instructions: 710/1498, actively running or decoding instructions: 30, waiting windows: 1315/7112. Max active instruction index: 701
2024-11-13 08:18:18 | Simulation update: decoder round 8218, completed instructions: 711/1498, actively running or decoding instructions: 19, waiting windows: 1273/7232. Max active instruction index: 693
2024-11-13 08:18:28 | Simulation update: decoder round 8391, completed instructions: 712/1498, actively running or decoding instructions: 16, waiting windows: 1273/7352. Max active instruction index: 698
2024-11-13 08:18:38 | Simulation update: decoder round 8559, completed instructions: 811/1498, actively running or decoding instructions: 35, waiting windows: 1355/7559. Max active instruction index: 803
2024-11-13 08:18:48 | Simulation update: decoder round 8715, completed instructions: 915/1498, actively running or decoding instructions: 53, waiting windows: 1449/7741. Max active instruction index: 896
2024-11-13 08:18:58 | Simulation update: decoder round 8865, completed instructions: 915/1498, actively running or decoding instructions: 52, waiting windows: 1404/7837. Max active instruction index: 896
2024-11-13 08:19:08 | Simulation update: decoder round 9019, completed instructions: 915/1498, actively running or decoding instructions: 42, waiting windows: 1326/7930. Max active instruction index: 896
2024-11-13 08:19:18 | Simulation update: decoder round 9173, completed instructions: 918/1498, actively running or decoding instructions: 41, waiting windows: 1298/8026. Max active instruction index: 896
2024-11-13 08:19:28 | Simulation update: decoder round 9332, completed instructions: 919/1498, actively running or decoding instructions: 38, waiting windows: 1265/8115. Max active instruction index: 920
2024-11-13 08:19:38 | Simulation update: decoder round 9492, completed instructions: 919/1498, actively running or decoding instructions: 38, waiting windows: 1206/8206. Max active instruction index: 920
2024-11-13 08:19:48 | Simulation update: decoder round 9656, completed instructions: 919/1498, actively running or decoding instructions: 31, waiting windows: 1208/8302. Max active instruction index: 920
2024-11-13 08:19:58 | Simulation update: decoder round 9821, completed instructions: 920/1498, actively running or decoding instructions: 25, waiting windows: 1139/8392. Max active instruction index: 896
2024-11-13 08:20:08 | Simulation update: decoder round 9996, completed instructions: 920/1498, actively running or decoding instructions: 23, waiting windows: 1147/8494. Max active instruction index: 896
2024-11-13 08:20:18 | Simulation update: decoder round 10165, completed instructions: 920/1498, actively running or decoding instructions: 23, waiting windows: 1162/8594. Max active instruction index: 896
2024-11-13 08:20:29 | Simulation update: decoder round 10342, completed instructions: 920/1498, actively running or decoding instructions: 19, waiting windows: 1084/8692. Max active instruction index: 896
2024-11-13 08:20:39 | Simulation update: decoder round 10519, completed instructions: 921/1498, actively running or decoding instructions: 18, waiting windows: 1094/8794. Max active instruction index: 896
2024-11-13 08:20:49 | Simulation update: decoder round 10691, completed instructions: 922/1498, actively running or decoding instructions: 17, waiting windows: 1089/8895. Max active instruction index: 918
2024-11-13 08:20:59 | Simulation update: decoder round 10864, completed instructions: 922/1498, actively running or decoding instructions: 17, waiting windows: 1092/8991. Max active instruction index: 918
2024-11-13 08:21:09 | Simulation update: decoder round 11034, completed instructions: 974/1498, actively running or decoding instructions: 23, waiting windows: 1164/9141. Max active instruction index: 1082
2024-11-13 08:21:19 | Simulation update: decoder round 11198, completed instructions: 1048/1498, actively running or decoding instructions: 34, waiting windows: 1233/9291. Max active instruction index: 1082
2024-11-13 08:21:29 | Simulation update: decoder round 11356, completed instructions: 1055/1498, actively running or decoding instructions: 33, waiting windows: 1174/9378. Max active instruction index: 1082
2024-11-13 08:21:39 | Simulation update: decoder round 11512, completed instructions: 1055/1498, actively running or decoding instructions: 31, waiting windows: 1156/9462. Max active instruction index: 1082
2024-11-13 08:21:49 | Simulation update: decoder round 11672, completed instructions: 1055/1498, actively running or decoding instructions: 25, waiting windows: 1126/9543. Max active instruction index: 1082
2024-11-13 08:21:59 | Simulation update: decoder round 11832, completed instructions: 1056/1498, actively running or decoding instructions: 23, waiting windows: 1129/9631. Max active instruction index: 1082
2024-11-13 08:22:09 | Simulation update: decoder round 11991, completed instructions: 1056/1498, actively running or decoding instructions: 23, waiting windows: 1130/9711. Max active instruction index: 1082
2024-11-13 08:22:19 | Simulation update: decoder round 12150, completed instructions: 1056/1498, actively running or decoding instructions: 23, waiting windows: 1142/9796. Max active instruction index: 1082
2024-11-13 08:22:29 | Simulation update: decoder round 12304, completed instructions: 1056/1498, actively running or decoding instructions: 23, waiting windows: 1157/9873. Max active instruction index: 1082
2024-11-13 08:22:39 | Simulation update: decoder round 12461, completed instructions: 1056/1498, actively running or decoding instructions: 22, waiting windows: 1146/9960. Max active instruction index: 1018
2024-11-13 08:22:49 | Simulation update: decoder round 12633, completed instructions: 1056/1498, actively running or decoding instructions: 22, waiting windows: 1079/10049. Max active instruction index: 1018
2024-11-13 08:22:59 | Simulation update: decoder round 12817, completed instructions: 1056/1498, actively running or decoding instructions: 19, waiting windows: 1062/10144. Max active instruction index: 1018
2024-11-13 08:23:09 | Simulation update: decoder round 12999, completed instructions: 1078/1498, actively running or decoding instructions: 19, waiting windows: 1073/10264. Max active instruction index: 1063
2024-11-13 08:23:19 | Simulation update: decoder round 13184, completed instructions: 1078/1498, actively running or decoding instructions: 18, waiting windows: 1065/10371. Max active instruction index: 1063
2024-11-13 08:23:29 | Simulation update: decoder round 13363, completed instructions: 1097/1498, actively running or decoding instructions: 22, waiting windows: 1097/10488. Max active instruction index: 1077
2024-11-13 08:23:39 | Simulation update: decoder round 13530, completed instructions: 1180/1498, actively running or decoding instructions: 49, waiting windows: 1146/10624. Max active instruction index: 1205
2024-11-13 08:23:49 | Simulation update: decoder round 13686, completed instructions: 1251/1498, actively running or decoding instructions: 46, waiting windows: 1150/10737. Max active instruction index: 1214
2024-11-13 08:23:59 | Simulation update: decoder round 13842, completed instructions: 1251/1498, actively running or decoding instructions: 45, waiting windows: 1095/10787. Max active instruction index: 1214
2024-11-13 08:24:09 | Simulation update: decoder round 14001, completed instructions: 1251/1498, actively running or decoding instructions: 39, waiting windows: 1043/10842. Max active instruction index: 1214
2024-11-13 08:24:19 | Simulation update: decoder round 14157, completed instructions: 1251/1498, actively running or decoding instructions: 37, waiting windows: 1041/10892. Max active instruction index: 1214
2024-11-13 08:24:29 | Simulation update: decoder round 14309, completed instructions: 1251/1498, actively running or decoding instructions: 35, waiting windows: 1020/10941. Max active instruction index: 1214
2024-11-13 08:24:39 | Simulation update: decoder round 14464, completed instructions: 1251/1498, actively running or decoding instructions: 35, waiting windows: 988/10996. Max active instruction index: 1214
2024-11-13 08:24:49 | Simulation update: decoder round 14621, completed instructions: 1252/1498, actively running or decoding instructions: 32, waiting windows: 983/11046. Max active instruction index: 1214
2024-11-13 08:24:59 | Simulation update: decoder round 14780, completed instructions: 1252/1498, actively running or decoding instructions: 30, waiting windows: 987/11101. Max active instruction index: 1214
2024-11-13 08:25:09 | Simulation update: decoder round 14942, completed instructions: 1252/1498, actively running or decoding instructions: 28, waiting windows: 943/11157. Max active instruction index: 1214
2024-11-13 08:25:19 | Simulation update: decoder round 15108, completed instructions: 1252/1498, actively running or decoding instructions: 28, waiting windows: 952/11213. Max active instruction index: 1214
2024-11-13 08:25:29 | Simulation update: decoder round 15282, completed instructions: 1252/1498, actively running or decoding instructions: 28, waiting windows: 942/11269. Max active instruction index: 1214
2024-11-13 08:25:39 | Simulation update: decoder round 15451, completed instructions: 1252/1498, actively running or decoding instructions: 28, waiting windows: 922/11325. Max active instruction index: 1214
2024-11-13 08:25:49 | Simulation update: decoder round 15623, completed instructions: 1253/1498, actively running or decoding instructions: 21, waiting windows: 932/11381. Max active instruction index: 1214
2024-11-13 08:25:59 | Simulation update: decoder round 15788, completed instructions: 1253/1498, actively running or decoding instructions: 20, waiting windows: 956/11437. Max active instruction index: 1214
2024-11-13 08:26:10 | Simulation update: decoder round 15948, completed instructions: 1253/1498, actively running or decoding instructions: 19, waiting windows: 980/11493. Max active instruction index: 1214
2024-11-13 08:26:20 | Simulation update: decoder round 16102, completed instructions: 1253/1498, actively running or decoding instructions: 17, waiting windows: 979/11542. Max active instruction index: 1214
2024-11-13 08:26:30 | Simulation update: decoder round 16261, completed instructions: 1253/1498, actively running or decoding instructions: 16, waiting windows: 985/11592. Max active instruction index: 1234
2024-11-13 08:26:40 | Simulation update: decoder round 16412, completed instructions: 1254/1498, actively running or decoding instructions: 16, waiting windows: 1007/11647. Max active instruction index: 1234
2024-11-13 08:26:50 | Simulation update: decoder round 16559, completed instructions: 1255/1498, actively running or decoding instructions: 13, waiting windows: 1037/11696. Max active instruction index: 1261
2024-11-13 08:27:00 | Simulation update: decoder round 16703, completed instructions: 1255/1498, actively running or decoding instructions: 13, waiting windows: 1029/11739. Max active instruction index: 1261
2024-11-13 08:27:10 | Simulation update: decoder round 16846, completed instructions: 1255/1498, actively running or decoding instructions: 13, waiting windows: 1046/11788. Max active instruction index: 1261
2024-11-13 08:27:20 | Simulation update: decoder round 16986, completed instructions: 1255/1498, actively running or decoding instructions: 13, waiting windows: 1052/11836. Max active instruction index: 1261
2024-11-13 08:27:30 | Simulation update: decoder round 17125, completed instructions: 1255/1498, actively running or decoding instructions: 13, waiting windows: 1046/11885. Max active instruction index: 1261
2024-11-13 08:27:40 | Simulation update: decoder round 17263, completed instructions: 1269/1498, actively running or decoding instructions: 10, waiting windows: 1040/11942. Max active instruction index: 1261
2024-11-13 08:27:50 | Simulation update: decoder round 17396, completed instructions: 1269/1498, actively running or decoding instructions: 10, waiting windows: 1056/11984. Max active instruction index: 1261
2024-11-13 08:28:00 | Simulation update: decoder round 17531, completed instructions: 1269/1498, actively running or decoding instructions: 10, waiting windows: 1050/12030. Max active instruction index: 1261
2024-11-13 08:28:10 | Simulation update: decoder round 17664, completed instructions: 1269/1498, actively running or decoding instructions: 10, waiting windows: 1043/12075. Max active instruction index: 1261
2024-11-13 08:28:20 | Simulation update: decoder round 17796, completed instructions: 1269/1498, actively running or decoding instructions: 10, waiting windows: 1078/12121. Max active instruction index: 1261
2024-11-13 08:28:30 | Simulation update: decoder round 17923, completed instructions: 1269/1498, actively running or decoding instructions: 10, waiting windows: 1091/12163. Max active instruction index: 1261
2024-11-13 08:28:40 | Simulation update: decoder round 18047, completed instructions: 1269/1498, actively running or decoding instructions: 10, waiting windows: 1114/12201. Max active instruction index: 1261
2024-11-13 08:28:50 | Simulation update: decoder round 18166, completed instructions: 1269/1498, actively running or decoding instructions: 10, waiting windows: 1115/12243. Max active instruction index: 1261
2024-11-13 08:29:00 | Simulation update: decoder round 18286, completed instructions: 1269/1498, actively running or decoding instructions: 10, waiting windows: 1132/12282. Max active instruction index: 1261
2024-11-13 08:29:10 | Simulation update: decoder round 18401, completed instructions: 1269/1498, actively running or decoding instructions: 10, waiting windows: 1158/12320. Max active instruction index: 1261
2024-11-13 08:29:20 | Simulation update: decoder round 18514, completed instructions: 1269/1498, actively running or decoding instructions: 10, waiting windows: 1163/12359. Max active instruction index: 1261
2024-11-13 08:29:30 | Simulation update: decoder round 18624, completed instructions: 1269/1498, actively running or decoding instructions: 10, waiting windows: 1155/12396. Max active instruction index: 1261
2024-11-13 08:29:40 | Simulation update: decoder round 18733, completed instructions: 1269/1498, actively running or decoding instructions: 10, waiting windows: 1160/12432. Max active instruction index: 1261
2024-11-13 08:29:50 | Simulation update: decoder round 18841, completed instructions: 1269/1498, actively running or decoding instructions: 10, waiting windows: 1159/12467. Max active instruction index: 1261
2024-11-13 08:30:00 | Simulation update: decoder round 18953, completed instructions: 1269/1498, actively running or decoding instructions: 10, waiting windows: 1143/12506. Max active instruction index: 1261
2024-11-13 08:30:11 | Simulation update: decoder round 19065, completed instructions: 1269/1498, actively running or decoding instructions: 10, waiting windows: 1156/12543. Max active instruction index: 1261
2024-11-13 08:30:21 | Simulation update: decoder round 19174, completed instructions: 1269/1498, actively running or decoding instructions: 10, waiting windows: 1168/12579. Max active instruction index: 1261
2024-11-13 08:30:31 | Simulation update: decoder round 19282, completed instructions: 1269/1498, actively running or decoding instructions: 10, waiting windows: 1179/12614. Max active instruction index: 1261
2024-11-13 08:30:41 | Simulation update: decoder round 19390, completed instructions: 1269/1498, actively running or decoding instructions: 10, waiting windows: 1170/12649. Max active instruction index: 1261
2024-11-13 08:30:51 | Simulation update: decoder round 19503, completed instructions: 1298/1498, actively running or decoding instructions: 11, waiting windows: 1141/12699. Max active instruction index: 1274
2024-11-13 08:31:01 | Simulation update: decoder round 19613, completed instructions: 1348/1498, actively running or decoding instructions: 21, waiting windows: 1217/12798. Max active instruction index: 1324
2024-11-13 08:31:11 | Simulation update: decoder round 19724, completed instructions: 1387/1498, actively running or decoding instructions: 30, waiting windows: 1206/12857. Max active instruction index: 1377
2024-11-13 08:31:21 | Simulation update: decoder round 19835, completed instructions: 1407/1498, actively running or decoding instructions: 30, waiting windows: 1205/12897. Max active instruction index: 1378
2024-11-13 08:31:31 | Simulation update: decoder round 19946, completed instructions: 1407/1498, actively running or decoding instructions: 29, waiting windows: 1146/12926. Max active instruction index: 1378
2024-11-13 08:31:41 | Simulation update: decoder round 20061, completed instructions: 1407/1498, actively running or decoding instructions: 28, waiting windows: 1151/12952. Max active instruction index: 1378
2024-11-13 08:31:51 | Simulation update: decoder round 20177, completed instructions: 1407/1498, actively running or decoding instructions: 27, waiting windows: 1149/12981. Max active instruction index: 1378
2024-11-13 08:32:01 | Simulation update: decoder round 20294, completed instructions: 1407/1498, actively running or decoding instructions: 27, waiting windows: 1144/13007. Max active instruction index: 1378
2024-11-13 08:32:11 | Simulation update: decoder round 20411, completed instructions: 1407/1498, actively running or decoding instructions: 25, waiting windows: 1137/13037. Max active instruction index: 1378
2024-11-13 08:32:21 | Simulation update: decoder round 20535, completed instructions: 1407/1498, actively running or decoding instructions: 25, waiting windows: 1110/13067. Max active instruction index: 1378
2024-11-13 08:32:31 | Simulation update: decoder round 20662, completed instructions: 1407/1498, actively running or decoding instructions: 23, waiting windows: 1080/13097. Max active instruction index: 1378
2024-11-13 08:32:41 | Simulation update: decoder round 20795, completed instructions: 1407/1498, actively running or decoding instructions: 23, waiting windows: 1065/13127. Max active instruction index: 1378
2024-11-13 08:32:51 | Simulation update: decoder round 20925, completed instructions: 1407/1498, actively running or decoding instructions: 23, waiting windows: 1078/13157. Max active instruction index: 1378
2024-11-13 08:33:01 | Simulation update: decoder round 21055, completed instructions: 1408/1498, actively running or decoding instructions: 22, waiting windows: 1072/13187. Max active instruction index: 1396
2024-11-13 08:33:11 | Simulation update: decoder round 21188, completed instructions: 1408/1498, actively running or decoding instructions: 22, waiting windows: 1011/13222. Max active instruction index: 1396
2024-11-13 08:33:21 | Simulation update: decoder round 21329, completed instructions: 1408/1498, actively running or decoding instructions: 22, waiting windows: 1022/13252. Max active instruction index: 1396
2024-11-13 08:33:31 | Simulation update: decoder round 21469, completed instructions: 1408/1498, actively running or decoding instructions: 21, waiting windows: 1027/13287. Max active instruction index: 1396
2024-11-13 08:33:41 | Simulation update: decoder round 21611, completed instructions: 1408/1498, actively running or decoding instructions: 21, waiting windows: 1028/13322. Max active instruction index: 1396
2024-11-13 08:33:51 | Simulation update: decoder round 21750, completed instructions: 1408/1498, actively running or decoding instructions: 21, waiting windows: 1036/13352. Max active instruction index: 1396
2024-11-13 08:34:01 | Simulation update: decoder round 21887, completed instructions: 1408/1498, actively running or decoding instructions: 21, waiting windows: 1040/13387. Max active instruction index: 1396
2024-11-13 08:34:11 | Simulation update: decoder round 22023, completed instructions: 1408/1498, actively running or decoding instructions: 21, waiting windows: 1049/13417. Max active instruction index: 1396
2024-11-13 08:34:22 | Simulation update: decoder round 22158, completed instructions: 1408/1498, actively running or decoding instructions: 21, waiting windows: 1040/13452. Max active instruction index: 1396
2024-11-13 08:34:32 | Simulation update: decoder round 22294, completed instructions: 1408/1498, actively running or decoding instructions: 21, waiting windows: 1042/13482. Max active instruction index: 1396
2024-11-13 08:34:42 | Simulation update: decoder round 22429, completed instructions: 1408/1498, actively running or decoding instructions: 20, waiting windows: 1013/13517. Max active instruction index: 1368
2024-11-13 08:34:52 | Simulation update: decoder round 22572, completed instructions: 1408/1498, actively running or decoding instructions: 20, waiting windows: 1011/13552. Max active instruction index: 1368
2024-11-13 08:35:02 | Simulation update: decoder round 22714, completed instructions: 1408/1498, actively running or decoding instructions: 20, waiting windows: 989/13582. Max active instruction index: 1368
2024-11-13 08:35:12 | Simulation update: decoder round 22858, completed instructions: 1408/1498, actively running or decoding instructions: 20, waiting windows: 986/13617. Max active instruction index: 1368
2024-11-13 08:35:22 | Simulation update: decoder round 23009, completed instructions: 1408/1498, actively running or decoding instructions: 20, waiting windows: 955/13652. Max active instruction index: 1368
2024-11-13 08:35:32 | Simulation update: decoder round 23162, completed instructions: 1408/1498, actively running or decoding instructions: 18, waiting windows: 928/13692. Max active instruction index: 1368
2024-11-13 08:35:42 | Simulation update: decoder round 23322, completed instructions: 1409/1498, actively running or decoding instructions: 14, waiting windows: 945/13727. Max active instruction index: 1375
2024-11-13 08:35:52 | Simulation update: decoder round 23477, completed instructions: 1409/1498, actively running or decoding instructions: 14, waiting windows: 949/13767. Max active instruction index: 1375
2024-11-13 08:36:02 | Simulation update: decoder round 23629, completed instructions: 1409/1498, actively running or decoding instructions: 13, waiting windows: 952/13802. Max active instruction index: 1375
2024-11-13 08:36:12 | Simulation update: decoder round 23784, completed instructions: 1409/1498, actively running or decoding instructions: 13, waiting windows: 953/13837. Max active instruction index: 1375
2024-11-13 08:36:22 | Simulation update: decoder round 23936, completed instructions: 1409/1498, actively running or decoding instructions: 13, waiting windows: 961/13876. Max active instruction index: 1375
2024-11-13 08:36:32 | Simulation update: decoder round 24087, completed instructions: 1409/1498, actively running or decoding instructions: 13, waiting windows: 979/13912. Max active instruction index: 1375
2024-11-13 08:36:42 | Simulation update: decoder round 24236, completed instructions: 1409/1498, actively running or decoding instructions: 13, waiting windows: 968/13947. Max active instruction index: 1375
2024-11-13 08:36:52 | Simulation update: decoder round 24383, completed instructions: 1409/1498, actively running or decoding instructions: 13, waiting windows: 987/13982. Max active instruction index: 1375
2024-11-13 08:37:02 | Simulation update: decoder round 24524, completed instructions: 1409/1498, actively running or decoding instructions: 13, waiting windows: 1010/14016. Max active instruction index: 1375
2024-11-13 08:37:12 | Simulation update: decoder round 24661, completed instructions: 1409/1498, actively running or decoding instructions: 13, waiting windows: 994/14047. Max active instruction index: 1375
2024-11-13 08:37:22 | Simulation update: decoder round 24799, completed instructions: 1409/1498, actively running or decoding instructions: 13, waiting windows: 1003/14082. Max active instruction index: 1375
2024-11-13 08:37:32 | Simulation update: decoder round 24938, completed instructions: 1409/1498, actively running or decoding instructions: 13, waiting windows: 994/14112. Max active instruction index: 1375
2024-11-13 08:37:42 | Simulation update: decoder round 25081, completed instructions: 1409/1498, actively running or decoding instructions: 13, waiting windows: 992/14147. Max active instruction index: 1375
2024-11-13 08:37:52 | Simulation update: decoder round 25224, completed instructions: 1409/1498, actively running or decoding instructions: 13, waiting windows: 982/14182. Max active instruction index: 1375
2024-11-13 08:38:02 | Simulation update: decoder round 25371, completed instructions: 1409/1498, actively running or decoding instructions: 12, waiting windows: 950/14217. Max active instruction index: 1375
2024-11-13 08:38:12 | Simulation update: decoder round 25519, completed instructions: 1409/1498, actively running or decoding instructions: 12, waiting windows: 943/14252. Max active instruction index: 1375
2024-11-13 08:38:22 | Simulation update: decoder round 25663, completed instructions: 1409/1498, actively running or decoding instructions: 11, waiting windows: 965/14287. Max active instruction index: 1375
2024-11-13 08:38:32 | Simulation update: decoder round 25802, completed instructions: 1409/1498, actively running or decoding instructions: 10, waiting windows: 968/14317. Max active instruction index: 1375
2024-11-13 08:38:42 | Simulation update: decoder round 25937, completed instructions: 1409/1498, actively running or decoding instructions: 9, waiting windows: 960/14352. Max active instruction index: 1375
2024-11-13 08:38:52 | Simulation update: decoder round 26070, completed instructions: 1409/1498, actively running or decoding instructions: 9, waiting windows: 983/14382. Max active instruction index: 1375
2024-11-13 08:39:02 | Simulation update: decoder round 26198, completed instructions: 1409/1498, actively running or decoding instructions: 9, waiting windows: 978/14412. Max active instruction index: 1375
2024-11-13 08:39:12 | Simulation update: decoder round 26322, completed instructions: 1471/1498, actively running or decoding instructions: 24, waiting windows: 1065/14506. Max active instruction index: 1462
2024-11-13 08:39:23 | Simulation update: decoder round 26442, completed instructions: 1498/1498, actively running or decoding instructions: 28, waiting windows: 1051/14528. Max active instruction index: 1464
2024-11-13 08:39:33 | Simulation update: decoder round 26567, completed instructions: 1498/1498, actively running or decoding instructions: 28, waiting windows: 999/14528. Max active instruction index: 1464
2024-11-13 08:39:43 | Simulation update: decoder round 26694, completed instructions: 1498/1498, actively running or decoding instructions: 28, waiting windows: 974/14528. Max active instruction index: 1464
2024-11-13 08:39:53 | Simulation update: decoder round 26825, completed instructions: 1498/1498, actively running or decoding instructions: 25, waiting windows: 934/14528. Max active instruction index: 1462
2024-11-13 08:40:03 | Simulation update: decoder round 26964, completed instructions: 1498/1498, actively running or decoding instructions: 24, waiting windows: 869/14528. Max active instruction index: 1462
2024-11-13 08:40:13 | Simulation update: decoder round 27117, completed instructions: 1498/1498, actively running or decoding instructions: 24, waiting windows: 814/14528. Max active instruction index: 1462
2024-11-13 08:40:23 | Simulation update: decoder round 27292, completed instructions: 1498/1498, actively running or decoding instructions: 24, waiting windows: 791/14528. Max active instruction index: 1462
2024-11-13 08:40:33 | Simulation update: decoder round 27487, completed instructions: 1498/1498, actively running or decoding instructions: 24, waiting windows: 695/14528. Max active instruction index: 1462
2024-11-13 08:40:43 | Simulation update: decoder round 27706, completed instructions: 1498/1498, actively running or decoding instructions: 24, waiting windows: 656/14528. Max active instruction index: 1462
2024-11-13 08:40:53 | Simulation update: decoder round 27947, completed instructions: 1498/1498, actively running or decoding instructions: 24, waiting windows: 626/14528. Max active instruction index: 1462
2024-11-13 08:41:03 | Simulation update: decoder round 28211, completed instructions: 1498/1498, actively running or decoding instructions: 24, waiting windows: 578/14528. Max active instruction index: 1462
2024-11-13 08:41:13 | Simulation update: decoder round 28516, completed instructions: 1498/1498, actively running or decoding instructions: 21, waiting windows: 505/14528. Max active instruction index: 1462
2024-11-13 08:41:23 | Simulation update: decoder round 28870, completed instructions: 1498/1498, actively running or decoding instructions: 16, waiting windows: 432/14528. Max active instruction index: 1462
2024-11-13 08:41:33 | Simulation update: decoder round 29303, completed instructions: 1498/1498, actively running or decoding instructions: 16, waiting windows: 349/14528. Max active instruction index: 1462
2024-11-13 08:41:43 | Simulation update: decoder round 29916, completed instructions: 1498/1498, actively running or decoding instructions: 14, waiting windows: 286/14528. Max active instruction index: 1462
2024-11-13 08:41:53 | Simulation update: decoder round 31309, completed instructions: 1498/1498, actively running or decoding instructions: 9, waiting windows: 142/14528. Max active instruction index: 1462
2024-11-13 08:41:58 | Finished simulation
2024-11-13 08:41:58 | Finished saving output. Done! Total elapsed time: 0:27:20.651452
