CONFIG 2209
benchmark_file: slurm/data/20241113_081402/benchmarks/qrom_15_15.lss
decoder_latency_or_dist_filename: lambda volume: volume*10.0
distance: 21
lightweight_setting: 1
max_parallel_processes: None
missed_speculation_modifier: 2.0
poison_policy: descendants
rng: 16
scheduling_method: parallel
speculation_accuracy: 0.9
speculation_latency: 1
speculation_mode: separate
2024-11-13 08:34:54 | Loading benchmark slurm/data/20241113_081402/benchmarks/qrom_15_15.lss...
2024-11-13 08:34:54 | Starting simulation
2024-11-13 08:34:54 | Simulation update: decoder round 1, completed instructions: 0/1498, actively running or decoding instructions: 10, waiting windows: 0/0. Max active instruction index: 66
2024-11-13 08:35:04 | Simulation update: decoder round 2871, completed instructions: 296/1498, actively running or decoding instructions: 21, waiting windows: 1480/2472. Max active instruction index: 358
2024-11-13 08:35:14 | Simulation update: decoder round 5904, completed instructions: 918/1498, actively running or decoding instructions: 41, waiting windows: 2660/5234. Max active instruction index: 896
2024-11-13 08:35:23 | Finished simulation
2024-11-13 08:35:23 | Finished saving output. Done! Total elapsed time: 0:00:28.972173
