CONFIG 238
benchmark_file: slurm/data/20241113_081402/benchmarks/qrom_15_15.lss
decoder_latency_or_dist_filename: lambda volume: volume*5.994842503189409
distance: 21
lightweight_setting: 1
max_parallel_processes: None
missed_speculation_modifier: 5.0
poison_policy: descendants
rng: 3
scheduling_method: sliding
speculation_accuracy: 0.9
speculation_latency: 1
speculation_mode: separate
2024-11-13 08:14:38 | Loading benchmark slurm/data/20241113_081402/benchmarks/qrom_15_15.lss...
2024-11-13 08:14:38 | Starting simulation
2024-11-13 08:14:38 | Simulation update: decoder round 1, completed instructions: 0/1498, actively running or decoding instructions: 10, waiting windows: 0/0. Max active instruction index: 66
2024-11-13 08:14:48 | Simulation update: decoder round 1607, completed instructions: 164/1498, actively running or decoding instructions: 2, waiting windows: 500/1361. Max active instruction index: 132
2024-11-13 08:14:58 | Simulation update: decoder round 2296, completed instructions: 223/1498, actively running or decoding instructions: 14, waiting windows: 709/1943. Max active instruction index: 214
2024-11-13 08:15:08 | Simulation update: decoder round 2844, completed instructions: 229/1498, actively running or decoding instructions: 13, waiting windows: 646/2365. Max active instruction index: 233
2024-11-13 08:15:18 | Simulation update: decoder round 3368, completed instructions: 289/1498, actively running or decoding instructions: 15, waiting windows: 762/2864. Max active instruction index: 358
2024-11-13 08:15:28 | Simulation update: decoder round 3841, completed instructions: 298/1498, actively running or decoding instructions: 10, waiting windows: 757/3267. Max active instruction index: 358
2024-11-13 08:15:38 | Simulation update: decoder round 4273, completed instructions: 298/1498, actively running or decoding instructions: 10, waiting windows: 846/3644. Max active instruction index: 358
2024-11-13 08:15:48 | Simulation update: decoder round 4639, completed instructions: 381/1498, actively running or decoding instructions: 21, waiting windows: 967/4033. Max active instruction index: 388
2024-11-13 08:15:58 | Simulation update: decoder round 4973, completed instructions: 517/1498, actively running or decoding instructions: 50, waiting windows: 994/4405. Max active instruction index: 522
2024-11-13 08:16:08 | Simulation update: decoder round 5292, completed instructions: 517/1498, actively running or decoding instructions: 47, waiting windows: 1007/4660. Max active instruction index: 522
2024-11-13 08:16:18 | Simulation update: decoder round 5589, completed instructions: 554/1498, actively running or decoding instructions: 47, waiting windows: 1150/4960. Max active instruction index: 598
2024-11-13 08:16:28 | Simulation update: decoder round 5856, completed instructions: 555/1498, actively running or decoding instructions: 35, waiting windows: 1171/5190. Max active instruction index: 598
2024-11-13 08:16:38 | Simulation update: decoder round 6108, completed instructions: 556/1498, actively running or decoding instructions: 29, waiting windows: 1189/5418. Max active instruction index: 598
2024-11-13 08:16:48 | Simulation update: decoder round 6347, completed instructions: 559/1498, actively running or decoding instructions: 24, waiting windows: 1185/5644. Max active instruction index: 598
2024-11-13 08:16:58 | Simulation update: decoder round 6580, completed instructions: 562/1498, actively running or decoding instructions: 20, waiting windows: 1161/5840. Max active instruction index: 606
2024-11-13 08:17:08 | Simulation update: decoder round 6804, completed instructions: 562/1498, actively running or decoding instructions: 16, waiting windows: 1170/6012. Max active instruction index: 606
2024-11-13 08:17:18 | Simulation update: decoder round 7023, completed instructions: 562/1498, actively running or decoding instructions: 12, waiting windows: 1148/6197. Max active instruction index: 606
2024-11-13 08:17:28 | Simulation update: decoder round 7255, completed instructions: 562/1498, actively running or decoding instructions: 9, waiting windows: 1119/6384. Max active instruction index: 606
2024-11-13 08:17:38 | Simulation update: decoder round 7479, completed instructions: 632/1498, actively running or decoding instructions: 19, waiting windows: 1213/6615. Max active instruction index: 649
2024-11-13 08:17:48 | Simulation update: decoder round 7672, completed instructions: 703/1498, actively running or decoding instructions: 35, waiting windows: 1314/6836. Max active instruction index: 701
2024-11-13 08:17:58 | Simulation update: decoder round 7858, completed instructions: 710/1498, actively running or decoding instructions: 34, waiting windows: 1334/6977. Max active instruction index: 701
2024-11-13 08:18:08 | Simulation update: decoder round 8031, completed instructions: 710/1498, actively running or decoding instructions: 30, waiting windows: 1313/7097. Max active instruction index: 701
2024-11-13 08:18:18 | Simulation update: decoder round 8199, completed instructions: 711/1498, actively running or decoding instructions: 19, waiting windows: 1312/7217. Max active instruction index: 693
2024-11-13 08:18:28 | Simulation update: decoder round 8370, completed instructions: 711/1498, actively running or decoding instructions: 16, waiting windows: 1263/7337. Max active instruction index: 698
2024-11-13 08:18:39 | Simulation update: decoder round 8538, completed instructions: 797/1498, actively running or decoding instructions: 34, waiting windows: 1353/7533. Max active instruction index: 801
2024-11-13 08:18:49 | Simulation update: decoder round 8695, completed instructions: 902/1498, actively running or decoding instructions: 53, waiting windows: 1438/7720. Max active instruction index: 896
2024-11-13 08:18:59 | Simulation update: decoder round 8844, completed instructions: 915/1498, actively running or decoding instructions: 53, waiting windows: 1402/7824. Max active instruction index: 896
2024-11-13 08:19:09 | Simulation update: decoder round 8997, completed instructions: 915/1498, actively running or decoding instructions: 45, waiting windows: 1322/7917. Max active instruction index: 896
2024-11-13 08:19:19 | Simulation update: decoder round 9149, completed instructions: 918/1498, actively running or decoding instructions: 42, waiting windows: 1302/8008. Max active instruction index: 896
2024-11-13 08:19:29 | Simulation update: decoder round 9306, completed instructions: 919/1498, actively running or decoding instructions: 38, waiting windows: 1275/8103. Max active instruction index: 920
2024-11-13 08:19:39 | Simulation update: decoder round 9464, completed instructions: 919/1498, actively running or decoding instructions: 38, waiting windows: 1214/8188. Max active instruction index: 920
2024-11-13 08:19:49 | Simulation update: decoder round 9625, completed instructions: 919/1498, actively running or decoding instructions: 37, waiting windows: 1232/8283. Max active instruction index: 920
2024-11-13 08:19:59 | Simulation update: decoder round 9787, completed instructions: 920/1498, actively running or decoding instructions: 29, waiting windows: 1162/8378. Max active instruction index: 896
2024-11-13 08:20:09 | Simulation update: decoder round 9959, completed instructions: 920/1498, actively running or decoding instructions: 23, waiting windows: 1128/8475. Max active instruction index: 896
2024-11-13 08:20:19 | Simulation update: decoder round 10126, completed instructions: 920/1498, actively running or decoding instructions: 23, waiting windows: 1169/8571. Max active instruction index: 896
2024-11-13 08:20:29 | Simulation update: decoder round 10297, completed instructions: 920/1498, actively running or decoding instructions: 19, waiting windows: 1083/8667. Max active instruction index: 896
2024-11-13 08:20:39 | Simulation update: decoder round 10473, completed instructions: 920/1498, actively running or decoding instructions: 19, waiting windows: 1104/8764. Max active instruction index: 896
2024-11-13 08:20:49 | Simulation update: decoder round 10644, completed instructions: 922/1498, actively running or decoding instructions: 17, waiting windows: 1107/8866. Max active instruction index: 918
2024-11-13 08:20:59 | Simulation update: decoder round 10814, completed instructions: 922/1498, actively running or decoding instructions: 17, waiting windows: 1094/8962. Max active instruction index: 918
2024-11-13 08:21:09 | Simulation update: decoder round 10986, completed instructions: 923/1498, actively running or decoding instructions: 10, waiting windows: 1128/9063. Max active instruction index: 918
2024-11-13 08:21:19 | Simulation update: decoder round 11151, completed instructions: 1021/1498, actively running or decoding instructions: 35, waiting windows: 1214/9245. Max active instruction index: 1082
2024-11-13 08:21:29 | Simulation update: decoder round 11308, completed instructions: 1055/1498, actively running or decoding instructions: 33, waiting windows: 1192/9356. Max active instruction index: 1082
2024-11-13 08:21:39 | Simulation update: decoder round 11462, completed instructions: 1055/1498, actively running or decoding instructions: 32, waiting windows: 1173/9433. Max active instruction index: 1082
2024-11-13 08:21:49 | Simulation update: decoder round 11619, completed instructions: 1055/1498, actively running or decoding instructions: 28, waiting windows: 1119/9517. Max active instruction index: 1082
2024-11-13 08:21:59 | Simulation update: decoder round 11778, completed instructions: 1055/1498, actively running or decoding instructions: 25, waiting windows: 1121/9598. Max active instruction index: 1082
2024-11-13 08:22:09 | Simulation update: decoder round 11936, completed instructions: 1056/1498, actively running or decoding instructions: 23, waiting windows: 1131/9685. Max active instruction index: 1082
2024-11-13 08:22:19 | Simulation update: decoder round 12094, completed instructions: 1056/1498, actively running or decoding instructions: 23, waiting windows: 1137/9763. Max active instruction index: 1082
2024-11-13 08:22:29 | Simulation update: decoder round 12249, completed instructions: 1056/1498, actively running or decoding instructions: 23, waiting windows: 1160/9847. Max active instruction index: 1082
2024-11-13 08:22:39 | Simulation update: decoder round 12403, completed instructions: 1056/1498, actively running or decoding instructions: 23, waiting windows: 1135/9928. Max active instruction index: 1082
2024-11-13 08:22:49 | Simulation update: decoder round 12566, completed instructions: 1056/1498, actively running or decoding instructions: 22, waiting windows: 1108/10015. Max active instruction index: 1018
2024-11-13 08:22:59 | Simulation update: decoder round 12747, completed instructions: 1056/1498, actively running or decoding instructions: 22, waiting windows: 1079/10107. Max active instruction index: 1018
2024-11-13 08:23:09 | Simulation update: decoder round 12928, completed instructions: 1075/1498, actively running or decoding instructions: 19, waiting windows: 1076/10224. Max active instruction index: 1063
2024-11-13 08:23:19 | Simulation update: decoder round 13110, completed instructions: 1078/1498, actively running or decoding instructions: 18, waiting windows: 1070/10330. Max active instruction index: 1063
2024-11-13 08:23:29 | Simulation update: decoder round 13292, completed instructions: 1081/1498, actively running or decoding instructions: 19, waiting windows: 1088/10434. Max active instruction index: 1074
2024-11-13 08:23:39 | Simulation update: decoder round 13465, completed instructions: 1146/1498, actively running or decoding instructions: 36, waiting windows: 1167/10574. Max active instruction index: 1128
2024-11-13 08:23:49 | Simulation update: decoder round 13623, completed instructions: 1251/1498, actively running or decoding instructions: 51, waiting windows: 1183/10716. Max active instruction index: 1214
2024-11-13 08:23:59 | Simulation update: decoder round 13778, completed instructions: 1251/1498, actively running or decoding instructions: 45, waiting windows: 1128/10766. Max active instruction index: 1214
2024-11-13 08:24:09 | Simulation update: decoder round 13937, completed instructions: 1251/1498, actively running or decoding instructions: 44, waiting windows: 1042/10821. Max active instruction index: 1214
2024-11-13 08:24:20 | Simulation update: decoder round 14093, completed instructions: 1251/1498, actively running or decoding instructions: 37, waiting windows: 1047/10871. Max active instruction index: 1214
2024-11-13 08:24:30 | Simulation update: decoder round 14245, completed instructions: 1251/1498, actively running or decoding instructions: 35, waiting windows: 1019/10920. Max active instruction index: 1214
2024-11-13 08:24:40 | Simulation update: decoder round 14398, completed instructions: 1251/1498, actively running or decoding instructions: 35, waiting windows: 1010/10975. Max active instruction index: 1214
2024-11-13 08:24:50 | Simulation update: decoder round 14551, completed instructions: 1251/1498, actively running or decoding instructions: 35, waiting windows: 985/11024. Max active instruction index: 1214
2024-11-13 08:25:00 | Simulation update: decoder round 14711, completed instructions: 1252/1498, actively running or decoding instructions: 30, waiting windows: 988/11080. Max active instruction index: 1214
2024-11-13 08:25:10 | Simulation update: decoder round 14870, completed instructions: 1252/1498, actively running or decoding instructions: 28, waiting windows: 967/11130. Max active instruction index: 1214
2024-11-13 08:25:20 | Simulation update: decoder round 15033, completed instructions: 1252/1498, actively running or decoding instructions: 28, waiting windows: 948/11185. Max active instruction index: 1214
2024-11-13 08:25:30 | Simulation update: decoder round 15206, completed instructions: 1252/1498, actively running or decoding instructions: 28, waiting windows: 934/11242. Max active instruction index: 1214
2024-11-13 08:25:40 | Simulation update: decoder round 15378, completed instructions: 1252/1498, actively running or decoding instructions: 28, waiting windows: 955/11298. Max active instruction index: 1214
2024-11-13 08:25:50 | Simulation update: decoder round 15548, completed instructions: 1253/1498, actively running or decoding instructions: 21, waiting windows: 908/11354. Max active instruction index: 1214
2024-11-13 08:26:00 | Simulation update: decoder round 15719, completed instructions: 1253/1498, actively running or decoding instructions: 20, waiting windows: 940/11416. Max active instruction index: 1214
2024-11-13 08:26:10 | Simulation update: decoder round 15881, completed instructions: 1253/1498, actively running or decoding instructions: 19, waiting windows: 975/11466. Max active instruction index: 1214
2024-11-13 08:26:20 | Simulation update: decoder round 16038, completed instructions: 1253/1498, actively running or decoding instructions: 17, waiting windows: 994/11521. Max active instruction index: 1214
2024-11-13 08:26:30 | Simulation update: decoder round 16196, completed instructions: 1253/1498, actively running or decoding instructions: 17, waiting windows: 975/11571. Max active instruction index: 1214
2024-11-13 08:26:40 | Simulation update: decoder round 16351, completed instructions: 1254/1498, actively running or decoding instructions: 16, waiting windows: 998/11626. Max active instruction index: 1234
2024-11-13 08:26:50 | Simulation update: decoder round 16502, completed instructions: 1255/1498, actively running or decoding instructions: 13, waiting windows: 1016/11675. Max active instruction index: 1261
2024-11-13 08:27:00 | Simulation update: decoder round 16647, completed instructions: 1255/1498, actively running or decoding instructions: 13, waiting windows: 1025/11724. Max active instruction index: 1261
2024-11-13 08:27:10 | Simulation update: decoder round 16792, completed instructions: 1255/1498, actively running or decoding instructions: 13, waiting windows: 1045/11773. Max active instruction index: 1261
2024-11-13 08:27:20 | Simulation update: decoder round 16934, completed instructions: 1255/1498, actively running or decoding instructions: 13, waiting windows: 1046/11816. Max active instruction index: 1261
2024-11-13 08:27:30 | Simulation update: decoder round 17072, completed instructions: 1255/1498, actively running or decoding instructions: 13, waiting windows: 1027/11864. Max active instruction index: 1261
2024-11-13 08:27:40 | Simulation update: decoder round 17213, completed instructions: 1256/1498, actively running or decoding instructions: 9, waiting windows: 1050/11913. Max active instruction index: 1261
2024-11-13 08:27:50 | Simulation update: decoder round 17348, completed instructions: 1269/1498, actively running or decoding instructions: 10, waiting windows: 1057/11970. Max active instruction index: 1261
2024-11-13 08:28:00 | Simulation update: decoder round 17484, completed instructions: 1269/1498, actively running or decoding instructions: 10, waiting windows: 1039/12016. Max active instruction index: 1261
2024-11-13 08:28:10 | Simulation update: decoder round 17618, completed instructions: 1269/1498, actively running or decoding instructions: 10, waiting windows: 1046/12060. Max active instruction index: 1261
2024-11-13 08:28:20 | Simulation update: decoder round 17752, completed instructions: 1269/1498, actively running or decoding instructions: 10, waiting windows: 1059/12103. Max active instruction index: 1261
2024-11-13 08:28:30 | Simulation update: decoder round 17880, completed instructions: 1269/1498, actively running or decoding instructions: 10, waiting windows: 1092/12149. Max active instruction index: 1261
2024-11-13 08:28:40 | Simulation update: decoder round 18005, completed instructions: 1269/1498, actively running or decoding instructions: 10, waiting windows: 1099/12187. Max active instruction index: 1261
2024-11-13 08:28:50 | Simulation update: decoder round 18126, completed instructions: 1269/1498, actively running or decoding instructions: 10, waiting windows: 1131/12229. Max active instruction index: 1261
2024-11-13 08:29:00 | Simulation update: decoder round 18246, completed instructions: 1269/1498, actively running or decoding instructions: 10, waiting windows: 1123/12270. Max active instruction index: 1261
2024-11-13 08:29:11 | Simulation update: decoder round 18363, completed instructions: 1269/1498, actively running or decoding instructions: 10, waiting windows: 1153/12310. Max active instruction index: 1261
2024-11-13 08:29:21 | Simulation update: decoder round 18476, completed instructions: 1269/1498, actively running or decoding instructions: 10, waiting windows: 1149/12345. Max active instruction index: 1261
2024-11-13 08:29:31 | Simulation update: decoder round 18587, completed instructions: 1269/1498, actively running or decoding instructions: 10, waiting windows: 1150/12383. Max active instruction index: 1261
2024-11-13 08:29:41 | Simulation update: decoder round 18696, completed instructions: 1269/1498, actively running or decoding instructions: 10, waiting windows: 1160/12418. Max active instruction index: 1261
2024-11-13 08:29:51 | Simulation update: decoder round 18804, completed instructions: 1269/1498, actively running or decoding instructions: 10, waiting windows: 1161/12457. Max active instruction index: 1261
2024-11-13 08:30:01 | Simulation update: decoder round 18916, completed instructions: 1269/1498, actively running or decoding instructions: 10, waiting windows: 1151/12492. Max active instruction index: 1261
2024-11-13 08:30:11 | Simulation update: decoder round 19029, completed instructions: 1269/1498, actively running or decoding instructions: 10, waiting windows: 1162/12530. Max active instruction index: 1261
2024-11-13 08:30:21 | Simulation update: decoder round 19139, completed instructions: 1269/1498, actively running or decoding instructions: 10, waiting windows: 1162/12565. Max active instruction index: 1261
2024-11-13 08:30:31 | Simulation update: decoder round 19247, completed instructions: 1269/1498, actively running or decoding instructions: 10, waiting windows: 1170/12604. Max active instruction index: 1261
2024-11-13 08:30:41 | Simulation update: decoder round 19355, completed instructions: 1269/1498, actively running or decoding instructions: 10, waiting windows: 1163/12639. Max active instruction index: 1261
2024-11-13 08:30:51 | Simulation update: decoder round 19466, completed instructions: 1277/1498, actively running or decoding instructions: 8, waiting windows: 1130/12685. Max active instruction index: 1261
2024-11-13 08:31:01 | Simulation update: decoder round 19578, completed instructions: 1325/1498, actively running or decoding instructions: 18, waiting windows: 1195/12766. Max active instruction index: 1313
2024-11-13 08:31:11 | Simulation update: decoder round 19688, completed instructions: 1363/1498, actively running or decoding instructions: 24, waiting windows: 1194/12826. Max active instruction index: 1339
2024-11-13 08:31:21 | Simulation update: decoder round 19801, completed instructions: 1407/1498, actively running or decoding instructions: 30, waiting windows: 1221/12892. Max active instruction index: 1378
2024-11-13 08:31:31 | Simulation update: decoder round 19912, completed instructions: 1407/1498, actively running or decoding instructions: 30, waiting windows: 1181/12917. Max active instruction index: 1378
2024-11-13 08:31:41 | Simulation update: decoder round 20027, completed instructions: 1407/1498, actively running or decoding instructions: 28, waiting windows: 1152/12942. Max active instruction index: 1378
2024-11-13 08:31:51 | Simulation update: decoder round 20142, completed instructions: 1407/1498, actively running or decoding instructions: 27, waiting windows: 1143/12972. Max active instruction index: 1378
2024-11-13 08:32:01 | Simulation update: decoder round 20259, completed instructions: 1407/1498, actively running or decoding instructions: 27, waiting windows: 1137/12997. Max active instruction index: 1378
2024-11-13 08:32:11 | Simulation update: decoder round 20376, completed instructions: 1407/1498, actively running or decoding instructions: 26, waiting windows: 1136/13027. Max active instruction index: 1378
2024-11-13 08:32:21 | Simulation update: decoder round 20498, completed instructions: 1407/1498, actively running or decoding instructions: 25, waiting windows: 1101/13057. Max active instruction index: 1378
2024-11-13 08:32:31 | Simulation update: decoder round 20623, completed instructions: 1407/1498, actively running or decoding instructions: 23, waiting windows: 1071/13087. Max active instruction index: 1378
2024-11-13 08:32:41 | Simulation update: decoder round 20755, completed instructions: 1407/1498, actively running or decoding instructions: 23, waiting windows: 1058/13117. Max active instruction index: 1378
2024-11-13 08:32:51 | Simulation update: decoder round 20886, completed instructions: 1407/1498, actively running or decoding instructions: 23, waiting windows: 1072/13147. Max active instruction index: 1378
2024-11-13 08:33:02 | Simulation update: decoder round 21016, completed instructions: 1408/1498, actively running or decoding instructions: 22, waiting windows: 1069/13181. Max active instruction index: 1396
2024-11-13 08:33:12 | Simulation update: decoder round 21145, completed instructions: 1408/1498, actively running or decoding instructions: 22, waiting windows: 1059/13212. Max active instruction index: 1396
2024-11-13 08:33:22 | Simulation update: decoder round 21288, completed instructions: 1408/1498, actively running or decoding instructions: 22, waiting windows: 1022/13242. Max active instruction index: 1396
2024-11-13 08:33:32 | Simulation update: decoder round 21427, completed instructions: 1408/1498, actively running or decoding instructions: 21, waiting windows: 1032/13277. Max active instruction index: 1396
2024-11-13 08:33:42 | Simulation update: decoder round 21569, completed instructions: 1408/1498, actively running or decoding instructions: 21, waiting windows: 1032/13312. Max active instruction index: 1396
2024-11-13 08:33:52 | Simulation update: decoder round 21709, completed instructions: 1408/1498, actively running or decoding instructions: 21, waiting windows: 1036/13346. Max active instruction index: 1396
2024-11-13 08:34:02 | Simulation update: decoder round 21847, completed instructions: 1408/1498, actively running or decoding instructions: 21, waiting windows: 1040/13377. Max active instruction index: 1396
2024-11-13 08:34:12 | Simulation update: decoder round 21984, completed instructions: 1408/1498, actively running or decoding instructions: 21, waiting windows: 1051/13412. Max active instruction index: 1396
2024-11-13 08:34:22 | Simulation update: decoder round 22119, completed instructions: 1408/1498, actively running or decoding instructions: 21, waiting windows: 1040/13442. Max active instruction index: 1396
2024-11-13 08:34:32 | Simulation update: decoder round 22255, completed instructions: 1408/1498, actively running or decoding instructions: 21, waiting windows: 1038/13476. Max active instruction index: 1396
2024-11-13 08:34:42 | Simulation update: decoder round 22390, completed instructions: 1408/1498, actively running or decoding instructions: 20, waiting windows: 1028/13507. Max active instruction index: 1368
2024-11-13 08:34:52 | Simulation update: decoder round 22531, completed instructions: 1408/1498, actively running or decoding instructions: 20, waiting windows: 1002/13542. Max active instruction index: 1368
2024-11-13 08:35:02 | Simulation update: decoder round 22673, completed instructions: 1408/1498, actively running or decoding instructions: 20, waiting windows: 996/13572. Max active instruction index: 1368
2024-11-13 08:35:12 | Simulation update: decoder round 22818, completed instructions: 1408/1498, actively running or decoding instructions: 20, waiting windows: 1008/13607. Max active instruction index: 1368
2024-11-13 08:35:22 | Simulation update: decoder round 22966, completed instructions: 1408/1498, actively running or decoding instructions: 20, waiting windows: 962/13642. Max active instruction index: 1368
2024-11-13 08:35:32 | Simulation update: decoder round 23119, completed instructions: 1408/1498, actively running or decoding instructions: 20, waiting windows: 967/13682. Max active instruction index: 1368
2024-11-13 08:35:42 | Simulation update: decoder round 23278, completed instructions: 1408/1498, actively running or decoding instructions: 17, waiting windows: 938/13717. Max active instruction index: 1375
2024-11-13 08:35:52 | Simulation update: decoder round 23434, completed instructions: 1409/1498, actively running or decoding instructions: 14, waiting windows: 944/13757. Max active instruction index: 1375
2024-11-13 08:36:02 | Simulation update: decoder round 23587, completed instructions: 1409/1498, actively running or decoding instructions: 13, waiting windows: 971/13792. Max active instruction index: 1375
2024-11-13 08:36:12 | Simulation update: decoder round 23741, completed instructions: 1409/1498, actively running or decoding instructions: 13, waiting windows: 945/13827. Max active instruction index: 1375
2024-11-13 08:36:22 | Simulation update: decoder round 23893, completed instructions: 1409/1498, actively running or decoding instructions: 13, waiting windows: 963/13866. Max active instruction index: 1375
2024-11-13 08:36:32 | Simulation update: decoder round 24045, completed instructions: 1409/1498, actively running or decoding instructions: 13, waiting windows: 969/13902. Max active instruction index: 1375
2024-11-13 08:36:42 | Simulation update: decoder round 24194, completed instructions: 1409/1498, actively running or decoding instructions: 13, waiting windows: 968/13937. Max active instruction index: 1375
2024-11-13 08:36:52 | Simulation update: decoder round 24342, completed instructions: 1409/1498, actively running or decoding instructions: 13, waiting windows: 989/13972. Max active instruction index: 1375
2024-11-13 08:37:02 | Simulation update: decoder round 24484, completed instructions: 1409/1498, actively running or decoding instructions: 13, waiting windows: 999/14007. Max active instruction index: 1375
2024-11-13 08:37:12 | Simulation update: decoder round 24621, completed instructions: 1409/1498, actively running or decoding instructions: 13, waiting windows: 986/14037. Max active instruction index: 1375
2024-11-13 08:37:22 | Simulation update: decoder round 24759, completed instructions: 1409/1498, actively running or decoding instructions: 13, waiting windows: 995/14072. Max active instruction index: 1375
2024-11-13 08:37:33 | Simulation update: decoder round 24898, completed instructions: 1409/1498, actively running or decoding instructions: 13, waiting windows: 992/14102. Max active instruction index: 1375
2024-11-13 08:37:43 | Simulation update: decoder round 25040, completed instructions: 1409/1498, actively running or decoding instructions: 13, waiting windows: 982/14137. Max active instruction index: 1375
2024-11-13 08:37:53 | Simulation update: decoder round 25183, completed instructions: 1409/1498, actively running or decoding instructions: 13, waiting windows: 970/14172. Max active instruction index: 1375
2024-11-13 08:38:03 | Simulation update: decoder round 25330, completed instructions: 1409/1498, actively running or decoding instructions: 13, waiting windows: 954/14207. Max active instruction index: 1375
2024-11-13 08:38:13 | Simulation update: decoder round 25477, completed instructions: 1409/1498, actively running or decoding instructions: 12, waiting windows: 937/14242. Max active instruction index: 1375
2024-11-13 08:38:23 | Simulation update: decoder round 25624, completed instructions: 1409/1498, actively running or decoding instructions: 11, waiting windows: 975/14277. Max active instruction index: 1375
2024-11-13 08:38:33 | Simulation update: decoder round 25764, completed instructions: 1409/1498, actively running or decoding instructions: 10, waiting windows: 965/14312. Max active instruction index: 1375
2024-11-13 08:38:43 | Simulation update: decoder round 25900, completed instructions: 1409/1498, actively running or decoding instructions: 9, waiting windows: 956/14342. Max active instruction index: 1375
2024-11-13 08:38:53 | Simulation update: decoder round 26035, completed instructions: 1409/1498, actively running or decoding instructions: 9, waiting windows: 979/14376. Max active instruction index: 1375
2024-11-13 08:39:03 | Simulation update: decoder round 26164, completed instructions: 1409/1498, actively running or decoding instructions: 9, waiting windows: 978/14407. Max active instruction index: 1375
2024-11-13 08:39:13 | Simulation update: decoder round 26291, completed instructions: 1433/1498, actively running or decoding instructions: 17, waiting windows: 1020/14459. Max active instruction index: 1436
2024-11-13 08:39:23 | Simulation update: decoder round 26411, completed instructions: 1498/1498, actively running or decoding instructions: 28, waiting windows: 1068/14528. Max active instruction index: 1464
2024-11-13 08:39:33 | Simulation update: decoder round 26535, completed instructions: 1498/1498, actively running or decoding instructions: 28, waiting windows: 1025/14528. Max active instruction index: 1464
2024-11-13 08:39:43 | Simulation update: decoder round 26662, completed instructions: 1498/1498, actively running or decoding instructions: 28, waiting windows: 980/14528. Max active instruction index: 1464
2024-11-13 08:39:53 | Simulation update: decoder round 26792, completed instructions: 1498/1498, actively running or decoding instructions: 25, waiting windows: 947/14528. Max active instruction index: 1462
2024-11-13 08:40:03 | Simulation update: decoder round 26928, completed instructions: 1498/1498, actively running or decoding instructions: 25, waiting windows: 892/14528. Max active instruction index: 1462
2024-11-13 08:40:13 | Simulation update: decoder round 27079, completed instructions: 1498/1498, actively running or decoding instructions: 24, waiting windows: 849/14528. Max active instruction index: 1462
2024-11-13 08:40:23 | Simulation update: decoder round 27249, completed instructions: 1498/1498, actively running or decoding instructions: 24, waiting windows: 794/14528. Max active instruction index: 1462
2024-11-13 08:40:33 | Simulation update: decoder round 27437, completed instructions: 1498/1498, actively running or decoding instructions: 24, waiting windows: 700/14528. Max active instruction index: 1462
2024-11-13 08:40:43 | Simulation update: decoder round 27652, completed instructions: 1498/1498, actively running or decoding instructions: 24, waiting windows: 663/14528. Max active instruction index: 1462
2024-11-13 08:40:53 | Simulation update: decoder round 27891, completed instructions: 1498/1498, actively running or decoding instructions: 24, waiting windows: 632/14528. Max active instruction index: 1462
2024-11-13 08:41:03 | Simulation update: decoder round 28149, completed instructions: 1498/1498, actively running or decoding instructions: 24, waiting windows: 587/14528. Max active instruction index: 1462
2024-11-13 08:41:13 | Simulation update: decoder round 28446, completed instructions: 1498/1498, actively running or decoding instructions: 21, waiting windows: 520/14528. Max active instruction index: 1462
2024-11-13 08:41:23 | Simulation update: decoder round 28790, completed instructions: 1498/1498, actively running or decoding instructions: 16, waiting windows: 441/14528. Max active instruction index: 1462
2024-11-13 08:41:33 | Simulation update: decoder round 29200, completed instructions: 1498/1498, actively running or decoding instructions: 16, waiting windows: 390/14528. Max active instruction index: 1462
2024-11-13 08:41:43 | Simulation update: decoder round 29774, completed instructions: 1498/1498, actively running or decoding instructions: 14, waiting windows: 294/14528. Max active instruction index: 1462
2024-11-13 08:41:53 | Simulation update: decoder round 30942, completed instructions: 1498/1498, actively running or decoding instructions: 9, waiting windows: 156/14528. Max active instruction index: 1462
2024-11-13 08:42:00 | Finished simulation
2024-11-13 08:42:01 | Finished saving output. Done! Total elapsed time: 0:27:22.934160
