CONFIG 2439
benchmark_file: slurm/data/20241113_081402/benchmarks/qrom_15_15.lss
decoder_latency_or_dist_filename: lambda volume: volume*10.0
distance: 21
lightweight_setting: 1
max_parallel_processes: None
missed_speculation_modifier: 1.4
poison_policy: descendants
rng: 0
scheduling_method: aligned
speculation_accuracy: 0.9
speculation_latency: 1
speculation_mode: separate
2024-11-13 08:44:12 | Loading benchmark slurm/data/20241113_081402/benchmarks/qrom_15_15.lss...
2024-11-13 08:44:13 | Starting simulation
2024-11-13 08:44:13 | Simulation update: decoder round 1, completed instructions: 0/1498, actively running or decoding instructions: 10, waiting windows: 0/0. Max active instruction index: 66
2024-11-13 08:44:23 | Simulation update: decoder round 2829, completed instructions: 296/1498, actively running or decoding instructions: 18, waiting windows: 1452/2443. Max active instruction index: 358
2024-11-13 08:44:33 | Simulation update: decoder round 5878, completed instructions: 918/1498, actively running or decoding instructions: 29, waiting windows: 2593/5190. Max active instruction index: 896
2024-11-13 08:44:39 | Finished simulation
2024-11-13 08:44:39 | Finished saving output. Done! Total elapsed time: 0:00:26.689952
