CONFIG 258
benchmark_file: slurm/data/20241113_081402/benchmarks/qrom_15_15.lss
decoder_latency_or_dist_filename: lambda volume: volume*5.994842503189409
distance: 21
lightweight_setting: 1
max_parallel_processes: None
missed_speculation_modifier: 2.0
poison_policy: successors
rng: 4
scheduling_method: sliding
speculation_accuracy: 0.9
speculation_latency: 1
speculation_mode: separate
2024-11-13 08:14:39 | Loading benchmark slurm/data/20241113_081402/benchmarks/qrom_15_15.lss...
2024-11-13 08:14:39 | Starting simulation
2024-11-13 08:14:39 | Simulation update: decoder round 1, completed instructions: 0/1498, actively running or decoding instructions: 10, waiting windows: 0/0. Max active instruction index: 66
2024-11-13 08:14:49 | Simulation update: decoder round 2221, completed instructions: 296/1498, actively running or decoding instructions: 20, waiting windows: 302/1942. Max active instruction index: 358
2024-11-13 08:14:59 | Simulation update: decoder round 4285, completed instructions: 676/1498, actively running or decoding instructions: 32, waiting windows: 341/3959. Max active instruction index: 672
2024-11-13 08:15:09 | Simulation update: decoder round 7289, completed instructions: 1251/1498, actively running or decoding instructions: 39, waiting windows: 184/6144. Max active instruction index: 1214
2024-11-13 08:15:11 | Finished simulation
2024-11-13 08:15:12 | Finished saving output. Done! Total elapsed time: 0:00:32.826584
