CONFIG 338
benchmark_file: slurm/data/20241113_081402/benchmarks/qrom_15_15.lss
decoder_latency_or_dist_filename: lambda volume: volume*5.994842503189409
distance: 21
lightweight_setting: 1
max_parallel_processes: None
missed_speculation_modifier: 1.4
poison_policy: descendants
rng: 5
scheduling_method: sliding
speculation_accuracy: 0.9
speculation_latency: 1
speculation_mode: separate
2024-11-13 08:14:44 | Loading benchmark slurm/data/20241113_081402/benchmarks/qrom_15_15.lss...
2024-11-13 08:14:44 | Starting simulation
2024-11-13 08:14:44 | Simulation update: decoder round 1, completed instructions: 0/1498, actively running or decoding instructions: 10, waiting windows: 0/0. Max active instruction index: 66
2024-11-13 08:14:54 | Simulation update: decoder round 1601, completed instructions: 223/1498, actively running or decoding instructions: 18, waiting windows: 554/1413. Max active instruction index: 214
2024-11-13 08:15:04 | Simulation update: decoder round 2373, completed instructions: 224/1498, actively running or decoding instructions: 7, waiting windows: 590/1990. Max active instruction index: 208
2024-11-13 08:15:14 | Simulation update: decoder round 2909, completed instructions: 296/1498, actively running or decoding instructions: 21, waiting windows: 800/2493. Max active instruction index: 358
2024-11-13 08:15:25 | Simulation update: decoder round 3286, completed instructions: 297/1498, actively running or decoding instructions: 18, waiting windows: 883/2817. Max active instruction index: 358
2024-11-13 08:15:35 | Simulation update: decoder round 3608, completed instructions: 329/1498, actively running or decoding instructions: 20, waiting windows: 984/3122. Max active instruction index: 358
2024-11-13 08:15:45 | Simulation update: decoder round 3913, completed instructions: 340/1498, actively running or decoding instructions: 17, waiting windows: 1055/3411. Max active instruction index: 358
2024-11-13 08:15:55 | Simulation update: decoder round 4183, completed instructions: 517/1498, actively running or decoding instructions: 51, waiting windows: 1202/3775. Max active instruction index: 522
2024-11-13 08:16:05 | Simulation update: decoder round 4451, completed instructions: 517/1498, actively running or decoding instructions: 43, waiting windows: 1114/3979. Max active instruction index: 522
2024-11-13 08:16:15 | Simulation update: decoder round 4734, completed instructions: 550/1498, actively running or decoding instructions: 43, waiting windows: 1114/4251. Max active instruction index: 587
2024-11-13 08:16:25 | Simulation update: decoder round 5013, completed instructions: 553/1498, actively running or decoding instructions: 42, waiting windows: 1103/4483. Max active instruction index: 588
2024-11-13 08:16:35 | Simulation update: decoder round 5282, completed instructions: 561/1498, actively running or decoding instructions: 30, waiting windows: 1094/4707. Max active instruction index: 611
2024-11-13 08:16:45 | Simulation update: decoder round 5549, completed instructions: 561/1498, actively running or decoding instructions: 28, waiting windows: 1109/4928. Max active instruction index: 611
2024-11-13 08:16:55 | Simulation update: decoder round 5804, completed instructions: 561/1498, actively running or decoding instructions: 23, waiting windows: 1139/5132. Max active instruction index: 611
2024-11-13 08:17:05 | Simulation update: decoder round 6047, completed instructions: 561/1498, actively running or decoding instructions: 20, waiting windows: 1148/5322. Max active instruction index: 611
2024-11-13 08:17:15 | Simulation update: decoder round 6291, completed instructions: 604/1498, actively running or decoding instructions: 23, waiting windows: 1194/5564. Max active instruction index: 641
2024-11-13 08:17:25 | Simulation update: decoder round 6523, completed instructions: 708/1498, actively running or decoding instructions: 42, waiting windows: 1279/5830. Max active instruction index: 701
2024-11-13 08:17:35 | Simulation update: decoder round 6743, completed instructions: 710/1498, actively running or decoding instructions: 38, waiting windows: 1246/6001. Max active instruction index: 701
2024-11-13 08:17:45 | Simulation update: decoder round 6955, completed instructions: 710/1498, actively running or decoding instructions: 30, waiting windows: 1216/6151. Max active instruction index: 701
2024-11-13 08:17:55 | Simulation update: decoder round 7156, completed instructions: 710/1498, actively running or decoding instructions: 30, waiting windows: 1253/6292. Max active instruction index: 701
2024-11-13 08:18:05 | Simulation update: decoder round 7345, completed instructions: 713/1498, actively running or decoding instructions: 29, waiting windows: 1305/6428. Max active instruction index: 701
2024-11-13 08:18:15 | Simulation update: decoder round 7529, completed instructions: 713/1498, actively running or decoding instructions: 28, waiting windows: 1272/6547. Max active instruction index: 701
2024-11-13 08:18:25 | Simulation update: decoder round 7708, completed instructions: 713/1498, actively running or decoding instructions: 27, waiting windows: 1321/6671. Max active instruction index: 701
2024-11-13 08:18:35 | Simulation update: decoder round 7881, completed instructions: 713/1498, actively running or decoding instructions: 27, waiting windows: 1271/6785. Max active instruction index: 701
2024-11-13 08:18:45 | Simulation update: decoder round 8062, completed instructions: 713/1498, actively running or decoding instructions: 23, waiting windows: 1246/6904. Max active instruction index: 701
2024-11-13 08:18:55 | Simulation update: decoder round 8235, completed instructions: 714/1498, actively running or decoding instructions: 17, waiting windows: 1312/7023. Max active instruction index: 713
2024-11-13 08:19:05 | Simulation update: decoder round 8400, completed instructions: 746/1498, actively running or decoding instructions: 21, waiting windows: 1338/7162. Max active instruction index: 744
2024-11-13 08:19:15 | Simulation update: decoder round 8566, completed instructions: 746/1498, actively running or decoding instructions: 21, waiting windows: 1362/7282. Max active instruction index: 744
2024-11-13 08:19:25 | Simulation update: decoder round 8722, completed instructions: 746/1498, actively running or decoding instructions: 18, waiting windows: 1395/7394. Max active instruction index: 744
2024-11-13 08:19:35 | Simulation update: decoder round 8869, completed instructions: 746/1498, actively running or decoding instructions: 16, waiting windows: 1435/7499. Max active instruction index: 729
2024-11-13 08:19:45 | Simulation update: decoder round 9016, completed instructions: 747/1498, actively running or decoding instructions: 15, waiting windows: 1440/7606. Max active instruction index: 729
2024-11-13 08:19:55 | Simulation update: decoder round 9156, completed instructions: 827/1498, actively running or decoding instructions: 28, waiting windows: 1525/7752. Max active instruction index: 805
2024-11-13 08:20:05 | Simulation update: decoder round 9292, completed instructions: 918/1498, actively running or decoding instructions: 41, waiting windows: 1594/7919. Max active instruction index: 896
2024-11-13 08:20:15 | Simulation update: decoder round 9427, completed instructions: 918/1498, actively running or decoding instructions: 41, waiting windows: 1491/7992. Max active instruction index: 896
2024-11-13 08:20:25 | Simulation update: decoder round 9569, completed instructions: 918/1498, actively running or decoding instructions: 38, waiting windows: 1436/8076. Max active instruction index: 896
2024-11-13 08:20:35 | Simulation update: decoder round 9711, completed instructions: 918/1498, actively running or decoding instructions: 37, waiting windows: 1392/8159. Max active instruction index: 896
2024-11-13 08:20:45 | Simulation update: decoder round 9855, completed instructions: 918/1498, actively running or decoding instructions: 33, waiting windows: 1390/8243. Max active instruction index: 896
2024-11-13 08:20:55 | Simulation update: decoder round 9997, completed instructions: 918/1498, actively running or decoding instructions: 33, waiting windows: 1373/8326. Max active instruction index: 896
2024-11-13 08:21:05 | Simulation update: decoder round 10137, completed instructions: 919/1498, actively running or decoding instructions: 31, waiting windows: 1424/8400. Max active instruction index: 920
2024-11-13 08:21:15 | Simulation update: decoder round 10271, completed instructions: 919/1498, actively running or decoding instructions: 29, waiting windows: 1436/8483. Max active instruction index: 920
2024-11-13 08:21:25 | Simulation update: decoder round 10401, completed instructions: 919/1498, actively running or decoding instructions: 26, waiting windows: 1441/8555. Max active instruction index: 920
2024-11-13 08:21:35 | Simulation update: decoder round 10533, completed instructions: 919/1498, actively running or decoding instructions: 26, waiting windows: 1412/8628. Max active instruction index: 920
2024-11-13 08:21:46 | Simulation update: decoder round 10667, completed instructions: 919/1498, actively running or decoding instructions: 26, waiting windows: 1420/8700. Max active instruction index: 920
2024-11-13 08:21:56 | Simulation update: decoder round 10799, completed instructions: 920/1498, actively running or decoding instructions: 25, waiting windows: 1439/8783. Max active instruction index: 920
2024-11-13 08:22:06 | Simulation update: decoder round 10931, completed instructions: 920/1498, actively running or decoding instructions: 24, waiting windows: 1429/8855. Max active instruction index: 920
2024-11-13 08:22:16 | Simulation update: decoder round 11060, completed instructions: 920/1498, actively running or decoding instructions: 24, waiting windows: 1461/8928. Max active instruction index: 920
2024-11-13 08:22:26 | Simulation update: decoder round 11185, completed instructions: 920/1498, actively running or decoding instructions: 24, waiting windows: 1467/9000. Max active instruction index: 920
2024-11-13 08:22:36 | Simulation update: decoder round 11311, completed instructions: 920/1498, actively running or decoding instructions: 19, waiting windows: 1470/9072. Max active instruction index: 920
2024-11-13 08:22:46 | Simulation update: decoder round 11439, completed instructions: 920/1498, actively running or decoding instructions: 18, waiting windows: 1444/9144. Max active instruction index: 919
2024-11-13 08:22:56 | Simulation update: decoder round 11569, completed instructions: 920/1498, actively running or decoding instructions: 17, waiting windows: 1438/9216. Max active instruction index: 919
2024-11-13 08:23:06 | Simulation update: decoder round 11700, completed instructions: 920/1498, actively running or decoding instructions: 17, waiting windows: 1441/9299. Max active instruction index: 919
2024-11-13 08:23:16 | Simulation update: decoder round 11829, completed instructions: 921/1498, actively running or decoding instructions: 17, waiting windows: 1445/9371. Max active instruction index: 919
2024-11-13 08:23:26 | Simulation update: decoder round 11953, completed instructions: 921/1498, actively running or decoding instructions: 16, waiting windows: 1482/9443. Max active instruction index: 919
2024-11-13 08:23:36 | Simulation update: decoder round 12072, completed instructions: 922/1498, actively running or decoding instructions: 12, waiting windows: 1521/9504. Max active instruction index: 919
2024-11-13 08:23:46 | Simulation update: decoder round 12187, completed instructions: 922/1498, actively running or decoding instructions: 12, waiting windows: 1511/9575. Max active instruction index: 919
2024-11-13 08:23:56 | Simulation update: decoder round 12301, completed instructions: 922/1498, actively running or decoding instructions: 12, waiting windows: 1536/9636. Max active instruction index: 919
2024-11-13 08:24:06 | Simulation update: decoder round 12410, completed instructions: 922/1498, actively running or decoding instructions: 10, waiting windows: 1556/9696. Max active instruction index: 919
2024-11-13 08:24:16 | Simulation update: decoder round 12516, completed instructions: 923/1498, actively running or decoding instructions: 9, waiting windows: 1575/9756. Max active instruction index: 937
2024-11-13 08:24:26 | Simulation update: decoder round 12618, completed instructions: 923/1498, actively running or decoding instructions: 9, waiting windows: 1609/9816. Max active instruction index: 937
2024-11-13 08:24:36 | Simulation update: decoder round 12718, completed instructions: 923/1498, actively running or decoding instructions: 8, waiting windows: 1617/9876. Max active instruction index: 937
2024-11-13 08:24:46 | Simulation update: decoder round 12820, completed instructions: 923/1498, actively running or decoding instructions: 8, waiting windows: 1607/9935. Max active instruction index: 937
2024-11-13 08:24:56 | Simulation update: decoder round 12921, completed instructions: 923/1498, actively running or decoding instructions: 8, waiting windows: 1587/9995. Max active instruction index: 937
2024-11-13 08:25:06 | Simulation update: decoder round 13026, completed instructions: 923/1498, actively running or decoding instructions: 8, waiting windows: 1576/10055. Max active instruction index: 937
2024-11-13 08:25:16 | Simulation update: decoder round 13132, completed instructions: 923/1498, actively running or decoding instructions: 8, waiting windows: 1583/10115. Max active instruction index: 937
2024-11-13 08:25:27 | Simulation update: decoder round 13238, completed instructions: 923/1498, actively running or decoding instructions: 8, waiting windows: 1570/10175. Max active instruction index: 937
2024-11-13 08:25:37 | Simulation update: decoder round 13342, completed instructions: 923/1498, actively running or decoding instructions: 7, waiting windows: 1598/10235. Max active instruction index: 937
2024-11-13 08:25:47 | Simulation update: decoder round 13445, completed instructions: 923/1498, actively running or decoding instructions: 7, waiting windows: 1564/10295. Max active instruction index: 937
2024-11-13 08:25:57 | Simulation update: decoder round 13549, completed instructions: 923/1498, actively running or decoding instructions: 7, waiting windows: 1587/10355. Max active instruction index: 937
2024-11-13 08:26:07 | Simulation update: decoder round 13654, completed instructions: 923/1498, actively running or decoding instructions: 7, waiting windows: 1548/10415. Max active instruction index: 937
2024-11-13 08:26:17 | Simulation update: decoder round 13762, completed instructions: 950/1498, actively running or decoding instructions: 11, waiting windows: 1579/10504. Max active instruction index: 959
2024-11-13 08:26:27 | Simulation update: decoder round 13867, completed instructions: 1019/1498, actively running or decoding instructions: 24, waiting windows: 1584/10622. Max active instruction index: 1082
2024-11-13 08:26:37 | Simulation update: decoder round 13976, completed instructions: 1055/1498, actively running or decoding instructions: 30, waiting windows: 1626/10705. Max active instruction index: 1082
2024-11-13 08:26:47 | Simulation update: decoder round 14082, completed instructions: 1055/1498, actively running or decoding instructions: 30, waiting windows: 1612/10761. Max active instruction index: 1082
2024-11-13 08:26:57 | Simulation update: decoder round 14186, completed instructions: 1055/1498, actively running or decoding instructions: 29, waiting windows: 1622/10815. Max active instruction index: 1082
2024-11-13 08:27:07 | Simulation update: decoder round 14287, completed instructions: 1055/1498, actively running or decoding instructions: 28, waiting windows: 1633/10870. Max active instruction index: 1082
2024-11-13 08:27:17 | Simulation update: decoder round 14387, completed instructions: 1055/1498, actively running or decoding instructions: 28, waiting windows: 1569/10918. Max active instruction index: 1082
2024-11-13 08:27:27 | Simulation update: decoder round 14491, completed instructions: 1055/1498, actively running or decoding instructions: 28, waiting windows: 1590/10973. Max active instruction index: 1082
2024-11-13 08:27:37 | Simulation update: decoder round 14593, completed instructions: 1055/1498, actively running or decoding instructions: 28, waiting windows: 1585/11025. Max active instruction index: 1082
2024-11-13 08:27:47 | Simulation update: decoder round 14696, completed instructions: 1055/1498, actively running or decoding instructions: 28, waiting windows: 1580/11080. Max active instruction index: 1082
2024-11-13 08:27:57 | Simulation update: decoder round 14798, completed instructions: 1055/1498, actively running or decoding instructions: 28, waiting windows: 1597/11135. Max active instruction index: 1082
2024-11-13 08:28:07 | Simulation update: decoder round 14898, completed instructions: 1055/1498, actively running or decoding instructions: 28, waiting windows: 1630/11189. Max active instruction index: 1082
2024-11-13 08:28:17 | Simulation update: decoder round 14998, completed instructions: 1055/1498, actively running or decoding instructions: 28, waiting windows: 1608/11237. Max active instruction index: 1082
2024-11-13 08:28:27 | Simulation update: decoder round 15097, completed instructions: 1055/1498, actively running or decoding instructions: 28, waiting windows: 1619/11289. Max active instruction index: 1082
2024-11-13 08:28:38 | Simulation update: decoder round 15198, completed instructions: 1055/1498, actively running or decoding instructions: 28, waiting windows: 1597/11344. Max active instruction index: 1082
2024-11-13 08:28:48 | Simulation update: decoder round 15300, completed instructions: 1055/1498, actively running or decoding instructions: 28, waiting windows: 1607/11399. Max active instruction index: 1082
2024-11-13 08:28:58 | Simulation update: decoder round 15401, completed instructions: 1055/1498, actively running or decoding instructions: 28, waiting windows: 1615/11453. Max active instruction index: 1082
2024-11-13 08:29:08 | Simulation update: decoder round 15501, completed instructions: 1055/1498, actively running or decoding instructions: 28, waiting windows: 1604/11501. Max active instruction index: 1082
2024-11-13 08:29:18 | Simulation update: decoder round 15599, completed instructions: 1056/1498, actively running or decoding instructions: 24, waiting windows: 1611/11553. Max active instruction index: 1082
2024-11-13 08:29:28 | Simulation update: decoder round 15696, completed instructions: 1056/1498, actively running or decoding instructions: 24, waiting windows: 1606/11607. Max active instruction index: 1082
2024-11-13 08:29:38 | Simulation update: decoder round 15796, completed instructions: 1056/1498, actively running or decoding instructions: 21, waiting windows: 1590/11655. Max active instruction index: 1082
2024-11-13 08:29:48 | Simulation update: decoder round 15897, completed instructions: 1056/1498, actively running or decoding instructions: 21, waiting windows: 1560/11707. Max active instruction index: 1082
2024-11-13 08:29:58 | Simulation update: decoder round 15997, completed instructions: 1056/1498, actively running or decoding instructions: 21, waiting windows: 1600/11762. Max active instruction index: 1082
2024-11-13 08:30:08 | Simulation update: decoder round 16094, completed instructions: 1056/1498, actively running or decoding instructions: 17, waiting windows: 1623/11816. Max active instruction index: 1082
2024-11-13 08:30:18 | Simulation update: decoder round 16191, completed instructions: 1056/1498, actively running or decoding instructions: 16, waiting windows: 1605/11861. Max active instruction index: 1082
2024-11-13 08:30:28 | Simulation update: decoder round 16286, completed instructions: 1062/1498, actively running or decoding instructions: 17, waiting windows: 1642/11921. Max active instruction index: 1082
2024-11-13 08:30:38 | Simulation update: decoder round 16377, completed instructions: 1078/1498, actively running or decoding instructions: 20, waiting windows: 1684/11984. Max active instruction index: 1082
2024-11-13 08:30:48 | Simulation update: decoder round 16465, completed instructions: 1081/1498, actively running or decoding instructions: 23, waiting windows: 1699/12038. Max active instruction index: 1082
2024-11-13 08:30:59 | Simulation update: decoder round 16552, completed instructions: 1105/1498, actively running or decoding instructions: 30, waiting windows: 1746/12107. Max active instruction index: 1094
2024-11-13 08:31:09 | Simulation update: decoder round 16636, completed instructions: 1146/1498, actively running or decoding instructions: 41, waiting windows: 1767/12177. Max active instruction index: 1128
2024-11-13 08:31:19 | Simulation update: decoder round 16718, completed instructions: 1210/1498, actively running or decoding instructions: 56, waiting windows: 1809/12257. Max active instruction index: 1213
2024-11-13 08:31:29 | Simulation update: decoder round 16796, completed instructions: 1251/1498, actively running or decoding instructions: 55, waiting windows: 1829/12319. Max active instruction index: 1214
2024-11-13 08:31:39 | Simulation update: decoder round 16876, completed instructions: 1251/1498, actively running or decoding instructions: 54, waiting windows: 1725/12341. Max active instruction index: 1214
2024-11-13 08:31:49 | Simulation update: decoder round 16962, completed instructions: 1251/1498, actively running or decoding instructions: 53, waiting windows: 1673/12369. Max active instruction index: 1214
2024-11-13 08:31:59 | Simulation update: decoder round 17049, completed instructions: 1251/1498, actively running or decoding instructions: 53, waiting windows: 1643/12403. Max active instruction index: 1214
2024-11-13 08:32:09 | Simulation update: decoder round 17137, completed instructions: 1251/1498, actively running or decoding instructions: 53, waiting windows: 1578/12432. Max active instruction index: 1214
2024-11-13 08:32:19 | Simulation update: decoder round 17227, completed instructions: 1251/1498, actively running or decoding instructions: 50, waiting windows: 1588/12460. Max active instruction index: 1214
2024-11-13 08:32:29 | Simulation update: decoder round 17318, completed instructions: 1251/1498, actively running or decoding instructions: 49, waiting windows: 1587/12488. Max active instruction index: 1214
2024-11-13 08:32:39 | Simulation update: decoder round 17408, completed instructions: 1251/1498, actively running or decoding instructions: 49, waiting windows: 1588/12522. Max active instruction index: 1214
2024-11-13 08:32:49 | Simulation update: decoder round 17499, completed instructions: 1251/1498, actively running or decoding instructions: 49, waiting windows: 1571/12551. Max active instruction index: 1214
2024-11-13 08:32:59 | Simulation update: decoder round 17591, completed instructions: 1251/1498, actively running or decoding instructions: 49, waiting windows: 1552/12579. Max active instruction index: 1214
2024-11-13 08:33:09 | Simulation update: decoder round 17685, completed instructions: 1251/1498, actively running or decoding instructions: 48, waiting windows: 1559/12614. Max active instruction index: 1214
2024-11-13 08:33:19 | Simulation update: decoder round 17781, completed instructions: 1251/1498, actively running or decoding instructions: 48, waiting windows: 1531/12642. Max active instruction index: 1214
2024-11-13 08:33:30 | Simulation update: decoder round 17881, completed instructions: 1251/1498, actively running or decoding instructions: 47, waiting windows: 1458/12677. Max active instruction index: 1214
2024-11-13 08:33:40 | Simulation update: decoder round 17989, completed instructions: 1251/1498, actively running or decoding instructions: 43, waiting windows: 1435/12712. Max active instruction index: 1214
2024-11-13 08:33:50 | Simulation update: decoder round 18096, completed instructions: 1251/1498, actively running or decoding instructions: 42, waiting windows: 1426/12747. Max active instruction index: 1214
2024-11-13 08:34:00 | Simulation update: decoder round 18204, completed instructions: 1251/1498, actively running or decoding instructions: 39, waiting windows: 1386/12788. Max active instruction index: 1214
2024-11-13 08:34:10 | Simulation update: decoder round 18313, completed instructions: 1252/1498, actively running or decoding instructions: 35, waiting windows: 1402/12824. Max active instruction index: 1214
2024-11-13 08:34:20 | Simulation update: decoder round 18421, completed instructions: 1252/1498, actively running or decoding instructions: 35, waiting windows: 1393/12859. Max active instruction index: 1214
2024-11-13 08:34:30 | Simulation update: decoder round 18529, completed instructions: 1252/1498, actively running or decoding instructions: 35, waiting windows: 1406/12894. Max active instruction index: 1214
2024-11-13 08:34:40 | Simulation update: decoder round 18635, completed instructions: 1252/1498, actively running or decoding instructions: 35, waiting windows: 1415/12929. Max active instruction index: 1214
2024-11-13 08:34:50 | Simulation update: decoder round 18740, completed instructions: 1252/1498, actively running or decoding instructions: 33, waiting windows: 1411/12964. Max active instruction index: 1214
2024-11-13 08:35:00 | Simulation update: decoder round 18845, completed instructions: 1252/1498, actively running or decoding instructions: 32, waiting windows: 1423/12999. Max active instruction index: 1214
2024-11-13 08:35:10 | Simulation update: decoder round 18950, completed instructions: 1252/1498, actively running or decoding instructions: 32, waiting windows: 1404/13034. Max active instruction index: 1214
2024-11-13 08:35:20 | Simulation update: decoder round 19059, completed instructions: 1253/1498, actively running or decoding instructions: 29, waiting windows: 1378/13069. Max active instruction index: 1214
2024-11-13 08:35:30 | Simulation update: decoder round 19169, completed instructions: 1253/1498, actively running or decoding instructions: 29, waiting windows: 1386/13110. Max active instruction index: 1214
2024-11-13 08:35:40 | Simulation update: decoder round 19277, completed instructions: 1253/1498, actively running or decoding instructions: 29, waiting windows: 1400/13145. Max active instruction index: 1214
2024-11-13 08:35:50 | Simulation update: decoder round 19383, completed instructions: 1253/1498, actively running or decoding instructions: 29, waiting windows: 1415/13180. Max active instruction index: 1214
2024-11-13 08:36:00 | Simulation update: decoder round 19494, completed instructions: 1253/1498, actively running or decoding instructions: 29, waiting windows: 1319/13216. Max active instruction index: 1214
2024-11-13 08:36:10 | Simulation update: decoder round 19608, completed instructions: 1253/1498, actively running or decoding instructions: 29, waiting windows: 1329/13251. Max active instruction index: 1214
2024-11-13 08:36:20 | Simulation update: decoder round 19723, completed instructions: 1253/1498, actively running or decoding instructions: 29, waiting windows: 1329/13293. Max active instruction index: 1214
2024-11-13 08:36:30 | Simulation update: decoder round 19836, completed instructions: 1254/1498, actively running or decoding instructions: 26, waiting windows: 1334/13328. Max active instruction index: 1261
2024-11-13 08:36:40 | Simulation update: decoder round 19947, completed instructions: 1254/1498, actively running or decoding instructions: 26, waiting windows: 1346/13369. Max active instruction index: 1261
2024-11-13 08:36:50 | Simulation update: decoder round 20057, completed instructions: 1254/1498, actively running or decoding instructions: 26, waiting windows: 1340/13405. Max active instruction index: 1261
2024-11-13 08:37:01 | Simulation update: decoder round 20170, completed instructions: 1254/1498, actively running or decoding instructions: 25, waiting windows: 1313/13440. Max active instruction index: 1261
2024-11-13 08:37:11 | Simulation update: decoder round 20281, completed instructions: 1254/1498, actively running or decoding instructions: 23, waiting windows: 1310/13481. Max active instruction index: 1261
2024-11-13 08:37:21 | Simulation update: decoder round 20395, completed instructions: 1254/1498, actively running or decoding instructions: 23, waiting windows: 1318/13517. Max active instruction index: 1261
2024-11-13 08:37:31 | Simulation update: decoder round 20507, completed instructions: 1254/1498, actively running or decoding instructions: 22, waiting windows: 1317/13552. Max active instruction index: 1261
2024-11-13 08:37:41 | Simulation update: decoder round 20619, completed instructions: 1254/1498, actively running or decoding instructions: 22, waiting windows: 1322/13593. Max active instruction index: 1261
2024-11-13 08:37:51 | Simulation update: decoder round 20729, completed instructions: 1254/1498, actively running or decoding instructions: 22, waiting windows: 1320/13629. Max active instruction index: 1261
2024-11-13 08:38:01 | Simulation update: decoder round 20840, completed instructions: 1270/1498, actively running or decoding instructions: 20, waiting windows: 1315/13679. Max active instruction index: 1273
2024-11-13 08:38:11 | Simulation update: decoder round 20952, completed instructions: 1270/1498, actively running or decoding instructions: 20, waiting windows: 1297/13714. Max active instruction index: 1273
2024-11-13 08:38:21 | Simulation update: decoder round 21063, completed instructions: 1270/1498, actively running or decoding instructions: 20, waiting windows: 1267/13752. Max active instruction index: 1273
2024-11-13 08:38:31 | Simulation update: decoder round 21178, completed instructions: 1270/1498, actively running or decoding instructions: 16, waiting windows: 1236/13791. Max active instruction index: 1273
2024-11-13 08:38:41 | Simulation update: decoder round 21292, completed instructions: 1270/1498, actively running or decoding instructions: 15, waiting windows: 1199/13829. Max active instruction index: 1273
2024-11-13 08:38:51 | Simulation update: decoder round 21407, completed instructions: 1271/1498, actively running or decoding instructions: 14, waiting windows: 1208/13868. Max active instruction index: 1273
2024-11-13 08:39:01 | Simulation update: decoder round 21521, completed instructions: 1271/1498, actively running or decoding instructions: 14, waiting windows: 1234/13906. Max active instruction index: 1273
2024-11-13 08:39:11 | Simulation update: decoder round 21632, completed instructions: 1271/1498, actively running or decoding instructions: 14, waiting windows: 1248/13945. Max active instruction index: 1273
2024-11-13 08:39:21 | Simulation update: decoder round 21742, completed instructions: 1271/1498, actively running or decoding instructions: 14, waiting windows: 1250/13980. Max active instruction index: 1273
2024-11-13 08:39:31 | Simulation update: decoder round 21856, completed instructions: 1271/1498, actively running or decoding instructions: 14, waiting windows: 1205/14018. Max active instruction index: 1273
2024-11-13 08:39:41 | Simulation update: decoder round 21970, completed instructions: 1297/1498, actively running or decoding instructions: 16, waiting windows: 1227/14081. Max active instruction index: 1286
2024-11-13 08:39:51 | Simulation update: decoder round 22085, completed instructions: 1350/1498, actively running or decoding instructions: 25, waiting windows: 1207/14160. Max active instruction index: 1324
2024-11-13 08:40:01 | Simulation update: decoder round 22203, completed instructions: 1400/1498, actively running or decoding instructions: 34, waiting windows: 1223/14233. Max active instruction index: 1378
2024-11-13 08:40:11 | Simulation update: decoder round 22322, completed instructions: 1407/1498, actively running or decoding instructions: 34, waiting windows: 1146/14269. Max active instruction index: 1378
2024-11-13 08:40:21 | Simulation update: decoder round 22448, completed instructions: 1407/1498, actively running or decoding instructions: 31, waiting windows: 1123/14299. Max active instruction index: 1378
2024-11-13 08:40:31 | Simulation update: decoder round 22575, completed instructions: 1407/1498, actively running or decoding instructions: 31, waiting windows: 1085/14329. Max active instruction index: 1378
2024-11-13 08:40:41 | Simulation update: decoder round 22705, completed instructions: 1407/1498, actively running or decoding instructions: 30, waiting windows: 1089/14359. Max active instruction index: 1378
2024-11-13 08:40:51 | Simulation update: decoder round 22834, completed instructions: 1407/1498, actively running or decoding instructions: 29, waiting windows: 1067/14389. Max active instruction index: 1378
2024-11-13 08:41:02 | Simulation update: decoder round 22964, completed instructions: 1407/1498, actively running or decoding instructions: 29, waiting windows: 1067/14419. Max active instruction index: 1378
2024-11-13 08:41:12 | Simulation update: decoder round 23093, completed instructions: 1407/1498, actively running or decoding instructions: 29, waiting windows: 1045/14449. Max active instruction index: 1378
2024-11-13 08:41:22 | Simulation update: decoder round 23221, completed instructions: 1407/1498, actively running or decoding instructions: 29, waiting windows: 1070/14484. Max active instruction index: 1378
2024-11-13 08:41:32 | Simulation update: decoder round 23347, completed instructions: 1407/1498, actively running or decoding instructions: 29, waiting windows: 1044/14514. Max active instruction index: 1378
2024-11-13 08:41:42 | Simulation update: decoder round 23474, completed instructions: 1407/1498, actively running or decoding instructions: 27, waiting windows: 1059/14544. Max active instruction index: 1378
2024-11-13 08:41:52 | Simulation update: decoder round 23599, completed instructions: 1407/1498, actively running or decoding instructions: 27, waiting windows: 1048/14574. Max active instruction index: 1378
2024-11-13 08:42:02 | Simulation update: decoder round 23724, completed instructions: 1407/1498, actively running or decoding instructions: 26, waiting windows: 1061/14604. Max active instruction index: 1378
2024-11-13 08:42:12 | Simulation update: decoder round 23850, completed instructions: 1407/1498, actively running or decoding instructions: 26, waiting windows: 1040/14634. Max active instruction index: 1378
2024-11-13 08:42:22 | Simulation update: decoder round 23979, completed instructions: 1407/1498, actively running or decoding instructions: 26, waiting windows: 1060/14664. Max active instruction index: 1378
2024-11-13 08:42:32 | Simulation update: decoder round 24105, completed instructions: 1407/1498, actively running or decoding instructions: 26, waiting windows: 1072/14694. Max active instruction index: 1378
2024-11-13 08:42:42 | Simulation update: decoder round 24227, completed instructions: 1407/1498, actively running or decoding instructions: 26, waiting windows: 1085/14719. Max active instruction index: 1378
2024-11-13 08:42:52 | Simulation update: decoder round 24349, completed instructions: 1407/1498, actively running or decoding instructions: 25, waiting windows: 1031/14749. Max active instruction index: 1378
2024-11-13 08:43:02 | Simulation update: decoder round 24474, completed instructions: 1408/1498, actively running or decoding instructions: 23, waiting windows: 1044/14779. Max active instruction index: 1396
2024-11-13 08:43:12 | Simulation update: decoder round 24599, completed instructions: 1408/1498, actively running or decoding instructions: 23, waiting windows: 1029/14809. Max active instruction index: 1396
2024-11-13 08:43:22 | Simulation update: decoder round 24727, completed instructions: 1408/1498, actively running or decoding instructions: 23, waiting windows: 1033/14839. Max active instruction index: 1396
2024-11-13 08:43:32 | Simulation update: decoder round 24856, completed instructions: 1408/1498, actively running or decoding instructions: 23, waiting windows: 976/14869. Max active instruction index: 1396
2024-11-13 08:43:42 | Simulation update: decoder round 24989, completed instructions: 1408/1498, actively running or decoding instructions: 22, waiting windows: 997/14904. Max active instruction index: 1396
2024-11-13 08:43:52 | Simulation update: decoder round 25120, completed instructions: 1408/1498, actively running or decoding instructions: 22, waiting windows: 991/14934. Max active instruction index: 1396
2024-11-13 08:44:02 | Simulation update: decoder round 25249, completed instructions: 1408/1498, actively running or decoding instructions: 22, waiting windows: 1004/14964. Max active instruction index: 1396
2024-11-13 08:44:12 | Simulation update: decoder round 25379, completed instructions: 1408/1498, actively running or decoding instructions: 21, waiting windows: 991/14994. Max active instruction index: 1396
2024-11-13 08:44:22 | Simulation update: decoder round 25507, completed instructions: 1408/1498, actively running or decoding instructions: 21, waiting windows: 1024/15024. Max active instruction index: 1396
2024-11-13 08:44:32 | Simulation update: decoder round 25636, completed instructions: 1408/1498, actively running or decoding instructions: 21, waiting windows: 972/15059. Max active instruction index: 1396
2024-11-13 08:44:42 | Simulation update: decoder round 25769, completed instructions: 1408/1498, actively running or decoding instructions: 20, waiting windows: 969/15089. Max active instruction index: 1396
2024-11-13 08:44:52 | Simulation update: decoder round 25905, completed instructions: 1408/1498, actively running or decoding instructions: 20, waiting windows: 954/15119. Max active instruction index: 1396
2024-11-13 08:45:02 | Simulation update: decoder round 26039, completed instructions: 1408/1498, actively running or decoding instructions: 20, waiting windows: 973/15154. Max active instruction index: 1396
2024-11-13 08:45:12 | Simulation update: decoder round 26184, completed instructions: 1408/1498, actively running or decoding instructions: 19, waiting windows: 938/15189. Max active instruction index: 1396
2024-11-13 08:45:23 | Simulation update: decoder round 26330, completed instructions: 1408/1498, actively running or decoding instructions: 19, waiting windows: 923/15224. Max active instruction index: 1396
2024-11-13 08:45:33 | Simulation update: decoder round 26477, completed instructions: 1438/1498, actively running or decoding instructions: 17, waiting windows: 960/15289. Max active instruction index: 1429
2024-11-13 08:45:43 | Simulation update: decoder round 26637, completed instructions: 1438/1498, actively running or decoding instructions: 16, waiting windows: 897/15334. Max active instruction index: 1429
2024-11-13 08:45:53 | Simulation update: decoder round 26801, completed instructions: 1438/1498, actively running or decoding instructions: 16, waiting windows: 860/15379. Max active instruction index: 1429
2024-11-13 08:46:03 | Simulation update: decoder round 26966, completed instructions: 1438/1498, actively running or decoding instructions: 14, waiting windows: 844/15427. Max active instruction index: 1424
2024-11-13 08:46:13 | Simulation update: decoder round 27126, completed instructions: 1438/1498, actively running or decoding instructions: 12, waiting windows: 839/15475. Max active instruction index: 1424
2024-11-13 08:46:23 | Simulation update: decoder round 27286, completed instructions: 1438/1498, actively running or decoding instructions: 12, waiting windows: 866/15517. Max active instruction index: 1424
2024-11-13 08:46:33 | Simulation update: decoder round 27442, completed instructions: 1438/1498, actively running or decoding instructions: 12, waiting windows: 876/15565. Max active instruction index: 1424
2024-11-13 08:46:43 | Simulation update: decoder round 27593, completed instructions: 1438/1498, actively running or decoding instructions: 12, waiting windows: 894/15607. Max active instruction index: 1424
2024-11-13 08:46:53 | Simulation update: decoder round 27749, completed instructions: 1438/1498, actively running or decoding instructions: 12, waiting windows: 856/15649. Max active instruction index: 1424
2024-11-13 08:47:03 | Simulation update: decoder round 27906, completed instructions: 1438/1498, actively running or decoding instructions: 11, waiting windows: 820/15697. Max active instruction index: 1424
2024-11-13 08:47:13 | Simulation update: decoder round 28072, completed instructions: 1488/1498, actively running or decoding instructions: 17, waiting windows: 879/15781. Max active instruction index: 1462
2024-11-13 08:47:23 | Simulation update: decoder round 28265, completed instructions: 1498/1498, actively running or decoding instructions: 18, waiting windows: 745/15789. Max active instruction index: 1464
2024-11-13 08:47:33 | Simulation update: decoder round 28487, completed instructions: 1498/1498, actively running or decoding instructions: 16, waiting windows: 671/15789. Max active instruction index: 1462
2024-11-13 08:47:43 | Simulation update: decoder round 28728, completed instructions: 1498/1498, actively running or decoding instructions: 16, waiting windows: 643/15789. Max active instruction index: 1462
2024-11-13 08:47:53 | Simulation update: decoder round 29010, completed instructions: 1498/1498, actively running or decoding instructions: 13, waiting windows: 559/15789. Max active instruction index: 1462
2024-11-13 08:48:03 | Simulation update: decoder round 29336, completed instructions: 1498/1498, actively running or decoding instructions: 13, waiting windows: 502/15789. Max active instruction index: 1462
2024-11-13 08:48:13 | Simulation update: decoder round 29730, completed instructions: 1498/1498, actively running or decoding instructions: 12, waiting windows: 439/15789. Max active instruction index: 1462
2024-11-13 08:48:23 | Simulation update: decoder round 30321, completed instructions: 1498/1498, actively running or decoding instructions: 11, waiting windows: 260/15789. Max active instruction index: 1462
2024-11-13 08:48:33 | Simulation update: decoder round 31655, completed instructions: 1498/1498, actively running or decoding instructions: 6, waiting windows: 77/15789. Max active instruction index: 1459
2024-11-13 08:48:36 | Finished simulation
2024-11-13 08:48:36 | Finished saving output. Done! Total elapsed time: 0:33:52.119381
