CONFIG 518
benchmark_file: slurm/data/20241113_081402/benchmarks/qrom_15_15.lss
decoder_latency_or_dist_filename: lambda volume: volume*5.994842503189409
distance: 21
lightweight_setting: 1
max_parallel_processes: None
missed_speculation_modifier: 1.4
poison_policy: descendants
rng: 8
scheduling_method: sliding
speculation_accuracy: 0.9
speculation_latency: 1
speculation_mode: separate
2024-11-13 08:14:56 | Loading benchmark slurm/data/20241113_081402/benchmarks/qrom_15_15.lss...
2024-11-13 08:14:56 | Starting simulation
2024-11-13 08:14:56 | Simulation update: decoder round 1, completed instructions: 0/1498, actively running or decoding instructions: 10, waiting windows: 0/0. Max active instruction index: 66
2024-11-13 08:15:06 | Simulation update: decoder round 1718, completed instructions: 223/1498, actively running or decoding instructions: 10, waiting windows: 382/1483. Max active instruction index: 214
2024-11-13 08:15:16 | Simulation update: decoder round 2883, completed instructions: 409/1498, actively running or decoding instructions: 28, waiting windows: 576/2652. Max active instruction index: 410
2024-11-13 08:15:26 | Simulation update: decoder round 3773, completed instructions: 518/1498, actively running or decoding instructions: 29, waiting windows: 561/3444. Max active instruction index: 515
2024-11-13 08:15:36 | Simulation update: decoder round 4446, completed instructions: 642/1498, actively running or decoding instructions: 21, waiting windows: 720/4148. Max active instruction index: 652
2024-11-13 08:15:46 | Simulation update: decoder round 5020, completed instructions: 710/1498, actively running or decoding instructions: 25, waiting windows: 738/4617. Max active instruction index: 701
2024-11-13 08:15:56 | Simulation update: decoder round 5565, completed instructions: 747/1498, actively running or decoding instructions: 14, waiting windows: 679/5017. Max active instruction index: 744
2024-11-13 08:16:06 | Simulation update: decoder round 6052, completed instructions: 918/1498, actively running or decoding instructions: 36, waiting windows: 720/5452. Max active instruction index: 896
2024-11-13 08:16:16 | Simulation update: decoder round 6536, completed instructions: 919/1498, actively running or decoding instructions: 17, waiting windows: 730/5728. Max active instruction index: 896
2024-11-13 08:16:26 | Simulation update: decoder round 6949, completed instructions: 954/1498, actively running or decoding instructions: 21, waiting windows: 770/6008. Max active instruction index: 972
2024-11-13 08:16:36 | Simulation update: decoder round 7355, completed instructions: 961/1498, actively running or decoding instructions: 18, waiting windows: 782/6249. Max active instruction index: 959
2024-11-13 08:16:46 | Simulation update: decoder round 7706, completed instructions: 1052/1498, actively running or decoding instructions: 29, waiting windows: 846/6525. Max active instruction index: 1082
2024-11-13 08:16:56 | Simulation update: decoder round 8061, completed instructions: 1055/1498, actively running or decoding instructions: 23, waiting windows: 820/6728. Max active instruction index: 1082
2024-11-13 08:17:06 | Simulation update: decoder round 8388, completed instructions: 1055/1498, actively running or decoding instructions: 22, waiting windows: 827/6903. Max active instruction index: 1082
2024-11-13 08:17:16 | Simulation update: decoder round 8744, completed instructions: 1055/1498, actively running or decoding instructions: 21, waiting windows: 768/7090. Max active instruction index: 1082
2024-11-13 08:17:26 | Simulation update: decoder round 9102, completed instructions: 1056/1498, actively running or decoding instructions: 13, waiting windows: 770/7277. Max active instruction index: 1082
2024-11-13 08:17:36 | Simulation update: decoder round 9429, completed instructions: 1075/1498, actively running or decoding instructions: 16, waiting windows: 866/7490. Max active instruction index: 1082
2024-11-13 08:17:46 | Simulation update: decoder round 9728, completed instructions: 1078/1498, actively running or decoding instructions: 13, waiting windows: 848/7674. Max active instruction index: 1082
2024-11-13 08:17:56 | Simulation update: decoder round 10066, completed instructions: 1078/1498, actively running or decoding instructions: 12, waiting windows: 737/7867. Max active instruction index: 1054
2024-11-13 08:18:06 | Simulation update: decoder round 10430, completed instructions: 1078/1498, actively running or decoding instructions: 12, waiting windows: 776/8073. Max active instruction index: 1054
2024-11-13 08:18:16 | Simulation update: decoder round 10781, completed instructions: 1078/1498, actively running or decoding instructions: 5, waiting windows: 745/8275. Max active instruction index: 1048
2024-11-13 08:18:26 | Simulation update: decoder round 11151, completed instructions: 1081/1498, actively running or decoding instructions: 4, waiting windows: 791/8485. Max active instruction index: 1074
2024-11-13 08:18:36 | Simulation update: decoder round 11487, completed instructions: 1251/1498, actively running or decoding instructions: 37, waiting windows: 876/8768. Max active instruction index: 1214
2024-11-13 08:18:46 | Simulation update: decoder round 11832, completed instructions: 1251/1498, actively running or decoding instructions: 36, waiting windows: 759/8881. Max active instruction index: 1214
2024-11-13 08:18:56 | Simulation update: decoder round 12188, completed instructions: 1251/1498, actively running or decoding instructions: 34, waiting windows: 714/9000. Max active instruction index: 1214
2024-11-13 08:19:06 | Simulation update: decoder round 12556, completed instructions: 1251/1498, actively running or decoding instructions: 33, waiting windows: 631/9125. Max active instruction index: 1214
2024-11-13 08:19:16 | Simulation update: decoder round 12977, completed instructions: 1264/1498, actively running or decoding instructions: 24, waiting windows: 645/9281. Max active instruction index: 1258
2024-11-13 08:19:26 | Simulation update: decoder round 13382, completed instructions: 1267/1498, actively running or decoding instructions: 21, waiting windows: 621/9436. Max active instruction index: 1269
2024-11-13 08:19:36 | Simulation update: decoder round 13777, completed instructions: 1317/1498, actively running or decoding instructions: 22, waiting windows: 671/9631. Max active instruction index: 1313
2024-11-13 08:19:46 | Simulation update: decoder round 14132, completed instructions: 1317/1498, actively running or decoding instructions: 14, waiting windows: 692/9767. Max active instruction index: 1313
2024-11-13 08:19:56 | Simulation update: decoder round 14447, completed instructions: 1317/1498, actively running or decoding instructions: 12, waiting windows: 741/9887. Max active instruction index: 1313
2024-11-13 08:20:06 | Simulation update: decoder round 14724, completed instructions: 1363/1498, actively running or decoding instructions: 20, waiting windows: 790/10018. Max active instruction index: 1339
2024-11-13 08:20:17 | Simulation update: decoder round 14989, completed instructions: 1407/1498, actively running or decoding instructions: 26, waiting windows: 772/10117. Max active instruction index: 1378
2024-11-13 08:20:27 | Simulation update: decoder round 15253, completed instructions: 1407/1498, actively running or decoding instructions: 25, waiting windows: 755/10182. Max active instruction index: 1378
2024-11-13 08:20:37 | Simulation update: decoder round 15522, completed instructions: 1407/1498, actively running or decoding instructions: 24, waiting windows: 727/10245. Max active instruction index: 1378
2024-11-13 08:20:47 | Simulation update: decoder round 15796, completed instructions: 1407/1498, actively running or decoding instructions: 23, waiting windows: 719/10312. Max active instruction index: 1378
2024-11-13 08:20:57 | Simulation update: decoder round 16080, completed instructions: 1407/1498, actively running or decoding instructions: 22, waiting windows: 697/10377. Max active instruction index: 1378
2024-11-13 08:21:07 | Simulation update: decoder round 16360, completed instructions: 1407/1498, actively running or decoding instructions: 19, waiting windows: 705/10445. Max active instruction index: 1378
2024-11-13 08:21:17 | Simulation update: decoder round 16649, completed instructions: 1408/1498, actively running or decoding instructions: 12, waiting windows: 654/10512. Max active instruction index: 1368
2024-11-13 08:21:27 | Simulation update: decoder round 16956, completed instructions: 1408/1498, actively running or decoding instructions: 12, waiting windows: 639/10587. Max active instruction index: 1368
2024-11-13 08:21:37 | Simulation update: decoder round 17254, completed instructions: 1408/1498, actively running or decoding instructions: 12, waiting windows: 650/10657. Max active instruction index: 1368
2024-11-13 08:21:47 | Simulation update: decoder round 17522, completed instructions: 1408/1498, actively running or decoding instructions: 10, waiting windows: 674/10722. Max active instruction index: 1368
2024-11-13 08:21:57 | Simulation update: decoder round 17773, completed instructions: 1408/1498, actively running or decoding instructions: 8, waiting windows: 709/10782. Max active instruction index: 1368
2024-11-13 08:22:07 | Simulation update: decoder round 18034, completed instructions: 1408/1498, actively running or decoding instructions: 7, waiting windows: 686/10842. Max active instruction index: 1368
2024-11-13 08:22:17 | Simulation update: decoder round 18286, completed instructions: 1409/1498, actively running or decoding instructions: 5, waiting windows: 708/10902. Max active instruction index: 1368
2024-11-13 08:22:27 | Simulation update: decoder round 18519, completed instructions: 1409/1498, actively running or decoding instructions: 5, waiting windows: 749/10957. Max active instruction index: 1368
2024-11-13 08:22:37 | Simulation update: decoder round 18747, completed instructions: 1433/1498, actively running or decoding instructions: 8, waiting windows: 765/11033. Max active instruction index: 1436
2024-11-13 08:22:47 | Simulation update: decoder round 18970, completed instructions: 1498/1498, actively running or decoding instructions: 19, waiting windows: 769/11101. Max active instruction index: 1464
2024-11-13 08:22:57 | Simulation update: decoder round 19228, completed instructions: 1498/1498, actively running or decoding instructions: 16, waiting windows: 661/11101. Max active instruction index: 1462
2024-11-13 08:23:07 | Simulation update: decoder round 19521, completed instructions: 1498/1498, actively running or decoding instructions: 16, waiting windows: 629/11101. Max active instruction index: 1462
2024-11-13 08:23:17 | Simulation update: decoder round 19855, completed instructions: 1498/1498, actively running or decoding instructions: 16, waiting windows: 571/11101. Max active instruction index: 1462
2024-11-13 08:23:27 | Simulation update: decoder round 20269, completed instructions: 1498/1498, actively running or decoding instructions: 16, waiting windows: 494/11101. Max active instruction index: 1462
2024-11-13 08:23:37 | Simulation update: decoder round 20833, completed instructions: 1498/1498, actively running or decoding instructions: 16, waiting windows: 410/11101. Max active instruction index: 1462
2024-11-13 08:23:47 | Simulation update: decoder round 22412, completed instructions: 1498/1498, actively running or decoding instructions: 9, waiting windows: 86/11101. Max active instruction index: 1462
2024-11-13 08:23:47 | Finished simulation
2024-11-13 08:23:47 | Finished saving output. Done! Total elapsed time: 0:08:51.674265
