CONFIG 528
benchmark_file: slurm/data/20241113_081402/benchmarks/qrom_15_15.lss
decoder_latency_or_dist_filename: lambda volume: volume*5.994842503189409
distance: 21
lightweight_setting: 1
max_parallel_processes: None
missed_speculation_modifier: 2.0
poison_policy: descendants
rng: 8
scheduling_method: sliding
speculation_accuracy: 0.9
speculation_latency: 1
speculation_mode: separate
2024-11-13 08:14:57 | Loading benchmark slurm/data/20241113_081402/benchmarks/qrom_15_15.lss...
2024-11-13 08:14:57 | Starting simulation
2024-11-13 08:14:57 | Simulation update: decoder round 1, completed instructions: 0/1498, actively running or decoding instructions: 10, waiting windows: 0/0. Max active instruction index: 66
2024-11-13 08:15:07 | Simulation update: decoder round 1705, completed instructions: 223/1498, actively running or decoding instructions: 10, waiting windows: 383/1482. Max active instruction index: 214
2024-11-13 08:15:17 | Simulation update: decoder round 2864, completed instructions: 393/1498, actively running or decoding instructions: 25, waiting windows: 561/2620. Max active instruction index: 405
2024-11-13 08:15:28 | Simulation update: decoder round 3746, completed instructions: 518/1498, actively running or decoding instructions: 33, waiting windows: 565/3427. Max active instruction index: 515
2024-11-13 08:15:38 | Simulation update: decoder round 4420, completed instructions: 635/1498, actively running or decoding instructions: 22, waiting windows: 728/4115. Max active instruction index: 652
2024-11-13 08:15:48 | Simulation update: decoder round 4991, completed instructions: 710/1498, actively running or decoding instructions: 25, waiting windows: 732/4597. Max active instruction index: 701
2024-11-13 08:15:58 | Simulation update: decoder round 5530, completed instructions: 746/1498, actively running or decoding instructions: 14, waiting windows: 674/4995. Max active instruction index: 744
2024-11-13 08:16:08 | Simulation update: decoder round 6015, completed instructions: 918/1498, actively running or decoding instructions: 37, waiting windows: 732/5435. Max active instruction index: 896
2024-11-13 08:16:18 | Simulation update: decoder round 6500, completed instructions: 919/1498, actively running or decoding instructions: 20, waiting windows: 715/5711. Max active instruction index: 896
2024-11-13 08:16:28 | Simulation update: decoder round 6918, completed instructions: 952/1498, actively running or decoding instructions: 21, waiting windows: 808/5993. Max active instruction index: 972
2024-11-13 08:16:38 | Simulation update: decoder round 7322, completed instructions: 955/1498, actively running or decoding instructions: 16, waiting windows: 761/6224. Max active instruction index: 959
2024-11-13 08:16:48 | Simulation update: decoder round 7679, completed instructions: 1052/1498, actively running or decoding instructions: 31, waiting windows: 861/6513. Max active instruction index: 1082
2024-11-13 08:16:58 | Simulation update: decoder round 8032, completed instructions: 1055/1498, actively running or decoding instructions: 23, waiting windows: 819/6716. Max active instruction index: 1082
2024-11-13 08:17:08 | Simulation update: decoder round 8360, completed instructions: 1055/1498, actively running or decoding instructions: 22, waiting windows: 812/6885. Max active instruction index: 1082
2024-11-13 08:17:18 | Simulation update: decoder round 8712, completed instructions: 1055/1498, actively running or decoding instructions: 21, waiting windows: 801/7069. Max active instruction index: 1082
2024-11-13 08:17:28 | Simulation update: decoder round 9071, completed instructions: 1055/1498, actively running or decoding instructions: 17, waiting windows: 783/7256. Max active instruction index: 1082
2024-11-13 08:17:38 | Simulation update: decoder round 9401, completed instructions: 1075/1498, actively running or decoding instructions: 16, waiting windows: 862/7475. Max active instruction index: 1082
2024-11-13 08:17:48 | Simulation update: decoder round 9700, completed instructions: 1078/1498, actively running or decoding instructions: 13, waiting windows: 867/7654. Max active instruction index: 1082
2024-11-13 08:17:58 | Simulation update: decoder round 10027, completed instructions: 1078/1498, actively running or decoding instructions: 12, waiting windows: 734/7843. Max active instruction index: 1054
2024-11-13 08:18:08 | Simulation update: decoder round 10395, completed instructions: 1078/1498, actively running or decoding instructions: 12, waiting windows: 760/8051. Max active instruction index: 1054
2024-11-13 08:18:18 | Simulation update: decoder round 10742, completed instructions: 1078/1498, actively running or decoding instructions: 6, waiting windows: 784/8252. Max active instruction index: 1048
2024-11-13 08:18:28 | Simulation update: decoder round 11114, completed instructions: 1078/1498, actively running or decoding instructions: 2, waiting windows: 774/8466. Max active instruction index: 1010
2024-11-13 08:18:38 | Simulation update: decoder round 11456, completed instructions: 1251/1498, actively running or decoding instructions: 37, waiting windows: 898/8755. Max active instruction index: 1214
2024-11-13 08:18:48 | Simulation update: decoder round 11793, completed instructions: 1251/1498, actively running or decoding instructions: 36, waiting windows: 751/8867. Max active instruction index: 1214
2024-11-13 08:18:58 | Simulation update: decoder round 12152, completed instructions: 1251/1498, actively running or decoding instructions: 34, waiting windows: 709/8986. Max active instruction index: 1214
2024-11-13 08:19:08 | Simulation update: decoder round 12509, completed instructions: 1251/1498, actively running or decoding instructions: 33, waiting windows: 663/9105. Max active instruction index: 1214
2024-11-13 08:19:18 | Simulation update: decoder round 12932, completed instructions: 1260/1498, actively running or decoding instructions: 25, waiting windows: 628/9258. Max active instruction index: 1258
2024-11-13 08:19:28 | Simulation update: decoder round 13334, completed instructions: 1267/1498, actively running or decoding instructions: 22, waiting windows: 619/9419. Max active instruction index: 1269
2024-11-13 08:19:38 | Simulation update: decoder round 13737, completed instructions: 1317/1498, actively running or decoding instructions: 22, waiting windows: 691/9614. Max active instruction index: 1313
2024-11-13 08:19:48 | Simulation update: decoder round 14093, completed instructions: 1317/1498, actively running or decoding instructions: 16, waiting windows: 707/9751. Max active instruction index: 1313
2024-11-13 08:19:58 | Simulation update: decoder round 14412, completed instructions: 1317/1498, actively running or decoding instructions: 12, waiting windows: 741/9876. Max active instruction index: 1313
2024-11-13 08:20:08 | Simulation update: decoder round 14692, completed instructions: 1350/1498, actively running or decoding instructions: 18, waiting windows: 776/9999. Max active instruction index: 1326
2024-11-13 08:20:18 | Simulation update: decoder round 14956, completed instructions: 1407/1498, actively running or decoding instructions: 26, waiting windows: 774/10112. Max active instruction index: 1378
2024-11-13 08:20:28 | Simulation update: decoder round 15219, completed instructions: 1407/1498, actively running or decoding instructions: 25, waiting windows: 756/10172. Max active instruction index: 1378
2024-11-13 08:20:38 | Simulation update: decoder round 15486, completed instructions: 1407/1498, actively running or decoding instructions: 24, waiting windows: 735/10237. Max active instruction index: 1378
2024-11-13 08:20:48 | Simulation update: decoder round 15758, completed instructions: 1407/1498, actively running or decoding instructions: 23, waiting windows: 723/10302. Max active instruction index: 1378
2024-11-13 08:20:58 | Simulation update: decoder round 16039, completed instructions: 1407/1498, actively running or decoding instructions: 22, waiting windows: 702/10367. Max active instruction index: 1378
2024-11-13 08:21:08 | Simulation update: decoder round 16319, completed instructions: 1407/1498, actively running or decoding instructions: 19, waiting windows: 708/10435. Max active instruction index: 1378
2024-11-13 08:21:18 | Simulation update: decoder round 16602, completed instructions: 1408/1498, actively running or decoding instructions: 13, waiting windows: 669/10502. Max active instruction index: 1368
2024-11-13 08:21:28 | Simulation update: decoder round 16906, completed instructions: 1408/1498, actively running or decoding instructions: 12, waiting windows: 636/10575. Max active instruction index: 1368
2024-11-13 08:21:38 | Simulation update: decoder round 17208, completed instructions: 1408/1498, actively running or decoding instructions: 12, waiting windows: 644/10647. Max active instruction index: 1368
2024-11-13 08:21:48 | Simulation update: decoder round 17480, completed instructions: 1408/1498, actively running or decoding instructions: 10, waiting windows: 683/10712. Max active instruction index: 1368
2024-11-13 08:21:58 | Simulation update: decoder round 17733, completed instructions: 1408/1498, actively running or decoding instructions: 8, waiting windows: 701/10772. Max active instruction index: 1368
2024-11-13 08:22:08 | Simulation update: decoder round 17990, completed instructions: 1408/1498, actively running or decoding instructions: 7, waiting windows: 686/10832. Max active instruction index: 1368
2024-11-13 08:22:18 | Simulation update: decoder round 18243, completed instructions: 1409/1498, actively running or decoding instructions: 5, waiting windows: 705/10892. Max active instruction index: 1368
2024-11-13 08:22:28 | Simulation update: decoder round 18479, completed instructions: 1409/1498, actively running or decoding instructions: 5, waiting windows: 742/10950. Max active instruction index: 1368
2024-11-13 08:22:38 | Simulation update: decoder round 18708, completed instructions: 1421/1498, actively running or decoding instructions: 4, waiting windows: 746/11014. Max active instruction index: 1399
2024-11-13 08:22:48 | Simulation update: decoder round 18931, completed instructions: 1498/1498, actively running or decoding instructions: 19, waiting windows: 787/11101. Max active instruction index: 1464
2024-11-13 08:22:58 | Simulation update: decoder round 19183, completed instructions: 1498/1498, actively running or decoding instructions: 18, waiting windows: 668/11101. Max active instruction index: 1464
2024-11-13 08:23:08 | Simulation update: decoder round 19475, completed instructions: 1498/1498, actively running or decoding instructions: 16, waiting windows: 631/11101. Max active instruction index: 1462
2024-11-13 08:23:18 | Simulation update: decoder round 19803, completed instructions: 1498/1498, actively running or decoding instructions: 16, waiting windows: 580/11101. Max active instruction index: 1462
2024-11-13 08:23:28 | Simulation update: decoder round 20201, completed instructions: 1498/1498, actively running or decoding instructions: 16, waiting windows: 498/11101. Max active instruction index: 1462
2024-11-13 08:23:38 | Simulation update: decoder round 20743, completed instructions: 1498/1498, actively running or decoding instructions: 16, waiting windows: 420/11101. Max active instruction index: 1462
2024-11-13 08:23:48 | Simulation update: decoder round 21814, completed instructions: 1498/1498, actively running or decoding instructions: 16, waiting windows: 196/11101. Max active instruction index: 1462
2024-11-13 08:23:50 | Finished simulation
2024-11-13 08:23:50 | Finished saving output. Done! Total elapsed time: 0:08:52.988674
