CONFIG 668
benchmark_file: slurm/data/20241113_081402/benchmarks/qrom_15_15.lss
decoder_latency_or_dist_filename: lambda volume: volume*5.994842503189409
distance: 21
lightweight_setting: 1
max_parallel_processes: None
missed_speculation_modifier: 1.4
poison_policy: successors
rng: 11
scheduling_method: sliding
speculation_accuracy: 0.9
speculation_latency: 1
speculation_mode: separate
2024-11-13 08:15:09 | Loading benchmark slurm/data/20241113_081402/benchmarks/qrom_15_15.lss...
2024-11-13 08:15:09 | Starting simulation
2024-11-13 08:15:10 | Simulation update: decoder round 1, completed instructions: 0/1498, actively running or decoding instructions: 10, waiting windows: 0/0. Max active instruction index: 66
2024-11-13 08:15:20 | Simulation update: decoder round 2249, completed instructions: 241/1498, actively running or decoding instructions: 12, waiting windows: 240/1912. Max active instruction index: 358
2024-11-13 08:15:30 | Simulation update: decoder round 4311, completed instructions: 710/1498, actively running or decoding instructions: 22, waiting windows: 263/4026. Max active instruction index: 701
2024-11-13 08:15:40 | Simulation update: decoder round 7626, completed instructions: 1348/1498, actively running or decoding instructions: 21, waiting windows: 189/6304. Max active instruction index: 1324
2024-11-13 08:15:41 | Finished simulation
2024-11-13 08:15:41 | Finished saving output. Done! Total elapsed time: 0:00:31.940811
