CONFIG 838
benchmark_file: slurm/data/20241113_081402/benchmarks/qrom_15_15.lss
decoder_latency_or_dist_filename: lambda volume: volume*5.994842503189409
distance: 21
lightweight_setting: 1
max_parallel_processes: None
missed_speculation_modifier: 5.0
poison_policy: descendants
rng: 13
scheduling_method: sliding
speculation_accuracy: 0.9
speculation_latency: 1
speculation_mode: separate
2024-11-13 08:24:12 | Loading benchmark slurm/data/20241113_081402/benchmarks/qrom_15_15.lss...
2024-11-13 08:24:12 | Starting simulation
2024-11-13 08:24:13 | Simulation update: decoder round 1, completed instructions: 0/1498, actively running or decoding instructions: 10, waiting windows: 0/0. Max active instruction index: 66
2024-11-13 08:24:23 | Simulation update: decoder round 1665, completed instructions: 223/1498, actively running or decoding instructions: 17, waiting windows: 426/1454. Max active instruction index: 214
2024-11-13 08:24:33 | Simulation update: decoder round 2675, completed instructions: 296/1498, actively running or decoding instructions: 13, waiting windows: 580/2326. Max active instruction index: 358
2024-11-13 08:24:43 | Simulation update: decoder round 3385, completed instructions: 409/1498, actively running or decoding instructions: 31, waiting windows: 773/3034. Max active instruction index: 410
2024-11-13 08:24:53 | Simulation update: decoder round 3913, completed instructions: 518/1498, actively running or decoding instructions: 43, waiting windows: 727/3537. Max active instruction index: 522
2024-11-13 08:25:03 | Simulation update: decoder round 4422, completed instructions: 558/1498, actively running or decoding instructions: 25, waiting windows: 830/4005. Max active instruction index: 606
2024-11-13 08:25:13 | Simulation update: decoder round 4898, completed instructions: 559/1498, actively running or decoding instructions: 15, waiting windows: 810/4412. Max active instruction index: 481
2024-11-13 08:25:23 | Simulation update: decoder round 5371, completed instructions: 562/1498, actively running or decoding instructions: 7, waiting windows: 800/4813. Max active instruction index: 577
2024-11-13 08:25:33 | Simulation update: decoder round 5804, completed instructions: 710/1498, actively running or decoding instructions: 36, waiting windows: 856/5272. Max active instruction index: 701
2024-11-13 08:25:43 | Simulation update: decoder round 6229, completed instructions: 710/1498, actively running or decoding instructions: 29, waiting windows: 857/5574. Max active instruction index: 701
2024-11-13 08:25:53 | Simulation update: decoder round 6613, completed instructions: 711/1498, actively running or decoding instructions: 22, waiting windows: 892/5851. Max active instruction index: 701
2024-11-13 08:26:03 | Simulation update: decoder round 6990, completed instructions: 712/1498, actively running or decoding instructions: 14, waiting windows: 883/6121. Max active instruction index: 713
2024-11-13 08:26:13 | Simulation update: decoder round 7383, completed instructions: 712/1498, actively running or decoding instructions: 14, waiting windows: 892/6399. Max active instruction index: 713
2024-11-13 08:26:23 | Simulation update: decoder round 7749, completed instructions: 712/1498, actively running or decoding instructions: 12, waiting windows: 920/6661. Max active instruction index: 693
2024-11-13 08:26:33 | Simulation update: decoder round 8074, completed instructions: 881/1498, actively running or decoding instructions: 42, waiting windows: 1101/7031. Max active instruction index: 895
2024-11-13 08:26:43 | Simulation update: decoder round 8373, completed instructions: 918/1498, actively running or decoding instructions: 38, waiting windows: 954/7230. Max active instruction index: 896
2024-11-13 08:26:53 | Simulation update: decoder round 8713, completed instructions: 919/1498, actively running or decoding instructions: 31, waiting windows: 925/7423. Max active instruction index: 896
2024-11-13 08:27:03 | Simulation update: decoder round 9033, completed instructions: 920/1498, actively running or decoding instructions: 28, waiting windows: 935/7613. Max active instruction index: 896
2024-11-13 08:27:13 | Simulation update: decoder round 9332, completed instructions: 1008/1498, actively running or decoding instructions: 43, waiting windows: 1035/7864. Max active instruction index: 999
2024-11-13 08:27:23 | Simulation update: decoder round 9601, completed instructions: 1044/1498, actively running or decoding instructions: 47, waiting windows: 998/8045. Max active instruction index: 1030
2024-11-13 08:27:33 | Simulation update: decoder round 9861, completed instructions: 1047/1498, actively running or decoding instructions: 40, waiting windows: 997/8194. Max active instruction index: 1082
2024-11-13 08:27:43 | Simulation update: decoder round 10099, completed instructions: 1052/1498, actively running or decoding instructions: 40, waiting windows: 1035/8334. Max active instruction index: 1082
2024-11-13 08:27:53 | Simulation update: decoder round 10339, completed instructions: 1052/1498, actively running or decoding instructions: 34, waiting windows: 987/8470. Max active instruction index: 1082
2024-11-13 08:28:03 | Simulation update: decoder round 10589, completed instructions: 1052/1498, actively running or decoding instructions: 30, waiting windows: 961/8614. Max active instruction index: 1082
2024-11-13 08:28:13 | Simulation update: decoder round 10842, completed instructions: 1055/1498, actively running or decoding instructions: 16, waiting windows: 909/8750. Max active instruction index: 1030
2024-11-13 08:28:23 | Simulation update: decoder round 11082, completed instructions: 1056/1498, actively running or decoding instructions: 13, waiting windows: 963/8876. Max active instruction index: 1042
2024-11-13 08:28:33 | Simulation update: decoder round 11323, completed instructions: 1057/1498, actively running or decoding instructions: 8, waiting windows: 900/9003. Max active instruction index: 1042
2024-11-13 08:28:43 | Simulation update: decoder round 11566, completed instructions: 1089/1498, actively running or decoding instructions: 18, waiting windows: 932/9157. Max active instruction index: 1074
2024-11-13 08:28:53 | Simulation update: decoder round 11783, completed instructions: 1210/1498, actively running or decoding instructions: 49, waiting windows: 1016/9345. Max active instruction index: 1213
2024-11-13 08:29:03 | Simulation update: decoder round 11982, completed instructions: 1251/1498, actively running or decoding instructions: 46, waiting windows: 956/9449. Max active instruction index: 1214
2024-11-13 08:29:13 | Simulation update: decoder round 12197, completed instructions: 1251/1498, actively running or decoding instructions: 45, waiting windows: 928/9519. Max active instruction index: 1214
2024-11-13 08:29:23 | Simulation update: decoder round 12419, completed instructions: 1251/1498, actively running or decoding instructions: 40, waiting windows: 913/9596. Max active instruction index: 1214
2024-11-13 08:29:33 | Simulation update: decoder round 12642, completed instructions: 1251/1498, actively running or decoding instructions: 38, waiting windows: 926/9666. Max active instruction index: 1214
2024-11-13 08:29:43 | Simulation update: decoder round 12862, completed instructions: 1251/1498, actively running or decoding instructions: 37, waiting windows: 930/9743. Max active instruction index: 1214
2024-11-13 08:29:53 | Simulation update: decoder round 13083, completed instructions: 1251/1498, actively running or decoding instructions: 37, waiting windows: 932/9813. Max active instruction index: 1214
2024-11-13 08:30:03 | Simulation update: decoder round 13305, completed instructions: 1251/1498, actively running or decoding instructions: 36, waiting windows: 918/9890. Max active instruction index: 1214
2024-11-13 08:30:13 | Simulation update: decoder round 13543, completed instructions: 1251/1498, actively running or decoding instructions: 34, waiting windows: 870/9967. Max active instruction index: 1214
2024-11-13 08:30:23 | Simulation update: decoder round 13794, completed instructions: 1251/1498, actively running or decoding instructions: 26, waiting windows: 868/10051. Max active instruction index: 1214
2024-11-13 08:30:33 | Simulation update: decoder round 14046, completed instructions: 1253/1498, actively running or decoding instructions: 19, waiting windows: 854/10135. Max active instruction index: 1206
2024-11-13 08:30:43 | Simulation update: decoder round 14291, completed instructions: 1253/1498, actively running or decoding instructions: 15, waiting windows: 891/10219. Max active instruction index: 1206
2024-11-13 08:30:53 | Simulation update: decoder round 14519, completed instructions: 1262/1498, actively running or decoding instructions: 16, waiting windows: 915/10303. Max active instruction index: 1258
2024-11-13 08:31:03 | Simulation update: decoder round 14740, completed instructions: 1268/1498, actively running or decoding instructions: 13, waiting windows: 937/10386. Max active instruction index: 1258
2024-11-13 08:31:13 | Simulation update: decoder round 14951, completed instructions: 1268/1498, actively running or decoding instructions: 13, waiting windows: 922/10466. Max active instruction index: 1258
2024-11-13 08:31:23 | Simulation update: decoder round 15165, completed instructions: 1271/1498, actively running or decoding instructions: 13, waiting windows: 929/10547. Max active instruction index: 1269
2024-11-13 08:31:33 | Simulation update: decoder round 15367, completed instructions: 1271/1498, actively running or decoding instructions: 13, waiting windows: 922/10613. Max active instruction index: 1269
2024-11-13 08:31:43 | Simulation update: decoder round 15553, completed instructions: 1348/1498, actively running or decoding instructions: 22, waiting windows: 1005/10745. Max active instruction index: 1324
2024-11-13 08:31:53 | Simulation update: decoder round 15735, completed instructions: 1407/1498, actively running or decoding instructions: 31, waiting windows: 998/10839. Max active instruction index: 1378
2024-11-13 08:32:03 | Simulation update: decoder round 15914, completed instructions: 1407/1498, actively running or decoding instructions: 30, waiting windows: 939/10879. Max active instruction index: 1378
2024-11-13 08:32:13 | Simulation update: decoder round 16117, completed instructions: 1407/1498, actively running or decoding instructions: 29, waiting windows: 858/10929. Max active instruction index: 1378
2024-11-13 08:32:23 | Simulation update: decoder round 16330, completed instructions: 1407/1498, actively running or decoding instructions: 29, waiting windows: 837/10979. Max active instruction index: 1378
2024-11-13 08:32:34 | Simulation update: decoder round 16558, completed instructions: 1407/1498, actively running or decoding instructions: 29, waiting windows: 812/11034. Max active instruction index: 1378
2024-11-13 08:32:44 | Simulation update: decoder round 16796, completed instructions: 1407/1498, actively running or decoding instructions: 29, waiting windows: 795/11089. Max active instruction index: 1378
2024-11-13 08:32:54 | Simulation update: decoder round 17037, completed instructions: 1407/1498, actively running or decoding instructions: 28, waiting windows: 802/11149. Max active instruction index: 1378
2024-11-13 08:33:04 | Simulation update: decoder round 17282, completed instructions: 1407/1498, actively running or decoding instructions: 27, waiting windows: 778/11204. Max active instruction index: 1378
2024-11-13 08:33:14 | Simulation update: decoder round 17540, completed instructions: 1407/1498, actively running or decoding instructions: 26, waiting windows: 738/11269. Max active instruction index: 1378
2024-11-13 08:33:24 | Simulation update: decoder round 17811, completed instructions: 1407/1498, actively running or decoding instructions: 23, waiting windows: 736/11334. Max active instruction index: 1378
2024-11-13 08:33:34 | Simulation update: decoder round 18083, completed instructions: 1408/1498, actively running or decoding instructions: 20, waiting windows: 728/11399. Max active instruction index: 1368
2024-11-13 08:33:44 | Simulation update: decoder round 18355, completed instructions: 1408/1498, actively running or decoding instructions: 20, waiting windows: 706/11464. Max active instruction index: 1368
2024-11-13 08:33:54 | Simulation update: decoder round 18617, completed instructions: 1408/1498, actively running or decoding instructions: 20, waiting windows: 691/11524. Max active instruction index: 1368
2024-11-13 08:34:04 | Simulation update: decoder round 18880, completed instructions: 1408/1498, actively running or decoding instructions: 18, waiting windows: 682/11589. Max active instruction index: 1368
2024-11-13 08:34:14 | Simulation update: decoder round 19150, completed instructions: 1408/1498, actively running or decoding instructions: 17, waiting windows: 694/11649. Max active instruction index: 1368
2024-11-13 08:34:24 | Simulation update: decoder round 19410, completed instructions: 1408/1498, actively running or decoding instructions: 10, waiting windows: 692/11714. Max active instruction index: 1368
2024-11-13 08:34:34 | Simulation update: decoder round 19663, completed instructions: 1438/1498, actively running or decoding instructions: 13, waiting windows: 709/11807. Max active instruction index: 1429
2024-11-13 08:34:44 | Simulation update: decoder round 19912, completed instructions: 1498/1498, actively running or decoding instructions: 24, waiting windows: 717/11887. Max active instruction index: 1464
2024-11-13 08:34:54 | Simulation update: decoder round 20186, completed instructions: 1498/1498, actively running or decoding instructions: 21, waiting windows: 593/11887. Max active instruction index: 1462
2024-11-13 08:35:04 | Simulation update: decoder round 20506, completed instructions: 1498/1498, actively running or decoding instructions: 21, waiting windows: 521/11887. Max active instruction index: 1462
2024-11-13 08:35:14 | Simulation update: decoder round 20900, completed instructions: 1498/1498, actively running or decoding instructions: 18, waiting windows: 417/11887. Max active instruction index: 1462
2024-11-13 08:35:24 | Simulation update: decoder round 21403, completed instructions: 1498/1498, actively running or decoding instructions: 15, waiting windows: 340/11887. Max active instruction index: 1459
2024-11-13 08:35:34 | Simulation update: decoder round 22173, completed instructions: 1498/1498, actively running or decoding instructions: 15, waiting windows: 232/11887. Max active instruction index: 1459
2024-11-13 08:35:41 | Finished simulation
2024-11-13 08:35:41 | Finished saving output. Done! Total elapsed time: 0:11:28.518391
