CONFIG 89
benchmark_file: slurm/data/20241113_081402/benchmarks/qrom_15_15.lss
decoder_latency_or_dist_filename: lambda volume: volume*10.0
distance: 21
lightweight_setting: 1
max_parallel_processes: None
missed_speculation_modifier: 5.0
poison_policy: successors
rng: 1
scheduling_method: sliding
speculation_accuracy: 0.9
speculation_latency: 1
speculation_mode: separate
2024-11-13 08:14:27 | Loading benchmark slurm/data/20241113_081402/benchmarks/qrom_15_15.lss...
2024-11-13 08:14:27 | Starting simulation
2024-11-13 08:14:27 | Simulation update: decoder round 1, completed instructions: 0/1498, actively running or decoding instructions: 10, waiting windows: 0/0. Max active instruction index: 66
2024-11-13 08:14:37 | Simulation update: decoder round 1529, completed instructions: 162/1498, actively running or decoding instructions: 10, waiting windows: 399/1298. Max active instruction index: 132
2024-11-13 08:14:47 | Simulation update: decoder round 2797, completed instructions: 223/1498, actively running or decoding instructions: 15, waiting windows: 377/2345. Max active instruction index: 214
2024-11-13 08:14:57 | Simulation update: decoder round 4038, completed instructions: 297/1498, actively running or decoding instructions: 12, waiting windows: 438/3482. Max active instruction index: 358
2024-11-13 08:15:07 | Simulation update: decoder round 5184, completed instructions: 516/1498, actively running or decoding instructions: 45, waiting windows: 416/4583. Max active instruction index: 522
2024-11-13 08:15:17 | Simulation update: decoder round 6485, completed instructions: 713/1498, actively running or decoding instructions: 32, waiting windows: 367/5758. Max active instruction index: 701
2024-11-13 08:15:27 | Simulation update: decoder round 8031, completed instructions: 918/1498, actively running or decoding instructions: 32, waiting windows: 332/6933. Max active instruction index: 896
2024-11-13 08:15:37 | Simulation update: decoder round 9949, completed instructions: 1055/1498, actively running or decoding instructions: 28, waiting windows: 274/8113. Max active instruction index: 1082
2024-11-13 08:15:47 | Simulation update: decoder round 12381, completed instructions: 1297/1498, actively running or decoding instructions: 13, waiting windows: 203/9336. Max active instruction index: 1274
2024-11-13 08:15:52 | Finished simulation
2024-11-13 08:15:52 | Finished saving output. Done! Total elapsed time: 0:01:25.574833
