CONFIG 897
benchmark_file: slurm/data/20241113_081402/benchmarks/qrom_15_15.lss
decoder_latency_or_dist_filename: lambda volume: volume*3.593813663804626
distance: 21
lightweight_setting: 1
max_parallel_processes: None
missed_speculation_modifier: 5.0
poison_policy: descendants
rng: 14
scheduling_method: sliding
speculation_accuracy: 0.9
speculation_latency: 1
speculation_mode: separate
2024-11-13 08:24:14 | Loading benchmark slurm/data/20241113_081402/benchmarks/qrom_15_15.lss...
2024-11-13 08:24:14 | Starting simulation
2024-11-13 08:24:14 | Simulation update: decoder round 1, completed instructions: 0/1498, actively running or decoding instructions: 10, waiting windows: 0/0. Max active instruction index: 66
2024-11-13 08:24:24 | Simulation update: decoder round 1599, completed instructions: 296/1498, actively running or decoding instructions: 18, waiting windows: 268/1472. Max active instruction index: 358
2024-11-13 08:24:34 | Simulation update: decoder round 3014, completed instructions: 630/1498, actively running or decoding instructions: 26, waiting windows: 300/2930. Max active instruction index: 649
2024-11-13 08:24:44 | Simulation update: decoder round 4965, completed instructions: 1055/1498, actively running or decoding instructions: 16, waiting windows: 164/4486. Max active instruction index: 1030
2024-11-13 08:24:48 | Finished simulation
2024-11-13 08:24:48 | Finished saving output. Done! Total elapsed time: 0:00:34.864756
