CONFIG 277
benchmark_file: slurm/data/20241127_095904/benchmarks/random_t_1000_200_0.lss
decoder_latency_or_dist_filename: lambda volume: volume*3.593813663804626
distance: 21
lightweight_setting: 1
max_parallel_processes: None
missed_speculation_modifier: 1.4
poison_policy: successors
rng: 0
scheduling_method: sliding
speculation_accuracy: 0.9
speculation_latency: 1
speculation_mode: separate
2024-11-27 09:59:40 | Loading benchmark slurm/data/20241127_095904/benchmarks/random_t_1000_200_0.lss...
2024-11-27 09:59:40 | Starting simulation
Failed to get source of decoding_latency_fn: could not get source code
2024-11-27 09:59:41 | Simulation update: decoder round 1, completed instructions: 0/7997, actively running or decoding instructions: 1, waiting windows: 0/0. Max active instruction index: 0
2024-11-27 09:59:51 | Simulation update: decoder round 102289, completed instructions: 2187/7997, actively running or decoding instructions: 2, waiting windows: 8/5834. Max active instruction index: 2185
2024-11-27 10:00:01 | Simulation update: decoder round 202499, completed instructions: 4295/7997, actively running or decoding instructions: 2, waiting windows: 9/11568. Max active instruction index: 4295
2024-11-27 10:00:11 | Simulation update: decoder round 304493, completed instructions: 6552/7997, actively running or decoding instructions: 3, waiting windows: 9/17344. Max active instruction index: 6550
2024-11-27 10:00:18 | Finished simulation
2024-11-27 10:00:19 | Finished saving output. Done! Total elapsed time: 0:00:38.899075
