CONFIG 38
benchmark_file: slurm/data/20241127_095904/benchmarks/random_t_1000_200_0.lss
decoder_latency_or_dist_filename: lambda volume: volume*5.994842503189409
distance: 21
lightweight_setting: 1
max_parallel_processes: None
missed_speculation_modifier: 1.4
poison_policy: successors
rng: 0
scheduling_method: sliding
speculation_accuracy: 0.1
speculation_latency: 1
speculation_mode: separate
2024-11-27 09:59:28 | Loading benchmark slurm/data/20241127_095904/benchmarks/random_t_1000_200_0.lss...
2024-11-27 09:59:28 | Starting simulation
Failed to get source of decoding_latency_fn: could not get source code
2024-11-27 09:59:29 | Simulation update: decoder round 1, completed instructions: 0/7997, actively running or decoding instructions: 1, waiting windows: 0/0. Max active instruction index: 0
2024-11-27 09:59:39 | Simulation update: decoder round 19446, completed instructions: 28/7997, actively running or decoding instructions: 3, waiting windows: 70/935. Max active instruction index: 26
2024-11-27 09:59:49 | Simulation update: decoder round 34288, completed instructions: 36/7997, actively running or decoding instructions: 3, waiting windows: 72/1644. Max active instruction index: 34
2024-11-27 09:59:59 | Simulation update: decoder round 46928, completed instructions: 52/7997, actively running or decoding instructions: 6, waiting windows: 68/2253. Max active instruction index: 50
2024-11-27 10:00:09 | Simulation update: decoder round 59875, completed instructions: 60/7997, actively running or decoding instructions: 6, waiting windows: 67/2874. Max active instruction index: 58
2024-11-27 10:00:19 | Simulation update: decoder round 71811, completed instructions: 68/7997, actively running or decoding instructions: 6, waiting windows: 71/3447. Max active instruction index: 66
2024-11-27 10:00:29 | Simulation update: decoder round 85256, completed instructions: 76/7997, actively running or decoding instructions: 6, waiting windows: 73/4091. Max active instruction index: 74
2024-11-27 10:00:39 | Simulation update: decoder round 99040, completed instructions: 92/7997, actively running or decoding instructions: 6, waiting windows: 78/4755. Max active instruction index: 90
2024-11-27 10:00:49 | Simulation update: decoder round 113452, completed instructions: 108/7997, actively running or decoding instructions: 6, waiting windows: 67/5447. Max active instruction index: 106
2024-11-27 10:00:59 | Simulation update: decoder round 125330, completed instructions: 116/7997, actively running or decoding instructions: 3, waiting windows: 70/6014. Max active instruction index: 114
2024-11-27 10:01:09 | Simulation update: decoder round 139939, completed instructions: 132/7997, actively running or decoding instructions: 3, waiting windows: 61/6715. Max active instruction index: 130
2024-11-27 10:01:19 | Simulation update: decoder round 152800, completed instructions: 140/7997, actively running or decoding instructions: 6, waiting windows: 68/7331. Max active instruction index: 138
2024-11-27 10:01:29 | Simulation update: decoder round 164552, completed instructions: 148/7997, actively running or decoding instructions: 6, waiting windows: 71/7894. Max active instruction index: 146
2024-11-27 10:01:39 | Simulation update: decoder round 177902, completed instructions: 164/7997, actively running or decoding instructions: 3, waiting windows: 71/8533. Max active instruction index: 162
2024-11-27 10:01:49 | Simulation update: decoder round 190583, completed instructions: 172/7997, actively running or decoding instructions: 3, waiting windows: 69/9138. Max active instruction index: 170
2024-11-27 10:01:59 | Simulation update: decoder round 203680, completed instructions: 187/7997, actively running or decoding instructions: 5, waiting windows: 77/9767. Max active instruction index: 185
2024-11-27 10:02:09 | Simulation update: decoder round 216210, completed instructions: 195/7997, actively running or decoding instructions: 6, waiting windows: 74/10368. Max active instruction index: 193
2024-11-27 10:02:19 | Simulation update: decoder round 228341, completed instructions: 203/7997, actively running or decoding instructions: 6, waiting windows: 67/10949. Max active instruction index: 201
2024-11-27 10:02:29 | Simulation update: decoder round 235691, completed instructions: 203/7997, actively running or decoding instructions: 6, waiting windows: 66/11299. Max active instruction index: 201
2024-11-27 10:02:39 | Simulation update: decoder round 249217, completed instructions: 219/7997, actively running or decoding instructions: 6, waiting windows: 63/11948. Max active instruction index: 217
2024-11-27 10:02:49 | Simulation update: decoder round 261951, completed instructions: 227/7997, actively running or decoding instructions: 6, waiting windows: 75/12558. Max active instruction index: 225
2024-11-27 10:02:59 | Simulation update: decoder round 270181, completed instructions: 227/7997, actively running or decoding instructions: 6, waiting windows: 72/12950. Max active instruction index: 225
2024-11-27 10:03:09 | Simulation update: decoder round 277986, completed instructions: 235/7997, actively running or decoding instructions: 6, waiting windows: 65/13326. Max active instruction index: 233
2024-11-27 10:03:19 | Simulation update: decoder round 290625, completed instructions: 243/7997, actively running or decoding instructions: 6, waiting windows: 75/13931. Max active instruction index: 241
2024-11-27 10:03:29 | Simulation update: decoder round 299443, completed instructions: 252/7997, actively running or decoding instructions: 6, waiting windows: 133/14726. Max active instruction index: 249
2024-11-27 10:03:39 | Simulation update: decoder round 307052, completed instructions: 259/7997, actively running or decoding instructions: 3, waiting windows: 74/15102. Max active instruction index: 257
2024-11-27 10:03:49 | Simulation update: decoder round 315557, completed instructions: 267/7997, actively running or decoding instructions: 3, waiting windows: 68/15509. Max active instruction index: 265
2024-11-27 10:03:59 | Simulation update: decoder round 326878, completed instructions: 267/7997, actively running or decoding instructions: 3, waiting windows: 64/16048. Max active instruction index: 265
2024-11-27 10:04:09 | Simulation update: decoder round 334347, completed instructions: 275/7997, actively running or decoding instructions: 6, waiting windows: 76/16407. Max active instruction index: 273
2024-11-27 10:04:19 | Simulation update: decoder round 346018, completed instructions: 284/7997, actively running or decoding instructions: 6, waiting windows: 106/17123. Max active instruction index: 281
2024-11-27 10:04:29 | Simulation update: decoder round 356197, completed instructions: 291/7997, actively running or decoding instructions: 3, waiting windows: 72/17755. Max active instruction index: 289
2024-11-27 10:04:39 | Simulation update: decoder round 369329, completed instructions: 299/7997, actively running or decoding instructions: 3, waiting windows: 65/18382. Max active instruction index: 297
2024-11-27 10:04:49 | Simulation update: decoder round 380315, completed instructions: 307/7997, actively running or decoding instructions: 6, waiting windows: 66/18910. Max active instruction index: 305
2024-11-27 10:04:59 | Simulation update: decoder round 392946, completed instructions: 315/7997, actively running or decoding instructions: 6, waiting windows: 66/19515. Max active instruction index: 313
2024-11-27 10:05:09 | Simulation update: decoder round 405531, completed instructions: 332/7997, actively running or decoding instructions: 6, waiting windows: 74/20121. Max active instruction index: 329
2024-11-27 10:05:19 | Simulation update: decoder round 414967, completed instructions: 332/7997, actively running or decoding instructions: 6, waiting windows: 138/21020. Max active instruction index: 329
2024-11-27 10:05:29 | Simulation update: decoder round 420720, completed instructions: 332/7997, actively running or decoding instructions: 6, waiting windows: 142/21567. Max active instruction index: 329
2024-11-27 10:05:39 | Simulation update: decoder round 426810, completed instructions: 339/7997, actively running or decoding instructions: 3, waiting windows: 77/21879. Max active instruction index: 337
2024-11-27 10:05:49 | Simulation update: decoder round 434445, completed instructions: 339/7997, actively running or decoding instructions: 3, waiting windows: 65/22242. Max active instruction index: 337
2024-11-27 10:05:59 | Simulation update: decoder round 443890, completed instructions: 348/7997, actively running or decoding instructions: 6, waiting windows: 138/23021. Max active instruction index: 345
2024-11-27 10:06:09 | Simulation update: decoder round 451496, completed instructions: 355/7997, actively running or decoding instructions: 3, waiting windows: 76/23489. Max active instruction index: 353
2024-11-27 10:06:19 | Simulation update: decoder round 463102, completed instructions: 363/7997, actively running or decoding instructions: 3, waiting windows: 79/24044. Max active instruction index: 361
2024-11-27 10:06:29 | Simulation update: decoder round 472534, completed instructions: 371/7997, actively running or decoding instructions: 6, waiting windows: 66/24497. Max active instruction index: 369
2024-11-27 10:06:39 | Simulation update: decoder round 482731, completed instructions: 379/7997, actively running or decoding instructions: 3, waiting windows: 68/24983. Max active instruction index: 377
2024-11-27 10:06:49 | Simulation update: decoder round 495885, completed instructions: 387/7997, actively running or decoding instructions: 6, waiting windows: 69/25613. Max active instruction index: 385
2024-11-27 10:06:59 | Simulation update: decoder round 506985, completed instructions: 395/7997, actively running or decoding instructions: 3, waiting windows: 67/26142. Max active instruction index: 393
2024-11-27 10:07:09 | Simulation update: decoder round 516335, completed instructions: 395/7997, actively running or decoding instructions: 3, waiting windows: 65/26588. Max active instruction index: 393
2024-11-27 10:07:19 | Simulation update: decoder round 524025, completed instructions: 403/7997, actively running or decoding instructions: 6, waiting windows: 71/26958. Max active instruction index: 401
2024-11-27 10:07:29 | Simulation update: decoder round 539150, completed instructions: 419/7997, actively running or decoding instructions: 3, waiting windows: 69/27684. Max active instruction index: 417
2024-11-27 10:07:39 | Simulation update: decoder round 552583, completed instructions: 427/7997, actively running or decoding instructions: 6, waiting windows: 72/28327. Max active instruction index: 425
2024-11-27 10:07:49 | Simulation update: decoder round 565147, completed instructions: 443/7997, actively running or decoding instructions: 3, waiting windows: 82/28929. Max active instruction index: 441
2024-11-27 10:07:59 | Simulation update: decoder round 576352, completed instructions: 443/7997, actively running or decoding instructions: 3, waiting windows: 71/29463. Max active instruction index: 441
2024-11-27 10:08:09 | Simulation update: decoder round 588470, completed instructions: 459/7997, actively running or decoding instructions: 3, waiting windows: 71/30043. Max active instruction index: 457
2024-11-27 10:08:19 | Simulation update: decoder round 602450, completed instructions: 467/7997, actively running or decoding instructions: 6, waiting windows: 72/30712. Max active instruction index: 465
2024-11-27 10:08:29 | Simulation update: decoder round 616097, completed instructions: 483/7997, actively running or decoding instructions: 3, waiting windows: 61/31364. Max active instruction index: 481
2024-11-27 10:08:39 | Simulation update: decoder round 630595, completed instructions: 491/7997, actively running or decoding instructions: 3, waiting windows: 74/32056. Max active instruction index: 489
2024-11-27 10:08:49 | Simulation update: decoder round 642076, completed instructions: 499/7997, actively running or decoding instructions: 3, waiting windows: 74/32604. Max active instruction index: 497
2024-11-27 10:08:59 | Simulation update: decoder round 654046, completed instructions: 507/7997, actively running or decoding instructions: 3, waiting windows: 82/33176. Max active instruction index: 505
2024-11-27 10:09:09 | Simulation update: decoder round 665926, completed instructions: 523/7997, actively running or decoding instructions: 3, waiting windows: 68/33746. Max active instruction index: 521
2024-11-27 10:09:19 | Simulation update: decoder round 681151, completed instructions: 531/7997, actively running or decoding instructions: 3, waiting windows: 77/34476. Max active instruction index: 529
2024-11-27 10:09:29 | Simulation update: decoder round 695029, completed instructions: 547/7997, actively running or decoding instructions: 6, waiting windows: 65/35141. Max active instruction index: 545
2024-11-27 10:09:39 | Simulation update: decoder round 710503, completed instructions: 563/7997, actively running or decoding instructions: 3, waiting windows: 68/35881. Max active instruction index: 561
2024-11-27 10:09:49 | Simulation update: decoder round 721146, completed instructions: 563/7997, actively running or decoding instructions: 3, waiting windows: 66/36388. Max active instruction index: 561
2024-11-27 10:09:59 | Simulation update: decoder round 732894, completed instructions: 579/7997, actively running or decoding instructions: 6, waiting windows: 66/36955. Max active instruction index: 577
2024-11-27 10:10:09 | Simulation update: decoder round 745114, completed instructions: 579/7997, actively running or decoding instructions: 6, waiting windows: 70/37536. Max active instruction index: 577
2024-11-27 10:10:19 | Simulation update: decoder round 753895, completed instructions: 587/7997, actively running or decoding instructions: 3, waiting windows: 68/37957. Max active instruction index: 585
2024-11-27 10:10:29 | Simulation update: decoder round 764478, completed instructions: 595/7997, actively running or decoding instructions: 6, waiting windows: 74/38464. Max active instruction index: 593
2024-11-27 10:10:39 | Simulation update: decoder round 774808, completed instructions: 604/7997, actively running or decoding instructions: 3, waiting windows: 148/39289. Max active instruction index: 601
2024-11-27 10:10:49 | Simulation update: decoder round 780827, completed instructions: 611/7997, actively running or decoding instructions: 3, waiting windows: 113/39835. Max active instruction index: 609
2024-11-27 10:10:59 | Simulation update: decoder round 792415, completed instructions: 619/7997, actively running or decoding instructions: 6, waiting windows: 77/40390. Max active instruction index: 617
2024-11-27 10:11:09 | Simulation update: decoder round 807984, completed instructions: 635/7997, actively running or decoding instructions: 6, waiting windows: 69/41138. Max active instruction index: 633
2024-11-27 10:11:19 | Simulation update: decoder round 820267, completed instructions: 635/7997, actively running or decoding instructions: 6, waiting windows: 69/41723. Max active instruction index: 633
2024-11-27 10:11:29 | Simulation update: decoder round 832616, completed instructions: 643/7997, actively running or decoding instructions: 3, waiting windows: 74/42313. Max active instruction index: 641
2024-11-27 10:11:39 | Simulation update: decoder round 846835, completed instructions: 659/7997, actively running or decoding instructions: 3, waiting windows: 65/42996. Max active instruction index: 657
2024-11-27 10:11:49 | Simulation update: decoder round 859114, completed instructions: 667/7997, actively running or decoding instructions: 6, waiting windows: 67/43584. Max active instruction index: 665
2024-11-27 10:11:59 | Simulation update: decoder round 872199, completed instructions: 675/7997, actively running or decoding instructions: 6, waiting windows: 73/44212. Max active instruction index: 673
2024-11-27 10:12:09 | Simulation update: decoder round 887173, completed instructions: 691/7997, actively running or decoding instructions: 6, waiting windows: 66/44931. Max active instruction index: 689
2024-11-27 10:12:19 | Simulation update: decoder round 898942, completed instructions: 699/7997, actively running or decoding instructions: 6, waiting windows: 67/45494. Max active instruction index: 697
2024-11-27 10:12:29 | Simulation update: decoder round 907029, completed instructions: 707/7997, actively running or decoding instructions: 6, waiting windows: 73/45883. Max active instruction index: 705
2024-11-27 10:12:39 | Simulation update: decoder round 920252, completed instructions: 715/7997, actively running or decoding instructions: 3, waiting windows: 72/46514. Max active instruction index: 713
2024-11-27 10:12:49 | Simulation update: decoder round 930526, completed instructions: 723/7997, actively running or decoding instructions: 6, waiting windows: 65/47007. Max active instruction index: 721
2024-11-27 10:12:59 | Simulation update: decoder round 943643, completed instructions: 731/7997, actively running or decoding instructions: 6, waiting windows: 74/47636. Max active instruction index: 729
2024-11-27 10:13:09 | Simulation update: decoder round 957996, completed instructions: 747/7997, actively running or decoding instructions: 3, waiting windows: 72/48326. Max active instruction index: 745
2024-11-27 10:13:19 | Simulation update: decoder round 972125, completed instructions: 755/7997, actively running or decoding instructions: 6, waiting windows: 66/49003. Max active instruction index: 753
2024-11-27 10:13:29 | Simulation update: decoder round 984576, completed instructions: 763/7997, actively running or decoding instructions: 6, waiting windows: 75/49600. Max active instruction index: 761
2024-11-27 10:13:39 | Simulation update: decoder round 994227, completed instructions: 772/7997, actively running or decoding instructions: 6, waiting windows: 135/50467. Max active instruction index: 769
2024-11-27 10:13:49 | Simulation update: decoder round 1001208, completed instructions: 779/7997, actively running or decoding instructions: 3, waiting windows: 88/50937. Max active instruction index: 777
2024-11-27 10:13:59 | Simulation update: decoder round 1008960, completed instructions: 779/7997, actively running or decoding instructions: 2, waiting windows: 65/51306. Max active instruction index: 777
2024-11-27 10:14:09 | Simulation update: decoder round 1015068, completed instructions: 779/7997, actively running or decoding instructions: 2, waiting windows: 74/51597. Max active instruction index: 777
2024-11-27 10:14:19 | Simulation update: decoder round 1024164, completed instructions: 787/7997, actively running or decoding instructions: 6, waiting windows: 70/52034. Max active instruction index: 785
2024-11-27 10:14:29 | Simulation update: decoder round 1037089, completed instructions: 795/7997, actively running or decoding instructions: 6, waiting windows: 65/52653. Max active instruction index: 793
2024-11-27 10:14:39 | Simulation update: decoder round 1045163, completed instructions: 795/7997, actively running or decoding instructions: 6, waiting windows: 80/53037. Max active instruction index: 793
2024-11-27 10:14:49 | Simulation update: decoder round 1055428, completed instructions: 811/7997, actively running or decoding instructions: 3, waiting windows: 72/53532. Max active instruction index: 809
2024-11-27 10:14:59 | Simulation update: decoder round 1070761, completed instructions: 827/7997, actively running or decoding instructions: 6, waiting windows: 71/54267. Max active instruction index: 825
2024-11-27 10:15:09 | Simulation update: decoder round 1083794, completed instructions: 835/7997, actively running or decoding instructions: 6, waiting windows: 68/54892. Max active instruction index: 833
2024-11-27 10:15:19 | Simulation update: decoder round 1095461, completed instructions: 843/7997, actively running or decoding instructions: 3, waiting windows: 78/55449. Max active instruction index: 841
2024-11-27 10:15:29 | Simulation update: decoder round 1104354, completed instructions: 852/7997, actively running or decoding instructions: 6, waiting windows: 75/55877. Max active instruction index: 849
2024-11-27 10:15:39 | Simulation update: decoder round 1113234, completed instructions: 852/7997, actively running or decoding instructions: 6, waiting windows: 127/56722. Max active instruction index: 849
2024-11-27 10:15:49 | Simulation update: decoder round 1119842, completed instructions: 859/7997, actively running or decoding instructions: 3, waiting windows: 94/57240. Max active instruction index: 857
2024-11-27 10:15:59 | Simulation update: decoder round 1127440, completed instructions: 859/7997, actively running or decoding instructions: 3, waiting windows: 75/57602. Max active instruction index: 857
2024-11-27 10:16:09 | Simulation update: decoder round 1138894, completed instructions: 875/7997, actively running or decoding instructions: 3, waiting windows: 68/58152. Max active instruction index: 873
2024-11-27 10:16:19 | Simulation update: decoder round 1152049, completed instructions: 883/7997, actively running or decoding instructions: 6, waiting windows: 69/58783. Max active instruction index: 881
2024-11-27 10:16:29 | Simulation update: decoder round 1162027, completed instructions: 883/7997, actively running or decoding instructions: 6, waiting windows: 78/59258. Max active instruction index: 881
2024-11-27 10:16:39 | Simulation update: decoder round 1173199, completed instructions: 899/7997, actively running or decoding instructions: 3, waiting windows: 66/59795. Max active instruction index: 897
2024-11-27 10:16:49 | Simulation update: decoder round 1187875, completed instructions: 907/7997, actively running or decoding instructions: 6, waiting windows: 73/60498. Max active instruction index: 905
2024-11-27 10:16:59 | Simulation update: decoder round 1201139, completed instructions: 915/7997, actively running or decoding instructions: 3, waiting windows: 75/61131. Max active instruction index: 913
2024-11-27 10:17:09 | Simulation update: decoder round 1209672, completed instructions: 923/7997, actively running or decoding instructions: 6, waiting windows: 72/61542. Max active instruction index: 921
2024-11-27 10:17:19 | Simulation update: decoder round 1223847, completed instructions: 931/7997, actively running or decoding instructions: 6, waiting windows: 66/62222. Max active instruction index: 929
2024-11-27 10:17:29 | Simulation update: decoder round 1236961, completed instructions: 939/7997, actively running or decoding instructions: 6, waiting windows: 73/62850. Max active instruction index: 937
2024-11-27 10:17:39 | Simulation update: decoder round 1249553, completed instructions: 947/7997, actively running or decoding instructions: 3, waiting windows: 66/63452. Max active instruction index: 945
2024-11-27 10:17:49 | Simulation update: decoder round 1261110, completed instructions: 955/7997, actively running or decoding instructions: 6, waiting windows: 64/64006. Max active instruction index: 953
2024-11-27 10:17:59 | Simulation update: decoder round 1273594, completed instructions: 963/7997, actively running or decoding instructions: 3, waiting windows: 75/64602. Max active instruction index: 961
2024-11-27 10:18:09 | Simulation update: decoder round 1286534, completed instructions: 971/7997, actively running or decoding instructions: 3, waiting windows: 61/65219. Max active instruction index: 969
2024-11-27 10:18:19 | Simulation update: decoder round 1300529, completed instructions: 979/7997, actively running or decoding instructions: 3, waiting windows: 61/65888. Max active instruction index: 977
2024-11-27 10:18:29 | Simulation update: decoder round 1312560, completed instructions: 996/7997, actively running or decoding instructions: 6, waiting windows: 80/66491. Max active instruction index: 993
2024-11-27 10:18:39 | Simulation update: decoder round 1321527, completed instructions: 996/7997, actively running or decoding instructions: 6, waiting windows: 138/67345. Max active instruction index: 993
2024-11-27 10:18:49 | Simulation update: decoder round 1329038, completed instructions: 1003/7997, actively running or decoding instructions: 3, waiting windows: 73/67794. Max active instruction index: 1001
2024-11-27 10:18:59 | Simulation update: decoder round 1340573, completed instructions: 1011/7997, actively running or decoding instructions: 3, waiting windows: 78/68345. Max active instruction index: 1009
2024-11-27 10:19:09 | Simulation update: decoder round 1352445, completed instructions: 1019/7997, actively running or decoding instructions: 6, waiting windows: 61/68915. Max active instruction index: 1017
2024-11-27 10:19:19 | Simulation update: decoder round 1367324, completed instructions: 1035/7997, actively running or decoding instructions: 3, waiting windows: 77/69627. Max active instruction index: 1033
2024-11-27 10:19:29 | Simulation update: decoder round 1381047, completed instructions: 1043/7997, actively running or decoding instructions: 3, waiting windows: 69/70281. Max active instruction index: 1041
2024-11-27 10:19:39 | Simulation update: decoder round 1389535, completed instructions: 1043/7997, actively running or decoding instructions: 3, waiting windows: 61/70686. Max active instruction index: 1041
2024-11-27 10:19:49 | Simulation update: decoder round 1398779, completed instructions: 1051/7997, actively running or decoding instructions: 6, waiting windows: 74/71129. Max active instruction index: 1049
2024-11-27 10:19:59 | Simulation update: decoder round 1410187, completed instructions: 1059/7997, actively running or decoding instructions: 6, waiting windows: 70/71677. Max active instruction index: 1057
2024-11-27 10:20:09 | Simulation update: decoder round 1422064, completed instructions: 1067/7997, actively running or decoding instructions: 6, waiting windows: 70/72247. Max active instruction index: 1065
2024-11-27 10:20:19 | Simulation update: decoder round 1434643, completed instructions: 1075/7997, actively running or decoding instructions: 6, waiting windows: 70/72849. Max active instruction index: 1073
2024-11-27 10:20:29 | Simulation update: decoder round 1444815, completed instructions: 1084/7997, actively running or decoding instructions: 3, waiting windows: 140/73792. Max active instruction index: 1081
2024-11-27 10:20:39 | Simulation update: decoder round 1453357, completed instructions: 1091/7997, actively running or decoding instructions: 2, waiting windows: 67/74223. Max active instruction index: 1089
2024-11-27 10:20:49 | Simulation update: decoder round 1464254, completed instructions: 1099/7997, actively running or decoding instructions: 6, waiting windows: 69/74747. Max active instruction index: 1097
2024-11-27 10:20:59 | Simulation update: decoder round 1474753, completed instructions: 1107/7997, actively running or decoding instructions: 6, waiting windows: 74/75250. Max active instruction index: 1105
2024-11-27 10:21:09 | Simulation update: decoder round 1489498, completed instructions: 1123/7997, actively running or decoding instructions: 3, waiting windows: 71/75958. Max active instruction index: 1121
