CONFIG 41
benchmark_file: slurm/data/20241127_095904/benchmarks/random_t_1000_200_0.lss
decoder_latency_or_dist_filename: lambda volume: volume*0.16681005372000587
distance: 21
lightweight_setting: 1
max_parallel_processes: None
missed_speculation_modifier: 1.4
poison_policy: successors
rng: 0
scheduling_method: parallel
speculation_accuracy: 0.1
speculation_latency: 1
speculation_mode: separate
2024-11-27 09:59:28 | Loading benchmark slurm/data/20241127_095904/benchmarks/random_t_1000_200_0.lss...
2024-11-27 09:59:28 | Starting simulation
Failed to get source of decoding_latency_fn: could not get source code
2024-11-27 09:59:29 | Simulation update: decoder round 1, completed instructions: 0/7997, actively running or decoding instructions: 1, waiting windows: 0/0. Max active instruction index: 0
2024-11-27 09:59:39 | Simulation update: decoder round 106393, completed instructions: 3963/7997, actively running or decoding instructions: 3, waiting windows: 2776/6561. Max active instruction index: 3961
2024-11-27 09:59:49 | Simulation update: decoder round 212375, completed instructions: 7956/7997, actively running or decoding instructions: 1, waiting windows: 5515/13028. Max active instruction index: 7956
2024-11-27 09:59:49 | Finished simulation
2024-11-27 09:59:50 | Finished saving output. Done! Total elapsed time: 0:00:22.091389
