CONFIG 1020
benchmark_file: slurm/data/20250212_155702/benchmarks/qpeexact_5.lss
decoder_latency_or_dist_filename: slurm/data/20250212_155702/decoder_dists.json
distance: 15
lightweight_setting: 2
max_parallel_processes: None
missed_speculation_modifier: 1.4
poison_policy: successors
rng: 6
scheduling_method: parallel
speculation_accuracy: 0.9
speculation_latency: 1
speculation_mode: None
2025-02-12 16:23:41 | Loading benchmark slurm/data/20250212_155702/benchmarks/qpeexact_5.lss...
2025-02-12 16:23:43 | Starting simulation
2025-02-12 16:23:46 | Simulation update: decoder round 1, completed instructions: 0/26601, actively running or decoding instructions: 1, waiting windows: 0/0. Max active instruction index: 0
2025-02-12 16:23:56 | Simulation update: decoder round 1437, completed instructions: 80/26601, actively running or decoding instructions: 8, waiting windows: 56/137. Max active instruction index: 77
2025-02-12 16:24:06 | Simulation update: decoder round 2903, completed instructions: 156/26601, actively running or decoding instructions: 5, waiting windows: 118/291. Max active instruction index: 153
2025-02-12 16:24:16 | Simulation update: decoder round 4396, completed instructions: 224/26601, actively running or decoding instructions: 5, waiting windows: 180/444. Max active instruction index: 221
2025-02-12 16:24:26 | Simulation update: decoder round 5922, completed instructions: 305/26601, actively running or decoding instructions: 5, waiting windows: 256/617. Max active instruction index: 301
2025-02-12 16:24:36 | Simulation update: decoder round 7482, completed instructions: 377/26601, actively running or decoding instructions: 5, waiting windows: 326/786. Max active instruction index: 373
2025-02-12 16:24:46 | Simulation update: decoder round 9065, completed instructions: 452/26601, actively running or decoding instructions: 5, waiting windows: 392/954. Max active instruction index: 449
2025-02-12 16:24:56 | Simulation update: decoder round 10673, completed instructions: 537/26601, actively running or decoding instructions: 5, waiting windows: 467/1130. Max active instruction index: 533
2025-02-12 16:25:06 | Simulation update: decoder round 12323, completed instructions: 617/26601, actively running or decoding instructions: 7, waiting windows: 548/1324. Max active instruction index: 620
2025-02-12 16:25:16 | Simulation update: decoder round 14015, completed instructions: 704/26601, actively running or decoding instructions: 8, waiting windows: 611/1495. Max active instruction index: 701
2025-02-12 16:25:26 | Simulation update: decoder round 15747, completed instructions: 800/26601, actively running or decoding instructions: 4, waiting windows: 681/1671. Max active instruction index: 797
2025-02-12 16:25:36 | Simulation update: decoder round 17530, completed instructions: 880/26601, actively running or decoding instructions: 5, waiting windows: 747/1845. Max active instruction index: 877
2025-02-12 16:25:46 | Simulation update: decoder round 19353, completed instructions: 968/26601, actively running or decoding instructions: 5, waiting windows: 823/2030. Max active instruction index: 965
2025-02-12 16:25:56 | Simulation update: decoder round 21196, completed instructions: 1142/26601, actively running or decoding instructions: 3, waiting windows: 1024/2478. Max active instruction index: 2135
2025-02-12 16:26:06 | Simulation update: decoder round 23134, completed instructions: 1356/26601, actively running or decoding instructions: 9, waiting windows: 1250/3015. Max active instruction index: 2347
2025-02-12 16:26:16 | Simulation update: decoder round 25215, completed instructions: 1573/26601, actively running or decoding instructions: 6, waiting windows: 1479/3572. Max active instruction index: 2567
2025-02-12 16:26:26 | Simulation update: decoder round 27497, completed instructions: 1821/26601, actively running or decoding instructions: 12, waiting windows: 1728/4159. Max active instruction index: 2811
2025-02-12 16:26:36 | Simulation update: decoder round 30018, completed instructions: 2073/26601, actively running or decoding instructions: 6, waiting windows: 2020/4844. Max active instruction index: 3079
2025-02-12 16:26:46 | Simulation update: decoder round 32857, completed instructions: 2345/26601, actively running or decoding instructions: 6, waiting windows: 2349/5628. Max active instruction index: 3359
2025-02-12 16:26:56 | Simulation update: decoder round 36197, completed instructions: 2689/26601, actively running or decoding instructions: 9, waiting windows: 2744/6551. Max active instruction index: 3703
2025-02-12 16:27:06 | Simulation update: decoder round 39711, completed instructions: 3035/26601, actively running or decoding instructions: 5, waiting windows: 3118/7445. Max active instruction index: 2031
2025-02-12 16:27:16 | Simulation update: decoder round 40971, completed instructions: 3090/26601, actively running or decoding instructions: 2, waiting windows: 3210/7665. Max active instruction index: 2147
2025-02-12 16:27:26 | Simulation update: decoder round 42245, completed instructions: 3150/26601, actively running or decoding instructions: 3, waiting windows: 3313/7893. Max active instruction index: 2286
2025-02-12 16:27:36 | Simulation update: decoder round 43535, completed instructions: 3215/26601, actively running or decoding instructions: 5, waiting windows: 3424/8131. Max active instruction index: 2399
2025-02-12 16:27:46 | Simulation update: decoder round 44842, completed instructions: 3283/26601, actively running or decoding instructions: 8, waiting windows: 3518/8346. Max active instruction index: 2543
2025-02-12 16:27:56 | Simulation update: decoder round 46163, completed instructions: 3346/26601, actively running or decoding instructions: 8, waiting windows: 3624/8584. Max active instruction index: 2671
2025-02-12 16:28:06 | Simulation update: decoder round 47522, completed instructions: 3414/26601, actively running or decoding instructions: 6, waiting windows: 3718/8808. Max active instruction index: 2822
2025-02-12 16:28:16 | Simulation update: decoder round 48901, completed instructions: 3490/26601, actively running or decoding instructions: 2, waiting windows: 3815/9035. Max active instruction index: 2966
2025-02-12 16:28:26 | Simulation update: decoder round 50306, completed instructions: 3559/26601, actively running or decoding instructions: 2, waiting windows: 3923/9270. Max active instruction index: 3103
2025-02-12 16:28:36 | Simulation update: decoder round 51733, completed instructions: 3638/26601, actively running or decoding instructions: 5, waiting windows: 4022/9503. Max active instruction index: 3255
2025-02-12 16:28:46 | Simulation update: decoder round 53189, completed instructions: 3710/26601, actively running or decoding instructions: 5, waiting windows: 4123/9738. Max active instruction index: 3395
2025-02-12 16:28:56 | Simulation update: decoder round 54676, completed instructions: 3791/26601, actively running or decoding instructions: 5, waiting windows: 4233/9984. Max active instruction index: 3563
2025-02-12 16:29:06 | Simulation update: decoder round 56198, completed instructions: 3866/26601, actively running or decoding instructions: 5, waiting windows: 4352/10250. Max active instruction index: 3711
2025-02-12 16:29:16 | Simulation update: decoder round 57741, completed instructions: 3942/26601, actively running or decoding instructions: 5, waiting windows: 4471/10522. Max active instruction index: 3863
2025-02-12 16:29:26 | Simulation update: decoder round 59178, completed instructions: 4042/26601, actively running or decoding instructions: 13, waiting windows: 4593/10783. Max active instruction index: 5019
2025-02-12 16:29:36 | Simulation update: decoder round 59568, completed instructions: 4094/26601, actively running or decoding instructions: 11, waiting windows: 4656/10933. Max active instruction index: 5074
2025-02-12 16:29:46 | Simulation update: decoder round 59961, completed instructions: 4133/26601, actively running or decoding instructions: 9, waiting windows: 4722/11089. Max active instruction index: 5114
2025-02-12 16:29:56 | Simulation update: decoder round 60357, completed instructions: 4173/26601, actively running or decoding instructions: 4, waiting windows: 4790/11247. Max active instruction index: 5150
2025-02-12 16:30:06 | Simulation update: decoder round 60755, completed instructions: 4213/26601, actively running or decoding instructions: 7, waiting windows: 4853/11403. Max active instruction index: 5195
2025-02-12 16:30:16 | Simulation update: decoder round 61152, completed instructions: 4262/26601, actively running or decoding instructions: 12, waiting windows: 4926/11565. Max active instruction index: 5243
2025-02-12 16:30:26 | Simulation update: decoder round 61549, completed instructions: 4304/26601, actively running or decoding instructions: 3, waiting windows: 5011/11742. Max active instruction index: 5280
2025-02-12 16:30:36 | Simulation update: decoder round 61945, completed instructions: 4344/26601, actively running or decoding instructions: 2, waiting windows: 5094/11922. Max active instruction index: 5316
2025-02-12 16:30:46 | Simulation update: decoder round 62341, completed instructions: 4389/26601, actively running or decoding instructions: 3, waiting windows: 5170/12098. Max active instruction index: 5364
2025-02-12 16:30:56 | Simulation update: decoder round 62743, completed instructions: 4428/26601, actively running or decoding instructions: 11, waiting windows: 5234/12260. Max active instruction index: 5408
2025-02-12 16:31:06 | Simulation update: decoder round 63145, completed instructions: 4476/26601, actively running or decoding instructions: 7, waiting windows: 5310/12425. Max active instruction index: 5460
2025-02-12 16:31:16 | Simulation update: decoder round 63547, completed instructions: 4531/26601, actively running or decoding instructions: 12, waiting windows: 5387/12594. Max active instruction index: 5508
2025-02-12 16:31:26 | Simulation update: decoder round 63947, completed instructions: 4579/26601, actively running or decoding instructions: 6, waiting windows: 5453/12752. Max active instruction index: 5573
2025-02-12 16:31:36 | Simulation update: decoder round 64353, completed instructions: 4630/26601, actively running or decoding instructions: 12, waiting windows: 5536/12928. Max active instruction index: 5618
2025-02-12 16:31:46 | Simulation update: decoder round 64761, completed instructions: 4673/26601, actively running or decoding instructions: 12, waiting windows: 5606/13097. Max active instruction index: 5658
2025-02-12 16:31:56 | Simulation update: decoder round 65170, completed instructions: 4716/26601, actively running or decoding instructions: 9, waiting windows: 5685/13268. Max active instruction index: 5710
2025-02-12 16:32:06 | Simulation update: decoder round 65580, completed instructions: 4765/26601, actively running or decoding instructions: 12, waiting windows: 5757/13435. Max active instruction index: 5762
2025-02-12 16:32:16 | Simulation update: decoder round 65984, completed instructions: 4809/26601, actively running or decoding instructions: 12, waiting windows: 5824/13597. Max active instruction index: 5810
2025-02-12 16:32:26 | Simulation update: decoder round 66391, completed instructions: 4852/26601, actively running or decoding instructions: 12, waiting windows: 5898/13772. Max active instruction index: 5858
2025-02-12 16:32:36 | Simulation update: decoder round 66802, completed instructions: 4887/26601, actively running or decoding instructions: 6, waiting windows: 5968/13934. Max active instruction index: 5884
2025-02-12 16:32:46 | Simulation update: decoder round 67211, completed instructions: 4945/26601, actively running or decoding instructions: 3, waiting windows: 6049/14110. Max active instruction index: 5954
2025-02-12 16:32:57 | Simulation update: decoder round 67627, completed instructions: 4989/26601, actively running or decoding instructions: 9, waiting windows: 6130/14288. Max active instruction index: 5998
2025-02-12 16:33:07 | Simulation update: decoder round 68037, completed instructions: 5038/26601, actively running or decoding instructions: 9, waiting windows: 6206/14462. Max active instruction index: 6042
2025-02-12 16:33:17 | Simulation update: decoder round 68447, completed instructions: 5083/26601, actively running or decoding instructions: 6, waiting windows: 6285/14642. Max active instruction index: 6074
2025-02-12 16:33:27 | Simulation update: decoder round 68861, completed instructions: 5117/26601, actively running or decoding instructions: 7, waiting windows: 6353/14811. Max active instruction index: 6114
2025-02-12 16:33:37 | Simulation update: decoder round 69276, completed instructions: 5183/26601, actively running or decoding instructions: 9, waiting windows: 6434/14983. Max active instruction index: 6184
2025-02-12 16:33:47 | Simulation update: decoder round 69693, completed instructions: 5235/26601, actively running or decoding instructions: 12, waiting windows: 6506/15147. Max active instruction index: 6236
2025-02-12 16:33:57 | Simulation update: decoder round 70112, completed instructions: 5271/26601, actively running or decoding instructions: 6, waiting windows: 6579/15321. Max active instruction index: 6272
2025-02-12 16:34:07 | Simulation update: decoder round 70519, completed instructions: 5311/26601, actively running or decoding instructions: 3, waiting windows: 6655/15495. Max active instruction index: 6321
2025-02-12 16:34:17 | Simulation update: decoder round 70941, completed instructions: 5351/26601, actively running or decoding instructions: 7, waiting windows: 6730/15663. Max active instruction index: 6377
2025-02-12 16:34:27 | Simulation update: decoder round 71366, completed instructions: 5405/26601, actively running or decoding instructions: 12, waiting windows: 6808/15842. Max active instruction index: 6422
2025-02-12 16:34:37 | Simulation update: decoder round 71792, completed instructions: 5449/26601, actively running or decoding instructions: 6, waiting windows: 6888/16024. Max active instruction index: 6466
2025-02-12 16:34:47 | Simulation update: decoder round 72221, completed instructions: 5498/26601, actively running or decoding instructions: 6, waiting windows: 6964/16202. Max active instruction index: 6506
2025-02-12 16:34:57 | Simulation update: decoder round 72651, completed instructions: 5550/26601, actively running or decoding instructions: 6, waiting windows: 7034/16374. Max active instruction index: 6546
2025-02-12 16:35:07 | Simulation update: decoder round 73081, completed instructions: 5597/26601, actively running or decoding instructions: 6, waiting windows: 7118/16555. Max active instruction index: 6598
2025-02-12 16:35:17 | Simulation update: decoder round 73513, completed instructions: 5649/26601, actively running or decoding instructions: 9, waiting windows: 7191/16728. Max active instruction index: 6663
2025-02-12 16:35:27 | Simulation update: decoder round 73946, completed instructions: 5707/26601, actively running or decoding instructions: 10, waiting windows: 7266/16905. Max active instruction index: 6712
2025-02-12 16:35:37 | Simulation update: decoder round 74381, completed instructions: 5752/26601, actively running or decoding instructions: 9, waiting windows: 7341/17080. Max active instruction index: 6756
2025-02-12 16:35:47 | Simulation update: decoder round 74819, completed instructions: 5799/26601, actively running or decoding instructions: 9, waiting windows: 7414/17256. Max active instruction index: 6800
2025-02-12 16:35:57 | Simulation update: decoder round 75259, completed instructions: 5852/26601, actively running or decoding instructions: 12, waiting windows: 7499/17433. Max active instruction index: 6852
2025-02-12 16:36:07 | Simulation update: decoder round 75698, completed instructions: 5897/26601, actively running or decoding instructions: 12, waiting windows: 7574/17612. Max active instruction index: 6896
2025-02-12 16:36:17 | Simulation update: decoder round 76139, completed instructions: 5936/26601, actively running or decoding instructions: 9, waiting windows: 7662/17810. Max active instruction index: 6936
2025-02-12 16:36:27 | Simulation update: decoder round 76581, completed instructions: 5987/26601, actively running or decoding instructions: 6, waiting windows: 7741/17993. Max active instruction index: 6992
2025-02-12 16:36:37 | Simulation update: decoder round 77027, completed instructions: 6031/26601, actively running or decoding instructions: 3, waiting windows: 7822/18174. Max active instruction index: 7041
2025-02-12 16:36:47 | Simulation update: decoder round 77475, completed instructions: 6084/26601, actively running or decoding instructions: 12, waiting windows: 7906/18358. Max active instruction index: 7101
2025-02-12 16:36:57 | Simulation update: decoder round 77925, completed instructions: 6145/26601, actively running or decoding instructions: 9, waiting windows: 7982/18539. Max active instruction index: 7158
2025-02-12 16:37:07 | Simulation update: decoder round 78378, completed instructions: 6193/26601, actively running or decoding instructions: 2, waiting windows: 8063/18726. Max active instruction index: 7194
2025-02-12 16:37:17 | Simulation update: decoder round 78830, completed instructions: 6256/26601, actively running or decoding instructions: 6, waiting windows: 8129/18893. Max active instruction index: 7243
2025-02-12 16:37:27 | Simulation update: decoder round 79286, completed instructions: 6315/26601, actively running or decoding instructions: 15, waiting windows: 8200/19054. Max active instruction index: 7268
2025-02-12 16:37:37 | Simulation update: decoder round 79743, completed instructions: 6354/26601, actively running or decoding instructions: 9, waiting windows: 8266/19218. Max active instruction index: 7292
2025-02-12 16:37:47 | Simulation update: decoder round 80201, completed instructions: 6394/26601, actively running or decoding instructions: 7, waiting windows: 8333/19374. Max active instruction index: 7316
2025-02-12 16:37:57 | Simulation update: decoder round 80663, completed instructions: 6461/26601, actively running or decoding instructions: 9, waiting windows: 8406/19542. Max active instruction index: 7350
2025-02-12 16:38:07 | Simulation update: decoder round 81128, completed instructions: 6516/26601, actively running or decoding instructions: 12, waiting windows: 8476/19706. Max active instruction index: 7388
2025-02-12 16:38:17 | Simulation update: decoder round 81595, completed instructions: 6574/26601, actively running or decoding instructions: 6, waiting windows: 8544/19866. Max active instruction index: 7412
2025-02-12 16:38:27 | Simulation update: decoder round 82067, completed instructions: 6639/26601, actively running or decoding instructions: 9, waiting windows: 8618/20037. Max active instruction index: 7450
2025-02-12 16:38:37 | Simulation update: decoder round 82532, completed instructions: 6692/26601, actively running or decoding instructions: 13, waiting windows: 8684/20201. Max active instruction index: 7478
2025-02-12 16:38:47 | Simulation update: decoder round 82994, completed instructions: 6747/26601, actively running or decoding instructions: 10, waiting windows: 8750/20357. Max active instruction index: 7515
2025-02-12 16:38:57 | Simulation update: decoder round 83468, completed instructions: 6809/26601, actively running or decoding instructions: 9, waiting windows: 8815/20515. Max active instruction index: 7544
2025-02-12 16:39:07 | Simulation update: decoder round 83949, completed instructions: 6861/26601, actively running or decoding instructions: 6, waiting windows: 8888/20680. Max active instruction index: 7572
2025-02-12 16:39:17 | Simulation update: decoder round 84436, completed instructions: 6951/26601, actively running or decoding instructions: 26, waiting windows: 8981/20894. Max active instruction index: 7724
2025-02-12 16:39:27 | Simulation update: decoder round 84927, completed instructions: 6999/26601, actively running or decoding instructions: 2, waiting windows: 9056/21086. Max active instruction index: 5741
2025-02-12 16:39:37 | Simulation update: decoder round 85423, completed instructions: 7027/26601, actively running or decoding instructions: 8, waiting windows: 9148/21275. Max active instruction index: 5798
2025-02-12 16:39:47 | Simulation update: decoder round 85917, completed instructions: 7060/26601, actively running or decoding instructions: 8, waiting windows: 9235/21455. Max active instruction index: 5872
2025-02-12 16:39:57 | Simulation update: decoder round 86414, completed instructions: 7087/26601, actively running or decoding instructions: 5, waiting windows: 9312/21631. Max active instruction index: 5924
2025-02-12 16:40:07 | Simulation update: decoder round 86912, completed instructions: 7119/26601, actively running or decoding instructions: 2, waiting windows: 9406/21819. Max active instruction index: 5994
2025-02-12 16:40:17 | Simulation update: decoder round 87414, completed instructions: 7135/26601, actively running or decoding instructions: 5, waiting windows: 9488/21996. Max active instruction index: 6034
2025-02-12 16:40:27 | Simulation update: decoder round 87915, completed instructions: 7160/26601, actively running or decoding instructions: 3, waiting windows: 9568/22175. Max active instruction index: 6105
2025-02-12 16:40:37 | Simulation update: decoder round 88411, completed instructions: 7192/26601, actively running or decoding instructions: 8, waiting windows: 9659/22360. Max active instruction index: 6154
2025-02-12 16:40:47 | Simulation update: decoder round 88909, completed instructions: 7215/26601, actively running or decoding instructions: 5, waiting windows: 9754/22553. Max active instruction index: 6206
2025-02-12 16:40:57 | Simulation update: decoder round 89410, completed instructions: 7239/26601, actively running or decoding instructions: 8, waiting windows: 9836/22734. Max active instruction index: 6264
2025-02-12 16:41:07 | Simulation update: decoder round 89915, completed instructions: 7271/26601, actively running or decoding instructions: 5, waiting windows: 9929/22923. Max active instruction index: 6330
2025-02-12 16:41:17 | Simulation update: decoder round 90425, completed instructions: 7292/26601, actively running or decoding instructions: 5, waiting windows: 10013/23110. Max active instruction index: 6370
2025-02-12 16:41:27 | Simulation update: decoder round 90932, completed instructions: 7315/26601, actively running or decoding instructions: 5, waiting windows: 10099/23294. Max active instruction index: 6432
2025-02-12 16:41:37 | Simulation update: decoder round 91437, completed instructions: 7347/26601, actively running or decoding instructions: 8, waiting windows: 10190/23481. Max active instruction index: 6498
2025-02-12 16:41:47 | Simulation update: decoder round 91946, completed instructions: 7363/26601, actively running or decoding instructions: 2, waiting windows: 10271/23661. Max active instruction index: 6537
2025-02-12 16:41:57 | Simulation update: decoder round 92457, completed instructions: 7399/26601, actively running or decoding instructions: 5, waiting windows: 10363/23848. Max active instruction index: 6612
2025-02-12 16:42:07 | Simulation update: decoder round 92970, completed instructions: 7427/26601, actively running or decoding instructions: 2, waiting windows: 10457/24045. Max active instruction index: 6678
2025-02-12 16:42:17 | Simulation update: decoder round 93482, completed instructions: 7447/26601, actively running or decoding instructions: 2, waiting windows: 10543/24233. Max active instruction index: 6722
2025-02-12 16:42:27 | Simulation update: decoder round 93996, completed instructions: 7479/26601, actively running or decoding instructions: 5, waiting windows: 10635/24420. Max active instruction index: 6788
2025-02-12 16:42:37 | Simulation update: decoder round 94509, completed instructions: 7507/26601, actively running or decoding instructions: 5, waiting windows: 10728/24614. Max active instruction index: 6848
2025-02-12 16:42:47 | Simulation update: decoder round 95030, completed instructions: 7527/26601, actively running or decoding instructions: 5, waiting windows: 10811/24796. Max active instruction index: 6892
2025-02-12 16:42:57 | Simulation update: decoder round 95551, completed instructions: 7556/26601, actively running or decoding instructions: 2, waiting windows: 10906/24994. Max active instruction index: 6962
2025-02-12 16:43:07 | Simulation update: decoder round 96074, completed instructions: 7583/26601, actively running or decoding instructions: 8, waiting windows: 10998/25187. Max active instruction index: 7014
2025-02-12 16:43:17 | Simulation update: decoder round 96596, completed instructions: 7608/26601, actively running or decoding instructions: 8, waiting windows: 11090/25380. Max active instruction index: 7072
2025-02-12 16:43:27 | Simulation update: decoder round 97118, completed instructions: 7636/26601, actively running or decoding instructions: 2, waiting windows: 11184/25582. Max active instruction index: 7128
2025-02-12 16:43:37 | Simulation update: decoder round 97643, completed instructions: 7663/26601, actively running or decoding instructions: 2, waiting windows: 11281/25787. Max active instruction index: 7190
2025-02-12 16:43:47 | Simulation update: decoder round 98062, completed instructions: 7744/26601, actively running or decoding instructions: 29, waiting windows: 11368/25981. Max active instruction index: 7809
2025-02-12 16:43:57 | Simulation update: decoder round 98387, completed instructions: 7820/26601, actively running or decoding instructions: 10, waiting windows: 11426/26125. Max active instruction index: 7893
2025-02-12 16:44:07 | Simulation update: decoder round 98715, completed instructions: 7865/26601, actively running or decoding instructions: 7, waiting windows: 11467/26256. Max active instruction index: 7953
2025-02-12 16:44:17 | Simulation update: decoder round 99044, completed instructions: 7935/26601, actively running or decoding instructions: 16, waiting windows: 11525/26387. Max active instruction index: 7999
2025-02-12 16:44:27 | Simulation update: decoder round 99376, completed instructions: 7987/26601, actively running or decoding instructions: 11, waiting windows: 11578/26525. Max active instruction index: 8079
2025-02-12 16:44:37 | Simulation update: decoder round 99709, completed instructions: 8056/26601, actively running or decoding instructions: 16, waiting windows: 11625/26654. Max active instruction index: 8163
2025-02-12 16:44:47 | Simulation update: decoder round 100043, completed instructions: 8118/26601, actively running or decoding instructions: 10, waiting windows: 11673/26780. Max active instruction index: 8193
2025-02-12 16:44:57 | Simulation update: decoder round 100378, completed instructions: 8178/26601, actively running or decoding instructions: 13, waiting windows: 11724/26903. Max active instruction index: 8265
2025-02-12 16:45:07 | Simulation update: decoder round 100713, completed instructions: 8244/26601, actively running or decoding instructions: 10, waiting windows: 11788/27051. Max active instruction index: 8341
2025-02-12 16:45:17 | Simulation update: decoder round 101051, completed instructions: 8304/26601, actively running or decoding instructions: 7, waiting windows: 11847/27200. Max active instruction index: 8405
2025-02-12 16:45:27 | Simulation update: decoder round 101390, completed instructions: 8368/26601, actively running or decoding instructions: 13, waiting windows: 11896/27329. Max active instruction index: 8439
2025-02-12 16:45:37 | Simulation update: decoder round 101729, completed instructions: 8430/26601, actively running or decoding instructions: 11, waiting windows: 11963/27474. Max active instruction index: 8507
2025-02-12 16:45:47 | Simulation update: decoder round 102068, completed instructions: 8473/26601, actively running or decoding instructions: 8, waiting windows: 12013/27619. Max active instruction index: 8541
2025-02-12 16:45:57 | Simulation update: decoder round 102409, completed instructions: 8542/26601, actively running or decoding instructions: 10, waiting windows: 12073/27759. Max active instruction index: 8623
2025-02-12 16:46:07 | Simulation update: decoder round 102753, completed instructions: 8602/26601, actively running or decoding instructions: 13, waiting windows: 12129/27895. Max active instruction index: 8686
2025-02-12 16:46:17 | Simulation update: decoder round 103098, completed instructions: 8666/26601, actively running or decoding instructions: 4, waiting windows: 12192/28054. Max active instruction index: 8725
2025-02-12 16:46:27 | Simulation update: decoder round 103444, completed instructions: 8738/26601, actively running or decoding instructions: 16, waiting windows: 12267/28207. Max active instruction index: 8801
2025-02-12 16:46:37 | Simulation update: decoder round 103792, completed instructions: 8794/26601, actively running or decoding instructions: 11, waiting windows: 12322/28351. Max active instruction index: 8885
2025-02-12 16:46:47 | Simulation update: decoder round 104138, completed instructions: 8857/26601, actively running or decoding instructions: 8, waiting windows: 12371/28491. Max active instruction index: 8915
2025-02-12 16:46:57 | Simulation update: decoder round 104487, completed instructions: 8919/26601, actively running or decoding instructions: 16, waiting windows: 12428/28624. Max active instruction index: 8987
2025-02-12 16:47:07 | Simulation update: decoder round 104832, completed instructions: 8975/26601, actively running or decoding instructions: 10, waiting windows: 12475/28753. Max active instruction index: 9035
2025-02-12 16:47:17 | Simulation update: decoder round 105178, completed instructions: 9031/26601, actively running or decoding instructions: 13, waiting windows: 12530/28889. Max active instruction index: 9101
2025-02-12 16:47:27 | Simulation update: decoder round 105529, completed instructions: 9098/26601, actively running or decoding instructions: 11, waiting windows: 12598/29053. Max active instruction index: 9173
2025-02-12 16:47:38 | Simulation update: decoder round 105885, completed instructions: 9158/26601, actively running or decoding instructions: 16, waiting windows: 12646/29186. Max active instruction index: 9241
2025-02-12 16:47:48 | Simulation update: decoder round 106241, completed instructions: 9222/26601, actively running or decoding instructions: 5, waiting windows: 12710/29338. Max active instruction index: 9279
2025-02-12 16:47:58 | Simulation update: decoder round 106602, completed instructions: 9298/26601, actively running or decoding instructions: 14, waiting windows: 12783/29495. Max active instruction index: 9361
2025-02-12 16:48:08 | Simulation update: decoder round 106963, completed instructions: 9357/26601, actively running or decoding instructions: 8, waiting windows: 12839/29645. Max active instruction index: 9437
2025-02-12 16:48:18 | Simulation update: decoder round 107326, completed instructions: 9433/26601, actively running or decoding instructions: 17, waiting windows: 12901/29793. Max active instruction index: 9509
2025-02-12 16:48:28 | Simulation update: decoder round 107688, completed instructions: 9488/26601, actively running or decoding instructions: 11, waiting windows: 12951/29929. Max active instruction index: 9581
2025-02-12 16:48:38 | Simulation update: decoder round 108051, completed instructions: 9548/26601, actively running or decoding instructions: 7, waiting windows: 13018/30090. Max active instruction index: 9605
2025-02-12 16:48:48 | Simulation update: decoder round 108418, completed instructions: 9616/26601, actively running or decoding instructions: 10, waiting windows: 13085/30250. Max active instruction index: 9669
2025-02-12 16:48:58 | Simulation update: decoder round 108786, completed instructions: 9683/26601, actively running or decoding instructions: 14, waiting windows: 13146/30400. Max active instruction index: 9733
2025-02-12 16:49:08 | Simulation update: decoder round 109157, completed instructions: 9751/26601, actively running or decoding instructions: 16, waiting windows: 13218/30564. Max active instruction index: 9842
2025-02-12 16:49:18 | Simulation update: decoder round 109528, completed instructions: 9808/26601, actively running or decoding instructions: 10, waiting windows: 13288/30732. Max active instruction index: 9873
2025-02-12 16:49:28 | Simulation update: decoder round 109900, completed instructions: 9862/26601, actively running or decoding instructions: 10, waiting windows: 13338/30874. Max active instruction index: 9911
2025-02-12 16:49:38 | Simulation update: decoder round 110276, completed instructions: 9938/26601, actively running or decoding instructions: 19, waiting windows: 13400/31019. Max active instruction index: 9995
2025-02-12 16:49:48 | Simulation update: decoder round 110653, completed instructions: 10005/26601, actively running or decoding instructions: 19, waiting windows: 13455/31162. Max active instruction index: 10059
2025-02-12 16:49:58 | Simulation update: decoder round 111035, completed instructions: 10068/26601, actively running or decoding instructions: 11, waiting windows: 13506/31301. Max active instruction index: 10119
2025-02-12 16:50:08 | Simulation update: decoder round 111417, completed instructions: 10139/26601, actively running or decoding instructions: 7, waiting windows: 13570/31458. Max active instruction index: 10191
2025-02-12 16:50:18 | Simulation update: decoder round 111800, completed instructions: 10206/26601, actively running or decoding instructions: 12, waiting windows: 13631/31615. Max active instruction index: 10254
2025-02-12 16:50:28 | Simulation update: decoder round 112187, completed instructions: 10285/26601, actively running or decoding instructions: 14, waiting windows: 13695/31776. Max active instruction index: 10317
2025-02-12 16:50:38 | Simulation update: decoder round 112575, completed instructions: 10349/26601, actively running or decoding instructions: 10, waiting windows: 13750/31927. Max active instruction index: 10381
2025-02-12 16:50:48 | Simulation update: decoder round 112964, completed instructions: 10414/26601, actively running or decoding instructions: 4, waiting windows: 13834/32120. Max active instruction index: 10441
2025-02-12 16:50:58 | Simulation update: decoder round 113354, completed instructions: 10481/26601, actively running or decoding instructions: 4, waiting windows: 13896/32280. Max active instruction index: 10495
2025-02-12 16:51:08 | Simulation update: decoder round 113748, completed instructions: 10544/26601, actively running or decoding instructions: 7, waiting windows: 13949/32425. Max active instruction index: 10562
2025-02-12 16:51:18 | Simulation update: decoder round 114142, completed instructions: 10629/26601, actively running or decoding instructions: 16, waiting windows: 14039/32611. Max active instruction index: 10649
2025-02-12 16:51:28 | Simulation update: decoder round 114542, completed instructions: 10693/26601, actively running or decoding instructions: 13, waiting windows: 14098/32768. Max active instruction index: 10711
2025-02-12 16:51:38 | Simulation update: decoder round 114941, completed instructions: 10761/26601, actively running or decoding instructions: 13, waiting windows: 14149/32915. Max active instruction index: 10793
2025-02-12 16:51:48 | Simulation update: decoder round 115343, completed instructions: 10825/26601, actively running or decoding instructions: 12, waiting windows: 14213/33074. Max active instruction index: 10852
2025-02-12 16:51:58 | Simulation update: decoder round 115750, completed instructions: 10910/26601, actively running or decoding instructions: 16, waiting windows: 14275/33238. Max active instruction index: 10919
2025-02-12 16:52:08 | Simulation update: decoder round 116161, completed instructions: 10994/26601, actively running or decoding instructions: 17, waiting windows: 14339/33400. Max active instruction index: 11009
2025-02-12 16:52:18 | Simulation update: decoder round 116576, completed instructions: 11076/26601, actively running or decoding instructions: 17, waiting windows: 14412/33570. Max active instruction index: 11085
2025-02-12 16:52:28 | Simulation update: decoder round 116990, completed instructions: 11147/26601, actively running or decoding instructions: 13, waiting windows: 14470/33736. Max active instruction index: 11165
2025-02-12 16:52:38 | Simulation update: decoder round 117408, completed instructions: 11215/26601, actively running or decoding instructions: 16, waiting windows: 14539/33899. Max active instruction index: 11237
2025-02-12 16:52:48 | Simulation update: decoder round 117831, completed instructions: 11295/26601, actively running or decoding instructions: 13, waiting windows: 14601/34068. Max active instruction index: 11325
2025-02-12 16:52:58 | Simulation update: decoder round 118256, completed instructions: 11362/26601, actively running or decoding instructions: 15, waiting windows: 14666/34229. Max active instruction index: 11373
2025-02-12 16:53:08 | Simulation update: decoder round 118681, completed instructions: 11413/26601, actively running or decoding instructions: 12, waiting windows: 14725/34379. Max active instruction index: 11413
2025-02-12 16:53:18 | Simulation update: decoder round 119107, completed instructions: 11453/26601, actively running or decoding instructions: 8, waiting windows: 14781/34516. Max active instruction index: 11449
2025-02-12 16:53:28 | Simulation update: decoder round 119534, completed instructions: 11477/26601, actively running or decoding instructions: 8, waiting windows: 14842/34643. Max active instruction index: 11473
2025-02-12 16:53:38 | Simulation update: decoder round 119965, completed instructions: 11493/26601, actively running or decoding instructions: 2, waiting windows: 14904/34776. Max active instruction index: 11489
2025-02-12 16:53:48 | Simulation update: decoder round 120394, completed instructions: 11514/26601, actively running or decoding instructions: 5, waiting windows: 14967/34911. Max active instruction index: 11516
2025-02-12 16:53:58 | Simulation update: decoder round 120826, completed instructions: 11545/26601, actively running or decoding instructions: 5, waiting windows: 15029/35039. Max active instruction index: 11541
2025-02-12 16:54:08 | Simulation update: decoder round 121256, completed instructions: 11566/26601, actively running or decoding instructions: 2, waiting windows: 15094/35178. Max active instruction index: 11561
2025-02-12 16:54:18 | Simulation update: decoder round 121690, completed instructions: 11585/26601, actively running or decoding instructions: 2, waiting windows: 15151/35309. Max active instruction index: 11581
2025-02-12 16:54:28 | Simulation update: decoder round 122124, completed instructions: 11605/26601, actively running or decoding instructions: 2, waiting windows: 15217/35443. Max active instruction index: 11604
2025-02-12 16:54:38 | Simulation update: decoder round 122561, completed instructions: 11625/26601, actively running or decoding instructions: 5, waiting windows: 15279/35571. Max active instruction index: 11621
2025-02-12 16:54:48 | Simulation update: decoder round 122998, completed instructions: 11649/26601, actively running or decoding instructions: 3, waiting windows: 15338/35702. Max active instruction index: 11645
2025-02-12 16:54:58 | Simulation update: decoder round 123433, completed instructions: 11702/26601, actively running or decoding instructions: 13, waiting windows: 15417/35870. Max active instruction index: 12974
2025-02-12 16:55:08 | Simulation update: decoder round 123871, completed instructions: 11722/26601, actively running or decoding instructions: 8, waiting windows: 15492/36028. Max active instruction index: 11715
2025-02-12 16:55:18 | Simulation update: decoder round 124311, completed instructions: 11738/26601, actively running or decoding instructions: 2, waiting windows: 15566/36190. Max active instruction index: 11731
2025-02-12 16:55:28 | Simulation update: decoder round 124752, completed instructions: 11766/26601, actively running or decoding instructions: 2, waiting windows: 15656/36371. Max active instruction index: 11759
2025-02-12 16:55:38 | Simulation update: decoder round 125191, completed instructions: 11783/26601, actively running or decoding instructions: 5, waiting windows: 15729/36531. Max active instruction index: 11775
2025-02-12 16:55:48 | Simulation update: decoder round 125632, completed instructions: 11803/26601, actively running or decoding instructions: 5, waiting windows: 15803/36693. Max active instruction index: 11802
2025-02-12 16:55:58 | Simulation update: decoder round 126071, completed instructions: 11834/26601, actively running or decoding instructions: 8, waiting windows: 15881/36856. Max active instruction index: 11827
2025-02-12 16:56:08 | Simulation update: decoder round 126512, completed instructions: 11854/26601, actively running or decoding instructions: 2, waiting windows: 15956/37016. Max active instruction index: 11847
2025-02-12 16:56:18 | Simulation update: decoder round 126956, completed instructions: 11878/26601, actively running or decoding instructions: 5, waiting windows: 16032/37179. Max active instruction index: 11871
2025-02-12 16:56:28 | Simulation update: decoder round 127396, completed instructions: 11903/26601, actively running or decoding instructions: 5, waiting windows: 16106/37336. Max active instruction index: 11899
2025-02-12 16:56:38 | Simulation update: decoder round 127840, completed instructions: 11923/26601, actively running or decoding instructions: 5, waiting windows: 16192/37511. Max active instruction index: 11915
2025-02-12 16:56:48 | Simulation update: decoder round 128284, completed instructions: 11946/26601, actively running or decoding instructions: 6, waiting windows: 16263/37673. Max active instruction index: 11946
2025-02-12 16:56:58 | Simulation update: decoder round 128726, completed instructions: 11974/26601, actively running or decoding instructions: 2, waiting windows: 16351/37847. Max active instruction index: 11967
2025-02-12 16:57:08 | Simulation update: decoder round 129174, completed instructions: 11998/26601, actively running or decoding instructions: 8, waiting windows: 16425/38010. Max active instruction index: 11991
2025-02-12 16:57:18 | Simulation update: decoder round 129623, completed instructions: 12018/26601, actively running or decoding instructions: 5, waiting windows: 16499/38169. Max active instruction index: 12011
2025-02-12 16:57:28 | Simulation update: decoder round 130072, completed instructions: 12034/26601, actively running or decoding instructions: 2, waiting windows: 16576/38336. Max active instruction index: 12027
2025-02-12 16:57:38 | Simulation update: decoder round 130525, completed instructions: 12055/26601, actively running or decoding instructions: 5, waiting windows: 16656/38501. Max active instruction index: 12051
2025-02-12 16:57:48 | Simulation update: decoder round 130971, completed instructions: 12075/26601, actively running or decoding instructions: 2, waiting windows: 16742/38679. Max active instruction index: 12067
2025-02-12 16:57:58 | Simulation update: decoder round 131424, completed instructions: 12102/26601, actively running or decoding instructions: 2, waiting windows: 16833/38861. Max active instruction index: 12095
2025-02-12 16:58:08 | Simulation update: decoder round 131874, completed instructions: 12126/26601, actively running or decoding instructions: 8, waiting windows: 16912/39025. Max active instruction index: 12119
2025-02-12 16:58:18 | Simulation update: decoder round 132328, completed instructions: 12146/26601, actively running or decoding instructions: 5, waiting windows: 16982/39185. Max active instruction index: 12139
2025-02-12 16:58:28 | Simulation update: decoder round 132782, completed instructions: 12166/26601, actively running or decoding instructions: 2, waiting windows: 17056/39349. Max active instruction index: 12162
2025-02-12 16:58:38 | Simulation update: decoder round 133237, completed instructions: 12194/26601, actively running or decoding instructions: 5, waiting windows: 17140/39517. Max active instruction index: 12187
2025-02-12 16:58:48 | Simulation update: decoder round 133693, completed instructions: 12218/26601, actively running or decoding instructions: 8, waiting windows: 17216/39685. Max active instruction index: 12211
2025-02-12 16:58:58 | Simulation update: decoder round 134148, completed instructions: 12238/26601, actively running or decoding instructions: 8, waiting windows: 17293/39847. Max active instruction index: 12231
2025-02-12 16:59:08 | Simulation update: decoder round 134606, completed instructions: 12259/26601, actively running or decoding instructions: 2, waiting windows: 17378/40028. Max active instruction index: 12251
2025-02-12 16:59:18 | Simulation update: decoder round 135066, completed instructions: 12287/26601, actively running or decoding instructions: 8, waiting windows: 17455/40196. Max active instruction index: 12283
2025-02-12 16:59:28 | Simulation update: decoder round 135526, completed instructions: 12310/26601, actively running or decoding instructions: 2, waiting windows: 17541/40370. Max active instruction index: 12303
2025-02-12 16:59:38 | Simulation update: decoder round 135991, completed instructions: 12338/26601, actively running or decoding instructions: 2, waiting windows: 17626/40552. Max active instruction index: 12331
2025-02-12 16:59:48 | Simulation update: decoder round 136452, completed instructions: 12362/26601, actively running or decoding instructions: 2, waiting windows: 17714/40734. Max active instruction index: 12355
2025-02-12 16:59:58 | Simulation update: decoder round 136913, completed instructions: 12386/26601, actively running or decoding instructions: 8, waiting windows: 17794/40901. Max active instruction index: 12379
2025-02-12 17:00:08 | Simulation update: decoder round 137376, completed instructions: 12410/26601, actively running or decoding instructions: 8, waiting windows: 17870/41068. Max active instruction index: 12403
2025-02-12 17:00:18 | Simulation update: decoder round 137840, completed instructions: 12434/26601, actively running or decoding instructions: 5, waiting windows: 17942/41236. Max active instruction index: 12427
2025-02-12 17:00:28 | Simulation update: decoder round 138310, completed instructions: 12466/26601, actively running or decoding instructions: 5, waiting windows: 18029/41410. Max active instruction index: 12459
2025-02-12 17:00:38 | Simulation update: decoder round 138777, completed instructions: 12487/26601, actively running or decoding instructions: 5, waiting windows: 18112/41583. Max active instruction index: 12479
2025-02-12 17:00:48 | Simulation update: decoder round 139251, completed instructions: 12519/26601, actively running or decoding instructions: 5, waiting windows: 18191/41755. Max active instruction index: 12511
2025-02-12 17:00:58 | Simulation update: decoder round 139728, completed instructions: 12535/26601, actively running or decoding instructions: 3, waiting windows: 18282/41943. Max active instruction index: 12527
2025-02-12 17:01:08 | Simulation update: decoder round 140204, completed instructions: 12563/26601, actively running or decoding instructions: 5, waiting windows: 18371/42129. Max active instruction index: 12555
2025-02-12 17:01:18 | Simulation update: decoder round 140683, completed instructions: 12587/26601, actively running or decoding instructions: 5, waiting windows: 18453/42306. Max active instruction index: 12583
2025-02-12 17:01:28 | Simulation update: decoder round 141157, completed instructions: 12607/26601, actively running or decoding instructions: 5, waiting windows: 18535/42477. Max active instruction index: 12599
2025-02-12 17:01:38 | Simulation update: decoder round 141636, completed instructions: 12634/26601, actively running or decoding instructions: 8, waiting windows: 18622/42658. Max active instruction index: 12627
2025-02-12 17:01:48 | Simulation update: decoder round 142120, completed instructions: 12650/26601, actively running or decoding instructions: 2, waiting windows: 18700/42831. Max active instruction index: 12643
2025-02-12 17:01:59 | Simulation update: decoder round 142604, completed instructions: 12674/26601, actively running or decoding instructions: 5, waiting windows: 18788/43015. Max active instruction index: 12670
2025-02-12 17:02:09 | Simulation update: decoder round 143090, completed instructions: 12703/26601, actively running or decoding instructions: 8, waiting windows: 18870/43194. Max active instruction index: 12695
2025-02-12 17:02:19 | Simulation update: decoder round 143581, completed instructions: 12722/26601, actively running or decoding instructions: 3, waiting windows: 18954/43376. Max active instruction index: 12715
2025-02-12 17:02:29 | Simulation update: decoder round 144074, completed instructions: 12755/26601, actively running or decoding instructions: 5, waiting windows: 19043/43559. Max active instruction index: 12747
2025-02-12 17:02:39 | Simulation update: decoder round 144569, completed instructions: 12770/26601, actively running or decoding instructions: 5, waiting windows: 19128/43740. Max active instruction index: 12763
2025-02-12 17:02:49 | Simulation update: decoder round 145070, completed instructions: 12794/26601, actively running or decoding instructions: 2, waiting windows: 19211/43920. Max active instruction index: 12787
2025-02-12 17:02:59 | Simulation update: decoder round 145569, completed instructions: 12818/26601, actively running or decoding instructions: 2, waiting windows: 19296/44104. Max active instruction index: 12814
2025-02-12 17:03:09 | Simulation update: decoder round 146074, completed instructions: 12850/26601, actively running or decoding instructions: 5, waiting windows: 19382/44287. Max active instruction index: 12843
2025-02-12 17:03:19 | Simulation update: decoder round 146572, completed instructions: 12874/26601, actively running or decoding instructions: 8, waiting windows: 19464/44465. Max active instruction index: 12867
2025-02-12 17:03:29 | Simulation update: decoder round 147069, completed instructions: 12906/26601, actively running or decoding instructions: 8, waiting windows: 19554/44651. Max active instruction index: 12899
2025-02-12 17:03:39 | Simulation update: decoder round 147571, completed instructions: 12930/26601, actively running or decoding instructions: 2, waiting windows: 19635/44826. Max active instruction index: 12926
2025-02-12 17:03:49 | Simulation update: decoder round 148075, completed instructions: 12958/26601, actively running or decoding instructions: 8, waiting windows: 19727/45020. Max active instruction index: 12951
2025-02-12 17:03:59 | Simulation update: decoder round 148577, completed instructions: 12993/26601, actively running or decoding instructions: 12, waiting windows: 19810/45206. Max active instruction index: 13993
2025-02-12 17:04:09 | Simulation update: decoder round 149086, completed instructions: 13050/26601, actively running or decoding instructions: 12, waiting windows: 19910/45420. Max active instruction index: 14062
2025-02-12 17:04:19 | Simulation update: decoder round 149606, completed instructions: 13111/26601, actively running or decoding instructions: 9, waiting windows: 19996/45634. Max active instruction index: 14119
2025-02-12 17:04:29 | Simulation update: decoder round 150126, completed instructions: 13167/26601, actively running or decoding instructions: 3, waiting windows: 20082/45837. Max active instruction index: 14168
2025-02-12 17:04:39 | Simulation update: decoder round 150651, completed instructions: 13234/26601, actively running or decoding instructions: 6, waiting windows: 20200/46081. Max active instruction index: 14221
2025-02-12 17:04:49 | Simulation update: decoder round 151178, completed instructions: 13287/26601, actively running or decoding instructions: 6, waiting windows: 20294/46303. Max active instruction index: 14287
2025-02-12 17:04:59 | Simulation update: decoder round 151709, completed instructions: 13357/26601, actively running or decoding instructions: 6, waiting windows: 20392/46521. Max active instruction index: 14353
2025-02-12 17:05:09 | Simulation update: decoder round 152242, completed instructions: 13414/26601, actively running or decoding instructions: 9, waiting windows: 20494/46745. Max active instruction index: 14419
2025-02-12 17:05:19 | Simulation update: decoder round 152776, completed instructions: 13467/26601, actively running or decoding instructions: 6, waiting windows: 20588/46968. Max active instruction index: 14472
2025-02-12 17:05:29 | Simulation update: decoder round 153314, completed instructions: 13526/26601, actively running or decoding instructions: 3, waiting windows: 20694/47205. Max active instruction index: 14531
2025-02-12 17:05:39 | Simulation update: decoder round 153856, completed instructions: 13602/26601, actively running or decoding instructions: 9, waiting windows: 20802/47441. Max active instruction index: 14593
2025-02-12 17:05:49 | Simulation update: decoder round 154401, completed instructions: 13667/26601, actively running or decoding instructions: 12, waiting windows: 20905/47674. Max active instruction index: 14663
2025-02-12 17:05:59 | Simulation update: decoder round 154954, completed instructions: 13720/26601, actively running or decoding instructions: 12, waiting windows: 20999/47898. Max active instruction index: 14699
2025-02-12 17:06:09 | Simulation update: decoder round 155505, completed instructions: 13781/26601, actively running or decoding instructions: 6, waiting windows: 21104/48143. Max active instruction index: 14769
2025-02-12 17:06:19 | Simulation update: decoder round 156059, completed instructions: 13852/26601, actively running or decoding instructions: 13, waiting windows: 21208/48371. Max active instruction index: 14843
2025-02-12 17:06:29 | Simulation update: decoder round 156614, completed instructions: 13910/26601, actively running or decoding instructions: 9, waiting windows: 21315/48611. Max active instruction index: 14893
2025-02-12 17:06:39 | Simulation update: decoder round 157175, completed instructions: 13972/26601, actively running or decoding instructions: 6, waiting windows: 21423/48852. Max active instruction index: 14959
2025-02-12 17:06:49 | Simulation update: decoder round 157741, completed instructions: 14029/26601, actively running or decoding instructions: 6, waiting windows: 21525/49087. Max active instruction index: 15017
2025-02-12 17:06:59 | Simulation update: decoder round 158309, completed instructions: 14095/26601, actively running or decoding instructions: 9, waiting windows: 21628/49319. Max active instruction index: 15083
2025-02-12 17:07:09 | Simulation update: decoder round 158880, completed instructions: 14152/26601, actively running or decoding instructions: 6, waiting windows: 21733/49559. Max active instruction index: 15140
2025-02-12 17:07:19 | Simulation update: decoder round 159457, completed instructions: 14217/26601, actively running or decoding instructions: 9, waiting windows: 21836/49792. Max active instruction index: 15197
2025-02-12 17:07:29 | Simulation update: decoder round 160039, completed instructions: 14279/26601, actively running or decoding instructions: 6, waiting windows: 21938/50028. Max active instruction index: 15255
2025-02-12 17:07:39 | Simulation update: decoder round 160624, completed instructions: 14350/26601, actively running or decoding instructions: 6, waiting windows: 22045/50281. Max active instruction index: 15325
2025-02-12 17:07:49 | Simulation update: decoder round 161213, completed instructions: 14416/26601, actively running or decoding instructions: 12, waiting windows: 22155/50527. Max active instruction index: 15387
2025-02-12 17:07:59 | Simulation update: decoder round 161785, completed instructions: 14486/26601, actively running or decoding instructions: 9, waiting windows: 22260/50764. Max active instruction index: 15449
2025-02-12 17:08:09 | Simulation update: decoder round 162377, completed instructions: 14557/26601, actively running or decoding instructions: 6, waiting windows: 22373/51016. Max active instruction index: 15529
2025-02-12 17:08:19 | Simulation update: decoder round 162954, completed instructions: 14613/26601, actively running or decoding instructions: 12, waiting windows: 22465/51239. Max active instruction index: 15577
2025-02-12 17:08:29 | Simulation update: decoder round 163546, completed instructions: 14679/26601, actively running or decoding instructions: 3, waiting windows: 22564/51475. Max active instruction index: 15651
2025-02-12 17:08:39 | Simulation update: decoder round 164156, completed instructions: 14749/26601, actively running or decoding instructions: 12, waiting windows: 22678/51722. Max active instruction index: 15721
2025-02-12 17:08:49 | Simulation update: decoder round 164765, completed instructions: 14823/26601, actively running or decoding instructions: 12, waiting windows: 22777/51968. Max active instruction index: 15787
2025-02-12 17:08:59 | Simulation update: decoder round 165377, completed instructions: 14889/26601, actively running or decoding instructions: 9, waiting windows: 22893/52230. Max active instruction index: 15845
2025-02-12 17:09:09 | Simulation update: decoder round 165995, completed instructions: 14959/26601, actively running or decoding instructions: 6, waiting windows: 23001/52479. Max active instruction index: 15915
2025-02-12 17:09:19 | Simulation update: decoder round 166620, completed instructions: 15030/26601, actively running or decoding instructions: 13, waiting windows: 23127/52748. Max active instruction index: 15981
2025-02-12 17:09:29 | Simulation update: decoder round 167252, completed instructions: 15106/26601, actively running or decoding instructions: 6, waiting windows: 23235/53008. Max active instruction index: 16065
2025-02-12 17:09:39 | Simulation update: decoder round 167889, completed instructions: 15177/26601, actively running or decoding instructions: 9, waiting windows: 23334/53248. Max active instruction index: 16127
2025-02-12 17:09:49 | Simulation update: decoder round 168532, completed instructions: 15243/26601, actively running or decoding instructions: 6, waiting windows: 23425/53470. Max active instruction index: 16182
2025-02-12 17:09:59 | Simulation update: decoder round 169184, completed instructions: 15318/26601, actively running or decoding instructions: 4, waiting windows: 23526/53699. Max active instruction index: 16260
2025-02-12 17:10:09 | Simulation update: decoder round 169839, completed instructions: 15397/26601, actively running or decoding instructions: 6, waiting windows: 23628/53932. Max active instruction index: 16352
2025-02-12 17:10:19 | Simulation update: decoder round 170502, completed instructions: 15467/26601, actively running or decoding instructions: 12, waiting windows: 23731/54167. Max active instruction index: 16414
2025-02-12 17:10:29 | Simulation update: decoder round 171174, completed instructions: 15538/26601, actively running or decoding instructions: 9, waiting windows: 23821/54395. Max active instruction index: 16488
2025-02-12 17:10:39 | Simulation update: decoder round 171851, completed instructions: 15617/26601, actively running or decoding instructions: 6, waiting windows: 23937/54647. Max active instruction index: 16572
2025-02-12 17:10:49 | Simulation update: decoder round 172517, completed instructions: 15684/26601, actively running or decoding instructions: 4, waiting windows: 24033/54880. Max active instruction index: 16634
2025-02-12 17:10:59 | Simulation update: decoder round 173192, completed instructions: 15775/26601, actively running or decoding instructions: 15, waiting windows: 24149/55132. Max active instruction index: 16722
2025-02-12 17:11:09 | Simulation update: decoder round 173889, completed instructions: 15833/26601, actively running or decoding instructions: 5, waiting windows: 24237/55358. Max active instruction index: 14669
2025-02-12 17:11:19 | Simulation update: decoder round 174593, completed instructions: 15869/26601, actively running or decoding instructions: 2, waiting windows: 24337/55572. Max active instruction index: 14749
2025-02-12 17:11:29 | Simulation update: decoder round 175299, completed instructions: 15910/26601, actively running or decoding instructions: 8, waiting windows: 24441/55790. Max active instruction index: 14831
2025-02-12 17:11:39 | Simulation update: decoder round 176011, completed instructions: 15937/26601, actively running or decoding instructions: 8, waiting windows: 24538/56004. Max active instruction index: 14899
2025-02-12 17:11:49 | Simulation update: decoder round 176725, completed instructions: 15970/26601, actively running or decoding instructions: 5, waiting windows: 24641/56225. Max active instruction index: 14986
2025-02-12 17:11:59 | Simulation update: decoder round 177440, completed instructions: 16002/26601, actively running or decoding instructions: 5, waiting windows: 24743/56440. Max active instruction index: 15041
2025-02-12 17:12:09 | Simulation update: decoder round 178158, completed instructions: 16041/26601, actively running or decoding instructions: 8, waiting windows: 24852/56670. Max active instruction index: 15129
2025-02-12 17:12:19 | Simulation update: decoder round 178880, completed instructions: 16077/26601, actively running or decoding instructions: 3, waiting windows: 24954/56889. Max active instruction index: 15224
2025-02-12 17:12:29 | Simulation update: decoder round 179608, completed instructions: 16110/26601, actively running or decoding instructions: 8, waiting windows: 25069/57127. Max active instruction index: 15291
2025-02-12 17:12:39 | Simulation update: decoder round 180331, completed instructions: 16141/26601, actively running or decoding instructions: 5, waiting windows: 25166/57338. Max active instruction index: 15353
2025-02-12 17:12:49 | Simulation update: decoder round 181063, completed instructions: 16177/26601, actively running or decoding instructions: 8, waiting windows: 25267/57555. Max active instruction index: 15427
2025-02-12 17:12:59 | Simulation update: decoder round 181801, completed instructions: 16217/26601, actively running or decoding instructions: 2, waiting windows: 25371/57784. Max active instruction index: 15517
2025-02-12 17:13:09 | Simulation update: decoder round 182542, completed instructions: 16258/26601, actively running or decoding instructions: 5, waiting windows: 25471/58001. Max active instruction index: 15612
2025-02-12 17:13:19 | Simulation update: decoder round 183289, completed instructions: 16297/26601, actively running or decoding instructions: 8, waiting windows: 25572/58222. Max active instruction index: 15687
2025-02-12 17:13:29 | Simulation update: decoder round 184040, completed instructions: 16337/26601, actively running or decoding instructions: 5, waiting windows: 25673/58444. Max active instruction index: 15775
2025-02-12 17:13:39 | Simulation update: decoder round 184793, completed instructions: 16369/26601, actively running or decoding instructions: 2, waiting windows: 25791/58687. Max active instruction index: 15851
2025-02-12 17:13:49 | Simulation update: decoder round 185550, completed instructions: 16405/26601, actively running or decoding instructions: 5, waiting windows: 25899/58916. Max active instruction index: 15929
2025-02-12 17:13:59 | Simulation update: decoder round 186312, completed instructions: 16449/26601, actively running or decoding instructions: 5, waiting windows: 26001/59142. Max active instruction index: 16027
2025-02-12 17:14:09 | Simulation update: decoder round 187081, completed instructions: 16497/26601, actively running or decoding instructions: 11, waiting windows: 26110/59371. Max active instruction index: 16150
2025-02-12 17:14:19 | Simulation update: decoder round 187859, completed instructions: 16546/26601, actively running or decoding instructions: 8, waiting windows: 26215/59607. Max active instruction index: 16248
2025-02-12 17:14:29 | Simulation update: decoder round 188634, completed instructions: 16591/26601, actively running or decoding instructions: 2, waiting windows: 26328/59848. Max active instruction index: 16344
2025-02-12 17:14:39 | Simulation update: decoder round 189419, completed instructions: 16630/26601, actively running or decoding instructions: 6, waiting windows: 26444/60098. Max active instruction index: 16453
2025-02-12 17:14:49 | Simulation update: decoder round 190208, completed instructions: 16671/26601, actively running or decoding instructions: 2, waiting windows: 26550/60331. Max active instruction index: 16523
2025-02-12 17:14:59 | Simulation update: decoder round 190997, completed instructions: 16715/26601, actively running or decoding instructions: 2, waiting windows: 26668/60579. Max active instruction index: 16626
2025-02-12 17:15:09 | Simulation update: decoder round 191792, completed instructions: 16751/26601, actively running or decoding instructions: 5, waiting windows: 26777/60812. Max active instruction index: 16710
2025-02-12 17:15:19 | Simulation update: decoder round 192593, completed instructions: 16794/26601, actively running or decoding instructions: 2, waiting windows: 26891/61058. Max active instruction index: 16786
2025-02-12 17:15:29 | Simulation update: decoder round 193401, completed instructions: 16872/26601, actively running or decoding instructions: 6, waiting windows: 27010/61332. Max active instruction index: 16872
2025-02-12 17:15:39 | Simulation update: decoder round 194216, completed instructions: 16949/26601, actively running or decoding instructions: 9, waiting windows: 27125/61594. Max active instruction index: 16952
2025-02-12 17:15:49 | Simulation update: decoder round 195041, completed instructions: 17033/26601, actively running or decoding instructions: 15, waiting windows: 27254/61878. Max active instruction index: 17047
2025-02-12 17:15:59 | Simulation update: decoder round 195878, completed instructions: 17108/26601, actively running or decoding instructions: 6, waiting windows: 27362/62141. Max active instruction index: 17115
2025-02-12 17:16:09 | Simulation update: decoder round 196726, completed instructions: 17192/26601, actively running or decoding instructions: 6, waiting windows: 27490/62431. Max active instruction index: 17195
2025-02-12 17:16:19 | Simulation update: decoder round 197584, completed instructions: 17276/26601, actively running or decoding instructions: 12, waiting windows: 27615/62717. Max active instruction index: 17276
2025-02-12 17:16:29 | Simulation update: decoder round 198457, completed instructions: 17353/26601, actively running or decoding instructions: 5, waiting windows: 27745/63013. Max active instruction index: 17365
2025-02-12 17:16:39 | Simulation update: decoder round 199341, completed instructions: 17440/26601, actively running or decoding instructions: 8, waiting windows: 27877/63307. Max active instruction index: 17448
2025-02-12 17:16:49 | Simulation update: decoder round 200238, completed instructions: 17529/26601, actively running or decoding instructions: 6, waiting windows: 28005/63605. Max active instruction index: 17532
2025-02-12 17:16:59 | Simulation update: decoder round 201152, completed instructions: 17620/26601, actively running or decoding instructions: 12, waiting windows: 28152/63928. Max active instruction index: 17628
2025-02-12 17:17:09 | Simulation update: decoder round 202082, completed instructions: 17724/26601, actively running or decoding instructions: 5, waiting windows: 28289/64245. Max active instruction index: 17736
2025-02-12 17:17:19 | Simulation update: decoder round 203026, completed instructions: 17821/26601, actively running or decoding instructions: 7, waiting windows: 28434/64569. Max active instruction index: 17835
2025-02-12 17:17:29 | Simulation update: decoder round 203985, completed instructions: 17912/26601, actively running or decoding instructions: 9, waiting windows: 28567/64890. Max active instruction index: 17912
2025-02-12 17:17:39 | Simulation update: decoder round 204957, completed instructions: 18022/26601, actively running or decoding instructions: 9, waiting windows: 28727/65233. Max active instruction index: 18020
2025-02-12 17:17:49 | Simulation update: decoder round 205945, completed instructions: 18121/26601, actively running or decoding instructions: 9, waiting windows: 28871/65574. Max active instruction index: 18124
2025-02-12 17:17:59 | Simulation update: decoder round 206954, completed instructions: 18241/26601, actively running or decoding instructions: 19, waiting windows: 29023/65932. Max active instruction index: 18253
2025-02-12 17:18:09 | Simulation update: decoder round 207990, completed instructions: 18425/26601, actively running or decoding instructions: 7, waiting windows: 29184/66335. Max active instruction index: 18444
2025-02-12 17:18:19 | Simulation update: decoder round 209056, completed instructions: 18587/26601, actively running or decoding instructions: 8, waiting windows: 29364/66755. Max active instruction index: 18598
2025-02-12 17:18:29 | Simulation update: decoder round 210155, completed instructions: 18781/26601, actively running or decoding instructions: 16, waiting windows: 29535/67175. Max active instruction index: 18798
2025-02-12 17:18:39 | Simulation update: decoder round 211297, completed instructions: 18984/26601, actively running or decoding instructions: 16, waiting windows: 29734/67669. Max active instruction index: 19009
2025-02-12 17:18:49 | Simulation update: decoder round 212494, completed instructions: 19168/26601, actively running or decoding instructions: 13, waiting windows: 29916/68114. Max active instruction index: 19166
2025-02-12 17:18:59 | Simulation update: decoder round 213733, completed instructions: 19360/26601, actively running or decoding instructions: 14, waiting windows: 30104/68569. Max active instruction index: 19378
2025-02-12 17:19:09 | Simulation update: decoder round 215014, completed instructions: 19543/26601, actively running or decoding instructions: 7, waiting windows: 30295/69054. Max active instruction index: 19573
2025-02-12 17:19:19 | Simulation update: decoder round 216362, completed instructions: 19777/26601, actively running or decoding instructions: 9, waiting windows: 30494/69557. Max active instruction index: 19847
2025-02-12 17:19:29 | Simulation update: decoder round 217775, completed instructions: 20017/26601, actively running or decoding instructions: 10, waiting windows: 30726/70113. Max active instruction index: 20086
2025-02-12 17:19:39 | Simulation update: decoder round 219282, completed instructions: 20210/26601, actively running or decoding instructions: 8, waiting windows: 30945/70650. Max active instruction index: 20203
2025-02-12 17:19:49 | Simulation update: decoder round 220859, completed instructions: 20390/26601, actively running or decoding instructions: 9, waiting windows: 31187/71215. Max active instruction index: 20389
2025-02-12 17:19:59 | Simulation update: decoder round 222503, completed instructions: 20577/26601, actively running or decoding instructions: 8, waiting windows: 31423/71767. Max active instruction index: 20578
2025-02-12 17:20:09 | Simulation update: decoder round 224238, completed instructions: 20781/26601, actively running or decoding instructions: 3, waiting windows: 31687/72382. Max active instruction index: 20781
2025-02-12 17:20:19 | Simulation update: decoder round 226087, completed instructions: 20979/26601, actively running or decoding instructions: 9, waiting windows: 31956/72996. Max active instruction index: 20982
2025-02-12 17:20:29 | Simulation update: decoder round 228058, completed instructions: 21216/26601, actively running or decoding instructions: 15, waiting windows: 32261/73682. Max active instruction index: 21209
2025-02-12 17:20:39 | Simulation update: decoder round 230171, completed instructions: 21340/26601, actively running or decoding instructions: 5, waiting windows: 32560/74361. Max active instruction index: 21335
2025-02-12 17:20:49 | Simulation update: decoder round 232387, completed instructions: 21460/26601, actively running or decoding instructions: 5, waiting windows: 32865/75018. Max active instruction index: 21452
2025-02-12 17:20:59 | Simulation update: decoder round 234685, completed instructions: 21581/26601, actively running or decoding instructions: 8, waiting windows: 33207/75747. Max active instruction index: 21579
2025-02-12 17:21:09 | Simulation update: decoder round 237083, completed instructions: 21717/26601, actively running or decoding instructions: 5, waiting windows: 33546/76474. Max active instruction index: 21708
2025-02-12 17:21:19 | Simulation update: decoder round 239611, completed instructions: 21848/26601, actively running or decoding instructions: 5, waiting windows: 33900/77242. Max active instruction index: 21840
2025-02-12 17:21:29 | Simulation update: decoder round 242256, completed instructions: 21992/26601, actively running or decoding instructions: 3, waiting windows: 34281/78058. Max active instruction index: 21991
2025-02-12 17:21:39 | Simulation update: decoder round 245081, completed instructions: 22148/26601, actively running or decoding instructions: 5, waiting windows: 34687/78916. Max active instruction index: 22140
2025-02-12 17:21:49 | Simulation update: decoder round 248094, completed instructions: 22374/26601, actively running or decoding instructions: 9, waiting windows: 35105/79833. Max active instruction index: 22369
2025-02-12 17:21:59 | Simulation update: decoder round 251423, completed instructions: 22758/26601, actively running or decoding instructions: 7, waiting windows: 35482/80780. Max active instruction index: 22765
2025-02-12 17:22:09 | Simulation update: decoder round 255338, completed instructions: 23226/26601, actively running or decoding instructions: 9, waiting windows: 35967/81944. Max active instruction index: 23249
2025-02-12 17:22:19 | Simulation update: decoder round 260101, completed instructions: 23771/26601, actively running or decoding instructions: 15, waiting windows: 36560/83372. Max active instruction index: 23809
2025-02-12 17:22:29 | Simulation update: decoder round 267257, completed instructions: 24623/26601, actively running or decoding instructions: 5, waiting windows: 37384/85378. Max active instruction index: 24609
2025-02-12 17:22:37 | Finished simulation
2025-02-12 17:22:38 | Finished saving output. Done! Total elapsed time: 0:58:56.934449
