CONFIG 107
benchmark_file: slurm/data/20250212_155702/benchmarks/adder_n18.lss
decoder_latency_or_dist_filename: slurm/data/20250212_155702/decoder_dists.json
distance: 27
lightweight_setting: 2
max_parallel_processes: None
missed_speculation_modifier: 1.4
poison_policy: successors
rng: 3
scheduling_method: sliding
speculation_accuracy: 0.9
speculation_latency: 1
speculation_mode: separate
2025-02-12 16:07:24 | Loading benchmark slurm/data/20250212_155702/benchmarks/adder_n18.lss...
2025-02-12 16:07:24 | Starting simulation
2025-02-12 16:07:25 | Simulation update: decoder round 1, completed instructions: 0/2338, actively running or decoding instructions: 3, waiting windows: 0/0. Max active instruction index: 18
2025-02-12 16:07:35 | Simulation update: decoder round 2700, completed instructions: 275/2338, actively running or decoding instructions: 16, waiting windows: 246/2045. Max active instruction index: 284
2025-02-12 16:07:45 | Simulation update: decoder round 5550, completed instructions: 368/2338, actively running or decoding instructions: 8, waiting windows: 226/4042. Max active instruction index: 386
2025-02-12 16:07:55 | Simulation update: decoder round 8527, completed instructions: 445/2338, actively running or decoding instructions: 3, waiting windows: 230/6174. Max active instruction index: 416
2025-02-12 16:08:05 | Simulation update: decoder round 11489, completed instructions: 494/2338, actively running or decoding instructions: 3, waiting windows: 231/8299. Max active instruction index: 439
2025-02-12 16:08:15 | Simulation update: decoder round 14462, completed instructions: 525/2338, actively running or decoding instructions: 6, waiting windows: 242/10409. Max active instruction index: 523
2025-02-12 16:08:25 | Simulation update: decoder round 17302, completed instructions: 621/2338, actively running or decoding instructions: 14, waiting windows: 244/12509. Max active instruction index: 614
2025-02-12 16:08:35 | Simulation update: decoder round 19512, completed instructions: 715/2338, actively running or decoding instructions: 8, waiting windows: 239/14215. Max active instruction index: 746
2025-02-12 16:08:45 | Simulation update: decoder round 21575, completed instructions: 715/2338, actively running or decoding instructions: 3, waiting windows: 237/15668. Max active instruction index: 661
2025-02-12 16:08:55 | Simulation update: decoder round 23637, completed instructions: 798/2338, actively running or decoding instructions: 13, waiting windows: 257/17207. Max active instruction index: 857
2025-02-12 16:09:05 | Simulation update: decoder round 25933, completed instructions: 798/2338, actively running or decoding instructions: 11, waiting windows: 248/18907. Max active instruction index: 790
2025-02-12 16:09:15 | Simulation update: decoder round 27997, completed instructions: 798/2338, actively running or decoding instructions: 11, waiting windows: 239/20436. Max active instruction index: 790
2025-02-12 16:09:25 | Simulation update: decoder round 29827, completed instructions: 798/2338, actively running or decoding instructions: 11, waiting windows: 242/21789. Max active instruction index: 790
2025-02-12 16:09:35 | Simulation update: decoder round 31461, completed instructions: 798/2338, actively running or decoding instructions: 11, waiting windows: 247/23003. Max active instruction index: 790
2025-02-12 16:09:45 | Simulation update: decoder round 33057, completed instructions: 810/2338, actively running or decoding instructions: 11, waiting windows: 239/24149. Max active instruction index: 873
2025-02-12 16:09:55 | Simulation update: decoder round 34673, completed instructions: 849/2338, actively running or decoding instructions: 13, waiting windows: 224/25295. Max active instruction index: 873
2025-02-12 16:10:05 | Simulation update: decoder round 36536, completed instructions: 930/2338, actively running or decoding instructions: 14, waiting windows: 224/26571. Max active instruction index: 922
2025-02-12 16:10:15 | Simulation update: decoder round 38186, completed instructions: 930/2338, actively running or decoding instructions: 14, waiting windows: 205/27608. Max active instruction index: 922
2025-02-12 16:10:25 | Simulation update: decoder round 40446, completed instructions: 1032/2338, actively running or decoding instructions: 11, waiting windows: 219/29114. Max active instruction index: 1044
2025-02-12 16:10:35 | Simulation update: decoder round 43495, completed instructions: 1150/2338, actively running or decoding instructions: 6, waiting windows: 207/31150. Max active instruction index: 1084
2025-02-12 16:10:45 | Simulation update: decoder round 46864, completed instructions: 1380/2338, actively running or decoding instructions: 23, waiting windows: 192/33296. Max active instruction index: 1396
2025-02-12 16:10:55 | Simulation update: decoder round 50630, completed instructions: 1488/2338, actively running or decoding instructions: 6, waiting windows: 170/35267. Max active instruction index: 1464
2025-02-12 16:11:05 | Simulation update: decoder round 54176, completed instructions: 1488/2338, actively running or decoding instructions: 6, waiting windows: 159/36971. Max active instruction index: 1464
2025-02-12 16:11:15 | Simulation update: decoder round 57631, completed instructions: 1531/2338, actively running or decoding instructions: 8, waiting windows: 160/38670. Max active instruction index: 1539
2025-02-12 16:11:25 | Simulation update: decoder round 61843, completed instructions: 1761/2338, actively running or decoding instructions: 12, waiting windows: 167/40752. Max active instruction index: 1753
2025-02-12 16:11:35 | Simulation update: decoder round 67180, completed instructions: 1792/2338, actively running or decoding instructions: 4, waiting windows: 120/42747. Max active instruction index: 1759
2025-02-12 16:11:45 | Simulation update: decoder round 72097, completed instructions: 1873/2338, actively running or decoding instructions: 11, waiting windows: 127/44614. Max active instruction index: 1863
2025-02-12 16:11:54 | Finished simulation
2025-02-12 16:11:55 | Finished saving output. Done! Total elapsed time: 0:04:30.520096
