CONFIG 1178
benchmark_file: slurm/data/20250212_155702/benchmarks/fermi_hubbard_2_2_Square.lss
decoder_latency_or_dist_filename: slurm/data/20250212_155702/decoder_dists.json
distance: 15
lightweight_setting: 2
max_parallel_processes: None
missed_speculation_modifier: 1.4
poison_policy: successors
rng: 2
scheduling_method: aligned
speculation_accuracy: 0.9
speculation_latency: 1
speculation_mode: None
2025-02-12 16:28:10 | Loading benchmark slurm/data/20250212_155702/benchmarks/fermi_hubbard_2_2_Square.lss...
2025-02-12 16:28:11 | Starting simulation
2025-02-12 16:28:14 | Simulation update: decoder round 1, completed instructions: 0/21761, actively running or decoding instructions: 13, waiting windows: 0/0. Max active instruction index: 30
2025-02-12 16:28:24 | Simulation update: decoder round 505, completed instructions: 78/21761, actively running or decoding instructions: 5, waiting windows: 261/461. Max active instruction index: 75
2025-02-12 16:28:34 | Simulation update: decoder round 1009, completed instructions: 110/21761, actively running or decoding instructions: 5, waiting windows: 482/923. Max active instruction index: 107
2025-02-12 16:28:44 | Simulation update: decoder round 1515, completed instructions: 146/21761, actively running or decoding instructions: 6, waiting windows: 705/1372. Max active instruction index: 150
2025-02-12 16:28:54 | Simulation update: decoder round 2022, completed instructions: 174/21761, actively running or decoding instructions: 5, waiting windows: 920/1835. Max active instruction index: 171
2025-02-12 16:29:04 | Simulation update: decoder round 2527, completed instructions: 202/21761, actively running or decoding instructions: 5, waiting windows: 1150/2294. Max active instruction index: 199
2025-02-12 16:29:14 | Simulation update: decoder round 3037, completed instructions: 234/21761, actively running or decoding instructions: 3, waiting windows: 1359/2755. Max active instruction index: 231
2025-02-12 16:29:24 | Simulation update: decoder round 3543, completed instructions: 259/21761, actively running or decoding instructions: 8, waiting windows: 1592/3211. Max active instruction index: 259
2025-02-12 16:29:34 | Simulation update: decoder round 4056, completed instructions: 282/21761, actively running or decoding instructions: 6, waiting windows: 1808/3674. Max active instruction index: 279
2025-02-12 16:29:44 | Simulation update: decoder round 4572, completed instructions: 315/21761, actively running or decoding instructions: 5, waiting windows: 2041/4136. Max active instruction index: 318
2025-02-12 16:29:54 | Simulation update: decoder round 5088, completed instructions: 347/21761, actively running or decoding instructions: 8, waiting windows: 2270/4618. Max active instruction index: 350
2025-02-12 16:30:04 | Simulation update: decoder round 5603, completed instructions: 378/21761, actively running or decoding instructions: 2, waiting windows: 2497/5083. Max active instruction index: 375
2025-02-12 16:30:14 | Simulation update: decoder round 6117, completed instructions: 398/21761, actively running or decoding instructions: 1, waiting windows: 2710/5537. Max active instruction index: -1
2025-02-12 16:30:24 | Simulation update: decoder round 6630, completed instructions: 430/21761, actively running or decoding instructions: 5, waiting windows: 2934/6008. Max active instruction index: 430
2025-02-12 16:30:34 | Simulation update: decoder round 7150, completed instructions: 458/21761, actively running or decoding instructions: 5, waiting windows: 3170/6476. Max active instruction index: 455
2025-02-12 16:30:44 | Simulation update: decoder round 7675, completed instructions: 487/21761, actively running or decoding instructions: 5, waiting windows: 3395/6949. Max active instruction index: 483
2025-02-12 16:30:54 | Simulation update: decoder round 8186, completed instructions: 522/21761, actively running or decoding instructions: 8, waiting windows: 3625/7423. Max active instruction index: 519
2025-02-12 16:31:04 | Simulation update: decoder round 8703, completed instructions: 546/21761, actively running or decoding instructions: 6, waiting windows: 3855/7891. Max active instruction index: 543
2025-02-12 16:31:14 | Simulation update: decoder round 9227, completed instructions: 578/21761, actively running or decoding instructions: 5, waiting windows: 4078/8362. Max active instruction index: 575
2025-02-12 16:31:24 | Simulation update: decoder round 9751, completed instructions: 602/21761, actively running or decoding instructions: 5, waiting windows: 4305/8832. Max active instruction index: 599
2025-02-12 16:31:34 | Simulation update: decoder round 10281, completed instructions: 650/21761, actively running or decoding instructions: 5, waiting windows: 4539/9306. Max active instruction index: 647
2025-02-12 16:31:44 | Simulation update: decoder round 10815, completed instructions: 678/21761, actively running or decoding instructions: 5, waiting windows: 4768/9784. Max active instruction index: 675
2025-02-12 16:31:54 | Simulation update: decoder round 11349, completed instructions: 707/21761, actively running or decoding instructions: 2, waiting windows: 5007/10270. Max active instruction index: 707
2025-02-12 16:32:04 | Simulation update: decoder round 11883, completed instructions: 738/21761, actively running or decoding instructions: 6, waiting windows: 5241/10755. Max active instruction index: 742
2025-02-12 16:32:14 | Simulation update: decoder round 12422, completed instructions: 766/21761, actively running or decoding instructions: 5, waiting windows: 5475/11240. Max active instruction index: 763
2025-02-12 16:32:24 | Simulation update: decoder round 12964, completed instructions: 794/21761, actively running or decoding instructions: 5, waiting windows: 5707/11725. Max active instruction index: 791
2025-02-12 16:32:34 | Simulation update: decoder round 13511, completed instructions: 830/21761, actively running or decoding instructions: 5, waiting windows: 5940/12212. Max active instruction index: 827
2025-02-12 16:32:44 | Simulation update: decoder round 14054, completed instructions: 862/21761, actively running or decoding instructions: 5, waiting windows: 6181/12705. Max active instruction index: 859
2025-02-12 16:32:54 | Simulation update: decoder round 14596, completed instructions: 895/21761, actively running or decoding instructions: 5, waiting windows: 6427/13203. Max active instruction index: 891
2025-02-12 16:33:04 | Simulation update: decoder round 15142, completed instructions: 923/21761, actively running or decoding instructions: 5, waiting windows: 6658/13697. Max active instruction index: 919
2025-02-12 16:33:14 | Simulation update: decoder round 15693, completed instructions: 963/21761, actively running or decoding instructions: 2, waiting windows: 6904/14209. Max active instruction index: 959
2025-02-12 16:33:24 | Simulation update: decoder round 16249, completed instructions: 1002/21761, actively running or decoding instructions: 5, waiting windows: 7143/14712. Max active instruction index: 999
2025-02-12 16:33:34 | Simulation update: decoder round 16800, completed instructions: 1039/21761, actively running or decoding instructions: 2, waiting windows: 7384/15210. Max active instruction index: 1039
2025-02-12 16:33:44 | Simulation update: decoder round 17346, completed instructions: 1078/21761, actively running or decoding instructions: 8, waiting windows: 7631/15709. Max active instruction index: 1075
2025-02-12 16:33:54 | Simulation update: decoder round 17898, completed instructions: 1114/21761, actively running or decoding instructions: 11, waiting windows: 7875/16210. Max active instruction index: 1114
2025-02-12 16:34:04 | Simulation update: decoder round 18440, completed instructions: 1173/21761, actively running or decoding instructions: 5, waiting windows: 8131/16750. Max active instruction index: 1168
2025-02-12 16:34:14 | Simulation update: decoder round 19002, completed instructions: 1201/21761, actively running or decoding instructions: 3, waiting windows: 8375/17285. Max active instruction index: 1205
2025-02-12 16:34:24 | Simulation update: decoder round 19560, completed instructions: 1245/21761, actively running or decoding instructions: 8, waiting windows: 8653/17846. Max active instruction index: 1240
2025-02-12 16:34:34 | Simulation update: decoder round 20126, completed instructions: 1273/21761, actively running or decoding instructions: 6, waiting windows: 8914/18395. Max active instruction index: 1268
2025-02-12 16:34:44 | Simulation update: decoder round 20695, completed instructions: 1311/21761, actively running or decoding instructions: 6, waiting windows: 9178/18950. Max active instruction index: 1306
2025-02-12 16:34:54 | Simulation update: decoder round 21265, completed instructions: 1345/21761, actively running or decoding instructions: 2, waiting windows: 9450/19510. Max active instruction index: 1345
2025-02-12 16:35:04 | Simulation update: decoder round 21837, completed instructions: 1389/21761, actively running or decoding instructions: 5, waiting windows: 9716/20073. Max active instruction index: 1384
2025-02-12 16:35:14 | Simulation update: decoder round 22413, completed instructions: 1428/21761, actively running or decoding instructions: 5, waiting windows: 9995/20650. Max active instruction index: 1422
2025-02-12 16:35:24 | Simulation update: decoder round 22990, completed instructions: 1461/21761, actively running or decoding instructions: 6, waiting windows: 10262/21206. Max active instruction index: 1456
2025-02-12 16:35:34 | Simulation update: decoder round 23560, completed instructions: 1501/21761, actively running or decoding instructions: 5, waiting windows: 10525/21770. Max active instruction index: 1496
2025-02-12 16:35:44 | Simulation update: decoder round 24131, completed instructions: 1539/21761, actively running or decoding instructions: 6, waiting windows: 10799/22325. Max active instruction index: 1534
2025-02-12 16:35:54 | Simulation update: decoder round 24715, completed instructions: 1581/21761, actively running or decoding instructions: 5, waiting windows: 11067/22892. Max active instruction index: 1576
2025-02-12 16:36:04 | Simulation update: decoder round 25299, completed instructions: 1633/21761, actively running or decoding instructions: 2, waiting windows: 11342/23479. Max active instruction index: 1633
2025-02-12 16:36:14 | Simulation update: decoder round 25887, completed instructions: 1671/21761, actively running or decoding instructions: 5, waiting windows: 11617/24049. Max active instruction index: 1671
2025-02-12 16:36:24 | Simulation update: decoder round 26478, completed instructions: 1710/21761, actively running or decoding instructions: 8, waiting windows: 11911/24641. Max active instruction index: 1713
2025-02-12 16:36:35 | Simulation update: decoder round 27068, completed instructions: 1754/21761, actively running or decoding instructions: 2, waiting windows: 12196/25232. Max active instruction index: 1748
2025-02-12 16:36:45 | Simulation update: decoder round 27657, completed instructions: 1801/21761, actively running or decoding instructions: 8, waiting windows: 12465/25813. Max active instruction index: 1796
2025-02-12 16:36:55 | Simulation update: decoder round 28255, completed instructions: 1849/21761, actively running or decoding instructions: 5, waiting windows: 12745/26409. Max active instruction index: 1844
2025-02-12 16:37:05 | Simulation update: decoder round 28855, completed instructions: 1889/21761, actively running or decoding instructions: 5, waiting windows: 13029/26997. Max active instruction index: 1884
2025-02-12 16:37:15 | Simulation update: decoder round 29451, completed instructions: 1924/21761, actively running or decoding instructions: 5, waiting windows: 13315/27589. Max active instruction index: 1918
2025-02-12 16:37:25 | Simulation update: decoder round 30060, completed instructions: 1961/21761, actively running or decoding instructions: 6, waiting windows: 13593/28180. Max active instruction index: 1956
2025-02-12 16:37:35 | Simulation update: decoder round 30668, completed instructions: 1999/21761, actively running or decoding instructions: 8, waiting windows: 13886/28776. Max active instruction index: 1994
2025-02-12 16:37:45 | Simulation update: decoder round 31276, completed instructions: 2047/21761, actively running or decoding instructions: 5, waiting windows: 14183/29388. Max active instruction index: 2042
2025-02-12 16:37:55 | Simulation update: decoder round 31888, completed instructions: 2089/21761, actively running or decoding instructions: 2, waiting windows: 14454/29978. Max active instruction index: 2089
2025-02-12 16:38:05 | Simulation update: decoder round 32505, completed instructions: 2133/21761, actively running or decoding instructions: 2, waiting windows: 14751/30591. Max active instruction index: 2128
2025-02-12 16:38:15 | Simulation update: decoder round 33104, completed instructions: 2164/21761, actively running or decoding instructions: 3, waiting windows: 15023/31177. Max active instruction index: 2158
2025-02-12 16:38:25 | Simulation update: decoder round 33727, completed instructions: 2211/21761, actively running or decoding instructions: 5, waiting windows: 15329/31793. Max active instruction index: 2206
2025-02-12 16:38:35 | Simulation update: decoder round 34354, completed instructions: 2259/21761, actively running or decoding instructions: 5, waiting windows: 15624/32418. Max active instruction index: 2254
2025-02-12 16:38:45 | Simulation update: decoder round 34985, completed instructions: 2297/21761, actively running or decoding instructions: 5, waiting windows: 15923/33027. Max active instruction index: 2292
2025-02-12 16:38:55 | Simulation update: decoder round 35610, completed instructions: 2393/21761, actively running or decoding instructions: 10, waiting windows: 16228/33702. Max active instruction index: 2397
2025-02-12 16:39:05 | Simulation update: decoder round 36245, completed instructions: 2492/21761, actively running or decoding instructions: 15, waiting windows: 16578/34417. Max active instruction index: 2502
2025-02-12 16:39:15 | Simulation update: decoder round 36886, completed instructions: 2577/21761, actively running or decoding instructions: 9, waiting windows: 16912/35143. Max active instruction index: 2588
2025-02-12 16:39:25 | Simulation update: decoder round 37535, completed instructions: 2664/21761, actively running or decoding instructions: 12, waiting windows: 17240/35850. Max active instruction index: 2676
2025-02-12 16:39:35 | Simulation update: decoder round 38193, completed instructions: 2778/21761, actively running or decoding instructions: 9, waiting windows: 17597/36609. Max active instruction index: 2780
2025-02-12 16:39:45 | Simulation update: decoder round 38863, completed instructions: 2872/21761, actively running or decoding instructions: 9, waiting windows: 17934/37340. Max active instruction index: 2870
2025-02-12 16:39:55 | Simulation update: decoder round 39538, completed instructions: 2978/21761, actively running or decoding instructions: 3, waiting windows: 18299/38103. Max active instruction index: 2974
2025-02-12 16:40:05 | Simulation update: decoder round 40222, completed instructions: 3078/21761, actively running or decoding instructions: 6, waiting windows: 18662/38890. Max active instruction index: 3082
2025-02-12 16:40:15 | Simulation update: decoder round 40912, completed instructions: 3186/21761, actively running or decoding instructions: 3, waiting windows: 19033/39683. Max active instruction index: 3200
2025-02-12 16:40:25 | Simulation update: decoder round 41617, completed instructions: 3290/21761, actively running or decoding instructions: 6, waiting windows: 19394/40469. Max active instruction index: 3296
2025-02-12 16:40:35 | Simulation update: decoder round 42329, completed instructions: 3402/21761, actively running or decoding instructions: 5, waiting windows: 19774/41278. Max active instruction index: 3408
2025-02-12 16:40:45 | Simulation update: decoder round 43053, completed instructions: 3517/21761, actively running or decoding instructions: 12, waiting windows: 20170/42097. Max active instruction index: 3526
2025-02-12 16:40:55 | Simulation update: decoder round 43762, completed instructions: 3624/21761, actively running or decoding instructions: 9, waiting windows: 20542/42888. Max active instruction index: 3655
2025-02-12 16:41:05 | Simulation update: decoder round 44507, completed instructions: 3734/21761, actively running or decoding instructions: 15, waiting windows: 20927/43727. Max active instruction index: 3764
2025-02-12 16:41:15 | Simulation update: decoder round 45266, completed instructions: 3842/21761, actively running or decoding instructions: 6, waiting windows: 21318/44573. Max active instruction index: 3882
2025-02-12 16:41:25 | Simulation update: decoder round 46034, completed instructions: 3955/21761, actively running or decoding instructions: 12, waiting windows: 21721/45427. Max active instruction index: 3978
2025-02-12 16:41:35 | Simulation update: decoder round 46817, completed instructions: 4077/21761, actively running or decoding instructions: 9, waiting windows: 22134/46321. Max active instruction index: 4104
2025-02-12 16:41:45 | Simulation update: decoder round 47612, completed instructions: 4186/21761, actively running or decoding instructions: 6, waiting windows: 22549/47194. Max active instruction index: 4222
2025-02-12 16:41:55 | Simulation update: decoder round 48426, completed instructions: 4329/21761, actively running or decoding instructions: 9, waiting windows: 22980/48105. Max active instruction index: 4356
2025-02-12 16:42:05 | Simulation update: decoder round 49262, completed instructions: 4437/21761, actively running or decoding instructions: 6, waiting windows: 23400/49014. Max active instruction index: 4464
2025-02-12 16:42:15 | Simulation update: decoder round 50110, completed instructions: 4559/21761, actively running or decoding instructions: 10, waiting windows: 23838/49963. Max active instruction index: 4594
2025-02-12 16:42:25 | Simulation update: decoder round 50978, completed instructions: 4689/21761, actively running or decoding instructions: 9, waiting windows: 24293/50933. Max active instruction index: 4728
2025-02-12 16:42:35 | Simulation update: decoder round 51861, completed instructions: 4817/21761, actively running or decoding instructions: 6, waiting windows: 24761/51926. Max active instruction index: 4852
2025-02-12 16:42:45 | Simulation update: decoder round 52661, completed instructions: 4916/21761, actively running or decoding instructions: 5, waiting windows: 25165/52797. Max active instruction index: 4909
2025-02-12 16:42:55 | Simulation update: decoder round 53458, completed instructions: 4968/21761, actively running or decoding instructions: 2, waiting windows: 25578/53642. Max active instruction index: 4961
2025-02-12 16:43:05 | Simulation update: decoder round 54264, completed instructions: 5036/21761, actively running or decoding instructions: 5, waiting windows: 25998/54501. Max active instruction index: 5029
2025-02-12 16:43:15 | Simulation update: decoder round 55075, completed instructions: 5101/21761, actively running or decoding instructions: 5, waiting windows: 26421/55371. Max active instruction index: 5093
2025-02-12 16:43:25 | Simulation update: decoder round 55894, completed instructions: 5172/21761, actively running or decoding instructions: 8, waiting windows: 26852/56251. Max active instruction index: 5165
2025-02-12 16:43:35 | Simulation update: decoder round 56729, completed instructions: 5236/21761, actively running or decoding instructions: 5, waiting windows: 27263/57119. Max active instruction index: 5229
2025-02-12 16:43:45 | Simulation update: decoder round 57572, completed instructions: 5305/21761, actively running or decoding instructions: 8, waiting windows: 27706/58011. Max active instruction index: 5305
2025-02-12 16:43:55 | Simulation update: decoder round 58421, completed instructions: 5368/21761, actively running or decoding instructions: 8, waiting windows: 28127/58897. Max active instruction index: 5361
2025-02-12 16:44:05 | Simulation update: decoder round 59281, completed instructions: 5441/21761, actively running or decoding instructions: 8, waiting windows: 28586/59820. Max active instruction index: 5433
2025-02-12 16:44:15 | Simulation update: decoder round 60110, completed instructions: 5512/21761, actively running or decoding instructions: 5, waiting windows: 29012/60702. Max active instruction index: 5505
2025-02-12 16:44:25 | Simulation update: decoder round 60987, completed instructions: 5577/21761, actively running or decoding instructions: 2, waiting windows: 29471/61637. Max active instruction index: 5569
2025-02-12 16:44:35 | Simulation update: decoder round 61874, completed instructions: 5644/21761, actively running or decoding instructions: 8, waiting windows: 29921/62575. Max active instruction index: 5637
2025-02-12 16:44:45 | Simulation update: decoder round 62774, completed instructions: 5712/21761, actively running or decoding instructions: 8, waiting windows: 30386/63529. Max active instruction index: 5705
2025-02-12 16:44:55 | Simulation update: decoder round 63686, completed instructions: 5780/21761, actively running or decoding instructions: 5, waiting windows: 30858/64498. Max active instruction index: 5773
2025-02-12 16:45:05 | Simulation update: decoder round 64601, completed instructions: 5856/21761, actively running or decoding instructions: 5, waiting windows: 31329/65478. Max active instruction index: 5849
2025-02-12 16:45:15 | Simulation update: decoder round 65526, completed instructions: 5921/21761, actively running or decoding instructions: 5, waiting windows: 31804/66447. Max active instruction index: 5921
2025-02-12 16:45:25 | Simulation update: decoder round 66465, completed instructions: 5988/21761, actively running or decoding instructions: 8, waiting windows: 32277/67435. Max active instruction index: 5981
2025-02-12 16:45:35 | Simulation update: decoder round 67415, completed instructions: 6064/21761, actively running or decoding instructions: 5, waiting windows: 32776/68445. Max active instruction index: 6057
2025-02-12 16:45:45 | Simulation update: decoder round 68373, completed instructions: 6136/21761, actively running or decoding instructions: 5, waiting windows: 33264/69450. Max active instruction index: 6129
2025-02-12 16:45:55 | Simulation update: decoder round 69346, completed instructions: 6213/21761, actively running or decoding instructions: 8, waiting windows: 33760/70476. Max active instruction index: 6216
2025-02-12 16:46:05 | Simulation update: decoder round 70332, completed instructions: 6317/21761, actively running or decoding instructions: 2, waiting windows: 34297/71576. Max active instruction index: 6317
2025-02-12 16:46:15 | Simulation update: decoder round 71335, completed instructions: 6396/21761, actively running or decoding instructions: 5, waiting windows: 34843/72714. Max active instruction index: 6389
2025-02-12 16:46:25 | Simulation update: decoder round 72308, completed instructions: 6484/21761, actively running or decoding instructions: 5, waiting windows: 35389/73816. Max active instruction index: 6477
2025-02-12 16:46:35 | Simulation update: decoder round 73343, completed instructions: 6568/21761, actively running or decoding instructions: 2, waiting windows: 35963/74992. Max active instruction index: 6561
2025-02-12 16:46:45 | Simulation update: decoder round 74388, completed instructions: 6652/21761, actively running or decoding instructions: 5, waiting windows: 36534/76186. Max active instruction index: 6645
2025-02-12 16:46:55 | Simulation update: decoder round 75461, completed instructions: 6736/21761, actively running or decoding instructions: 5, waiting windows: 37114/77384. Max active instruction index: 6729
2025-02-12 16:47:05 | Simulation update: decoder round 76551, completed instructions: 6808/21761, actively running or decoding instructions: 5, waiting windows: 37712/78597. Max active instruction index: 6801
2025-02-12 16:47:15 | Simulation update: decoder round 77654, completed instructions: 6888/21761, actively running or decoding instructions: 5, waiting windows: 38311/79828. Max active instruction index: 6881
2025-02-12 16:47:25 | Simulation update: decoder round 78788, completed instructions: 6976/21761, actively running or decoding instructions: 5, waiting windows: 38938/81110. Max active instruction index: 6969
2025-02-12 16:47:35 | Simulation update: decoder round 79945, completed instructions: 7072/21761, actively running or decoding instructions: 5, waiting windows: 39579/82421. Max active instruction index: 7065
2025-02-12 16:47:45 | Simulation update: decoder round 81120, completed instructions: 7168/21761, actively running or decoding instructions: 2, waiting windows: 40223/83753. Max active instruction index: 7161
2025-02-12 16:47:55 | Simulation update: decoder round 82314, completed instructions: 7257/21761, actively running or decoding instructions: 5, waiting windows: 40873/85097. Max active instruction index: 7249
2025-02-12 16:48:05 | Simulation update: decoder round 83473, completed instructions: 7356/21761, actively running or decoding instructions: 5, waiting windows: 41513/86400. Max active instruction index: 7349
2025-02-12 16:48:15 | Simulation update: decoder round 84651, completed instructions: 7444/21761, actively running or decoding instructions: 8, waiting windows: 42153/87722. Max active instruction index: 7437
2025-02-12 16:48:25 | Simulation update: decoder round 85791, completed instructions: 7533/21761, actively running or decoding instructions: 5, waiting windows: 42775/89010. Max active instruction index: 7525
2025-02-12 16:48:35 | Simulation update: decoder round 87017, completed instructions: 7628/21761, actively running or decoding instructions: 2, waiting windows: 43458/90390. Max active instruction index: 7628
2025-02-12 16:48:45 | Simulation update: decoder round 88265, completed instructions: 7741/21761, actively running or decoding instructions: 5, waiting windows: 44145/91820. Max active instruction index: 7734
2025-02-12 16:48:55 | Simulation update: decoder round 89549, completed instructions: 7837/21761, actively running or decoding instructions: 5, waiting windows: 44836/93251. Max active instruction index: 7830
2025-02-12 16:49:05 | Simulation update: decoder round 90860, completed instructions: 7925/21761, actively running or decoding instructions: 5, waiting windows: 45570/94733. Max active instruction index: 7925
2025-02-12 16:49:15 | Simulation update: decoder round 92202, completed instructions: 8025/21761, actively running or decoding instructions: 3, waiting windows: 46279/96226. Max active instruction index: 8029
2025-02-12 16:49:25 | Simulation update: decoder round 93573, completed instructions: 8130/21761, actively running or decoding instructions: 5, waiting windows: 47039/97771. Max active instruction index: 8130
2025-02-12 16:49:35 | Simulation update: decoder round 94986, completed instructions: 8241/21761, actively running or decoding instructions: 5, waiting windows: 47817/99363. Max active instruction index: 8234
2025-02-12 16:49:45 | Simulation update: decoder round 96449, completed instructions: 8361/21761, actively running or decoding instructions: 2, waiting windows: 48601/100993. Max active instruction index: 8361
2025-02-12 16:49:55 | Simulation update: decoder round 97962, completed instructions: 8470/21761, actively running or decoding instructions: 2, waiting windows: 49425/102689. Max active instruction index: 8469
2025-02-12 16:50:05 | Simulation update: decoder round 99437, completed instructions: 8594/21761, actively running or decoding instructions: 8, waiting windows: 50254/104351. Max active instruction index: 8586
2025-02-12 16:50:15 | Simulation update: decoder round 101056, completed instructions: 8725/21761, actively running or decoding instructions: 8, waiting windows: 51143/106183. Max active instruction index: 8718
2025-02-12 16:50:25 | Simulation update: decoder round 102747, completed instructions: 8869/21761, actively running or decoding instructions: 8, waiting windows: 52064/108083. Max active instruction index: 8862
2025-02-12 16:50:35 | Simulation update: decoder round 104500, completed instructions: 8997/21761, actively running or decoding instructions: 6, waiting windows: 53011/110058. Max active instruction index: 8990
2025-02-12 16:50:45 | Simulation update: decoder round 106305, completed instructions: 9333/21761, actively running or decoding instructions: 37, waiting windows: 54083/112293. Max active instruction index: 9437
2025-02-12 16:50:55 | Simulation update: decoder round 108396, completed instructions: 9765/21761, actively running or decoding instructions: 10, waiting windows: 55374/115147. Max active instruction index: 9753
2025-02-12 16:51:05 | Simulation update: decoder round 110759, completed instructions: 10449/21761, actively running or decoding instructions: 17, waiting windows: 56890/118509. Max active instruction index: 10481
2025-02-12 16:51:15 | Simulation update: decoder round 112336, completed instructions: 10945/21761, actively running or decoding instructions: 20, waiting windows: 57898/120773. Max active instruction index: 10974
2025-02-12 16:51:25 | Simulation update: decoder round 114103, completed instructions: 11497/21761, actively running or decoding instructions: 18, waiting windows: 58997/123284. Max active instruction index: 11523
2025-02-12 16:51:35 | Simulation update: decoder round 116626, completed instructions: 12446/21761, actively running or decoding instructions: 22, waiting windows: 60552/126917. Max active instruction index: 12569
2025-02-12 16:51:45 | Simulation update: decoder round 122573, completed instructions: 14284/21761, actively running or decoding instructions: 7, waiting windows: 62902/132677. Max active instruction index: 14300
2025-02-12 16:51:55 | Simulation update: decoder round 152005, completed instructions: 18881/21761, actively running or decoding instructions: 7, waiting windows: 65612/140372. Max active instruction index: 18865
2025-02-12 16:52:02 | Finished simulation
2025-02-12 16:52:02 | Finished saving output. Done! Total elapsed time: 0:23:52.923108
