CONFIG 1311
benchmark_file: slurm/data/20250212_155702/benchmarks/adder_n18.lss
decoder_latency_or_dist_filename: slurm/data/20250212_155702/decoder_dists.json
distance: 27
lightweight_setting: 2
max_parallel_processes: None
missed_speculation_modifier: 1.4
poison_policy: successors
rng: 6
scheduling_method: aligned
speculation_accuracy: 0.9
speculation_latency: 1
speculation_mode: None
2025-02-12 16:32:37 | Loading benchmark slurm/data/20250212_155702/benchmarks/adder_n18.lss...
2025-02-12 16:32:37 | Starting simulation
2025-02-12 16:32:37 | Simulation update: decoder round 1, completed instructions: 0/2338, actively running or decoding instructions: 3, waiting windows: 0/0. Max active instruction index: 18
2025-02-12 16:32:47 | Simulation update: decoder round 2893, completed instructions: 222/2338, actively running or decoding instructions: 8, waiting windows: 1260/2099. Max active instruction index: 229
2025-02-12 16:32:57 | Simulation update: decoder round 5748, completed instructions: 279/2338, actively running or decoding instructions: 4, waiting windows: 2272/4229. Max active instruction index: 237
2025-02-12 16:33:07 | Simulation update: decoder round 8798, completed instructions: 330/2338, actively running or decoding instructions: 6, waiting windows: 3328/6317. Max active instruction index: 322
2025-02-12 16:33:17 | Simulation update: decoder round 11889, completed instructions: 418/2338, actively running or decoding instructions: 5, waiting windows: 4388/8511. Max active instruction index: 625
2025-02-12 16:33:27 | Simulation update: decoder round 15075, completed instructions: 509/2338, actively running or decoding instructions: 12, waiting windows: 5544/10848. Max active instruction index: 499
2025-02-12 16:33:37 | Simulation update: decoder round 18348, completed instructions: 567/2338, actively running or decoding instructions: 4, waiting windows: 6731/13281. Max active instruction index: 565
2025-02-12 16:33:47 | Simulation update: decoder round 21456, completed instructions: 678/2338, actively running or decoding instructions: 12, waiting windows: 7891/15588. Max active instruction index: 677
2025-02-12 16:33:57 | Simulation update: decoder round 24062, completed instructions: 776/2338, actively running or decoding instructions: 15, waiting windows: 8834/17537. Max active instruction index: 813
2025-02-12 16:34:07 | Simulation update: decoder round 26792, completed instructions: 919/2338, actively running or decoding instructions: 19, waiting windows: 9772/19498. Max active instruction index: 946
2025-02-12 16:34:17 | Simulation update: decoder round 29849, completed instructions: 1020/2338, actively running or decoding instructions: 16, waiting windows: 10681/21458. Max active instruction index: 1044
2025-02-12 16:34:27 | Simulation update: decoder round 33078, completed instructions: 1147/2338, actively running or decoding instructions: 17, waiting windows: 11664/23509. Max active instruction index: 1157
2025-02-12 16:34:37 | Simulation update: decoder round 36551, completed instructions: 1249/2338, actively running or decoding instructions: 9, waiting windows: 12725/25704. Max active instruction index: 1257
2025-02-12 16:34:47 | Simulation update: decoder round 40412, completed instructions: 1423/2338, actively running or decoding instructions: 15, waiting windows: 13840/28047. Max active instruction index: 1448
2025-02-12 16:34:57 | Simulation update: decoder round 45165, completed instructions: 1640/2338, actively running or decoding instructions: 12, waiting windows: 14957/30493. Max active instruction index: 1658
2025-02-12 16:35:07 | Simulation update: decoder round 51514, completed instructions: 1850/2338, actively running or decoding instructions: 8, waiting windows: 16227/33188. Max active instruction index: 1856
2025-02-12 16:35:17 | Simulation update: decoder round 60537, completed instructions: 2077/2338, actively running or decoding instructions: 7, waiting windows: 17450/35894. Max active instruction index: 2079
2025-02-12 16:35:23 | Finished simulation
2025-02-12 16:35:23 | Finished saving output. Done! Total elapsed time: 0:02:45.725380
