CONFIG 186
benchmark_file: slurm/data/20250212_155702/benchmarks/rz_seq_10_1e-10.lss
decoder_latency_or_dist_filename: slurm/data/20250212_155702/decoder_dists.json
distance: 27
lightweight_setting: 2
max_parallel_processes: None
missed_speculation_modifier: 1.4
poison_policy: successors
rng: 6
scheduling_method: sliding
speculation_accuracy: 0.9
speculation_latency: 1
speculation_mode: separate
2025-02-12 16:07:49 | Loading benchmark slurm/data/20250212_155702/benchmarks/rz_seq_10_1e-10.lss...
2025-02-12 16:07:50 | Starting simulation
2025-02-12 16:07:51 | Simulation update: decoder round 1, completed instructions: 0/10045, actively running or decoding instructions: 1, waiting windows: 0/0. Max active instruction index: 0
2025-02-12 16:08:01 | Simulation update: decoder round 40647, completed instructions: 440/10045, actively running or decoding instructions: 2, waiting windows: 12/1983. Max active instruction index: 437
2025-02-12 16:08:11 | Simulation update: decoder round 101367, completed instructions: 1273/10045, actively running or decoding instructions: 7, waiting windows: 16/5073. Max active instruction index: 1273
2025-02-12 16:08:21 | Simulation update: decoder round 147169, completed instructions: 1776/10045, actively running or decoding instructions: 8, waiting windows: 14/7198. Max active instruction index: 1773
2025-02-12 16:08:31 | Simulation update: decoder round 190919, completed instructions: 2261/10045, actively running or decoding instructions: 5, waiting windows: 26/9727. Max active instruction index: 2257
2025-02-12 16:08:41 | Simulation update: decoder round 247213, completed instructions: 3029/10045, actively running or decoding instructions: 5, waiting windows: 26/12796. Max active instruction index: 3025
2025-02-12 16:08:51 | Simulation update: decoder round 309812, completed instructions: 3976/10045, actively running or decoding instructions: 2, waiting windows: 21/16187. Max active instruction index: 3973
2025-02-12 16:09:01 | Simulation update: decoder round 366780, completed instructions: 4716/10045, actively running or decoding instructions: 2, waiting windows: 12/19177. Max active instruction index: 4713
2025-02-12 16:09:11 | Simulation update: decoder round 426502, completed instructions: 5540/10045, actively running or decoding instructions: 8, waiting windows: 17/22206. Max active instruction index: 5537
2025-02-12 16:09:21 | Simulation update: decoder round 479784, completed instructions: 6140/10045, actively running or decoding instructions: 2, waiting windows: 24/24841. Max active instruction index: 6137
2025-02-12 16:09:31 | Simulation update: decoder round 520890, completed instructions: 6564/10045, actively running or decoding instructions: 2, waiting windows: 14/26799. Max active instruction index: 6564
2025-02-12 16:09:41 | Simulation update: decoder round 577435, completed instructions: 7277/10045, actively running or decoding instructions: 2, waiting windows: 26/29957. Max active instruction index: 7273
2025-02-12 16:09:51 | Simulation update: decoder round 637741, completed instructions: 8129/10045, actively running or decoding instructions: 4, waiting windows: 13/33235. Max active instruction index: 8132
2025-02-12 16:10:01 | Simulation update: decoder round 697710, completed instructions: 8952/10045, actively running or decoding instructions: 8, waiting windows: 17/36301. Max active instruction index: 8949
2025-02-12 16:10:11 | Simulation update: decoder round 763059, completed instructions: 9909/10045, actively running or decoding instructions: 8, waiting windows: 20/39555. Max active instruction index: 9905
2025-02-12 16:10:13 | Finished simulation
2025-02-12 16:10:14 | Finished saving output. Done! Total elapsed time: 0:02:25.689205
