CONFIG 27
benchmark_file: slurm/data/20250212_155702/benchmarks/qrom_15_15.lss
decoder_latency_or_dist_filename: slurm/data/20250212_155702/decoder_dists.json
distance: 27
lightweight_setting: 2
max_parallel_processes: None
missed_speculation_modifier: 1.4
poison_policy: successors
rng: 0
scheduling_method: sliding
speculation_accuracy: 0.9
speculation_latency: 1
speculation_mode: separate
2025-02-12 16:01:26 | Loading benchmark slurm/data/20250212_155702/benchmarks/qrom_15_15.lss...
2025-02-12 16:01:26 | Starting simulation
2025-02-12 16:01:27 | Simulation update: decoder round 1, completed instructions: 0/1693, actively running or decoding instructions: 10, waiting windows: 0/0. Max active instruction index: 84
2025-02-12 16:01:37 | Simulation update: decoder round 2465, completed instructions: 298/1693, actively running or decoding instructions: 13, waiting windows: 213/1558. Max active instruction index: 311
2025-02-12 16:01:47 | Simulation update: decoder round 4624, completed instructions: 592/1693, actively running or decoding instructions: 40, waiting windows: 203/3191. Max active instruction index: 609
2025-02-12 16:01:57 | Simulation update: decoder round 6852, completed instructions: 659/1693, actively running or decoding instructions: 21, waiting windows: 212/4645. Max active instruction index: 685
2025-02-12 16:02:07 | Simulation update: decoder round 8956, completed instructions: 659/1693, actively running or decoding instructions: 18, waiting windows: 208/5971. Max active instruction index: 685
2025-02-12 16:02:17 | Simulation update: decoder round 11171, completed instructions: 659/1693, actively running or decoding instructions: 18, waiting windows: 215/7365. Max active instruction index: 685
2025-02-12 16:02:27 | Simulation update: decoder round 13311, completed instructions: 790/1693, actively running or decoding instructions: 38, waiting windows: 291/8814. Max active instruction index: 783
2025-02-12 16:02:37 | Simulation update: decoder round 17310, completed instructions: 1202/1693, actively running or decoding instructions: 21, waiting windows: 128/10980. Max active instruction index: 1183
2025-02-12 16:02:47 | Simulation update: decoder round 21533, completed instructions: 1410/1693, actively running or decoding instructions: 45, waiting windows: 124/12793. Max active instruction index: 1379
2025-02-12 16:02:51 | Finished simulation
2025-02-12 16:02:51 | Finished saving output. Done! Total elapsed time: 0:01:24.690035
