CONFIG 298
benchmark_file: slurm/data/20250212_155702/benchmarks/rz_seq_10_1e-10.lss
decoder_latency_or_dist_filename: slurm/data/20250212_155702/decoder_dists.json
distance: 27
lightweight_setting: 2
max_parallel_processes: None
missed_speculation_modifier: 1.4
poison_policy: successors
rng: 0
scheduling_method: parallel
speculation_accuracy: 0.9
speculation_latency: 1
speculation_mode: separate
2025-02-12 16:08:53 | Loading benchmark slurm/data/20250212_155702/benchmarks/rz_seq_10_1e-10.lss...
2025-02-12 16:08:54 | Starting simulation
2025-02-12 16:08:55 | Simulation update: decoder round 1, completed instructions: 0/10045, actively running or decoding instructions: 1, waiting windows: 0/0. Max active instruction index: 0
2025-02-12 16:09:05 | Simulation update: decoder round 76681, completed instructions: 1033/10045, actively running or decoding instructions: 5, waiting windows: 1741/3873. Max active instruction index: 1029
2025-02-12 16:09:15 | Simulation update: decoder round 154016, completed instructions: 2041/10045, actively running or decoding instructions: 4, waiting windows: 3503/7823. Max active instruction index: 2041
2025-02-12 16:09:25 | Simulation update: decoder round 229539, completed instructions: 3072/10045, actively running or decoding instructions: 8, waiting windows: 5306/11856. Max active instruction index: 3069
2025-02-12 16:09:35 | Simulation update: decoder round 304420, completed instructions: 4056/10045, actively running or decoding instructions: 2, waiting windows: 7075/15802. Max active instruction index: 4053
2025-02-12 16:09:45 | Simulation update: decoder round 381752, completed instructions: 5081/10045, actively running or decoding instructions: 5, waiting windows: 8825/19726. Max active instruction index: 5077
2025-02-12 16:09:55 | Simulation update: decoder round 459007, completed instructions: 6092/10045, actively running or decoding instructions: 8, waiting windows: 10570/23626. Max active instruction index: 6089
2025-02-12 16:10:05 | Simulation update: decoder round 534725, completed instructions: 7140/10045, actively running or decoding instructions: 5, waiting windows: 12352/27600. Max active instruction index: 7137
2025-02-12 16:10:15 | Simulation update: decoder round 610534, completed instructions: 8101/10045, actively running or decoding instructions: 8, waiting windows: 14113/31495. Max active instruction index: 8097
2025-02-12 16:10:25 | Simulation update: decoder round 682870, completed instructions: 9033/10045, actively running or decoding instructions: 7, waiting windows: 15754/35165. Max active instruction index: 9036
2025-02-12 16:10:35 | Simulation update: decoder round 755140, completed instructions: 10021/10045, actively running or decoding instructions: 2, waiting windows: 17376/38808. Max active instruction index: 10017
2025-02-12 16:10:35 | Finished simulation
2025-02-12 16:10:37 | Finished saving output. Done! Total elapsed time: 0:01:43.659905
