CONFIG 331
benchmark_file: slurm/data/20250212_155702/benchmarks/adder_n18.lss
decoder_latency_or_dist_filename: slurm/data/20250212_155702/decoder_dists.json
distance: 27
lightweight_setting: 2
max_parallel_processes: None
missed_speculation_modifier: 1.4
poison_policy: successors
rng: 1
scheduling_method: parallel
speculation_accuracy: 0.9
speculation_latency: 1
speculation_mode: separate
2025-02-12 16:07:56 | Loading benchmark slurm/data/20250212_155702/benchmarks/adder_n18.lss...
2025-02-12 16:07:56 | Starting simulation
2025-02-12 16:07:56 | Simulation update: decoder round 1, completed instructions: 0/2338, actively running or decoding instructions: 3, waiting windows: 0/0. Max active instruction index: 18
2025-02-12 16:08:06 | Simulation update: decoder round 2915, completed instructions: 275/2338, actively running or decoding instructions: 12, waiting windows: 1202/2178. Max active instruction index: 284
2025-02-12 16:08:16 | Simulation update: decoder round 6052, completed instructions: 368/2338, actively running or decoding instructions: 11, waiting windows: 2225/4306. Max active instruction index: 386
2025-02-12 16:08:26 | Simulation update: decoder round 9225, completed instructions: 509/2338, actively running or decoding instructions: 8, waiting windows: 3394/6679. Max active instruction index: 497
2025-02-12 16:08:36 | Simulation update: decoder round 12652, completed instructions: 621/2338, actively running or decoding instructions: 11, waiting windows: 4626/9201. Max active instruction index: 614
2025-02-12 16:08:46 | Simulation update: decoder round 15611, completed instructions: 715/2338, actively running or decoding instructions: 5, waiting windows: 5696/11375. Max active instruction index: 721
2025-02-12 16:08:56 | Simulation update: decoder round 18381, completed instructions: 931/2338, actively running or decoding instructions: 16, waiting windows: 6656/13429. Max active instruction index: 946
2025-02-12 16:09:06 | Simulation update: decoder round 21573, completed instructions: 1099/2338, actively running or decoding instructions: 15, waiting windows: 7634/15541. Max active instruction index: 1098
2025-02-12 16:09:16 | Simulation update: decoder round 25233, completed instructions: 1311/2338, actively running or decoding instructions: 12, waiting windows: 8748/17821. Max active instruction index: 1327
2025-02-12 16:09:26 | Simulation update: decoder round 29512, completed instructions: 1601/2338, actively running or decoding instructions: 12, waiting windows: 9931/20381. Max active instruction index: 1616
2025-02-12 16:09:36 | Simulation update: decoder round 36459, completed instructions: 1955/2338, actively running or decoding instructions: 6, waiting windows: 11219/23261. Max active instruction index: 1947
2025-02-12 16:09:42 | Finished simulation
2025-02-12 16:09:42 | Finished saving output. Done! Total elapsed time: 0:01:46.487417
