CONFIG 368
benchmark_file: slurm/data/20250212_155702/benchmarks/rz_seq_10_1e-10.lss
decoder_latency_or_dist_filename: slurm/data/20250212_155702/decoder_dists.json
distance: 15
lightweight_setting: 2
max_parallel_processes: None
missed_speculation_modifier: 1.4
poison_policy: successors
rng: 3
scheduling_method: parallel
speculation_accuracy: 0.9
speculation_latency: 1
speculation_mode: separate
2025-02-12 16:07:52 | Loading benchmark slurm/data/20250212_155702/benchmarks/rz_seq_10_1e-10.lss...
2025-02-12 16:07:53 | Starting simulation
2025-02-12 16:07:54 | Simulation update: decoder round 1, completed instructions: 0/10045, actively running or decoding instructions: 1, waiting windows: 0/0. Max active instruction index: 0
2025-02-12 16:08:04 | Simulation update: decoder round 61025, completed instructions: 4253/10045, actively running or decoding instructions: 5, waiting windows: 2530/6762. Max active instruction index: 4249
2025-02-12 16:08:14 | Simulation update: decoder round 120822, completed instructions: 8436/10045, actively running or decoding instructions: 6, waiting windows: 5015/13398. Max active instruction index: 8440
2025-02-12 16:08:18 | Finished simulation
2025-02-12 16:08:18 | Finished saving output. Done! Total elapsed time: 0:00:26.166859
