CONFIG 447
benchmark_file: slurm/data/20250212_155702/benchmarks/qrom_15_15.lss
decoder_latency_or_dist_filename: slurm/data/20250212_155702/decoder_dists.json
distance: 27
lightweight_setting: 2
max_parallel_processes: None
missed_speculation_modifier: 1.4
poison_policy: successors
rng: 5
scheduling_method: parallel
speculation_accuracy: 0.9
speculation_latency: 1
speculation_mode: separate
2025-02-12 16:08:20 | Loading benchmark slurm/data/20250212_155702/benchmarks/qrom_15_15.lss...
2025-02-12 16:08:20 | Starting simulation
2025-02-12 16:08:20 | Simulation update: decoder round 1, completed instructions: 0/1693, actively running or decoding instructions: 10, waiting windows: 0/0. Max active instruction index: 84
2025-02-12 16:08:30 | Simulation update: decoder round 3246, completed instructions: 291/1693, actively running or decoding instructions: 11, waiting windows: 1096/2008. Max active instruction index: 293
2025-02-12 16:08:40 | Simulation update: decoder round 6717, completed instructions: 818/1693, actively running or decoding instructions: 50, waiting windows: 2285/4639. Max active instruction index: 818
2025-02-12 16:08:49 | Finished simulation
2025-02-12 16:08:49 | Finished saving output. Done! Total elapsed time: 0:00:28.895845
