CONFIG 480
benchmark_file: slurm/data/20250212_155702/benchmarks/rz_seq_10_1e-10.lss
decoder_latency_or_dist_filename: slurm/data/20250212_155702/decoder_dists.json
distance: 15
lightweight_setting: 2
max_parallel_processes: None
missed_speculation_modifier: 1.4
poison_policy: successors
rng: 7
scheduling_method: parallel
speculation_accuracy: 0.9
speculation_latency: 1
speculation_mode: separate
2025-02-12 16:08:20 | Loading benchmark slurm/data/20250212_155702/benchmarks/rz_seq_10_1e-10.lss...
2025-02-12 16:08:21 | Starting simulation
2025-02-12 16:08:22 | Simulation update: decoder round 1, completed instructions: 0/10045, actively running or decoding instructions: 1, waiting windows: 0/0. Max active instruction index: 0
2025-02-12 16:08:32 | Simulation update: decoder round 62907, completed instructions: 4348/10045, actively running or decoding instructions: 2, waiting windows: 2617/6973. Max active instruction index: 4345
2025-02-12 16:08:42 | Simulation update: decoder round 124712, completed instructions: 8660/10045, actively running or decoding instructions: 5, waiting windows: 5228/13887. Max active instruction index: 8657
2025-02-12 16:08:46 | Finished simulation
2025-02-12 16:08:46 | Finished saving output. Done! Total elapsed time: 0:00:25.406340
