CONFIG 503
benchmark_file: slurm/data/20250212_155702/benchmarks/qrom_15_15.lss
decoder_latency_or_dist_filename: slurm/data/20250212_155702/decoder_dists.json
distance: 27
lightweight_setting: 2
max_parallel_processes: None
missed_speculation_modifier: 1.4
poison_policy: successors
rng: 7
scheduling_method: parallel
speculation_accuracy: 0.9
speculation_latency: 1
speculation_mode: separate
2025-02-12 16:08:52 | Loading benchmark slurm/data/20250212_155702/benchmarks/qrom_15_15.lss...
2025-02-12 16:08:52 | Starting simulation
2025-02-12 16:08:52 | Simulation update: decoder round 1, completed instructions: 0/1693, actively running or decoding instructions: 10, waiting windows: 0/0. Max active instruction index: 84
2025-02-12 16:09:02 | Simulation update: decoder round 3163, completed instructions: 359/1693, actively running or decoding instructions: 29, waiting windows: 1149/2060. Max active instruction index: 433
2025-02-12 16:09:12 | Simulation update: decoder round 6616, completed instructions: 824/1693, actively running or decoding instructions: 24, waiting windows: 2220/4581. Max active instruction index: 818
2025-02-12 16:09:20 | Finished simulation
2025-02-12 16:09:20 | Finished saving output. Done! Total elapsed time: 0:00:28.397244
