CONFIG 590
benchmark_file: slurm/data/20250212_155702/benchmarks/fermi_hubbard_2_2_Square.lss
decoder_latency_or_dist_filename: slurm/data/20250212_155702/decoder_dists.json
distance: 15
lightweight_setting: 2
max_parallel_processes: None
missed_speculation_modifier: 1.4
poison_policy: successors
rng: 1
scheduling_method: aligned
speculation_accuracy: 0.9
speculation_latency: 1
speculation_mode: separate
2025-02-12 16:08:45 | Loading benchmark slurm/data/20250212_155702/benchmarks/fermi_hubbard_2_2_Square.lss...
2025-02-12 16:08:46 | Starting simulation
2025-02-12 16:08:49 | Simulation update: decoder round 1, completed instructions: 0/21761, actively running or decoding instructions: 13, waiting windows: 0/0. Max active instruction index: 30
2025-02-12 16:08:59 | Simulation update: decoder round 501, completed instructions: 98/21761, actively running or decoding instructions: 2, waiting windows: 259/479. Max active instruction index: 95
2025-02-12 16:09:09 | Simulation update: decoder round 999, completed instructions: 138/21761, actively running or decoding instructions: 5, waiting windows: 464/931. Max active instruction index: 138
2025-02-12 16:09:19 | Simulation update: decoder round 1496, completed instructions: 182/21761, actively running or decoding instructions: 2, waiting windows: 686/1391. Max active instruction index: 179
2025-02-12 16:09:29 | Simulation update: decoder round 1998, completed instructions: 226/21761, actively running or decoding instructions: 5, waiting windows: 920/1857. Max active instruction index: 226
2025-02-12 16:09:39 | Simulation update: decoder round 2501, completed instructions: 270/21761, actively running or decoding instructions: 5, waiting windows: 1129/2323. Max active instruction index: 267
2025-02-12 16:09:49 | Simulation update: decoder round 3008, completed instructions: 310/21761, actively running or decoding instructions: 2, waiting windows: 1361/2790. Max active instruction index: 307
2025-02-12 16:09:59 | Simulation update: decoder round 3515, completed instructions: 347/21761, actively running or decoding instructions: 8, waiting windows: 1575/3253. Max active instruction index: 350
2025-02-12 16:10:09 | Simulation update: decoder round 4026, completed instructions: 383/21761, actively running or decoding instructions: 2, waiting windows: 1804/3720. Max active instruction index: 383
2025-02-12 16:10:19 | Simulation update: decoder round 4538, completed instructions: 426/21761, actively running or decoding instructions: 5, waiting windows: 2016/4188. Max active instruction index: 423
2025-02-12 16:10:29 | Simulation update: decoder round 5054, completed instructions: 466/21761, actively running or decoding instructions: 5, waiting windows: 2250/4654. Max active instruction index: 463
2025-02-12 16:10:39 | Simulation update: decoder round 5570, completed instructions: 507/21761, actively running or decoding instructions: 5, waiting windows: 2472/5131. Max active instruction index: 507
2025-02-12 16:10:49 | Simulation update: decoder round 6088, completed instructions: 546/21761, actively running or decoding instructions: 5, waiting windows: 2692/5597. Max active instruction index: 543
2025-02-12 16:10:59 | Simulation update: decoder round 6608, completed instructions: 590/21761, actively running or decoding instructions: 8, waiting windows: 2925/6077. Max active instruction index: 587
2025-02-12 16:11:09 | Simulation update: decoder round 7131, completed instructions: 638/21761, actively running or decoding instructions: 5, waiting windows: 3147/6557. Max active instruction index: 635
2025-02-12 16:11:19 | Simulation update: decoder round 7655, completed instructions: 678/21761, actively running or decoding instructions: 7, waiting windows: 3379/7033. Max active instruction index: 675
2025-02-12 16:11:29 | Simulation update: decoder round 8167, completed instructions: 711/21761, actively running or decoding instructions: 4, waiting windows: 3602/7491. Max active instruction index: 712
2025-02-12 16:11:39 | Simulation update: decoder round 8695, completed instructions: 758/21761, actively running or decoding instructions: 5, waiting windows: 3825/7969. Max active instruction index: 755
2025-02-12 16:11:49 | Simulation update: decoder round 9229, completed instructions: 795/21761, actively running or decoding instructions: 4, waiting windows: 4059/8466. Max active instruction index: 796
2025-02-12 16:11:59 | Simulation update: decoder round 9767, completed instructions: 842/21761, actively running or decoding instructions: 6, waiting windows: 4298/8961. Max active instruction index: 839
2025-02-12 16:12:09 | Simulation update: decoder round 10303, completed instructions: 887/21761, actively running or decoding instructions: 8, waiting windows: 4528/9447. Max active instruction index: 890
2025-02-12 16:12:19 | Simulation update: decoder round 10841, completed instructions: 930/21761, actively running or decoding instructions: 2, waiting windows: 4758/9946. Max active instruction index: 927
2025-02-12 16:12:29 | Simulation update: decoder round 11386, completed instructions: 990/21761, actively running or decoding instructions: 5, waiting windows: 5011/10460. Max active instruction index: 987
2025-02-12 16:12:39 | Simulation update: decoder round 11928, completed instructions: 1042/21761, actively running or decoding instructions: 5, waiting windows: 5251/10960. Max active instruction index: 1039
2025-02-12 16:12:49 | Simulation update: decoder round 12473, completed instructions: 1083/21761, actively running or decoding instructions: 8, waiting windows: 5481/11453. Max active instruction index: 1086
2025-02-12 16:12:59 | Simulation update: decoder round 13022, completed instructions: 1159/21761, actively running or decoding instructions: 8, waiting windows: 5742/11996. Max active instruction index: 1154
2025-02-12 16:13:09 | Simulation update: decoder round 13577, completed instructions: 1212/21761, actively running or decoding instructions: 5, waiting windows: 6003/12543. Max active instruction index: 1206
2025-02-12 16:13:19 | Simulation update: decoder round 14134, completed instructions: 1259/21761, actively running or decoding instructions: 3, waiting windows: 6251/13101. Max active instruction index: 1254
2025-02-12 16:13:29 | Simulation update: decoder round 14693, completed instructions: 1321/21761, actively running or decoding instructions: 2, waiting windows: 6522/13663. Max active instruction index: 1316
2025-02-12 16:13:39 | Simulation update: decoder round 15254, completed instructions: 1379/21761, actively running or decoding instructions: 6, waiting windows: 6790/14223. Max active instruction index: 1383
2025-02-12 16:13:50 | Simulation update: decoder round 15821, completed instructions: 1438/21761, actively running or decoding instructions: 2, waiting windows: 7046/14798. Max active instruction index: 1432
2025-02-12 16:14:00 | Simulation update: decoder round 16389, completed instructions: 1491/21761, actively running or decoding instructions: 5, waiting windows: 7326/15365. Max active instruction index: 1486
2025-02-12 16:14:10 | Simulation update: decoder round 16957, completed instructions: 1539/21761, actively running or decoding instructions: 8, waiting windows: 7586/15929. Max active instruction index: 1534
2025-02-12 16:14:20 | Simulation update: decoder round 17534, completed instructions: 1595/21761, actively running or decoding instructions: 3, waiting windows: 7856/16494. Max active instruction index: 1590
2025-02-12 16:14:30 | Simulation update: decoder round 18108, completed instructions: 1653/21761, actively running or decoding instructions: 5, waiting windows: 8121/17071. Max active instruction index: 1648
2025-02-12 16:14:40 | Simulation update: decoder round 18686, completed instructions: 1705/21761, actively running or decoding instructions: 2, waiting windows: 8401/17645. Max active instruction index: 1700
2025-02-12 16:14:50 | Simulation update: decoder round 19272, completed instructions: 1754/21761, actively running or decoding instructions: 2, waiting windows: 8678/18223. Max active instruction index: 1748
2025-02-12 16:15:00 | Simulation update: decoder round 19858, completed instructions: 1815/21761, actively running or decoding instructions: 3, waiting windows: 8944/18806. Max active instruction index: 1810
2025-02-12 16:15:10 | Simulation update: decoder round 20448, completed instructions: 1870/21761, actively running or decoding instructions: 2, waiting windows: 9229/19403. Max active instruction index: 1864
2025-02-12 16:15:20 | Simulation update: decoder round 21044, completed instructions: 1924/21761, actively running or decoding instructions: 6, waiting windows: 9502/19995. Max active instruction index: 1918
2025-02-12 16:15:30 | Simulation update: decoder round 21642, completed instructions: 1971/21761, actively running or decoding instructions: 2, waiting windows: 9785/20594. Max active instruction index: 1971
2025-02-12 16:15:40 | Simulation update: decoder round 22242, completed instructions: 2037/21761, actively running or decoding instructions: 5, waiting windows: 10072/21190. Max active instruction index: 2032
2025-02-12 16:15:50 | Simulation update: decoder round 22826, completed instructions: 2100/21761, actively running or decoding instructions: 5, waiting windows: 10347/21771. Max active instruction index: 2094
2025-02-12 16:16:00 | Simulation update: decoder round 23435, completed instructions: 2153/21761, actively running or decoding instructions: 3, waiting windows: 10631/22382. Max active instruction index: 2157
2025-02-12 16:16:10 | Simulation update: decoder round 24045, completed instructions: 2215/21761, actively running or decoding instructions: 2, waiting windows: 10907/22986. Max active instruction index: 2215
2025-02-12 16:16:20 | Simulation update: decoder round 24663, completed instructions: 2283/21761, actively running or decoding instructions: 5, waiting windows: 11221/23617. Max active instruction index: 2278
2025-02-12 16:16:30 | Simulation update: decoder round 25284, completed instructions: 2383/21761, actively running or decoding instructions: 14, waiting windows: 11536/24284. Max active instruction index: 2390
2025-02-12 16:16:40 | Simulation update: decoder round 25910, completed instructions: 2505/21761, actively running or decoding instructions: 11, waiting windows: 11848/24990. Max active instruction index: 2502
2025-02-12 16:16:50 | Simulation update: decoder round 26548, completed instructions: 2626/21761, actively running or decoding instructions: 10, waiting windows: 12180/25707. Max active instruction index: 2629
2025-02-12 16:17:00 | Simulation update: decoder round 27198, completed instructions: 2765/21761, actively running or decoding instructions: 12, waiting windows: 12534/26457. Max active instruction index: 2780
2025-02-12 16:17:10 | Simulation update: decoder round 27858, completed instructions: 2881/21761, actively running or decoding instructions: 7, waiting windows: 12876/27199. Max active instruction index: 2899
2025-02-12 16:17:20 | Simulation update: decoder round 28527, completed instructions: 3012/21761, actively running or decoding instructions: 3, waiting windows: 13222/27973. Max active instruction index: 3018
2025-02-12 16:17:30 | Simulation update: decoder round 29203, completed instructions: 3149/21761, actively running or decoding instructions: 3, waiting windows: 13578/28760. Max active instruction index: 3158
2025-02-12 16:17:40 | Simulation update: decoder round 29893, completed instructions: 3298/21761, actively running or decoding instructions: 9, waiting windows: 13959/29563. Max active instruction index: 3296
2025-02-12 16:17:50 | Simulation update: decoder round 30594, completed instructions: 3445/21761, actively running or decoding instructions: 6, waiting windows: 14331/30379. Max active instruction index: 3444
2025-02-12 16:18:00 | Simulation update: decoder round 31312, completed instructions: 3587/21761, actively running or decoding instructions: 7, waiting windows: 14691/31182. Max active instruction index: 3595
2025-02-12 16:18:10 | Simulation update: decoder round 32045, completed instructions: 3736/21761, actively running or decoding instructions: 6, waiting windows: 15085/32030. Max active instruction index: 3763
2025-02-12 16:18:20 | Simulation update: decoder round 32794, completed instructions: 3888/21761, actively running or decoding instructions: 3, waiting windows: 15480/32900. Max active instruction index: 3882
2025-02-12 16:18:30 | Simulation update: decoder round 33562, completed instructions: 4048/21761, actively running or decoding instructions: 9, waiting windows: 15905/33801. Max active instruction index: 4052
2025-02-12 16:18:40 | Simulation update: decoder round 34344, completed instructions: 4197/21761, actively running or decoding instructions: 4, waiting windows: 16299/34693. Max active instruction index: 4208
2025-02-12 16:18:50 | Simulation update: decoder round 35119, completed instructions: 4362/21761, actively running or decoding instructions: 12, waiting windows: 16716/35585. Max active instruction index: 4385
2025-02-12 16:19:00 | Simulation update: decoder round 35946, completed instructions: 4535/21761, actively running or decoding instructions: 10, waiting windows: 17155/36545. Max active instruction index: 4542
2025-02-12 16:19:10 | Simulation update: decoder round 36800, completed instructions: 4717/21761, actively running or decoding instructions: 6, waiting windows: 17607/37531. Max active instruction index: 4750
2025-02-12 16:19:20 | Simulation update: decoder round 37647, completed instructions: 4886/21761, actively running or decoding instructions: 15, waiting windows: 18035/38493. Max active instruction index: 4886
2025-02-12 16:19:30 | Simulation update: decoder round 38435, completed instructions: 4984/21761, actively running or decoding instructions: 2, waiting windows: 18443/39354. Max active instruction index: 4977
2025-02-12 16:19:40 | Simulation update: decoder round 39232, completed instructions: 5072/21761, actively running or decoding instructions: 5, waiting windows: 18867/40226. Max active instruction index: 5065
2025-02-12 16:19:50 | Simulation update: decoder round 40041, completed instructions: 5156/21761, actively running or decoding instructions: 2, waiting windows: 19293/41103. Max active instruction index: 5156
2025-02-12 16:20:00 | Simulation update: decoder round 40866, completed instructions: 5268/21761, actively running or decoding instructions: 5, waiting windows: 19719/41995. Max active instruction index: 5261
2025-02-12 16:20:10 | Simulation update: decoder round 41707, completed instructions: 5352/21761, actively running or decoding instructions: 3, waiting windows: 20148/42892. Max active instruction index: 5345
2025-02-12 16:20:20 | Simulation update: decoder round 42556, completed instructions: 5440/21761, actively running or decoding instructions: 8, waiting windows: 20599/43814. Max active instruction index: 5433
2025-02-12 16:20:30 | Simulation update: decoder round 43422, completed instructions: 5528/21761, actively running or decoding instructions: 5, waiting windows: 21029/44732. Max active instruction index: 5521
2025-02-12 16:20:40 | Simulation update: decoder round 44300, completed instructions: 5637/21761, actively running or decoding instructions: 8, waiting windows: 21507/45694. Max active instruction index: 5637
2025-02-12 16:20:50 | Simulation update: decoder round 45190, completed instructions: 5724/21761, actively running or decoding instructions: 2, waiting windows: 21966/46654. Max active instruction index: 5717
2025-02-12 16:21:00 | Simulation update: decoder round 46092, completed instructions: 5808/21761, actively running or decoding instructions: 5, waiting windows: 22430/47621. Max active instruction index: 5801
2025-02-12 16:21:10 | Simulation update: decoder round 47007, completed instructions: 5905/21761, actively running or decoding instructions: 6, waiting windows: 22898/48609. Max active instruction index: 5908
2025-02-12 16:21:20 | Simulation update: decoder round 47925, completed instructions: 6020/21761, actively running or decoding instructions: 5, waiting windows: 23372/49601. Max active instruction index: 6013
2025-02-12 16:21:30 | Simulation update: decoder round 48869, completed instructions: 6125/21761, actively running or decoding instructions: 5, waiting windows: 23859/50616. Max active instruction index: 6128
2025-02-12 16:21:40 | Simulation update: decoder round 49832, completed instructions: 6224/21761, actively running or decoding instructions: 5, waiting windows: 24368/51651. Max active instruction index: 6217
2025-02-12 16:21:50 | Simulation update: decoder round 50807, completed instructions: 6340/21761, actively running or decoding instructions: 2, waiting windows: 24890/52756. Max active instruction index: 6333
2025-02-12 16:22:00 | Simulation update: decoder round 51805, completed instructions: 6456/21761, actively running or decoding instructions: 2, waiting windows: 25441/53895. Max active instruction index: 6456
2025-02-12 16:22:10 | Simulation update: decoder round 52823, completed instructions: 6573/21761, actively running or decoding instructions: 5, waiting windows: 26004/55067. Max active instruction index: 6576
2025-02-12 16:22:20 | Simulation update: decoder round 53865, completed instructions: 6697/21761, actively running or decoding instructions: 2, waiting windows: 26571/56262. Max active instruction index: 6696
2025-02-12 16:22:30 | Simulation update: decoder round 54933, completed instructions: 6825/21761, actively running or decoding instructions: 3, waiting windows: 27177/57508. Max active instruction index: 6817
2025-02-12 16:22:40 | Simulation update: decoder round 56030, completed instructions: 6937/21761, actively running or decoding instructions: 4, waiting windows: 27777/58761. Max active instruction index: 6938
2025-02-12 16:22:50 | Simulation update: decoder round 57157, completed instructions: 7072/21761, actively running or decoding instructions: 6, waiting windows: 28405/60062. Max active instruction index: 7076
2025-02-12 16:23:00 | Simulation update: decoder round 58319, completed instructions: 7212/21761, actively running or decoding instructions: 5, waiting windows: 29044/61400. Max active instruction index: 7205
2025-02-12 16:23:10 | Simulation update: decoder round 59517, completed instructions: 7349/21761, actively running or decoding instructions: 2, waiting windows: 29712/62783. Max active instruction index: 7349
2025-02-12 16:23:20 | Simulation update: decoder round 60754, completed instructions: 7472/21761, actively running or decoding instructions: 2, waiting windows: 30393/64190. Max active instruction index: 7465
2025-02-12 16:23:30 | Simulation update: decoder round 61965, completed instructions: 7596/21761, actively running or decoding instructions: 2, waiting windows: 31062/65571. Max active instruction index: 7589
2025-02-12 16:23:40 | Simulation update: decoder round 63280, completed instructions: 7762/21761, actively running or decoding instructions: 5, waiting windows: 31792/67102. Max active instruction index: 7762
2025-02-12 16:23:50 | Simulation update: decoder round 64652, completed instructions: 7909/21761, actively running or decoding instructions: 5, waiting windows: 32559/68678. Max active instruction index: 7902
2025-02-12 16:24:00 | Simulation update: decoder round 66073, completed instructions: 8053/21761, actively running or decoding instructions: 5, waiting windows: 33342/70289. Max active instruction index: 8046
2025-02-12 16:24:10 | Simulation update: decoder round 67553, completed instructions: 8209/21761, actively running or decoding instructions: 5, waiting windows: 34146/71980. Max active instruction index: 8202
2025-02-12 16:24:20 | Simulation update: decoder round 69114, completed instructions: 8401/21761, actively running or decoding instructions: 2, waiting windows: 35010/73774. Max active instruction index: 8394
2025-02-12 16:24:30 | Simulation update: decoder round 70768, completed instructions: 8577/21761, actively running or decoding instructions: 5, waiting windows: 35922/75661. Max active instruction index: 8570
2025-02-12 16:24:40 | Simulation update: decoder round 72511, completed instructions: 8781/21761, actively running or decoding instructions: 5, waiting windows: 36896/77668. Max active instruction index: 8774
2025-02-12 16:24:50 | Simulation update: decoder round 74268, completed instructions: 8953/21761, actively running or decoding instructions: 2, waiting windows: 37862/79670. Max active instruction index: 8946
2025-02-12 16:25:00 | Simulation update: decoder round 76213, completed instructions: 9358/21761, actively running or decoding instructions: 13, waiting windows: 38999/82116. Max active instruction index: 9364
2025-02-12 16:25:10 | Simulation update: decoder round 78598, completed instructions: 10097/21761, actively running or decoding instructions: 16, waiting windows: 40519/85533. Max active instruction index: 10097
2025-02-12 16:25:20 | Simulation update: decoder round 80547, completed instructions: 10834/21761, actively running or decoding instructions: 17, waiting windows: 41794/88453. Max active instruction index: 10923
2025-02-12 16:25:30 | Simulation update: decoder round 82610, completed instructions: 11649/21761, actively running or decoding instructions: 10, waiting windows: 43094/91502. Max active instruction index: 11689
2025-02-12 16:25:40 | Simulation update: decoder round 86172, completed instructions: 13295/21761, actively running or decoding instructions: 28, waiting windows: 45102/96366. Max active instruction index: 13330
2025-02-12 16:25:50 | Simulation update: decoder round 105835, completed instructions: 18285/21761, actively running or decoding instructions: 9, waiting windows: 47582/103901. Max active instruction index: 18269
2025-02-12 16:25:56 | Finished simulation
2025-02-12 16:25:56 | Finished saving output. Done! Total elapsed time: 0:17:11.586730
