CONFIG 718
benchmark_file: slurm/data/20250212_155702/benchmarks/rz_seq_10_1e-10.lss
decoder_latency_or_dist_filename: slurm/data/20250212_155702/decoder_dists.json
distance: 27
lightweight_setting: 2
max_parallel_processes: None
missed_speculation_modifier: 1.4
poison_policy: successors
rng: 5
scheduling_method: aligned
speculation_accuracy: 0.9
speculation_latency: 1
speculation_mode: separate
2025-02-12 16:09:11 | Loading benchmark slurm/data/20250212_155702/benchmarks/rz_seq_10_1e-10.lss...
2025-02-12 16:09:11 | Starting simulation
2025-02-12 16:09:13 | Simulation update: decoder round 1, completed instructions: 0/10045, actively running or decoding instructions: 1, waiting windows: 0/0. Max active instruction index: 0
2025-02-12 16:09:23 | Simulation update: decoder round 85305, completed instructions: 1276/10045, actively running or decoding instructions: 5, waiting windows: 1882/4404. Max active instruction index: 1273
2025-02-12 16:09:33 | Simulation update: decoder round 169758, completed instructions: 2488/10045, actively running or decoding instructions: 2, waiting windows: 3876/8998. Max active instruction index: 2485
2025-02-12 16:09:43 | Simulation update: decoder round 254939, completed instructions: 3669/10045, actively running or decoding instructions: 5, waiting windows: 5731/13324. Max active instruction index: 3665
2025-02-12 16:09:53 | Simulation update: decoder round 345974, completed instructions: 4664/10045, actively running or decoding instructions: 3, waiting windows: 7680/17753. Max active instruction index: 4661
2025-02-12 16:10:03 | Simulation update: decoder round 430964, completed instructions: 5968/10045, actively running or decoding instructions: 2, waiting windows: 9634/22328. Max active instruction index: 5965
2025-02-12 16:10:13 | Simulation update: decoder round 515806, completed instructions: 7237/10045, actively running or decoding instructions: 5, waiting windows: 11555/26833. Max active instruction index: 7233
2025-02-12 16:10:23 | Simulation update: decoder round 598446, completed instructions: 8417/10045, actively running or decoding instructions: 4, waiting windows: 13480/31316. Max active instruction index: 8420
2025-02-12 16:10:33 | Simulation update: decoder round 684585, completed instructions: 9656/10045, actively running or decoding instructions: 2, waiting windows: 15351/35720. Max active instruction index: 9656
2025-02-12 16:10:36 | Finished simulation
2025-02-12 16:10:46 | Finished saving output. Done! Total elapsed time: 0:01:35.836159
