CONFIG 74
benchmark_file: slurm/data/20250212_155702/benchmarks/rz_seq_10_1e-10.lss
decoder_latency_or_dist_filename: slurm/data/20250212_155702/decoder_dists.json
distance: 27
lightweight_setting: 2
max_parallel_processes: None
missed_speculation_modifier: 1.4
poison_policy: successors
rng: 2
scheduling_method: sliding
speculation_accuracy: 0.9
speculation_latency: 1
speculation_mode: separate
2025-02-12 16:07:01 | Loading benchmark slurm/data/20250212_155702/benchmarks/rz_seq_10_1e-10.lss...
2025-02-12 16:07:02 | Starting simulation
2025-02-12 16:07:03 | Simulation update: decoder round 1, completed instructions: 0/10045, actively running or decoding instructions: 1, waiting windows: 0/0. Max active instruction index: 0
2025-02-12 16:07:13 | Simulation update: decoder round 52305, completed instructions: 649/10045, actively running or decoding instructions: 2, waiting windows: 29/2674. Max active instruction index: 645
2025-02-12 16:07:23 | Simulation update: decoder round 95875, completed instructions: 1185/10045, actively running or decoding instructions: 5, waiting windows: 16/5074. Max active instruction index: 1185
2025-02-12 16:07:33 | Simulation update: decoder round 139878, completed instructions: 1636/10045, actively running or decoding instructions: 5, waiting windows: 10/7144. Max active instruction index: 1633
2025-02-12 16:07:43 | Simulation update: decoder round 186696, completed instructions: 2176/10045, actively running or decoding instructions: 5, waiting windows: 14/9439. Max active instruction index: 2173
2025-02-12 16:07:53 | Simulation update: decoder round 229006, completed instructions: 2609/10045, actively running or decoding instructions: 5, waiting windows: 23/11542. Max active instruction index: 2605
2025-02-12 16:08:03 | Simulation update: decoder round 273816, completed instructions: 3116/10045, actively running or decoding instructions: 8, waiting windows: 19/13866. Max active instruction index: 3113
2025-02-12 16:08:13 | Simulation update: decoder round 332296, completed instructions: 3796/10045, actively running or decoding instructions: 8, waiting windows: 15/16859. Max active instruction index: 3793
2025-02-12 16:08:23 | Simulation update: decoder round 373237, completed instructions: 4189/10045, actively running or decoding instructions: 6, waiting windows: 26/18687. Max active instruction index: 4185
2025-02-12 16:08:33 | Simulation update: decoder round 432102, completed instructions: 5001/10045, actively running or decoding instructions: 5, waiting windows: 24/21780. Max active instruction index: 4997
2025-02-12 16:08:43 | Simulation update: decoder round 495832, completed instructions: 5932/10045, actively running or decoding instructions: 4, waiting windows: 15/25196. Max active instruction index: 5932
2025-02-12 16:08:53 | Simulation update: decoder round 556481, completed instructions: 6752/10045, actively running or decoding instructions: 5, waiting windows: 15/28119. Max active instruction index: 6749
2025-02-12 16:09:03 | Simulation update: decoder round 590091, completed instructions: 7068/10045, actively running or decoding instructions: 2, waiting windows: 12/30044. Max active instruction index: 7065
2025-02-12 16:09:13 | Simulation update: decoder round 652654, completed instructions: 7924/10045, actively running or decoding instructions: 5, waiting windows: 13/33472. Max active instruction index: 7921
2025-02-12 16:09:23 | Simulation update: decoder round 716872, completed instructions: 8836/10045, actively running or decoding instructions: 2, waiting windows: 26/36754. Max active instruction index: 8833
2025-02-12 16:09:33 | Simulation update: decoder round 757428, completed instructions: 9253/10045, actively running or decoding instructions: 5, waiting windows: 25/38715. Max active instruction index: 9249
2025-02-12 16:09:43 | Simulation update: decoder round 808628, completed instructions: 9993/10045, actively running or decoding instructions: 8, waiting windows: 25/41606. Max active instruction index: 9989
2025-02-12 16:09:44 | Finished simulation
2025-02-12 16:09:45 | Finished saving output. Done! Total elapsed time: 0:02:43.978920
