CONFIG 746
benchmark_file: slurm/data/20250212_155702/benchmarks/rz_seq_10_1e-10.lss
decoder_latency_or_dist_filename: slurm/data/20250212_155702/decoder_dists.json
distance: 27
lightweight_setting: 2
max_parallel_processes: None
missed_speculation_modifier: 1.4
poison_policy: successors
rng: 6
scheduling_method: aligned
speculation_accuracy: 0.9
speculation_latency: 1
speculation_mode: separate
2025-02-12 16:09:11 | Loading benchmark slurm/data/20250212_155702/benchmarks/rz_seq_10_1e-10.lss...
2025-02-12 16:09:12 | Starting simulation
2025-02-12 16:09:13 | Simulation update: decoder round 1, completed instructions: 0/10045, actively running or decoding instructions: 1, waiting windows: 0/0. Max active instruction index: 0
2025-02-12 16:09:23 | Simulation update: decoder round 76757, completed instructions: 1096/10045, actively running or decoding instructions: 2, waiting windows: 1681/3908. Max active instruction index: 1093
2025-02-12 16:09:33 | Simulation update: decoder round 153360, completed instructions: 2224/10045, actively running or decoding instructions: 1, waiting windows: 3363/7870. Max active instruction index: 2221
2025-02-12 16:09:43 | Simulation update: decoder round 228578, completed instructions: 3329/10045, actively running or decoding instructions: 5, waiting windows: 5076/11887. Max active instruction index: 3332
2025-02-12 16:09:53 | Simulation update: decoder round 302918, completed instructions: 4392/10045, actively running or decoding instructions: 8, waiting windows: 6771/15846. Max active instruction index: 4389
2025-02-12 16:10:03 | Simulation update: decoder round 379873, completed instructions: 5456/10045, actively running or decoding instructions: 2, waiting windows: 8459/19778. Max active instruction index: 5453
2025-02-12 16:10:13 | Simulation update: decoder round 456304, completed instructions: 6576/10045, actively running or decoding instructions: 8, waiting windows: 10153/23749. Max active instruction index: 6573
2025-02-12 16:10:23 | Simulation update: decoder round 530538, completed instructions: 7665/10045, actively running or decoding instructions: 5, waiting windows: 11871/27740. Max active instruction index: 7661
2025-02-12 16:10:33 | Simulation update: decoder round 602806, completed instructions: 8713/10045, actively running or decoding instructions: 5, waiting windows: 13512/31556. Max active instruction index: 8709
2025-02-12 16:10:43 | Simulation update: decoder round 676512, completed instructions: 9736/10045, actively running or decoding instructions: 5, waiting windows: 15095/35265. Max active instruction index: 9736
2025-02-12 16:10:46 | Finished simulation
2025-02-12 16:10:48 | Finished saving output. Done! Total elapsed time: 0:01:36.208193
