CONFIG 829
benchmark_file: slurm/data/20250212_155702/benchmarks/rz_1e-20.lss
decoder_latency_or_dist_filename: slurm/data/20250212_155702/decoder_dists.json
distance: 27
lightweight_setting: 2
max_parallel_processes: None
missed_speculation_modifier: 1.4
poison_policy: successors
rng: 9
scheduling_method: aligned
speculation_accuracy: 0.9
speculation_latency: 1
speculation_mode: separate
2025-02-12 16:17:50 | Loading benchmark slurm/data/20250212_155702/benchmarks/rz_1e-20.lss...
2025-02-12 16:17:50 | Starting simulation
2025-02-12 16:17:51 | Simulation update: decoder round 1, completed instructions: 0/2033, actively running or decoding instructions: 1, waiting windows: 0/0. Max active instruction index: 0
2025-02-12 16:18:01 | Simulation update: decoder round 76380, completed instructions: 920/2033, actively running or decoding instructions: 5, waiting windows: 1659/3794. Max active instruction index: 917
2025-02-12 16:18:11 | Simulation update: decoder round 151518, completed instructions: 2012/2033, actively running or decoding instructions: 8, waiting windows: 3334/7720. Max active instruction index: 2009
2025-02-12 16:18:11 | Finished simulation
2025-02-12 16:18:11 | Finished saving output. Done! Total elapsed time: 0:00:20.862501
