CONFIG 872
benchmark_file: slurm/data/20250212_155702/benchmarks/rz_seq_10_1e-10.lss
decoder_latency_or_dist_filename: slurm/data/20250212_155702/decoder_dists.json
distance: 15
lightweight_setting: 2
max_parallel_processes: None
missed_speculation_modifier: 1.4
poison_policy: successors
rng: 1
scheduling_method: parallel
speculation_accuracy: 0.9
speculation_latency: 1
speculation_mode: None
2025-02-12 16:19:44 | Loading benchmark slurm/data/20250212_155702/benchmarks/rz_seq_10_1e-10.lss...
2025-02-12 16:19:45 | Starting simulation
2025-02-12 16:19:46 | Simulation update: decoder round 1, completed instructions: 0/10045, actively running or decoding instructions: 1, waiting windows: 0/0. Max active instruction index: 0
2025-02-12 16:19:56 | Simulation update: decoder round 62081, completed instructions: 3200/10045, actively running or decoding instructions: 5, waiting windows: 2626/6528. Max active instruction index: 3197
2025-02-12 16:20:06 | Simulation update: decoder round 124861, completed instructions: 6472/10045, actively running or decoding instructions: 5, waiting windows: 5230/13035. Max active instruction index: 6469
2025-02-12 16:20:16 | Simulation update: decoder round 186371, completed instructions: 9600/10045, actively running or decoding instructions: 2, waiting windows: 7810/19448. Max active instruction index: 9597
2025-02-12 16:20:18 | Finished simulation
2025-02-12 16:20:18 | Finished saving output. Done! Total elapsed time: 0:00:33.781306
