CONFIG 979
benchmark_file: slurm/data/20250212_155702/benchmarks/qrom_15_15.lss
decoder_latency_or_dist_filename: slurm/data/20250212_155702/decoder_dists.json
distance: 27
lightweight_setting: 2
max_parallel_processes: None
missed_speculation_modifier: 1.4
poison_policy: successors
rng: 4
scheduling_method: parallel
speculation_accuracy: 0.9
speculation_latency: 1
speculation_mode: None
2025-02-12 16:22:35 | Loading benchmark slurm/data/20250212_155702/benchmarks/qrom_15_15.lss...
2025-02-12 16:22:35 | Starting simulation
2025-02-12 16:22:35 | Simulation update: decoder round 1, completed instructions: 0/1693, actively running or decoding instructions: 10, waiting windows: 0/0. Max active instruction index: 84
2025-02-12 16:22:45 | Simulation update: decoder round 3164, completed instructions: 274/1693, actively running or decoding instructions: 21, waiting windows: 1155/1966. Max active instruction index: 265
2025-02-12 16:22:55 | Simulation update: decoder round 6230, completed instructions: 591/1693, actively running or decoding instructions: 59, waiting windows: 2318/4175. Max active instruction index: 609
2025-02-12 16:23:05 | Simulation update: decoder round 10042, completed instructions: 968/1693, actively running or decoding instructions: 35, waiting windows: 3343/6634. Max active instruction index: 977
2025-02-12 16:23:15 | Simulation update: decoder round 18599, completed instructions: 1693/1693, actively running or decoding instructions: 20, waiting windows: 4397/9690. Max active instruction index: 1659
2025-02-12 16:23:16 | Finished simulation
2025-02-12 16:23:16 | Finished saving output. Done! Total elapsed time: 0:00:40.633996
