CONFIG 992
benchmark_file: slurm/data/20250212_155702/benchmarks/qpeexact_5.lss
decoder_latency_or_dist_filename: slurm/data/20250212_155702/decoder_dists.json
distance: 15
lightweight_setting: 2
max_parallel_processes: None
missed_speculation_modifier: 1.4
poison_policy: successors
rng: 5
scheduling_method: parallel
speculation_accuracy: 0.9
speculation_latency: 1
speculation_mode: None
2025-02-12 16:23:04 | Loading benchmark slurm/data/20250212_155702/benchmarks/qpeexact_5.lss...
2025-02-12 16:23:06 | Starting simulation
2025-02-12 16:23:10 | Simulation update: decoder round 1, completed instructions: 0/26601, actively running or decoding instructions: 1, waiting windows: 0/0. Max active instruction index: 0
2025-02-12 16:23:20 | Simulation update: decoder round 1299, completed instructions: 81/26601, actively running or decoding instructions: 5, waiting windows: 54/126. Max active instruction index: 77
2025-02-12 16:23:30 | Simulation update: decoder round 2630, completed instructions: 145/26601, actively running or decoding instructions: 5, waiting windows: 112/269. Max active instruction index: 145
2025-02-12 16:23:40 | Simulation update: decoder round 3955, completed instructions: 209/26601, actively running or decoding instructions: 3, waiting windows: 168/408. Max active instruction index: 205
2025-02-12 16:23:50 | Simulation update: decoder round 5307, completed instructions: 277/26601, actively running or decoding instructions: 8, waiting windows: 226/552. Max active instruction index: 273
2025-02-12 16:24:00 | Simulation update: decoder round 6685, completed instructions: 353/26601, actively running or decoding instructions: 5, waiting windows: 288/702. Max active instruction index: 349
2025-02-12 16:24:10 | Simulation update: decoder round 8091, completed instructions: 421/26601, actively running or decoding instructions: 5, waiting windows: 355/865. Max active instruction index: 421
2025-02-12 16:24:20 | Simulation update: decoder round 9529, completed instructions: 489/26601, actively running or decoding instructions: 4, waiting windows: 413/1011. Max active instruction index: 490
2025-02-12 16:24:30 | Simulation update: decoder round 10999, completed instructions: 565/26601, actively running or decoding instructions: 8, waiting windows: 487/1183. Max active instruction index: 561
2025-02-12 16:24:40 | Simulation update: decoder round 12601, completed instructions: 652/26601, actively running or decoding instructions: 5, waiting windows: 545/1336. Max active instruction index: 649
2025-02-12 16:24:50 | Simulation update: decoder round 14165, completed instructions: 728/26601, actively running or decoding instructions: 4, waiting windows: 599/1476. Max active instruction index: 728
2025-02-12 16:25:00 | Simulation update: decoder round 15763, completed instructions: 808/26601, actively running or decoding instructions: 5, waiting windows: 658/1638. Max active instruction index: 805
2025-02-12 16:25:10 | Simulation update: decoder round 17409, completed instructions: 893/26601, actively running or decoding instructions: 2, waiting windows: 729/1806. Max active instruction index: 889
2025-02-12 16:25:20 | Simulation update: decoder round 19084, completed instructions: 977/26601, actively running or decoding instructions: 2, waiting windows: 800/1981. Max active instruction index: 973
2025-02-12 16:25:30 | Simulation update: decoder round 20802, completed instructions: 1148/26601, actively running or decoding instructions: 6, waiting windows: 981/2394. Max active instruction index: 2155
2025-02-12 16:25:40 | Simulation update: decoder round 22619, completed instructions: 1350/26601, actively running or decoding instructions: 12, waiting windows: 1198/2901. Max active instruction index: 2347
2025-02-12 16:25:50 | Simulation update: decoder round 24594, completed instructions: 1564/26601, actively running or decoding instructions: 6, waiting windows: 1428/3449. Max active instruction index: 2551
2025-02-12 16:26:00 | Simulation update: decoder round 26754, completed instructions: 1784/26601, actively running or decoding instructions: 10, waiting windows: 1677/4041. Max active instruction index: 2771
2025-02-12 16:26:10 | Simulation update: decoder round 29211, completed instructions: 2049/26601, actively running or decoding instructions: 9, waiting windows: 1955/4696. Max active instruction index: 3047
2025-02-12 16:26:20 | Simulation update: decoder round 32008, completed instructions: 2312/26601, actively running or decoding instructions: 9, waiting windows: 2286/5468. Max active instruction index: 3319
2025-02-12 16:26:30 | Simulation update: decoder round 35379, completed instructions: 2649/26601, actively running or decoding instructions: 6, waiting windows: 2679/6395. Max active instruction index: 3659
2025-02-12 16:26:40 | Simulation update: decoder round 38920, completed instructions: 3034/26601, actively running or decoding instructions: 15, waiting windows: 3061/7310. Max active instruction index: 4024
2025-02-12 16:26:50 | Simulation update: decoder round 40047, completed instructions: 3087/26601, actively running or decoding instructions: 8, waiting windows: 3150/7507. Max active instruction index: 2147
2025-02-12 16:27:00 | Simulation update: decoder round 41182, completed instructions: 3139/26601, actively running or decoding instructions: 5, waiting windows: 3242/7714. Max active instruction index: 2247
2025-02-12 16:27:10 | Simulation update: decoder round 42333, completed instructions: 3195/26601, actively running or decoding instructions: 2, waiting windows: 3339/7932. Max active instruction index: 2363
2025-02-12 16:27:20 | Simulation update: decoder round 43549, completed instructions: 3262/26601, actively running or decoding instructions: 5, waiting windows: 3430/8144. Max active instruction index: 2499
2025-02-12 16:27:30 | Simulation update: decoder round 44764, completed instructions: 3322/26601, actively running or decoding instructions: 2, waiting windows: 3535/8366. Max active instruction index: 2623
2025-02-12 16:27:40 | Simulation update: decoder round 45974, completed instructions: 3394/26601, actively running or decoding instructions: 8, waiting windows: 3618/8563. Max active instruction index: 2759
2025-02-12 16:27:50 | Simulation update: decoder round 47214, completed instructions: 3454/26601, actively running or decoding instructions: 2, waiting windows: 3709/8778. Max active instruction index: 2887
2025-02-12 16:28:00 | Simulation update: decoder round 48496, completed instructions: 3527/26601, actively running or decoding instructions: 5, waiting windows: 3801/8988. Max active instruction index: 3035
2025-02-12 16:28:10 | Simulation update: decoder round 49791, completed instructions: 3590/26601, actively running or decoding instructions: 5, waiting windows: 3912/9230. Max active instruction index: 3155
2025-02-12 16:28:20 | Simulation update: decoder round 51094, completed instructions: 3666/26601, actively running or decoding instructions: 5, waiting windows: 4004/9440. Max active instruction index: 3307
2025-02-12 16:28:30 | Simulation update: decoder round 52424, completed instructions: 3730/26601, actively running or decoding instructions: 2, waiting windows: 4103/9668. Max active instruction index: 3438
2025-02-12 16:28:40 | Simulation update: decoder round 53775, completed instructions: 3803/26601, actively running or decoding instructions: 5, waiting windows: 4202/9891. Max active instruction index: 3575
2025-02-12 16:28:50 | Simulation update: decoder round 55164, completed instructions: 3875/26601, actively running or decoding instructions: 5, waiting windows: 4312/10136. Max active instruction index: 3727
2025-02-12 16:29:00 | Simulation update: decoder round 56583, completed instructions: 3942/26601, actively running or decoding instructions: 2, waiting windows: 4413/10376. Max active instruction index: 3866
2025-02-12 16:29:10 | Simulation update: decoder round 57970, completed instructions: 4043/26601, actively running or decoding instructions: 13, waiting windows: 4534/10631. Max active instruction index: 5019
2025-02-12 16:29:20 | Simulation update: decoder round 58341, completed instructions: 4101/26601, actively running or decoding instructions: 9, waiting windows: 4591/10778. Max active instruction index: 5074
2025-02-12 16:29:30 | Simulation update: decoder round 58714, completed instructions: 4141/26601, actively running or decoding instructions: 3, waiting windows: 4666/10941. Max active instruction index: 5114
2025-02-12 16:29:40 | Simulation update: decoder round 59089, completed instructions: 4174/26601, actively running or decoding instructions: 4, waiting windows: 4736/11100. Max active instruction index: 5150
2025-02-12 16:29:50 | Simulation update: decoder round 59459, completed instructions: 4213/26601, actively running or decoding instructions: 3, waiting windows: 4807/11259. Max active instruction index: 5186
2025-02-12 16:30:00 | Simulation update: decoder round 59852, completed instructions: 4269/26601, actively running or decoding instructions: 7, waiting windows: 4895/11440. Max active instruction index: 5244
2025-02-12 16:30:10 | Simulation update: decoder round 60227, completed instructions: 4304/26601, actively running or decoding instructions: 3, waiting windows: 4976/11620. Max active instruction index: 5280
2025-02-12 16:30:20 | Simulation update: decoder round 60603, completed instructions: 4340/26601, actively running or decoding instructions: 3, waiting windows: 5058/11797. Max active instruction index: 5316
2025-02-12 16:30:30 | Simulation update: decoder round 60981, completed instructions: 4383/26601, actively running or decoding instructions: 9, waiting windows: 5133/11960. Max active instruction index: 5364
2025-02-12 16:30:40 | Simulation update: decoder round 61361, completed instructions: 4418/26601, actively running or decoding instructions: 12, waiting windows: 5193/12108. Max active instruction index: 5407
2025-02-12 16:30:50 | Simulation update: decoder round 61740, completed instructions: 4466/26601, actively running or decoding instructions: 6, waiting windows: 5259/12260. Max active instruction index: 5455
2025-02-12 16:31:00 | Simulation update: decoder round 62123, completed instructions: 4505/26601, actively running or decoding instructions: 7, waiting windows: 5325/12413. Max active instruction index: 5486
2025-02-12 16:31:10 | Simulation update: decoder round 62506, completed instructions: 4549/26601, actively running or decoding instructions: 6, waiting windows: 5397/12575. Max active instruction index: 5526
2025-02-12 16:31:20 | Simulation update: decoder round 62892, completed instructions: 4597/26601, actively running or decoding instructions: 9, waiting windows: 5468/12728. Max active instruction index: 5578
2025-02-12 16:31:30 | Simulation update: decoder round 63277, completed instructions: 4638/26601, actively running or decoding instructions: 3, waiting windows: 5549/12900. Max active instruction index: 5618
2025-02-12 16:31:40 | Simulation update: decoder round 63664, completed instructions: 4685/26601, actively running or decoding instructions: 12, waiting windows: 5615/13059. Max active instruction index: 5658
2025-02-12 16:31:50 | Simulation update: decoder round 64052, completed instructions: 4724/26601, actively running or decoding instructions: 9, waiting windows: 5686/13222. Max active instruction index: 5710
2025-02-12 16:32:00 | Simulation update: decoder round 64442, completed instructions: 4764/26601, actively running or decoding instructions: 12, waiting windows: 5754/13376. Max active instruction index: 5761
2025-02-12 16:32:10 | Simulation update: decoder round 64833, completed instructions: 4816/26601, actively running or decoding instructions: 12, waiting windows: 5823/13536. Max active instruction index: 5810
2025-02-12 16:32:20 | Simulation update: decoder round 65223, completed instructions: 4861/26601, actively running or decoding instructions: 9, waiting windows: 5900/13708. Max active instruction index: 5857
2025-02-12 16:32:30 | Simulation update: decoder round 65635, completed instructions: 4905/26601, actively running or decoding instructions: 9, waiting windows: 5975/13884. Max active instruction index: 5909
2025-02-12 16:32:40 | Simulation update: decoder round 66029, completed instructions: 4944/26601, actively running or decoding instructions: 6, waiting windows: 6051/14051. Max active instruction index: 5953
2025-02-12 16:32:50 | Simulation update: decoder round 66426, completed instructions: 5001/26601, actively running or decoding instructions: 9, waiting windows: 6126/14221. Max active instruction index: 5998
2025-02-12 16:33:00 | Simulation update: decoder round 66825, completed instructions: 5045/26601, actively running or decoding instructions: 6, waiting windows: 6199/14386. Max active instruction index: 6042
2025-02-12 16:33:10 | Simulation update: decoder round 67223, completed instructions: 5082/26601, actively running or decoding instructions: 9, waiting windows: 6271/14545. Max active instruction index: 6074
2025-02-12 16:33:20 | Simulation update: decoder round 67622, completed instructions: 5117/26601, actively running or decoding instructions: 9, waiting windows: 6342/14707. Max active instruction index: 6114
2025-02-12 16:33:30 | Simulation update: decoder round 68023, completed instructions: 5161/26601, actively running or decoding instructions: 9, waiting windows: 6413/14864. Max active instruction index: 6166
2025-02-12 16:33:40 | Simulation update: decoder round 68407, completed instructions: 5199/26601, actively running or decoding instructions: 13, waiting windows: 6477/15016. Max active instruction index: 6209
2025-02-12 16:33:50 | Simulation update: decoder round 68812, completed instructions: 5243/26601, actively running or decoding instructions: 9, waiting windows: 6543/15174. Max active instruction index: 6236
2025-02-12 16:34:00 | Simulation update: decoder round 69218, completed instructions: 5289/26601, actively running or decoding instructions: 12, waiting windows: 6624/15347. Max active instruction index: 6298
2025-02-12 16:34:10 | Simulation update: decoder round 69622, completed instructions: 5338/26601, actively running or decoding instructions: 6, waiting windows: 6707/15538. Max active instruction index: 6338
2025-02-12 16:34:20 | Simulation update: decoder round 70031, completed instructions: 5385/26601, actively running or decoding instructions: 12, waiting windows: 6781/15709. Max active instruction index: 6382
2025-02-12 16:34:30 | Simulation update: decoder round 70442, completed instructions: 5425/26601, actively running or decoding instructions: 6, waiting windows: 6854/15875. Max active instruction index: 6422
2025-02-12 16:34:40 | Simulation update: decoder round 70852, completed instructions: 5474/26601, actively running or decoding instructions: 7, waiting windows: 6924/16050. Max active instruction index: 6466
2025-02-12 16:34:50 | Simulation update: decoder round 71258, completed instructions: 5527/26601, actively running or decoding instructions: 7, waiting windows: 7013/16234. Max active instruction index: 6524
2025-02-12 16:35:00 | Simulation update: decoder round 71695, completed instructions: 5583/26601, actively running or decoding instructions: 6, waiting windows: 7096/16422. Max active instruction index: 6572
2025-02-12 16:35:10 | Simulation update: decoder round 72108, completed instructions: 5636/26601, actively running or decoding instructions: 6, waiting windows: 7165/16591. Max active instruction index: 6624
2025-02-12 16:35:20 | Simulation update: decoder round 72525, completed instructions: 5683/26601, actively running or decoding instructions: 12, waiting windows: 7237/16759. Max active instruction index: 6668
2025-02-12 16:35:30 | Simulation update: decoder round 72945, completed instructions: 5736/26601, actively running or decoding instructions: 12, waiting windows: 7316/16937. Max active instruction index: 6734
2025-02-12 16:35:40 | Simulation update: decoder round 73365, completed instructions: 5785/26601, actively running or decoding instructions: 9, waiting windows: 7396/17123. Max active instruction index: 6778
2025-02-12 16:35:51 | Simulation update: decoder round 73786, completed instructions: 5833/26601, actively running or decoding instructions: 9, waiting windows: 7468/17287. Max active instruction index: 6826
2025-02-12 16:36:01 | Simulation update: decoder round 74210, completed instructions: 5881/26601, actively running or decoding instructions: 6, waiting windows: 7553/17470. Max active instruction index: 6866
2025-02-12 16:36:11 | Simulation update: decoder round 74635, completed instructions: 5925/26601, actively running or decoding instructions: 3, waiting windows: 7631/17652. Max active instruction index: 6931
2025-02-12 16:36:21 | Simulation update: decoder round 75062, completed instructions: 5984/26601, actively running or decoding instructions: 12, waiting windows: 7716/17837. Max active instruction index: 6992
2025-02-12 16:36:31 | Simulation update: decoder round 75489, completed instructions: 6031/26601, actively running or decoding instructions: 9, waiting windows: 7791/18006. Max active instruction index: 7032
2025-02-12 16:36:41 | Simulation update: decoder round 75918, completed instructions: 6083/26601, actively running or decoding instructions: 9, waiting windows: 7864/18174. Max active instruction index: 7088
2025-02-12 16:36:51 | Simulation update: decoder round 76348, completed instructions: 6131/26601, actively running or decoding instructions: 10, waiting windows: 7932/18344. Max active instruction index: 7132
2025-02-12 16:37:01 | Simulation update: decoder round 76781, completed instructions: 6180/26601, actively running or decoding instructions: 6, waiting windows: 8012/18522. Max active instruction index: 7176
2025-02-12 16:37:11 | Simulation update: decoder round 77218, completed instructions: 6244/26601, actively running or decoding instructions: 12, waiting windows: 8078/18684. Max active instruction index: 7226
2025-02-12 16:37:21 | Simulation update: decoder round 77656, completed instructions: 6287/26601, actively running or decoding instructions: 7, waiting windows: 8134/18830. Max active instruction index: 7254
2025-02-12 16:37:31 | Simulation update: decoder round 78091, completed instructions: 6333/26601, actively running or decoding instructions: 5, waiting windows: 8211/18994. Max active instruction index: 7285
2025-02-12 16:37:41 | Simulation update: decoder round 78552, completed instructions: 6393/26601, actively running or decoding instructions: 6, waiting windows: 8289/19170. Max active instruction index: 7316
2025-02-12 16:37:51 | Simulation update: decoder round 78995, completed instructions: 6437/26601, actively running or decoding instructions: 7, waiting windows: 8347/19318. Max active instruction index: 7336
2025-02-12 16:38:01 | Simulation update: decoder round 79439, completed instructions: 6490/26601, actively running or decoding instructions: 9, waiting windows: 8414/19474. Max active instruction index: 7360
2025-02-12 16:38:11 | Simulation update: decoder round 79887, completed instructions: 6545/26601, actively running or decoding instructions: 6, waiting windows: 8476/19619. Max active instruction index: 7393
2025-02-12 16:38:21 | Simulation update: decoder round 80338, completed instructions: 6611/26601, actively running or decoding instructions: 6, waiting windows: 8554/19788. Max active instruction index: 7422
2025-02-12 16:38:31 | Simulation update: decoder round 80790, completed instructions: 6663/26601, actively running or decoding instructions: 7, waiting windows: 8611/19937. Max active instruction index: 7450
2025-02-12 16:38:41 | Simulation update: decoder round 81243, completed instructions: 6717/26601, actively running or decoding instructions: 3, waiting windows: 8689/20110. Max active instruction index: 7488
2025-02-12 16:38:51 | Simulation update: decoder round 81698, completed instructions: 6769/26601, actively running or decoding instructions: 6, waiting windows: 8748/20259. Max active instruction index: 7516
2025-02-12 16:39:01 | Simulation update: decoder round 82154, completed instructions: 6818/26601, actively running or decoding instructions: 4, waiting windows: 8816/20413. Max active instruction index: 7544
2025-02-12 16:39:11 | Simulation update: decoder round 82612, completed instructions: 6879/26601, actively running or decoding instructions: 9, waiting windows: 8885/20571. Max active instruction index: 7586
2025-02-12 16:39:21 | Simulation update: decoder round 83071, completed instructions: 6963/26601, actively running or decoding instructions: 26, waiting windows: 8976/20773. Max active instruction index: 7724
2025-02-12 16:39:31 | Simulation update: decoder round 83531, completed instructions: 7015/26601, actively running or decoding instructions: 2, waiting windows: 9049/20966. Max active instruction index: 5772
2025-02-12 16:39:41 | Simulation update: decoder round 83995, completed instructions: 7039/26601, actively running or decoding instructions: 8, waiting windows: 9128/21132. Max active instruction index: 5824
2025-02-12 16:39:51 | Simulation update: decoder round 84460, completed instructions: 7063/26601, actively running or decoding instructions: 8, waiting windows: 9206/21302. Max active instruction index: 5872
2025-02-12 16:40:01 | Simulation update: decoder round 84926, completed instructions: 7087/26601, actively running or decoding instructions: 5, waiting windows: 9281/21469. Max active instruction index: 5924
2025-02-12 16:40:11 | Simulation update: decoder round 85388, completed instructions: 7112/26601, actively running or decoding instructions: 6, waiting windows: 9366/21644. Max active instruction index: 5982
2025-02-12 16:40:21 | Simulation update: decoder round 85894, completed instructions: 7135/26601, actively running or decoding instructions: 5, waiting windows: 9455/21835. Max active instruction index: 6034
2025-02-12 16:40:31 | Simulation update: decoder round 86366, completed instructions: 7164/26601, actively running or decoding instructions: 2, waiting windows: 9546/22013. Max active instruction index: 6106
2025-02-12 16:40:41 | Simulation update: decoder round 86838, completed instructions: 7192/26601, actively running or decoding instructions: 5, waiting windows: 9627/22191. Max active instruction index: 6154
2025-02-12 16:40:51 | Simulation update: decoder round 87315, completed instructions: 7215/26601, actively running or decoding instructions: 5, waiting windows: 9711/22371. Max active instruction index: 6206
2025-02-12 16:41:01 | Simulation update: decoder round 87792, completed instructions: 7239/26601, actively running or decoding instructions: 6, waiting windows: 9792/22542. Max active instruction index: 6264
2025-02-12 16:41:11 | Simulation update: decoder round 88261, completed instructions: 7271/26601, actively running or decoding instructions: 8, waiting windows: 9880/22722. Max active instruction index: 6330
2025-02-12 16:41:21 | Simulation update: decoder round 88735, completed instructions: 7291/26601, actively running or decoding instructions: 2, waiting windows: 9958/22896. Max active instruction index: 6370
2025-02-12 16:41:31 | Simulation update: decoder round 89209, completed instructions: 7315/26601, actively running or decoding instructions: 5, waiting windows: 10041/23069. Max active instruction index: 6432
2025-02-12 16:41:41 | Simulation update: decoder round 89684, completed instructions: 7335/26601, actively running or decoding instructions: 5, waiting windows: 10119/23240. Max active instruction index: 6476
2025-02-12 16:41:51 | Simulation update: decoder round 90158, completed instructions: 7363/26601, actively running or decoding instructions: 2, waiting windows: 10209/23423. Max active instruction index: 6534
2025-02-12 16:42:01 | Simulation update: decoder round 90634, completed instructions: 7387/26601, actively running or decoding instructions: 8, waiting windows: 10288/23596. Max active instruction index: 6586
2025-02-12 16:42:11 | Simulation update: decoder round 91111, completed instructions: 7411/26601, actively running or decoding instructions: 8, waiting windows: 10366/23767. Max active instruction index: 6638
2025-02-12 16:42:21 | Simulation update: decoder round 91590, completed instructions: 7427/26601, actively running or decoding instructions: 2, waiting windows: 10454/23946. Max active instruction index: 6678
2025-02-12 16:42:31 | Simulation update: decoder round 92070, completed instructions: 7459/26601, actively running or decoding instructions: 8, waiting windows: 10544/24131. Max active instruction index: 6748
2025-02-12 16:42:41 | Simulation update: decoder round 92548, completed instructions: 7479/26601, actively running or decoding instructions: 5, waiting windows: 10620/24300. Max active instruction index: 6788
2025-02-12 16:42:51 | Simulation update: decoder round 93054, completed instructions: 7507/26601, actively running or decoding instructions: 8, waiting windows: 10710/24485. Max active instruction index: 6848
2025-02-12 16:43:01 | Simulation update: decoder round 93538, completed instructions: 7527/26601, actively running or decoding instructions: 2, waiting windows: 10790/24665. Max active instruction index: 6892
2025-02-12 16:43:11 | Simulation update: decoder round 94025, completed instructions: 7559/26601, actively running or decoding instructions: 5, waiting windows: 10877/24842. Max active instruction index: 6962
2025-02-12 16:43:21 | Simulation update: decoder round 94513, completed instructions: 7583/26601, actively running or decoding instructions: 8, waiting windows: 10957/25020. Max active instruction index: 7014
2025-02-12 16:43:31 | Simulation update: decoder round 94999, completed instructions: 7608/26601, actively running or decoding instructions: 6, waiting windows: 11044/25199. Max active instruction index: 7072
2025-02-12 16:43:41 | Simulation update: decoder round 95489, completed instructions: 7632/26601, actively running or decoding instructions: 2, waiting windows: 11137/25389. Max active instruction index: 7128
2025-02-12 16:43:51 | Simulation update: decoder round 95980, completed instructions: 7656/26601, actively running or decoding instructions: 8, waiting windows: 11221/25569. Max active instruction index: 7172
2025-02-12 16:44:01 | Simulation update: decoder round 96442, completed instructions: 7719/26601, actively running or decoding instructions: 22, waiting windows: 11320/25772. Max active instruction index: 7726
2025-02-12 16:44:11 | Simulation update: decoder round 96760, completed instructions: 7793/26601, actively running or decoding instructions: 18, waiting windows: 11370/25926. Max active instruction index: 7851
2025-02-12 16:44:21 | Simulation update: decoder round 97082, completed instructions: 7846/26601, actively running or decoding instructions: 13, waiting windows: 11420/26054. Max active instruction index: 7923
2025-02-12 16:44:31 | Simulation update: decoder round 97406, completed instructions: 7917/26601, actively running or decoding instructions: 10, waiting windows: 11480/26193. Max active instruction index: 7953
2025-02-12 16:44:41 | Simulation update: decoder round 97729, completed instructions: 7967/26601, actively running or decoding instructions: 7, waiting windows: 11521/26309. Max active instruction index: 8037
2025-02-12 16:44:51 | Simulation update: decoder round 98048, completed instructions: 8032/26601, actively running or decoding instructions: 10, waiting windows: 11574/26438. Max active instruction index: 8079
2025-02-12 16:45:01 | Simulation update: decoder round 98392, completed instructions: 8111/26601, actively running or decoding instructions: 16, waiting windows: 11637/26581. Max active instruction index: 8163
2025-02-12 16:45:11 | Simulation update: decoder round 98718, completed instructions: 8149/26601, actively running or decoding instructions: 13, waiting windows: 11668/26691. Max active instruction index: 8193
2025-02-12 16:45:21 | Simulation update: decoder round 99046, completed instructions: 8225/26601, actively running or decoding instructions: 14, waiting windows: 11730/26824. Max active instruction index: 8298
2025-02-12 16:45:31 | Simulation update: decoder round 99379, completed instructions: 8276/26601, actively running or decoding instructions: 13, waiting windows: 11765/26945. Max active instruction index: 8341
2025-02-12 16:45:41 | Simulation update: decoder round 99714, completed instructions: 8332/26601, actively running or decoding instructions: 9, waiting windows: 11828/27090. Max active instruction index: 8293
2025-02-12 16:45:51 | Simulation update: decoder round 100048, completed instructions: 8397/26601, actively running or decoding instructions: 10, waiting windows: 11888/27239. Max active instruction index: 8439
2025-02-12 16:46:01 | Simulation update: decoder round 100385, completed instructions: 8448/26601, actively running or decoding instructions: 14, waiting windows: 11936/27370. Max active instruction index: 8477
2025-02-12 16:46:11 | Simulation update: decoder round 100719, completed instructions: 8502/26601, actively running or decoding instructions: 10, waiting windows: 11999/27518. Max active instruction index: 8541
2025-02-12 16:46:21 | Simulation update: decoder round 101055, completed instructions: 8573/26601, actively running or decoding instructions: 16, waiting windows: 12057/27655. Max active instruction index: 8623
2025-02-12 16:46:31 | Simulation update: decoder round 101394, completed instructions: 8619/26601, actively running or decoding instructions: 4, waiting windows: 12101/27783. Max active instruction index: 8653
2025-02-12 16:46:41 | Simulation update: decoder round 101733, completed instructions: 8686/26601, actively running or decoding instructions: 8, waiting windows: 12166/27930. Max active instruction index: 8725
2025-02-12 16:46:51 | Simulation update: decoder round 102077, completed instructions: 8745/26601, actively running or decoding instructions: 13, waiting windows: 12216/28062. Max active instruction index: 8796
2025-02-12 16:47:01 | Simulation update: decoder round 102419, completed instructions: 8805/26601, actively running or decoding instructions: 12, waiting windows: 12268/28197. Max active instruction index: 8843
2025-02-12 16:47:11 | Simulation update: decoder round 102764, completed instructions: 8872/26601, actively running or decoding instructions: 19, waiting windows: 12330/28342. Max active instruction index: 8915
2025-02-12 16:47:21 | Simulation update: decoder round 103111, completed instructions: 8933/26601, actively running or decoding instructions: 13, waiting windows: 12388/28491. Max active instruction index: 8957
2025-02-12 16:47:31 | Simulation update: decoder round 103470, completed instructions: 8999/26601, actively running or decoding instructions: 14, waiting windows: 12437/28628. Max active instruction index: 9035
2025-02-12 16:47:41 | Simulation update: decoder round 103818, completed instructions: 9062/26601, actively running or decoding instructions: 11, waiting windows: 12507/28781. Max active instruction index: 9101
2025-02-12 16:47:51 | Simulation update: decoder round 104167, completed instructions: 9111/26601, actively running or decoding instructions: 10, waiting windows: 12547/28910. Max active instruction index: 9172
2025-02-12 16:48:01 | Simulation update: decoder round 104520, completed instructions: 9182/26601, actively running or decoding instructions: 6, waiting windows: 12605/29052. Max active instruction index: 9217
2025-02-12 16:48:11 | Simulation update: decoder round 104875, completed instructions: 9245/26601, actively running or decoding instructions: 10, waiting windows: 12660/29196. Max active instruction index: 9279
2025-02-12 16:48:21 | Simulation update: decoder round 105229, completed instructions: 9321/26601, actively running or decoding instructions: 13, waiting windows: 12716/29343. Max active instruction index: 9361
2025-02-12 16:48:31 | Simulation update: decoder round 105584, completed instructions: 9393/26601, actively running or decoding instructions: 16, waiting windows: 12777/29480. Max active instruction index: 9437
2025-02-12 16:48:41 | Simulation update: decoder round 105943, completed instructions: 9458/26601, actively running or decoding instructions: 13, waiting windows: 12824/29616. Max active instruction index: 9508
2025-02-12 16:48:51 | Simulation update: decoder round 106303, completed instructions: 9517/26601, actively running or decoding instructions: 8, waiting windows: 12874/29750. Max active instruction index: 9547
2025-02-12 16:49:01 | Simulation update: decoder round 106664, completed instructions: 9586/26601, actively running or decoding instructions: 8, waiting windows: 12940/29899. Max active instruction index: 9605
2025-02-12 16:49:11 | Simulation update: decoder round 107027, completed instructions: 9654/26601, actively running or decoding instructions: 10, waiting windows: 13004/30047. Max active instruction index: 9669
2025-02-12 16:49:21 | Simulation update: decoder round 107394, completed instructions: 9717/26601, actively running or decoding instructions: 10, waiting windows: 13067/30203. Max active instruction index: 9733
2025-02-12 16:49:31 | Simulation update: decoder round 107760, completed instructions: 9782/26601, actively running or decoding instructions: 10, waiting windows: 13119/30342. Max active instruction index: 9805
2025-02-12 16:49:41 | Simulation update: decoder round 108140, completed instructions: 9836/26601, actively running or decoding instructions: 4, waiting windows: 13171/30487. Max active instruction index: 9873
2025-02-12 16:49:51 | Simulation update: decoder round 108515, completed instructions: 9907/26601, actively running or decoding instructions: 10, waiting windows: 13233/30631. Max active instruction index: 9948
2025-02-12 16:50:01 | Simulation update: decoder round 108886, completed instructions: 9970/26601, actively running or decoding instructions: 12, waiting windows: 13282/30770. Max active instruction index: 9995
2025-02-12 16:50:11 | Simulation update: decoder round 109261, completed instructions: 10042/26601, actively running or decoding instructions: 10, waiting windows: 13346/30922. Max active instruction index: 10059
2025-02-12 16:50:22 | Simulation update: decoder round 109637, completed instructions: 10105/26601, actively running or decoding instructions: 13, waiting windows: 13401/31071. Max active instruction index: 10119
2025-02-12 16:50:32 | Simulation update: decoder round 110019, completed instructions: 10174/26601, actively running or decoding instructions: 10, waiting windows: 13465/31225. Max active instruction index: 10191
2025-02-12 16:50:42 | Simulation update: decoder round 110402, completed instructions: 10238/26601, actively running or decoding instructions: 13, waiting windows: 13511/31364. Max active instruction index: 10278
2025-02-12 16:50:52 | Simulation update: decoder round 110783, completed instructions: 10316/26601, actively running or decoding instructions: 10, waiting windows: 13585/31530. Max active instruction index: 10317
2025-02-12 16:51:02 | Simulation update: decoder round 111166, completed instructions: 10381/26601, actively running or decoding instructions: 5, waiting windows: 13653/31698. Max active instruction index: 10381
2025-02-12 16:51:12 | Simulation update: decoder round 111551, completed instructions: 10445/26601, actively running or decoding instructions: 7, waiting windows: 13720/31860. Max active instruction index: 10441
2025-02-12 16:51:22 | Simulation update: decoder round 111939, completed instructions: 10514/26601, actively running or decoding instructions: 14, waiting windows: 13778/32009. Max active instruction index: 10532
2025-02-12 16:51:32 | Simulation update: decoder round 112329, completed instructions: 10570/26601, actively running or decoding instructions: 16, waiting windows: 13842/32168. Max active instruction index: 10576
2025-02-12 16:51:42 | Simulation update: decoder round 112721, completed instructions: 10647/26601, actively running or decoding instructions: 16, waiting windows: 13909/32329. Max active instruction index: 10648
2025-02-12 16:51:52 | Simulation update: decoder round 113115, completed instructions: 10719/26601, actively running or decoding instructions: 13, waiting windows: 13972/32492. Max active instruction index: 10723
2025-02-12 16:52:02 | Simulation update: decoder round 113516, completed instructions: 10793/26601, actively running or decoding instructions: 10, waiting windows: 14038/32661. Max active instruction index: 10793
2025-02-12 16:52:12 | Simulation update: decoder round 113925, completed instructions: 10869/26601, actively running or decoding instructions: 16, waiting windows: 14098/32816. Max active instruction index: 10873
2025-02-12 16:52:22 | Simulation update: decoder round 114331, completed instructions: 10949/26601, actively running or decoding instructions: 13, waiting windows: 14154/32967. Max active instruction index: 10959
2025-02-12 16:52:32 | Simulation update: decoder round 114735, completed instructions: 11019/26601, actively running or decoding instructions: 13, waiting windows: 14208/33117. Max active instruction index: 11047
2025-02-12 16:52:42 | Simulation update: decoder round 115139, completed instructions: 11090/26601, actively running or decoding instructions: 10, waiting windows: 14276/33278. Max active instruction index: 11115
2025-02-12 16:52:52 | Simulation update: decoder round 115547, completed instructions: 11174/26601, actively running or decoding instructions: 16, waiting windows: 14341/33435. Max active instruction index: 11185
2025-02-12 16:53:02 | Simulation update: decoder round 115956, completed instructions: 11261/26601, actively running or decoding instructions: 22, waiting windows: 14407/33602. Max active instruction index: 11302
2025-02-12 16:53:12 | Simulation update: decoder round 116372, completed instructions: 11306/26601, actively running or decoding instructions: 12, waiting windows: 14457/33745. Max active instruction index: 11309
2025-02-12 16:53:22 | Simulation update: decoder round 116786, completed instructions: 11353/26601, actively running or decoding instructions: 10, waiting windows: 14511/33885. Max active instruction index: 11364
2025-02-12 16:53:32 | Simulation update: decoder round 117204, completed instructions: 11405/26601, actively running or decoding instructions: 4, waiting windows: 14566/34024. Max active instruction index: 11420
2025-02-12 16:53:42 | Simulation update: decoder round 117627, completed instructions: 11441/26601, actively running or decoding instructions: 5, waiting windows: 14624/34154. Max active instruction index: 11433
2025-02-12 16:53:52 | Simulation update: decoder round 118050, completed instructions: 11466/26601, actively running or decoding instructions: 4, waiting windows: 14680/34280. Max active instruction index: 11466
2025-02-12 16:54:02 | Simulation update: decoder round 118474, completed instructions: 11485/26601, actively running or decoding instructions: 2, waiting windows: 14737/34403. Max active instruction index: 11481
2025-02-12 16:54:12 | Simulation update: decoder round 118900, completed instructions: 11513/26601, actively running or decoding instructions: 2, waiting windows: 14806/34542. Max active instruction index: 11509
2025-02-12 16:54:22 | Simulation update: decoder round 119328, completed instructions: 11533/26601, actively running or decoding instructions: 5, waiting windows: 14860/34665. Max active instruction index: 11529
2025-02-12 16:54:32 | Simulation update: decoder round 119749, completed instructions: 11558/26601, actively running or decoding instructions: 5, waiting windows: 14923/34797. Max active instruction index: 11553
2025-02-12 16:54:42 | Simulation update: decoder round 120200, completed instructions: 11585/26601, actively running or decoding instructions: 5, waiting windows: 14986/34937. Max active instruction index: 11581
2025-02-12 16:54:52 | Simulation update: decoder round 120627, completed instructions: 11605/26601, actively running or decoding instructions: 2, waiting windows: 15048/35072. Max active instruction index: 11601
2025-02-12 16:55:02 | Simulation update: decoder round 121056, completed instructions: 11625/26601, actively running or decoding instructions: 5, waiting windows: 15108/35196. Max active instruction index: 11621
2025-02-12 16:55:12 | Simulation update: decoder round 121485, completed instructions: 11649/26601, actively running or decoding instructions: 6, waiting windows: 15168/35324. Max active instruction index: 11645
2025-02-12 16:55:22 | Simulation update: decoder round 121914, completed instructions: 11691/26601, actively running or decoding instructions: 11, waiting windows: 15242/35479. Max active instruction index: 12974
2025-02-12 16:55:32 | Simulation update: decoder round 122345, completed instructions: 11719/26601, actively running or decoding instructions: 8, waiting windows: 15315/35640. Max active instruction index: 11715
2025-02-12 16:55:42 | Simulation update: decoder round 122777, completed instructions: 11738/26601, actively running or decoding instructions: 2, waiting windows: 15395/35803. Max active instruction index: 11731
2025-02-12 16:55:52 | Simulation update: decoder round 123212, completed instructions: 11758/26601, actively running or decoding instructions: 5, waiting windows: 15465/35959. Max active instruction index: 11751
2025-02-12 16:56:02 | Simulation update: decoder round 123645, completed instructions: 11783/26601, actively running or decoding instructions: 2, waiting windows: 15555/36135. Max active instruction index: 11775
2025-02-12 16:56:12 | Simulation update: decoder round 124079, completed instructions: 11802/26601, actively running or decoding instructions: 8, waiting windows: 15625/36298. Max active instruction index: 11795
2025-02-12 16:56:22 | Simulation update: decoder round 124511, completed instructions: 11822/26601, actively running or decoding instructions: 5, waiting windows: 15700/36451. Max active instruction index: 11815
2025-02-12 16:56:32 | Simulation update: decoder round 124947, completed instructions: 11847/26601, actively running or decoding instructions: 5, waiting windows: 15777/36610. Max active instruction index: 11839
2025-02-12 16:56:42 | Simulation update: decoder round 125385, completed instructions: 11866/26601, actively running or decoding instructions: 5, waiting windows: 15853/36772. Max active instruction index: 11859
2025-02-12 16:56:52 | Simulation update: decoder round 125823, completed instructions: 11887/26601, actively running or decoding instructions: 2, waiting windows: 15933/36941. Max active instruction index: 11879
2025-02-12 16:57:02 | Simulation update: decoder round 126262, completed instructions: 11914/26601, actively running or decoding instructions: 3, waiting windows: 16019/37113. Max active instruction index: 11914
2025-02-12 16:57:12 | Simulation update: decoder round 126701, completed instructions: 11930/26601, actively running or decoding instructions: 2, waiting windows: 16101/37286. Max active instruction index: 11923
2025-02-12 16:57:22 | Simulation update: decoder round 127156, completed instructions: 11942/26601, actively running or decoding instructions: 6, waiting windows: 16175/37445. Max active instruction index: 11935
2025-02-12 16:57:32 | Simulation update: decoder round 127597, completed instructions: 11967/26601, actively running or decoding instructions: 8, waiting windows: 16257/37614. Max active instruction index: 11959
2025-02-12 16:57:42 | Simulation update: decoder round 128038, completed instructions: 11991/26601, actively running or decoding instructions: 5, waiting windows: 16331/37775. Max active instruction index: 11990
2025-02-12 16:57:52 | Simulation update: decoder round 128476, completed instructions: 12018/26601, actively running or decoding instructions: 5, waiting windows: 16408/37935. Max active instruction index: 12011
2025-02-12 16:58:02 | Simulation update: decoder round 128917, completed instructions: 12035/26601, actively running or decoding instructions: 5, waiting windows: 16482/38096. Max active instruction index: 12027
2025-02-12 16:58:12 | Simulation update: decoder round 129361, completed instructions: 12050/26601, actively running or decoding instructions: 3, waiting windows: 16559/38256. Max active instruction index: 12050
2025-02-12 16:58:22 | Simulation update: decoder round 129804, completed instructions: 12074/26601, actively running or decoding instructions: 5, waiting windows: 16639/38422. Max active instruction index: 12067
2025-02-12 16:58:32 | Simulation update: decoder round 130249, completed instructions: 12095/26601, actively running or decoding instructions: 8, waiting windows: 16718/38587. Max active instruction index: 12087
2025-02-12 16:58:42 | Simulation update: decoder round 130693, completed instructions: 12114/26601, actively running or decoding instructions: 3, waiting windows: 16790/38752. Max active instruction index: 12107
2025-02-12 16:58:52 | Simulation update: decoder round 131139, completed instructions: 12139/26601, actively running or decoding instructions: 8, waiting windows: 16874/38922. Max active instruction index: 12131
2025-02-12 16:59:02 | Simulation update: decoder round 131587, completed instructions: 12166/26601, actively running or decoding instructions: 5, waiting windows: 16950/39086. Max active instruction index: 12159
2025-02-12 16:59:12 | Simulation update: decoder round 132036, completed instructions: 12187/26601, actively running or decoding instructions: 5, waiting windows: 17029/39250. Max active instruction index: 12179
2025-02-12 16:59:22 | Simulation update: decoder round 132484, completed instructions: 12215/26601, actively running or decoding instructions: 5, waiting windows: 17105/39416. Max active instruction index: 12211
2025-02-12 16:59:32 | Simulation update: decoder round 132930, completed instructions: 12226/26601, actively running or decoding instructions: 5, waiting windows: 17179/39572. Max active instruction index: 12219
2025-02-12 16:59:42 | Simulation update: decoder round 133398, completed instructions: 12255/26601, actively running or decoding instructions: 2, waiting windows: 17264/39748. Max active instruction index: 12251
2025-02-12 16:59:52 | Simulation update: decoder round 133848, completed instructions: 12278/26601, actively running or decoding instructions: 6, waiting windows: 17343/39917. Max active instruction index: 12271
2025-02-12 17:00:02 | Simulation update: decoder round 134298, completed instructions: 12310/26601, actively running or decoding instructions: 2, waiting windows: 17428/40091. Max active instruction index: 12303
2025-02-12 17:00:12 | Simulation update: decoder round 134750, completed instructions: 12331/26601, actively running or decoding instructions: 5, waiting windows: 17504/40257. Max active instruction index: 12323
2025-02-12 17:00:22 | Simulation update: decoder round 135203, completed instructions: 12354/26601, actively running or decoding instructions: 5, waiting windows: 17587/40430. Max active instruction index: 12347
2025-02-12 17:00:32 | Simulation update: decoder round 135655, completed instructions: 12374/26601, actively running or decoding instructions: 8, waiting windows: 17667/40596. Max active instruction index: 12367
2025-02-12 17:00:42 | Simulation update: decoder round 136109, completed instructions: 12398/26601, actively running or decoding instructions: 5, waiting windows: 17746/40760. Max active instruction index: 12391
2025-02-12 17:00:52 | Simulation update: decoder round 136564, completed instructions: 12422/26601, actively running or decoding instructions: 5, waiting windows: 17816/40922. Max active instruction index: 12415
2025-02-12 17:01:02 | Simulation update: decoder round 137019, completed instructions: 12447/26601, actively running or decoding instructions: 3, waiting windows: 17898/41091. Max active instruction index: 12446
2025-02-12 17:01:12 | Simulation update: decoder round 137475, completed instructions: 12474/26601, actively running or decoding instructions: 5, waiting windows: 17982/41260. Max active instruction index: 12467
2025-02-12 17:01:22 | Simulation update: decoder round 137931, completed instructions: 12494/26601, actively running or decoding instructions: 2, waiting windows: 18057/41429. Max active instruction index: 12487
2025-02-12 17:01:32 | Simulation update: decoder round 138390, completed instructions: 12523/26601, actively running or decoding instructions: 2, waiting windows: 18142/41604. Max active instruction index: 12519
2025-02-12 17:01:42 | Simulation update: decoder round 138849, completed instructions: 12543/26601, actively running or decoding instructions: 2, waiting windows: 18223/41778. Max active instruction index: 12535
2025-02-12 17:01:52 | Simulation update: decoder round 139308, completed instructions: 12562/26601, actively running or decoding instructions: 5, waiting windows: 18302/41945. Max active instruction index: 12555
2025-02-12 17:02:02 | Simulation update: decoder round 139769, completed instructions: 12590/26601, actively running or decoding instructions: 2, waiting windows: 18389/42122. Max active instruction index: 12583
2025-02-12 17:02:12 | Simulation update: decoder round 140226, completed instructions: 12606/26601, actively running or decoding instructions: 2, waiting windows: 18466/42289. Max active instruction index: 12599
2025-02-12 17:02:22 | Simulation update: decoder round 140712, completed instructions: 12635/26601, actively running or decoding instructions: 5, waiting windows: 18552/42467. Max active instruction index: 12627
2025-02-12 17:02:32 | Simulation update: decoder round 141175, completed instructions: 12650/26601, actively running or decoding instructions: 5, waiting windows: 18627/42637. Max active instruction index: 12643
2025-02-12 17:02:42 | Simulation update: decoder round 141638, completed instructions: 12670/26601, actively running or decoding instructions: 2, waiting windows: 18715/42813. Max active instruction index: 12663
2025-02-12 17:02:52 | Simulation update: decoder round 142102, completed instructions: 12702/26601, actively running or decoding instructions: 8, waiting windows: 18806/42998. Max active instruction index: 12695
2025-02-12 17:03:02 | Simulation update: decoder round 142566, completed instructions: 12722/26601, actively running or decoding instructions: 5, waiting windows: 18877/43162. Max active instruction index: 12715
2025-02-12 17:03:12 | Simulation update: decoder round 143034, completed instructions: 12751/26601, actively running or decoding instructions: 5, waiting windows: 18965/43339. Max active instruction index: 12747
2025-02-12 17:03:22 | Simulation update: decoder round 143501, completed instructions: 12770/26601, actively running or decoding instructions: 2, waiting windows: 19056/43526. Max active instruction index: 12763
2025-02-12 17:03:32 | Simulation update: decoder round 143970, completed instructions: 12798/26601, actively running or decoding instructions: 6, waiting windows: 19136/43695. Max active instruction index: 12798
2025-02-12 17:03:42 | Simulation update: decoder round 144439, completed instructions: 12827/26601, actively running or decoding instructions: 8, waiting windows: 19216/43864. Max active instruction index: 12823
2025-02-12 17:03:52 | Simulation update: decoder round 144910, completed instructions: 12847/26601, actively running or decoding instructions: 5, waiting windows: 19293/44033. Max active instruction index: 12843
2025-02-12 17:04:02 | Simulation update: decoder round 145381, completed instructions: 12875/26601, actively running or decoding instructions: 8, waiting windows: 19378/44205. Max active instruction index: 12867
2025-02-12 17:04:12 | Simulation update: decoder round 145853, completed instructions: 12894/26601, actively running or decoding instructions: 8, waiting windows: 19457/44382. Max active instruction index: 12887
2025-02-12 17:04:22 | Simulation update: decoder round 146327, completed instructions: 12926/26601, actively running or decoding instructions: 5, waiting windows: 19546/44562. Max active instruction index: 12919
2025-02-12 17:04:32 | Simulation update: decoder round 146802, completed instructions: 12947/26601, actively running or decoding instructions: 2, waiting windows: 19627/44736. Max active instruction index: 12942
2025-02-12 17:04:42 | Simulation update: decoder round 147270, completed instructions: 12978/26601, actively running or decoding instructions: 12, waiting windows: 19716/44920. Max active instruction index: 12979
2025-02-12 17:04:52 | Simulation update: decoder round 147769, completed instructions: 13037/26601, actively running or decoding instructions: 9, waiting windows: 19803/45122. Max active instruction index: 14037
2025-02-12 17:05:02 | Simulation update: decoder round 148244, completed instructions: 13085/26601, actively running or decoding instructions: 10, waiting windows: 19879/45310. Max active instruction index: 14093
2025-02-12 17:05:12 | Simulation update: decoder round 148722, completed instructions: 13129/26601, actively running or decoding instructions: 6, waiting windows: 19957/45493. Max active instruction index: 14137
2025-02-12 17:05:22 | Simulation update: decoder round 149204, completed instructions: 13194/26601, actively running or decoding instructions: 15, waiting windows: 20054/45700. Max active instruction index: 14189
2025-02-12 17:05:32 | Simulation update: decoder round 149690, completed instructions: 13243/26601, actively running or decoding instructions: 9, waiting windows: 20131/45892. Max active instruction index: 14239
2025-02-12 17:05:42 | Simulation update: decoder round 150177, completed instructions: 13300/26601, actively running or decoding instructions: 6, waiting windows: 20219/46091. Max active instruction index: 14304
2025-02-12 17:05:52 | Simulation update: decoder round 150666, completed instructions: 13358/26601, actively running or decoding instructions: 6, waiting windows: 20315/46299. Max active instruction index: 14353
2025-02-12 17:06:02 | Simulation update: decoder round 151155, completed instructions: 13419/26601, actively running or decoding instructions: 9, waiting windows: 20406/46508. Max active instruction index: 14419
2025-02-12 17:06:12 | Simulation update: decoder round 151648, completed instructions: 13473/26601, actively running or decoding instructions: 12, waiting windows: 20498/46713. Max active instruction index: 14481
2025-02-12 17:06:23 | Simulation update: decoder round 152141, completed instructions: 13521/26601, actively running or decoding instructions: 4, waiting windows: 20586/46927. Max active instruction index: 14530
2025-02-12 17:06:33 | Simulation update: decoder round 152637, completed instructions: 13580/26601, actively running or decoding instructions: 6, waiting windows: 20677/47125. Max active instruction index: 14575
2025-02-12 17:06:43 | Simulation update: decoder round 153135, completed instructions: 13635/26601, actively running or decoding instructions: 7, waiting windows: 20767/47331. Max active instruction index: 14636
2025-02-12 17:06:53 | Simulation update: decoder round 153633, completed instructions: 13691/26601, actively running or decoding instructions: 6, waiting windows: 20870/47552. Max active instruction index: 14681
2025-02-12 17:07:03 | Simulation update: decoder round 154142, completed instructions: 13752/26601, actively running or decoding instructions: 9, waiting windows: 20966/47772. Max active instruction index: 14743
2025-02-12 17:07:13 | Simulation update: decoder round 154667, completed instructions: 13803/26601, actively running or decoding instructions: 9, waiting windows: 21048/47974. Max active instruction index: 14799
2025-02-12 17:07:23 | Simulation update: decoder round 155178, completed instructions: 13870/26601, actively running or decoding instructions: 3, waiting windows: 21154/48196. Max active instruction index: 14861
2025-02-12 17:07:33 | Simulation update: decoder round 155688, completed instructions: 13922/26601, actively running or decoding instructions: 15, waiting windows: 21244/48413. Max active instruction index: 14918
2025-02-12 17:07:43 | Simulation update: decoder round 156201, completed instructions: 13981/26601, actively running or decoding instructions: 9, waiting windows: 21348/48646. Max active instruction index: 14980
2025-02-12 17:07:53 | Simulation update: decoder round 156719, completed instructions: 14030/26601, actively running or decoding instructions: 3, waiting windows: 21449/48873. Max active instruction index: 15017
2025-02-12 17:08:03 | Simulation update: decoder round 157239, completed instructions: 14095/26601, actively running or decoding instructions: 12, waiting windows: 21543/49091. Max active instruction index: 15083
2025-02-12 17:08:13 | Simulation update: decoder round 157762, completed instructions: 14144/26601, actively running or decoding instructions: 5, waiting windows: 21637/49299. Max active instruction index: 13516
2025-02-12 17:08:23 | Simulation update: decoder round 158289, completed instructions: 14206/26601, actively running or decoding instructions: 9, waiting windows: 21738/49525. Max active instruction index: 15197
2025-02-12 17:08:33 | Simulation update: decoder round 158818, completed instructions: 14266/26601, actively running or decoding instructions: 12, waiting windows: 21842/49754. Max active instruction index: 15237
2025-02-12 17:08:43 | Simulation update: decoder round 159350, completed instructions: 14327/26601, actively running or decoding instructions: 6, waiting windows: 21925/49963. Max active instruction index: 15299
2025-02-12 17:08:53 | Simulation update: decoder round 159884, completed instructions: 14389/26601, actively running or decoding instructions: 3, waiting windows: 22037/50198. Max active instruction index: 15361
2025-02-12 17:09:03 | Simulation update: decoder round 160422, completed instructions: 14443/26601, actively running or decoding instructions: 6, waiting windows: 22127/50410. Max active instruction index: 15413
2025-02-12 17:09:13 | Simulation update: decoder round 160964, completed instructions: 14508/26601, actively running or decoding instructions: 10, waiting windows: 22237/50649. Max active instruction index: 15475
2025-02-12 17:09:23 | Simulation update: decoder round 161508, completed instructions: 14563/26601, actively running or decoding instructions: 12, waiting windows: 22338/50877. Max active instruction index: 15529
2025-02-12 17:09:33 | Simulation update: decoder round 162046, completed instructions: 14628/26601, actively running or decoding instructions: 9, waiting windows: 22434/51106. Max active instruction index: 15616
2025-02-12 17:09:43 | Simulation update: decoder round 162626, completed instructions: 14694/26601, actively running or decoding instructions: 6, waiting windows: 22535/51347. Max active instruction index: 15673
2025-02-12 17:09:53 | Simulation update: decoder round 163177, completed instructions: 14759/26601, actively running or decoding instructions: 9, waiting windows: 22640/51569. Max active instruction index: 15735
2025-02-12 17:10:03 | Simulation update: decoder round 163731, completed instructions: 14816/26601, actively running or decoding instructions: 10, waiting windows: 22729/51786. Max active instruction index: 15804
2025-02-12 17:10:13 | Simulation update: decoder round 164287, completed instructions: 14877/26601, actively running or decoding instructions: 3, waiting windows: 22835/52028. Max active instruction index: 15845
2025-02-12 17:10:23 | Simulation update: decoder round 164848, completed instructions: 14942/26601, actively running or decoding instructions: 9, waiting windows: 22937/52258. Max active instruction index: 15910
2025-02-12 17:10:33 | Simulation update: decoder round 165377, completed instructions: 14996/26601, actively running or decoding instructions: 6, waiting windows: 23036/52484. Max active instruction index: 15955
2025-02-12 17:10:43 | Simulation update: decoder round 165944, completed instructions: 15062/26601, actively running or decoding instructions: 9, waiting windows: 23140/52716. Max active instruction index: 16021
2025-02-12 17:10:53 | Simulation update: decoder round 166513, completed instructions: 15120/26601, actively running or decoding instructions: 6, waiting windows: 23233/52945. Max active instruction index: 16087
2025-02-12 17:11:03 | Simulation update: decoder round 167088, completed instructions: 15192/26601, actively running or decoding instructions: 12, waiting windows: 23328/53164. Max active instruction index: 16145
2025-02-12 17:11:13 | Simulation update: decoder round 167668, completed instructions: 15257/26601, actively running or decoding instructions: 9, waiting windows: 23412/53361. Max active instruction index: 16208
2025-02-12 17:11:23 | Simulation update: decoder round 168247, completed instructions: 15327/26601, actively running or decoding instructions: 12, waiting windows: 23499/53563. Max active instruction index: 16282
2025-02-12 17:11:33 | Simulation update: decoder round 168833, completed instructions: 15392/26601, actively running or decoding instructions: 6, waiting windows: 23584/53766. Max active instruction index: 16352
2025-02-12 17:11:43 | Simulation update: decoder round 169425, completed instructions: 15442/26601, actively running or decoding instructions: 9, waiting windows: 23669/53966. Max active instruction index: 16392
2025-02-12 17:11:53 | Simulation update: decoder round 170018, completed instructions: 15508/26601, actively running or decoding instructions: 3, waiting windows: 23766/54188. Max active instruction index: 16462
2025-02-12 17:12:03 | Simulation update: decoder round 170608, completed instructions: 15570/26601, actively running or decoding instructions: 4, waiting windows: 23856/54400. Max active instruction index: 16528
2025-02-12 17:12:13 | Simulation update: decoder round 171248, completed instructions: 15641/26601, actively running or decoding instructions: 12, waiting windows: 23953/54623. Max active instruction index: 16616
2025-02-12 17:12:23 | Simulation update: decoder round 171855, completed instructions: 15714/26601, actively running or decoding instructions: 6, waiting windows: 24060/54857. Max active instruction index: 16682
2025-02-12 17:12:33 | Simulation update: decoder round 172465, completed instructions: 15789/26601, actively running or decoding instructions: 12, waiting windows: 24156/55077. Max active instruction index: 16748
2025-02-12 17:12:43 | Simulation update: decoder round 173083, completed instructions: 15833/26601, actively running or decoding instructions: 5, waiting windows: 24239/55275. Max active instruction index: 14669
2025-02-12 17:12:53 | Simulation update: decoder round 173706, completed instructions: 15862/26601, actively running or decoding instructions: 5, waiting windows: 24329/55468. Max active instruction index: 14731
2025-02-12 17:13:03 | Simulation update: decoder round 174331, completed instructions: 15889/26601, actively running or decoding instructions: 2, waiting windows: 24426/55669. Max active instruction index: 14787
2025-02-12 17:13:13 | Simulation update: decoder round 174962, completed instructions: 15918/26601, actively running or decoding instructions: 2, waiting windows: 24518/55869. Max active instruction index: 14853
2025-02-12 17:13:23 | Simulation update: decoder round 175596, completed instructions: 15949/26601, actively running or decoding instructions: 3, waiting windows: 24606/56059. Max active instruction index: 14925
2025-02-12 17:13:33 | Simulation update: decoder round 176228, completed instructions: 15985/26601, actively running or decoding instructions: 3, waiting windows: 24699/56255. Max active instruction index: 15022
2025-02-12 17:13:43 | Simulation update: decoder round 176863, completed instructions: 16010/26601, actively running or decoding instructions: 5, waiting windows: 24792/56448. Max active instruction index: 15059
2025-02-12 17:13:53 | Simulation update: decoder round 177497, completed instructions: 16041/26601, actively running or decoding instructions: 8, waiting windows: 24879/56641. Max active instruction index: 15129
2025-02-12 17:14:03 | Simulation update: decoder round 178135, completed instructions: 16069/26601, actively running or decoding instructions: 5, waiting windows: 24968/56834. Max active instruction index: 15189
2025-02-12 17:14:13 | Simulation update: decoder round 178776, completed instructions: 16101/26601, actively running or decoding instructions: 5, waiting windows: 25065/57031. Max active instruction index: 15265
2025-02-12 17:14:23 | Simulation update: decoder round 179418, completed instructions: 16134/26601, actively running or decoding instructions: 2, waiting windows: 25157/57232. Max active instruction index: 15335
2025-02-12 17:14:33 | Simulation update: decoder round 180051, completed instructions: 16170/26601, actively running or decoding instructions: 8, waiting windows: 25245/57423. Max active instruction index: 15426
2025-02-12 17:14:43 | Simulation update: decoder round 180743, completed instructions: 16209/26601, actively running or decoding instructions: 2, waiting windows: 25341/57634. Max active instruction index: 15499
2025-02-12 17:14:53 | Simulation update: decoder round 181393, completed instructions: 16241/26601, actively running or decoding instructions: 2, waiting windows: 25429/57826. Max active instruction index: 15565
2025-02-12 17:15:03 | Simulation update: decoder round 182048, completed instructions: 16277/26601, actively running or decoding instructions: 3, waiting windows: 25517/58021. Max active instruction index: 15660
2025-02-12 17:15:13 | Simulation update: decoder round 182705, completed instructions: 16321/26601, actively running or decoding instructions: 8, waiting windows: 25608/58217. Max active instruction index: 15741
2025-02-12 17:15:23 | Simulation update: decoder round 183366, completed instructions: 16350/26601, actively running or decoding instructions: 2, waiting windows: 25708/58425. Max active instruction index: 15815
2025-02-12 17:15:33 | Simulation update: decoder round 184028, completed instructions: 16377/26601, actively running or decoding instructions: 5, waiting windows: 25805/58630. Max active instruction index: 15863
2025-02-12 17:15:43 | Simulation update: decoder round 184692, completed instructions: 16405/26601, actively running or decoding instructions: 8, waiting windows: 25896/58831. Max active instruction index: 15929
2025-02-12 17:15:53 | Simulation update: decoder round 185360, completed instructions: 16446/26601, actively running or decoding instructions: 5, waiting windows: 25989/59027. Max active instruction index: 16027
2025-02-12 17:16:03 | Simulation update: decoder round 186042, completed instructions: 16485/26601, actively running or decoding instructions: 8, waiting windows: 26082/59229. Max active instruction index: 16101
2025-02-12 17:16:13 | Simulation update: decoder round 186729, completed instructions: 16534/26601, actively running or decoding instructions: 8, waiting windows: 26178/59442. Max active instruction index: 16222
2025-02-12 17:16:23 | Simulation update: decoder round 187421, completed instructions: 16570/26601, actively running or decoding instructions: 8, waiting windows: 26268/59646. Max active instruction index: 16296
2025-02-12 17:16:33 | Simulation update: decoder round 188116, completed instructions: 16607/26601, actively running or decoding instructions: 2, waiting windows: 26371/59863. Max active instruction index: 16384
2025-02-12 17:16:43 | Simulation update: decoder round 188811, completed instructions: 16650/26601, actively running or decoding instructions: 8, waiting windows: 26471/60075. Max active instruction index: 16476
2025-02-12 17:16:53 | Simulation update: decoder round 189541, completed instructions: 16683/26601, actively running or decoding instructions: 5, waiting windows: 26565/60285. Max active instruction index: 16559
2025-02-12 17:17:03 | Simulation update: decoder round 190238, completed instructions: 16719/26601, actively running or decoding instructions: 5, waiting windows: 26671/60504. Max active instruction index: 16626
2025-02-12 17:17:13 | Simulation update: decoder round 190937, completed instructions: 16754/26601, actively running or decoding instructions: 5, waiting windows: 26768/60719. Max active instruction index: 16710
2025-02-12 17:17:23 | Simulation update: decoder round 191641, completed instructions: 16794/26601, actively running or decoding instructions: 5, waiting windows: 26869/60939. Max active instruction index: 16786
2025-02-12 17:17:33 | Simulation update: decoder round 192345, completed instructions: 16869/26601, actively running or decoding instructions: 8, waiting windows: 26980/61183. Max active instruction index: 16872
2025-02-12 17:17:43 | Simulation update: decoder round 193059, completed instructions: 16942/26601, actively running or decoding instructions: 3, waiting windows: 27097/61444. Max active instruction index: 16952
2025-02-12 17:17:53 | Simulation update: decoder round 193779, completed instructions: 17016/26601, actively running or decoding instructions: 12, waiting windows: 27210/61703. Max active instruction index: 17024
2025-02-12 17:18:03 | Simulation update: decoder round 194508, completed instructions: 17077/26601, actively running or decoding instructions: 7, waiting windows: 27316/61943. Max active instruction index: 17084
2025-02-12 17:18:13 | Simulation update: decoder round 195246, completed instructions: 17152/26601, actively running or decoding instructions: 3, waiting windows: 27432/62207. Max active instruction index: 17164
2025-02-12 17:18:23 | Simulation update: decoder round 195992, completed instructions: 17228/26601, actively running or decoding instructions: 9, waiting windows: 27549/62462. Max active instruction index: 17236
2025-02-12 17:18:33 | Simulation update: decoder round 196743, completed instructions: 17305/26601, actively running or decoding instructions: 9, waiting windows: 27668/62725. Max active instruction index: 17316
2025-02-12 17:18:43 | Simulation update: decoder round 197503, completed instructions: 17382/26601, actively running or decoding instructions: 3, waiting windows: 27790/62993. Max active instruction index: 17396
2025-02-12 17:18:53 | Simulation update: decoder round 198275, completed instructions: 17449/26601, actively running or decoding instructions: 9, waiting windows: 27908/63265. Max active instruction index: 17476
2025-02-12 17:19:03 | Simulation update: decoder round 199051, completed instructions: 17529/26601, actively running or decoding instructions: 3, waiting windows: 28029/63540. Max active instruction index: 17544
2025-02-12 17:19:13 | Simulation update: decoder round 199903, completed instructions: 17604/26601, actively running or decoding instructions: 3, waiting windows: 28149/63820. Max active instruction index: 17628
2025-02-12 17:19:23 | Simulation update: decoder round 200723, completed instructions: 17702/26601, actively running or decoding instructions: 6, waiting windows: 28286/64115. Max active instruction index: 17716
2025-02-12 17:19:33 | Simulation update: decoder round 201541, completed instructions: 17785/26601, actively running or decoding instructions: 3, waiting windows: 28401/64383. Max active instruction index: 17816
2025-02-12 17:19:43 | Simulation update: decoder round 202376, completed instructions: 17869/26601, actively running or decoding instructions: 9, waiting windows: 28537/64685. Max active instruction index: 17896
2025-02-12 17:19:53 | Simulation update: decoder round 203224, completed instructions: 17964/26601, actively running or decoding instructions: 12, waiting windows: 28666/64979. Max active instruction index: 18000
2025-02-12 17:20:03 | Simulation update: decoder round 204077, completed instructions: 18048/26601, actively running or decoding instructions: 3, waiting windows: 28795/65280. Max active instruction index: 18076
2025-02-12 17:20:13 | Simulation update: decoder round 204948, completed instructions: 18138/26601, actively running or decoding instructions: 6, waiting windows: 28932/65585. Max active instruction index: 18179
2025-02-12 17:20:23 | Simulation update: decoder round 205836, completed instructions: 18233/26601, actively running or decoding instructions: 6, waiting windows: 29072/65898. Max active instruction index: 18281
2025-02-12 17:20:33 | Simulation update: decoder round 206738, completed instructions: 18391/26601, actively running or decoding instructions: 10, waiting windows: 29224/66259. Max active instruction index: 18441
2025-02-12 17:20:43 | Simulation update: decoder round 207666, completed instructions: 18528/26601, actively running or decoding instructions: 10, waiting windows: 29373/66624. Max active instruction index: 18582
2025-02-12 17:20:53 | Simulation update: decoder round 208617, completed instructions: 18691/26601, actively running or decoding instructions: 16, waiting windows: 29522/66989. Max active instruction index: 18746
2025-02-12 17:21:03 | Simulation update: decoder round 209603, completed instructions: 18860/26601, actively running or decoding instructions: 13, waiting windows: 29674/67372. Max active instruction index: 18933
2025-02-12 17:21:13 | Simulation update: decoder round 210628, completed instructions: 19050/26601, actively running or decoding instructions: 10, waiting windows: 29834/67784. Max active instruction index: 19117
2025-02-12 17:21:23 | Simulation update: decoder round 211691, completed instructions: 19243/26601, actively running or decoding instructions: 4, waiting windows: 30023/68223. Max active instruction index: 19316
2025-02-12 17:21:33 | Simulation update: decoder round 212797, completed instructions: 19411/26601, actively running or decoding instructions: 16, waiting windows: 30187/68636. Max active instruction index: 19522
2025-02-12 17:21:43 | Simulation update: decoder round 213961, completed instructions: 19609/26601, actively running or decoding instructions: 10, waiting windows: 30365/69064. Max active instruction index: 19735
2025-02-12 17:21:53 | Simulation update: decoder round 215221, completed instructions: 19815/26601, actively running or decoding instructions: 6, waiting windows: 30548/69528. Max active instruction index: 19991
2025-02-12 17:22:03 | Simulation update: decoder round 216514, completed instructions: 20013/26601, actively running or decoding instructions: 10, waiting windows: 30752/70028. Max active instruction index: 20182
2025-02-12 17:22:13 | Simulation update: decoder round 217856, completed instructions: 20179/26601, actively running or decoding instructions: 9, waiting windows: 30956/70493. Max active instruction index: 20166
2025-02-12 17:22:23 | Simulation update: decoder round 219249, completed instructions: 20321/26601, actively running or decoding instructions: 4, waiting windows: 31152/70966. Max active instruction index: 20321
2025-02-12 17:22:33 | Simulation update: decoder round 220717, completed instructions: 20493/26601, actively running or decoding instructions: 9, waiting windows: 31362/71463. Max active instruction index: 20493
2025-02-12 17:22:43 | Simulation update: decoder round 222247, completed instructions: 20672/26601, actively running or decoding instructions: 15, waiting windows: 31597/71987. Max active instruction index: 20673
2025-02-12 17:22:53 | Simulation update: decoder round 223864, completed instructions: 20833/26601, actively running or decoding instructions: 5, waiting windows: 31828/72544. Max active instruction index: 20829
2025-02-12 17:23:03 | Simulation update: decoder round 225592, completed instructions: 21025/26601, actively running or decoding instructions: 3, waiting windows: 32083/73137. Max active instruction index: 21025
2025-02-12 17:23:13 | Simulation update: decoder round 227430, completed instructions: 21235/26601, actively running or decoding instructions: 6, waiting windows: 32345/73761. Max active instruction index: 21240
2025-02-12 17:23:23 | Simulation update: decoder round 229410, completed instructions: 21348/26601, actively running or decoding instructions: 5, waiting windows: 32632/74374. Max active instruction index: 21340
2025-02-12 17:23:33 | Simulation update: decoder round 231466, completed instructions: 21453/26601, actively running or decoding instructions: 8, waiting windows: 32919/74994. Max active instruction index: 21451
2025-02-12 17:23:43 | Simulation update: decoder round 233610, completed instructions: 21557/26601, actively running or decoding instructions: 5, waiting windows: 33218/75637. Max active instruction index: 21548
2025-02-12 17:23:53 | Simulation update: decoder round 235855, completed instructions: 21688/26601, actively running or decoding instructions: 8, waiting windows: 33538/76317. Max active instruction index: 21680
2025-02-12 17:24:03 | Simulation update: decoder round 238229, completed instructions: 21804/26601, actively running or decoding instructions: 2, waiting windows: 33882/77057. Max active instruction index: 21796
2025-02-12 17:24:13 | Simulation update: decoder round 240729, completed instructions: 21936/26601, actively running or decoding instructions: 5, waiting windows: 34234/77809. Max active instruction index: 21928
2025-02-12 17:24:23 | Simulation update: decoder round 243351, completed instructions: 22069/26601, actively running or decoding instructions: 5, waiting windows: 34611/78619. Max active instruction index: 22060
2025-02-12 17:24:33 | Simulation update: decoder round 246259, completed instructions: 22224/26601, actively running or decoding instructions: 2, waiting windows: 35029/79513. Max active instruction index: 22216
2025-02-12 17:24:43 | Simulation update: decoder round 249528, completed instructions: 22579/26601, actively running or decoding instructions: 12, waiting windows: 35444/80484. Max active instruction index: 22577
2025-02-12 17:24:53 | Simulation update: decoder round 253252, completed instructions: 23015/26601, actively running or decoding instructions: 9, waiting windows: 35884/81561. Max active instruction index: 23005
2025-02-12 17:25:03 | Simulation update: decoder round 257892, completed instructions: 23555/26601, actively running or decoding instructions: 9, waiting windows: 36469/82980. Max active instruction index: 23577
2025-02-12 17:25:13 | Simulation update: decoder round 264339, completed instructions: 24299/26601, actively running or decoding instructions: 6, waiting windows: 37241/84851. Max active instruction index: 24337
2025-02-12 17:25:23 | Finished simulation
2025-02-12 17:25:24 | Finished saving output. Done! Total elapsed time: 1:02:20.034064
