CONFIG 168
benchmark_file: slurm/data/20241118_215701/benchmarks/random_t_1000_200_0.lss
decoder_latency_or_dist_filename: lambda volume: volume*5.994842503189409
distance: 21
lightweight_setting: 1
max_parallel_processes: None
missed_speculation_modifier: 1.4
poison_policy: successors
rng: 0
scheduling_method: parallel
speculation_accuracy: 0.5
speculation_latency: 1
speculation_mode: separate
2024-11-18 21:57:09 | Loading benchmark slurm/data/20241118_215701/benchmarks/random_t_1000_200_0.lss...
2024-11-18 21:57:10 | Starting simulation
Failed to get source of decoding_latency_fn: could not get source code
2024-11-18 21:57:10 | Simulation update: decoder round 1, completed instructions: 0/4997, actively running or decoding instructions: 1, waiting windows: 0/0. Max active instruction index: 0
2024-11-18 21:57:20 | Simulation update: decoder round 100147, completed instructions: 588/4997, actively running or decoding instructions: 4, waiting windows: 2670/5425. Max active instruction index: 586
2024-11-18 21:57:30 | Simulation update: decoder round 201062, completed instructions: 1168/4997, actively running or decoding instructions: 3, waiting windows: 5235/10667. Max active instruction index: 1166
2024-11-18 21:57:40 | Simulation update: decoder round 301518, completed instructions: 1758/4997, actively running or decoding instructions: 3, waiting windows: 7850/16005. Max active instruction index: 1756
2024-11-18 21:57:50 | Simulation update: decoder round 401585, completed instructions: 2348/4997, actively running or decoding instructions: 2, waiting windows: 10428/21271. Max active instruction index: 2346
2024-11-18 21:58:00 | Simulation update: decoder round 502170, completed instructions: 2931/4997, actively running or decoding instructions: 4, waiting windows: 13052/26625. Max active instruction index: 2929
2024-11-18 21:58:10 | Simulation update: decoder round 604297, completed instructions: 3541/4997, actively running or decoding instructions: 3, waiting windows: 15618/31872. Max active instruction index: 3539
2024-11-18 21:58:20 | Simulation update: decoder round 704765, completed instructions: 4121/4997, actively running or decoding instructions: 3, waiting windows: 18154/37064. Max active instruction index: 4121
2024-11-18 21:58:30 | Simulation update: decoder round 806482, completed instructions: 4730/4997, actively running or decoding instructions: 3, waiting windows: 20720/42296. Max active instruction index: 4728
2024-11-18 21:58:34 | Finished simulation
2024-11-18 21:58:36 | Finished saving output. Done! Total elapsed time: 0:01:27.003145
