CONFIG 171
benchmark_file: slurm/data/20241118_215701/benchmarks/random_t_1000_200_0.lss
decoder_latency_or_dist_filename: lambda volume: volume*0.16681005372000587
distance: 21
lightweight_setting: 1
max_parallel_processes: None
missed_speculation_modifier: 1.4
poison_policy: successors
rng: 0
scheduling_method: aligned
speculation_accuracy: 0.5
speculation_latency: 1
speculation_mode: separate
2024-11-18 21:57:09 | Loading benchmark slurm/data/20241118_215701/benchmarks/random_t_1000_200_0.lss...
2024-11-18 21:57:10 | Starting simulation
Failed to get source of decoding_latency_fn: could not get source code
2024-11-18 21:57:10 | Simulation update: decoder round 1, completed instructions: 0/4997, actively running or decoding instructions: 1, waiting windows: 0/0. Max active instruction index: 0
2024-11-18 21:57:20 | Simulation update: decoder round 114943, completed instructions: 3497/4997, actively running or decoding instructions: 1, waiting windows: 2639/6629. Max active instruction index: 3497
2024-11-18 21:57:24 | Finished simulation
2024-11-18 21:57:25 | Finished saving output. Done! Total elapsed time: 0:00:15.276221
