CONFIG 259
benchmark_file: slurm/data/20241118_215701/benchmarks/random_t_1000_200_0.lss
decoder_latency_or_dist_filename: lambda volume: volume*10.0
distance: 21
lightweight_setting: 1
max_parallel_processes: None
missed_speculation_modifier: 1.4
poison_policy: successors
rng: 0
scheduling_method: parallel
speculation_accuracy: 0.8
speculation_latency: 1
speculation_mode: separate
2024-11-18 21:57:24 | Loading benchmark slurm/data/20241118_215701/benchmarks/random_t_1000_200_0.lss...
2024-11-18 21:57:24 | Starting simulation
Failed to get source of decoding_latency_fn: could not get source code
2024-11-18 21:57:25 | Simulation update: decoder round 1, completed instructions: 0/4997, actively running or decoding instructions: 1, waiting windows: 0/0. Max active instruction index: 0
2024-11-18 21:57:35 | Simulation update: decoder round 99041, completed instructions: 438/4997, actively running or decoding instructions: 4, waiting windows: 2650/5341. Max active instruction index: 436
2024-11-18 21:57:45 | Simulation update: decoder round 198568, completed instructions: 864/4997, actively running or decoding instructions: 1, waiting windows: 5200/10520. Max active instruction index: 864
2024-11-18 21:57:55 | Simulation update: decoder round 298578, completed instructions: 1308/4997, actively running or decoding instructions: 4, waiting windows: 7781/15763. Max active instruction index: 1306
2024-11-18 21:58:05 | Simulation update: decoder round 397036, completed instructions: 1738/4997, actively running or decoding instructions: 3, waiting windows: 10360/21008. Max active instruction index: 1736
2024-11-18 21:58:15 | Simulation update: decoder round 497193, completed instructions: 2178/4997, actively running or decoding instructions: 4, waiting windows: 12902/26172. Max active instruction index: 2176
2024-11-18 21:58:25 | Simulation update: decoder round 597414, completed instructions: 2618/4997, actively running or decoding instructions: 3, waiting windows: 15472/31395. Max active instruction index: 2616
2024-11-18 21:58:35 | Simulation update: decoder round 693653, completed instructions: 3046/4997, actively running or decoding instructions: 2, waiting windows: 18007/36556. Max active instruction index: 3044
2024-11-18 21:58:45 | Simulation update: decoder round 794541, completed instructions: 3491/4997, actively running or decoding instructions: 3, waiting windows: 20515/41659. Max active instruction index: 3489
2024-11-18 21:58:55 | Simulation update: decoder round 895301, completed instructions: 3941/4997, actively running or decoding instructions: 3, waiting windows: 23078/46872. Max active instruction index: 3939
2024-11-18 21:59:05 | Simulation update: decoder round 997006, completed instructions: 4385/4997, actively running or decoding instructions: 3, waiting windows: 25602/52002. Max active instruction index: 4383
2024-11-18 21:59:15 | Simulation update: decoder round 1095946, completed instructions: 4825/4997, actively running or decoding instructions: 3, waiting windows: 28134/57153. Max active instruction index: 4823
2024-11-18 21:59:19 | Finished simulation
2024-11-18 21:59:21 | Finished saving output. Done! Total elapsed time: 0:01:57.030402
