CONFIG 310
benchmark_file: slurm/data/20241118_215701/benchmarks/random_t_1000_200_0.lss
decoder_latency_or_dist_filename: lambda volume: volume*0.1
distance: 21
lightweight_setting: 1
max_parallel_processes: None
missed_speculation_modifier: 1.4
poison_policy: successors
rng: 0
scheduling_method: parallel
speculation_accuracy: 1.0
speculation_latency: 1
speculation_mode: separate
2024-11-18 21:57:23 | Loading benchmark slurm/data/20241118_215701/benchmarks/random_t_1000_200_0.lss...
2024-11-18 21:57:23 | Starting simulation
Failed to get source of decoding_latency_fn: could not get source code
2024-11-18 21:57:24 | Simulation update: decoder round 1, completed instructions: 0/4997, actively running or decoding instructions: 1, waiting windows: 0/0. Max active instruction index: 0
2024-11-18 21:57:34 | Simulation update: decoder round 114150, completed instructions: 3017/4997, actively running or decoding instructions: 2, waiting windows: 2976/6501. Max active instruction index: 3017
2024-11-18 21:57:40 | Finished simulation
2024-11-18 21:57:40 | Finished saving output. Done! Total elapsed time: 0:00:17.545013
