CONFIG 38
benchmark_file: slurm/data/20241118_215701/benchmarks/random_t_1000_200_0.lss
decoder_latency_or_dist_filename: lambda volume: volume*5.994842503189409
distance: 21
lightweight_setting: 1
max_parallel_processes: None
missed_speculation_modifier: 1.4
poison_policy: successors
rng: 0
scheduling_method: sliding
speculation_accuracy: 0.1
speculation_latency: 1
speculation_mode: separate
2024-11-18 21:57:15 | Loading benchmark slurm/data/20241118_215701/benchmarks/random_t_1000_200_0.lss...
2024-11-18 21:57:15 | Starting simulation
Failed to get source of decoding_latency_fn: could not get source code
2024-11-18 21:57:16 | Simulation update: decoder round 1, completed instructions: 0/4997, actively running or decoding instructions: 1, waiting windows: 0/0. Max active instruction index: 0
2024-11-18 21:57:26 | Simulation update: decoder round 17707, completed instructions: 14/4997, actively running or decoding instructions: 3, waiting windows: 72/847. Max active instruction index: 12
2024-11-18 21:57:36 | Simulation update: decoder round 31234, completed instructions: 19/4997, actively running or decoding instructions: 3, waiting windows: 61/1493. Max active instruction index: 17
2024-11-18 21:57:46 | Simulation update: decoder round 41625, completed instructions: 25/4997, actively running or decoding instructions: 3, waiting windows: 140/2346. Max active instruction index: 22
2024-11-18 21:57:56 | Simulation update: decoder round 47995, completed instructions: 25/4997, actively running or decoding instructions: 3, waiting windows: 128/2952. Max active instruction index: 22
2024-11-18 21:58:06 | Simulation update: decoder round 58487, completed instructions: 29/4997, actively running or decoding instructions: 4, waiting windows: 65/3482. Max active instruction index: 27
2024-11-18 21:58:16 | Simulation update: decoder round 68855, completed instructions: 35/4997, actively running or decoding instructions: 4, waiting windows: 142/4383. Max active instruction index: 32
2024-11-18 21:58:26 | Simulation update: decoder round 78095, completed instructions: 39/4997, actively running or decoding instructions: 4, waiting windows: 76/4861. Max active instruction index: 37
2024-11-18 21:58:36 | Simulation update: decoder round 93123, completed instructions: 49/4997, actively running or decoding instructions: 4, waiting windows: 65/5579. Max active instruction index: 47
2024-11-18 21:58:46 | Simulation update: decoder round 107749, completed instructions: 54/4997, actively running or decoding instructions: 4, waiting windows: 65/6277. Max active instruction index: 52
2024-11-18 21:58:56 | Simulation update: decoder round 119068, completed instructions: 64/4997, actively running or decoding instructions: 3, waiting windows: 66/6819. Max active instruction index: 62
2024-11-18 21:59:06 | Simulation update: decoder round 128638, completed instructions: 64/4997, actively running or decoding instructions: 3, waiting windows: 69/7275. Max active instruction index: 62
2024-11-18 21:59:16 | Simulation update: decoder round 139397, completed instructions: 74/4997, actively running or decoding instructions: 3, waiting windows: 74/7789. Max active instruction index: 72
2024-11-18 21:59:26 | Simulation update: decoder round 154524, completed instructions: 84/4997, actively running or decoding instructions: 3, waiting windows: 72/8513. Max active instruction index: 82
2024-11-18 21:59:36 | Simulation update: decoder round 169996, completed instructions: 89/4997, actively running or decoding instructions: 3, waiting windows: 68/9250. Max active instruction index: 87
2024-11-18 21:59:46 | Simulation update: decoder round 179648, completed instructions: 94/4997, actively running or decoding instructions: 4, waiting windows: 74/9711. Max active instruction index: 92
2024-11-18 21:59:56 | Simulation update: decoder round 192095, completed instructions: 104/4997, actively running or decoding instructions: 3, waiting windows: 69/10307. Max active instruction index: 102
2024-11-18 22:00:06 | Simulation update: decoder round 203985, completed instructions: 109/4997, actively running or decoding instructions: 3, waiting windows: 73/10875. Max active instruction index: 107
2024-11-18 22:00:16 | Simulation update: decoder round 214414, completed instructions: 115/4997, actively running or decoding instructions: 3, waiting windows: 107/11478. Max active instruction index: 112
2024-11-18 22:00:26 | Simulation update: decoder round 223323, completed instructions: 118/4997, actively running or decoding instructions: 3, waiting windows: 99/12296. Max active instruction index: 116
2024-11-18 22:00:36 | Simulation update: decoder round 235066, completed instructions: 123/4997, actively running or decoding instructions: 4, waiting windows: 70/12857. Max active instruction index: 121
2024-11-18 22:00:46 | Simulation update: decoder round 248930, completed instructions: 128/4997, actively running or decoding instructions: 4, waiting windows: 69/13519. Max active instruction index: 126
2024-11-18 22:00:56 | Simulation update: decoder round 260591, completed instructions: 134/4997, actively running or decoding instructions: 3, waiting windows: 143/14478. Max active instruction index: 131
2024-11-18 22:01:06 | Simulation update: decoder round 267730, completed instructions: 138/4997, actively running or decoding instructions: 4, waiting windows: 76/14889. Max active instruction index: 136
2024-11-18 22:01:16 | Simulation update: decoder round 275534, completed instructions: 138/4997, actively running or decoding instructions: 4, waiting windows: 72/15261. Max active instruction index: 136
2024-11-18 22:01:26 | Simulation update: decoder round 291705, completed instructions: 153/4997, actively running or decoding instructions: 4, waiting windows: 67/16035. Max active instruction index: 151
2024-11-18 22:01:36 | Simulation update: decoder round 303209, completed instructions: 159/4997, actively running or decoding instructions: 4, waiting windows: 114/16723. Max active instruction index: 156
2024-11-18 22:01:46 | Simulation update: decoder round 312818, completed instructions: 163/4997, actively running or decoding instructions: 3, waiting windows: 85/17362. Max active instruction index: 161
2024-11-18 22:01:56 | Simulation update: decoder round 322053, completed instructions: 169/4997, actively running or decoding instructions: 3, waiting windows: 126/18090. Max active instruction index: 166
2024-11-18 22:02:06 | Simulation update: decoder round 327938, completed instructions: 173/4997, actively running or decoding instructions: 4, waiting windows: 95/18589. Max active instruction index: 171
2024-11-18 22:02:16 | Simulation update: decoder round 337881, completed instructions: 179/4997, actively running or decoding instructions: 4, waiting windows: 114/19175. Max active instruction index: 176
2024-11-18 22:02:26 | Simulation update: decoder round 347654, completed instructions: 183/4997, actively running or decoding instructions: 3, waiting windows: 73/19903. Max active instruction index: 181
2024-11-18 22:02:36 | Simulation update: decoder round 359967, completed instructions: 188/4997, actively running or decoding instructions: 3, waiting windows: 72/20491. Max active instruction index: 186
2024-11-18 22:02:46 | Simulation update: decoder round 373818, completed instructions: 198/4997, actively running or decoding instructions: 4, waiting windows: 76/21154. Max active instruction index: 196
2024-11-18 22:02:56 | Simulation update: decoder round 384125, completed instructions: 198/4997, actively running or decoding instructions: 4, waiting windows: 71/21644. Max active instruction index: 196
2024-11-18 22:03:06 | Simulation update: decoder round 393704, completed instructions: 204/4997, actively running or decoding instructions: 3, waiting windows: 134/22546. Max active instruction index: 201
2024-11-18 22:03:16 | Simulation update: decoder round 399183, completed instructions: 204/4997, actively running or decoding instructions: 3, waiting windows: 147/23068. Max active instruction index: 201
2024-11-18 22:03:26 | Simulation update: decoder round 405465, completed instructions: 209/4997, actively running or decoding instructions: 4, waiting windows: 134/23667. Max active instruction index: 206
2024-11-18 22:03:36 | Simulation update: decoder round 412444, completed instructions: 213/4997, actively running or decoding instructions: 3, waiting windows: 98/24216. Max active instruction index: 211
2024-11-18 22:03:46 | Simulation update: decoder round 422415, completed instructions: 219/4997, actively running or decoding instructions: 4, waiting windows: 123/24873. Max active instruction index: 216
2024-11-18 22:03:56 | Simulation update: decoder round 431320, completed instructions: 223/4997, actively running or decoding instructions: 3, waiting windows: 87/25566. Max active instruction index: 221
2024-11-18 22:04:06 | Simulation update: decoder round 442914, completed instructions: 228/4997, actively running or decoding instructions: 3, waiting windows: 63/26119. Max active instruction index: 226
2024-11-18 22:04:16 | Simulation update: decoder round 453542, completed instructions: 233/4997, actively running or decoding instructions: 4, waiting windows: 68/26627. Max active instruction index: 231
2024-11-18 22:04:26 | Simulation update: decoder round 467637, completed instructions: 243/4997, actively running or decoding instructions: 4, waiting windows: 67/27301. Max active instruction index: 241
2024-11-18 22:04:36 | Simulation update: decoder round 482053, completed instructions: 248/4997, actively running or decoding instructions: 3, waiting windows: 70/27989. Max active instruction index: 246
2024-11-18 22:04:46 | Simulation update: decoder round 495085, completed instructions: 253/4997, actively running or decoding instructions: 4, waiting windows: 67/28610. Max active instruction index: 251
2024-11-18 22:04:56 | Simulation update: decoder round 506250, completed instructions: 258/4997, actively running or decoding instructions: 4, waiting windows: 77/29144. Max active instruction index: 256
2024-11-18 22:05:06 | Simulation update: decoder round 517127, completed instructions: 263/4997, actively running or decoding instructions: 3, waiting windows: 74/29663. Max active instruction index: 261
2024-11-18 22:05:16 | Simulation update: decoder round 529225, completed instructions: 268/4997, actively running or decoding instructions: 4, waiting windows: 72/30240. Max active instruction index: 266
