CONFIG 4
benchmark_file: slurm/data/20241112_151021/benchmarks/random_t_10000_200_0.lss
decoder_latency_or_dist_filename: slurm/data/20241112_151021/decoder_dists.json
distance: 21
lightweight_setting: 1
max_parallel_processes: None
missed_speculation_modifier: 1.4
poison_policy: successors
rng: 0
scheduling_method: aligned
speculation_accuracy: 0.9
speculation_latency: 1
speculation_mode: None
2024-11-12 15:10:32 | Loading benchmark slurm/data/20241112_151021/benchmarks/random_t_10000_200_0.lss...
2024-11-12 15:10:35 | Starting simulation
2024-11-12 15:10:40 | Simulation update: decoder round 1, completed instructions: 0/49943, actively running or decoding instructions: 1, waiting windows: 0/0. Max active instruction index: 0
2024-11-12 15:10:50 | Simulation update: decoder round 62414, completed instructions: 728/49943, actively running or decoding instructions: 3, waiting windows: 1576/3418. Max active instruction index: 726
2024-11-12 15:11:00 | Simulation update: decoder round 125446, completed instructions: 1468/49943, actively running or decoding instructions: 3, waiting windows: 3129/6806. Max active instruction index: 1466
2024-11-12 15:11:10 | Simulation update: decoder round 188805, completed instructions: 2218/49943, actively running or decoding instructions: 5, waiting windows: 4689/10204. Max active instruction index: 2216
2024-11-12 15:11:20 | Simulation update: decoder round 251743, completed instructions: 2972/49943, actively running or decoding instructions: 4, waiting windows: 6249/13609. Max active instruction index: 2973
2024-11-12 15:11:30 | Simulation update: decoder round 315146, completed instructions: 3741/49943, actively running or decoding instructions: 4, waiting windows: 7782/16969. Max active instruction index: 3739
2024-11-12 15:11:40 | Simulation update: decoder round 378773, completed instructions: 4495/49943, actively running or decoding instructions: 4, waiting windows: 9307/20319. Max active instruction index: 4493
2024-11-12 15:11:50 | Simulation update: decoder round 442066, completed instructions: 5265/49943, actively running or decoding instructions: 3, waiting windows: 10845/23692. Max active instruction index: 5263
2024-11-12 15:12:00 | Simulation update: decoder round 505949, completed instructions: 6045/49943, actively running or decoding instructions: 3, waiting windows: 12387/27067. Max active instruction index: 6043
2024-11-12 15:12:10 | Simulation update: decoder round 569094, completed instructions: 6795/49943, actively running or decoding instructions: 3, waiting windows: 13942/30443. Max active instruction index: 6796
2024-11-12 15:12:20 | Simulation update: decoder round 632650, completed instructions: 7554/49943, actively running or decoding instructions: 4, waiting windows: 15470/33788. Max active instruction index: 7552
2024-11-12 15:12:30 | Simulation update: decoder round 695463, completed instructions: 8324/49943, actively running or decoding instructions: 4, waiting windows: 16999/37140. Max active instruction index: 8322
2024-11-12 15:12:40 | Simulation update: decoder round 755079, completed instructions: 9025/49943, actively running or decoding instructions: 3, waiting windows: 18487/40385. Max active instruction index: 9023
2024-11-12 15:12:50 | Simulation update: decoder round 817417, completed instructions: 9769/49943, actively running or decoding instructions: 5, waiting windows: 20044/43792. Max active instruction index: 9771
2024-11-12 15:13:00 | Simulation update: decoder round 879261, completed instructions: 10528/49943, actively running or decoding instructions: 3, waiting windows: 21607/47207. Max active instruction index: 10526
2024-11-12 15:13:10 | Simulation update: decoder round 942211, completed instructions: 11284/49943, actively running or decoding instructions: 2, waiting windows: 23157/50600. Max active instruction index: 11284
2024-11-12 15:13:20 | Simulation update: decoder round 1004892, completed instructions: 12027/49943, actively running or decoding instructions: 4, waiting windows: 24739/54028. Max active instruction index: 12025
2024-11-12 15:13:30 | Simulation update: decoder round 1067083, completed instructions: 12776/49943, actively running or decoding instructions: 3, waiting windows: 26300/57441. Max active instruction index: 12774
2024-11-12 15:13:40 | Simulation update: decoder round 1128762, completed instructions: 13515/49943, actively running or decoding instructions: 2, waiting windows: 27870/60860. Max active instruction index: 13515
2024-11-12 15:13:50 | Simulation update: decoder round 1191957, completed instructions: 14259/49943, actively running or decoding instructions: 3, waiting windows: 29427/64253. Max active instruction index: 14257
2024-11-12 15:14:00 | Simulation update: decoder round 1254464, completed instructions: 15002/49943, actively running or decoding instructions: 3, waiting windows: 30984/67639. Max active instruction index: 15000
2024-11-12 15:14:10 | Simulation update: decoder round 1316583, completed instructions: 15741/49943, actively running or decoding instructions: 3, waiting windows: 32565/71078. Max active instruction index: 15738
2024-11-12 15:14:20 | Simulation update: decoder round 1379401, completed instructions: 16496/49943, actively running or decoding instructions: 3, waiting windows: 34108/74459. Max active instruction index: 16496
2024-11-12 15:14:30 | Simulation update: decoder round 1440783, completed instructions: 17218/49943, actively running or decoding instructions: 3, waiting windows: 35679/77884. Max active instruction index: 17216
2024-11-12 15:14:40 | Simulation update: decoder round 1503977, completed instructions: 17968/49943, actively running or decoding instructions: 3, waiting windows: 37224/81261. Max active instruction index: 17968
2024-11-12 15:14:50 | Simulation update: decoder round 1565357, completed instructions: 18706/49943, actively running or decoding instructions: 3, waiting windows: 38809/84708. Max active instruction index: 18704
2024-11-12 15:15:00 | Simulation update: decoder round 1628530, completed instructions: 19486/49943, actively running or decoding instructions: 4, waiting windows: 40361/88098. Max active instruction index: 19484
2024-11-12 15:15:10 | Simulation update: decoder round 1691087, completed instructions: 20244/49943, actively running or decoding instructions: 3, waiting windows: 41919/91501. Max active instruction index: 20242
2024-11-12 15:15:20 | Simulation update: decoder round 1753984, completed instructions: 21009/49943, actively running or decoding instructions: 3, waiting windows: 43472/94906. Max active instruction index: 21007
2024-11-12 15:15:30 | Simulation update: decoder round 1816521, completed instructions: 21764/49943, actively running or decoding instructions: 4, waiting windows: 45041/98323. Max active instruction index: 21762
2024-11-12 15:15:40 | Simulation update: decoder round 1879236, completed instructions: 22529/49943, actively running or decoding instructions: 4, waiting windows: 46598/101732. Max active instruction index: 22527
2024-11-12 15:15:50 | Simulation update: decoder round 1942694, completed instructions: 23289/49943, actively running or decoding instructions: 3, waiting windows: 48160/105139. Max active instruction index: 23289
