CONFIG 209
benchmark_file: slurm/data/20241114_111419/benchmarks/adder_n28.lss
decoder_latency_or_dist_filename: slurm/data/20241114_111419/decoder_dists.json
distance: 21
lightweight_setting: 2
max_parallel_processes: None
missed_speculation_modifier: 1.4
poison_policy: successors
rng: 0
scheduling_method: aligned
speculation_accuracy: 0.9
speculation_latency: 1
speculation_mode: separate
2024-11-14 11:14:40 | Loading benchmark slurm/data/20241114_111419/benchmarks/adder_n28.lss...
2024-11-14 11:14:41 | Starting simulation
2024-11-14 11:14:41 | Simulation update: decoder round 1, completed instructions: 0/2839, actively running or decoding instructions: 7, waiting windows: 0/0. Max active instruction index: 30
2024-11-14 11:14:51 | Simulation update: decoder round 1982, completed instructions: 303/2839, actively running or decoding instructions: 11, waiting windows: 1468/2810. Max active instruction index: 310
2024-11-14 11:15:01 | Simulation update: decoder round 4076, completed instructions: 483/2839, actively running or decoding instructions: 7, waiting windows: 2786/5565. Max active instruction index: 482
2024-11-14 11:15:11 | Simulation update: decoder round 6116, completed instructions: 896/2839, actively running or decoding instructions: 20, waiting windows: 4220/8584. Max active instruction index: 926
2024-11-14 11:15:21 | Simulation update: decoder round 8714, completed instructions: 1360/2839, actively running or decoding instructions: 16, waiting windows: 5713/11864. Max active instruction index: 1364
2024-11-14 11:15:31 | Simulation update: decoder round 11672, completed instructions: 1933/2839, actively running or decoding instructions: 9, waiting windows: 7029/14946. Max active instruction index: 1918
2024-11-14 11:15:41 | Simulation update: decoder round 17487, completed instructions: 2695/2839, actively running or decoding instructions: 11, waiting windows: 8594/18579. Max active instruction index: 2669
2024-11-14 11:15:42 | Finished simulation
2024-11-14 11:15:42 | Finished saving output. Done! Total elapsed time: 0:01:01.485747
