CONFIG 366
benchmark_file: slurm/data/20241114_111419/benchmarks/qpeexact_10.lss
decoder_latency_or_dist_filename: slurm/data/20241114_111419/decoder_dists.json
distance: 21
lightweight_setting: 2
max_parallel_processes: None
missed_speculation_modifier: 1.4
poison_policy: successors
rng: 0
scheduling_method: aligned
speculation_accuracy: 0.9
speculation_latency: 1
speculation_mode: None
2024-11-14 11:14:42 | Loading benchmark slurm/data/20241114_111419/benchmarks/qpeexact_10.lss...
2024-11-14 11:14:48 | Starting simulation
2024-11-14 11:14:56 | Simulation update: decoder round 1, completed instructions: 0/87192, actively running or decoding instructions: 1, waiting windows: 0/0. Max active instruction index: 0
2024-11-14 11:15:06 | Simulation update: decoder round 114, completed instructions: 5/87192, actively running or decoding instructions: 2, waiting windows: 8/8. Max active instruction index: 1
2024-11-14 11:15:16 | Simulation update: decoder round 226, completed instructions: 5/87192, actively running or decoding instructions: 2, waiting windows: 16/18. Max active instruction index: 1
2024-11-14 11:15:26 | Simulation update: decoder round 338, completed instructions: 6/87192, actively running or decoding instructions: 3, waiting windows: 25/30. Max active instruction index: 6
2024-11-14 11:15:37 | Simulation update: decoder round 451, completed instructions: 10/87192, actively running or decoding instructions: 3, waiting windows: 34/42. Max active instruction index: 6
2024-11-14 11:15:47 | Simulation update: decoder round 564, completed instructions: 10/87192, actively running or decoding instructions: 3, waiting windows: 38/52. Max active instruction index: 6
2024-11-14 11:15:57 | Simulation update: decoder round 677, completed instructions: 10/87192, actively running or decoding instructions: 3, waiting windows: 44/64. Max active instruction index: 6
2024-11-14 11:16:07 | Simulation update: decoder round 789, completed instructions: 15/87192, actively running or decoding instructions: 3, waiting windows: 51/76. Max active instruction index: 11
2024-11-14 11:16:17 | Simulation update: decoder round 901, completed instructions: 15/87192, actively running or decoding instructions: 2, waiting windows: 53/86. Max active instruction index: 11
2024-11-14 11:16:27 | Simulation update: decoder round 1013, completed instructions: 19/87192, actively running or decoding instructions: 3, waiting windows: 57/97. Max active instruction index: 21
2024-11-14 11:16:37 | Simulation update: decoder round 1124, completed instructions: 20/87192, actively running or decoding instructions: 2, waiting windows: 63/108. Max active instruction index: 16
2024-11-14 11:16:47 | Simulation update: decoder round 1235, completed instructions: 20/87192, actively running or decoding instructions: 2, waiting windows: 67/118. Max active instruction index: 16
2024-11-14 11:16:57 | Simulation update: decoder round 1346, completed instructions: 20/87192, actively running or decoding instructions: 2, waiting windows: 73/128. Max active instruction index: 16
2024-11-14 11:17:07 | Simulation update: decoder round 1458, completed instructions: 25/87192, actively running or decoding instructions: 3, waiting windows: 76/138. Max active instruction index: 22
2024-11-14 11:17:17 | Simulation update: decoder round 1570, completed instructions: 25/87192, actively running or decoding instructions: 3, waiting windows: 74/143. Max active instruction index: 22
2024-11-14 11:17:27 | Simulation update: decoder round 1683, completed instructions: 25/87192, actively running or decoding instructions: 3, waiting windows: 75/149. Max active instruction index: 22
2024-11-14 11:17:37 | Simulation update: decoder round 1795, completed instructions: 32/87192, actively running or decoding instructions: 5, waiting windows: 79/157. Max active instruction index: 28
2024-11-14 11:17:47 | Simulation update: decoder round 1907, completed instructions: 32/87192, actively running or decoding instructions: 4, waiting windows: 86/167. Max active instruction index: 28
2024-11-14 11:17:57 | Simulation update: decoder round 2019, completed instructions: 32/87192, actively running or decoding instructions: 4, waiting windows: 92/177. Max active instruction index: 28
2024-11-14 11:18:07 | Simulation update: decoder round 2131, completed instructions: 33/87192, actively running or decoding instructions: 5, waiting windows: 98/189. Max active instruction index: 33
2024-11-14 11:18:17 | Simulation update: decoder round 2243, completed instructions: 36/87192, actively running or decoding instructions: 5, waiting windows: 102/196. Max active instruction index: 33
2024-11-14 11:18:27 | Simulation update: decoder round 2355, completed instructions: 36/87192, actively running or decoding instructions: 3, waiting windows: 100/202. Max active instruction index: 33
2024-11-14 11:18:37 | Simulation update: decoder round 2467, completed instructions: 36/87192, actively running or decoding instructions: 3, waiting windows: 101/207. Max active instruction index: 33
2024-11-14 11:18:47 | Simulation update: decoder round 2579, completed instructions: 43/87192, actively running or decoding instructions: 4, waiting windows: 105/215. Max active instruction index: 39
2024-11-14 11:18:57 | Simulation update: decoder round 2691, completed instructions: 43/87192, actively running or decoding instructions: 4, waiting windows: 112/227. Max active instruction index: 39
