CONFIG 1092
benchmark_file: slurm/data/20241128_080336/benchmarks/fermi_hubbard_2_2.lss
decoder_latency_or_dist_filename: slurm/data/20241128_080336/decoder_dists.json
distance: 21
lightweight_setting: 2
max_parallel_processes: None
missed_speculation_modifier: 1.4
poison_policy: successors
rng: 3
scheduling_method: parallel
speculation_accuracy: 0.9
speculation_latency: 1
speculation_mode: None
2024-11-28 09:04:00 | Loading benchmark slurm/data/20241128_080336/benchmarks/fermi_hubbard_2_2.lss...
2024-11-28 09:04:02 | Starting simulation
2024-11-28 09:04:04 | Simulation update: decoder round 1, completed instructions: 0/21751, actively running or decoding instructions: 14, waiting windows: 0/0. Max active instruction index: 50
2024-11-28 09:04:14 | Simulation update: decoder round 498, completed instructions: 59/21751, actively running or decoding instructions: 8, waiting windows: 256/339. Max active instruction index: 59
2024-11-28 09:04:24 | Simulation update: decoder round 1003, completed instructions: 74/21751, actively running or decoding instructions: 6, waiting windows: 408/659. Max active instruction index: 78
2024-11-28 09:04:34 | Simulation update: decoder round 1502, completed instructions: 83/21751, actively running or decoding instructions: 2, waiting windows: 575/993. Max active instruction index: 79
2024-11-28 09:04:44 | Simulation update: decoder round 2002, completed instructions: 90/21751, actively running or decoding instructions: 2, waiting windows: 737/1322. Max active instruction index: 87
2024-11-28 09:04:55 | Simulation update: decoder round 2497, completed instructions: 98/21751, actively running or decoding instructions: 5, waiting windows: 882/1627. Max active instruction index: 95
2024-11-28 09:05:05 | Simulation update: decoder round 2989, completed instructions: 110/21751, actively running or decoding instructions: 5, waiting windows: 1044/1942. Max active instruction index: 107
2024-11-28 09:05:15 | Simulation update: decoder round 3483, completed instructions: 122/21751, actively running or decoding instructions: 5, waiting windows: 1195/2247. Max active instruction index: 119
2024-11-28 09:05:25 | Simulation update: decoder round 3979, completed instructions: 130/21751, actively running or decoding instructions: 5, waiting windows: 1353/2563. Max active instruction index: 127
2024-11-28 09:05:35 | Simulation update: decoder round 4473, completed instructions: 142/21751, actively running or decoding instructions: 5, waiting windows: 1504/2869. Max active instruction index: 139
2024-11-28 09:05:45 | Simulation update: decoder round 4953, completed instructions: 147/21751, actively running or decoding instructions: 8, waiting windows: 1650/3172. Max active instruction index: 150
2024-11-28 09:05:55 | Simulation update: decoder round 5452, completed instructions: 154/21751, actively running or decoding instructions: 6, waiting windows: 1804/3486. Max active instruction index: 151
2024-11-28 09:06:05 | Simulation update: decoder round 5949, completed instructions: 170/21751, actively running or decoding instructions: 5, waiting windows: 1958/3806. Max active instruction index: 167
2024-11-28 09:06:15 | Simulation update: decoder round 6448, completed instructions: 174/21751, actively running or decoding instructions: 2, waiting windows: 2115/4118. Max active instruction index: 174
2024-11-28 09:06:25 | Simulation update: decoder round 6946, completed instructions: 191/21751, actively running or decoding instructions: 8, waiting windows: 2268/4430. Max active instruction index: 191
2024-11-28 09:06:35 | Simulation update: decoder round 7448, completed instructions: 194/21751, actively running or decoding instructions: 2, waiting windows: 2425/4743. Max active instruction index: 194
2024-11-28 09:06:45 | Simulation update: decoder round 7947, completed instructions: 211/21751, actively running or decoding instructions: 5, waiting windows: 2580/5061. Max active instruction index: 210
2024-11-28 09:06:55 | Simulation update: decoder round 8449, completed instructions: 214/21751, actively running or decoding instructions: 5, waiting windows: 2740/5376. Max active instruction index: 211
2024-11-28 09:07:05 | Simulation update: decoder round 8951, completed instructions: 226/21751, actively running or decoding instructions: 2, waiting windows: 2895/5692. Max active instruction index: 223
2024-11-28 09:07:15 | Simulation update: decoder round 9455, completed instructions: 239/21751, actively running or decoding instructions: 8, waiting windows: 3069/6028. Max active instruction index: 235
2024-11-28 09:07:25 | Simulation update: decoder round 9958, completed instructions: 246/21751, actively running or decoding instructions: 2, waiting windows: 3219/6351. Max active instruction index: 243
2024-11-28 09:07:35 | Simulation update: decoder round 10461, completed instructions: 258/21751, actively running or decoding instructions: 5, waiting windows: 3373/6668. Max active instruction index: 255
2024-11-28 09:07:45 | Simulation update: decoder round 10966, completed instructions: 270/21751, actively running or decoding instructions: 8, waiting windows: 3534/6987. Max active instruction index: 267
2024-11-28 09:07:55 | Simulation update: decoder round 11468, completed instructions: 278/21751, actively running or decoding instructions: 5, waiting windows: 3694/7303. Max active instruction index: 275
2024-11-28 09:08:05 | Simulation update: decoder round 11969, completed instructions: 290/21751, actively running or decoding instructions: 5, waiting windows: 3845/7611. Max active instruction index: 287
2024-11-28 09:08:15 | Simulation update: decoder round 12472, completed instructions: 298/21751, actively running or decoding instructions: 5, waiting windows: 4002/7928. Max active instruction index: 295
2024-11-28 09:08:25 | Simulation update: decoder round 12975, completed instructions: 310/21751, actively running or decoding instructions: 5, waiting windows: 4152/8244. Max active instruction index: 307
2024-11-28 09:08:35 | Simulation update: decoder round 13479, completed instructions: 322/21751, actively running or decoding instructions: 8, waiting windows: 4312/8563. Max active instruction index: 319
2024-11-28 09:08:45 | Simulation update: decoder round 13986, completed instructions: 334/21751, actively running or decoding instructions: 5, waiting windows: 4468/8880. Max active instruction index: 331
2024-11-28 09:08:55 | Simulation update: decoder round 14475, completed instructions: 346/21751, actively running or decoding instructions: 5, waiting windows: 4630/9195. Max active instruction index: 343
2024-11-28 09:09:05 | Simulation update: decoder round 14982, completed instructions: 354/21751, actively running or decoding instructions: 5, waiting windows: 4784/9513. Max active instruction index: 351
2024-11-28 09:09:15 | Simulation update: decoder round 15489, completed instructions: 362/21751, actively running or decoding instructions: 5, waiting windows: 4937/9829. Max active instruction index: 359
2024-11-28 09:09:25 | Simulation update: decoder round 15996, completed instructions: 374/21751, actively running or decoding instructions: 5, waiting windows: 5092/10146. Max active instruction index: 371
2024-11-28 09:09:35 | Simulation update: decoder round 16505, completed instructions: 379/21751, actively running or decoding instructions: 8, waiting windows: 5249/10463. Max active instruction index: 382
2024-11-28 09:09:45 | Simulation update: decoder round 17018, completed instructions: 386/21751, actively running or decoding instructions: 8, waiting windows: 5408/10790. Max active instruction index: 383
2024-11-28 09:09:55 | Simulation update: decoder round 17530, completed instructions: 398/21751, actively running or decoding instructions: 3, waiting windows: 5565/11108. Max active instruction index: 395
2024-11-28 09:10:05 | Simulation update: decoder round 18041, completed instructions: 410/21751, actively running or decoding instructions: 2, waiting windows: 5725/11438. Max active instruction index: 407
2024-11-28 09:10:15 | Simulation update: decoder round 18553, completed instructions: 422/21751, actively running or decoding instructions: 5, waiting windows: 5881/11759. Max active instruction index: 419
2024-11-28 09:10:25 | Simulation update: decoder round 19065, completed instructions: 434/21751, actively running or decoding instructions: 2, waiting windows: 6041/12078. Max active instruction index: 431
2024-11-28 09:10:35 | Simulation update: decoder round 19578, completed instructions: 442/21751, actively running or decoding instructions: 3, waiting windows: 6205/12405. Max active instruction index: 439
2024-11-28 09:10:45 | Simulation update: decoder round 20089, completed instructions: 450/21751, actively running or decoding instructions: 5, waiting windows: 6360/12723. Max active instruction index: 447
2024-11-28 09:10:55 | Simulation update: decoder round 20600, completed instructions: 458/21751, actively running or decoding instructions: 5, waiting windows: 6518/13041. Max active instruction index: 455
2024-11-28 09:11:05 | Simulation update: decoder round 21111, completed instructions: 471/21751, actively running or decoding instructions: 6, waiting windows: 6699/13387. Max active instruction index: 467
2024-11-28 09:11:15 | Simulation update: decoder round 21625, completed instructions: 478/21751, actively running or decoding instructions: 2, waiting windows: 6848/13711. Max active instruction index: 475
2024-11-28 09:11:25 | Simulation update: decoder round 22139, completed instructions: 490/21751, actively running or decoding instructions: 5, waiting windows: 7011/14040. Max active instruction index: 487
2024-11-28 09:11:35 | Simulation update: decoder round 22654, completed instructions: 503/21751, actively running or decoding instructions: 5, waiting windows: 7183/14381. Max active instruction index: 499
2024-11-28 09:11:45 | Simulation update: decoder round 23171, completed instructions: 522/21751, actively running or decoding instructions: 8, waiting windows: 7353/14715. Max active instruction index: 519
2024-11-28 09:11:55 | Simulation update: decoder round 23671, completed instructions: 531/21751, actively running or decoding instructions: 5, waiting windows: 7501/15029. Max active instruction index: 531
2024-11-28 09:12:05 | Simulation update: decoder round 24188, completed instructions: 538/21751, actively running or decoding instructions: 2, waiting windows: 7653/15346. Max active instruction index: 538
2024-11-28 09:12:15 | Simulation update: decoder round 24709, completed instructions: 547/21751, actively running or decoding instructions: 2, waiting windows: 7836/15695. Max active instruction index: 543
2024-11-28 09:12:25 | Simulation update: decoder round 25227, completed instructions: 562/21751, actively running or decoding instructions: 5, waiting windows: 7997/16028. Max active instruction index: 559
2024-11-28 09:12:35 | Simulation update: decoder round 25747, completed instructions: 574/21751, actively running or decoding instructions: 5, waiting windows: 8159/16358. Max active instruction index: 571
2024-11-28 09:12:45 | Simulation update: decoder round 26266, completed instructions: 586/21751, actively running or decoding instructions: 8, waiting windows: 8316/16680. Max active instruction index: 583
2024-11-28 09:12:55 | Simulation update: decoder round 26790, completed instructions: 598/21751, actively running or decoding instructions: 5, waiting windows: 8475/17008. Max active instruction index: 595
2024-11-28 09:13:05 | Simulation update: decoder round 27312, completed instructions: 606/21751, actively running or decoding instructions: 5, waiting windows: 8645/17339. Max active instruction index: 603
2024-11-28 09:13:15 | Simulation update: decoder round 27837, completed instructions: 618/21751, actively running or decoding instructions: 5, waiting windows: 8805/17669. Max active instruction index: 615
2024-11-28 09:13:25 | Simulation update: decoder round 28362, completed instructions: 630/21751, actively running or decoding instructions: 8, waiting windows: 8965/18001. Max active instruction index: 627
2024-11-28 09:13:35 | Simulation update: decoder round 28889, completed instructions: 642/21751, actively running or decoding instructions: 5, waiting windows: 9127/18331. Max active instruction index: 639
2024-11-28 09:13:45 | Simulation update: decoder round 29417, completed instructions: 654/21751, actively running or decoding instructions: 5, waiting windows: 9289/18662. Max active instruction index: 651
2024-11-28 09:13:55 | Simulation update: decoder round 29941, completed instructions: 662/21751, actively running or decoding instructions: 2, waiting windows: 9454/18992. Max active instruction index: 659
2024-11-28 09:14:05 | Simulation update: decoder round 30468, completed instructions: 674/21751, actively running or decoding instructions: 2, waiting windows: 9610/19325. Max active instruction index: 671
2024-11-28 09:14:15 | Simulation update: decoder round 30998, completed instructions: 687/21751, actively running or decoding instructions: 5, waiting windows: 9790/19670. Max active instruction index: 690
2024-11-28 09:14:25 | Simulation update: decoder round 31523, completed instructions: 702/21751, actively running or decoding instructions: 2, waiting windows: 9973/20022. Max active instruction index: 699
2024-11-28 09:14:35 | Simulation update: decoder round 32057, completed instructions: 714/21751, actively running or decoding instructions: 8, waiting windows: 10128/20356. Max active instruction index: 711
2024-11-28 09:14:45 | Simulation update: decoder round 32589, completed instructions: 726/21751, actively running or decoding instructions: 5, waiting windows: 10289/20687. Max active instruction index: 723
2024-11-28 09:14:55 | Simulation update: decoder round 33120, completed instructions: 734/21751, actively running or decoding instructions: 5, waiting windows: 10465/21028. Max active instruction index: 731
2024-11-28 09:15:05 | Simulation update: decoder round 33649, completed instructions: 742/21751, actively running or decoding instructions: 5, waiting windows: 10620/21359. Max active instruction index: 739
2024-11-28 09:15:15 | Simulation update: decoder round 34159, completed instructions: 750/21751, actively running or decoding instructions: 5, waiting windows: 10772/21676. Max active instruction index: 747
2024-11-28 09:15:25 | Simulation update: decoder round 34690, completed instructions: 762/21751, actively running or decoding instructions: 8, waiting windows: 10936/22010. Max active instruction index: 759
2024-11-28 09:15:35 | Simulation update: decoder round 35222, completed instructions: 770/21751, actively running or decoding instructions: 5, waiting windows: 11110/22350. Max active instruction index: 767
2024-11-28 09:15:45 | Simulation update: decoder round 35755, completed instructions: 779/21751, actively running or decoding instructions: 5, waiting windows: 11283/22700. Max active instruction index: 775
2024-11-28 09:15:55 | Simulation update: decoder round 36289, completed instructions: 799/21751, actively running or decoding instructions: 5, waiting windows: 11456/23046. Max active instruction index: 795
2024-11-28 09:16:05 | Simulation update: decoder round 36821, completed instructions: 806/21751, actively running or decoding instructions: 2, waiting windows: 11636/23394. Max active instruction index: 803
2024-11-28 09:16:15 | Simulation update: decoder round 37357, completed instructions: 818/21751, actively running or decoding instructions: 5, waiting windows: 11786/23726. Max active instruction index: 815
2024-11-28 09:16:25 | Simulation update: decoder round 37893, completed instructions: 830/21751, actively running or decoding instructions: 5, waiting windows: 11957/24067. Max active instruction index: 827
2024-11-28 09:16:35 | Simulation update: decoder round 38430, completed instructions: 838/21751, actively running or decoding instructions: 5, waiting windows: 12122/24398. Max active instruction index: 835
2024-11-28 09:16:45 | Simulation update: decoder round 38968, completed instructions: 851/21751, actively running or decoding instructions: 5, waiting windows: 12298/24746. Max active instruction index: 847
2024-11-28 09:16:55 | Simulation update: decoder round 39506, completed instructions: 859/21751, actively running or decoding instructions: 2, waiting windows: 12484/25109. Max active instruction index: 855
2024-11-28 09:17:05 | Simulation update: decoder round 40044, completed instructions: 866/21751, actively running or decoding instructions: 2, waiting windows: 12646/25455. Max active instruction index: 863
2024-11-28 09:17:15 | Simulation update: decoder round 40578, completed instructions: 874/21751, actively running or decoding instructions: 3, waiting windows: 12811/25795. Max active instruction index: 871
2024-11-28 09:17:25 | Simulation update: decoder round 41110, completed instructions: 882/21751, actively running or decoding instructions: 5, waiting windows: 12978/26126. Max active instruction index: 879
2024-11-28 09:17:35 | Simulation update: decoder round 41645, completed instructions: 891/21751, actively running or decoding instructions: 5, waiting windows: 13157/26477. Max active instruction index: 887
2024-11-28 09:17:45 | Simulation update: decoder round 42183, completed instructions: 898/21751, actively running or decoding instructions: 2, waiting windows: 13315/26816. Max active instruction index: 895
2024-11-28 09:17:55 | Simulation update: decoder round 42722, completed instructions: 910/21751, actively running or decoding instructions: 8, waiting windows: 13486/27161. Max active instruction index: 907
2024-11-28 09:18:05 | Simulation update: decoder round 43261, completed instructions: 923/21751, actively running or decoding instructions: 8, waiting windows: 13674/27520. Max active instruction index: 919
2024-11-28 09:18:15 | Simulation update: decoder round 43799, completed instructions: 942/21751, actively running or decoding instructions: 9, waiting windows: 13838/27861. Max active instruction index: 946
2024-11-28 09:18:25 | Simulation update: decoder round 44339, completed instructions: 950/21751, actively running or decoding instructions: 2, waiting windows: 14015/28221. Max active instruction index: 947
2024-11-28 09:18:35 | Simulation update: decoder round 44879, completed instructions: 958/21751, actively running or decoding instructions: 5, waiting windows: 14183/28563. Max active instruction index: 955
2024-11-28 09:18:45 | Simulation update: decoder round 45421, completed instructions: 966/21751, actively running or decoding instructions: 5, waiting windows: 14344/28896. Max active instruction index: 963
2024-11-28 09:18:55 | Simulation update: decoder round 45943, completed instructions: 978/21751, actively running or decoding instructions: 8, waiting windows: 14506/29229. Max active instruction index: 975
2024-11-28 09:19:05 | Simulation update: decoder round 46488, completed instructions: 990/21751, actively running or decoding instructions: 8, waiting windows: 14676/29573. Max active instruction index: 987
2024-11-28 09:19:15 | Simulation update: decoder round 47033, completed instructions: 1003/21751, actively running or decoding instructions: 8, waiting windows: 14860/29929. Max active instruction index: 999
2024-11-28 09:19:25 | Simulation update: decoder round 47575, completed instructions: 1010/21751, actively running or decoding instructions: 2, waiting windows: 15027/30284. Max active instruction index: 1007
2024-11-28 09:19:35 | Simulation update: decoder round 48123, completed instructions: 1022/21751, actively running or decoding instructions: 5, waiting windows: 15193/30627. Max active instruction index: 1019
2024-11-28 09:19:45 | Simulation update: decoder round 48674, completed instructions: 1034/21751, actively running or decoding instructions: 5, waiting windows: 15366/30971. Max active instruction index: 1031
2024-11-28 09:19:55 | Simulation update: decoder round 49225, completed instructions: 1046/21751, actively running or decoding instructions: 2, waiting windows: 15539/31324. Max active instruction index: 1043
2024-11-28 09:20:05 | Simulation update: decoder round 49771, completed instructions: 1058/21751, actively running or decoding instructions: 5, waiting windows: 15712/31670. Max active instruction index: 1055
2024-11-28 09:20:15 | Simulation update: decoder round 50321, completed instructions: 1074/21751, actively running or decoding instructions: 2, waiting windows: 15880/32016. Max active instruction index: 1074
2024-11-28 09:20:25 | Simulation update: decoder round 50869, completed instructions: 1105/21751, actively running or decoding instructions: 2, waiting windows: 16068/32402. Max active instruction index: 1100
2024-11-28 09:20:35 | Simulation update: decoder round 51419, completed instructions: 1119/21751, actively running or decoding instructions: 5, waiting windows: 16254/32773. Max active instruction index: 1114
2024-11-28 09:20:45 | Simulation update: decoder round 51969, completed instructions: 1134/21751, actively running or decoding instructions: 5, waiting windows: 16452/33165. Max active instruction index: 1128
2024-11-28 09:20:55 | Simulation update: decoder round 52518, completed instructions: 1157/21751, actively running or decoding instructions: 8, waiting windows: 16641/33547. Max active instruction index: 1152
2024-11-28 09:21:06 | Simulation update: decoder round 53068, completed instructions: 1172/21751, actively running or decoding instructions: 5, waiting windows: 16829/33931. Max active instruction index: 1166
2024-11-28 09:21:16 | Simulation update: decoder round 53619, completed instructions: 1181/21751, actively running or decoding instructions: 2, waiting windows: 17025/34323. Max active instruction index: 1176
2024-11-28 09:21:26 | Simulation update: decoder round 54172, completed instructions: 1196/21751, actively running or decoding instructions: 8, waiting windows: 17207/34706. Max active instruction index: 1190
2024-11-28 09:21:36 | Simulation update: decoder round 54725, completed instructions: 1206/21751, actively running or decoding instructions: 2, waiting windows: 17402/35102. Max active instruction index: 1200
2024-11-28 09:21:46 | Simulation update: decoder round 55276, completed instructions: 1216/21751, actively running or decoding instructions: 2, waiting windows: 17604/35504. Max active instruction index: 1210
2024-11-28 09:21:56 | Simulation update: decoder round 55829, completed instructions: 1239/21751, actively running or decoding instructions: 5, waiting windows: 17782/35883. Max active instruction index: 1234
2024-11-28 09:22:06 | Simulation update: decoder round 56386, completed instructions: 1253/21751, actively running or decoding instructions: 5, waiting windows: 17975/36267. Max active instruction index: 1248
2024-11-28 09:22:16 | Simulation update: decoder round 56920, completed instructions: 1267/21751, actively running or decoding instructions: 8, waiting windows: 18150/36627. Max active instruction index: 1262
2024-11-28 09:22:26 | Simulation update: decoder round 57473, completed instructions: 1277/21751, actively running or decoding instructions: 5, waiting windows: 18329/37000. Max active instruction index: 1272
2024-11-28 09:22:36 | Simulation update: decoder round 58028, completed instructions: 1291/21751, actively running or decoding instructions: 8, waiting windows: 18514/37385. Max active instruction index: 1286
2024-11-28 09:22:46 | Simulation update: decoder round 58585, completed instructions: 1305/21751, actively running or decoding instructions: 8, waiting windows: 18703/37760. Max active instruction index: 1300
2024-11-28 09:22:56 | Simulation update: decoder round 59140, completed instructions: 1315/21751, actively running or decoding instructions: 5, waiting windows: 18889/38142. Max active instruction index: 1310
2024-11-28 09:23:06 | Simulation update: decoder round 59696, completed instructions: 1325/21751, actively running or decoding instructions: 5, waiting windows: 19070/38514. Max active instruction index: 1320
2024-11-28 09:23:16 | Simulation update: decoder round 60256, completed instructions: 1339/21751, actively running or decoding instructions: 8, waiting windows: 19265/38901. Max active instruction index: 1334
2024-11-28 09:23:26 | Simulation update: decoder round 60817, completed instructions: 1353/21751, actively running or decoding instructions: 8, waiting windows: 19452/39287. Max active instruction index: 1348
2024-11-28 09:23:36 | Simulation update: decoder round 61379, completed instructions: 1368/21751, actively running or decoding instructions: 5, waiting windows: 19644/39679. Max active instruction index: 1362
2024-11-28 09:23:46 | Simulation update: decoder round 61944, completed instructions: 1391/21751, actively running or decoding instructions: 5, waiting windows: 19836/40068. Max active instruction index: 1386
2024-11-28 09:23:56 | Simulation update: decoder round 62511, completed instructions: 1406/21751, actively running or decoding instructions: 5, waiting windows: 20028/40458. Max active instruction index: 1400
2024-11-28 09:24:06 | Simulation update: decoder round 63073, completed instructions: 1415/21751, actively running or decoding instructions: 2, waiting windows: 20218/40852. Max active instruction index: 1410
2024-11-28 09:24:16 | Simulation update: decoder round 63637, completed instructions: 1435/21751, actively running or decoding instructions: 2, waiting windows: 20426/41258. Max active instruction index: 1430
2024-11-28 09:24:26 | Simulation update: decoder round 64203, completed instructions: 1445/21751, actively running or decoding instructions: 5, waiting windows: 20613/41642. Max active instruction index: 1440
2024-11-28 09:24:36 | Simulation update: decoder round 64772, completed instructions: 1459/21751, actively running or decoding instructions: 8, waiting windows: 20801/42031. Max active instruction index: 1454
2024-11-28 09:24:46 | Simulation update: decoder round 65342, completed instructions: 1474/21751, actively running or decoding instructions: 3, waiting windows: 20994/42429. Max active instruction index: 1468
2024-11-28 09:24:56 | Simulation update: decoder round 65912, completed instructions: 1497/21751, actively running or decoding instructions: 5, waiting windows: 21187/42824. Max active instruction index: 1492
2024-11-28 09:25:06 | Simulation update: decoder round 66484, completed instructions: 1512/21751, actively running or decoding instructions: 8, waiting windows: 21381/43215. Max active instruction index: 1506
2024-11-28 09:25:16 | Simulation update: decoder round 67055, completed instructions: 1516/21751, actively running or decoding instructions: 2, waiting windows: 21593/43630. Max active instruction index: 1516
2024-11-28 09:25:26 | Simulation update: decoder round 67602, completed instructions: 1531/21751, actively running or decoding instructions: 2, waiting windows: 21782/44022. Max active instruction index: 1526
2024-11-28 09:25:36 | Simulation update: decoder round 68171, completed instructions: 1545/21751, actively running or decoding instructions: 8, waiting windows: 21973/44410. Max active instruction index: 1540
2024-11-28 09:25:46 | Simulation update: decoder round 68746, completed instructions: 1559/21751, actively running or decoding instructions: 5, waiting windows: 22162/44796. Max active instruction index: 1554
2024-11-28 09:25:56 | Simulation update: decoder round 69319, completed instructions: 1569/21751, actively running or decoding instructions: 5, waiting windows: 22349/45183. Max active instruction index: 1564
2024-11-28 09:26:06 | Simulation update: decoder round 69892, completed instructions: 1583/21751, actively running or decoding instructions: 5, waiting windows: 22539/45578. Max active instruction index: 1578
2024-11-28 09:26:16 | Simulation update: decoder round 70466, completed instructions: 1597/21751, actively running or decoding instructions: 5, waiting windows: 22727/45965. Max active instruction index: 1592
2024-11-28 09:26:26 | Simulation update: decoder round 71041, completed instructions: 1611/21751, actively running or decoding instructions: 6, waiting windows: 22919/46355. Max active instruction index: 1606
2024-11-28 09:26:36 | Simulation update: decoder round 71616, completed instructions: 1625/21751, actively running or decoding instructions: 5, waiting windows: 23113/46750. Max active instruction index: 1620
2024-11-28 09:26:46 | Simulation update: decoder round 72194, completed instructions: 1639/21751, actively running or decoding instructions: 5, waiting windows: 23307/47138. Max active instruction index: 1634
2024-11-28 09:26:56 | Simulation update: decoder round 72773, completed instructions: 1654/21751, actively running or decoding instructions: 5, waiting windows: 23526/47557. Max active instruction index: 1648
2024-11-28 09:27:06 | Simulation update: decoder round 73353, completed instructions: 1673/21751, actively running or decoding instructions: 2, waiting windows: 23720/47967. Max active instruction index: 1668
2024-11-28 09:27:16 | Simulation update: decoder round 73933, completed instructions: 1683/21751, actively running or decoding instructions: 5, waiting windows: 23911/48364. Max active instruction index: 1678
2024-11-28 09:27:26 | Simulation update: decoder round 74516, completed instructions: 1697/21751, actively running or decoding instructions: 8, waiting windows: 24105/48765. Max active instruction index: 1692
2024-11-28 09:27:36 | Simulation update: decoder round 75096, completed instructions: 1711/21751, actively running or decoding instructions: 2, waiting windows: 24292/49153. Max active instruction index: 1706
2024-11-28 09:27:46 | Simulation update: decoder round 75679, completed instructions: 1739/21751, actively running or decoding instructions: 8, waiting windows: 24496/49560. Max active instruction index: 1734
2024-11-28 09:27:56 | Simulation update: decoder round 76265, completed instructions: 1749/21751, actively running or decoding instructions: 5, waiting windows: 24689/49957. Max active instruction index: 1744
2024-11-28 09:28:06 | Simulation update: decoder round 76849, completed instructions: 1760/21751, actively running or decoding instructions: 5, waiting windows: 24887/50356. Max active instruction index: 1754
2024-11-28 09:28:16 | Simulation update: decoder round 77434, completed instructions: 1769/21751, actively running or decoding instructions: 2, waiting windows: 25090/50771. Max active instruction index: 1764
2024-11-28 09:28:26 | Simulation update: decoder round 78023, completed instructions: 1779/21751, actively running or decoding instructions: 5, waiting windows: 25284/51171. Max active instruction index: 1774
2024-11-28 09:28:36 | Simulation update: decoder round 78607, completed instructions: 1793/21751, actively running or decoding instructions: 8, waiting windows: 25485/51571. Max active instruction index: 1788
2024-11-28 09:28:46 | Simulation update: decoder round 79191, completed instructions: 1807/21751, actively running or decoding instructions: 2, waiting windows: 25671/51960. Max active instruction index: 1807
2024-11-28 09:28:56 | Simulation update: decoder round 79775, completed instructions: 1827/21751, actively running or decoding instructions: 2, waiting windows: 25886/52381. Max active instruction index: 1822
2024-11-28 09:29:06 | Simulation update: decoder round 80362, completed instructions: 1841/21751, actively running or decoding instructions: 8, waiting windows: 26080/52781. Max active instruction index: 1836
2024-11-28 09:29:16 | Simulation update: decoder round 80925, completed instructions: 1841/21751, actively running or decoding instructions: 6, waiting windows: 26269/53158. Max active instruction index: 1836
2024-11-28 09:29:26 | Simulation update: decoder round 81511, completed instructions: 1866/21751, actively running or decoding instructions: 8, waiting windows: 26476/53566. Max active instruction index: 1860
2024-11-28 09:29:36 | Simulation update: decoder round 82099, completed instructions: 1876/21751, actively running or decoding instructions: 2, waiting windows: 26679/53988. Max active instruction index: 1870
2024-11-28 09:29:46 | Simulation update: decoder round 82688, completed instructions: 1899/21751, actively running or decoding instructions: 5, waiting windows: 26881/54403. Max active instruction index: 1894
2024-11-28 09:29:56 | Simulation update: decoder round 83283, completed instructions: 1904/21751, actively running or decoding instructions: 5, waiting windows: 27075/54800. Max active instruction index: 1904
2024-11-28 09:30:06 | Simulation update: decoder round 83873, completed instructions: 1919/21751, actively running or decoding instructions: 2, waiting windows: 27284/55219. Max active instruction index: 1914
2024-11-28 09:30:16 | Simulation update: decoder round 84471, completed instructions: 1929/21751, actively running or decoding instructions: 5, waiting windows: 27480/55629. Max active instruction index: 1924
2024-11-28 09:30:26 | Simulation update: decoder round 85069, completed instructions: 1943/21751, actively running or decoding instructions: 2, waiting windows: 27673/56030. Max active instruction index: 1938
2024-11-28 09:30:36 | Simulation update: decoder round 85665, completed instructions: 1957/21751, actively running or decoding instructions: 5, waiting windows: 27879/56440. Max active instruction index: 1952
2024-11-28 09:30:46 | Simulation update: decoder round 86260, completed instructions: 1982/21751, actively running or decoding instructions: 5, waiting windows: 28079/56848. Max active instruction index: 1976
2024-11-28 09:30:56 | Simulation update: decoder round 86855, completed instructions: 1991/21751, actively running or decoding instructions: 2, waiting windows: 28287/57270. Max active instruction index: 1986
2024-11-28 09:31:06 | Simulation update: decoder round 87452, completed instructions: 2001/21751, actively running or decoding instructions: 5, waiting windows: 28490/57681. Max active instruction index: 1996
2024-11-28 09:31:16 | Simulation update: decoder round 88050, completed instructions: 2015/21751, actively running or decoding instructions: 5, waiting windows: 28689/58083. Max active instruction index: 2010
2024-11-28 09:31:26 | Simulation update: decoder round 88652, completed instructions: 2029/21751, actively running or decoding instructions: 8, waiting windows: 28892/58495. Max active instruction index: 2024
2024-11-28 09:31:36 | Simulation update: decoder round 89252, completed instructions: 2053/21751, actively running or decoding instructions: 2, waiting windows: 29113/58929. Max active instruction index: 2048
2024-11-28 09:31:46 | Simulation update: decoder round 89852, completed instructions: 2067/21751, actively running or decoding instructions: 5, waiting windows: 29299/59330. Max active instruction index: 2062
2024-11-28 09:31:56 | Simulation update: decoder round 90454, completed instructions: 2081/21751, actively running or decoding instructions: 8, waiting windows: 29503/59745. Max active instruction index: 2076
2024-11-28 09:32:06 | Simulation update: decoder round 91056, completed instructions: 2095/21751, actively running or decoding instructions: 8, waiting windows: 29693/60149. Max active instruction index: 2090
2024-11-28 09:32:16 | Simulation update: decoder round 91662, completed instructions: 2109/21751, actively running or decoding instructions: 8, waiting windows: 29901/60564. Max active instruction index: 2104
2024-11-28 09:32:26 | Simulation update: decoder round 92267, completed instructions: 2123/21751, actively running or decoding instructions: 5, waiting windows: 30105/60975. Max active instruction index: 2118
2024-11-28 09:32:36 | Simulation update: decoder round 92872, completed instructions: 2146/21751, actively running or decoding instructions: 8, waiting windows: 30310/61393. Max active instruction index: 2146
2024-11-28 09:32:46 | Simulation update: decoder round 93479, completed instructions: 2165/21751, actively running or decoding instructions: 8, waiting windows: 30513/61812. Max active instruction index: 2160
2024-11-28 09:32:56 | Simulation update: decoder round 94061, completed instructions: 2175/21751, actively running or decoding instructions: 5, waiting windows: 30704/62210. Max active instruction index: 2170
2024-11-28 09:33:06 | Simulation update: decoder round 94671, completed instructions: 2193/21751, actively running or decoding instructions: 5, waiting windows: 30913/62628. Max active instruction index: 2193
2024-11-28 09:33:16 | Simulation update: decoder round 95283, completed instructions: 2213/21751, actively running or decoding instructions: 5, waiting windows: 31126/63048. Max active instruction index: 2208
2024-11-28 09:33:26 | Simulation update: decoder round 95895, completed instructions: 2223/21751, actively running or decoding instructions: 5, waiting windows: 31316/63461. Max active instruction index: 2218
2024-11-28 09:33:36 | Simulation update: decoder round 96507, completed instructions: 2233/21751, actively running or decoding instructions: 2, waiting windows: 31521/63875. Max active instruction index: 2228
2024-11-28 09:33:46 | Simulation update: decoder round 97120, completed instructions: 2257/21751, actively running or decoding instructions: 2, waiting windows: 31748/64313. Max active instruction index: 2252
2024-11-28 09:33:56 | Simulation update: decoder round 97734, completed instructions: 2271/21751, actively running or decoding instructions: 8, waiting windows: 31945/64729. Max active instruction index: 2266
2024-11-28 09:34:06 | Simulation update: decoder round 98347, completed instructions: 2285/21751, actively running or decoding instructions: 7, waiting windows: 32154/65154. Max active instruction index: 2280
2024-11-28 09:34:16 | Simulation update: decoder round 98963, completed instructions: 2295/21751, actively running or decoding instructions: 5, waiting windows: 32352/65568. Max active instruction index: 2290
2024-11-28 09:34:26 | Simulation update: decoder round 99581, completed instructions: 2330/21751, actively running or decoding instructions: 4, waiting windows: 32589/66021. Max active instruction index: 2342
2024-11-28 09:34:36 | Simulation update: decoder round 100195, completed instructions: 2389/21751, actively running or decoding instructions: 19, waiting windows: 32829/66526. Max active instruction index: 2393
2024-11-28 09:34:46 | Simulation update: decoder round 100816, completed instructions: 2435/21751, actively running or decoding instructions: 12, waiting windows: 33050/66994. Max active instruction index: 2442
2024-11-28 09:34:56 | Simulation update: decoder round 101437, completed instructions: 2457/21751, actively running or decoding instructions: 9, waiting windows: 33270/67458. Max active instruction index: 2468
2024-11-28 09:35:06 | Simulation update: decoder round 102062, completed instructions: 2487/21751, actively running or decoding instructions: 8, waiting windows: 33495/67926. Max active instruction index: 2498
2024-11-28 09:35:16 | Simulation update: decoder round 102688, completed instructions: 2514/21751, actively running or decoding instructions: 7, waiting windows: 33725/68393. Max active instruction index: 2520
2024-11-28 09:35:26 | Simulation update: decoder round 103319, completed instructions: 2539/21751, actively running or decoding instructions: 5, waiting windows: 33944/68867. Max active instruction index: 2561
2024-11-28 09:35:36 | Simulation update: decoder round 103951, completed instructions: 2577/21751, actively running or decoding instructions: 4, waiting windows: 34201/69371. Max active instruction index: 2588
2024-11-28 09:35:46 | Simulation update: decoder round 104584, completed instructions: 2618/21751, actively running or decoding instructions: 9, waiting windows: 34444/69863. Max active instruction index: 2614
2024-11-28 09:35:56 | Simulation update: decoder round 105222, completed instructions: 2643/21751, actively running or decoding instructions: 6, waiting windows: 34676/70351. Max active instruction index: 2640
2024-11-28 09:36:06 | Simulation update: decoder round 105863, completed instructions: 2678/21751, actively running or decoding instructions: 10, waiting windows: 34909/70835. Max active instruction index: 2682
2024-11-28 09:36:16 | Simulation update: decoder round 106473, completed instructions: 2710/21751, actively running or decoding instructions: 9, waiting windows: 35157/71328. Max active instruction index: 2704
2024-11-28 09:36:26 | Simulation update: decoder round 107115, completed instructions: 2736/21751, actively running or decoding instructions: 9, waiting windows: 35391/71826. Max active instruction index: 2734
2024-11-28 09:36:36 | Simulation update: decoder round 107763, completed instructions: 2774/21751, actively running or decoding instructions: 9, waiting windows: 35624/72320. Max active instruction index: 2770
2024-11-28 09:36:46 | Simulation update: decoder round 108411, completed instructions: 2800/21751, actively running or decoding instructions: 6, waiting windows: 35870/72822. Max active instruction index: 2800
2024-11-28 09:36:56 | Simulation update: decoder round 109060, completed instructions: 2832/21751, actively running or decoding instructions: 10, waiting windows: 36120/73324. Max active instruction index: 2830
2024-11-28 09:37:06 | Simulation update: decoder round 109711, completed instructions: 2858/21751, actively running or decoding instructions: 7, waiting windows: 36360/73828. Max active instruction index: 2856
2024-11-28 09:37:16 | Simulation update: decoder round 110368, completed instructions: 2895/21751, actively running or decoding instructions: 6, waiting windows: 36598/74330. Max active instruction index: 2892
2024-11-28 09:37:26 | Simulation update: decoder round 111026, completed instructions: 2930/21751, actively running or decoding instructions: 9, waiting windows: 36838/74818. Max active instruction index: 2934
2024-11-28 09:37:36 | Simulation update: decoder round 111689, completed instructions: 2962/21751, actively running or decoding instructions: 12, waiting windows: 37088/75333. Max active instruction index: 2960
2024-11-28 09:37:46 | Simulation update: decoder round 112356, completed instructions: 2999/21751, actively running or decoding instructions: 12, waiting windows: 37339/75845. Max active instruction index: 2994
2024-11-28 09:37:56 | Simulation update: decoder round 113026, completed instructions: 3027/21751, actively running or decoding instructions: 10, waiting windows: 37597/76368. Max active instruction index: 3024
2024-11-28 09:38:06 | Simulation update: decoder round 113698, completed instructions: 3067/21751, actively running or decoding instructions: 9, waiting windows: 37851/76888. Max active instruction index: 3072
2024-11-28 09:38:16 | Simulation update: decoder round 114375, completed instructions: 3099/21751, actively running or decoding instructions: 6, waiting windows: 38098/77404. Max active instruction index: 3098
2024-11-28 09:38:26 | Simulation update: decoder round 115056, completed instructions: 3141/21751, actively running or decoding instructions: 9, waiting windows: 38350/77927. Max active instruction index: 3158
2024-11-28 09:38:36 | Simulation update: decoder round 115734, completed instructions: 3162/21751, actively running or decoding instructions: 3, waiting windows: 38616/78479. Max active instruction index: 3172
2024-11-28 09:38:46 | Simulation update: decoder round 116422, completed instructions: 3209/21751, actively running or decoding instructions: 12, waiting windows: 38867/78996. Max active instruction index: 3224
2024-11-28 09:38:56 | Simulation update: decoder round 117108, completed instructions: 3240/21751, actively running or decoding instructions: 12, waiting windows: 39132/79519. Max active instruction index: 3250
2024-11-28 09:39:06 | Simulation update: decoder round 117802, completed instructions: 3261/21751, actively running or decoding instructions: 4, waiting windows: 39369/80039. Max active instruction index: 3272
2024-11-28 09:39:16 | Simulation update: decoder round 118492, completed instructions: 3309/21751, actively running or decoding instructions: 6, waiting windows: 39645/80587. Max active instruction index: 3328
2024-11-28 09:39:26 | Simulation update: decoder round 119191, completed instructions: 3331/21751, actively running or decoding instructions: 9, waiting windows: 39876/81099. Max active instruction index: 3350
2024-11-28 09:39:36 | Simulation update: decoder round 119852, completed instructions: 3363/21751, actively running or decoding instructions: 4, waiting windows: 40140/81620. Max active instruction index: 3411
2024-11-28 09:39:46 | Simulation update: decoder round 120549, completed instructions: 3397/21751, actively running or decoding instructions: 3, waiting windows: 40418/82175. Max active instruction index: 3412
2024-11-28 09:39:56 | Simulation update: decoder round 121255, completed instructions: 3433/21751, actively running or decoding instructions: 6, waiting windows: 40678/82722. Max active instruction index: 3460
2024-11-28 09:40:06 | Simulation update: decoder round 121967, completed instructions: 3455/21751, actively running or decoding instructions: 7, waiting windows: 40918/83237. Max active instruction index: 3482
2024-11-28 09:40:16 | Simulation update: decoder round 122679, completed instructions: 3485/21751, actively running or decoding instructions: 6, waiting windows: 41176/83765. Max active instruction index: 3512
2024-11-28 09:40:26 | Simulation update: decoder round 123394, completed instructions: 3537/21751, actively running or decoding instructions: 12, waiting windows: 41449/84311. Max active instruction index: 3564
2024-11-28 09:40:36 | Simulation update: decoder round 124108, completed instructions: 3567/21751, actively running or decoding instructions: 12, waiting windows: 41700/84839. Max active instruction index: 3594
2024-11-28 09:40:46 | Simulation update: decoder round 124828, completed instructions: 3610/21751, actively running or decoding instructions: 12, waiting windows: 41981/85396. Max active instruction index: 3616
2024-11-28 09:40:56 | Simulation update: decoder round 125554, completed instructions: 3636/21751, actively running or decoding instructions: 7, waiting windows: 42239/85946. Max active instruction index: 3667
2024-11-28 09:41:06 | Simulation update: decoder round 126279, completed instructions: 3667/21751, actively running or decoding instructions: 6, waiting windows: 42504/86504. Max active instruction index: 3690
2024-11-28 09:41:16 | Simulation update: decoder round 127009, completed instructions: 3715/21751, actively running or decoding instructions: 9, waiting windows: 42803/87082. Max active instruction index: 3742
2024-11-28 09:41:26 | Simulation update: decoder round 127744, completed instructions: 3746/21751, actively running or decoding instructions: 6, waiting windows: 43068/87658. Max active instruction index: 3768
2024-11-28 09:41:37 | Simulation update: decoder round 128485, completed instructions: 3783/21751, actively running or decoding instructions: 4, waiting windows: 43344/88225. Max active instruction index: 3802
2024-11-28 09:41:47 | Simulation update: decoder round 129229, completed instructions: 3823/21751, actively running or decoding instructions: 9, waiting windows: 43611/88780. Max active instruction index: 3862
2024-11-28 09:41:57 | Simulation update: decoder round 129977, completed instructions: 3861/21751, actively running or decoding instructions: 3, waiting windows: 43893/89361. Max active instruction index: 3888
2024-11-28 09:42:07 | Simulation update: decoder round 130727, completed instructions: 3914/21751, actively running or decoding instructions: 3, waiting windows: 44210/89978. Max active instruction index: 3944
2024-11-28 09:42:17 | Simulation update: decoder round 131447, completed instructions: 3935/21751, actively running or decoding instructions: 6, waiting windows: 44450/90519. Max active instruction index: 3958
2024-11-28 09:42:27 | Simulation update: decoder round 132206, completed instructions: 3968/21751, actively running or decoding instructions: 4, waiting windows: 44749/91117. Max active instruction index: 4006
2024-11-28 09:42:37 | Simulation update: decoder round 132972, completed instructions: 4010/21751, actively running or decoding instructions: 9, waiting windows: 45025/91695. Max active instruction index: 4049
2024-11-28 09:42:47 | Simulation update: decoder round 133738, completed instructions: 4050/21751, actively running or decoding instructions: 5, waiting windows: 45325/92301. Max active instruction index: 4092
2024-11-28 09:42:57 | Simulation update: decoder round 134511, completed instructions: 4084/21751, actively running or decoding instructions: 7, waiting windows: 45621/92912. Max active instruction index: 4122
2024-11-28 09:43:07 | Simulation update: decoder round 135294, completed instructions: 4135/21751, actively running or decoding instructions: 9, waiting windows: 45897/93502. Max active instruction index: 4174
2024-11-28 09:43:17 | Simulation update: decoder round 136077, completed instructions: 4175/21751, actively running or decoding instructions: 9, waiting windows: 46181/94086. Max active instruction index: 4234
2024-11-28 09:43:27 | Simulation update: decoder round 136869, completed instructions: 4222/21751, actively running or decoding instructions: 12, waiting windows: 46487/94694. Max active instruction index: 4264
2024-11-28 09:43:37 | Simulation update: decoder round 137668, completed instructions: 4262/21751, actively running or decoding instructions: 9, waiting windows: 46772/95304. Max active instruction index: 4316
2024-11-28 09:43:47 | Simulation update: decoder round 138475, completed instructions: 4313/21751, actively running or decoding instructions: 9, waiting windows: 47089/95954. Max active instruction index: 4368
2024-11-28 09:43:57 | Simulation update: decoder round 139293, completed instructions: 4359/21751, actively running or decoding instructions: 7, waiting windows: 47378/96559. Max active instruction index: 4398
2024-11-28 09:44:07 | Simulation update: decoder round 140110, completed instructions: 4396/21751, actively running or decoding instructions: 3, waiting windows: 47704/97218. Max active instruction index: 4450
2024-11-28 09:44:17 | Simulation update: decoder round 140936, completed instructions: 4447/21751, actively running or decoding instructions: 9, waiting windows: 48002/97851. Max active instruction index: 4494
2024-11-28 09:44:27 | Simulation update: decoder round 141770, completed instructions: 4487/21751, actively running or decoding instructions: 10, waiting windows: 48296/98468. Max active instruction index: 4550
2024-11-28 09:44:37 | Simulation update: decoder round 142611, completed instructions: 4544/21751, actively running or decoding instructions: 9, waiting windows: 48610/99105. Max active instruction index: 4606
2024-11-28 09:44:47 | Simulation update: decoder round 143450, completed instructions: 4575/21751, actively running or decoding instructions: 3, waiting windows: 48922/99754. Max active instruction index: 4654
2024-11-28 09:44:57 | Simulation update: decoder round 144296, completed instructions: 4618/21751, actively running or decoding instructions: 6, waiting windows: 49244/100413. Max active instruction index: 4709
2024-11-28 09:45:07 | Simulation update: decoder round 145105, completed instructions: 4669/21751, actively running or decoding instructions: 12, waiting windows: 49539/101019. Max active instruction index: 4748
2024-11-28 09:45:17 | Simulation update: decoder round 145966, completed instructions: 4714/21751, actively running or decoding instructions: 9, waiting windows: 49844/101661. Max active instruction index: 4800
2024-11-28 09:45:27 | Simulation update: decoder round 146834, completed instructions: 4765/21751, actively running or decoding instructions: 10, waiting windows: 50171/102320. Max active instruction index: 4852
2024-11-28 09:45:37 | Simulation update: decoder round 147713, completed instructions: 4812/21751, actively running or decoding instructions: 12, waiting windows: 50482/102970. Max active instruction index: 4883
2024-11-28 09:45:47 | Simulation update: decoder round 148602, completed instructions: 4843/21751, actively running or decoding instructions: 9, waiting windows: 50800/103632. Max active instruction index: 4894
2024-11-28 09:45:57 | Simulation update: decoder round 149460, completed instructions: 4895/21751, actively running or decoding instructions: 9, waiting windows: 51132/104297. Max active instruction index: 4918
2024-11-28 09:46:07 | Simulation update: decoder round 150252, completed instructions: 4926/21751, actively running or decoding instructions: 9, waiting windows: 51409/104890. Max active instruction index: 4935
2024-11-28 09:46:17 | Simulation update: decoder round 151048, completed instructions: 4960/21751, actively running or decoding instructions: 2, waiting windows: 51702/105493. Max active instruction index: 4953
2024-11-28 09:46:27 | Simulation update: decoder round 151852, completed instructions: 4988/21751, actively running or decoding instructions: 2, waiting windows: 52011/106111. Max active instruction index: 4981
2024-11-28 09:46:37 | Simulation update: decoder round 152659, completed instructions: 5013/21751, actively running or decoding instructions: 2, waiting windows: 52321/106721. Max active instruction index: 5005
2024-11-28 09:46:47 | Simulation update: decoder round 153467, completed instructions: 5024/21751, actively running or decoding instructions: 2, waiting windows: 52598/107319. Max active instruction index: 5017
2024-11-28 09:46:57 | Simulation update: decoder round 154280, completed instructions: 5048/21751, actively running or decoding instructions: 2, waiting windows: 52898/107936. Max active instruction index: 5041
2024-11-28 09:47:07 | Simulation update: decoder round 155102, completed instructions: 5076/21751, actively running or decoding instructions: 5, waiting windows: 53208/108540. Max active instruction index: 5069
2024-11-28 09:47:17 | Simulation update: decoder round 155918, completed instructions: 5093/21751, actively running or decoding instructions: 5, waiting windows: 53509/109150. Max active instruction index: 5085
2024-11-28 09:47:27 | Simulation update: decoder round 156742, completed instructions: 5120/21751, actively running or decoding instructions: 5, waiting windows: 53800/109759. Max active instruction index: 5113
2024-11-28 09:47:37 | Simulation update: decoder round 157574, completed instructions: 5149/21751, actively running or decoding instructions: 5, waiting windows: 54108/110375. Max active instruction index: 5141
2024-11-28 09:47:47 | Simulation update: decoder round 158406, completed instructions: 5160/21751, actively running or decoding instructions: 2, waiting windows: 54416/111006. Max active instruction index: 5153
2024-11-28 09:47:57 | Simulation update: decoder round 159243, completed instructions: 5184/21751, actively running or decoding instructions: 5, waiting windows: 54715/111613. Max active instruction index: 5177
2024-11-28 09:48:07 | Simulation update: decoder round 160034, completed instructions: 5197/21751, actively running or decoding instructions: 3, waiting windows: 55011/112200. Max active instruction index: 5189
2024-11-28 09:48:17 | Simulation update: decoder round 160873, completed instructions: 5220/21751, actively running or decoding instructions: 5, waiting windows: 55320/112826. Max active instruction index: 5213
2024-11-28 09:48:27 | Simulation update: decoder round 161716, completed instructions: 5240/21751, actively running or decoding instructions: 2, waiting windows: 55614/113437. Max active instruction index: 5240
2024-11-28 09:48:37 | Simulation update: decoder round 162562, completed instructions: 5268/21751, actively running or decoding instructions: 5, waiting windows: 55926/114066. Max active instruction index: 5261
2024-11-28 09:48:47 | Simulation update: decoder round 163404, completed instructions: 5297/21751, actively running or decoding instructions: 5, waiting windows: 56239/114686. Max active instruction index: 5289
2024-11-28 09:48:57 | Simulation update: decoder round 164256, completed instructions: 5317/21751, actively running or decoding instructions: 5, waiting windows: 56546/115319. Max active instruction index: 5317
2024-11-28 09:49:07 | Simulation update: decoder round 165113, completed instructions: 5340/21751, actively running or decoding instructions: 3, waiting windows: 56849/115948. Max active instruction index: 5333
2024-11-28 09:49:17 | Simulation update: decoder round 165971, completed instructions: 5372/21751, actively running or decoding instructions: 5, waiting windows: 57166/116581. Max active instruction index: 5365
2024-11-28 09:49:27 | Simulation update: decoder round 166828, completed instructions: 5400/21751, actively running or decoding instructions: 5, waiting windows: 57482/117212. Max active instruction index: 5393
2024-11-28 09:49:37 | Simulation update: decoder round 167690, completed instructions: 5417/21751, actively running or decoding instructions: 5, waiting windows: 57800/117851. Max active instruction index: 5409
2024-11-28 09:49:47 | Simulation update: decoder round 168553, completed instructions: 5444/21751, actively running or decoding instructions: 5, waiting windows: 58107/118494. Max active instruction index: 5437
2024-11-28 09:49:57 | Simulation update: decoder round 169425, completed instructions: 5456/21751, actively running or decoding instructions: 2, waiting windows: 58411/119120. Max active instruction index: 5456
2024-11-28 09:50:07 | Simulation update: decoder round 170297, completed instructions: 5484/21751, actively running or decoding instructions: 2, waiting windows: 58755/119793. Max active instruction index: 5477
2024-11-28 09:50:17 | Simulation update: decoder round 171173, completed instructions: 5508/21751, actively running or decoding instructions: 2, waiting windows: 59083/120459. Max active instruction index: 5501
2024-11-28 09:50:27 | Simulation update: decoder round 172055, completed instructions: 5532/21751, actively running or decoding instructions: 5, waiting windows: 59405/121108. Max active instruction index: 5525
2024-11-28 09:50:37 | Simulation update: decoder round 172932, completed instructions: 5548/21751, actively running or decoding instructions: 8, waiting windows: 59701/121737. Max active instruction index: 5541
2024-11-28 09:50:47 | Simulation update: decoder round 173814, completed instructions: 5576/21751, actively running or decoding instructions: 8, waiting windows: 60030/122387. Max active instruction index: 5569
2024-11-28 09:50:57 | Simulation update: decoder round 174647, completed instructions: 5596/21751, actively running or decoding instructions: 3, waiting windows: 60329/122995. Max active instruction index: 5600
2024-11-28 09:51:07 | Simulation update: decoder round 175534, completed instructions: 5624/21751, actively running or decoding instructions: 3, waiting windows: 60642/123644. Max active instruction index: 5617
2024-11-28 09:51:17 | Simulation update: decoder round 176423, completed instructions: 5656/21751, actively running or decoding instructions: 8, waiting windows: 60978/124307. Max active instruction index: 5649
2024-11-28 09:51:27 | Simulation update: decoder round 177319, completed instructions: 5673/21751, actively running or decoding instructions: 5, waiting windows: 61284/124951. Max active instruction index: 5673
2024-11-28 09:51:37 | Simulation update: decoder round 178218, completed instructions: 5692/21751, actively running or decoding instructions: 2, waiting windows: 61614/125629. Max active instruction index: 5685
2024-11-28 09:51:47 | Simulation update: decoder round 179115, completed instructions: 5720/21751, actively running or decoding instructions: 5, waiting windows: 61960/126294. Max active instruction index: 5713
2024-11-28 09:51:57 | Simulation update: decoder round 180014, completed instructions: 5737/21751, actively running or decoding instructions: 5, waiting windows: 62275/126948. Max active instruction index: 5740
2024-11-28 09:52:07 | Simulation update: decoder round 180914, completed instructions: 5765/21751, actively running or decoding instructions: 5, waiting windows: 62601/127610. Max active instruction index: 5757
2024-11-28 09:52:17 | Simulation update: decoder round 181823, completed instructions: 5789/21751, actively running or decoding instructions: 5, waiting windows: 62945/128296. Max active instruction index: 5781
2024-11-28 09:52:27 | Simulation update: decoder round 182727, completed instructions: 5812/21751, actively running or decoding instructions: 2, waiting windows: 63294/128995. Max active instruction index: 5805
2024-11-28 09:52:37 | Simulation update: decoder round 183640, completed instructions: 5828/21751, actively running or decoding instructions: 6, waiting windows: 63611/129654. Max active instruction index: 5821
2024-11-28 09:52:47 | Simulation update: decoder round 184549, completed instructions: 5857/21751, actively running or decoding instructions: 5, waiting windows: 63948/130338. Max active instruction index: 5849
2024-11-28 09:52:57 | Simulation update: decoder round 185473, completed instructions: 5884/21751, actively running or decoding instructions: 5, waiting windows: 64287/131028. Max active instruction index: 5877
2024-11-28 09:53:07 | Simulation update: decoder round 186403, completed instructions: 5909/21751, actively running or decoding instructions: 5, waiting windows: 64617/131704. Max active instruction index: 5909
2024-11-28 09:53:17 | Simulation update: decoder round 187334, completed instructions: 5928/21751, actively running or decoding instructions: 2, waiting windows: 64961/132405. Max active instruction index: 5921
2024-11-28 09:53:27 | Simulation update: decoder round 188270, completed instructions: 5960/21751, actively running or decoding instructions: 5, waiting windows: 65310/133096. Max active instruction index: 5953
2024-11-28 09:53:37 | Simulation update: decoder round 189208, completed instructions: 5988/21751, actively running or decoding instructions: 5, waiting windows: 65642/133777. Max active instruction index: 5981
2024-11-28 09:53:47 | Simulation update: decoder round 190091, completed instructions: 6000/21751, actively running or decoding instructions: 2, waiting windows: 65952/134419. Max active instruction index: 6000
2024-11-28 09:53:57 | Simulation update: decoder round 191037, completed instructions: 6028/21751, actively running or decoding instructions: 8, waiting windows: 66294/135114. Max active instruction index: 6021
2024-11-28 09:54:07 | Simulation update: decoder round 191986, completed instructions: 6060/21751, actively running or decoding instructions: 8, waiting windows: 66641/135819. Max active instruction index: 6053
2024-11-28 09:54:17 | Simulation update: decoder round 192946, completed instructions: 6093/21751, actively running or decoding instructions: 5, waiting windows: 66990/136516. Max active instruction index: 6085
2024-11-28 09:54:27 | Simulation update: decoder round 193905, completed instructions: 6120/21751, actively running or decoding instructions: 8, waiting windows: 67346/137243. Max active instruction index: 6113
2024-11-28 09:54:37 | Simulation update: decoder round 194874, completed instructions: 6136/21751, actively running or decoding instructions: 6, waiting windows: 67687/137944. Max active instruction index: 6129
2024-11-28 09:54:47 | Simulation update: decoder round 195846, completed instructions: 6164/21751, actively running or decoding instructions: 5, waiting windows: 68039/138656. Max active instruction index: 6157
2024-11-28 09:54:57 | Simulation update: decoder round 196819, completed instructions: 6197/21751, actively running or decoding instructions: 8, waiting windows: 68409/139390. Max active instruction index: 6189
2024-11-28 09:55:07 | Simulation update: decoder round 197798, completed instructions: 6225/21751, actively running or decoding instructions: 8, waiting windows: 68761/140117. Max active instruction index: 6217
2024-11-28 09:55:17 | Simulation update: decoder round 198782, completed instructions: 6252/21751, actively running or decoding instructions: 5, waiting windows: 69124/140852. Max active instruction index: 6245
2024-11-28 09:55:27 | Simulation update: decoder round 199768, completed instructions: 6276/21751, actively running or decoding instructions: 2, waiting windows: 69492/141592. Max active instruction index: 6269
2024-11-28 09:55:37 | Simulation update: decoder round 200760, completed instructions: 6289/21751, actively running or decoding instructions: 2, waiting windows: 69853/142335. Max active instruction index: 6281
2024-11-28 09:55:47 | Simulation update: decoder round 201745, completed instructions: 6330/21751, actively running or decoding instructions: 5, waiting windows: 70234/143109. Max active instruction index: 6346
2024-11-28 09:55:57 | Simulation update: decoder round 202741, completed instructions: 6360/21751, actively running or decoding instructions: 12, waiting windows: 70618/143901. Max active instruction index: 6353
2024-11-28 09:56:07 | Simulation update: decoder round 203682, completed instructions: 6388/21751, actively running or decoding instructions: 5, waiting windows: 70988/144638. Max active instruction index: 6381
2024-11-28 09:56:17 | Simulation update: decoder round 204679, completed instructions: 6416/21751, actively running or decoding instructions: 2, waiting windows: 71379/145434. Max active instruction index: 6409
2024-11-28 09:56:27 | Simulation update: decoder round 205689, completed instructions: 6444/21751, actively running or decoding instructions: 8, waiting windows: 71769/146221. Max active instruction index: 6437
2024-11-28 09:56:37 | Simulation update: decoder round 206704, completed instructions: 6477/21751, actively running or decoding instructions: 5, waiting windows: 72174/147027. Max active instruction index: 6469
2024-11-28 09:56:47 | Simulation update: decoder round 207725, completed instructions: 6504/21751, actively running or decoding instructions: 5, waiting windows: 72565/147830. Max active instruction index: 6497
2024-11-28 09:56:57 | Simulation update: decoder round 208748, completed instructions: 6532/21751, actively running or decoding instructions: 8, waiting windows: 72968/148632. Max active instruction index: 6525
2024-11-28 09:57:07 | Simulation update: decoder round 209770, completed instructions: 6560/21751, actively running or decoding instructions: 2, waiting windows: 73377/149456. Max active instruction index: 6553
2024-11-28 09:57:17 | Simulation update: decoder round 210803, completed instructions: 6592/21751, actively running or decoding instructions: 8, waiting windows: 73770/150260. Max active instruction index: 6585
2024-11-28 09:57:27 | Simulation update: decoder round 211844, completed instructions: 6616/21751, actively running or decoding instructions: 2, waiting windows: 74166/151084. Max active instruction index: 6609
2024-11-28 09:57:37 | Simulation update: decoder round 212887, completed instructions: 6644/21751, actively running or decoding instructions: 5, waiting windows: 74575/151901. Max active instruction index: 6637
2024-11-28 09:57:47 | Simulation update: decoder round 213931, completed instructions: 6673/21751, actively running or decoding instructions: 5, waiting windows: 74977/152723. Max active instruction index: 6665
2024-11-28 09:57:57 | Simulation update: decoder round 214991, completed instructions: 6700/21751, actively running or decoding instructions: 5, waiting windows: 75391/153557. Max active instruction index: 6693
2024-11-28 09:58:07 | Simulation update: decoder round 216055, completed instructions: 6728/21751, actively running or decoding instructions: 2, waiting windows: 75820/154413. Max active instruction index: 6721
2024-11-28 09:58:17 | Simulation update: decoder round 217127, completed instructions: 6761/21751, actively running or decoding instructions: 5, waiting windows: 76230/155253. Max active instruction index: 6753
2024-11-28 09:58:27 | Simulation update: decoder round 218204, completed instructions: 6785/21751, actively running or decoding instructions: 5, waiting windows: 76643/156109. Max active instruction index: 6777
2024-11-28 09:58:37 | Simulation update: decoder round 219281, completed instructions: 6812/21751, actively running or decoding instructions: 5, waiting windows: 77061/156959. Max active instruction index: 6805
2024-11-28 09:58:47 | Simulation update: decoder round 220294, completed instructions: 6840/21751, actively running or decoding instructions: 5, waiting windows: 77456/157755. Max active instruction index: 6833
2024-11-28 09:58:57 | Simulation update: decoder round 221385, completed instructions: 6873/21751, actively running or decoding instructions: 5, waiting windows: 77886/158615. Max active instruction index: 6865
2024-11-28 09:59:07 | Simulation update: decoder round 222478, completed instructions: 6901/21751, actively running or decoding instructions: 8, waiting windows: 78309/159488. Max active instruction index: 6893
2024-11-28 09:59:17 | Simulation update: decoder round 223580, completed instructions: 6936/21751, actively running or decoding instructions: 5, waiting windows: 78755/160373. Max active instruction index: 6929
2024-11-28 09:59:27 | Simulation update: decoder round 224688, completed instructions: 6968/21751, actively running or decoding instructions: 8, waiting windows: 79179/161242. Max active instruction index: 6961
2024-11-28 09:59:37 | Simulation update: decoder round 225805, completed instructions: 7001/21751, actively running or decoding instructions: 8, waiting windows: 79611/162118. Max active instruction index: 6993
2024-11-28 09:59:47 | Simulation update: decoder round 226928, completed instructions: 7025/21751, actively running or decoding instructions: 5, waiting windows: 80059/163022. Max active instruction index: 7017
2024-11-28 09:59:57 | Simulation update: decoder round 228057, completed instructions: 7052/21751, actively running or decoding instructions: 2, waiting windows: 80474/163903. Max active instruction index: 7045
2024-11-28 10:00:07 | Simulation update: decoder round 229192, completed instructions: 7092/21751, actively running or decoding instructions: 8, waiting windows: 80932/164813. Max active instruction index: 7085
2024-11-28 10:00:17 | Simulation update: decoder round 230338, completed instructions: 7120/21751, actively running or decoding instructions: 5, waiting windows: 81374/165710. Max active instruction index: 7113
2024-11-28 10:00:27 | Simulation update: decoder round 231493, completed instructions: 7148/21751, actively running or decoding instructions: 8, waiting windows: 81815/166610. Max active instruction index: 7141
2024-11-28 10:00:37 | Simulation update: decoder round 232654, completed instructions: 7176/21751, actively running or decoding instructions: 5, waiting windows: 82264/167511. Max active instruction index: 7169
2024-11-28 10:00:47 | Simulation update: decoder round 233822, completed instructions: 7204/21751, actively running or decoding instructions: 5, waiting windows: 82709/168424. Max active instruction index: 7197
2024-11-28 10:00:57 | Simulation update: decoder round 234911, completed instructions: 7228/21751, actively running or decoding instructions: 2, waiting windows: 83146/169292. Max active instruction index: 7221
2024-11-28 10:01:07 | Simulation update: decoder round 236080, completed instructions: 7260/21751, actively running or decoding instructions: 5, waiting windows: 83584/170197. Max active instruction index: 7253
2024-11-28 10:01:17 | Simulation update: decoder round 237262, completed instructions: 7288/21751, actively running or decoding instructions: 2, waiting windows: 84040/171121. Max active instruction index: 7281
2024-11-28 10:01:27 | Simulation update: decoder round 238450, completed instructions: 7328/21751, actively running or decoding instructions: 2, waiting windows: 84521/172086. Max active instruction index: 7321
2024-11-28 10:01:37 | Simulation update: decoder round 239653, completed instructions: 7360/21751, actively running or decoding instructions: 8, waiting windows: 84980/173033. Max active instruction index: 7353
2024-11-28 10:01:47 | Simulation update: decoder round 240867, completed instructions: 7392/21751, actively running or decoding instructions: 8, waiting windows: 85451/173972. Max active instruction index: 7385
2024-11-28 10:01:57 | Simulation update: decoder round 242081, completed instructions: 7416/21751, actively running or decoding instructions: 2, waiting windows: 85917/174936. Max active instruction index: 7409
2024-11-28 10:02:07 | Simulation update: decoder round 243309, completed instructions: 7448/21751, actively running or decoding instructions: 5, waiting windows: 86392/175897. Max active instruction index: 7441
2024-11-28 10:02:17 | Simulation update: decoder round 244547, completed instructions: 7492/21751, actively running or decoding instructions: 8, waiting windows: 86895/176893. Max active instruction index: 7485
2024-11-28 10:02:27 | Simulation update: decoder round 245793, completed instructions: 7520/21751, actively running or decoding instructions: 5, waiting windows: 87364/177856. Max active instruction index: 7513
2024-11-28 10:02:37 | Simulation update: decoder round 247042, completed instructions: 7548/21751, actively running or decoding instructions: 5, waiting windows: 87836/178824. Max active instruction index: 7541
2024-11-28 10:02:47 | Simulation update: decoder round 248300, completed instructions: 7585/21751, actively running or decoding instructions: 2, waiting windows: 88336/179827. Max active instruction index: 7585
2024-11-28 10:02:57 | Simulation update: decoder round 249566, completed instructions: 7616/21751, actively running or decoding instructions: 2, waiting windows: 88841/180856. Max active instruction index: 7609
2024-11-28 10:03:07 | Simulation update: decoder round 250847, completed instructions: 7644/21751, actively running or decoding instructions: 2, waiting windows: 89352/181883. Max active instruction index: 7637
2024-11-28 10:03:17 | Simulation update: decoder round 252042, completed instructions: 7677/21751, actively running or decoding instructions: 2, waiting windows: 89818/182821. Max active instruction index: 7669
2024-11-28 10:03:27 | Simulation update: decoder round 253350, completed instructions: 7716/21751, actively running or decoding instructions: 5, waiting windows: 90330/183853. Max active instruction index: 7709
2024-11-28 10:03:37 | Simulation update: decoder round 254662, completed instructions: 7761/21751, actively running or decoding instructions: 12, waiting windows: 90833/184903. Max active instruction index: 7754
2024-11-28 10:03:47 | Simulation update: decoder round 255997, completed instructions: 7802/21751, actively running or decoding instructions: 5, waiting windows: 91347/185945. Max active instruction index: 7802
2024-11-28 10:03:57 | Simulation update: decoder round 257343, completed instructions: 7842/21751, actively running or decoding instructions: 6, waiting windows: 91877/187006. Max active instruction index: 7834
2024-11-28 10:04:07 | Simulation update: decoder round 258699, completed instructions: 7877/21751, actively running or decoding instructions: 5, waiting windows: 92396/188072. Max active instruction index: 7870
2024-11-28 10:04:17 | Simulation update: decoder round 260073, completed instructions: 7909/21751, actively running or decoding instructions: 5, waiting windows: 92924/189143. Max active instruction index: 7902
2024-11-28 10:04:27 | Simulation update: decoder round 261452, completed instructions: 7953/21751, actively running or decoding instructions: 5, waiting windows: 93461/190225. Max active instruction index: 7946
2024-11-28 10:04:37 | Simulation update: decoder round 262843, completed instructions: 7994/21751, actively running or decoding instructions: 2, waiting windows: 94023/191350. Max active instruction index: 7986
2024-11-28 10:04:47 | Simulation update: decoder round 264242, completed instructions: 8029/21751, actively running or decoding instructions: 3, waiting windows: 94579/192492. Max active instruction index: 8033
2024-11-28 10:04:57 | Simulation update: decoder round 265658, completed instructions: 8054/21751, actively running or decoding instructions: 5, waiting windows: 95136/193633. Max active instruction index: 8057
2024-11-28 10:05:07 | Simulation update: decoder round 267085, completed instructions: 8089/21751, actively running or decoding instructions: 2, waiting windows: 95709/194783. Max active instruction index: 8082
2024-11-28 10:05:17 | Simulation update: decoder round 268532, completed instructions: 8133/21751, actively running or decoding instructions: 2, waiting windows: 96275/195932. Max active instruction index: 8126
2024-11-28 10:05:27 | Simulation update: decoder round 269865, completed instructions: 8173/21751, actively running or decoding instructions: 8, waiting windows: 96804/196993. Max active instruction index: 8166
2024-11-28 10:05:37 | Simulation update: decoder round 271334, completed instructions: 8202/21751, actively running or decoding instructions: 5, waiting windows: 97373/198146. Max active instruction index: 8194
2024-11-28 10:05:47 | Simulation update: decoder round 272818, completed instructions: 8241/21751, actively running or decoding instructions: 2, waiting windows: 97948/199333. Max active instruction index: 8234
2024-11-28 10:05:57 | Simulation update: decoder round 274322, completed instructions: 8281/21751, actively running or decoding instructions: 2, waiting windows: 98537/200520. Max active instruction index: 8274
2024-11-28 10:06:07 | Simulation update: decoder round 275853, completed instructions: 8325/21751, actively running or decoding instructions: 2, waiting windows: 99128/201734. Max active instruction index: 8318
2024-11-28 10:06:17 | Simulation update: decoder round 277392, completed instructions: 8370/21751, actively running or decoding instructions: 6, waiting windows: 99759/202975. Max active instruction index: 8362
2024-11-28 10:06:27 | Simulation update: decoder round 278959, completed instructions: 8409/21751, actively running or decoding instructions: 5, waiting windows: 100358/204219. Max active instruction index: 8402
2024-11-28 10:06:37 | Simulation update: decoder round 280541, completed instructions: 8454/21751, actively running or decoding instructions: 5, waiting windows: 100981/205470. Max active instruction index: 8446
2024-11-28 10:06:47 | Simulation update: decoder round 282148, completed instructions: 8489/21751, actively running or decoding instructions: 2, waiting windows: 101605/206745. Max active instruction index: 8482
2024-11-28 10:06:57 | Simulation update: decoder round 283767, completed instructions: 8529/21751, actively running or decoding instructions: 3, waiting windows: 102246/208041. Max active instruction index: 8533
2024-11-28 10:07:07 | Simulation update: decoder round 285413, completed instructions: 8569/21751, actively running or decoding instructions: 6, waiting windows: 102884/209331. Max active instruction index: 8562
2024-11-28 10:07:17 | Simulation update: decoder round 287085, completed instructions: 8629/21751, actively running or decoding instructions: 5, waiting windows: 103523/210635. Max active instruction index: 8622
2024-11-28 10:07:27 | Simulation update: decoder round 288633, completed instructions: 8674/21751, actively running or decoding instructions: 5, waiting windows: 104137/211867. Max active instruction index: 8666
2024-11-28 10:07:37 | Simulation update: decoder round 290347, completed instructions: 8718/21751, actively running or decoding instructions: 5, waiting windows: 104808/213239. Max active instruction index: 8718
2024-11-28 10:07:47 | Simulation update: decoder round 292090, completed instructions: 8769/21751, actively running or decoding instructions: 2, waiting windows: 105496/214624. Max active instruction index: 8762
2024-11-28 10:07:57 | Simulation update: decoder round 293861, completed instructions: 8810/21751, actively running or decoding instructions: 2, waiting windows: 106178/216014. Max active instruction index: 8802
2024-11-28 10:08:07 | Simulation update: decoder round 295656, completed instructions: 8865/21751, actively running or decoding instructions: 8, waiting windows: 106869/217421. Max active instruction index: 8858
2024-11-28 10:08:17 | Simulation update: decoder round 297491, completed instructions: 8913/21751, actively running or decoding instructions: 5, waiting windows: 107570/218851. Max active instruction index: 8906
2024-11-28 10:08:27 | Simulation update: decoder round 299352, completed instructions: 8966/21751, actively running or decoding instructions: 5, waiting windows: 108283/220297. Max active instruction index: 8966
2024-11-28 10:08:37 | Simulation update: decoder round 301259, completed instructions: 9022/21751, actively running or decoding instructions: 5, waiting windows: 109031/221798. Max active instruction index: 9014
2024-11-28 10:08:47 | Simulation update: decoder round 303195, completed instructions: 9073/21751, actively running or decoding instructions: 5, waiting windows: 109772/223321. Max active instruction index: 9066
2024-11-28 10:08:58 | Simulation update: decoder round 305057, completed instructions: 9113/21751, actively running or decoding instructions: 6, waiting windows: 110496/224791. Max active instruction index: 9106
2024-11-28 10:09:08 | Simulation update: decoder round 306966, completed instructions: 9422/21751, actively running or decoding instructions: 21, waiting windows: 111379/226670. Max active instruction index: 9517
2024-11-28 10:09:18 | Simulation update: decoder round 309226, completed instructions: 9641/21751, actively running or decoding instructions: 28, waiting windows: 112381/228790. Max active instruction index: 9642
2024-11-28 10:09:28 | Simulation update: decoder round 311759, completed instructions: 9843/21751, actively running or decoding instructions: 25, waiting windows: 113494/231073. Max active instruction index: 9952
2024-11-28 10:09:38 | Simulation update: decoder round 314538, completed instructions: 10199/21751, actively running or decoding instructions: 26, waiting windows: 114734/233738. Max active instruction index: 10211
2024-11-28 10:09:48 | Simulation update: decoder round 316803, completed instructions: 10494/21751, actively running or decoding instructions: 22, waiting windows: 115747/235902. Max active instruction index: 10534
2024-11-28 10:09:58 | Simulation update: decoder round 318433, completed instructions: 10685/21751, actively running or decoding instructions: 14, waiting windows: 116442/237420. Max active instruction index: 10715
2024-11-28 10:10:08 | Simulation update: decoder round 320150, completed instructions: 10918/21751, actively running or decoding instructions: 33, waiting windows: 117254/239097. Max active instruction index: 10965
2024-11-28 10:10:18 | Simulation update: decoder round 322066, completed instructions: 11150/21751, actively running or decoding instructions: 23, waiting windows: 118103/240902. Max active instruction index: 11192
2024-11-28 10:10:28 | Simulation update: decoder round 324187, completed instructions: 11450/21751, actively running or decoding instructions: 27, waiting windows: 119018/242933. Max active instruction index: 11479
2024-11-28 10:10:38 | Simulation update: decoder round 326654, completed instructions: 11689/21751, actively running or decoding instructions: 21, waiting windows: 120099/245217. Max active instruction index: 11738
2024-11-28 10:10:48 | Simulation update: decoder round 329179, completed instructions: 12101/21751, actively running or decoding instructions: 37, waiting windows: 121235/247671. Max active instruction index: 12188
2024-11-28 10:10:58 | Simulation update: decoder round 332712, completed instructions: 12612/21751, actively running or decoding instructions: 33, waiting windows: 122784/250983. Max active instruction index: 12842
2024-11-28 10:11:08 | Simulation update: decoder round 338553, completed instructions: 13102/21751, actively running or decoding instructions: 12, waiting windows: 124710/255203. Max active instruction index: 13202
2024-11-28 10:11:18 | Simulation update: decoder round 344920, completed instructions: 13980/21751, actively running or decoding instructions: 33, waiting windows: 126669/259529. Max active instruction index: 14059
2024-11-28 10:11:28 | Simulation update: decoder round 370931, completed instructions: 15872/21751, actively running or decoding instructions: 17, waiting windows: 129155/265477. Max active instruction index: 15923
2024-11-28 10:11:38 | Simulation update: decoder round 407116, completed instructions: 17805/21751, actively running or decoding instructions: 3, waiting windows: 131483/271027. Max active instruction index: 17873
2024-11-28 10:11:48 | Simulation update: decoder round 460963, completed instructions: 19591/21751, actively running or decoding instructions: 2, waiting windows: 133603/276062. Max active instruction index: 19567
2024-11-28 10:11:58 | Simulation update: decoder round 524233, completed instructions: 21278/21751, actively running or decoding instructions: 2, waiting windows: 135756/281096. Max active instruction index: 21262
2024-11-28 10:12:00 | Finished simulation
2024-11-28 10:12:02 | Finished saving output. Done! Total elapsed time: 1:08:01.775226
