CONFIG 1262
benchmark_file: slurm/data/20241128_080336/benchmarks/adder_n28.lss
decoder_latency_or_dist_filename: slurm/data/20241128_080336/decoder_dists.json
distance: 21
lightweight_setting: 2
max_parallel_processes: None
missed_speculation_modifier: 1.4
poison_policy: successors
rng: 2
scheduling_method: aligned
speculation_accuracy: 0.9
speculation_latency: 1
speculation_mode: None
2024-11-28 09:04:04 | Loading benchmark slurm/data/20241128_080336/benchmarks/adder_n28.lss...
2024-11-28 09:04:05 | Starting simulation
2024-11-28 09:04:05 | Simulation update: decoder round 1, completed instructions: 0/3343, actively running or decoding instructions: 7, waiting windows: 0/0. Max active instruction index: 30
2024-11-28 09:04:15 | Simulation update: decoder round 1796, completed instructions: 211/3343, actively running or decoding instructions: 10, waiting windows: 1441/2579. Max active instruction index: 209
2024-11-28 09:04:25 | Simulation update: decoder round 3642, completed instructions: 314/3343, actively running or decoding instructions: 11, waiting windows: 2653/5067. Max active instruction index: 320
2024-11-28 09:04:35 | Simulation update: decoder round 5561, completed instructions: 439/3343, actively running or decoding instructions: 10, waiting windows: 3881/7593. Max active instruction index: 446
2024-11-28 09:04:45 | Simulation update: decoder round 7560, completed instructions: 564/3343, actively running or decoding instructions: 11, waiting windows: 5114/10167. Max active instruction index: 566
2024-11-28 09:04:55 | Simulation update: decoder round 9447, completed instructions: 839/3343, actively running or decoding instructions: 24, waiting windows: 6502/12999. Max active instruction index: 876
2024-11-28 09:05:05 | Simulation update: decoder round 11517, completed instructions: 1048/3343, actively running or decoding instructions: 11, waiting windows: 7836/15820. Max active instruction index: 1094
2024-11-28 09:05:15 | Simulation update: decoder round 13869, completed instructions: 1222/3343, actively running or decoding instructions: 5, waiting windows: 9250/18765. Max active instruction index: 1222
2024-11-28 09:05:25 | Simulation update: decoder round 16599, completed instructions: 1533/3343, actively running or decoding instructions: 19, waiting windows: 10737/21939. Max active instruction index: 1552
2024-11-28 09:05:35 | Simulation update: decoder round 19313, completed instructions: 1945/3343, actively running or decoding instructions: 19, waiting windows: 12143/24963. Max active instruction index: 1966
2024-11-28 09:05:45 | Simulation update: decoder round 22461, completed instructions: 2320/3343, actively running or decoding instructions: 11, waiting windows: 13455/27889. Max active instruction index: 2333
2024-11-28 09:05:55 | Simulation update: decoder round 26986, completed instructions: 2809/3343, actively running or decoding instructions: 10, waiting windows: 15007/31293. Max active instruction index: 2791
2024-11-28 09:06:03 | Finished simulation
2024-11-28 09:06:03 | Finished saving output. Done! Total elapsed time: 0:01:58.908310
