CONFIG 1364
benchmark_file: slurm/data/20241128_080336/benchmarks/rz_seq_10_1e-10.lss
decoder_latency_or_dist_filename: slurm/data/20241128_080336/decoder_dists.json
distance: 21
lightweight_setting: 2
max_parallel_processes: None
missed_speculation_modifier: 1.4
poison_policy: successors
rng: 9
scheduling_method: aligned
speculation_accuracy: 0.9
speculation_latency: 1
speculation_mode: None
2024-11-28 09:04:17 | Loading benchmark slurm/data/20241128_080336/benchmarks/rz_seq_10_1e-10.lss...
2024-11-28 09:04:17 | Starting simulation
2024-11-28 09:04:18 | Simulation update: decoder round 1, completed instructions: 0/10045, actively running or decoding instructions: 1, waiting windows: 0/0. Max active instruction index: 0
2024-11-28 09:04:28 | Simulation update: decoder round 70079, completed instructions: 1484/10045, actively running or decoding instructions: 2, waiting windows: 1960/4691. Max active instruction index: 1481
2024-11-28 09:04:38 | Simulation update: decoder round 140690, completed instructions: 2964/10045, actively running or decoding instructions: 5, waiting windows: 3968/9481. Max active instruction index: 2961
2024-11-28 09:04:48 | Simulation update: decoder round 209804, completed instructions: 4468/10045, actively running or decoding instructions: 8, waiting windows: 5964/14238. Max active instruction index: 4465
2024-11-28 09:04:58 | Simulation update: decoder round 279770, completed instructions: 5961/10045, actively running or decoding instructions: 2, waiting windows: 7985/19040. Max active instruction index: 5957
2024-11-28 09:05:08 | Simulation update: decoder round 349050, completed instructions: 7496/10045, actively running or decoding instructions: 5, waiting windows: 9999/23870. Max active instruction index: 7493
2024-11-28 09:05:18 | Simulation update: decoder round 420105, completed instructions: 8952/10045, actively running or decoding instructions: 5, waiting windows: 11986/28605. Max active instruction index: 8949
2024-11-28 09:05:26 | Finished simulation
2024-11-28 09:05:27 | Finished saving output. Done! Total elapsed time: 0:01:10.030764
