CONFIG 534
benchmark_file: slurm/data/20241128_080336/benchmarks/carleman_2_4.lss
decoder_latency_or_dist_filename: slurm/data/20241128_080336/decoder_dists.json
distance: 21
lightweight_setting: 2
max_parallel_processes: None
missed_speculation_modifier: 1.4
poison_policy: successors
rng: 5
scheduling_method: parallel
speculation_accuracy: 0.9
speculation_latency: 1
speculation_mode: separate
2024-11-28 08:04:20 | Loading benchmark slurm/data/20241128_080336/benchmarks/carleman_2_4.lss...
2024-11-28 08:04:21 | Starting simulation
2024-11-28 08:04:23 | Simulation update: decoder round 1, completed instructions: 0/13345, actively running or decoding instructions: 23, waiting windows: 0/0. Max active instruction index: 222
2024-11-28 08:04:33 | Simulation update: decoder round 529, completed instructions: 504/13345, actively running or decoding instructions: 40, waiting windows: 568/1044. Max active instruction index: 507
2024-11-28 08:04:43 | Simulation update: decoder round 937, completed instructions: 621/13345, actively running or decoding instructions: 21, waiting windows: 918/1749. Max active instruction index: 620
2024-11-28 08:04:53 | Simulation update: decoder round 1364, completed instructions: 681/13345, actively running or decoding instructions: 3, waiting windows: 1184/2424. Max active instruction index: 701
2024-11-28 08:05:03 | Simulation update: decoder round 1781, completed instructions: 868/13345, actively running or decoding instructions: 35, waiting windows: 1547/3205. Max active instruction index: 930
2024-11-28 08:05:13 | Simulation update: decoder round 2211, completed instructions: 1021/13345, actively running or decoding instructions: 33, waiting windows: 1913/3967. Max active instruction index: 1073
2024-11-28 08:05:23 | Simulation update: decoder round 2657, completed instructions: 1115/13345, actively running or decoding instructions: 3, waiting windows: 2209/4695. Max active instruction index: 1085
2024-11-28 08:05:33 | Simulation update: decoder round 3102, completed instructions: 1315/13345, actively running or decoding instructions: 32, waiting windows: 2597/5529. Max active instruction index: 1340
2024-11-28 08:05:43 | Simulation update: decoder round 3544, completed instructions: 1507/13345, actively running or decoding instructions: 40, waiting windows: 3019/6377. Max active instruction index: 1559
2024-11-28 08:05:53 | Simulation update: decoder round 4006, completed instructions: 1631/13345, actively running or decoding instructions: 23, waiting windows: 3372/7208. Max active instruction index: 1828
2024-11-28 08:06:03 | Simulation update: decoder round 4468, completed instructions: 1778/13345, actively running or decoding instructions: 17, waiting windows: 3723/8083. Max active instruction index: 1829
2024-11-28 08:06:13 | Simulation update: decoder round 4932, completed instructions: 1986/13345, actively running or decoding instructions: 30, waiting windows: 4142/9004. Max active instruction index: 2081
2024-11-28 08:06:23 | Simulation update: decoder round 5394, completed instructions: 2252/13345, actively running or decoding instructions: 39, waiting windows: 4598/9983. Max active instruction index: 2321
2024-11-28 08:06:33 | Simulation update: decoder round 5882, completed instructions: 2433/13345, actively running or decoding instructions: 31, waiting windows: 5018/10909. Max active instruction index: 2506
2024-11-28 08:06:43 | Simulation update: decoder round 6379, completed instructions: 2556/13345, actively running or decoding instructions: 24, waiting windows: 5413/11793. Max active instruction index: 2640
2024-11-28 08:06:53 | Simulation update: decoder round 6868, completed instructions: 2764/13345, actively running or decoding instructions: 38, waiting windows: 5866/12746. Max active instruction index: 2876
2024-11-28 08:07:03 | Simulation update: decoder round 7372, completed instructions: 2995/13345, actively running or decoding instructions: 29, waiting windows: 6296/13766. Max active instruction index: 3069
2024-11-28 08:07:13 | Simulation update: decoder round 7885, completed instructions: 3268/13345, actively running or decoding instructions: 64, waiting windows: 6788/14814. Max active instruction index: 3346
2024-11-28 08:07:23 | Simulation update: decoder round 8414, completed instructions: 3458/13345, actively running or decoding instructions: 34, waiting windows: 7215/15850. Max active instruction index: 3509
2024-11-28 08:07:33 | Simulation update: decoder round 8945, completed instructions: 3629/13345, actively running or decoding instructions: 32, waiting windows: 7632/16874. Max active instruction index: 4129
2024-11-28 08:07:43 | Simulation update: decoder round 9499, completed instructions: 3781/13345, actively running or decoding instructions: 9, waiting windows: 8099/17928. Max active instruction index: 3782
2024-11-28 08:07:53 | Simulation update: decoder round 10052, completed instructions: 3855/13345, actively running or decoding instructions: 6, waiting windows: 8585/18948. Max active instruction index: 3841
2024-11-28 08:08:03 | Simulation update: decoder round 10620, completed instructions: 4005/13345, actively running or decoding instructions: 24, waiting windows: 9132/20016. Max active instruction index: 4053
2024-11-28 08:08:13 | Simulation update: decoder round 11193, completed instructions: 4147/13345, actively running or decoding instructions: 24, waiting windows: 9613/21089. Max active instruction index: 4214
2024-11-28 08:08:23 | Simulation update: decoder round 11791, completed instructions: 4324/13345, actively running or decoding instructions: 22, waiting windows: 10083/22166. Max active instruction index: 4413
2024-11-28 08:08:33 | Simulation update: decoder round 12382, completed instructions: 4541/13345, actively running or decoding instructions: 27, waiting windows: 10558/23252. Max active instruction index: 4625
2024-11-28 08:08:43 | Simulation update: decoder round 13003, completed instructions: 4645/13345, actively running or decoding instructions: 11, waiting windows: 11064/24343. Max active instruction index: 4687
2024-11-28 08:08:53 | Simulation update: decoder round 13637, completed instructions: 4833/13345, actively running or decoding instructions: 17, waiting windows: 11594/25515. Max active instruction index: 5096
2024-11-28 08:09:03 | Simulation update: decoder round 14257, completed instructions: 4997/13345, actively running or decoding instructions: 12, waiting windows: 12149/26655. Max active instruction index: 5312
2024-11-28 08:09:13 | Simulation update: decoder round 14905, completed instructions: 5128/13345, actively running or decoding instructions: 19, waiting windows: 12661/27817. Max active instruction index: 5118
2024-11-28 08:09:23 | Simulation update: decoder round 15559, completed instructions: 5263/13345, actively running or decoding instructions: 14, waiting windows: 13217/28985. Max active instruction index: 5245
2024-11-28 08:09:33 | Simulation update: decoder round 16206, completed instructions: 5546/13345, actively running or decoding instructions: 21, waiting windows: 13804/30257. Max active instruction index: 5630
2024-11-28 08:09:43 | Simulation update: decoder round 16907, completed instructions: 5744/13345, actively running or decoding instructions: 21, waiting windows: 14335/31483. Max active instruction index: 5850
2024-11-28 08:09:53 | Simulation update: decoder round 17626, completed instructions: 5859/13345, actively running or decoding instructions: 20, waiting windows: 14938/32715. Max active instruction index: 5941
2024-11-28 08:10:03 | Simulation update: decoder round 18345, completed instructions: 5958/13345, actively running or decoding instructions: 16, waiting windows: 15450/33856. Max active instruction index: 5970
2024-11-28 08:10:13 | Simulation update: decoder round 19087, completed instructions: 6069/13345, actively running or decoding instructions: 7, waiting windows: 16017/35063. Max active instruction index: 6058
2024-11-28 08:10:23 | Simulation update: decoder round 19844, completed instructions: 6163/13345, actively running or decoding instructions: 13, waiting windows: 16580/36229. Max active instruction index: 6204
2024-11-28 08:10:33 | Simulation update: decoder round 20611, completed instructions: 6236/13345, actively running or decoding instructions: 5, waiting windows: 17135/37398. Max active instruction index: 6235
2024-11-28 08:10:43 | Simulation update: decoder round 21364, completed instructions: 6346/13345, actively running or decoding instructions: 14, waiting windows: 17708/38582. Max active instruction index: 6335
2024-11-28 08:10:53 | Simulation update: decoder round 22158, completed instructions: 6414/13345, actively running or decoding instructions: 9, waiting windows: 18262/39745. Max active instruction index: 6407
2024-11-28 08:11:03 | Simulation update: decoder round 22958, completed instructions: 6554/13345, actively running or decoding instructions: 20, waiting windows: 18877/40972. Max active instruction index: 6563
2024-11-28 08:11:13 | Simulation update: decoder round 23764, completed instructions: 6703/13345, actively running or decoding instructions: 22, waiting windows: 19515/42270. Max active instruction index: 6724
2024-11-28 08:11:23 | Simulation update: decoder round 24565, completed instructions: 6842/13345, actively running or decoding instructions: 16, waiting windows: 20104/43583. Max active instruction index: 6884
2024-11-28 08:11:33 | Simulation update: decoder round 25407, completed instructions: 7009/13345, actively running or decoding instructions: 9, waiting windows: 20731/44996. Max active instruction index: 6993
2024-11-28 08:11:43 | Simulation update: decoder round 26271, completed instructions: 7187/13345, actively running or decoding instructions: 14, waiting windows: 21423/46418. Max active instruction index: 7193
2024-11-28 08:11:53 | Simulation update: decoder round 27129, completed instructions: 7301/13345, actively running or decoding instructions: 6, waiting windows: 22082/47828. Max active instruction index: 7319
2024-11-28 08:12:03 | Simulation update: decoder round 28023, completed instructions: 7563/13345, actively running or decoding instructions: 24, waiting windows: 22811/49403. Max active instruction index: 7569
2024-11-28 08:12:13 | Simulation update: decoder round 28965, completed instructions: 7831/13345, actively running or decoding instructions: 11, waiting windows: 23502/50957. Max active instruction index: 7854
2024-11-28 08:12:23 | Simulation update: decoder round 29908, completed instructions: 8209/13345, actively running or decoding instructions: 32, waiting windows: 24288/52636. Max active instruction index: 8330
2024-11-28 08:12:33 | Simulation update: decoder round 30956, completed instructions: 8369/13345, actively running or decoding instructions: 4, waiting windows: 25048/54312. Max active instruction index: 8267
2024-11-28 08:12:43 | Simulation update: decoder round 32023, completed instructions: 8630/13345, actively running or decoding instructions: 16, waiting windows: 25868/56091. Max active instruction index: 8818
2024-11-28 08:12:53 | Simulation update: decoder round 33088, completed instructions: 8943/13345, actively running or decoding instructions: 12, waiting windows: 26692/57887. Max active instruction index: 9030
2024-11-28 08:13:03 | Simulation update: decoder round 34265, completed instructions: 9299/13345, actively running or decoding instructions: 26, waiting windows: 27512/59774. Max active instruction index: 9548
2024-11-28 08:13:13 | Simulation update: decoder round 35570, completed instructions: 9618/13345, actively running or decoding instructions: 12, waiting windows: 28375/61669. Max active instruction index: 9500
2024-11-28 08:13:23 | Simulation update: decoder round 36858, completed instructions: 9709/13345, actively running or decoding instructions: 8, waiting windows: 29219/63398. Max active instruction index: 9664
2024-11-28 08:13:33 | Simulation update: decoder round 38207, completed instructions: 10156/13345, actively running or decoding instructions: 33, waiting windows: 30184/65441. Max active instruction index: 10185
2024-11-28 08:13:43 | Simulation update: decoder round 39739, completed instructions: 10668/13345, actively running or decoding instructions: 27, waiting windows: 31192/67764. Max active instruction index: 10681
2024-11-28 08:13:53 | Simulation update: decoder round 41540, completed instructions: 11268/13345, actively running or decoding instructions: 20, waiting windows: 32186/70227. Max active instruction index: 11275
2024-11-28 08:14:03 | Simulation update: decoder round 44120, completed instructions: 12082/13345, actively running or decoding instructions: 13, waiting windows: 33427/73209. Max active instruction index: 12051
2024-11-28 08:14:13 | Simulation update: decoder round 49032, completed instructions: 13132/13345, actively running or decoding instructions: 21, waiting windows: 35162/77240. Max active instruction index: 13084
2024-11-28 08:14:14 | Finished simulation
2024-11-28 08:14:14 | Finished saving output. Done! Total elapsed time: 0:09:53.946423
