CONFIG 741
benchmark_file: slurm/data/20241128_080336/benchmarks/qpeexact_20.lss
decoder_latency_or_dist_filename: slurm/data/20241128_080336/decoder_dists.json
distance: 21
lightweight_setting: 2
max_parallel_processes: predict
missed_speculation_modifier: 1.4
poison_policy: successors
rng: 0
scheduling_method: aligned
speculation_accuracy: 0.9
speculation_latency: 1
speculation_mode: separate
2024-11-28 10:03:55 | Loading benchmark slurm/data/20241128_080336/benchmarks/qpeexact_20.lss...
2024-11-28 10:04:49 | Starting simulation
PREDICTION STEP BEGIN---------------------------------
Traceback (most recent call last):
  File "/project/ftchong/projects/swiper/slurm/run_simulation.py", line 65, in <module>
    success, simulator_params, device_data, window_data, decoding_data = simulator.run(
                                                                         ^^^^^^^^^^^^^^
  File "/project/ftchong/projects/swiper/swiper/simulator.py", line 141, in run
    assert prediction_success
           ^^^^^^^^^^^^^^^^^^
AssertionError
