CONFIG 785
benchmark_file: slurm/data/20241128_080336/benchmarks/adder_n18.lss
decoder_latency_or_dist_filename: slurm/data/20241128_080336/decoder_dists.json
distance: 21
lightweight_setting: 2
max_parallel_processes: None
missed_speculation_modifier: 1.4
poison_policy: successors
rng: 2
scheduling_method: aligned
speculation_accuracy: 0.9
speculation_latency: 1
speculation_mode: separate
2024-11-28 08:04:37 | Loading benchmark slurm/data/20241128_080336/benchmarks/adder_n18.lss...
2024-11-28 08:04:37 | Starting simulation
2024-11-28 08:04:38 | Simulation update: decoder round 1, completed instructions: 0/2338, actively running or decoding instructions: 3, waiting windows: 0/0. Max active instruction index: 18
2024-11-28 08:04:48 | Simulation update: decoder round 2939, completed instructions: 368/2338, actively running or decoding instructions: 13, waiting windows: 1387/2811. Max active instruction index: 366
2024-11-28 08:04:58 | Simulation update: decoder round 6146, completed instructions: 682/2338, actively running or decoding instructions: 10, waiting windows: 2916/5971. Max active instruction index: 690
2024-11-28 08:05:08 | Simulation update: decoder round 9036, completed instructions: 1157/2338, actively running or decoding instructions: 15, waiting windows: 4150/8772. Max active instruction index: 1157
2024-11-28 08:05:18 | Simulation update: decoder round 13908, completed instructions: 1897/2338, actively running or decoding instructions: 8, waiting windows: 5671/12275. Max active instruction index: 1886
2024-11-28 08:05:21 | Finished simulation
2024-11-28 08:05:21 | Finished saving output. Done! Total elapsed time: 0:00:44.355408
