CONFIG 134
benchmark_file: slurm/data/20241114_122711/benchmarks/rz_seq_10.lss
decoder_latency_or_dist_filename: lambda volume: volume*0.774263682681127
distance: 21
lightweight_setting: 1
max_parallel_processes: None
missed_speculation_modifier: 1.4
poison_policy: successors
rng: 4
scheduling_method: parallel
speculation_accuracy: 0.4
speculation_latency: 1
speculation_mode: separate
2024-11-14 12:27:23 | Loading benchmark slurm/data/20241114_122711/benchmarks/rz_seq_10.lss...
2024-11-14 12:27:23 | Starting simulation
2024-11-14 12:27:23 | Simulation update: decoder round 1, completed instructions: 0/5486, actively running or decoding instructions: 1, waiting windows: 0/0. Max active instruction index: 1
2024-11-14 12:27:33 | Simulation update: decoder round 79268, completed instructions: 2751/5486, actively running or decoding instructions: 3, waiting windows: 3270/7523. Max active instruction index: 2753
2024-11-14 12:27:43 | Simulation update: decoder round 157655, completed instructions: 5458/5486, actively running or decoding instructions: 3, waiting windows: 6548/15081. Max active instruction index: 5454
2024-11-14 12:27:43 | Finished simulation
2024-11-14 12:27:44 | Finished saving output. Done! Total elapsed time: 0:00:21.268774
