CONFIG 15
benchmark_file: slurm/data/20241114_122711/benchmarks/rz_seq_10.lss
decoder_latency_or_dist_filename: lambda volume: volume*1.291549665014884
distance: 21
lightweight_setting: 1
max_parallel_processes: None
missed_speculation_modifier: 1.4
poison_policy: successors
rng: 5
scheduling_method: parallel
speculation_accuracy: 0.0
speculation_latency: 1
speculation_mode: separate
2024-11-14 12:27:22 | Loading benchmark slurm/data/20241114_122711/benchmarks/rz_seq_10.lss...
2024-11-14 12:27:22 | Starting simulation
2024-11-14 12:27:22 | Simulation update: decoder round 1, completed instructions: 0/5486, actively running or decoding instructions: 1, waiting windows: 0/0. Max active instruction index: 1
2024-11-14 12:27:32 | Simulation update: decoder round 70073, completed instructions: 1588/5486, actively running or decoding instructions: 3, waiting windows: 3017/6621. Max active instruction index: 1585
2024-11-14 12:27:42 | Simulation update: decoder round 140531, completed instructions: 3188/5486, actively running or decoding instructions: 4, waiting windows: 6079/13326. Max active instruction index: 3189
2024-11-14 12:27:52 | Simulation update: decoder round 210623, completed instructions: 4762/5486, actively running or decoding instructions: 2, waiting windows: 9061/19882. Max active instruction index: 4761
2024-11-14 12:27:57 | Finished simulation
2024-11-14 12:27:58 | Finished saving output. Done! Total elapsed time: 0:00:35.962720
