CONFIG 16
benchmark_file: slurm/data/20241114_122711/benchmarks/rz_seq_10.lss
decoder_latency_or_dist_filename: lambda volume: volume*2.1544346900318834
distance: 21
lightweight_setting: 1
max_parallel_processes: None
missed_speculation_modifier: 1.4
poison_policy: successors
rng: 6
scheduling_method: parallel
speculation_accuracy: 0.0
speculation_latency: 1
speculation_mode: separate
2024-11-14 12:27:22 | Loading benchmark slurm/data/20241114_122711/benchmarks/rz_seq_10.lss...
2024-11-14 12:27:23 | Starting simulation
2024-11-14 12:27:23 | Simulation update: decoder round 1, completed instructions: 0/5486, actively running or decoding instructions: 1, waiting windows: 0/0. Max active instruction index: 1
2024-11-14 12:27:33 | Simulation update: decoder round 63108, completed instructions: 1054/5486, actively running or decoding instructions: 3, waiting windows: 2731/5811. Max active instruction index: 1054
2024-11-14 12:27:43 | Simulation update: decoder round 127330, completed instructions: 2133/5486, actively running or decoding instructions: 2, waiting windows: 5440/11606. Max active instruction index: 2129
2024-11-14 12:27:53 | Simulation update: decoder round 189879, completed instructions: 3177/5486, actively running or decoding instructions: 2, waiting windows: 8165/17406. Max active instruction index: 3174
2024-11-14 12:28:03 | Simulation update: decoder round 253528, completed instructions: 4231/5486, actively running or decoding instructions: 3, waiting windows: 10908/23247. Max active instruction index: 4227
2024-11-14 12:28:13 | Simulation update: decoder round 316580, completed instructions: 5283/5486, actively running or decoding instructions: 4, waiting windows: 13601/28988. Max active instruction index: 5279
2024-11-14 12:28:15 | Finished simulation
2024-11-14 12:28:16 | Finished saving output. Done! Total elapsed time: 0:00:53.510659
