CONFIG 168
benchmark_file: slurm/data/20241114_122711/benchmarks/rz_seq_10.lss
decoder_latency_or_dist_filename: lambda volume: volume*5.994842503189409
distance: 21
lightweight_setting: 1
max_parallel_processes: None
missed_speculation_modifier: 1.4
poison_policy: successors
rng: 8
scheduling_method: parallel
speculation_accuracy: 0.5
speculation_latency: 1
speculation_mode: separate
2024-11-14 12:27:26 | Loading benchmark slurm/data/20241114_122711/benchmarks/rz_seq_10.lss...
2024-11-14 12:27:26 | Starting simulation
2024-11-14 12:27:27 | Simulation update: decoder round 1, completed instructions: 0/5486, actively running or decoding instructions: 1, waiting windows: 0/0. Max active instruction index: 1
2024-11-14 12:27:37 | Simulation update: decoder round 44754, completed instructions: 337/5486, actively running or decoding instructions: 3, waiting windows: 2036/4126. Max active instruction index: 333
2024-11-14 12:27:47 | Simulation update: decoder round 89438, completed instructions: 666/5486, actively running or decoding instructions: 3, waiting windows: 4025/8230. Max active instruction index: 662
2024-11-14 12:27:57 | Simulation update: decoder round 135384, completed instructions: 1005/5486, actively running or decoding instructions: 4, waiting windows: 5995/12297. Max active instruction index: 1001
2024-11-14 12:28:07 | Simulation update: decoder round 180306, completed instructions: 1338/5486, actively running or decoding instructions: 3, waiting windows: 8007/16423. Max active instruction index: 1334
2024-11-14 12:28:17 | Simulation update: decoder round 225832, completed instructions: 1677/5486, actively running or decoding instructions: 2, waiting windows: 9964/20444. Max active instruction index: 1673
2024-11-14 12:28:27 | Simulation update: decoder round 271484, completed instructions: 2014/5486, actively running or decoding instructions: 2, waiting windows: 11957/24551. Max active instruction index: 2010
2024-11-14 12:28:37 | Simulation update: decoder round 316591, completed instructions: 2350/5486, actively running or decoding instructions: 2, waiting windows: 13947/28620. Max active instruction index: 2346
2024-11-14 12:28:47 | Simulation update: decoder round 361343, completed instructions: 2682/5486, actively running or decoding instructions: 2, waiting windows: 15903/32646. Max active instruction index: 2678
2024-11-14 12:28:57 | Simulation update: decoder round 406695, completed instructions: 3037/5486, actively running or decoding instructions: 3, waiting windows: 17880/36721. Max active instruction index: 3033
2024-11-14 12:29:07 | Simulation update: decoder round 452050, completed instructions: 3377/5486, actively running or decoding instructions: 2, waiting windows: 19859/40789. Max active instruction index: 3373
2024-11-14 12:29:17 | Simulation update: decoder round 496697, completed instructions: 3691/5486, actively running or decoding instructions: 2, waiting windows: 21849/44874. Max active instruction index: 3691
2024-11-14 12:29:27 | Simulation update: decoder round 541081, completed instructions: 4023/5486, actively running or decoding instructions: 2, waiting windows: 23806/48896. Max active instruction index: 4019
2024-11-14 12:29:37 | Simulation update: decoder round 585263, completed instructions: 4360/5486, actively running or decoding instructions: 3, waiting windows: 25800/52995. Max active instruction index: 4356
2024-11-14 12:29:47 | Simulation update: decoder round 630996, completed instructions: 4697/5486, actively running or decoding instructions: 3, waiting windows: 27774/57062. Max active instruction index: 4693
2024-11-14 12:29:57 | Simulation update: decoder round 674973, completed instructions: 5027/5486, actively running or decoding instructions: 4, waiting windows: 29768/61166. Max active instruction index: 5023
2024-11-14 12:30:07 | Simulation update: decoder round 719483, completed instructions: 5369/5486, actively running or decoding instructions: 3, waiting windows: 31720/65186. Max active instruction index: 5365
2024-11-14 12:30:10 | Finished simulation
2024-11-14 12:30:12 | Finished saving output. Done! Total elapsed time: 0:02:46.044557
