CONFIG 199
benchmark_file: slurm/data/20241114_122711/benchmarks/rz_seq_10.lss
decoder_latency_or_dist_filename: lambda volume: volume*10.0
distance: 21
lightweight_setting: 1
max_parallel_processes: None
missed_speculation_modifier: 1.4
poison_policy: successors
rng: 9
scheduling_method: parallel
speculation_accuracy: 0.6000000000000001
speculation_latency: 1
speculation_mode: separate
2024-11-14 12:27:41 | Loading benchmark slurm/data/20241114_122711/benchmarks/rz_seq_10.lss...
2024-11-14 12:27:41 | Starting simulation
2024-11-14 12:27:42 | Simulation update: decoder round 1, completed instructions: 0/5486, actively running or decoding instructions: 1, waiting windows: 0/0. Max active instruction index: 1
2024-11-14 12:27:52 | Simulation update: decoder round 37544, completed instructions: 183/5486, actively running or decoding instructions: 3, waiting windows: 1615/3208. Max active instruction index: 179
2024-11-14 12:28:02 | Simulation update: decoder round 74422, completed instructions: 368/5486, actively running or decoding instructions: 2, waiting windows: 3168/6379. Max active instruction index: 364
2024-11-14 12:28:12 | Simulation update: decoder round 110766, completed instructions: 549/5486, actively running or decoding instructions: 2, waiting windows: 4759/9617. Max active instruction index: 545
2024-11-14 12:28:22 | Simulation update: decoder round 146448, completed instructions: 733/5486, actively running or decoding instructions: 3, waiting windows: 6362/12893. Max active instruction index: 729
2024-11-14 12:28:32 | Simulation update: decoder round 182478, completed instructions: 910/5486, actively running or decoding instructions: 3, waiting windows: 7946/16135. Max active instruction index: 906
2024-11-14 12:28:42 | Simulation update: decoder round 217030, completed instructions: 1069/5486, actively running or decoding instructions: 2, waiting windows: 9545/19385. Max active instruction index: 1065
2024-11-14 12:28:52 | Simulation update: decoder round 253597, completed instructions: 1263/5486, actively running or decoding instructions: 2, waiting windows: 11135/22635. Max active instruction index: 1259
2024-11-14 12:29:02 | Simulation update: decoder round 289500, completed instructions: 1449/5486, actively running or decoding instructions: 4, waiting windows: 12721/25860. Max active instruction index: 1445
2024-11-14 12:29:12 | Simulation update: decoder round 325380, completed instructions: 1627/5486, actively running or decoding instructions: 2, waiting windows: 14299/29086. Max active instruction index: 1623
2024-11-14 12:29:22 | Simulation update: decoder round 360478, completed instructions: 1806/5486, actively running or decoding instructions: 3, waiting windows: 15875/32292. Max active instruction index: 1802
2024-11-14 12:29:32 | Simulation update: decoder round 396512, completed instructions: 1971/5486, actively running or decoding instructions: 2, waiting windows: 17465/35524. Max active instruction index: 1967
2024-11-14 12:29:42 | Simulation update: decoder round 432155, completed instructions: 2133/5486, actively running or decoding instructions: 4, waiting windows: 19057/38780. Max active instruction index: 2129
2024-11-14 12:29:52 | Simulation update: decoder round 468245, completed instructions: 2309/5486, actively running or decoding instructions: 2, waiting windows: 20655/42031. Max active instruction index: 2305
2024-11-14 12:30:02 | Simulation update: decoder round 502535, completed instructions: 2472/5486, actively running or decoding instructions: 3, waiting windows: 22280/45319. Max active instruction index: 2468
2024-11-14 12:30:12 | Simulation update: decoder round 537425, completed instructions: 2650/5486, actively running or decoding instructions: 2, waiting windows: 23857/48544. Max active instruction index: 2646
2024-11-14 12:30:22 | Simulation update: decoder round 572855, completed instructions: 2827/5486, actively running or decoding instructions: 2, waiting windows: 25448/51792. Max active instruction index: 2823
2024-11-14 12:30:32 | Simulation update: decoder round 608531, completed instructions: 2997/5486, actively running or decoding instructions: 4, waiting windows: 27044/55051. Max active instruction index: 2993
2024-11-14 12:30:42 | Simulation update: decoder round 645181, completed instructions: 3184/5486, actively running or decoding instructions: 2, waiting windows: 28623/58275. Max active instruction index: 3180
2024-11-14 12:30:52 | Simulation update: decoder round 682330, completed instructions: 3377/5486, actively running or decoding instructions: 3, waiting windows: 30180/61460. Max active instruction index: 3373
2024-11-14 12:31:02 | Simulation update: decoder round 718496, completed instructions: 3546/5486, actively running or decoding instructions: 4, waiting windows: 31759/64681. Max active instruction index: 3542
2024-11-14 12:31:12 | Simulation update: decoder round 753486, completed instructions: 3712/5486, actively running or decoding instructions: 2, waiting windows: 33337/67880. Max active instruction index: 3708
