CONFIG 206
benchmark_file: slurm/data/20241114_122711/benchmarks/rz_seq_10.lss
decoder_latency_or_dist_filename: lambda volume: volume*2.1544346900318834
distance: 21
lightweight_setting: 1
max_parallel_processes: None
missed_speculation_modifier: 1.4
poison_policy: successors
rng: 6
scheduling_method: aligned
speculation_accuracy: 0.6000000000000001
speculation_latency: 1
speculation_mode: separate
2024-11-14 12:27:40 | Loading benchmark slurm/data/20241114_122711/benchmarks/rz_seq_10.lss...
2024-11-14 12:27:40 | Starting simulation
2024-11-14 12:27:41 | Simulation update: decoder round 1, completed instructions: 0/5486, actively running or decoding instructions: 1, waiting windows: 0/0. Max active instruction index: 1
2024-11-14 12:27:51 | Simulation update: decoder round 64485, completed instructions: 1536/5486, actively running or decoding instructions: 3, waiting windows: 2497/6064. Max active instruction index: 1533
2024-11-14 12:28:01 | Simulation update: decoder round 129605, completed instructions: 3073/5486, actively running or decoding instructions: 3, waiting windows: 5006/12154. Max active instruction index: 3070
2024-11-14 12:28:11 | Simulation update: decoder round 193875, completed instructions: 4602/5486, actively running or decoding instructions: 2, waiting windows: 7484/18203. Max active instruction index: 4598
2024-11-14 12:28:16 | Finished simulation
2024-11-14 12:28:17 | Finished saving output. Done! Total elapsed time: 0:00:37.099676
