CONFIG 217
benchmark_file: slurm/data/20241114_122711/benchmarks/rz_seq_10.lss
decoder_latency_or_dist_filename: lambda volume: volume*3.593813663804626
distance: 21
lightweight_setting: 1
max_parallel_processes: None
missed_speculation_modifier: 1.4
poison_policy: successors
rng: 7
scheduling_method: sliding
speculation_accuracy: 0.7000000000000001
speculation_latency: 1
speculation_mode: separate
2024-11-14 12:27:40 | Loading benchmark slurm/data/20241114_122711/benchmarks/rz_seq_10.lss...
2024-11-14 12:27:40 | Starting simulation
2024-11-14 12:27:41 | Simulation update: decoder round 1, completed instructions: 0/5486, actively running or decoding instructions: 1, waiting windows: 0/0. Max active instruction index: 1
2024-11-14 12:27:51 | Simulation update: decoder round 37515, completed instructions: 412/5486, actively running or decoding instructions: 3, waiting windows: 22/3440. Max active instruction index: 408
2024-11-14 12:28:01 | Simulation update: decoder round 76858, completed instructions: 870/5486, actively running or decoding instructions: 2, waiting windows: 10/6968. Max active instruction index: 867
2024-11-14 12:28:11 | Simulation update: decoder round 114428, completed instructions: 1326/5486, actively running or decoding instructions: 3, waiting windows: 20/10491. Max active instruction index: 1322
2024-11-14 12:28:21 | Simulation update: decoder round 152604, completed instructions: 1783/5486, actively running or decoding instructions: 2, waiting windows: 24/13982. Max active instruction index: 1779
2024-11-14 12:28:31 | Simulation update: decoder round 189345, completed instructions: 2196/5486, actively running or decoding instructions: 3, waiting windows: 16/17444. Max active instruction index: 2193
2024-11-14 12:28:41 | Simulation update: decoder round 227007, completed instructions: 2628/5486, actively running or decoding instructions: 2, waiting windows: 21/20893. Max active instruction index: 2624
2024-11-14 12:28:51 | Simulation update: decoder round 264347, completed instructions: 3053/5486, actively running or decoding instructions: 3, waiting windows: 17/24323. Max active instruction index: 3049
2024-11-14 12:29:01 | Simulation update: decoder round 301890, completed instructions: 3470/5486, actively running or decoding instructions: 2, waiting windows: 25/27713. Max active instruction index: 3466
2024-11-14 12:29:11 | Simulation update: decoder round 339625, completed instructions: 3915/5486, actively running or decoding instructions: 2, waiting windows: 22/31216. Max active instruction index: 3911
2024-11-14 12:29:21 | Simulation update: decoder round 378022, completed instructions: 4375/5486, actively running or decoding instructions: 3, waiting windows: 23/34739. Max active instruction index: 4371
2024-11-14 12:29:31 | Simulation update: decoder round 416443, completed instructions: 4838/5486, actively running or decoding instructions: 3, waiting windows: 23/38186. Max active instruction index: 4834
2024-11-14 12:29:41 | Simulation update: decoder round 454434, completed instructions: 5283/5486, actively running or decoding instructions: 2, waiting windows: 21/41737. Max active instruction index: 5279
2024-11-14 12:29:45 | Finished simulation
2024-11-14 12:29:47 | Finished saving output. Done! Total elapsed time: 0:02:07.028551
