CONFIG 249
benchmark_file: slurm/data/20241114_122711/benchmarks/rz_seq_10.lss
decoder_latency_or_dist_filename: lambda volume: volume*10.0
distance: 21
lightweight_setting: 1
max_parallel_processes: None
missed_speculation_modifier: 1.4
poison_policy: successors
rng: 9
scheduling_method: sliding
speculation_accuracy: 0.8
speculation_latency: 1
speculation_mode: separate
2024-11-14 12:27:42 | Loading benchmark slurm/data/20241114_122711/benchmarks/rz_seq_10.lss...
2024-11-14 12:27:43 | Starting simulation
2024-11-14 12:27:43 | Simulation update: decoder round 1, completed instructions: 0/5486, actively running or decoding instructions: 1, waiting windows: 0/0. Max active instruction index: 1
2024-11-14 12:27:53 | Simulation update: decoder round 15855, completed instructions: 79/5486, actively running or decoding instructions: 4, waiting windows: 25/1219. Max active instruction index: 76
2024-11-14 12:28:03 | Simulation update: decoder round 29715, completed instructions: 145/5486, actively running or decoding instructions: 2, waiting windows: 47/2441. Max active instruction index: 141
2024-11-14 12:28:13 | Simulation update: decoder round 42877, completed instructions: 200/5486, actively running or decoding instructions: 3, waiting windows: 51/3623. Max active instruction index: 196
2024-11-14 12:28:23 | Simulation update: decoder round 55987, completed instructions: 255/5486, actively running or decoding instructions: 2, waiting windows: 53/4831. Max active instruction index: 251
2024-11-14 12:28:33 | Simulation update: decoder round 70399, completed instructions: 331/5486, actively running or decoding instructions: 3, waiting windows: 52/6018. Max active instruction index: 327
2024-11-14 12:28:43 | Simulation update: decoder round 83858, completed instructions: 390/5486, actively running or decoding instructions: 3, waiting windows: 34/7233. Max active instruction index: 387
2024-11-14 12:28:53 | Simulation update: decoder round 98791, completed instructions: 457/5486, actively running or decoding instructions: 4, waiting windows: 50/8439. Max active instruction index: 453
2024-11-14 12:29:03 | Simulation update: decoder round 112022, completed instructions: 523/5486, actively running or decoding instructions: 3, waiting windows: 51/9671. Max active instruction index: 519
2024-11-14 12:29:13 | Simulation update: decoder round 124901, completed instructions: 585/5486, actively running or decoding instructions: 2, waiting windows: 48/10901. Max active instruction index: 581
2024-11-14 12:29:23 | Simulation update: decoder round 138051, completed instructions: 645/5486, actively running or decoding instructions: 2, waiting windows: 56/12121. Max active instruction index: 641
2024-11-14 12:29:33 | Simulation update: decoder round 152381, completed instructions: 712/5486, actively running or decoding instructions: 3, waiting windows: 49/13366. Max active instruction index: 708
2024-11-14 12:29:43 | Simulation update: decoder round 165911, completed instructions: 783/5486, actively running or decoding instructions: 3, waiting windows: 54/14581. Max active instruction index: 779
2024-11-14 12:29:53 | Simulation update: decoder round 178639, completed instructions: 836/5486, actively running or decoding instructions: 3, waiting windows: 27/15764. Max active instruction index: 833
2024-11-14 12:30:03 | Simulation update: decoder round 191933, completed instructions: 900/5486, actively running or decoding instructions: 3, waiting windows: 53/16945. Max active instruction index: 896
2024-11-14 12:30:13 | Simulation update: decoder round 204454, completed instructions: 951/5486, actively running or decoding instructions: 2, waiting windows: 51/18143. Max active instruction index: 947
2024-11-14 12:30:23 | Simulation update: decoder round 217544, completed instructions: 1010/5486, actively running or decoding instructions: 3, waiting windows: 52/19397. Max active instruction index: 1006
2024-11-14 12:30:33 | Simulation update: decoder round 230828, completed instructions: 1074/5486, actively running or decoding instructions: 2, waiting windows: 52/20612. Max active instruction index: 1070
2024-11-14 12:30:43 | Simulation update: decoder round 244753, completed instructions: 1134/5486, actively running or decoding instructions: 4, waiting windows: 46/21783. Max active instruction index: 1130
2024-11-14 12:30:53 | Simulation update: decoder round 258184, completed instructions: 1195/5486, actively running or decoding instructions: 3, waiting windows: 49/23000. Max active instruction index: 1191
2024-11-14 12:31:03 | Simulation update: decoder round 272763, completed instructions: 1258/5486, actively running or decoding instructions: 4, waiting windows: 49/24182. Max active instruction index: 1254
2024-11-14 12:31:13 | Simulation update: decoder round 286019, completed instructions: 1320/5486, actively running or decoding instructions: 4, waiting windows: 34/25378. Max active instruction index: 1316
