CONFIG 257
benchmark_file: slurm/data/20241114_122711/benchmarks/rz_seq_10.lss
decoder_latency_or_dist_filename: lambda volume: volume*3.593813663804626
distance: 21
lightweight_setting: 1
max_parallel_processes: None
missed_speculation_modifier: 1.4
poison_policy: successors
rng: 7
scheduling_method: parallel
speculation_accuracy: 0.8
speculation_latency: 1
speculation_mode: separate
2024-11-14 12:27:51 | Loading benchmark slurm/data/20241114_122711/benchmarks/rz_seq_10.lss...
2024-11-14 12:27:51 | Starting simulation
2024-11-14 12:27:52 | Simulation update: decoder round 1, completed instructions: 0/5486, actively running or decoding instructions: 1, waiting windows: 0/0. Max active instruction index: 1
2024-11-14 12:28:02 | Simulation update: decoder round 58380, completed instructions: 810/5486, actively running or decoding instructions: 3, waiting windows: 2519/5296. Max active instruction index: 806
2024-11-14 12:28:12 | Simulation update: decoder round 115556, completed instructions: 1595/5486, actively running or decoding instructions: 4, waiting windows: 5038/10604. Max active instruction index: 1591
2024-11-14 12:28:22 | Simulation update: decoder round 172418, completed instructions: 2379/5486, actively running or decoding instructions: 3, waiting windows: 7531/15854. Max active instruction index: 2375
2024-11-14 12:28:32 | Simulation update: decoder round 228947, completed instructions: 3156/5486, actively running or decoding instructions: 2, waiting windows: 10022/21134. Max active instruction index: 3153
2024-11-14 12:28:42 | Simulation update: decoder round 284195, completed instructions: 3911/5486, actively running or decoding instructions: 4, waiting windows: 12450/26246. Max active instruction index: 3911
2024-11-14 12:28:52 | Simulation update: decoder round 340999, completed instructions: 4718/5486, actively running or decoding instructions: 2, waiting windows: 14899/31429. Max active instruction index: 4714
2024-11-14 12:29:01 | Finished simulation
2024-11-14 12:29:02 | Finished saving output. Done! Total elapsed time: 0:01:11.481139
