CONFIG 268
benchmark_file: slurm/data/20241114_122711/benchmarks/rz_seq_10.lss
decoder_latency_or_dist_filename: lambda volume: volume*5.994842503189409
distance: 21
lightweight_setting: 1
max_parallel_processes: None
missed_speculation_modifier: 1.4
poison_policy: successors
rng: 8
scheduling_method: aligned
speculation_accuracy: 0.8
speculation_latency: 1
speculation_mode: separate
2024-11-14 12:27:41 | Loading benchmark slurm/data/20241114_122711/benchmarks/rz_seq_10.lss...
2024-11-14 12:27:41 | Starting simulation
2024-11-14 12:27:41 | Simulation update: decoder round 1, completed instructions: 0/5486, actively running or decoding instructions: 1, waiting windows: 0/0. Max active instruction index: 1
2024-11-14 12:27:51 | Simulation update: decoder round 47245, completed instructions: 539/5486, actively running or decoding instructions: 3, waiting windows: 2006/4345. Max active instruction index: 535
2024-11-14 12:28:01 | Simulation update: decoder round 95003, completed instructions: 1038/5486, actively running or decoding instructions: 3, waiting windows: 3958/8604. Max active instruction index: 1038
2024-11-14 12:28:11 | Simulation update: decoder round 142265, completed instructions: 1555/5486, actively running or decoding instructions: 2, waiting windows: 5936/12922. Max active instruction index: 1551
2024-11-14 12:28:21 | Simulation update: decoder round 189304, completed instructions: 2064/5486, actively running or decoding instructions: 2, waiting windows: 7890/17183. Max active instruction index: 2060
2024-11-14 12:28:31 | Simulation update: decoder round 236901, completed instructions: 2581/5486, actively running or decoding instructions: 3, waiting windows: 9852/21476. Max active instruction index: 2577
2024-11-14 12:28:41 | Simulation update: decoder round 284516, completed instructions: 3080/5486, actively running or decoding instructions: 4, waiting windows: 11810/25749. Max active instruction index: 3076
2024-11-14 12:28:51 | Simulation update: decoder round 331030, completed instructions: 3567/5486, actively running or decoding instructions: 4, waiting windows: 13737/29951. Max active instruction index: 3563
2024-11-14 12:29:01 | Simulation update: decoder round 377469, completed instructions: 4050/5486, actively running or decoding instructions: 2, waiting windows: 15726/34266. Max active instruction index: 4046
2024-11-14 12:29:11 | Simulation update: decoder round 424524, completed instructions: 4542/5486, actively running or decoding instructions: 3, waiting windows: 17690/38543. Max active instruction index: 4538
2024-11-14 12:29:21 | Simulation update: decoder round 470584, completed instructions: 5015/5486, actively running or decoding instructions: 3, waiting windows: 19663/42835. Max active instruction index: 5011
2024-11-14 12:29:31 | Finished simulation
2024-11-14 12:29:32 | Finished saving output. Done! Total elapsed time: 0:01:51.478254
