CONFIG 297
benchmark_file: slurm/data/20241114_122711/benchmarks/rz_seq_10.lss
decoder_latency_or_dist_filename: lambda volume: volume*3.593813663804626
distance: 21
lightweight_setting: 1
max_parallel_processes: None
missed_speculation_modifier: 1.4
poison_policy: successors
rng: 7
scheduling_method: aligned
speculation_accuracy: 0.9
speculation_latency: 1
speculation_mode: separate
2024-11-14 12:27:45 | Loading benchmark slurm/data/20241114_122711/benchmarks/rz_seq_10.lss...
2024-11-14 12:27:45 | Starting simulation
2024-11-14 12:27:46 | Simulation update: decoder round 1, completed instructions: 0/5486, actively running or decoding instructions: 1, waiting windows: 0/0. Max active instruction index: 1
2024-11-14 12:27:56 | Simulation update: decoder round 58679, completed instructions: 1085/5486, actively running or decoding instructions: 2, waiting windows: 2329/5401. Max active instruction index: 1081
2024-11-14 12:28:06 | Simulation update: decoder round 117220, completed instructions: 2211/5486, actively running or decoding instructions: 2, waiting windows: 4671/10886. Max active instruction index: 2207
2024-11-14 12:28:16 | Simulation update: decoder round 174825, completed instructions: 3268/5486, actively running or decoding instructions: 2, waiting windows: 6998/16294. Max active instruction index: 3264
2024-11-14 12:28:26 | Simulation update: decoder round 233516, completed instructions: 4360/5486, actively running or decoding instructions: 2, waiting windows: 9332/21741. Max active instruction index: 4356
2024-11-14 12:28:36 | Simulation update: decoder round 291357, completed instructions: 5447/5486, actively running or decoding instructions: 3, waiting windows: 11654/27153. Max active instruction index: 5443
2024-11-14 12:28:36 | Finished simulation
2024-11-14 12:28:37 | Finished saving output. Done! Total elapsed time: 0:00:51.924942
