CONFIG 8
benchmark_file: slurm/data/20241114_122711/benchmarks/rz_seq_10.lss
decoder_latency_or_dist_filename: lambda volume: volume*5.994842503189409
distance: 21
lightweight_setting: 1
max_parallel_processes: None
missed_speculation_modifier: 1.4
poison_policy: successors
rng: 8
scheduling_method: sliding
speculation_accuracy: 0.0
speculation_latency: 1
speculation_mode: separate
2024-11-14 12:27:22 | Loading benchmark slurm/data/20241114_122711/benchmarks/rz_seq_10.lss...
2024-11-14 12:27:23 | Starting simulation
2024-11-14 12:27:23 | Simulation update: decoder round 1, completed instructions: 0/5486, actively running or decoding instructions: 1, waiting windows: 0/0. Max active instruction index: 1
2024-11-14 12:27:33 | Simulation update: decoder round 3507, completed instructions: 11/5486, actively running or decoding instructions: 3, waiting windows: 172/332. Max active instruction index: 7
2024-11-14 12:27:43 | Simulation update: decoder round 4438, completed instructions: 11/5486, actively running or decoding instructions: 3, waiting windows: 214/420. Max active instruction index: 7
2024-11-14 12:27:53 | Simulation update: decoder round 5083, completed instructions: 11/5486, actively running or decoding instructions: 3, waiting windows: 244/482. Max active instruction index: 7
2024-11-14 12:28:03 | Simulation update: decoder round 5594, completed instructions: 11/5486, actively running or decoding instructions: 3, waiting windows: 267/530. Max active instruction index: 7
2024-11-14 12:28:13 | Simulation update: decoder round 6023, completed instructions: 11/5486, actively running or decoding instructions: 3, waiting windows: 287/572. Max active instruction index: 7
2024-11-14 12:28:23 | Simulation update: decoder round 6397, completed instructions: 11/5486, actively running or decoding instructions: 3, waiting windows: 304/608. Max active instruction index: 7
2024-11-14 12:28:33 | Simulation update: decoder round 6730, completed instructions: 11/5486, actively running or decoding instructions: 3, waiting windows: 318/638. Max active instruction index: 7
2024-11-14 12:28:43 | Simulation update: decoder round 7032, completed instructions: 11/5486, actively running or decoding instructions: 3, waiting windows: 332/668. Max active instruction index: 7
2024-11-14 12:28:53 | Simulation update: decoder round 7311, completed instructions: 11/5486, actively running or decoding instructions: 3, waiting windows: 345/694. Max active instruction index: 7
2024-11-14 12:29:03 | Simulation update: decoder round 7569, completed instructions: 11/5486, actively running or decoding instructions: 3, waiting windows: 356/718. Max active instruction index: 7
2024-11-14 12:29:13 | Simulation update: decoder round 7809, completed instructions: 11/5486, actively running or decoding instructions: 3, waiting windows: 368/742. Max active instruction index: 7
2024-11-14 12:29:23 | Simulation update: decoder round 8036, completed instructions: 11/5486, actively running or decoding instructions: 3, waiting windows: 378/764. Max active instruction index: 7
2024-11-14 12:29:33 | Simulation update: decoder round 8250, completed instructions: 11/5486, actively running or decoding instructions: 3, waiting windows: 388/784. Max active instruction index: 7
2024-11-14 12:29:43 | Simulation update: decoder round 8453, completed instructions: 11/5486, actively running or decoding instructions: 3, waiting windows: 396/802. Max active instruction index: 7
2024-11-14 12:29:53 | Simulation update: decoder round 8646, completed instructions: 11/5486, actively running or decoding instructions: 3, waiting windows: 406/822. Max active instruction index: 7
2024-11-14 12:30:03 | Simulation update: decoder round 8830, completed instructions: 11/5486, actively running or decoding instructions: 3, waiting windows: 414/838. Max active instruction index: 7
2024-11-14 12:30:13 | Simulation update: decoder round 9006, completed instructions: 11/5486, actively running or decoding instructions: 3, waiting windows: 421/856. Max active instruction index: 7
2024-11-14 12:30:23 | Simulation update: decoder round 9175, completed instructions: 11/5486, actively running or decoding instructions: 3, waiting windows: 430/872. Max active instruction index: 7
2024-11-14 12:30:33 | Simulation update: decoder round 9337, completed instructions: 11/5486, actively running or decoding instructions: 3, waiting windows: 437/888. Max active instruction index: 7
2024-11-14 12:30:43 | Simulation update: decoder round 9493, completed instructions: 11/5486, actively running or decoding instructions: 3, waiting windows: 444/902. Max active instruction index: 7
2024-11-14 12:30:53 | Simulation update: decoder round 9644, completed instructions: 11/5486, actively running or decoding instructions: 3, waiting windows: 451/916. Max active instruction index: 7
2024-11-14 12:31:03 | Simulation update: decoder round 9790, completed instructions: 11/5486, actively running or decoding instructions: 3, waiting windows: 458/930. Max active instruction index: 7
2024-11-14 12:31:13 | Simulation update: decoder round 9932, completed instructions: 11/5486, actively running or decoding instructions: 2, waiting windows: 463/944. Max active instruction index: 7
