CONFIG 97
benchmark_file: slurm/data/20241112_150658/benchmarks/random_t_1000_200_0.lss
decoder_latency_or_dist_filename: slurm/data/20241112_150658/decoder_dists.json
distance: 21
lightweight_setting: 2
max_parallel_processes: None
missed_speculation_modifier: 1.4
poison_policy: successors
rng: 0
scheduling_method: parallel
speculation_accuracy: 0.9
speculation_latency: 1
speculation_mode: None
2024-11-12 15:53:52 | Loading benchmark slurm/data/20241112_150658/benchmarks/random_t_1000_200_0.lss...
2024-11-12 15:53:53 | Starting simulation
2024-11-12 15:53:53 | Simulation update: decoder round 1, completed instructions: 0/4997, actively running or decoding instructions: 1, waiting windows: 0/0. Max active instruction index: 0
2024-11-12 15:54:03 | Simulation update: decoder round 63034, completed instructions: 611/4997, actively running or decoding instructions: 3, waiting windows: 1681/3453. Max active instruction index: 611
2024-11-12 15:54:13 | Simulation update: decoder round 127224, completed instructions: 1238/4997, actively running or decoding instructions: 6, waiting windows: 3347/6895. Max active instruction index: 1236
2024-11-12 15:54:23 | Simulation update: decoder round 191183, completed instructions: 1843/4997, actively running or decoding instructions: 3, waiting windows: 5006/10321. Max active instruction index: 1841
2024-11-12 15:54:33 | Simulation update: decoder round 256299, completed instructions: 2483/4997, actively running or decoding instructions: 3, waiting windows: 6661/13749. Max active instruction index: 2481
2024-11-12 15:54:43 | Simulation update: decoder round 320678, completed instructions: 3112/4997, actively running or decoding instructions: 2, waiting windows: 8328/17201. Max active instruction index: 3112
2024-11-12 15:54:53 | Simulation update: decoder round 385548, completed instructions: 3752/4997, actively running or decoding instructions: 3, waiting windows: 9975/20617. Max active instruction index: 3753
2024-11-12 15:55:03 | Simulation update: decoder round 450104, completed instructions: 4383/4997, actively running or decoding instructions: 5, waiting windows: 11592/23971. Max active instruction index: 4383
2024-11-12 15:55:12 | Finished simulation
2024-11-12 15:55:13 | Finished saving output. Done! Total elapsed time: 0:01:21.113559
