CONFIG 122
benchmark_file: slurm/data/20250212_153333/benchmarks/grover_ancilla_5.lss
decoder_latency_or_dist_filename: slurm/data/20250212_153333/decoder_dists.json
distance: 27
lightweight_setting: 2
max_parallel_processes: None
missed_speculation_modifier: 1.4
poison_policy: successors
rng: 0
scheduling_method: aligned
speculation_accuracy: 0.9
speculation_latency: 1
speculation_mode: None
2025-02-12 15:33:40 | Loading benchmark slurm/data/20250212_153333/benchmarks/grover_ancilla_5.lss...
2025-02-12 15:33:55 | Starting simulation
2025-02-12 15:34:19 | Simulation update: decoder round 1, completed instructions: 0/141975, actively running or decoding instructions: 1, waiting windows: 0/0. Max active instruction index: 0
2025-02-12 15:34:29 | Simulation update: decoder round 513, completed instructions: 12/141975, actively running or decoding instructions: 5, waiting windows: 24/27. Max active instruction index: 5
2025-02-12 15:34:39 | Simulation update: decoder round 1028, completed instructions: 12/141975, actively running or decoding instructions: 3, waiting windows: 32/46. Max active instruction index: 5
2025-02-12 15:34:49 | Simulation update: decoder round 1550, completed instructions: 28/141975, actively running or decoding instructions: 8, waiting windows: 51/77. Max active instruction index: 21
2025-02-12 15:34:59 | Simulation update: decoder round 2069, completed instructions: 28/141975, actively running or decoding instructions: 8, waiting windows: 53/96. Max active instruction index: 21
2025-02-12 15:35:09 | Simulation update: decoder round 2591, completed instructions: 44/141975, actively running or decoding instructions: 5, waiting windows: 68/124. Max active instruction index: 37
2025-02-12 15:35:19 | Simulation update: decoder round 3117, completed instructions: 44/141975, actively running or decoding instructions: 5, waiting windows: 74/143. Max active instruction index: 37
2025-02-12 15:35:29 | Simulation update: decoder round 3643, completed instructions: 44/141975, actively running or decoding instructions: 3, waiting windows: 82/163. Max active instruction index: 37
2025-02-12 15:35:39 | Simulation update: decoder round 4168, completed instructions: 60/141975, actively running or decoding instructions: 5, waiting windows: 96/191. Max active instruction index: 53
2025-02-12 15:35:49 | Simulation update: decoder round 4694, completed instructions: 60/141975, actively running or decoding instructions: 5, waiting windows: 98/210. Max active instruction index: 53
2025-02-12 15:35:59 | Simulation update: decoder round 5219, completed instructions: 76/141975, actively running or decoding instructions: 5, waiting windows: 116/239. Max active instruction index: 69
2025-02-12 15:36:10 | Simulation update: decoder round 5746, completed instructions: 76/141975, actively running or decoding instructions: 5, waiting windows: 119/258. Max active instruction index: 69
2025-02-12 15:36:20 | Simulation update: decoder round 6273, completed instructions: 92/141975, actively running or decoding instructions: 8, waiting windows: 137/289. Max active instruction index: 85
2025-02-12 15:36:30 | Simulation update: decoder round 6798, completed instructions: 92/141975, actively running or decoding instructions: 8, waiting windows: 143/309. Max active instruction index: 85
2025-02-12 15:36:40 | Simulation update: decoder round 7322, completed instructions: 97/141975, actively running or decoding instructions: 7, waiting windows: 152/332. Max active instruction index: 100
2025-02-12 15:36:50 | Simulation update: decoder round 7847, completed instructions: 108/141975, actively running or decoding instructions: 8, waiting windows: 162/359. Max active instruction index: 101
2025-02-12 15:37:00 | Simulation update: decoder round 8372, completed instructions: 120/141975, actively running or decoding instructions: 5, waiting windows: 175/387. Max active instruction index: 113
2025-02-12 15:37:10 | Simulation update: decoder round 8895, completed instructions: 120/141975, actively running or decoding instructions: 5, waiting windows: 182/406. Max active instruction index: 113
2025-02-12 15:37:20 | Simulation update: decoder round 9419, completed instructions: 120/141975, actively running or decoding instructions: 3, waiting windows: 188/426. Max active instruction index: 113
2025-02-12 15:37:30 | Simulation update: decoder round 9944, completed instructions: 121/141975, actively running or decoding instructions: 5, waiting windows: 198/447. Max active instruction index: 124
2025-02-12 15:37:40 | Simulation update: decoder round 10468, completed instructions: 132/141975, actively running or decoding instructions: 5, waiting windows: 215/474. Max active instruction index: 125
2025-02-12 15:37:50 | Simulation update: decoder round 10994, completed instructions: 137/141975, actively running or decoding instructions: 5, waiting windows: 217/496. Max active instruction index: 137
2025-02-12 15:38:00 | Simulation update: decoder round 11518, completed instructions: 144/141975, actively running or decoding instructions: 5, waiting windows: 230/522. Max active instruction index: 137
2025-02-12 15:38:10 | Simulation update: decoder round 12042, completed instructions: 144/141975, actively running or decoding instructions: 5, waiting windows: 235/541. Max active instruction index: 137
