CONFIG 16
benchmark_file: slurm/data/20250212_153333/benchmarks/rz_seq_100_1e-10.lss
decoder_latency_or_dist_filename: slurm/data/20250212_153333/decoder_dists.json
distance: 27
lightweight_setting: 2
max_parallel_processes: None
missed_speculation_modifier: 1.4
poison_policy: successors
rng: 0
scheduling_method: sliding
speculation_accuracy: 0.9
speculation_latency: 1
speculation_mode: separate
2025-02-12 15:33:40 | Loading benchmark slurm/data/20250212_153333/benchmarks/rz_seq_100_1e-10.lss...
2025-02-12 15:33:51 | Starting simulation
2025-02-12 15:34:07 | Simulation update: decoder round 1, completed instructions: 0/99451, actively running or decoding instructions: 2, waiting windows: 0/0. Max active instruction index: 2
2025-02-12 15:34:17 | Simulation update: decoder round 54081, completed instructions: 702/99451, actively running or decoding instructions: 5, waiting windows: 14/2853. Max active instruction index: 699
2025-02-12 15:34:27 | Simulation update: decoder round 110035, completed instructions: 1587/99451, actively running or decoding instructions: 4, waiting windows: 15/5785. Max active instruction index: 1587
2025-02-12 15:34:37 | Simulation update: decoder round 165871, completed instructions: 2370/99451, actively running or decoding instructions: 8, waiting windows: 15/8633. Max active instruction index: 2367
2025-02-12 15:34:47 | Simulation update: decoder round 216032, completed instructions: 2966/99451, actively running or decoding instructions: 5, waiting windows: 15/11060. Max active instruction index: 2963
2025-02-12 15:34:57 | Simulation update: decoder round 270080, completed instructions: 3734/99451, actively running or decoding instructions: 2, waiting windows: 14/13917. Max active instruction index: 3731
2025-02-12 15:35:07 | Simulation update: decoder round 325617, completed instructions: 4507/99451, actively running or decoding instructions: 2, waiting windows: 23/16783. Max active instruction index: 4503
2025-02-12 15:35:17 | Simulation update: decoder round 374494, completed instructions: 5118/99451, actively running or decoding instructions: 5, waiting windows: 16/19283. Max active instruction index: 5115
2025-02-12 15:35:27 | Simulation update: decoder round 426035, completed instructions: 5766/99451, actively running or decoding instructions: 2, waiting windows: 12/22056. Max active instruction index: 5763
2025-02-12 15:35:37 | Simulation update: decoder round 438260, completed instructions: 5766/99451, actively running or decoding instructions: 2, waiting windows: 10/22509. Max active instruction index: 5763
2025-02-12 15:35:47 | Simulation update: decoder round 476386, completed instructions: 6319/99451, actively running or decoding instructions: 5, waiting windows: 24/24512. Max active instruction index: 6315
2025-02-12 15:35:57 | Simulation update: decoder round 531224, completed instructions: 7118/99451, actively running or decoding instructions: 3, waiting windows: 15/27481. Max active instruction index: 7115
2025-02-12 15:36:07 | Simulation update: decoder round 585934, completed instructions: 7914/99451, actively running or decoding instructions: 5, waiting windows: 19/30324. Max active instruction index: 7911
2025-02-12 15:36:17 | Simulation update: decoder round 632414, completed instructions: 8590/99451, actively running or decoding instructions: 2, waiting windows: 14/32712. Max active instruction index: 8587
2025-02-12 15:36:27 | Simulation update: decoder round 686592, completed instructions: 9410/99451, actively running or decoding instructions: 2, waiting windows: 23/35623. Max active instruction index: 9407
2025-02-12 15:36:37 | Simulation update: decoder round 738594, completed instructions: 10110/99451, actively running or decoding instructions: 2, waiting windows: 15/38260. Max active instruction index: 10107
2025-02-12 15:36:47 | Simulation update: decoder round 778956, completed instructions: 10534/99451, actively running or decoding instructions: 2, waiting windows: 13/40144. Max active instruction index: 10531
2025-02-12 15:36:57 | Simulation update: decoder round 788707, completed instructions: 10534/99451, actively running or decoding instructions: 2, waiting windows: 16/40505. Max active instruction index: 10531
2025-02-12 15:37:07 | Simulation update: decoder round 827669, completed instructions: 11006/99451, actively running or decoding instructions: 2, waiting windows: 13/42624. Max active instruction index: 11003
2025-02-12 15:37:17 | Simulation update: decoder round 879514, completed instructions: 11706/99451, actively running or decoding instructions: 5, waiting windows: 19/45301. Max active instruction index: 11703
2025-02-12 15:37:27 | Simulation update: decoder round 931937, completed instructions: 12479/99451, actively running or decoding instructions: 2, waiting windows: 27/48082. Max active instruction index: 12475
2025-02-12 15:37:37 | Simulation update: decoder round 968012, completed instructions: 12803/99451, actively running or decoding instructions: 2, waiting windows: 25/49684. Max active instruction index: 12799
2025-02-12 15:37:47 | Simulation update: decoder round 1018808, completed instructions: 13483/99451, actively running or decoding instructions: 8, waiting windows: 25/52323. Max active instruction index: 13479
2025-02-12 15:37:57 | Simulation update: decoder round 1069780, completed instructions: 14166/99451, actively running or decoding instructions: 8, waiting windows: 16/55045. Max active instruction index: 14163
2025-02-12 15:38:07 | Simulation update: decoder round 1099404, completed instructions: 14435/99451, actively running or decoding instructions: 5, waiting windows: 23/56886. Max active instruction index: 14431
2025-02-12 15:38:17 | Simulation update: decoder round 1148292, completed instructions: 15066/99451, actively running or decoding instructions: 2, waiting windows: 13/59412. Max active instruction index: 15063
