CONFIG 26
benchmark_file: slurm/data/20250212_153333/benchmarks/grover_ancilla_5.lss
decoder_latency_or_dist_filename: slurm/data/20250212_153333/decoder_dists.json
distance: 15
lightweight_setting: 2
max_parallel_processes: None
missed_speculation_modifier: 1.4
poison_policy: successors
rng: 0
scheduling_method: parallel
speculation_accuracy: 0.9
speculation_latency: 1
speculation_mode: separate
2025-02-12 15:33:39 | Loading benchmark slurm/data/20250212_153333/benchmarks/grover_ancilla_5.lss...
2025-02-12 15:33:53 | Starting simulation
2025-02-12 15:34:17 | Simulation update: decoder round 1, completed instructions: 0/141975, actively running or decoding instructions: 1, waiting windows: 0/0. Max active instruction index: 0
2025-02-12 15:34:27 | Simulation update: decoder round 520, completed instructions: 60/141975, actively running or decoding instructions: 5, waiting windows: 28/71. Max active instruction index: 53
2025-02-12 15:34:37 | Simulation update: decoder round 1044, completed instructions: 108/141975, actively running or decoding instructions: 3, waiting windows: 49/138. Max active instruction index: 101
2025-02-12 15:34:47 | Simulation update: decoder round 1569, completed instructions: 144/141975, actively running or decoding instructions: 5, waiting windows: 75/200. Max active instruction index: 137
2025-02-12 15:34:57 | Simulation update: decoder round 2097, completed instructions: 188/141975, actively running or decoding instructions: 2, waiting windows: 90/265. Max active instruction index: 181
2025-02-12 15:35:07 | Simulation update: decoder round 2628, completed instructions: 248/141975, actively running or decoding instructions: 5, waiting windows: 123/345. Max active instruction index: 241
2025-02-12 15:35:17 | Simulation update: decoder round 3162, completed instructions: 301/141975, actively running or decoding instructions: 3, waiting windows: 152/426. Max active instruction index: 304
2025-02-12 15:35:27 | Simulation update: decoder round 3696, completed instructions: 345/141975, actively running or decoding instructions: 4, waiting windows: 171/494. Max active instruction index: 345
2025-02-12 15:35:37 | Simulation update: decoder round 4234, completed instructions: 396/141975, actively running or decoding instructions: 5, waiting windows: 194/565. Max active instruction index: 389
2025-02-12 15:35:47 | Simulation update: decoder round 4777, completed instructions: 449/141975, actively running or decoding instructions: 3, waiting windows: 218/643. Max active instruction index: 441
2025-02-12 15:35:57 | Simulation update: decoder round 5325, completed instructions: 505/141975, actively running or decoding instructions: 5, waiting windows: 244/719. Max active instruction index: 497
2025-02-12 15:36:07 | Simulation update: decoder round 5874, completed instructions: 541/141975, actively running or decoding instructions: 4, waiting windows: 271/795. Max active instruction index: 542
2025-02-12 15:36:17 | Simulation update: decoder round 6429, completed instructions: 596/141975, actively running or decoding instructions: 3, waiting windows: 296/872. Max active instruction index: 600
2025-02-12 15:36:27 | Simulation update: decoder round 6988, completed instructions: 660/141975, actively running or decoding instructions: 2, waiting windows: 333/960. Max active instruction index: 653
2025-02-12 15:36:37 | Simulation update: decoder round 7553, completed instructions: 704/141975, actively running or decoding instructions: 3, waiting windows: 348/1026. Max active instruction index: 697
2025-02-12 15:36:47 | Simulation update: decoder round 8117, completed instructions: 768/141975, actively running or decoding instructions: 3, waiting windows: 382/1113. Max active instruction index: 772
2025-02-12 15:36:57 | Simulation update: decoder round 8687, completed instructions: 820/141975, actively running or decoding instructions: 2, waiting windows: 406/1194. Max active instruction index: 813
2025-02-12 15:37:07 | Simulation update: decoder round 9256, completed instructions: 864/141975, actively running or decoding instructions: 2, waiting windows: 434/1265. Max active instruction index: 857
2025-02-12 15:37:17 | Simulation update: decoder round 9833, completed instructions: 920/141975, actively running or decoding instructions: 6, waiting windows: 463/1339. Max active instruction index: 924
2025-02-12 15:37:27 | Simulation update: decoder round 10411, completed instructions: 976/141975, actively running or decoding instructions: 5, waiting windows: 497/1425. Max active instruction index: 969
2025-02-12 15:37:37 | Simulation update: decoder round 10995, completed instructions: 1020/141975, actively running or decoding instructions: 2, waiting windows: 512/1493. Max active instruction index: 1013
2025-02-12 15:37:47 | Simulation update: decoder round 11584, completed instructions: 1084/141975, actively running or decoding instructions: 2, waiting windows: 535/1573. Max active instruction index: 1084
