CONFIG 61
benchmark_file: slurm/data/20250212_153333/benchmarks/heisenberg_3.lss
decoder_latency_or_dist_filename: slurm/data/20250212_153333/decoder_dists.json
distance: 27
lightweight_setting: 2
max_parallel_processes: None
missed_speculation_modifier: 1.4
poison_policy: successors
rng: 0
scheduling_method: aligned
speculation_accuracy: 0.9
speculation_latency: 1
speculation_mode: separate
2025-02-12 15:33:40 | Loading benchmark slurm/data/20250212_153333/benchmarks/heisenberg_3.lss...
2025-02-12 15:33:57 | Starting simulation
2025-02-12 15:34:24 | Simulation update: decoder round 1, completed instructions: 0/167857, actively running or decoding instructions: 15, waiting windows: 0/0. Max active instruction index: 36
2025-02-12 15:34:34 | Simulation update: decoder round 54, completed instructions: 40/167857, actively running or decoding instructions: 16, waiting windows: 20/20. Max active instruction index: 37
2025-02-12 15:34:45 | Simulation update: decoder round 109, completed instructions: 40/167857, actively running or decoding instructions: 16, waiting windows: 75/75. Max active instruction index: 37
2025-02-12 15:34:55 | Simulation update: decoder round 164, completed instructions: 40/167857, actively running or decoding instructions: 16, waiting windows: 105/105. Max active instruction index: 37
2025-02-12 15:35:05 | Simulation update: decoder round 219, completed instructions: 40/167857, actively running or decoding instructions: 16, waiting windows: 135/135. Max active instruction index: 37
2025-02-12 15:35:15 | Simulation update: decoder round 273, completed instructions: 40/167857, actively running or decoding instructions: 16, waiting windows: 164/165. Max active instruction index: 37
2025-02-12 15:35:25 | Simulation update: decoder round 328, completed instructions: 40/167857, actively running or decoding instructions: 14, waiting windows: 179/195. Max active instruction index: 37
2025-02-12 15:35:35 | Simulation update: decoder round 383, completed instructions: 40/167857, actively running or decoding instructions: 11, waiting windows: 202/225. Max active instruction index: 37
2025-02-12 15:35:45 | Simulation update: decoder round 438, completed instructions: 40/167857, actively running or decoding instructions: 11, waiting windows: 230/255. Max active instruction index: 37
2025-02-12 15:35:55 | Simulation update: decoder round 493, completed instructions: 44/167857, actively running or decoding instructions: 8, waiting windows: 256/285. Max active instruction index: 56
2025-02-12 15:36:05 | Simulation update: decoder round 549, completed instructions: 48/167857, actively running or decoding instructions: 8, waiting windows: 286/317. Max active instruction index: 58
2025-02-12 15:36:15 | Simulation update: decoder round 605, completed instructions: 53/167857, actively running or decoding instructions: 10, waiting windows: 303/351. Max active instruction index: 61
2025-02-12 15:36:25 | Simulation update: decoder round 659, completed instructions: 58/167857, actively running or decoding instructions: 10, waiting windows: 323/385. Max active instruction index: 61
2025-02-12 15:36:35 | Simulation update: decoder round 712, completed instructions: 58/167857, actively running or decoding instructions: 10, waiting windows: 339/414. Max active instruction index: 61
2025-02-12 15:36:46 | Simulation update: decoder round 768, completed instructions: 58/167857, actively running or decoding instructions: 10, waiting windows: 356/445. Max active instruction index: 61
2025-02-12 15:36:56 | Simulation update: decoder round 824, completed instructions: 62/167857, actively running or decoding instructions: 9, waiting windows: 372/475. Max active instruction index: 61
2025-02-12 15:37:06 | Simulation update: decoder round 875, completed instructions: 62/167857, actively running or decoding instructions: 9, waiting windows: 386/505. Max active instruction index: 61
2025-02-12 15:37:16 | Simulation update: decoder round 928, completed instructions: 62/167857, actively running or decoding instructions: 9, waiting windows: 400/534. Max active instruction index: 61
2025-02-12 15:37:26 | Simulation update: decoder round 984, completed instructions: 62/167857, actively running or decoding instructions: 9, waiting windows: 421/565. Max active instruction index: 61
2025-02-12 15:37:36 | Simulation update: decoder round 1040, completed instructions: 66/167857, actively running or decoding instructions: 8, waiting windows: 429/595. Max active instruction index: 61
2025-02-12 15:37:46 | Simulation update: decoder round 1096, completed instructions: 66/167857, actively running or decoding instructions: 4, waiting windows: 446/625. Max active instruction index: 61
2025-02-12 15:37:56 | Simulation update: decoder round 1152, completed instructions: 66/167857, actively running or decoding instructions: 3, waiting windows: 458/655. Max active instruction index: 61
2025-02-12 15:38:06 | Simulation update: decoder round 1208, completed instructions: 66/167857, actively running or decoding instructions: 3, waiting windows: 477/686. Max active instruction index: 61
2025-02-12 15:38:17 | Simulation update: decoder round 1264, completed instructions: 66/167857, actively running or decoding instructions: 3, waiting windows: 492/716. Max active instruction index: 61
