CONFIG 66
benchmark_file: slurm/data/20250212_153333/benchmarks/qpeexact_10.lss
decoder_latency_or_dist_filename: slurm/data/20250212_153333/decoder_dists.json
distance: 21
lightweight_setting: 2
max_parallel_processes: predict
missed_speculation_modifier: 1.4
poison_policy: successors
rng: 0
scheduling_method: aligned
speculation_accuracy: 0.9
speculation_latency: 1
speculation_mode: separate
2025-02-12 15:33:40 | Loading benchmark slurm/data/20250212_153333/benchmarks/qpeexact_10.lss...
2025-02-12 15:33:54 | Starting simulation
PREDICTION STEP BEGIN---------------------------------
Predicted max parallel processes: 103

PREDICTION STEP END-----------------------------------

2025-02-13 21:11:10 | Simulation update: decoder round 1, completed instructions: 0/139984, actively running or decoding instructions: 1, waiting windows: 0/0. Max active instruction index: 0
2025-02-13 21:11:20 | Simulation update: decoder round 58, completed instructions: 8/139984, actively running or decoding instructions: 5, waiting windows: 7/7. Max active instruction index: 5
2025-02-13 21:11:30 | Simulation update: decoder round 114, completed instructions: 8/139984, actively running or decoding instructions: 5, waiting windows: 9/9. Max active instruction index: 5
2025-02-13 21:11:40 | Simulation update: decoder round 171, completed instructions: 8/139984, actively running or decoding instructions: 5, waiting windows: 9/12. Max active instruction index: 5
2025-02-13 21:11:50 | Simulation update: decoder round 228, completed instructions: 8/139984, actively running or decoding instructions: 3, waiting windows: 10/15. Max active instruction index: 5
2025-02-13 21:12:00 | Simulation update: decoder round 285, completed instructions: 8/139984, actively running or decoding instructions: 3, waiting windows: 11/17. Max active instruction index: 5
2025-02-13 21:12:10 | Simulation update: decoder round 342, completed instructions: 8/139984, actively running or decoding instructions: 3, waiting windows: 12/20. Max active instruction index: 5
2025-02-13 21:12:20 | Simulation update: decoder round 399, completed instructions: 13/139984, actively running or decoding instructions: 4, waiting windows: 17/26. Max active instruction index: 13
2025-02-13 21:12:30 | Simulation update: decoder round 456, completed instructions: 16/139984, actively running or decoding instructions: 5, waiting windows: 21/31. Max active instruction index: 13
2025-02-13 21:12:40 | Simulation update: decoder round 513, completed instructions: 16/139984, actively running or decoding instructions: 5, waiting windows: 21/34. Max active instruction index: 13
2025-02-13 21:12:51 | Simulation update: decoder round 570, completed instructions: 16/139984, actively running or decoding instructions: 3, waiting windows: 18/36. Max active instruction index: 13
2025-02-13 21:13:01 | Simulation update: decoder round 627, completed instructions: 16/139984, actively running or decoding instructions: 3, waiting windows: 19/39. Max active instruction index: 13
2025-02-13 21:13:11 | Simulation update: decoder round 684, completed instructions: 25/139984, actively running or decoding instructions: 4, waiting windows: 22/43. Max active instruction index: 24
2025-02-13 21:13:21 | Simulation update: decoder round 742, completed instructions: 29/139984, actively running or decoding instructions: 5, waiting windows: 26/49. Max active instruction index: 25
2025-02-13 21:13:31 | Simulation update: decoder round 800, completed instructions: 29/139984, actively running or decoding instructions: 5, waiting windows: 29/55. Max active instruction index: 25
2025-02-13 21:13:41 | Simulation update: decoder round 858, completed instructions: 29/139984, actively running or decoding instructions: 5, waiting windows: 32/61. Max active instruction index: 25
2025-02-13 21:13:51 | Simulation update: decoder round 916, completed instructions: 33/139984, actively running or decoding instructions: 3, waiting windows: 35/67. Max active instruction index: 33
2025-02-13 21:14:01 | Simulation update: decoder round 974, completed instructions: 36/139984, actively running or decoding instructions: 2, waiting windows: 39/72. Max active instruction index: 33
2025-02-13 21:14:11 | Simulation update: decoder round 1032, completed instructions: 36/139984, actively running or decoding instructions: 2, waiting windows: 36/74. Max active instruction index: 33
2025-02-13 21:14:21 | Simulation update: decoder round 1089, completed instructions: 36/139984, actively running or decoding instructions: 2, waiting windows: 36/77. Max active instruction index: 33
2025-02-13 21:14:31 | Simulation update: decoder round 1146, completed instructions: 41/139984, actively running or decoding instructions: 5, waiting windows: 36/81. Max active instruction index: 44
2025-02-13 21:14:42 | Simulation update: decoder round 1203, completed instructions: 48/139984, actively running or decoding instructions: 5, waiting windows: 41/87. Max active instruction index: 45
2025-02-13 21:14:52 | Simulation update: decoder round 1261, completed instructions: 48/139984, actively running or decoding instructions: 5, waiting windows: 41/90. Max active instruction index: 45
2025-02-13 21:15:02 | Simulation update: decoder round 1318, completed instructions: 48/139984, actively running or decoding instructions: 5, waiting windows: 41/93. Max active instruction index: 45
2025-02-13 21:15:12 | Simulation update: decoder round 1376, completed instructions: 48/139984, actively running or decoding instructions: 5, waiting windows: 40/95. Max active instruction index: 45
2025-02-13 21:15:22 | Simulation update: decoder round 1433, completed instructions: 53/139984, actively running or decoding instructions: 4, waiting windows: 44/101. Max active instruction index: 53
2025-02-13 21:15:32 | Simulation update: decoder round 1490, completed instructions: 56/139984, actively running or decoding instructions: 5, waiting windows: 47/105. Max active instruction index: 53
2025-02-13 21:15:42 | Simulation update: decoder round 1547, completed instructions: 56/139984, actively running or decoding instructions: 5, waiting windows: 47/108. Max active instruction index: 53
2025-02-13 21:15:52 | Simulation update: decoder round 1604, completed instructions: 56/139984, actively running or decoding instructions: 3, waiting windows: 47/111. Max active instruction index: 53
2025-02-13 21:16:02 | Simulation update: decoder round 1661, completed instructions: 56/139984, actively running or decoding instructions: 3, waiting windows: 46/113. Max active instruction index: 53
2025-02-13 21:16:12 | Simulation update: decoder round 1718, completed instructions: 56/139984, actively running or decoding instructions: 3, waiting windows: 49/116. Max active instruction index: 53
2025-02-13 21:16:22 | Simulation update: decoder round 1775, completed instructions: 56/139984, actively running or decoding instructions: 2, waiting windows: 49/119. Max active instruction index: 56
2025-02-13 21:16:33 | Simulation update: decoder round 1833, completed instructions: 65/139984, actively running or decoding instructions: 7, waiting windows: 57/127. Max active instruction index: 65
2025-02-13 21:16:43 | Simulation update: decoder round 1891, completed instructions: 68/139984, actively running or decoding instructions: 8, waiting windows: 60/132. Max active instruction index: 65
2025-02-13 21:16:53 | Simulation update: decoder round 1949, completed instructions: 68/139984, actively running or decoding instructions: 8, waiting windows: 60/135. Max active instruction index: 65
2025-02-13 21:17:03 | Simulation update: decoder round 2006, completed instructions: 68/139984, actively running or decoding instructions: 7, waiting windows: 59/137. Max active instruction index: 65
2025-02-13 21:17:13 | Simulation update: decoder round 2064, completed instructions: 68/139984, actively running or decoding instructions: 7, waiting windows: 59/140. Max active instruction index: 65
2025-02-13 21:17:23 | Simulation update: decoder round 2122, completed instructions: 68/139984, actively running or decoding instructions: 6, waiting windows: 59/143. Max active instruction index: 65
2025-02-13 21:17:33 | Simulation update: decoder round 2180, completed instructions: 73/139984, actively running or decoding instructions: 4, waiting windows: 63/149. Max active instruction index: 73
2025-02-13 21:17:43 | Simulation update: decoder round 2237, completed instructions: 76/139984, actively running or decoding instructions: 5, waiting windows: 65/153. Max active instruction index: 73
2025-02-13 21:17:54 | Simulation update: decoder round 2294, completed instructions: 76/139984, actively running or decoding instructions: 5, waiting windows: 66/156. Max active instruction index: 73
2025-02-13 21:18:04 | Simulation update: decoder round 2351, completed instructions: 76/139984, actively running or decoding instructions: 3, waiting windows: 66/159. Max active instruction index: 73
2025-02-13 21:18:14 | Simulation update: decoder round 2408, completed instructions: 76/139984, actively running or decoding instructions: 3, waiting windows: 68/162. Max active instruction index: 73
2025-02-13 21:18:24 | Simulation update: decoder round 2465, completed instructions: 76/139984, actively running or decoding instructions: 3, waiting windows: 69/164. Max active instruction index: 73
2025-02-13 21:18:34 | Simulation update: decoder round 2522, completed instructions: 76/139984, actively running or decoding instructions: 2, waiting windows: 68/168. Max active instruction index: 76
2025-02-13 21:18:44 | Simulation update: decoder round 2579, completed instructions: 84/139984, actively running or decoding instructions: 5, waiting windows: 75/175. Max active instruction index: 81
2025-02-13 21:18:54 | Simulation update: decoder round 2636, completed instructions: 84/139984, actively running or decoding instructions: 5, waiting windows: 75/178. Max active instruction index: 81
2025-02-13 21:19:04 | Simulation update: decoder round 2693, completed instructions: 84/139984, actively running or decoding instructions: 5, waiting windows: 74/180. Max active instruction index: 81
2025-02-13 21:19:14 | Simulation update: decoder round 2749, completed instructions: 84/139984, actively running or decoding instructions: 5, waiting windows: 74/183. Max active instruction index: 81
2025-02-13 21:19:24 | Simulation update: decoder round 2806, completed instructions: 84/139984, actively running or decoding instructions: 5, waiting windows: 76/186. Max active instruction index: 81
2025-02-13 21:19:34 | Simulation update: decoder round 2863, completed instructions: 88/139984, actively running or decoding instructions: 4, waiting windows: 78/191. Max active instruction index: 88
2025-02-13 21:19:44 | Simulation update: decoder round 2920, completed instructions: 96/139984, actively running or decoding instructions: 8, waiting windows: 83/198. Max active instruction index: 93
2025-02-13 21:19:54 | Simulation update: decoder round 2978, completed instructions: 96/139984, actively running or decoding instructions: 8, waiting windows: 83/201. Max active instruction index: 93
2025-02-13 21:20:04 | Simulation update: decoder round 3035, completed instructions: 96/139984, actively running or decoding instructions: 8, waiting windows: 83/204. Max active instruction index: 93
2025-02-13 21:20:14 | Simulation update: decoder round 3092, completed instructions: 96/139984, actively running or decoding instructions: 8, waiting windows: 82/206. Max active instruction index: 93
2025-02-13 21:20:24 | Simulation update: decoder round 3149, completed instructions: 96/139984, actively running or decoding instructions: 8, waiting windows: 84/209. Max active instruction index: 93
2025-02-13 21:20:34 | Simulation update: decoder round 3206, completed instructions: 96/139984, actively running or decoding instructions: 8, waiting windows: 85/212. Max active instruction index: 93
2025-02-13 21:20:44 | Simulation update: decoder round 3263, completed instructions: 100/139984, actively running or decoding instructions: 5, waiting windows: 87/217. Max active instruction index: 104
2025-02-13 21:20:54 | Simulation update: decoder round 3320, completed instructions: 108/139984, actively running or decoding instructions: 8, waiting windows: 94/225. Max active instruction index: 105
2025-02-13 21:21:04 | Simulation update: decoder round 3378, completed instructions: 108/139984, actively running or decoding instructions: 8, waiting windows: 92/227. Max active instruction index: 105
2025-02-13 21:21:15 | Simulation update: decoder round 3436, completed instructions: 108/139984, actively running or decoding instructions: 6, waiting windows: 91/230. Max active instruction index: 105
2025-02-13 21:21:25 | Simulation update: decoder round 3494, completed instructions: 108/139984, actively running or decoding instructions: 6, waiting windows: 92/233. Max active instruction index: 105
2025-02-13 21:21:35 | Simulation update: decoder round 3550, completed instructions: 108/139984, actively running or decoding instructions: 6, waiting windows: 93/235. Max active instruction index: 105
2025-02-13 21:21:45 | Simulation update: decoder round 3607, completed instructions: 108/139984, actively running or decoding instructions: 6, waiting windows: 94/238. Max active instruction index: 105
2025-02-13 21:21:55 | Simulation update: decoder round 3664, completed instructions: 112/139984, actively running or decoding instructions: 5, waiting windows: 97/243. Max active instruction index: 116
2025-02-13 21:22:05 | Simulation update: decoder round 3722, completed instructions: 121/139984, actively running or decoding instructions: 8, waiting windows: 105/251. Max active instruction index: 117
2025-02-13 21:22:15 | Simulation update: decoder round 3780, completed instructions: 121/139984, actively running or decoding instructions: 8, waiting windows: 105/255. Max active instruction index: 117
2025-02-13 21:22:25 | Simulation update: decoder round 3838, completed instructions: 121/139984, actively running or decoding instructions: 6, waiting windows: 105/261. Max active instruction index: 117
2025-02-13 21:22:36 | Simulation update: decoder round 3896, completed instructions: 121/139984, actively running or decoding instructions: 2, waiting windows: 108/267. Max active instruction index: 117
2025-02-13 21:22:46 | Simulation update: decoder round 3954, completed instructions: 121/139984, actively running or decoding instructions: 2, waiting windows: 114/273. Max active instruction index: 117
2025-02-13 21:22:56 | Simulation update: decoder round 4012, completed instructions: 128/139984, actively running or decoding instructions: 2, waiting windows: 116/279. Max active instruction index: 125
2025-02-13 21:23:06 | Simulation update: decoder round 4070, completed instructions: 128/139984, actively running or decoding instructions: 2, waiting windows: 117/281. Max active instruction index: 125
2025-02-13 21:23:16 | Simulation update: decoder round 4128, completed instructions: 128/139984, actively running or decoding instructions: 2, waiting windows: 115/284. Max active instruction index: 125
2025-02-13 21:23:26 | Simulation update: decoder round 4186, completed instructions: 128/139984, actively running or decoding instructions: 2, waiting windows: 114/287. Max active instruction index: 125
2025-02-13 21:23:36 | Simulation update: decoder round 4244, completed instructions: 128/139984, actively running or decoding instructions: 2, waiting windows: 116/290. Max active instruction index: 125
2025-02-13 21:23:47 | Simulation update: decoder round 4301, completed instructions: 128/139984, actively running or decoding instructions: 2, waiting windows: 116/292. Max active instruction index: 125
2025-02-13 21:23:57 | Simulation update: decoder round 4358, completed instructions: 133/139984, actively running or decoding instructions: 4, waiting windows: 122/298. Max active instruction index: 133
2025-02-13 21:24:07 | Simulation update: decoder round 4416, completed instructions: 136/139984, actively running or decoding instructions: 5, waiting windows: 126/303. Max active instruction index: 133
2025-02-13 21:24:17 | Simulation update: decoder round 4474, completed instructions: 136/139984, actively running or decoding instructions: 5, waiting windows: 124/306. Max active instruction index: 133
2025-02-13 21:24:27 | Simulation update: decoder round 4532, completed instructions: 136/139984, actively running or decoding instructions: 5, waiting windows: 123/309. Max active instruction index: 133
2025-02-13 21:24:37 | Simulation update: decoder round 4590, completed instructions: 148/139984, actively running or decoding instructions: 6, waiting windows: 126/314. Max active instruction index: 145
2025-02-13 21:24:47 | Simulation update: decoder round 4648, completed instructions: 148/139984, actively running or decoding instructions: 5, waiting windows: 129/319. Max active instruction index: 145
2025-02-13 21:24:57 | Simulation update: decoder round 4706, completed instructions: 148/139984, actively running or decoding instructions: 5, waiting windows: 128/322. Max active instruction index: 145
2025-02-13 21:25:07 | Simulation update: decoder round 4764, completed instructions: 148/139984, actively running or decoding instructions: 5, waiting windows: 128/325. Max active instruction index: 145
2025-02-13 21:25:17 | Simulation update: decoder round 4822, completed instructions: 148/139984, actively running or decoding instructions: 5, waiting windows: 130/328. Max active instruction index: 145
2025-02-13 21:25:28 | Simulation update: decoder round 4880, completed instructions: 148/139984, actively running or decoding instructions: 5, waiting windows: 130/330. Max active instruction index: 145
2025-02-13 21:25:38 | Simulation update: decoder round 4938, completed instructions: 148/139984, actively running or decoding instructions: 3, waiting windows: 132/333. Max active instruction index: 152
2025-02-13 21:25:48 | Simulation update: decoder round 4996, completed instructions: 156/139984, actively running or decoding instructions: 6, waiting windows: 138/340. Max active instruction index: 160
2025-02-13 21:25:58 | Simulation update: decoder round 5054, completed instructions: 157/139984, actively running or decoding instructions: 5, waiting windows: 141/345. Max active instruction index: 153
2025-02-13 21:26:08 | Simulation update: decoder round 5112, completed instructions: 157/139984, actively running or decoding instructions: 5, waiting windows: 144/351. Max active instruction index: 153
2025-02-13 21:26:18 | Simulation update: decoder round 5170, completed instructions: 157/139984, actively running or decoding instructions: 5, waiting windows: 145/357. Max active instruction index: 153
2025-02-13 21:26:28 | Simulation update: decoder round 5228, completed instructions: 164/139984, actively running or decoding instructions: 2, waiting windows: 150/363. Max active instruction index: 161
2025-02-13 21:26:38 | Simulation update: decoder round 5286, completed instructions: 164/139984, actively running or decoding instructions: 2, waiting windows: 152/366. Max active instruction index: 161
2025-02-13 21:26:49 | Simulation update: decoder round 5344, completed instructions: 164/139984, actively running or decoding instructions: 2, waiting windows: 147/368. Max active instruction index: 161
2025-02-13 21:26:59 | Simulation update: decoder round 5402, completed instructions: 165/139984, actively running or decoding instructions: 5, waiting windows: 149/373. Max active instruction index: 168
2025-02-13 21:27:09 | Simulation update: decoder round 5460, completed instructions: 172/139984, actively running or decoding instructions: 5, waiting windows: 153/379. Max active instruction index: 169
2025-02-13 21:27:19 | Simulation update: decoder round 5518, completed instructions: 172/139984, actively running or decoding instructions: 5, waiting windows: 153/382. Max active instruction index: 169
2025-02-13 21:27:29 | Simulation update: decoder round 5576, completed instructions: 172/139984, actively running or decoding instructions: 5, waiting windows: 151/385. Max active instruction index: 169
2025-02-13 21:27:39 | Simulation update: decoder round 5634, completed instructions: 172/139984, actively running or decoding instructions: 5, waiting windows: 152/387. Max active instruction index: 169
2025-02-13 21:27:49 | Simulation update: decoder round 5691, completed instructions: 176/139984, actively running or decoding instructions: 5, waiting windows: 157/393. Max active instruction index: 180
2025-02-13 21:27:59 | Simulation update: decoder round 5749, completed instructions: 184/139984, actively running or decoding instructions: 8, waiting windows: 163/401. Max active instruction index: 181
2025-02-13 21:28:09 | Simulation update: decoder round 5807, completed instructions: 184/139984, actively running or decoding instructions: 8, waiting windows: 162/403. Max active instruction index: 181
2025-02-13 21:28:20 | Simulation update: decoder round 5865, completed instructions: 184/139984, actively running or decoding instructions: 6, waiting windows: 163/406. Max active instruction index: 181
2025-02-13 21:28:30 | Simulation update: decoder round 5923, completed instructions: 184/139984, actively running or decoding instructions: 6, waiting windows: 162/409. Max active instruction index: 181
2025-02-13 21:28:40 | Simulation update: decoder round 5981, completed instructions: 184/139984, actively running or decoding instructions: 6, waiting windows: 164/412. Max active instruction index: 181
2025-02-13 21:28:50 | Simulation update: decoder round 6039, completed instructions: 184/139984, actively running or decoding instructions: 6, waiting windows: 163/414. Max active instruction index: 181
2025-02-13 21:29:00 | Simulation update: decoder round 6097, completed instructions: 189/139984, actively running or decoding instructions: 5, waiting windows: 166/419. Max active instruction index: 192
2025-02-13 21:29:10 | Simulation update: decoder round 6154, completed instructions: 196/139984, actively running or decoding instructions: 5, waiting windows: 172/425. Max active instruction index: 193
2025-02-13 21:29:20 | Simulation update: decoder round 6211, completed instructions: 196/139984, actively running or decoding instructions: 5, waiting windows: 171/428. Max active instruction index: 193
2025-02-13 21:29:30 | Simulation update: decoder round 6268, completed instructions: 196/139984, actively running or decoding instructions: 5, waiting windows: 168/430. Max active instruction index: 193
2025-02-13 21:29:40 | Simulation update: decoder round 6325, completed instructions: 200/139984, actively running or decoding instructions: 3, waiting windows: 169/433. Max active instruction index: 204
2025-02-13 21:29:50 | Simulation update: decoder round 6382, completed instructions: 208/139984, actively running or decoding instructions: 6, waiting windows: 176/440. Max active instruction index: 212
2025-02-13 21:30:00 | Simulation update: decoder round 6439, completed instructions: 209/139984, actively running or decoding instructions: 5, waiting windows: 179/445. Max active instruction index: 205
2025-02-13 21:30:10 | Simulation update: decoder round 6496, completed instructions: 209/139984, actively running or decoding instructions: 5, waiting windows: 181/451. Max active instruction index: 205
2025-02-13 21:30:21 | Simulation update: decoder round 6554, completed instructions: 209/139984, actively running or decoding instructions: 5, waiting windows: 183/457. Max active instruction index: 205
2025-02-13 21:30:31 | Simulation update: decoder round 6612, completed instructions: 216/139984, actively running or decoding instructions: 2, waiting windows: 188/463. Max active instruction index: 213
2025-02-13 21:30:41 | Simulation update: decoder round 6669, completed instructions: 216/139984, actively running or decoding instructions: 2, waiting windows: 189/466. Max active instruction index: 213
2025-02-13 21:30:51 | Simulation update: decoder round 6726, completed instructions: 216/139984, actively running or decoding instructions: 2, waiting windows: 188/468. Max active instruction index: 213
2025-02-13 21:31:01 | Simulation update: decoder round 6783, completed instructions: 216/139984, actively running or decoding instructions: 2, waiting windows: 187/471. Max active instruction index: 213
2025-02-13 21:31:11 | Simulation update: decoder round 6841, completed instructions: 216/139984, actively running or decoding instructions: 2, waiting windows: 190/474. Max active instruction index: 213
2025-02-13 21:31:21 | Simulation update: decoder round 6899, completed instructions: 225/139984, actively running or decoding instructions: 4, waiting windows: 191/480. Max active instruction index: 225
2025-02-13 21:31:31 | Simulation update: decoder round 6957, completed instructions: 228/139984, actively running or decoding instructions: 5, waiting windows: 194/485. Max active instruction index: 225
2025-02-13 21:31:41 | Simulation update: decoder round 7012, completed instructions: 228/139984, actively running or decoding instructions: 5, waiting windows: 195/487. Max active instruction index: 225
2025-02-13 21:31:51 | Simulation update: decoder round 7070, completed instructions: 228/139984, actively running or decoding instructions: 5, waiting windows: 192/490. Max active instruction index: 225
2025-02-13 21:32:02 | Simulation update: decoder round 7128, completed instructions: 228/139984, actively running or decoding instructions: 5, waiting windows: 194/493. Max active instruction index: 225
2025-02-13 21:32:12 | Simulation update: decoder round 7186, completed instructions: 228/139984, actively running or decoding instructions: 5, waiting windows: 196/496. Max active instruction index: 225
2025-02-13 21:32:22 | Simulation update: decoder round 7244, completed instructions: 229/139984, actively running or decoding instructions: 3, waiting windows: 198/500. Max active instruction index: 230
2025-02-13 21:32:32 | Simulation update: decoder round 7301, completed instructions: 237/139984, actively running or decoding instructions: 7, waiting windows: 202/506. Max active instruction index: 237
2025-02-13 21:32:42 | Simulation update: decoder round 7358, completed instructions: 240/139984, actively running or decoding instructions: 8, waiting windows: 205/511. Max active instruction index: 237
2025-02-13 21:32:52 | Simulation update: decoder round 7416, completed instructions: 240/139984, actively running or decoding instructions: 7, waiting windows: 203/514. Max active instruction index: 237
2025-02-13 21:33:02 | Simulation update: decoder round 7474, completed instructions: 240/139984, actively running or decoding instructions: 7, waiting windows: 204/516. Max active instruction index: 237
2025-02-13 21:33:12 | Simulation update: decoder round 7532, completed instructions: 241/139984, actively running or decoding instructions: 5, waiting windows: 205/521. Max active instruction index: 244
2025-02-13 21:33:22 | Simulation update: decoder round 7589, completed instructions: 248/139984, actively running or decoding instructions: 5, waiting windows: 209/527. Max active instruction index: 245
2025-02-13 21:33:33 | Simulation update: decoder round 7646, completed instructions: 248/139984, actively running or decoding instructions: 5, waiting windows: 210/529. Max active instruction index: 245
2025-02-13 21:33:43 | Simulation update: decoder round 7703, completed instructions: 248/139984, actively running or decoding instructions: 5, waiting windows: 209/532. Max active instruction index: 245
2025-02-13 21:33:53 | Simulation update: decoder round 7760, completed instructions: 249/139984, actively running or decoding instructions: 5, waiting windows: 210/537. Max active instruction index: 252
2025-02-13 21:34:03 | Simulation update: decoder round 7817, completed instructions: 256/139984, actively running or decoding instructions: 5, waiting windows: 216/543. Max active instruction index: 253
2025-02-13 21:34:13 | Simulation update: decoder round 7874, completed instructions: 256/139984, actively running or decoding instructions: 5, waiting windows: 216/546. Max active instruction index: 253
2025-02-13 21:34:23 | Simulation update: decoder round 7931, completed instructions: 256/139984, actively running or decoding instructions: 5, waiting windows: 215/548. Max active instruction index: 253
2025-02-13 21:34:33 | Simulation update: decoder round 7988, completed instructions: 256/139984, actively running or decoding instructions: 5, waiting windows: 216/551. Max active instruction index: 253
2025-02-13 21:34:43 | Simulation update: decoder round 8045, completed instructions: 260/139984, actively running or decoding instructions: 2, waiting windows: 218/555. Max active instruction index: 260
2025-02-13 21:34:53 | Simulation update: decoder round 8102, completed instructions: 268/139984, actively running or decoding instructions: 5, waiting windows: 224/562. Max active instruction index: 265
2025-02-13 21:35:03 | Simulation update: decoder round 8159, completed instructions: 268/139984, actively running or decoding instructions: 5, waiting windows: 225/565. Max active instruction index: 265
2025-02-13 21:35:13 | Simulation update: decoder round 8216, completed instructions: 268/139984, actively running or decoding instructions: 5, waiting windows: 224/567. Max active instruction index: 265
2025-02-13 21:35:23 | Simulation update: decoder round 8273, completed instructions: 268/139984, actively running or decoding instructions: 5, waiting windows: 223/570. Max active instruction index: 265
2025-02-13 21:35:33 | Simulation update: decoder round 8329, completed instructions: 268/139984, actively running or decoding instructions: 5, waiting windows: 225/573. Max active instruction index: 265
2025-02-13 21:35:43 | Simulation update: decoder round 8386, completed instructions: 268/139984, actively running or decoding instructions: 5, waiting windows: 226/575. Max active instruction index: 265
2025-02-13 21:35:53 | Simulation update: decoder round 8443, completed instructions: 268/139984, actively running or decoding instructions: 5, waiting windows: 228/578. Max active instruction index: 265
2025-02-13 21:36:03 | Simulation update: decoder round 8500, completed instructions: 268/139984, actively running or decoding instructions: 5, waiting windows: 230/581. Max active instruction index: 265
2025-02-13 21:36:13 | Simulation update: decoder round 8557, completed instructions: 272/139984, actively running or decoding instructions: 4, waiting windows: 232/586. Max active instruction index: 272
2025-02-13 21:36:24 | Simulation update: decoder round 8615, completed instructions: 280/139984, actively running or decoding instructions: 8, waiting windows: 237/593. Max active instruction index: 277
2025-02-13 21:36:34 | Simulation update: decoder round 8672, completed instructions: 280/139984, actively running or decoding instructions: 8, waiting windows: 240/596. Max active instruction index: 277
2025-02-13 21:36:44 | Simulation update: decoder round 8729, completed instructions: 280/139984, actively running or decoding instructions: 8, waiting windows: 237/599. Max active instruction index: 277
