CONFIG 73
benchmark_file: slurm/data/20250212_153333/benchmarks/heisenberg_3.lss
decoder_latency_or_dist_filename: slurm/data/20250212_153333/decoder_dists.json
distance: 21
lightweight_setting: 2
max_parallel_processes: None
missed_speculation_modifier: 1.4
poison_policy: successors
rng: 0
scheduling_method: sliding
speculation_accuracy: 1.0
speculation_latency: 1
speculation_mode: separate
2025-02-12 15:33:40 | Loading benchmark slurm/data/20250212_153333/benchmarks/heisenberg_3.lss...
2025-02-12 15:33:57 | Starting simulation
2025-02-12 15:34:25 | Simulation update: decoder round 1, completed instructions: 0/167857, actively running or decoding instructions: 15, waiting windows: 0/0. Max active instruction index: 36
2025-02-12 15:34:35 | Simulation update: decoder round 55, completed instructions: 40/167857, actively running or decoding instructions: 16, waiting windows: 45/45. Max active instruction index: 37
2025-02-12 15:34:45 | Simulation update: decoder round 110, completed instructions: 40/167857, actively running or decoding instructions: 16, waiting windows: 90/90. Max active instruction index: 37
2025-02-12 15:34:55 | Simulation update: decoder round 165, completed instructions: 40/167857, actively running or decoding instructions: 7, waiting windows: 95/120. Max active instruction index: 37
2025-02-12 15:35:05 | Simulation update: decoder round 220, completed instructions: 40/167857, actively running or decoding instructions: 6, waiting windows: 103/165. Max active instruction index: 37
2025-02-12 15:35:15 | Simulation update: decoder round 275, completed instructions: 61/167857, actively running or decoding instructions: 8, waiting windows: 103/214. Max active instruction index: 61
2025-02-12 15:35:26 | Simulation update: decoder round 331, completed instructions: 66/167857, actively running or decoding instructions: 8, waiting windows: 104/251. Max active instruction index: 61
2025-02-12 15:35:36 | Simulation update: decoder round 387, completed instructions: 66/167857, actively running or decoding instructions: 8, waiting windows: 102/295. Max active instruction index: 61
2025-02-12 15:35:46 | Simulation update: decoder round 443, completed instructions: 66/167857, actively running or decoding instructions: 2, waiting windows: 102/338. Max active instruction index: 61
2025-02-12 15:35:56 | Simulation update: decoder round 499, completed instructions: 66/167857, actively running or decoding instructions: 2, waiting windows: 93/371. Max active instruction index: 61
2025-02-12 15:36:06 | Simulation update: decoder round 555, completed instructions: 70/167857, actively running or decoding instructions: 6, waiting windows: 99/417. Max active instruction index: 74
2025-02-12 15:36:16 | Simulation update: decoder round 611, completed instructions: 80/167857, actively running or decoding instructions: 8, waiting windows: 109/467. Max active instruction index: 75
2025-02-12 15:36:26 | Simulation update: decoder round 667, completed instructions: 80/167857, actively running or decoding instructions: 8, waiting windows: 100/500. Max active instruction index: 75
2025-02-12 15:36:37 | Simulation update: decoder round 723, completed instructions: 80/167857, actively running or decoding instructions: 5, waiting windows: 97/544. Max active instruction index: 75
2025-02-12 15:36:47 | Simulation update: decoder round 778, completed instructions: 80/167857, actively running or decoding instructions: 2, waiting windows: 102/587. Max active instruction index: 75
2025-02-12 15:36:57 | Simulation update: decoder round 834, completed instructions: 84/167857, actively running or decoding instructions: 6, waiting windows: 93/622. Max active instruction index: 88
2025-02-12 15:37:07 | Simulation update: decoder round 889, completed instructions: 94/167857, actively running or decoding instructions: 8, waiting windows: 104/672. Max active instruction index: 89
2025-02-12 15:37:17 | Simulation update: decoder round 945, completed instructions: 94/167857, actively running or decoding instructions: 8, waiting windows: 95/705. Max active instruction index: 89
2025-02-12 15:37:27 | Simulation update: decoder round 1000, completed instructions: 94/167857, actively running or decoding instructions: 5, waiting windows: 94/749. Max active instruction index: 89
2025-02-12 15:37:37 | Simulation update: decoder round 1054, completed instructions: 94/167857, actively running or decoding instructions: 2, waiting windows: 100/792. Max active instruction index: 89
2025-02-12 15:37:47 | Simulation update: decoder round 1110, completed instructions: 99/167857, actively running or decoding instructions: 5, waiting windows: 94/828. Max active instruction index: 99
2025-02-12 15:37:57 | Simulation update: decoder round 1165, completed instructions: 104/167857, actively running or decoding instructions: 5, waiting windows: 101/875. Max active instruction index: 99
2025-02-12 15:38:07 | Simulation update: decoder round 1220, completed instructions: 104/167857, actively running or decoding instructions: 5, waiting windows: 105/919. Max active instruction index: 99
2025-02-12 15:38:17 | Simulation update: decoder round 1275, completed instructions: 104/167857, actively running or decoding instructions: 2, waiting windows: 90/951. Max active instruction index: 99
