CONFIG 82
benchmark_file: slurm/data/20250212_153333/benchmarks/rz_seq_100_1e-10.lss
decoder_latency_or_dist_filename: slurm/data/20250212_153333/decoder_dists.json
distance: 21
lightweight_setting: 2
max_parallel_processes: None
missed_speculation_modifier: 1.4
poison_policy: successors
rng: 0
scheduling_method: parallel
speculation_accuracy: 1.0
speculation_latency: 1
speculation_mode: separate
2025-02-12 15:33:46 | Loading benchmark slurm/data/20250212_153333/benchmarks/rz_seq_100_1e-10.lss...
2025-02-12 15:33:55 | Starting simulation
2025-02-12 15:34:12 | Simulation update: decoder round 1, completed instructions: 0/99451, actively running or decoding instructions: 2, waiting windows: 0/0. Max active instruction index: 2
2025-02-12 15:34:22 | Simulation update: decoder round 61527, completed instructions: 2055/99451, actively running or decoding instructions: 4, waiting windows: 1838/4504. Max active instruction index: 2056
2025-02-12 15:34:32 | Simulation update: decoder round 122723, completed instructions: 4214/99451, actively running or decoding instructions: 5, waiting windows: 3647/8996. Max active instruction index: 4211
2025-02-12 15:34:42 | Simulation update: decoder round 182745, completed instructions: 6291/99451, actively running or decoding instructions: 8, waiting windows: 5500/13545. Max active instruction index: 6287
2025-02-12 15:34:52 | Simulation update: decoder round 243905, completed instructions: 8378/99451, actively running or decoding instructions: 2, waiting windows: 7330/18035. Max active instruction index: 8375
2025-02-12 15:35:02 | Simulation update: decoder round 304983, completed instructions: 10431/99451, actively running or decoding instructions: 2, waiting windows: 9167/22542. Max active instruction index: 10427
2025-02-12 15:35:12 | Simulation update: decoder round 366284, completed instructions: 12510/99451, actively running or decoding instructions: 2, waiting windows: 11047/27132. Max active instruction index: 12507
2025-02-12 15:35:22 | Simulation update: decoder round 427807, completed instructions: 14574/99451, actively running or decoding instructions: 5, waiting windows: 12907/31667. Max active instruction index: 14571
2025-02-12 15:35:32 | Simulation update: decoder round 488723, completed instructions: 16607/99451, actively running or decoding instructions: 5, waiting windows: 14787/36232. Max active instruction index: 16607
2025-02-12 15:35:42 | Simulation update: decoder round 549954, completed instructions: 18682/99451, actively running or decoding instructions: 2, waiting windows: 16693/40839. Max active instruction index: 18679
2025-02-12 15:35:52 | Simulation update: decoder round 611359, completed instructions: 20738/99451, actively running or decoding instructions: 2, waiting windows: 18556/45357. Max active instruction index: 20735
2025-02-12 15:36:02 | Simulation update: decoder round 672060, completed instructions: 22879/99451, actively running or decoding instructions: 8, waiting windows: 20397/49874. Max active instruction index: 22875
2025-02-12 15:36:12 | Simulation update: decoder round 724239, completed instructions: 24627/99451, actively running or decoding instructions: 3, waiting windows: 21962/53708. Max active instruction index: 24623
2025-02-12 15:36:22 | Simulation update: decoder round 782597, completed instructions: 26578/99451, actively running or decoding instructions: 5, waiting windows: 23791/58134. Max active instruction index: 26575
2025-02-12 15:36:32 | Simulation update: decoder round 844062, completed instructions: 28651/99451, actively running or decoding instructions: 2, waiting windows: 25606/62582. Max active instruction index: 28647
2025-02-12 15:36:42 | Simulation update: decoder round 905329, completed instructions: 30711/99451, actively running or decoding instructions: 4, waiting windows: 27497/67182. Max active instruction index: 30711
2025-02-12 15:36:52 | Simulation update: decoder round 965979, completed instructions: 32815/99451, actively running or decoding instructions: 4, waiting windows: 29275/71585. Max active instruction index: 32815
2025-02-12 15:37:02 | Simulation update: decoder round 1026746, completed instructions: 34862/99451, actively running or decoding instructions: 2, waiting windows: 31097/76048. Max active instruction index: 34859
2025-02-12 15:37:12 | Simulation update: decoder round 1087684, completed instructions: 36942/99451, actively running or decoding instructions: 8, waiting windows: 32995/80638. Max active instruction index: 36939
2025-02-12 15:37:22 | Simulation update: decoder round 1149245, completed instructions: 39014/99451, actively running or decoding instructions: 2, waiting windows: 34791/85077. Max active instruction index: 39011
2025-02-12 15:37:32 | Simulation update: decoder round 1209907, completed instructions: 41070/99451, actively running or decoding instructions: 2, waiting windows: 36692/89679. Max active instruction index: 41067
2025-02-12 15:37:42 | Simulation update: decoder round 1271236, completed instructions: 43151/99451, actively running or decoding instructions: 5, waiting windows: 38492/94151. Max active instruction index: 43154
2025-02-12 15:37:52 | Simulation update: decoder round 1332632, completed instructions: 45170/99451, actively running or decoding instructions: 5, waiting windows: 40317/98635. Max active instruction index: 45167
2025-02-12 15:38:02 | Simulation update: decoder round 1394472, completed instructions: 47255/99451, actively running or decoding instructions: 6, waiting windows: 42177/103177. Max active instruction index: 47251
2025-02-12 15:38:12 | Simulation update: decoder round 1455810, completed instructions: 49342/99451, actively running or decoding instructions: 3, waiting windows: 43982/107644. Max active instruction index: 49339
