CONFIG 18
benchmark_file: slurm/data/20241118_204526/benchmarks/random_t_1000_200_0.lss
decoder_latency_or_dist_filename: lambda volume: volume*5.994842503189409
distance: 21
lightweight_setting: 1
max_parallel_processes: None
missed_speculation_modifier: 1.4
poison_policy: successors
rng: 0
scheduling_method: parallel
speculation_accuracy: 0.0
speculation_latency: 1
speculation_mode: separate
2024-11-18 20:45:52 | Loading benchmark slurm/data/20241118_204526/benchmarks/random_t_1000_200_0.lss...
2024-11-18 20:45:52 | Starting simulation
Failed to get source of decoding_latency_fn: could not get source code
2024-11-18 20:45:53 | Simulation update: decoder round 1, completed instructions: 0/4997, actively running or decoding instructions: 1, waiting windows: 0/0. Max active instruction index: 0
2024-11-18 20:46:03 | Simulation update: decoder round 99253, completed instructions: 523/4997, actively running or decoding instructions: 4, waiting windows: 2661/5387. Max active instruction index: 521
2024-11-18 20:46:13 | Simulation update: decoder round 199928, completed instructions: 1053/4997, actively running or decoding instructions: 4, waiting windows: 5190/10549. Max active instruction index: 1051
2024-11-18 20:46:23 | Simulation update: decoder round 299591, completed instructions: 1584/4997, actively running or decoding instructions: 3, waiting windows: 7814/15896. Max active instruction index: 1584
2024-11-18 20:46:33 | Simulation update: decoder round 399328, completed instructions: 2108/4997, actively running or decoding instructions: 4, waiting windows: 10369/21105. Max active instruction index: 2106
2024-11-18 20:46:43 | Simulation update: decoder round 499414, completed instructions: 2628/4997, actively running or decoding instructions: 3, waiting windows: 12953/26363. Max active instruction index: 2626
2024-11-18 20:46:53 | Simulation update: decoder round 600213, completed instructions: 3156/4997, actively running or decoding instructions: 3, waiting windows: 15534/31621. Max active instruction index: 3154
2024-11-18 20:47:03 | Simulation update: decoder round 699253, completed instructions: 3687/4997, actively running or decoding instructions: 1, waiting windows: 18036/36726. Max active instruction index: 3687
2024-11-18 20:47:13 | Simulation update: decoder round 799819, completed instructions: 4220/4997, actively running or decoding instructions: 2, waiting windows: 20571/41899. Max active instruction index: 4218
2024-11-18 20:47:23 | Simulation update: decoder round 899639, completed instructions: 4755/4997, actively running or decoding instructions: 4, waiting windows: 23096/47050. Max active instruction index: 4753
2024-11-18 20:47:27 | Finished simulation
2024-11-18 20:47:29 | Finished saving output. Done! Total elapsed time: 0:01:37.300096
