CONFIG 288
benchmark_file: slurm/data/20241118_204526/benchmarks/random_t_1000_200_0.lss
decoder_latency_or_dist_filename: lambda volume: volume*5.994842503189409
distance: 21
lightweight_setting: 1
max_parallel_processes: None
missed_speculation_modifier: 1.4
poison_policy: successors
rng: 0
scheduling_method: parallel
speculation_accuracy: 0.9
speculation_latency: 1
speculation_mode: separate
2024-11-18 20:46:09 | Loading benchmark slurm/data/20241118_204526/benchmarks/random_t_1000_200_0.lss...
2024-11-18 20:46:10 | Starting simulation
Failed to get source of decoding_latency_fn: could not get source code
2024-11-18 20:46:10 | Simulation update: decoder round 1, completed instructions: 0/4997, actively running or decoding instructions: 1, waiting windows: 0/0. Max active instruction index: 0
2024-11-18 20:46:20 | Simulation update: decoder round 102569, completed instructions: 764/4997, actively running or decoding instructions: 2, waiting windows: 2703/5530. Max active instruction index: 765
2024-11-18 20:46:30 | Simulation update: decoder round 204775, completed instructions: 1528/4997, actively running or decoding instructions: 4, waiting windows: 5346/10959. Max active instruction index: 1526
2024-11-18 20:46:40 | Simulation update: decoder round 307666, completed instructions: 2310/4997, actively running or decoding instructions: 2, waiting windows: 8022/16442. Max active instruction index: 2309
2024-11-18 20:46:50 | Simulation update: decoder round 409931, completed instructions: 3076/4997, actively running or decoding instructions: 2, waiting windows: 10642/21854. Max active instruction index: 3074
2024-11-18 20:47:00 | Simulation update: decoder round 513712, completed instructions: 3891/4997, actively running or decoding instructions: 3, waiting windows: 13285/27292. Max active instruction index: 3889
2024-11-18 20:47:10 | Simulation update: decoder round 618339, completed instructions: 4700/4997, actively running or decoding instructions: 4, waiting windows: 15894/32671. Max active instruction index: 4698
2024-11-18 20:47:14 | Finished simulation
2024-11-18 20:47:15 | Finished saving output. Done! Total elapsed time: 0:01:06.126290
