CONFIG 4
benchmark_file: slurm/data/20241118_204526/benchmarks/random_t_1000_200_0.lss
decoder_latency_or_dist_filename: lambda volume: volume*0.774263682681127
distance: 21
lightweight_setting: 1
max_parallel_processes: None
missed_speculation_modifier: 1.4
poison_policy: successors
rng: 0
scheduling_method: sliding
speculation_accuracy: 0.0
speculation_latency: 1
speculation_mode: separate
2024-11-18 20:45:47 | Loading benchmark slurm/data/20241118_204526/benchmarks/random_t_1000_200_0.lss...
2024-11-18 20:45:47 | Starting simulation
Failed to get source of decoding_latency_fn: could not get source code
2024-11-18 20:45:47 | Simulation update: decoder round 1, completed instructions: 0/4997, actively running or decoding instructions: 1, waiting windows: 0/0. Max active instruction index: 0
2024-11-18 20:45:57 | Simulation update: decoder round 11105, completed instructions: 39/4997, actively running or decoding instructions: 4, waiting windows: 226/803. Max active instruction index: 37
2024-11-18 20:46:07 | Simulation update: decoder round 15619, completed instructions: 39/4997, actively running or decoding instructions: 4, waiting windows: 185/1018. Max active instruction index: 37
2024-11-18 20:46:17 | Simulation update: decoder round 19134, completed instructions: 44/4997, actively running or decoding instructions: 4, waiting windows: 241/1187. Max active instruction index: 42
2024-11-18 20:46:27 | Simulation update: decoder round 21895, completed instructions: 44/4997, actively running or decoding instructions: 4, waiting windows: 284/1318. Max active instruction index: 42
2024-11-18 20:46:37 | Simulation update: decoder round 24298, completed instructions: 44/4997, actively running or decoding instructions: 4, waiting windows: 323/1433. Max active instruction index: 42
2024-11-18 20:46:47 | Simulation update: decoder round 26640, completed instructions: 44/4997, actively running or decoding instructions: 4, waiting windows: 359/1544. Max active instruction index: 42
2024-11-18 20:46:57 | Simulation update: decoder round 28561, completed instructions: 49/4997, actively running or decoding instructions: 4, waiting windows: 389/1637. Max active instruction index: 47
2024-11-18 20:47:07 | Simulation update: decoder round 30337, completed instructions: 49/4997, actively running or decoding instructions: 4, waiting windows: 418/1722. Max active instruction index: 47
2024-11-18 20:47:17 | Simulation update: decoder round 31989, completed instructions: 49/4997, actively running or decoding instructions: 4, waiting windows: 445/1801. Max active instruction index: 47
2024-11-18 20:47:27 | Simulation update: decoder round 33534, completed instructions: 49/4997, actively running or decoding instructions: 4, waiting windows: 468/1874. Max active instruction index: 47
2024-11-18 20:47:38 | Simulation update: decoder round 34991, completed instructions: 49/4997, actively running or decoding instructions: 4, waiting windows: 492/1944. Max active instruction index: 47
2024-11-18 20:47:48 | Simulation update: decoder round 36367, completed instructions: 49/4997, actively running or decoding instructions: 4, waiting windows: 514/2009. Max active instruction index: 47
2024-11-18 20:47:58 | Simulation update: decoder round 37672, completed instructions: 49/4997, actively running or decoding instructions: 4, waiting windows: 534/2071. Max active instruction index: 47
2024-11-18 20:48:08 | Simulation update: decoder round 38918, completed instructions: 49/4997, actively running or decoding instructions: 4, waiting windows: 555/2131. Max active instruction index: 47
2024-11-18 20:48:18 | Simulation update: decoder round 40113, completed instructions: 49/4997, actively running or decoding instructions: 4, waiting windows: 573/2187. Max active instruction index: 47
2024-11-18 20:48:28 | Simulation update: decoder round 41312, completed instructions: 49/4997, actively running or decoding instructions: 4, waiting windows: 593/2245. Max active instruction index: 47
2024-11-18 20:48:38 | Simulation update: decoder round 42481, completed instructions: 49/4997, actively running or decoding instructions: 3, waiting windows: 610/2300. Max active instruction index: 47
2024-11-18 20:48:48 | Simulation update: decoder round 43542, completed instructions: 54/4997, actively running or decoding instructions: 4, waiting windows: 627/2352. Max active instruction index: 52
2024-11-18 20:48:58 | Simulation update: decoder round 44571, completed instructions: 54/4997, actively running or decoding instructions: 4, waiting windows: 643/2401. Max active instruction index: 52
2024-11-18 20:49:08 | Simulation update: decoder round 45560, completed instructions: 54/4997, actively running or decoding instructions: 4, waiting windows: 660/2449. Max active instruction index: 52
2024-11-18 20:49:18 | Simulation update: decoder round 46526, completed instructions: 54/4997, actively running or decoding instructions: 4, waiting windows: 675/2495. Max active instruction index: 52
2024-11-18 20:49:28 | Simulation update: decoder round 47465, completed instructions: 54/4997, actively running or decoding instructions: 4, waiting windows: 689/2539. Max active instruction index: 52
2024-11-18 20:49:38 | Simulation update: decoder round 48377, completed instructions: 54/4997, actively running or decoding instructions: 4, waiting windows: 704/2583. Max active instruction index: 52
2024-11-18 20:49:48 | Simulation update: decoder round 49267, completed instructions: 54/4997, actively running or decoding instructions: 4, waiting windows: 718/2625. Max active instruction index: 52
2024-11-18 20:49:58 | Simulation update: decoder round 50134, completed instructions: 54/4997, actively running or decoding instructions: 4, waiting windows: 732/2666. Max active instruction index: 52
2024-11-18 20:50:08 | Simulation update: decoder round 50981, completed instructions: 54/4997, actively running or decoding instructions: 4, waiting windows: 746/2707. Max active instruction index: 52
2024-11-18 20:50:18 | Simulation update: decoder round 51810, completed instructions: 54/4997, actively running or decoding instructions: 4, waiting windows: 758/2746. Max active instruction index: 52
2024-11-18 20:50:28 | Simulation update: decoder round 52621, completed instructions: 54/4997, actively running or decoding instructions: 4, waiting windows: 772/2785. Max active instruction index: 52
2024-11-18 20:50:38 | Simulation update: decoder round 53414, completed instructions: 54/4997, actively running or decoding instructions: 4, waiting windows: 785/2823. Max active instruction index: 52
2024-11-18 20:50:48 | Simulation update: decoder round 54190, completed instructions: 54/4997, actively running or decoding instructions: 4, waiting windows: 797/2860. Max active instruction index: 52
2024-11-18 20:50:58 | Simulation update: decoder round 54948, completed instructions: 54/4997, actively running or decoding instructions: 4, waiting windows: 809/2896. Max active instruction index: 52
2024-11-18 20:51:08 | Simulation update: decoder round 55691, completed instructions: 54/4997, actively running or decoding instructions: 4, waiting windows: 820/2931. Max active instruction index: 52
2024-11-18 20:51:18 | Simulation update: decoder round 56419, completed instructions: 54/4997, actively running or decoding instructions: 4, waiting windows: 832/2966. Max active instruction index: 52
2024-11-18 20:51:28 | Simulation update: decoder round 57133, completed instructions: 54/4997, actively running or decoding instructions: 4, waiting windows: 843/3000. Max active instruction index: 52
2024-11-18 20:51:38 | Simulation update: decoder round 57835, completed instructions: 54/4997, actively running or decoding instructions: 4, waiting windows: 854/3033. Max active instruction index: 52
2024-11-18 20:51:48 | Simulation update: decoder round 58524, completed instructions: 54/4997, actively running or decoding instructions: 4, waiting windows: 865/3066. Max active instruction index: 52
2024-11-18 20:51:58 | Simulation update: decoder round 59201, completed instructions: 54/4997, actively running or decoding instructions: 4, waiting windows: 876/3098. Max active instruction index: 52
2024-11-18 20:52:08 | Simulation update: decoder round 59862, completed instructions: 54/4997, actively running or decoding instructions: 4, waiting windows: 887/3130. Max active instruction index: 52
2024-11-18 20:52:18 | Simulation update: decoder round 60515, completed instructions: 54/4997, actively running or decoding instructions: 4, waiting windows: 897/3161. Max active instruction index: 52
2024-11-18 20:52:28 | Simulation update: decoder round 61157, completed instructions: 54/4997, actively running or decoding instructions: 4, waiting windows: 907/3191. Max active instruction index: 52
2024-11-18 20:52:38 | Simulation update: decoder round 61789, completed instructions: 54/4997, actively running or decoding instructions: 4, waiting windows: 917/3221. Max active instruction index: 52
2024-11-18 20:52:48 | Simulation update: decoder round 62412, completed instructions: 54/4997, actively running or decoding instructions: 4, waiting windows: 927/3251. Max active instruction index: 52
2024-11-18 20:52:58 | Simulation update: decoder round 63025, completed instructions: 54/4997, actively running or decoding instructions: 4, waiting windows: 936/3280. Max active instruction index: 52
2024-11-18 20:53:08 | Simulation update: decoder round 63630, completed instructions: 54/4997, actively running or decoding instructions: 4, waiting windows: 946/3309. Max active instruction index: 52
2024-11-18 20:53:18 | Simulation update: decoder round 64227, completed instructions: 54/4997, actively running or decoding instructions: 4, waiting windows: 955/3337. Max active instruction index: 52
2024-11-18 20:53:28 | Simulation update: decoder round 64815, completed instructions: 54/4997, actively running or decoding instructions: 4, waiting windows: 965/3365. Max active instruction index: 52
2024-11-18 20:53:38 | Simulation update: decoder round 65395, completed instructions: 54/4997, actively running or decoding instructions: 4, waiting windows: 974/3393. Max active instruction index: 52
2024-11-18 20:53:48 | Simulation update: decoder round 65968, completed instructions: 54/4997, actively running or decoding instructions: 4, waiting windows: 983/3420. Max active instruction index: 52
2024-11-18 20:53:58 | Simulation update: decoder round 66535, completed instructions: 54/4997, actively running or decoding instructions: 4, waiting windows: 992/3447. Max active instruction index: 52
2024-11-18 20:54:08 | Simulation update: decoder round 67096, completed instructions: 54/4997, actively running or decoding instructions: 3, waiting windows: 1001/3474. Max active instruction index: 52
2024-11-18 20:54:18 | Simulation update: decoder round 67648, completed instructions: 59/4997, actively running or decoding instructions: 4, waiting windows: 1010/3502. Max active instruction index: 57
2024-11-18 20:54:28 | Simulation update: decoder round 68194, completed instructions: 59/4997, actively running or decoding instructions: 4, waiting windows: 1019/3528. Max active instruction index: 57
2024-11-18 20:54:38 | Simulation update: decoder round 68733, completed instructions: 59/4997, actively running or decoding instructions: 4, waiting windows: 1027/3553. Max active instruction index: 57
2024-11-18 20:54:48 | Simulation update: decoder round 69265, completed instructions: 59/4997, actively running or decoding instructions: 4, waiting windows: 1036/3579. Max active instruction index: 57
2024-11-18 20:54:58 | Simulation update: decoder round 69791, completed instructions: 59/4997, actively running or decoding instructions: 4, waiting windows: 1044/3604. Max active instruction index: 57
2024-11-18 20:55:08 | Simulation update: decoder round 70311, completed instructions: 59/4997, actively running or decoding instructions: 4, waiting windows: 1052/3628. Max active instruction index: 57
2024-11-18 20:55:18 | Simulation update: decoder round 70824, completed instructions: 59/4997, actively running or decoding instructions: 4, waiting windows: 1060/3653. Max active instruction index: 57
2024-11-18 20:55:28 | Simulation update: decoder round 71331, completed instructions: 59/4997, actively running or decoding instructions: 4, waiting windows: 1068/3677. Max active instruction index: 57
2024-11-18 20:55:38 | Simulation update: decoder round 71829, completed instructions: 59/4997, actively running or decoding instructions: 4, waiting windows: 1076/3701. Max active instruction index: 57
2024-11-18 20:55:48 | Simulation update: decoder round 72321, completed instructions: 59/4997, actively running or decoding instructions: 4, waiting windows: 1084/3724. Max active instruction index: 57
2024-11-18 20:55:58 | Simulation update: decoder round 72810, completed instructions: 59/4997, actively running or decoding instructions: 4, waiting windows: 1091/3747. Max active instruction index: 57
2024-11-18 20:56:08 | Simulation update: decoder round 73293, completed instructions: 59/4997, actively running or decoding instructions: 4, waiting windows: 1099/3770. Max active instruction index: 57
2024-11-18 20:56:18 | Simulation update: decoder round 73771, completed instructions: 59/4997, actively running or decoding instructions: 4, waiting windows: 1107/3793. Max active instruction index: 57
2024-11-18 20:56:28 | Simulation update: decoder round 74244, completed instructions: 59/4997, actively running or decoding instructions: 4, waiting windows: 1115/3816. Max active instruction index: 57
2024-11-18 20:56:38 | Simulation update: decoder round 74710, completed instructions: 59/4997, actively running or decoding instructions: 4, waiting windows: 1122/3838. Max active instruction index: 57
2024-11-18 20:56:48 | Simulation update: decoder round 75172, completed instructions: 59/4997, actively running or decoding instructions: 4, waiting windows: 1129/3860. Max active instruction index: 57
2024-11-18 20:56:58 | Simulation update: decoder round 75630, completed instructions: 59/4997, actively running or decoding instructions: 4, waiting windows: 1137/3882. Max active instruction index: 57
2024-11-18 20:57:08 | Simulation update: decoder round 76083, completed instructions: 59/4997, actively running or decoding instructions: 4, waiting windows: 1143/3903. Max active instruction index: 57
2024-11-18 20:57:18 | Simulation update: decoder round 76533, completed instructions: 59/4997, actively running or decoding instructions: 4, waiting windows: 1151/3925. Max active instruction index: 57
2024-11-18 20:57:28 | Simulation update: decoder round 76979, completed instructions: 59/4997, actively running or decoding instructions: 4, waiting windows: 1158/3946. Max active instruction index: 57
2024-11-18 20:57:38 | Simulation update: decoder round 77420, completed instructions: 59/4997, actively running or decoding instructions: 4, waiting windows: 1165/3967. Max active instruction index: 57
2024-11-18 20:57:48 | Simulation update: decoder round 77857, completed instructions: 59/4997, actively running or decoding instructions: 4, waiting windows: 1172/3988. Max active instruction index: 57
2024-11-18 20:57:58 | Simulation update: decoder round 78289, completed instructions: 59/4997, actively running or decoding instructions: 4, waiting windows: 1178/4008. Max active instruction index: 57
2024-11-18 20:58:08 | Simulation update: decoder round 78715, completed instructions: 59/4997, actively running or decoding instructions: 4, waiting windows: 1186/4029. Max active instruction index: 57
2024-11-18 20:58:18 | Simulation update: decoder round 79137, completed instructions: 59/4997, actively running or decoding instructions: 4, waiting windows: 1192/4049. Max active instruction index: 57
2024-11-18 20:58:28 | Simulation update: decoder round 79559, completed instructions: 59/4997, actively running or decoding instructions: 4, waiting windows: 1199/4069. Max active instruction index: 57
2024-11-18 20:58:38 | Simulation update: decoder round 79977, completed instructions: 59/4997, actively running or decoding instructions: 4, waiting windows: 1206/4089. Max active instruction index: 57
2024-11-18 20:58:48 | Simulation update: decoder round 80391, completed instructions: 59/4997, actively running or decoding instructions: 4, waiting windows: 1212/4108. Max active instruction index: 57
2024-11-18 20:58:58 | Simulation update: decoder round 80802, completed instructions: 59/4997, actively running or decoding instructions: 4, waiting windows: 1219/4128. Max active instruction index: 57
2024-11-18 20:59:08 | Simulation update: decoder round 81210, completed instructions: 59/4997, actively running or decoding instructions: 4, waiting windows: 1225/4147. Max active instruction index: 57
2024-11-18 20:59:18 | Simulation update: decoder round 81614, completed instructions: 59/4997, actively running or decoding instructions: 4, waiting windows: 1232/4167. Max active instruction index: 57
2024-11-18 20:59:28 | Simulation update: decoder round 82014, completed instructions: 59/4997, actively running or decoding instructions: 4, waiting windows: 1238/4186. Max active instruction index: 57
2024-11-18 20:59:38 | Simulation update: decoder round 82411, completed instructions: 59/4997, actively running or decoding instructions: 4, waiting windows: 1245/4205. Max active instruction index: 57
2024-11-18 20:59:48 | Simulation update: decoder round 82805, completed instructions: 59/4997, actively running or decoding instructions: 4, waiting windows: 1250/4223. Max active instruction index: 57
2024-11-18 20:59:58 | Simulation update: decoder round 83196, completed instructions: 59/4997, actively running or decoding instructions: 4, waiting windows: 1257/4242. Max active instruction index: 57
2024-11-18 21:00:08 | Simulation update: decoder round 83585, completed instructions: 59/4997, actively running or decoding instructions: 4, waiting windows: 1262/4260. Max active instruction index: 57
2024-11-18 21:00:18 | Simulation update: decoder round 83971, completed instructions: 59/4997, actively running or decoding instructions: 4, waiting windows: 1269/4279. Max active instruction index: 57
2024-11-18 21:00:28 | Simulation update: decoder round 84354, completed instructions: 59/4997, actively running or decoding instructions: 4, waiting windows: 1275/4297. Max active instruction index: 57
2024-11-18 21:00:38 | Simulation update: decoder round 84734, completed instructions: 59/4997, actively running or decoding instructions: 4, waiting windows: 1281/4315. Max active instruction index: 57
2024-11-18 21:00:48 | Simulation update: decoder round 85112, completed instructions: 59/4997, actively running or decoding instructions: 4, waiting windows: 1287/4333. Max active instruction index: 57
2024-11-18 21:00:58 | Simulation update: decoder round 85486, completed instructions: 59/4997, actively running or decoding instructions: 4, waiting windows: 1293/4351. Max active instruction index: 57
2024-11-18 21:01:08 | Simulation update: decoder round 85857, completed instructions: 59/4997, actively running or decoding instructions: 4, waiting windows: 1299/4369. Max active instruction index: 57
2024-11-18 21:01:18 | Simulation update: decoder round 86226, completed instructions: 59/4997, actively running or decoding instructions: 4, waiting windows: 1304/4386. Max active instruction index: 57
2024-11-18 21:01:28 | Simulation update: decoder round 86591, completed instructions: 59/4997, actively running or decoding instructions: 4, waiting windows: 1311/4404. Max active instruction index: 57
2024-11-18 21:01:38 | Simulation update: decoder round 86954, completed instructions: 59/4997, actively running or decoding instructions: 4, waiting windows: 1316/4421. Max active instruction index: 57
2024-11-18 21:01:48 | Simulation update: decoder round 87316, completed instructions: 59/4997, actively running or decoding instructions: 4, waiting windows: 1322/4438. Max active instruction index: 57
2024-11-18 21:01:58 | Simulation update: decoder round 87675, completed instructions: 59/4997, actively running or decoding instructions: 4, waiting windows: 1327/4455. Max active instruction index: 57
2024-11-18 21:02:08 | Simulation update: decoder round 88032, completed instructions: 59/4997, actively running or decoding instructions: 4, waiting windows: 1333/4472. Max active instruction index: 57
2024-11-18 21:02:18 | Simulation update: decoder round 88386, completed instructions: 59/4997, actively running or decoding instructions: 4, waiting windows: 1339/4489. Max active instruction index: 57
2024-11-18 21:02:28 | Simulation update: decoder round 88737, completed instructions: 59/4997, actively running or decoding instructions: 4, waiting windows: 1345/4506. Max active instruction index: 57
2024-11-18 21:02:38 | Simulation update: decoder round 89086, completed instructions: 59/4997, actively running or decoding instructions: 4, waiting windows: 1350/4522. Max active instruction index: 57
2024-11-18 21:02:48 | Simulation update: decoder round 89433, completed instructions: 59/4997, actively running or decoding instructions: 4, waiting windows: 1356/4539. Max active instruction index: 57
2024-11-18 21:02:58 | Simulation update: decoder round 89778, completed instructions: 59/4997, actively running or decoding instructions: 4, waiting windows: 1361/4555. Max active instruction index: 57
2024-11-18 21:03:08 | Simulation update: decoder round 90120, completed instructions: 59/4997, actively running or decoding instructions: 4, waiting windows: 1367/4572. Max active instruction index: 57
2024-11-18 21:03:18 | Simulation update: decoder round 90461, completed instructions: 59/4997, actively running or decoding instructions: 4, waiting windows: 1372/4588. Max active instruction index: 57
2024-11-18 21:03:28 | Simulation update: decoder round 90799, completed instructions: 59/4997, actively running or decoding instructions: 4, waiting windows: 1377/4604. Max active instruction index: 57
2024-11-18 21:03:38 | Simulation update: decoder round 91134, completed instructions: 59/4997, actively running or decoding instructions: 4, waiting windows: 1383/4620. Max active instruction index: 57
2024-11-18 21:03:49 | Simulation update: decoder round 91468, completed instructions: 59/4997, actively running or decoding instructions: 4, waiting windows: 1388/4636. Max active instruction index: 57
2024-11-18 21:03:59 | Simulation update: decoder round 91800, completed instructions: 59/4997, actively running or decoding instructions: 4, waiting windows: 1393/4652. Max active instruction index: 57
2024-11-18 21:04:09 | Simulation update: decoder round 92130, completed instructions: 59/4997, actively running or decoding instructions: 4, waiting windows: 1398/4667. Max active instruction index: 57
2024-11-18 21:04:19 | Simulation update: decoder round 92458, completed instructions: 59/4997, actively running or decoding instructions: 4, waiting windows: 1404/4683. Max active instruction index: 57
2024-11-18 21:04:29 | Simulation update: decoder round 92784, completed instructions: 59/4997, actively running or decoding instructions: 4, waiting windows: 1409/4699. Max active instruction index: 57
2024-11-18 21:04:39 | Simulation update: decoder round 93108, completed instructions: 59/4997, actively running or decoding instructions: 4, waiting windows: 1414/4714. Max active instruction index: 57
2024-11-18 21:04:49 | Simulation update: decoder round 93430, completed instructions: 59/4997, actively running or decoding instructions: 4, waiting windows: 1419/4729. Max active instruction index: 57
2024-11-18 21:04:59 | Simulation update: decoder round 93751, completed instructions: 59/4997, actively running or decoding instructions: 4, waiting windows: 1425/4745. Max active instruction index: 57
2024-11-18 21:05:09 | Simulation update: decoder round 94070, completed instructions: 59/4997, actively running or decoding instructions: 4, waiting windows: 1429/4760. Max active instruction index: 57
2024-11-18 21:05:19 | Simulation update: decoder round 94387, completed instructions: 59/4997, actively running or decoding instructions: 4, waiting windows: 1434/4775. Max active instruction index: 57
2024-11-18 21:05:29 | Simulation update: decoder round 94703, completed instructions: 59/4997, actively running or decoding instructions: 4, waiting windows: 1439/4790. Max active instruction index: 57
2024-11-18 21:05:39 | Simulation update: decoder round 95016, completed instructions: 59/4997, actively running or decoding instructions: 4, waiting windows: 1444/4805. Max active instruction index: 57
2024-11-18 21:05:49 | Simulation update: decoder round 95328, completed instructions: 59/4997, actively running or decoding instructions: 4, waiting windows: 1449/4820. Max active instruction index: 57
2024-11-18 21:05:59 | Simulation update: decoder round 95637, completed instructions: 59/4997, actively running or decoding instructions: 4, waiting windows: 1454/4834. Max active instruction index: 57
