CONFIG 29
benchmark_file: slurm/data/20241106_204956/benchmarks/random_t_1000_42_9.lss
decoder_latency_or_dist_filename: slurm/data/20241106_204956/decoder_dists_nd.json
distance: 21
max_parallel_processes: None
rng: 9
scheduling_method: parallel
speculation_accuracy: 0.99
speculation_latency: 1
speculation_mode: None
2024-11-06 20:50:11 | Loading benchmark slurm/data/20241106_204956/benchmarks/random_t_1000_42_9.lss...
2024-11-06 20:50:11 | Starting simulation
2024-11-06 20:50:11 | Simulation update: decoder round 1, completed instructions: 0/4981, actively running or decoding instructions: 1, waiting windows: 0/0. Max active instruction index: 1
2024-11-06 20:50:21 | Simulation update: decoder round 67407, completed instructions: 807/4981, actively running or decoding instructions: 4, waiting windows: 2217/4496. Max active instruction index: 805
2024-11-06 20:50:31 | Simulation update: decoder round 135905, completed instructions: 1631/4981, actively running or decoding instructions: 3, waiting windows: 4406/8966. Max active instruction index: 1628
2024-11-06 20:50:41 | Simulation update: decoder round 201788, completed instructions: 2427/4981, actively running or decoding instructions: 2, waiting windows: 6576/13377. Max active instruction index: 2424
2024-11-06 20:50:51 | Simulation update: decoder round 267125, completed instructions: 3200/4981, actively running or decoding instructions: 2, waiting windows: 8741/17764. Max active instruction index: 3199
2024-11-06 20:51:01 | Simulation update: decoder round 330346, completed instructions: 3943/4981, actively running or decoding instructions: 5, waiting windows: 10932/22214. Max active instruction index: 3943
2024-11-06 20:51:11 | Simulation update: decoder round 396582, completed instructions: 4722/4981, actively running or decoding instructions: 4, waiting windows: 13101/26621. Max active instruction index: 4726
2024-11-06 20:51:14 | Finished simulation
2024-11-06 20:51:16 | Finished saving output. Done! Total elapsed time: 0:01:04.969463
