CONFIG 33
benchmark_file: slurm/data/20241106_204956/benchmarks/random_t_1000_42_13.lss
decoder_latency_or_dist_filename: slurm/data/20241106_204956/decoder_dists_nd.json
distance: 21
max_parallel_processes: None
rng: 13
scheduling_method: parallel
speculation_accuracy: 0.99
speculation_latency: 1
speculation_mode: None
2024-11-06 20:50:11 | Loading benchmark slurm/data/20241106_204956/benchmarks/random_t_1000_42_13.lss...
2024-11-06 20:50:11 | Starting simulation
2024-11-06 20:50:11 | Simulation update: decoder round 1, completed instructions: 0/4978, actively running or decoding instructions: 1, waiting windows: 0/0. Max active instruction index: 0
2024-11-06 20:50:21 | Simulation update: decoder round 68234, completed instructions: 826/4978, actively running or decoding instructions: 3, waiting windows: 2173/4434. Max active instruction index: 824
2024-11-06 20:50:31 | Simulation update: decoder round 135922, completed instructions: 1627/4978, actively running or decoding instructions: 4, waiting windows: 4388/8923. Max active instruction index: 1624
2024-11-06 20:50:41 | Simulation update: decoder round 200902, completed instructions: 2409/4978, actively running or decoding instructions: 3, waiting windows: 6566/13351. Max active instruction index: 2407
2024-11-06 20:50:51 | Simulation update: decoder round 267667, completed instructions: 3219/4978, actively running or decoding instructions: 3, waiting windows: 8742/17789. Max active instruction index: 3216
2024-11-06 20:51:01 | Simulation update: decoder round 329868, completed instructions: 3940/4978, actively running or decoding instructions: 3, waiting windows: 10998/22355. Max active instruction index: 3938
2024-11-06 20:51:11 | Simulation update: decoder round 394396, completed instructions: 4687/4978, actively running or decoding instructions: 4, waiting windows: 13163/26749. Max active instruction index: 4684
2024-11-06 20:51:15 | Finished simulation
2024-11-06 20:51:16 | Finished saving output. Done! Total elapsed time: 0:01:05.836982
