CONFIG 41
benchmark_file: slurm/data/20241106_204956/benchmarks/random_t_1000_42_1.lss
decoder_latency_or_dist_filename: slurm/data/20241106_204956/decoder_dists_nd.json
distance: 21
max_parallel_processes: None
rng: 1
scheduling_method: aligned
speculation_accuracy: 0.99
speculation_latency: 1
speculation_mode: None
2024-11-06 20:50:11 | Loading benchmark slurm/data/20241106_204956/benchmarks/random_t_1000_42_1.lss...
2024-11-06 20:50:11 | Starting simulation
2024-11-06 20:50:11 | Simulation update: decoder round 1, completed instructions: 0/4982, actively running or decoding instructions: 1, waiting windows: 0/0. Max active instruction index: 1
2024-11-06 20:50:21 | Simulation update: decoder round 65402, completed instructions: 788/4982, actively running or decoding instructions: 3, waiting windows: 2036/4308. Max active instruction index: 785
2024-11-06 20:50:31 | Simulation update: decoder round 129813, completed instructions: 1591/4982, actively running or decoding instructions: 4, waiting windows: 4102/8684. Max active instruction index: 1589
2024-11-06 20:50:41 | Simulation update: decoder round 192407, completed instructions: 2365/4982, actively running or decoding instructions: 4, waiting windows: 6117/12951. Max active instruction index: 2363
2024-11-06 20:50:51 | Simulation update: decoder round 255324, completed instructions: 3131/4982, actively running or decoding instructions: 3, waiting windows: 8186/17316. Max active instruction index: 3129
2024-11-06 20:51:01 | Simulation update: decoder round 317429, completed instructions: 3905/4982, actively running or decoding instructions: 3, waiting windows: 10214/21616. Max active instruction index: 3903
2024-11-06 20:51:11 | Simulation update: decoder round 381033, completed instructions: 4682/4982, actively running or decoding instructions: 4, waiting windows: 12204/25829. Max active instruction index: 4680
2024-11-06 20:51:15 | Finished simulation
2024-11-06 20:51:16 | Finished saving output. Done! Total elapsed time: 0:01:05.702881
