CONFIG 55
benchmark_file: slurm/data/20241106_204956/benchmarks/random_t_1000_42_15.lss
decoder_latency_or_dist_filename: slurm/data/20241106_204956/decoder_dists_nd.json
distance: 21
max_parallel_processes: None
rng: 15
scheduling_method: aligned
speculation_accuracy: 0.99
speculation_latency: 1
speculation_mode: None
2024-11-06 20:50:11 | Loading benchmark slurm/data/20241106_204956/benchmarks/random_t_1000_42_15.lss...
2024-11-06 20:50:11 | Starting simulation
2024-11-06 20:50:11 | Simulation update: decoder round 1, completed instructions: 0/4983, actively running or decoding instructions: 1, waiting windows: 0/0. Max active instruction index: 0
2024-11-06 20:50:21 | Simulation update: decoder round 64561, completed instructions: 787/4983, actively running or decoding instructions: 3, waiting windows: 2084/4388. Max active instruction index: 785
2024-11-06 20:50:31 | Simulation update: decoder round 131412, completed instructions: 1590/4983, actively running or decoding instructions: 4, waiting windows: 4087/8643. Max active instruction index: 1587
2024-11-06 20:50:41 | Simulation update: decoder round 195843, completed instructions: 2376/4983, actively running or decoding instructions: 5, waiting windows: 6114/12923. Max active instruction index: 2374
2024-11-06 20:50:51 | Simulation update: decoder round 259193, completed instructions: 3147/4983, actively running or decoding instructions: 5, waiting windows: 8071/17068. Max active instruction index: 3149
2024-11-06 20:51:01 | Simulation update: decoder round 321526, completed instructions: 3908/4983, actively running or decoding instructions: 3, waiting windows: 10093/21375. Max active instruction index: 3906
2024-11-06 20:51:11 | Simulation update: decoder round 384450, completed instructions: 4676/4983, actively running or decoding instructions: 4, waiting windows: 12124/25694. Max active instruction index: 4674
2024-11-06 20:51:15 | Finished simulation
2024-11-06 20:51:16 | Finished saving output. Done! Total elapsed time: 0:01:05.611525
