CONFIG 8
benchmark_file: slurm/data/20241106_204956/benchmarks/random_t_1000_42_8.lss
decoder_latency_or_dist_filename: slurm/data/20241106_204956/decoder_dists_nd.json
distance: 21
max_parallel_processes: None
rng: 8
scheduling_method: sliding
speculation_accuracy: 0.99
speculation_latency: 1
speculation_mode: None
2024-11-06 20:50:10 | Loading benchmark slurm/data/20241106_204956/benchmarks/random_t_1000_42_8.lss...
2024-11-06 20:50:10 | Starting simulation
2024-11-06 20:50:10 | Simulation update: decoder round 1, completed instructions: 0/4981, actively running or decoding instructions: 1, waiting windows: 0/0. Max active instruction index: 0
2024-11-06 20:50:20 | Simulation update: decoder round 3653, completed instructions: 14/4981, actively running or decoding instructions: 4, waiting windows: 142/193. Max active instruction index: 12
2024-11-06 20:50:30 | Simulation update: decoder round 4701, completed instructions: 14/4981, actively running or decoding instructions: 4, waiting windows: 182/243. Max active instruction index: 12
2024-11-06 20:50:40 | Simulation update: decoder round 5413, completed instructions: 14/4981, actively running or decoding instructions: 4, waiting windows: 210/277. Max active instruction index: 12
2024-11-06 20:50:50 | Simulation update: decoder round 5968, completed instructions: 14/4981, actively running or decoding instructions: 4, waiting windows: 231/303. Max active instruction index: 12
2024-11-06 20:51:00 | Simulation update: decoder round 6438, completed instructions: 14/4981, actively running or decoding instructions: 4, waiting windows: 249/326. Max active instruction index: 12
2024-11-06 20:51:10 | Simulation update: decoder round 6850, completed instructions: 14/4981, actively running or decoding instructions: 4, waiting windows: 264/345. Max active instruction index: 12
2024-11-06 20:51:20 | Simulation update: decoder round 7219, completed instructions: 14/4981, actively running or decoding instructions: 4, waiting windows: 279/363. Max active instruction index: 12
2024-11-06 20:51:30 | Simulation update: decoder round 7555, completed instructions: 14/4981, actively running or decoding instructions: 4, waiting windows: 292/379. Max active instruction index: 12
2024-11-06 20:51:40 | Simulation update: decoder round 7863, completed instructions: 14/4981, actively running or decoding instructions: 4, waiting windows: 304/394. Max active instruction index: 12
2024-11-06 20:51:50 | Simulation update: decoder round 8149, completed instructions: 14/4981, actively running or decoding instructions: 4, waiting windows: 314/407. Max active instruction index: 12
2024-11-06 20:52:00 | Simulation update: decoder round 8417, completed instructions: 14/4981, actively running or decoding instructions: 4, waiting windows: 325/420. Max active instruction index: 12
2024-11-06 20:52:10 | Simulation update: decoder round 8668, completed instructions: 14/4981, actively running or decoding instructions: 4, waiting windows: 335/432. Max active instruction index: 12
2024-11-06 20:52:20 | Simulation update: decoder round 8906, completed instructions: 14/4981, actively running or decoding instructions: 4, waiting windows: 343/443. Max active instruction index: 12
2024-11-06 20:52:30 | Simulation update: decoder round 9132, completed instructions: 14/4981, actively running or decoding instructions: 4, waiting windows: 352/454. Max active instruction index: 12
2024-11-06 20:52:40 | Simulation update: decoder round 9347, completed instructions: 14/4981, actively running or decoding instructions: 4, waiting windows: 360/464. Max active instruction index: 12
2024-11-06 20:52:50 | Simulation update: decoder round 9552, completed instructions: 14/4981, actively running or decoding instructions: 4, waiting windows: 368/474. Max active instruction index: 12
2024-11-06 20:53:00 | Simulation update: decoder round 9749, completed instructions: 14/4981, actively running or decoding instructions: 4, waiting windows: 376/483. Max active instruction index: 12
2024-11-06 20:53:10 | Simulation update: decoder round 9939, completed instructions: 14/4981, actively running or decoding instructions: 4, waiting windows: 383/492. Max active instruction index: 12
2024-11-06 20:53:20 | Simulation update: decoder round 10122, completed instructions: 14/4981, actively running or decoding instructions: 4, waiting windows: 390/501. Max active instruction index: 12
2024-11-06 20:53:30 | Simulation update: decoder round 10298, completed instructions: 14/4981, actively running or decoding instructions: 4, waiting windows: 396/509. Max active instruction index: 12
2024-11-06 20:53:41 | Simulation update: decoder round 10468, completed instructions: 14/4981, actively running or decoding instructions: 4, waiting windows: 404/518. Max active instruction index: 12
2024-11-06 20:53:51 | Simulation update: decoder round 10632, completed instructions: 14/4981, actively running or decoding instructions: 4, waiting windows: 409/525. Max active instruction index: 12
2024-11-06 20:54:01 | Simulation update: decoder round 10791, completed instructions: 14/4981, actively running or decoding instructions: 4, waiting windows: 416/533. Max active instruction index: 12
2024-11-06 20:54:11 | Simulation update: decoder round 10946, completed instructions: 14/4981, actively running or decoding instructions: 4, waiting windows: 421/540. Max active instruction index: 12
2024-11-06 20:54:21 | Simulation update: decoder round 11097, completed instructions: 14/4981, actively running or decoding instructions: 4, waiting windows: 428/548. Max active instruction index: 12
2024-11-06 20:54:31 | Simulation update: decoder round 11244, completed instructions: 14/4981, actively running or decoding instructions: 4, waiting windows: 434/555. Max active instruction index: 12
2024-11-06 20:54:41 | Simulation update: decoder round 11388, completed instructions: 14/4981, actively running or decoding instructions: 4, waiting windows: 438/561. Max active instruction index: 12
2024-11-06 20:54:51 | Simulation update: decoder round 11529, completed instructions: 14/4981, actively running or decoding instructions: 4, waiting windows: 444/568. Max active instruction index: 12
2024-11-06 20:55:01 | Simulation update: decoder round 11666, completed instructions: 14/4981, actively running or decoding instructions: 2, waiting windows: 450/575. Max active instruction index: 12
2024-11-06 20:55:11 | Simulation update: decoder round 11800, completed instructions: 20/4981, actively running or decoding instructions: 3, waiting windows: 457/583. Max active instruction index: 17
2024-11-06 20:55:21 | Simulation update: decoder round 11930, completed instructions: 20/4981, actively running or decoding instructions: 3, waiting windows: 466/596. Max active instruction index: 17
2024-11-06 20:55:31 | Simulation update: decoder round 12057, completed instructions: 20/4981, actively running or decoding instructions: 3, waiting windows: 476/608. Max active instruction index: 17
2024-11-06 20:55:41 | Simulation update: decoder round 12182, completed instructions: 20/4981, actively running or decoding instructions: 3, waiting windows: 486/620. Max active instruction index: 17
2024-11-06 20:55:51 | Simulation update: decoder round 12304, completed instructions: 20/4981, actively running or decoding instructions: 3, waiting windows: 495/631. Max active instruction index: 17
2024-11-06 20:56:01 | Simulation update: decoder round 12423, completed instructions: 20/4981, actively running or decoding instructions: 3, waiting windows: 504/642. Max active instruction index: 17
2024-11-06 20:56:11 | Simulation update: decoder round 12540, completed instructions: 20/4981, actively running or decoding instructions: 3, waiting windows: 514/654. Max active instruction index: 17
2024-11-06 20:56:21 | Simulation update: decoder round 12655, completed instructions: 20/4981, actively running or decoding instructions: 3, waiting windows: 522/664. Max active instruction index: 17
2024-11-06 20:56:31 | Simulation update: decoder round 12768, completed instructions: 20/4981, actively running or decoding instructions: 3, waiting windows: 532/676. Max active instruction index: 17
2024-11-06 20:56:41 | Simulation update: decoder round 12879, completed instructions: 20/4981, actively running or decoding instructions: 3, waiting windows: 540/686. Max active instruction index: 17
2024-11-06 20:56:51 | Simulation update: decoder round 12987, completed instructions: 20/4981, actively running or decoding instructions: 3, waiting windows: 548/696. Max active instruction index: 17
2024-11-06 20:57:01 | Simulation update: decoder round 13093, completed instructions: 20/4981, actively running or decoding instructions: 3, waiting windows: 556/706. Max active instruction index: 17
2024-11-06 20:57:11 | Simulation update: decoder round 13197, completed instructions: 20/4981, actively running or decoding instructions: 3, waiting windows: 564/716. Max active instruction index: 17
2024-11-06 20:57:21 | Simulation update: decoder round 13300, completed instructions: 20/4981, actively running or decoding instructions: 3, waiting windows: 572/726. Max active instruction index: 17
2024-11-06 20:57:32 | Simulation update: decoder round 13401, completed instructions: 20/4981, actively running or decoding instructions: 3, waiting windows: 580/736. Max active instruction index: 17
2024-11-06 20:57:42 | Simulation update: decoder round 13500, completed instructions: 20/4981, actively running or decoding instructions: 3, waiting windows: 587/745. Max active instruction index: 17
2024-11-06 20:57:52 | Simulation update: decoder round 13598, completed instructions: 20/4981, actively running or decoding instructions: 3, waiting windows: 594/754. Max active instruction index: 17
2024-11-06 20:58:02 | Simulation update: decoder round 13694, completed instructions: 20/4981, actively running or decoding instructions: 3, waiting windows: 602/764. Max active instruction index: 17
2024-11-06 20:58:12 | Simulation update: decoder round 13788, completed instructions: 20/4981, actively running or decoding instructions: 3, waiting windows: 608/772. Max active instruction index: 17
2024-11-06 20:58:22 | Simulation update: decoder round 13881, completed instructions: 20/4981, actively running or decoding instructions: 3, waiting windows: 616/782. Max active instruction index: 17
2024-11-06 20:58:32 | Simulation update: decoder round 13973, completed instructions: 20/4981, actively running or decoding instructions: 3, waiting windows: 623/790. Max active instruction index: 17
2024-11-06 20:58:42 | Simulation update: decoder round 14064, completed instructions: 20/4981, actively running or decoding instructions: 3, waiting windows: 630/798. Max active instruction index: 17
2024-11-06 20:58:52 | Simulation update: decoder round 14153, completed instructions: 20/4981, actively running or decoding instructions: 3, waiting windows: 638/808. Max active instruction index: 17
2024-11-06 20:59:02 | Simulation update: decoder round 14241, completed instructions: 20/4981, actively running or decoding instructions: 3, waiting windows: 644/816. Max active instruction index: 17
2024-11-06 20:59:12 | Simulation update: decoder round 14328, completed instructions: 20/4981, actively running or decoding instructions: 3, waiting windows: 650/824. Max active instruction index: 17
2024-11-06 20:59:22 | Simulation update: decoder round 14414, completed instructions: 20/4981, actively running or decoding instructions: 3, waiting windows: 656/832. Max active instruction index: 17
2024-11-06 20:59:32 | Simulation update: decoder round 14498, completed instructions: 20/4981, actively running or decoding instructions: 3, waiting windows: 664/840. Max active instruction index: 17
2024-11-06 20:59:42 | Simulation update: decoder round 14581, completed instructions: 20/4981, actively running or decoding instructions: 3, waiting windows: 670/848. Max active instruction index: 17
2024-11-06 20:59:52 | Simulation update: decoder round 14663, completed instructions: 20/4981, actively running or decoding instructions: 3, waiting windows: 676/856. Max active instruction index: 17
2024-11-06 21:00:02 | Simulation update: decoder round 14744, completed instructions: 20/4981, actively running or decoding instructions: 3, waiting windows: 682/864. Max active instruction index: 17
2024-11-06 21:00:12 | Simulation update: decoder round 14824, completed instructions: 20/4981, actively running or decoding instructions: 3, waiting windows: 689/871. Max active instruction index: 17
2024-11-06 21:00:22 | Simulation update: decoder round 14903, completed instructions: 20/4981, actively running or decoding instructions: 3, waiting windows: 694/878. Max active instruction index: 17
2024-11-06 21:00:33 | Simulation update: decoder round 14981, completed instructions: 20/4981, actively running or decoding instructions: 3, waiting windows: 700/886. Max active instruction index: 17
2024-11-06 21:00:43 | Simulation update: decoder round 15058, completed instructions: 20/4981, actively running or decoding instructions: 3, waiting windows: 707/894. Max active instruction index: 17
2024-11-06 21:00:53 | Simulation update: decoder round 15134, completed instructions: 20/4981, actively running or decoding instructions: 3, waiting windows: 712/900. Max active instruction index: 17
2024-11-06 21:01:03 | Simulation update: decoder round 15209, completed instructions: 20/4981, actively running or decoding instructions: 3, waiting windows: 718/908. Max active instruction index: 17
2024-11-06 21:01:13 | Simulation update: decoder round 15284, completed instructions: 20/4981, actively running or decoding instructions: 3, waiting windows: 722/914. Max active instruction index: 17
2024-11-06 21:01:23 | Simulation update: decoder round 15358, completed instructions: 20/4981, actively running or decoding instructions: 3, waiting windows: 730/922. Max active instruction index: 17
2024-11-06 21:01:33 | Simulation update: decoder round 15431, completed instructions: 20/4981, actively running or decoding instructions: 3, waiting windows: 734/928. Max active instruction index: 17
2024-11-06 21:01:43 | Simulation update: decoder round 15503, completed instructions: 20/4981, actively running or decoding instructions: 3, waiting windows: 740/936. Max active instruction index: 17
2024-11-06 21:01:53 | Simulation update: decoder round 15574, completed instructions: 20/4981, actively running or decoding instructions: 3, waiting windows: 746/942. Max active instruction index: 17
2024-11-06 21:02:03 | Simulation update: decoder round 15644, completed instructions: 20/4981, actively running or decoding instructions: 3, waiting windows: 752/950. Max active instruction index: 17
2024-11-06 21:02:13 | Simulation update: decoder round 15714, completed instructions: 20/4981, actively running or decoding instructions: 3, waiting windows: 756/956. Max active instruction index: 17
2024-11-06 21:02:23 | Simulation update: decoder round 15783, completed instructions: 20/4981, actively running or decoding instructions: 3, waiting windows: 762/962. Max active instruction index: 17
2024-11-06 21:02:33 | Simulation update: decoder round 15851, completed instructions: 20/4981, actively running or decoding instructions: 3, waiting windows: 766/968. Max active instruction index: 17
2024-11-06 21:02:44 | Simulation update: decoder round 15919, completed instructions: 20/4981, actively running or decoding instructions: 3, waiting windows: 773/976. Max active instruction index: 17
2024-11-06 21:02:54 | Simulation update: decoder round 15986, completed instructions: 20/4981, actively running or decoding instructions: 3, waiting windows: 778/982. Max active instruction index: 17
2024-11-06 21:03:04 | Simulation update: decoder round 16052, completed instructions: 20/4981, actively running or decoding instructions: 3, waiting windows: 782/988. Max active instruction index: 17
2024-11-06 21:03:14 | Simulation update: decoder round 16117, completed instructions: 20/4981, actively running or decoding instructions: 3, waiting windows: 788/994. Max active instruction index: 17
2024-11-06 21:03:24 | Simulation update: decoder round 16182, completed instructions: 20/4981, actively running or decoding instructions: 3, waiting windows: 792/1000. Max active instruction index: 17
2024-11-06 21:03:34 | Simulation update: decoder round 16246, completed instructions: 20/4981, actively running or decoding instructions: 3, waiting windows: 797/1006. Max active instruction index: 17
2024-11-06 21:03:44 | Simulation update: decoder round 16310, completed instructions: 20/4981, actively running or decoding instructions: 3, waiting windows: 802/1012. Max active instruction index: 17
2024-11-06 21:03:54 | Simulation update: decoder round 16373, completed instructions: 20/4981, actively running or decoding instructions: 3, waiting windows: 806/1018. Max active instruction index: 17
2024-11-06 21:04:04 | Simulation update: decoder round 16435, completed instructions: 20/4981, actively running or decoding instructions: 3, waiting windows: 812/1024. Max active instruction index: 17
2024-11-06 21:04:14 | Simulation update: decoder round 16497, completed instructions: 20/4981, actively running or decoding instructions: 3, waiting windows: 816/1030. Max active instruction index: 17
2024-11-06 21:04:24 | Simulation update: decoder round 16558, completed instructions: 20/4981, actively running or decoding instructions: 3, waiting windows: 821/1036. Max active instruction index: 17
2024-11-06 21:04:34 | Simulation update: decoder round 16619, completed instructions: 20/4981, actively running or decoding instructions: 3, waiting windows: 826/1042. Max active instruction index: 17
2024-11-06 21:04:44 | Simulation update: decoder round 16679, completed instructions: 20/4981, actively running or decoding instructions: 3, waiting windows: 831/1048. Max active instruction index: 17
2024-11-06 21:04:54 | Simulation update: decoder round 16739, completed instructions: 20/4981, actively running or decoding instructions: 3, waiting windows: 836/1054. Max active instruction index: 17
2024-11-06 21:05:04 | Simulation update: decoder round 16798, completed instructions: 20/4981, actively running or decoding instructions: 3, waiting windows: 839/1059. Max active instruction index: 17
2024-11-06 21:05:15 | Simulation update: decoder round 16857, completed instructions: 20/4981, actively running or decoding instructions: 3, waiting windows: 844/1064. Max active instruction index: 17
2024-11-06 21:05:25 | Simulation update: decoder round 16915, completed instructions: 20/4981, actively running or decoding instructions: 3, waiting windows: 848/1070. Max active instruction index: 17
2024-11-06 21:05:35 | Simulation update: decoder round 16973, completed instructions: 20/4981, actively running or decoding instructions: 3, waiting windows: 854/1076. Max active instruction index: 17
2024-11-06 21:05:45 | Simulation update: decoder round 17030, completed instructions: 20/4981, actively running or decoding instructions: 3, waiting windows: 858/1082. Max active instruction index: 17
2024-11-06 21:05:55 | Simulation update: decoder round 17087, completed instructions: 20/4981, actively running or decoding instructions: 3, waiting windows: 862/1086. Max active instruction index: 17
2024-11-06 21:06:05 | Simulation update: decoder round 17143, completed instructions: 20/4981, actively running or decoding instructions: 3, waiting windows: 866/1092. Max active instruction index: 17
2024-11-06 21:06:15 | Simulation update: decoder round 17199, completed instructions: 20/4981, actively running or decoding instructions: 3, waiting windows: 872/1098. Max active instruction index: 17
2024-11-06 21:06:25 | Simulation update: decoder round 17255, completed instructions: 20/4981, actively running or decoding instructions: 3, waiting windows: 874/1102. Max active instruction index: 17
2024-11-06 21:06:36 | Simulation update: decoder round 17310, completed instructions: 20/4981, actively running or decoding instructions: 3, waiting windows: 880/1108. Max active instruction index: 17
2024-11-06 21:06:46 | Simulation update: decoder round 17365, completed instructions: 20/4981, actively running or decoding instructions: 3, waiting windows: 883/1113. Max active instruction index: 17
2024-11-06 21:06:56 | Simulation update: decoder round 17419, completed instructions: 20/4981, actively running or decoding instructions: 3, waiting windows: 888/1118. Max active instruction index: 17
2024-11-06 21:07:06 | Simulation update: decoder round 17473, completed instructions: 20/4981, actively running or decoding instructions: 3, waiting windows: 892/1124. Max active instruction index: 17
2024-11-06 21:07:16 | Simulation update: decoder round 17527, completed instructions: 20/4981, actively running or decoding instructions: 3, waiting windows: 896/1128. Max active instruction index: 17
2024-11-06 21:07:26 | Simulation update: decoder round 17580, completed instructions: 20/4981, actively running or decoding instructions: 3, waiting windows: 900/1134. Max active instruction index: 17
2024-11-06 21:07:36 | Simulation update: decoder round 17633, completed instructions: 20/4981, actively running or decoding instructions: 3, waiting windows: 904/1138. Max active instruction index: 17
2024-11-06 21:07:46 | Simulation update: decoder round 17685, completed instructions: 20/4981, actively running or decoding instructions: 3, waiting windows: 908/1144. Max active instruction index: 17
2024-11-06 21:07:56 | Simulation update: decoder round 17737, completed instructions: 20/4981, actively running or decoding instructions: 3, waiting windows: 912/1148. Max active instruction index: 17
2024-11-06 21:08:06 | Simulation update: decoder round 17789, completed instructions: 20/4981, actively running or decoding instructions: 3, waiting windows: 916/1154. Max active instruction index: 17
2024-11-06 21:08:16 | Simulation update: decoder round 17840, completed instructions: 20/4981, actively running or decoding instructions: 3, waiting windows: 920/1158. Max active instruction index: 17
2024-11-06 21:08:26 | Simulation update: decoder round 17891, completed instructions: 20/4981, actively running or decoding instructions: 3, waiting windows: 924/1164. Max active instruction index: 17
2024-11-06 21:08:37 | Simulation update: decoder round 17942, completed instructions: 20/4981, actively running or decoding instructions: 3, waiting windows: 928/1168. Max active instruction index: 17
2024-11-06 21:08:47 | Simulation update: decoder round 17992, completed instructions: 20/4981, actively running or decoding instructions: 3, waiting windows: 930/1172. Max active instruction index: 17
2024-11-06 21:08:57 | Simulation update: decoder round 18042, completed instructions: 20/4981, actively running or decoding instructions: 3, waiting windows: 936/1178. Max active instruction index: 17
2024-11-06 21:09:07 | Simulation update: decoder round 18092, completed instructions: 20/4981, actively running or decoding instructions: 3, waiting windows: 938/1182. Max active instruction index: 17
2024-11-06 21:09:17 | Simulation update: decoder round 18141, completed instructions: 20/4981, actively running or decoding instructions: 3, waiting windows: 943/1187. Max active instruction index: 17
2024-11-06 21:09:27 | Simulation update: decoder round 18190, completed instructions: 20/4981, actively running or decoding instructions: 3, waiting windows: 947/1192. Max active instruction index: 17
2024-11-06 21:09:37 | Simulation update: decoder round 18239, completed instructions: 20/4981, actively running or decoding instructions: 3, waiting windows: 950/1196. Max active instruction index: 17
2024-11-06 21:09:47 | Simulation update: decoder round 18287, completed instructions: 20/4981, actively running or decoding instructions: 3, waiting windows: 953/1200. Max active instruction index: 17
2024-11-06 21:09:58 | Simulation update: decoder round 18335, completed instructions: 20/4981, actively running or decoding instructions: 3, waiting windows: 958/1206. Max active instruction index: 17
2024-11-06 21:10:08 | Simulation update: decoder round 18383, completed instructions: 20/4981, actively running or decoding instructions: 3, waiting windows: 962/1210. Max active instruction index: 17
2024-11-06 21:10:18 | Simulation update: decoder round 18430, completed instructions: 20/4981, actively running or decoding instructions: 3, waiting windows: 964/1214. Max active instruction index: 17
2024-11-06 21:10:28 | Simulation update: decoder round 18477, completed instructions: 20/4981, actively running or decoding instructions: 3, waiting windows: 969/1219. Max active instruction index: 17
2024-11-06 21:10:38 | Simulation update: decoder round 18524, completed instructions: 20/4981, actively running or decoding instructions: 3, waiting windows: 972/1224. Max active instruction index: 17
2024-11-06 21:10:48 | Simulation update: decoder round 18571, completed instructions: 20/4981, actively running or decoding instructions: 3, waiting windows: 976/1228. Max active instruction index: 17
2024-11-06 21:10:58 | Simulation update: decoder round 18617, completed instructions: 20/4981, actively running or decoding instructions: 3, waiting windows: 979/1232. Max active instruction index: 17
2024-11-06 21:11:08 | Simulation update: decoder round 18663, completed instructions: 20/4981, actively running or decoding instructions: 3, waiting windows: 982/1236. Max active instruction index: 17
2024-11-06 21:11:19 | Simulation update: decoder round 18709, completed instructions: 20/4981, actively running or decoding instructions: 3, waiting windows: 987/1241. Max active instruction index: 17
2024-11-06 21:11:29 | Simulation update: decoder round 18754, completed instructions: 20/4981, actively running or decoding instructions: 3, waiting windows: 990/1246. Max active instruction index: 17
2024-11-06 21:11:39 | Simulation update: decoder round 18799, completed instructions: 20/4981, actively running or decoding instructions: 3, waiting windows: 994/1250. Max active instruction index: 17
2024-11-06 21:11:49 | Simulation update: decoder round 18844, completed instructions: 20/4981, actively running or decoding instructions: 3, waiting windows: 996/1254. Max active instruction index: 17
2024-11-06 21:11:59 | Simulation update: decoder round 18889, completed instructions: 20/4981, actively running or decoding instructions: 3, waiting windows: 1000/1258. Max active instruction index: 17
2024-11-06 21:12:09 | Simulation update: decoder round 18933, completed instructions: 20/4981, actively running or decoding instructions: 3, waiting windows: 1003/1262. Max active instruction index: 17
2024-11-06 21:12:19 | Simulation update: decoder round 18977, completed instructions: 20/4981, actively running or decoding instructions: 3, waiting windows: 1006/1266. Max active instruction index: 17
2024-11-06 21:12:29 | Simulation update: decoder round 19021, completed instructions: 20/4981, actively running or decoding instructions: 3, waiting windows: 1010/1270. Max active instruction index: 17
2024-11-06 21:12:39 | Simulation update: decoder round 19065, completed instructions: 20/4981, actively running or decoding instructions: 3, waiting windows: 1013/1275. Max active instruction index: 17
2024-11-06 21:12:49 | Simulation update: decoder round 19108, completed instructions: 20/4981, actively running or decoding instructions: 3, waiting windows: 1017/1279. Max active instruction index: 17
2024-11-06 21:13:00 | Simulation update: decoder round 19151, completed instructions: 20/4981, actively running or decoding instructions: 3, waiting windows: 1021/1284. Max active instruction index: 17
2024-11-06 21:13:10 | Simulation update: decoder round 19194, completed instructions: 20/4981, actively running or decoding instructions: 3, waiting windows: 1024/1288. Max active instruction index: 17
2024-11-06 21:13:20 | Simulation update: decoder round 19237, completed instructions: 20/4981, actively running or decoding instructions: 3, waiting windows: 1028/1292. Max active instruction index: 17
2024-11-06 21:13:30 | Simulation update: decoder round 19280, completed instructions: 20/4981, actively running or decoding instructions: 3, waiting windows: 1030/1296. Max active instruction index: 17
2024-11-06 21:13:40 | Simulation update: decoder round 19322, completed instructions: 20/4981, actively running or decoding instructions: 3, waiting windows: 1034/1300. Max active instruction index: 17
2024-11-06 21:13:50 | Simulation update: decoder round 19364, completed instructions: 20/4981, actively running or decoding instructions: 3, waiting windows: 1037/1304. Max active instruction index: 17
2024-11-06 21:14:01 | Simulation update: decoder round 19406, completed instructions: 20/4981, actively running or decoding instructions: 3, waiting windows: 1040/1308. Max active instruction index: 17
2024-11-06 21:14:11 | Simulation update: decoder round 19447, completed instructions: 20/4981, actively running or decoding instructions: 3, waiting windows: 1044/1312. Max active instruction index: 17
2024-11-06 21:14:21 | Simulation update: decoder round 19488, completed instructions: 20/4981, actively running or decoding instructions: 3, waiting windows: 1046/1316. Max active instruction index: 17
2024-11-06 21:14:31 | Simulation update: decoder round 19529, completed instructions: 20/4981, actively running or decoding instructions: 3, waiting windows: 1050/1320. Max active instruction index: 17
2024-11-06 21:14:41 | Simulation update: decoder round 19570, completed instructions: 20/4981, actively running or decoding instructions: 3, waiting windows: 1053/1323. Max active instruction index: 17
2024-11-06 21:14:51 | Simulation update: decoder round 19611, completed instructions: 20/4981, actively running or decoding instructions: 3, waiting windows: 1055/1327. Max active instruction index: 17
2024-11-06 21:15:01 | Simulation update: decoder round 19652, completed instructions: 20/4981, actively running or decoding instructions: 3, waiting windows: 1058/1330. Max active instruction index: 17
2024-11-06 21:15:11 | Simulation update: decoder round 19692, completed instructions: 20/4981, actively running or decoding instructions: 3, waiting windows: 1061/1334. Max active instruction index: 17
2024-11-06 21:15:21 | Simulation update: decoder round 19732, completed instructions: 20/4981, actively running or decoding instructions: 3, waiting windows: 1064/1338. Max active instruction index: 17
2024-11-06 21:15:32 | Simulation update: decoder round 19772, completed instructions: 20/4981, actively running or decoding instructions: 3, waiting windows: 1068/1342. Max active instruction index: 17
2024-11-06 21:15:42 | Simulation update: decoder round 19812, completed instructions: 20/4981, actively running or decoding instructions: 3, waiting windows: 1070/1346. Max active instruction index: 17
2024-11-06 21:15:52 | Simulation update: decoder round 19852, completed instructions: 20/4981, actively running or decoding instructions: 3, waiting windows: 1074/1350. Max active instruction index: 17
2024-11-06 21:16:02 | Simulation update: decoder round 19891, completed instructions: 20/4981, actively running or decoding instructions: 3, waiting windows: 1078/1354. Max active instruction index: 17
2024-11-06 21:16:12 | Simulation update: decoder round 19930, completed instructions: 20/4981, actively running or decoding instructions: 3, waiting windows: 1080/1358. Max active instruction index: 17
2024-11-06 21:16:22 | Simulation update: decoder round 19969, completed instructions: 20/4981, actively running or decoding instructions: 3, waiting windows: 1083/1361. Max active instruction index: 17
2024-11-06 21:16:33 | Simulation update: decoder round 20008, completed instructions: 20/4981, actively running or decoding instructions: 3, waiting windows: 1086/1364. Max active instruction index: 17
2024-11-06 21:16:43 | Simulation update: decoder round 20047, completed instructions: 20/4981, actively running or decoding instructions: 3, waiting windows: 1088/1368. Max active instruction index: 17
2024-11-06 21:16:53 | Simulation update: decoder round 20085, completed instructions: 20/4981, actively running or decoding instructions: 3, waiting windows: 1092/1372. Max active instruction index: 17
2024-11-06 21:17:03 | Simulation update: decoder round 20123, completed instructions: 20/4981, actively running or decoding instructions: 3, waiting windows: 1095/1376. Max active instruction index: 17
2024-11-06 21:17:13 | Simulation update: decoder round 20161, completed instructions: 20/4981, actively running or decoding instructions: 3, waiting windows: 1098/1380. Max active instruction index: 17
2024-11-06 21:17:23 | Simulation update: decoder round 20199, completed instructions: 20/4981, actively running or decoding instructions: 3, waiting windows: 1101/1383. Max active instruction index: 17
2024-11-06 21:17:34 | Simulation update: decoder round 20237, completed instructions: 20/4981, actively running or decoding instructions: 3, waiting windows: 1103/1386. Max active instruction index: 17
2024-11-06 21:17:44 | Simulation update: decoder round 20275, completed instructions: 20/4981, actively running or decoding instructions: 3, waiting windows: 1106/1390. Max active instruction index: 17
2024-11-06 21:17:54 | Simulation update: decoder round 20312, completed instructions: 20/4981, actively running or decoding instructions: 3, waiting windows: 1110/1394. Max active instruction index: 17
2024-11-06 21:18:04 | Simulation update: decoder round 20349, completed instructions: 20/4981, actively running or decoding instructions: 3, waiting windows: 1113/1398. Max active instruction index: 17
2024-11-06 21:18:14 | Simulation update: decoder round 20386, completed instructions: 20/4981, actively running or decoding instructions: 3, waiting windows: 1114/1400. Max active instruction index: 17
2024-11-06 21:18:24 | Simulation update: decoder round 20423, completed instructions: 20/4981, actively running or decoding instructions: 3, waiting windows: 1118/1404. Max active instruction index: 17
2024-11-06 21:18:34 | Simulation update: decoder round 20460, completed instructions: 20/4981, actively running or decoding instructions: 3, waiting windows: 1120/1408. Max active instruction index: 17
2024-11-06 21:18:45 | Simulation update: decoder round 20497, completed instructions: 20/4981, actively running or decoding instructions: 3, waiting windows: 1124/1412. Max active instruction index: 17
2024-11-06 21:18:55 | Simulation update: decoder round 20533, completed instructions: 20/4981, actively running or decoding instructions: 3, waiting windows: 1126/1414. Max active instruction index: 17
2024-11-06 21:19:05 | Simulation update: decoder round 20569, completed instructions: 20/4981, actively running or decoding instructions: 3, waiting windows: 1128/1418. Max active instruction index: 17
2024-11-06 21:19:15 | Simulation update: decoder round 20605, completed instructions: 20/4981, actively running or decoding instructions: 3, waiting windows: 1132/1422. Max active instruction index: 17
2024-11-06 21:19:25 | Simulation update: decoder round 20641, completed instructions: 20/4981, actively running or decoding instructions: 3, waiting windows: 1135/1425. Max active instruction index: 17
2024-11-06 21:19:35 | Simulation update: decoder round 20677, completed instructions: 20/4981, actively running or decoding instructions: 3, waiting windows: 1136/1428. Max active instruction index: 17
2024-11-06 21:19:46 | Simulation update: decoder round 20713, completed instructions: 20/4981, actively running or decoding instructions: 3, waiting windows: 1140/1432. Max active instruction index: 17
2024-11-06 21:19:56 | Simulation update: decoder round 20748, completed instructions: 20/4981, actively running or decoding instructions: 3, waiting windows: 1144/1436. Max active instruction index: 17
2024-11-06 21:20:06 | Simulation update: decoder round 20783, completed instructions: 20/4981, actively running or decoding instructions: 3, waiting windows: 1145/1438. Max active instruction index: 17
2024-11-06 21:20:16 | Simulation update: decoder round 20818, completed instructions: 20/4981, actively running or decoding instructions: 3, waiting windows: 1148/1442. Max active instruction index: 17
2024-11-06 21:20:26 | Simulation update: decoder round 20853, completed instructions: 20/4981, actively running or decoding instructions: 3, waiting windows: 1152/1446. Max active instruction index: 17
2024-11-06 21:20:36 | Simulation update: decoder round 20888, completed instructions: 20/4981, actively running or decoding instructions: 3, waiting windows: 1153/1448. Max active instruction index: 17
2024-11-06 21:20:47 | Simulation update: decoder round 20923, completed instructions: 20/4981, actively running or decoding instructions: 3, waiting windows: 1156/1452. Max active instruction index: 17
2024-11-06 21:20:57 | Simulation update: decoder round 20958, completed instructions: 20/4981, actively running or decoding instructions: 3, waiting windows: 1160/1456. Max active instruction index: 17
2024-11-06 21:21:07 | Simulation update: decoder round 20992, completed instructions: 20/4981, actively running or decoding instructions: 3, waiting windows: 1161/1458. Max active instruction index: 17
2024-11-06 21:21:17 | Simulation update: decoder round 21026, completed instructions: 20/4981, actively running or decoding instructions: 3, waiting windows: 1164/1462. Max active instruction index: 17
2024-11-06 21:21:27 | Simulation update: decoder round 21060, completed instructions: 20/4981, actively running or decoding instructions: 3, waiting windows: 1167/1465. Max active instruction index: 17
2024-11-06 21:21:37 | Simulation update: decoder round 21094, completed instructions: 20/4981, actively running or decoding instructions: 3, waiting windows: 1169/1468. Max active instruction index: 17
2024-11-06 21:21:47 | Simulation update: decoder round 21128, completed instructions: 20/4981, actively running or decoding instructions: 3, waiting windows: 1172/1472. Max active instruction index: 17
2024-11-06 21:21:58 | Simulation update: decoder round 21162, completed instructions: 20/4981, actively running or decoding instructions: 3, waiting windows: 1174/1474. Max active instruction index: 17
2024-11-06 21:22:08 | Simulation update: decoder round 21196, completed instructions: 20/4981, actively running or decoding instructions: 3, waiting windows: 1178/1478. Max active instruction index: 17
2024-11-06 21:22:18 | Simulation update: decoder round 21229, completed instructions: 20/4981, actively running or decoding instructions: 3, waiting windows: 1179/1481. Max active instruction index: 17
2024-11-06 21:22:28 | Simulation update: decoder round 21262, completed instructions: 20/4981, actively running or decoding instructions: 3, waiting windows: 1182/1484. Max active instruction index: 17
2024-11-06 21:22:38 | Simulation update: decoder round 21295, completed instructions: 20/4981, actively running or decoding instructions: 3, waiting windows: 1186/1488. Max active instruction index: 17
2024-11-06 21:22:48 | Simulation update: decoder round 21328, completed instructions: 20/4981, actively running or decoding instructions: 3, waiting windows: 1186/1490. Max active instruction index: 17
2024-11-06 21:22:58 | Simulation update: decoder round 21361, completed instructions: 20/4981, actively running or decoding instructions: 3, waiting windows: 1190/1494. Max active instruction index: 17
2024-11-06 21:23:09 | Simulation update: decoder round 21394, completed instructions: 20/4981, actively running or decoding instructions: 3, waiting windows: 1192/1496. Max active instruction index: 17
2024-11-06 21:23:19 | Simulation update: decoder round 21427, completed instructions: 20/4981, actively running or decoding instructions: 3, waiting windows: 1195/1500. Max active instruction index: 17
2024-11-06 21:23:29 | Simulation update: decoder round 21459, completed instructions: 20/4981, actively running or decoding instructions: 3, waiting windows: 1197/1503. Max active instruction index: 17
2024-11-06 21:23:39 | Simulation update: decoder round 21491, completed instructions: 20/4981, actively running or decoding instructions: 3, waiting windows: 1200/1506. Max active instruction index: 17
2024-11-06 21:23:49 | Simulation update: decoder round 21523, completed instructions: 20/4981, actively running or decoding instructions: 3, waiting windows: 1203/1509. Max active instruction index: 17
2024-11-06 21:23:59 | Simulation update: decoder round 21555, completed instructions: 20/4981, actively running or decoding instructions: 3, waiting windows: 1204/1512. Max active instruction index: 17
2024-11-06 21:24:09 | Simulation update: decoder round 21587, completed instructions: 20/4981, actively running or decoding instructions: 3, waiting windows: 1208/1516. Max active instruction index: 17
2024-11-06 21:24:19 | Simulation update: decoder round 21619, completed instructions: 20/4981, actively running or decoding instructions: 3, waiting windows: 1210/1518. Max active instruction index: 17
2024-11-06 21:24:30 | Simulation update: decoder round 21651, completed instructions: 20/4981, actively running or decoding instructions: 3, waiting windows: 1212/1522. Max active instruction index: 17
2024-11-06 21:24:40 | Simulation update: decoder round 21683, completed instructions: 20/4981, actively running or decoding instructions: 3, waiting windows: 1214/1524. Max active instruction index: 17
2024-11-06 21:24:50 | Simulation update: decoder round 21714, completed instructions: 20/4981, actively running or decoding instructions: 3, waiting windows: 1218/1528. Max active instruction index: 17
2024-11-06 21:25:00 | Simulation update: decoder round 21745, completed instructions: 20/4981, actively running or decoding instructions: 3, waiting windows: 1219/1530. Max active instruction index: 17
2024-11-06 21:25:10 | Simulation update: decoder round 21776, completed instructions: 20/4981, actively running or decoding instructions: 3, waiting windows: 1222/1534. Max active instruction index: 17
2024-11-06 21:25:20 | Simulation update: decoder round 21807, completed instructions: 20/4981, actively running or decoding instructions: 3, waiting windows: 1224/1536. Max active instruction index: 17
2024-11-06 21:25:30 | Simulation update: decoder round 21838, completed instructions: 20/4981, actively running or decoding instructions: 3, waiting windows: 1227/1539. Max active instruction index: 17
2024-11-06 21:25:41 | Simulation update: decoder round 21869, completed instructions: 20/4981, actively running or decoding instructions: 3, waiting windows: 1228/1542. Max active instruction index: 17
2024-11-06 21:25:51 | Simulation update: decoder round 21900, completed instructions: 20/4981, actively running or decoding instructions: 3, waiting windows: 1231/1545. Max active instruction index: 17
2024-11-06 21:26:01 | Simulation update: decoder round 21931, completed instructions: 20/4981, actively running or decoding instructions: 3, waiting windows: 1234/1548. Max active instruction index: 17
2024-11-06 21:26:11 | Simulation update: decoder round 21962, completed instructions: 20/4981, actively running or decoding instructions: 3, waiting windows: 1235/1550. Max active instruction index: 17
2024-11-06 21:26:22 | Simulation update: decoder round 21993, completed instructions: 20/4981, actively running or decoding instructions: 3, waiting windows: 1238/1554. Max active instruction index: 17
2024-11-06 21:26:32 | Simulation update: decoder round 22023, completed instructions: 20/4981, actively running or decoding instructions: 3, waiting windows: 1240/1556. Max active instruction index: 17
2024-11-06 21:26:42 | Simulation update: decoder round 22053, completed instructions: 20/4981, actively running or decoding instructions: 3, waiting windows: 1244/1560. Max active instruction index: 17
2024-11-06 21:26:52 | Simulation update: decoder round 22083, completed instructions: 20/4981, actively running or decoding instructions: 3, waiting windows: 1244/1562. Max active instruction index: 17
2024-11-06 21:27:02 | Simulation update: decoder round 22113, completed instructions: 20/4981, actively running or decoding instructions: 3, waiting windows: 1248/1566. Max active instruction index: 17
2024-11-06 21:27:12 | Simulation update: decoder round 22143, completed instructions: 20/4981, actively running or decoding instructions: 3, waiting windows: 1250/1568. Max active instruction index: 17
2024-11-06 21:27:22 | Simulation update: decoder round 22173, completed instructions: 20/4981, actively running or decoding instructions: 3, waiting windows: 1252/1571. Max active instruction index: 17
2024-11-06 21:27:33 | Simulation update: decoder round 22203, completed instructions: 20/4981, actively running or decoding instructions: 3, waiting windows: 1254/1574. Max active instruction index: 17
2024-11-06 21:27:43 | Simulation update: decoder round 22233, completed instructions: 20/4981, actively running or decoding instructions: 3, waiting windows: 1256/1576. Max active instruction index: 17
2024-11-06 21:27:53 | Simulation update: decoder round 22263, completed instructions: 20/4981, actively running or decoding instructions: 3, waiting windows: 1260/1580. Max active instruction index: 17
2024-11-06 21:28:03 | Simulation update: decoder round 22293, completed instructions: 20/4981, actively running or decoding instructions: 3, waiting windows: 1261/1582. Max active instruction index: 17
2024-11-06 21:28:13 | Simulation update: decoder round 22322, completed instructions: 20/4981, actively running or decoding instructions: 3, waiting windows: 1264/1586. Max active instruction index: 17
2024-11-06 21:28:24 | Simulation update: decoder round 22351, completed instructions: 20/4981, actively running or decoding instructions: 3, waiting windows: 1266/1588. Max active instruction index: 17
2024-11-06 21:28:34 | Simulation update: decoder round 22380, completed instructions: 20/4981, actively running or decoding instructions: 3, waiting windows: 1268/1590. Max active instruction index: 17
2024-11-06 21:28:44 | Simulation update: decoder round 22409, completed instructions: 20/4981, actively running or decoding instructions: 3, waiting windows: 1270/1594. Max active instruction index: 17
2024-11-06 21:28:54 | Simulation update: decoder round 22438, completed instructions: 20/4981, actively running or decoding instructions: 3, waiting windows: 1272/1596. Max active instruction index: 17
2024-11-06 21:29:04 | Simulation update: decoder round 22467, completed instructions: 20/4981, actively running or decoding instructions: 3, waiting windows: 1275/1599. Max active instruction index: 17
2024-11-06 21:29:14 | Simulation update: decoder round 22496, completed instructions: 20/4981, actively running or decoding instructions: 3, waiting windows: 1277/1602. Max active instruction index: 17
2024-11-06 21:29:25 | Simulation update: decoder round 22525, completed instructions: 20/4981, actively running or decoding instructions: 3, waiting windows: 1278/1604. Max active instruction index: 17
2024-11-06 21:29:35 | Simulation update: decoder round 22554, completed instructions: 20/4981, actively running or decoding instructions: 3, waiting windows: 1282/1608. Max active instruction index: 17
2024-11-06 21:29:45 | Simulation update: decoder round 22583, completed instructions: 20/4981, actively running or decoding instructions: 3, waiting windows: 1284/1610. Max active instruction index: 17
2024-11-06 21:29:55 | Simulation update: decoder round 22611, completed instructions: 20/4981, actively running or decoding instructions: 3, waiting windows: 1285/1612. Max active instruction index: 17
2024-11-06 21:30:05 | Simulation update: decoder round 22639, completed instructions: 20/4981, actively running or decoding instructions: 3, waiting windows: 1288/1616. Max active instruction index: 17
2024-11-06 21:30:15 | Simulation update: decoder round 22667, completed instructions: 20/4981, actively running or decoding instructions: 3, waiting windows: 1290/1618. Max active instruction index: 17
2024-11-06 21:30:25 | Simulation update: decoder round 22695, completed instructions: 20/4981, actively running or decoding instructions: 3, waiting windows: 1292/1620. Max active instruction index: 17
2024-11-06 21:30:36 | Simulation update: decoder round 22723, completed instructions: 20/4981, actively running or decoding instructions: 3, waiting windows: 1295/1624. Max active instruction index: 17
2024-11-06 21:30:46 | Simulation update: decoder round 22751, completed instructions: 20/4981, actively running or decoding instructions: 3, waiting windows: 1296/1626. Max active instruction index: 17
2024-11-06 21:30:56 | Simulation update: decoder round 22779, completed instructions: 20/4981, actively running or decoding instructions: 3, waiting windows: 1298/1628. Max active instruction index: 17
2024-11-06 21:31:06 | Simulation update: decoder round 22807, completed instructions: 20/4981, actively running or decoding instructions: 3, waiting windows: 1302/1632. Max active instruction index: 17
2024-11-06 21:31:17 | Simulation update: decoder round 22835, completed instructions: 20/4981, actively running or decoding instructions: 3, waiting windows: 1303/1634. Max active instruction index: 17
2024-11-06 21:31:27 | Simulation update: decoder round 22863, completed instructions: 20/4981, actively running or decoding instructions: 3, waiting windows: 1304/1636. Max active instruction index: 17
2024-11-06 21:31:37 | Simulation update: decoder round 22891, completed instructions: 20/4981, actively running or decoding instructions: 3, waiting windows: 1308/1640. Max active instruction index: 17
2024-11-06 21:31:47 | Simulation update: decoder round 22918, completed instructions: 20/4981, actively running or decoding instructions: 3, waiting windows: 1310/1642. Max active instruction index: 17
2024-11-06 21:31:57 | Simulation update: decoder round 22945, completed instructions: 20/4981, actively running or decoding instructions: 3, waiting windows: 1310/1644. Max active instruction index: 17
2024-11-06 21:32:07 | Simulation update: decoder round 22972, completed instructions: 20/4981, actively running or decoding instructions: 3, waiting windows: 1313/1647. Max active instruction index: 17
2024-11-06 21:32:17 | Simulation update: decoder round 22999, completed instructions: 20/4981, actively running or decoding instructions: 3, waiting windows: 1316/1650. Max active instruction index: 17
2024-11-06 21:32:28 | Simulation update: decoder round 23026, completed instructions: 20/4981, actively running or decoding instructions: 3, waiting windows: 1318/1652. Max active instruction index: 17
2024-11-06 21:32:38 | Simulation update: decoder round 23053, completed instructions: 20/4981, actively running or decoding instructions: 3, waiting windows: 1318/1654. Max active instruction index: 17
2024-11-06 21:32:48 | Simulation update: decoder round 23080, completed instructions: 20/4981, actively running or decoding instructions: 3, waiting windows: 1322/1658. Max active instruction index: 17
2024-11-06 21:32:58 | Simulation update: decoder round 23107, completed instructions: 20/4981, actively running or decoding instructions: 3, waiting windows: 1324/1660. Max active instruction index: 17
2024-11-06 21:33:08 | Simulation update: decoder round 23134, completed instructions: 20/4981, actively running or decoding instructions: 3, waiting windows: 1326/1662. Max active instruction index: 17
2024-11-06 21:33:19 | Simulation update: decoder round 23161, completed instructions: 20/4981, actively running or decoding instructions: 3, waiting windows: 1327/1665. Max active instruction index: 17
2024-11-06 21:33:29 | Simulation update: decoder round 23188, completed instructions: 20/4981, actively running or decoding instructions: 3, waiting windows: 1330/1668. Max active instruction index: 17
2024-11-06 21:33:39 | Simulation update: decoder round 23215, completed instructions: 20/4981, actively running or decoding instructions: 3, waiting windows: 1332/1670. Max active instruction index: 17
2024-11-06 21:33:49 | Simulation update: decoder round 23241, completed instructions: 20/4981, actively running or decoding instructions: 3, waiting windows: 1334/1672. Max active instruction index: 17
2024-11-06 21:33:59 | Simulation update: decoder round 23267, completed instructions: 20/4981, actively running or decoding instructions: 3, waiting windows: 1337/1676. Max active instruction index: 17
2024-11-06 21:34:10 | Simulation update: decoder round 23293, completed instructions: 20/4981, actively running or decoding instructions: 3, waiting windows: 1338/1678. Max active instruction index: 17
2024-11-06 21:34:20 | Simulation update: decoder round 23319, completed instructions: 20/4981, actively running or decoding instructions: 3, waiting windows: 1340/1680. Max active instruction index: 17
2024-11-06 21:34:30 | Simulation update: decoder round 23345, completed instructions: 20/4981, actively running or decoding instructions: 3, waiting windows: 1342/1682. Max active instruction index: 17
2024-11-06 21:34:40 | Simulation update: decoder round 23371, completed instructions: 20/4981, actively running or decoding instructions: 3, waiting windows: 1344/1685. Max active instruction index: 17
2024-11-06 21:34:50 | Simulation update: decoder round 23397, completed instructions: 20/4981, actively running or decoding instructions: 3, waiting windows: 1346/1688. Max active instruction index: 17
2024-11-06 21:35:00 | Simulation update: decoder round 23423, completed instructions: 20/4981, actively running or decoding instructions: 3, waiting windows: 1348/1690. Max active instruction index: 17
2024-11-06 21:35:11 | Simulation update: decoder round 23449, completed instructions: 20/4981, actively running or decoding instructions: 3, waiting windows: 1350/1692. Max active instruction index: 17
2024-11-06 21:35:21 | Simulation update: decoder round 23475, completed instructions: 20/4981, actively running or decoding instructions: 3, waiting windows: 1352/1695. Max active instruction index: 17
2024-11-06 21:35:31 | Simulation update: decoder round 23501, completed instructions: 20/4981, actively running or decoding instructions: 3, waiting windows: 1354/1698. Max active instruction index: 17
2024-11-06 21:35:42 | Simulation update: decoder round 23527, completed instructions: 20/4981, actively running or decoding instructions: 3, waiting windows: 1356/1700. Max active instruction index: 17
2024-11-06 21:35:52 | Simulation update: decoder round 23552, completed instructions: 20/4981, actively running or decoding instructions: 3, waiting windows: 1358/1702. Max active instruction index: 17
2024-11-06 21:36:02 | Simulation update: decoder round 23577, completed instructions: 20/4981, actively running or decoding instructions: 3, waiting windows: 1359/1704. Max active instruction index: 17
2024-11-06 21:36:12 | Simulation update: decoder round 23602, completed instructions: 20/4981, actively running or decoding instructions: 3, waiting windows: 1361/1707. Max active instruction index: 17
2024-11-06 21:36:22 | Simulation update: decoder round 23627, completed instructions: 20/4981, actively running or decoding instructions: 3, waiting windows: 1364/1710. Max active instruction index: 17
2024-11-06 21:36:32 | Simulation update: decoder round 23652, completed instructions: 20/4981, actively running or decoding instructions: 3, waiting windows: 1366/1712. Max active instruction index: 17
2024-11-06 21:36:42 | Simulation update: decoder round 23677, completed instructions: 20/4981, actively running or decoding instructions: 3, waiting windows: 1368/1714. Max active instruction index: 17
2024-11-06 21:36:52 | Simulation update: decoder round 23702, completed instructions: 20/4981, actively running or decoding instructions: 3, waiting windows: 1368/1716. Max active instruction index: 17
2024-11-06 21:37:02 | Simulation update: decoder round 23727, completed instructions: 20/4981, actively running or decoding instructions: 3, waiting windows: 1371/1719. Max active instruction index: 17
2024-11-06 21:37:12 | Simulation update: decoder round 23752, completed instructions: 20/4981, actively running or decoding instructions: 3, waiting windows: 1374/1722. Max active instruction index: 17
2024-11-06 21:37:23 | Simulation update: decoder round 23777, completed instructions: 20/4981, actively running or decoding instructions: 3, waiting windows: 1376/1724. Max active instruction index: 17
2024-11-06 21:37:33 | Simulation update: decoder round 23802, completed instructions: 20/4981, actively running or decoding instructions: 3, waiting windows: 1377/1726. Max active instruction index: 17
2024-11-06 21:37:43 | Simulation update: decoder round 23827, completed instructions: 20/4981, actively running or decoding instructions: 3, waiting windows: 1378/1728. Max active instruction index: 17
2024-11-06 21:37:54 | Simulation update: decoder round 23852, completed instructions: 20/4981, actively running or decoding instructions: 3, waiting windows: 1380/1730. Max active instruction index: 17
2024-11-06 21:38:04 | Simulation update: decoder round 23877, completed instructions: 20/4981, actively running or decoding instructions: 3, waiting windows: 1384/1734. Max active instruction index: 17
2024-11-06 21:38:14 | Simulation update: decoder round 23902, completed instructions: 20/4981, actively running or decoding instructions: 3, waiting windows: 1385/1736. Max active instruction index: 17
2024-11-06 21:38:25 | Simulation update: decoder round 23927, completed instructions: 20/4981, actively running or decoding instructions: 3, waiting windows: 1386/1738. Max active instruction index: 17
2024-11-06 21:38:35 | Simulation update: decoder round 23951, completed instructions: 20/4981, actively running or decoding instructions: 3, waiting windows: 1388/1740. Max active instruction index: 17
2024-11-06 21:38:45 | Simulation update: decoder round 23975, completed instructions: 20/4981, actively running or decoding instructions: 3, waiting windows: 1390/1742. Max active instruction index: 17
2024-11-06 21:38:55 | Simulation update: decoder round 23999, completed instructions: 20/4981, actively running or decoding instructions: 3, waiting windows: 1392/1744. Max active instruction index: 17
2024-11-06 21:39:05 | Simulation update: decoder round 24023, completed instructions: 20/4981, actively running or decoding instructions: 3, waiting windows: 1395/1748. Max active instruction index: 17
2024-11-06 21:39:15 | Simulation update: decoder round 24047, completed instructions: 20/4981, actively running or decoding instructions: 3, waiting windows: 1396/1750. Max active instruction index: 17
2024-11-06 21:39:25 | Simulation update: decoder round 24071, completed instructions: 20/4981, actively running or decoding instructions: 3, waiting windows: 1398/1752. Max active instruction index: 17
2024-11-06 21:39:35 | Simulation update: decoder round 24095, completed instructions: 20/4981, actively running or decoding instructions: 3, waiting windows: 1400/1754. Max active instruction index: 17
2024-11-06 21:39:45 | Simulation update: decoder round 24119, completed instructions: 20/4981, actively running or decoding instructions: 3, waiting windows: 1401/1756. Max active instruction index: 17
2024-11-06 21:39:56 | Simulation update: decoder round 24143, completed instructions: 20/4981, actively running or decoding instructions: 3, waiting windows: 1402/1758. Max active instruction index: 17
2024-11-06 21:40:06 | Simulation update: decoder round 24167, completed instructions: 20/4981, actively running or decoding instructions: 3, waiting windows: 1404/1760. Max active instruction index: 17
2024-11-06 21:40:16 | Simulation update: decoder round 24191, completed instructions: 20/4981, actively running or decoding instructions: 3, waiting windows: 1408/1764. Max active instruction index: 17
2024-11-06 21:40:26 | Simulation update: decoder round 24215, completed instructions: 20/4981, actively running or decoding instructions: 3, waiting windows: 1410/1766. Max active instruction index: 17
2024-11-06 21:40:37 | Simulation update: decoder round 24239, completed instructions: 20/4981, actively running or decoding instructions: 3, waiting windows: 1411/1768. Max active instruction index: 17
2024-11-06 21:40:47 | Simulation update: decoder round 24263, completed instructions: 20/4981, actively running or decoding instructions: 3, waiting windows: 1412/1770. Max active instruction index: 17
2024-11-06 21:40:57 | Simulation update: decoder round 24287, completed instructions: 20/4981, actively running or decoding instructions: 3, waiting windows: 1414/1772. Max active instruction index: 17
2024-11-06 21:41:08 | Simulation update: decoder round 24311, completed instructions: 20/4981, actively running or decoding instructions: 3, waiting windows: 1416/1774. Max active instruction index: 17
2024-11-06 21:41:18 | Simulation update: decoder round 24335, completed instructions: 20/4981, actively running or decoding instructions: 3, waiting windows: 1417/1776. Max active instruction index: 17
2024-11-06 21:41:28 | Simulation update: decoder round 24358, completed instructions: 20/4981, actively running or decoding instructions: 3, waiting windows: 1419/1779. Max active instruction index: 17
2024-11-06 21:41:38 | Simulation update: decoder round 24381, completed instructions: 20/4981, actively running or decoding instructions: 3, waiting windows: 1422/1782. Max active instruction index: 17
2024-11-06 21:41:48 | Simulation update: decoder round 24404, completed instructions: 20/4981, actively running or decoding instructions: 3, waiting windows: 1424/1784. Max active instruction index: 17
2024-11-06 21:41:59 | Simulation update: decoder round 24427, completed instructions: 20/4981, actively running or decoding instructions: 3, waiting windows: 1426/1786. Max active instruction index: 17
2024-11-06 21:42:09 | Simulation update: decoder round 24450, completed instructions: 20/4981, actively running or decoding instructions: 3, waiting windows: 1427/1788. Max active instruction index: 17
2024-11-06 21:42:19 | Simulation update: decoder round 24473, completed instructions: 20/4981, actively running or decoding instructions: 3, waiting windows: 1428/1790. Max active instruction index: 17
2024-11-06 21:42:29 | Simulation update: decoder round 24496, completed instructions: 20/4981, actively running or decoding instructions: 3, waiting windows: 1430/1792. Max active instruction index: 17
2024-11-06 21:42:39 | Simulation update: decoder round 24519, completed instructions: 20/4981, actively running or decoding instructions: 3, waiting windows: 1432/1794. Max active instruction index: 17
2024-11-06 21:42:49 | Simulation update: decoder round 24542, completed instructions: 20/4981, actively running or decoding instructions: 3, waiting windows: 1434/1796. Max active instruction index: 17
2024-11-06 21:43:00 | Simulation update: decoder round 24565, completed instructions: 20/4981, actively running or decoding instructions: 3, waiting windows: 1434/1798. Max active instruction index: 17
2024-11-06 21:43:10 | Simulation update: decoder round 24588, completed instructions: 20/4981, actively running or decoding instructions: 3, waiting windows: 1437/1801. Max active instruction index: 17
2024-11-06 21:43:20 | Simulation update: decoder round 24611, completed instructions: 20/4981, actively running or decoding instructions: 3, waiting windows: 1440/1804. Max active instruction index: 17
2024-11-06 21:43:31 | Simulation update: decoder round 24634, completed instructions: 20/4981, actively running or decoding instructions: 3, waiting windows: 1442/1806. Max active instruction index: 17
2024-11-06 21:43:41 | Simulation update: decoder round 24657, completed instructions: 20/4981, actively running or decoding instructions: 3, waiting windows: 1443/1808. Max active instruction index: 17
2024-11-06 21:43:51 | Simulation update: decoder round 24680, completed instructions: 20/4981, actively running or decoding instructions: 3, waiting windows: 1444/1810. Max active instruction index: 17
2024-11-06 21:44:02 | Simulation update: decoder round 24703, completed instructions: 20/4981, actively running or decoding instructions: 3, waiting windows: 1446/1812. Max active instruction index: 17
2024-11-06 21:44:12 | Simulation update: decoder round 24726, completed instructions: 20/4981, actively running or decoding instructions: 3, waiting windows: 1448/1814. Max active instruction index: 17
2024-11-06 21:44:23 | Simulation update: decoder round 24749, completed instructions: 20/4981, actively running or decoding instructions: 3, waiting windows: 1450/1816. Max active instruction index: 17
2024-11-06 21:44:33 | Simulation update: decoder round 24771, completed instructions: 20/4981, actively running or decoding instructions: 3, waiting windows: 1451/1818. Max active instruction index: 17
2024-11-06 21:44:43 | Simulation update: decoder round 24793, completed instructions: 20/4981, actively running or decoding instructions: 3, waiting windows: 1452/1820. Max active instruction index: 17
2024-11-06 21:44:53 | Simulation update: decoder round 24815, completed instructions: 20/4981, actively running or decoding instructions: 3, waiting windows: 1454/1822. Max active instruction index: 17
2024-11-06 21:45:03 | Simulation update: decoder round 24837, completed instructions: 20/4981, actively running or decoding instructions: 3, waiting windows: 1456/1824. Max active instruction index: 17
2024-11-06 21:45:11 | Finished simulation
2024-11-06 21:45:11 | Finished saving output. Done! Total elapsed time: 0:55:00.813878
