CONFIG 6
benchmark_file: slurm/data/20241118_215701/benchmarks/random_t_1000_200_0.lss
decoder_latency_or_dist_filename: lambda volume: volume*2.1544346900318834
distance: 21
lightweight_setting: 1
max_parallel_processes: None
missed_speculation_modifier: 1.4
poison_policy: successors
rng: 0
scheduling_method: sliding
speculation_accuracy: 0.0
speculation_latency: 1
speculation_mode: separate
2024-11-18 21:57:06 | Loading benchmark slurm/data/20241118_215701/benchmarks/random_t_1000_200_0.lss...
2024-11-18 21:57:06 | Starting simulation
Failed to get source of decoding_latency_fn: could not get source code
2024-11-18 21:57:07 | Simulation update: decoder round 1, completed instructions: 0/4997, actively running or decoding instructions: 1, waiting windows: 0/0. Max active instruction index: 0
2024-11-18 21:57:17 | Simulation update: decoder round 12432, completed instructions: 14/4997, actively running or decoding instructions: 3, waiting windows: 297/596. Max active instruction index: 12
2024-11-18 21:57:27 | Simulation update: decoder round 16554, completed instructions: 14/4997, actively running or decoding instructions: 3, waiting windows: 395/792. Max active instruction index: 12
2024-11-18 21:57:37 | Simulation update: decoder round 19882, completed instructions: 14/4997, actively running or decoding instructions: 3, waiting windows: 475/951. Max active instruction index: 12
2024-11-18 21:57:47 | Simulation update: decoder round 22932, completed instructions: 19/4997, actively running or decoding instructions: 3, waiting windows: 546/1097. Max active instruction index: 17
2024-11-18 21:57:57 | Simulation update: decoder round 25360, completed instructions: 19/4997, actively running or decoding instructions: 3, waiting windows: 605/1213. Max active instruction index: 17
2024-11-18 21:58:07 | Simulation update: decoder round 27433, completed instructions: 19/4997, actively running or decoding instructions: 3, waiting windows: 653/1311. Max active instruction index: 17
2024-11-18 21:58:17 | Simulation update: decoder round 29260, completed instructions: 19/4997, actively running or decoding instructions: 3, waiting windows: 697/1398. Max active instruction index: 17
2024-11-18 21:58:27 | Simulation update: decoder round 30905, completed instructions: 19/4997, actively running or decoding instructions: 3, waiting windows: 737/1477. Max active instruction index: 17
2024-11-18 21:58:37 | Simulation update: decoder round 32417, completed instructions: 19/4997, actively running or decoding instructions: 3, waiting windows: 773/1549. Max active instruction index: 17
2024-11-18 21:58:47 | Simulation update: decoder round 33823, completed instructions: 19/4997, actively running or decoding instructions: 3, waiting windows: 806/1616. Max active instruction index: 17
2024-11-18 21:58:57 | Simulation update: decoder round 35133, completed instructions: 19/4997, actively running or decoding instructions: 3, waiting windows: 837/1678. Max active instruction index: 17
2024-11-18 21:59:07 | Simulation update: decoder round 36365, completed instructions: 19/4997, actively running or decoding instructions: 3, waiting windows: 867/1737. Max active instruction index: 17
2024-11-18 21:59:17 | Simulation update: decoder round 37533, completed instructions: 19/4997, actively running or decoding instructions: 3, waiting windows: 894/1792. Max active instruction index: 17
2024-11-18 21:59:27 | Simulation update: decoder round 38640, completed instructions: 19/4997, actively running or decoding instructions: 3, waiting windows: 920/1845. Max active instruction index: 17
2024-11-18 21:59:37 | Simulation update: decoder round 39702, completed instructions: 19/4997, actively running or decoding instructions: 3, waiting windows: 945/1895. Max active instruction index: 17
2024-11-18 21:59:47 | Simulation update: decoder round 40704, completed instructions: 19/4997, actively running or decoding instructions: 3, waiting windows: 969/1943. Max active instruction index: 17
2024-11-18 21:59:57 | Simulation update: decoder round 41663, completed instructions: 19/4997, actively running or decoding instructions: 3, waiting windows: 992/1989. Max active instruction index: 17
2024-11-18 22:00:07 | Simulation update: decoder round 42572, completed instructions: 19/4997, actively running or decoding instructions: 3, waiting windows: 1014/2032. Max active instruction index: 17
2024-11-18 22:00:17 | Simulation update: decoder round 43435, completed instructions: 19/4997, actively running or decoding instructions: 3, waiting windows: 1034/2073. Max active instruction index: 17
2024-11-18 22:00:27 | Simulation update: decoder round 44280, completed instructions: 19/4997, actively running or decoding instructions: 3, waiting windows: 1054/2113. Max active instruction index: 17
2024-11-18 22:00:37 | Simulation update: decoder round 45108, completed instructions: 19/4997, actively running or decoding instructions: 3, waiting windows: 1074/2153. Max active instruction index: 17
2024-11-18 22:00:47 | Simulation update: decoder round 45904, completed instructions: 19/4997, actively running or decoding instructions: 3, waiting windows: 1094/2191. Max active instruction index: 17
2024-11-18 22:00:57 | Simulation update: decoder round 46695, completed instructions: 19/4997, actively running or decoding instructions: 3, waiting windows: 1112/2228. Max active instruction index: 17
2024-11-18 22:01:07 | Simulation update: decoder round 47448, completed instructions: 19/4997, actively running or decoding instructions: 3, waiting windows: 1130/2264. Max active instruction index: 17
2024-11-18 22:01:17 | Simulation update: decoder round 48194, completed instructions: 19/4997, actively running or decoding instructions: 3, waiting windows: 1148/2300. Max active instruction index: 17
2024-11-18 22:01:27 | Simulation update: decoder round 48909, completed instructions: 19/4997, actively running or decoding instructions: 3, waiting windows: 1165/2334. Max active instruction index: 17
2024-11-18 22:01:37 | Simulation update: decoder round 49621, completed instructions: 19/4997, actively running or decoding instructions: 3, waiting windows: 1182/2368. Max active instruction index: 17
2024-11-18 22:01:47 | Simulation update: decoder round 50308, completed instructions: 19/4997, actively running or decoding instructions: 3, waiting windows: 1199/2401. Max active instruction index: 17
2024-11-18 22:01:57 | Simulation update: decoder round 50980, completed instructions: 19/4997, actively running or decoding instructions: 3, waiting windows: 1215/2433. Max active instruction index: 17
2024-11-18 22:02:07 | Simulation update: decoder round 51638, completed instructions: 19/4997, actively running or decoding instructions: 3, waiting windows: 1230/2464. Max active instruction index: 17
2024-11-18 22:02:17 | Simulation update: decoder round 52288, completed instructions: 19/4997, actively running or decoding instructions: 3, waiting windows: 1246/2495. Max active instruction index: 17
2024-11-18 22:02:27 | Simulation update: decoder round 52913, completed instructions: 19/4997, actively running or decoding instructions: 3, waiting windows: 1261/2525. Max active instruction index: 17
2024-11-18 22:02:37 | Simulation update: decoder round 53547, completed instructions: 19/4997, actively running or decoding instructions: 3, waiting windows: 1276/2555. Max active instruction index: 17
2024-11-18 22:02:47 | Simulation update: decoder round 54154, completed instructions: 19/4997, actively running or decoding instructions: 3, waiting windows: 1290/2584. Max active instruction index: 17
2024-11-18 22:02:57 | Simulation update: decoder round 54756, completed instructions: 19/4997, actively running or decoding instructions: 3, waiting windows: 1304/2612. Max active instruction index: 17
2024-11-18 22:03:07 | Simulation update: decoder round 55337, completed instructions: 19/4997, actively running or decoding instructions: 3, waiting windows: 1318/2640. Max active instruction index: 17
2024-11-18 22:03:17 | Simulation update: decoder round 55925, completed instructions: 19/4997, actively running or decoding instructions: 3, waiting windows: 1332/2668. Max active instruction index: 17
2024-11-18 22:03:27 | Simulation update: decoder round 56485, completed instructions: 19/4997, actively running or decoding instructions: 3, waiting windows: 1346/2695. Max active instruction index: 17
2024-11-18 22:03:37 | Simulation update: decoder round 57045, completed instructions: 19/4997, actively running or decoding instructions: 3, waiting windows: 1358/2721. Max active instruction index: 17
2024-11-18 22:03:47 | Simulation update: decoder round 57595, completed instructions: 19/4997, actively running or decoding instructions: 3, waiting windows: 1372/2748. Max active instruction index: 17
2024-11-18 22:03:57 | Simulation update: decoder round 58142, completed instructions: 19/4997, actively running or decoding instructions: 3, waiting windows: 1385/2774. Max active instruction index: 17
2024-11-18 22:04:07 | Simulation update: decoder round 58681, completed instructions: 19/4997, actively running or decoding instructions: 3, waiting windows: 1397/2799. Max active instruction index: 17
2024-11-18 22:04:17 | Simulation update: decoder round 59215, completed instructions: 19/4997, actively running or decoding instructions: 3, waiting windows: 1411/2825. Max active instruction index: 17
2024-11-18 22:04:27 | Simulation update: decoder round 59742, completed instructions: 19/4997, actively running or decoding instructions: 3, waiting windows: 1423/2850. Max active instruction index: 17
2024-11-18 22:04:37 | Simulation update: decoder round 60261, completed instructions: 19/4997, actively running or decoding instructions: 3, waiting windows: 1435/2874. Max active instruction index: 17
2024-11-18 22:04:47 | Simulation update: decoder round 60772, completed instructions: 19/4997, actively running or decoding instructions: 3, waiting windows: 1448/2899. Max active instruction index: 17
2024-11-18 22:04:57 | Simulation update: decoder round 61276, completed instructions: 19/4997, actively running or decoding instructions: 3, waiting windows: 1460/2923. Max active instruction index: 17
2024-11-18 22:05:07 | Simulation update: decoder round 61773, completed instructions: 19/4997, actively running or decoding instructions: 3, waiting windows: 1471/2946. Max active instruction index: 17
2024-11-18 22:05:17 | Simulation update: decoder round 62264, completed instructions: 19/4997, actively running or decoding instructions: 3, waiting windows: 1483/2970. Max active instruction index: 17
2024-11-18 22:05:27 | Simulation update: decoder round 62747, completed instructions: 19/4997, actively running or decoding instructions: 3, waiting windows: 1494/2993. Max active instruction index: 17
2024-11-18 22:05:37 | Simulation update: decoder round 63219, completed instructions: 19/4997, actively running or decoding instructions: 3, waiting windows: 1505/3015. Max active instruction index: 17
2024-11-18 22:05:47 | Simulation update: decoder round 63681, completed instructions: 19/4997, actively running or decoding instructions: 3, waiting windows: 1516/3037. Max active instruction index: 17
2024-11-18 22:05:57 | Simulation update: decoder round 64141, completed instructions: 19/4997, actively running or decoding instructions: 3, waiting windows: 1527/3059. Max active instruction index: 17
2024-11-18 22:06:07 | Simulation update: decoder round 64598, completed instructions: 19/4997, actively running or decoding instructions: 3, waiting windows: 1538/3081. Max active instruction index: 17
2024-11-18 22:06:17 | Simulation update: decoder round 65049, completed instructions: 19/4997, actively running or decoding instructions: 3, waiting windows: 1549/3102. Max active instruction index: 17
2024-11-18 22:06:27 | Simulation update: decoder round 65497, completed instructions: 19/4997, actively running or decoding instructions: 3, waiting windows: 1560/3124. Max active instruction index: 17
2024-11-18 22:06:37 | Simulation update: decoder round 65940, completed instructions: 19/4997, actively running or decoding instructions: 3, waiting windows: 1570/3145. Max active instruction index: 17
2024-11-18 22:06:48 | Simulation update: decoder round 66380, completed instructions: 19/4997, actively running or decoding instructions: 3, waiting windows: 1581/3166. Max active instruction index: 17
2024-11-18 22:06:58 | Simulation update: decoder round 66815, completed instructions: 19/4997, actively running or decoding instructions: 3, waiting windows: 1592/3187. Max active instruction index: 17
2024-11-18 22:07:08 | Simulation update: decoder round 67247, completed instructions: 19/4997, actively running or decoding instructions: 3, waiting windows: 1601/3207. Max active instruction index: 17
2024-11-18 22:07:18 | Simulation update: decoder round 67674, completed instructions: 19/4997, actively running or decoding instructions: 3, waiting windows: 1611/3227. Max active instruction index: 17
2024-11-18 22:07:28 | Simulation update: decoder round 68098, completed instructions: 19/4997, actively running or decoding instructions: 3, waiting windows: 1622/3248. Max active instruction index: 17
2024-11-18 22:07:38 | Simulation update: decoder round 68518, completed instructions: 19/4997, actively running or decoding instructions: 3, waiting windows: 1632/3268. Max active instruction index: 17
2024-11-18 22:07:48 | Simulation update: decoder round 68934, completed instructions: 19/4997, actively running or decoding instructions: 3, waiting windows: 1641/3287. Max active instruction index: 17
2024-11-18 22:07:58 | Simulation update: decoder round 69342, completed instructions: 19/4997, actively running or decoding instructions: 3, waiting windows: 1651/3307. Max active instruction index: 17
2024-11-18 22:08:08 | Simulation update: decoder round 69743, completed instructions: 19/4997, actively running or decoding instructions: 3, waiting windows: 1661/3326. Max active instruction index: 17
2024-11-18 22:08:18 | Simulation update: decoder round 70139, completed instructions: 19/4997, actively running or decoding instructions: 3, waiting windows: 1670/3345. Max active instruction index: 17
2024-11-18 22:08:28 | Simulation update: decoder round 70541, completed instructions: 19/4997, actively running or decoding instructions: 3, waiting windows: 1680/3364. Max active instruction index: 17
2024-11-18 22:08:38 | Simulation update: decoder round 70950, completed instructions: 19/4997, actively running or decoding instructions: 3, waiting windows: 1689/3383. Max active instruction index: 17
2024-11-18 22:08:48 | Simulation update: decoder round 71363, completed instructions: 19/4997, actively running or decoding instructions: 3, waiting windows: 1699/3403. Max active instruction index: 17
2024-11-18 22:08:58 | Simulation update: decoder round 71783, completed instructions: 19/4997, actively running or decoding instructions: 3, waiting windows: 1709/3423. Max active instruction index: 17
2024-11-18 22:09:08 | Simulation update: decoder round 72210, completed instructions: 19/4997, actively running or decoding instructions: 3, waiting windows: 1719/3443. Max active instruction index: 17
2024-11-18 22:09:18 | Simulation update: decoder round 72627, completed instructions: 19/4997, actively running or decoding instructions: 3, waiting windows: 1729/3463. Max active instruction index: 17
2024-11-18 22:09:28 | Simulation update: decoder round 73029, completed instructions: 19/4997, actively running or decoding instructions: 3, waiting windows: 1739/3482. Max active instruction index: 17
2024-11-18 22:09:38 | Simulation update: decoder round 73418, completed instructions: 19/4997, actively running or decoding instructions: 3, waiting windows: 1748/3501. Max active instruction index: 17
2024-11-18 22:09:48 | Simulation update: decoder round 73799, completed instructions: 19/4997, actively running or decoding instructions: 3, waiting windows: 1757/3519. Max active instruction index: 17
2024-11-18 22:09:58 | Simulation update: decoder round 74170, completed instructions: 19/4997, actively running or decoding instructions: 3, waiting windows: 1767/3537. Max active instruction index: 17
2024-11-18 22:10:08 | Simulation update: decoder round 74538, completed instructions: 19/4997, actively running or decoding instructions: 3, waiting windows: 1775/3554. Max active instruction index: 17
2024-11-18 22:10:18 | Simulation update: decoder round 74898, completed instructions: 19/4997, actively running or decoding instructions: 3, waiting windows: 1783/3571. Max active instruction index: 17
2024-11-18 22:10:28 | Simulation update: decoder round 75259, completed instructions: 19/4997, actively running or decoding instructions: 3, waiting windows: 1793/3589. Max active instruction index: 17
2024-11-18 22:10:38 | Simulation update: decoder round 75616, completed instructions: 19/4997, actively running or decoding instructions: 3, waiting windows: 1801/3606. Max active instruction index: 17
2024-11-18 22:10:48 | Simulation update: decoder round 75969, completed instructions: 19/4997, actively running or decoding instructions: 3, waiting windows: 1809/3622. Max active instruction index: 17
2024-11-18 22:10:58 | Simulation update: decoder round 76321, completed instructions: 19/4997, actively running or decoding instructions: 3, waiting windows: 1817/3639. Max active instruction index: 17
2024-11-18 22:11:08 | Simulation update: decoder round 76669, completed instructions: 19/4997, actively running or decoding instructions: 3, waiting windows: 1826/3656. Max active instruction index: 17
2024-11-18 22:11:18 | Simulation update: decoder round 77016, completed instructions: 19/4997, actively running or decoding instructions: 3, waiting windows: 1834/3672. Max active instruction index: 17
2024-11-18 22:11:28 | Simulation update: decoder round 77359, completed instructions: 19/4997, actively running or decoding instructions: 3, waiting windows: 1843/3689. Max active instruction index: 17
2024-11-18 22:11:38 | Simulation update: decoder round 77700, completed instructions: 19/4997, actively running or decoding instructions: 3, waiting windows: 1850/3705. Max active instruction index: 17
2024-11-18 22:11:48 | Simulation update: decoder round 78038, completed instructions: 19/4997, actively running or decoding instructions: 3, waiting windows: 1858/3721. Max active instruction index: 17
2024-11-18 22:11:58 | Simulation update: decoder round 78374, completed instructions: 19/4997, actively running or decoding instructions: 3, waiting windows: 1866/3737. Max active instruction index: 17
2024-11-18 22:12:08 | Simulation update: decoder round 78706, completed instructions: 19/4997, actively running or decoding instructions: 3, waiting windows: 1875/3753. Max active instruction index: 17
2024-11-18 22:12:18 | Simulation update: decoder round 79037, completed instructions: 19/4997, actively running or decoding instructions: 3, waiting windows: 1883/3769. Max active instruction index: 17
2024-11-18 22:12:28 | Simulation update: decoder round 79366, completed instructions: 19/4997, actively running or decoding instructions: 3, waiting windows: 1890/3784. Max active instruction index: 17
2024-11-18 22:12:38 | Simulation update: decoder round 79693, completed instructions: 19/4997, actively running or decoding instructions: 3, waiting windows: 1898/3800. Max active instruction index: 17
2024-11-18 22:12:48 | Simulation update: decoder round 80017, completed instructions: 19/4997, actively running or decoding instructions: 3, waiting windows: 1905/3815. Max active instruction index: 17
2024-11-18 22:12:59 | Simulation update: decoder round 80339, completed instructions: 19/4997, actively running or decoding instructions: 3, waiting windows: 1914/3831. Max active instruction index: 17
2024-11-18 22:13:09 | Simulation update: decoder round 80659, completed instructions: 19/4997, actively running or decoding instructions: 3, waiting windows: 1921/3846. Max active instruction index: 17
2024-11-18 22:13:19 | Simulation update: decoder round 80974, completed instructions: 19/4997, actively running or decoding instructions: 3, waiting windows: 1929/3861. Max active instruction index: 17
2024-11-18 22:13:29 | Simulation update: decoder round 81289, completed instructions: 19/4997, actively running or decoding instructions: 3, waiting windows: 1936/3876. Max active instruction index: 17
2024-11-18 22:13:39 | Simulation update: decoder round 81604, completed instructions: 19/4997, actively running or decoding instructions: 3, waiting windows: 1944/3891. Max active instruction index: 17
2024-11-18 22:13:49 | Simulation update: decoder round 81916, completed instructions: 19/4997, actively running or decoding instructions: 3, waiting windows: 1951/3906. Max active instruction index: 17
2024-11-18 22:13:59 | Simulation update: decoder round 82224, completed instructions: 19/4997, actively running or decoding instructions: 3, waiting windows: 1958/3920. Max active instruction index: 17
2024-11-18 22:14:09 | Simulation update: decoder round 82530, completed instructions: 19/4997, actively running or decoding instructions: 3, waiting windows: 1965/3935. Max active instruction index: 17
2024-11-18 22:14:19 | Simulation update: decoder round 82834, completed instructions: 19/4997, actively running or decoding instructions: 3, waiting windows: 1972/3949. Max active instruction index: 17
2024-11-18 22:14:29 | Simulation update: decoder round 83137, completed instructions: 19/4997, actively running or decoding instructions: 3, waiting windows: 1980/3964. Max active instruction index: 17
2024-11-18 22:14:39 | Simulation update: decoder round 83438, completed instructions: 19/4997, actively running or decoding instructions: 3, waiting windows: 1987/3978. Max active instruction index: 17
2024-11-18 22:14:49 | Simulation update: decoder round 83737, completed instructions: 19/4997, actively running or decoding instructions: 3, waiting windows: 1994/3992. Max active instruction index: 17
2024-11-18 22:14:59 | Simulation update: decoder round 84033, completed instructions: 19/4997, actively running or decoding instructions: 3, waiting windows: 2001/4006. Max active instruction index: 17
2024-11-18 22:15:09 | Simulation update: decoder round 84329, completed instructions: 19/4997, actively running or decoding instructions: 3, waiting windows: 2009/4021. Max active instruction index: 17
2024-11-18 22:15:19 | Simulation update: decoder round 84625, completed instructions: 19/4997, actively running or decoding instructions: 3, waiting windows: 2016/4035. Max active instruction index: 17
2024-11-18 22:15:29 | Simulation update: decoder round 84915, completed instructions: 19/4997, actively running or decoding instructions: 3, waiting windows: 2022/4048. Max active instruction index: 17
2024-11-18 22:15:39 | Simulation update: decoder round 85209, completed instructions: 19/4997, actively running or decoding instructions: 3, waiting windows: 2029/4062. Max active instruction index: 17
2024-11-18 22:15:49 | Simulation update: decoder round 85503, completed instructions: 19/4997, actively running or decoding instructions: 3, waiting windows: 2036/4076. Max active instruction index: 17
2024-11-18 22:15:59 | Simulation update: decoder round 85802, completed instructions: 19/4997, actively running or decoding instructions: 3, waiting windows: 2044/4091. Max active instruction index: 17
2024-11-18 22:16:09 | Simulation update: decoder round 86098, completed instructions: 19/4997, actively running or decoding instructions: 3, waiting windows: 2051/4105. Max active instruction index: 17
2024-11-18 22:16:19 | Simulation update: decoder round 86403, completed instructions: 19/4997, actively running or decoding instructions: 3, waiting windows: 2057/4119. Max active instruction index: 17
2024-11-18 22:16:29 | Simulation update: decoder round 86704, completed instructions: 19/4997, actively running or decoding instructions: 3, waiting windows: 2065/4134. Max active instruction index: 17
2024-11-18 22:16:39 | Simulation update: decoder round 87001, completed instructions: 19/4997, actively running or decoding instructions: 3, waiting windows: 2072/4148. Max active instruction index: 17
2024-11-18 22:16:49 | Simulation update: decoder round 87306, completed instructions: 19/4997, actively running or decoding instructions: 3, waiting windows: 2079/4162. Max active instruction index: 17
2024-11-18 22:16:59 | Simulation update: decoder round 87615, completed instructions: 22/4997, actively running or decoding instructions: 2, waiting windows: 2087/4178. Max active instruction index: 22
2024-11-18 22:17:09 | Simulation update: decoder round 87923, completed instructions: 25/4997, actively running or decoding instructions: 3, waiting windows: 2103/4207. Max active instruction index: 22
2024-11-18 22:17:19 | Simulation update: decoder round 88230, completed instructions: 25/4997, actively running or decoding instructions: 3, waiting windows: 2116/4235. Max active instruction index: 22
2024-11-18 22:17:29 | Simulation update: decoder round 88534, completed instructions: 25/4997, actively running or decoding instructions: 3, waiting windows: 2132/4265. Max active instruction index: 22
2024-11-18 22:17:40 | Simulation update: decoder round 88839, completed instructions: 25/4997, actively running or decoding instructions: 3, waiting windows: 2145/4293. Max active instruction index: 22
2024-11-18 22:17:50 | Simulation update: decoder round 89140, completed instructions: 25/4997, actively running or decoding instructions: 3, waiting windows: 2161/4323. Max active instruction index: 22
2024-11-18 22:18:00 | Simulation update: decoder round 89437, completed instructions: 25/4997, actively running or decoding instructions: 3, waiting windows: 2175/4351. Max active instruction index: 22
2024-11-18 22:18:10 | Simulation update: decoder round 89731, completed instructions: 25/4997, actively running or decoding instructions: 3, waiting windows: 2189/4379. Max active instruction index: 22
2024-11-18 22:18:20 | Simulation update: decoder round 90025, completed instructions: 25/4997, actively running or decoding instructions: 3, waiting windows: 2203/4407. Max active instruction index: 22
2024-11-18 22:18:30 | Simulation update: decoder round 90316, completed instructions: 25/4997, actively running or decoding instructions: 3, waiting windows: 2217/4435. Max active instruction index: 22
2024-11-18 22:18:40 | Simulation update: decoder round 90606, completed instructions: 25/4997, actively running or decoding instructions: 3, waiting windows: 2229/4461. Max active instruction index: 22
2024-11-18 22:18:50 | Simulation update: decoder round 90893, completed instructions: 25/4997, actively running or decoding instructions: 3, waiting windows: 2243/4489. Max active instruction index: 22
2024-11-18 22:19:00 | Simulation update: decoder round 91178, completed instructions: 25/4997, actively running or decoding instructions: 3, waiting windows: 2258/4517. Max active instruction index: 22
2024-11-18 22:19:10 | Simulation update: decoder round 91460, completed instructions: 25/4997, actively running or decoding instructions: 3, waiting windows: 2270/4543. Max active instruction index: 22
2024-11-18 22:19:20 | Simulation update: decoder round 91740, completed instructions: 25/4997, actively running or decoding instructions: 3, waiting windows: 2283/4569. Max active instruction index: 22
2024-11-18 22:19:30 | Simulation update: decoder round 92020, completed instructions: 25/4997, actively running or decoding instructions: 3, waiting windows: 2298/4597. Max active instruction index: 22
2024-11-18 22:19:40 | Simulation update: decoder round 92297, completed instructions: 25/4997, actively running or decoding instructions: 3, waiting windows: 2310/4623. Max active instruction index: 22
2024-11-18 22:19:50 | Simulation update: decoder round 92573, completed instructions: 25/4997, actively running or decoding instructions: 3, waiting windows: 2323/4649. Max active instruction index: 22
2024-11-18 22:20:00 | Simulation update: decoder round 92846, completed instructions: 25/4997, actively running or decoding instructions: 3, waiting windows: 2336/4675. Max active instruction index: 22
2024-11-18 22:20:10 | Simulation update: decoder round 93119, completed instructions: 25/4997, actively running or decoding instructions: 3, waiting windows: 2349/4701. Max active instruction index: 22
2024-11-18 22:20:20 | Simulation update: decoder round 93389, completed instructions: 25/4997, actively running or decoding instructions: 3, waiting windows: 2362/4727. Max active instruction index: 22
2024-11-18 22:20:30 | Simulation update: decoder round 93656, completed instructions: 25/4997, actively running or decoding instructions: 3, waiting windows: 2376/4753. Max active instruction index: 22
2024-11-18 22:20:40 | Simulation update: decoder round 93921, completed instructions: 25/4997, actively running or decoding instructions: 3, waiting windows: 2387/4777. Max active instruction index: 22
2024-11-18 22:20:50 | Simulation update: decoder round 94183, completed instructions: 25/4997, actively running or decoding instructions: 3, waiting windows: 2401/4803. Max active instruction index: 22
2024-11-18 22:21:00 | Simulation update: decoder round 94446, completed instructions: 25/4997, actively running or decoding instructions: 3, waiting windows: 2412/4827. Max active instruction index: 22
2024-11-18 22:21:10 | Simulation update: decoder round 94708, completed instructions: 25/4997, actively running or decoding instructions: 3, waiting windows: 2426/4853. Max active instruction index: 22
2024-11-18 22:21:20 | Simulation update: decoder round 94968, completed instructions: 25/4997, actively running or decoding instructions: 3, waiting windows: 2437/4877. Max active instruction index: 22
2024-11-18 22:21:31 | Simulation update: decoder round 95226, completed instructions: 25/4997, actively running or decoding instructions: 3, waiting windows: 2449/4901. Max active instruction index: 22
2024-11-18 22:21:41 | Simulation update: decoder round 95483, completed instructions: 25/4997, actively running or decoding instructions: 3, waiting windows: 2463/4927. Max active instruction index: 22
2024-11-18 22:21:51 | Simulation update: decoder round 95737, completed instructions: 25/4997, actively running or decoding instructions: 3, waiting windows: 2475/4951. Max active instruction index: 22
2024-11-18 22:22:01 | Simulation update: decoder round 95993, completed instructions: 25/4997, actively running or decoding instructions: 3, waiting windows: 2486/4975. Max active instruction index: 22
2024-11-18 22:22:11 | Simulation update: decoder round 96245, completed instructions: 25/4997, actively running or decoding instructions: 3, waiting windows: 2498/4999. Max active instruction index: 22
2024-11-18 22:22:21 | Simulation update: decoder round 96493, completed instructions: 25/4997, actively running or decoding instructions: 3, waiting windows: 2511/5023. Max active instruction index: 22
2024-11-18 22:22:31 | Simulation update: decoder round 96744, completed instructions: 25/4997, actively running or decoding instructions: 3, waiting windows: 2523/5047. Max active instruction index: 22
2024-11-18 22:22:41 | Simulation update: decoder round 96990, completed instructions: 25/4997, actively running or decoding instructions: 3, waiting windows: 2533/5069. Max active instruction index: 22
2024-11-18 22:22:51 | Simulation update: decoder round 97239, completed instructions: 25/4997, actively running or decoding instructions: 3, waiting windows: 2545/5093. Max active instruction index: 22
2024-11-18 22:23:01 | Simulation update: decoder round 97484, completed instructions: 25/4997, actively running or decoding instructions: 3, waiting windows: 2557/5117. Max active instruction index: 22
2024-11-18 22:23:11 | Simulation update: decoder round 97729, completed instructions: 25/4997, actively running or decoding instructions: 3, waiting windows: 2570/5141. Max active instruction index: 22
2024-11-18 22:23:21 | Simulation update: decoder round 97970, completed instructions: 25/4997, actively running or decoding instructions: 3, waiting windows: 2580/5163. Max active instruction index: 22
2024-11-18 22:23:31 | Simulation update: decoder round 98213, completed instructions: 25/4997, actively running or decoding instructions: 3, waiting windows: 2593/5187. Max active instruction index: 22
2024-11-18 22:23:41 | Simulation update: decoder round 98453, completed instructions: 25/4997, actively running or decoding instructions: 3, waiting windows: 2603/5209. Max active instruction index: 22
2024-11-18 22:23:51 | Simulation update: decoder round 98691, completed instructions: 25/4997, actively running or decoding instructions: 3, waiting windows: 2614/5231. Max active instruction index: 22
2024-11-18 22:24:01 | Simulation update: decoder round 98929, completed instructions: 25/4997, actively running or decoding instructions: 3, waiting windows: 2627/5255. Max active instruction index: 22
2024-11-18 22:24:11 | Simulation update: decoder round 99167, completed instructions: 25/4997, actively running or decoding instructions: 3, waiting windows: 2637/5277. Max active instruction index: 22
2024-11-18 22:24:21 | Simulation update: decoder round 99403, completed instructions: 25/4997, actively running or decoding instructions: 3, waiting windows: 2648/5299. Max active instruction index: 22
2024-11-18 22:24:31 | Simulation update: decoder round 99636, completed instructions: 25/4997, actively running or decoding instructions: 3, waiting windows: 2659/5321. Max active instruction index: 22
2024-11-18 22:24:42 | Simulation update: decoder round 99871, completed instructions: 25/4997, actively running or decoding instructions: 3, waiting windows: 2672/5345. Max active instruction index: 22
2024-11-18 22:24:52 | Simulation update: decoder round 100102, completed instructions: 25/4997, actively running or decoding instructions: 3, waiting windows: 2683/5367. Max active instruction index: 22
2024-11-18 22:25:02 | Simulation update: decoder round 100329, completed instructions: 25/4997, actively running or decoding instructions: 3, waiting windows: 2692/5387. Max active instruction index: 22
2024-11-18 22:25:12 | Simulation update: decoder round 100560, completed instructions: 25/4997, actively running or decoding instructions: 3, waiting windows: 2703/5409. Max active instruction index: 22
2024-11-18 22:25:22 | Simulation update: decoder round 100789, completed instructions: 25/4997, actively running or decoding instructions: 3, waiting windows: 2714/5431. Max active instruction index: 22
2024-11-18 22:25:32 | Simulation update: decoder round 101015, completed instructions: 25/4997, actively running or decoding instructions: 3, waiting windows: 2725/5453. Max active instruction index: 22
2024-11-18 22:25:42 | Simulation update: decoder round 101239, completed instructions: 25/4997, actively running or decoding instructions: 3, waiting windows: 2737/5475. Max active instruction index: 22
2024-11-18 22:25:52 | Simulation update: decoder round 101463, completed instructions: 25/4997, actively running or decoding instructions: 3, waiting windows: 2746/5495. Max active instruction index: 22
2024-11-18 22:26:02 | Simulation update: decoder round 101687, completed instructions: 25/4997, actively running or decoding instructions: 3, waiting windows: 2757/5517. Max active instruction index: 22
2024-11-18 22:26:12 | Simulation update: decoder round 101908, completed instructions: 25/4997, actively running or decoding instructions: 3, waiting windows: 2769/5539. Max active instruction index: 22
2024-11-18 22:26:22 | Simulation update: decoder round 102124, completed instructions: 25/4997, actively running or decoding instructions: 3, waiting windows: 2779/5559. Max active instruction index: 22
2024-11-18 22:26:32 | Simulation update: decoder round 102336, completed instructions: 25/4997, actively running or decoding instructions: 3, waiting windows: 2788/5579. Max active instruction index: 22
2024-11-18 22:26:42 | Simulation update: decoder round 102548, completed instructions: 25/4997, actively running or decoding instructions: 3, waiting windows: 2798/5599. Max active instruction index: 22
2024-11-18 22:26:52 | Simulation update: decoder round 102762, completed instructions: 25/4997, actively running or decoding instructions: 3, waiting windows: 2808/5619. Max active instruction index: 22
2024-11-18 22:27:02 | Simulation update: decoder round 102968, completed instructions: 25/4997, actively running or decoding instructions: 3, waiting windows: 2818/5639. Max active instruction index: 22
2024-11-18 22:27:12 | Simulation update: decoder round 103178, completed instructions: 25/4997, actively running or decoding instructions: 3, waiting windows: 2828/5659. Max active instruction index: 22
2024-11-18 22:27:22 | Simulation update: decoder round 103392, completed instructions: 25/4997, actively running or decoding instructions: 3, waiting windows: 2838/5679. Max active instruction index: 22
2024-11-18 22:27:32 | Simulation update: decoder round 103596, completed instructions: 25/4997, actively running or decoding instructions: 3, waiting windows: 2848/5699. Max active instruction index: 22
2024-11-18 22:27:42 | Simulation update: decoder round 103805, completed instructions: 25/4997, actively running or decoding instructions: 3, waiting windows: 2858/5719. Max active instruction index: 22
2024-11-18 22:27:52 | Simulation update: decoder round 104011, completed instructions: 25/4997, actively running or decoding instructions: 3, waiting windows: 2869/5739. Max active instruction index: 22
2024-11-18 22:28:03 | Simulation update: decoder round 104214, completed instructions: 25/4997, actively running or decoding instructions: 3, waiting windows: 2877/5757. Max active instruction index: 22
2024-11-18 22:28:13 | Simulation update: decoder round 104417, completed instructions: 25/4997, actively running or decoding instructions: 3, waiting windows: 2887/5777. Max active instruction index: 22
2024-11-18 22:28:23 | Simulation update: decoder round 104618, completed instructions: 25/4997, actively running or decoding instructions: 3, waiting windows: 2898/5797. Max active instruction index: 22
2024-11-18 22:28:33 | Simulation update: decoder round 104813, completed instructions: 25/4997, actively running or decoding instructions: 3, waiting windows: 2906/5815. Max active instruction index: 22
2024-11-18 22:28:43 | Simulation update: decoder round 104995, completed instructions: 25/4997, actively running or decoding instructions: 3, waiting windows: 2916/5833. Max active instruction index: 22
2024-11-18 22:28:53 | Simulation update: decoder round 105173, completed instructions: 25/4997, actively running or decoding instructions: 3, waiting windows: 2923/5849. Max active instruction index: 22
2024-11-18 22:29:03 | Simulation update: decoder round 105353, completed instructions: 25/4997, actively running or decoding instructions: 3, waiting windows: 2933/5867. Max active instruction index: 22
2024-11-18 22:29:13 | Simulation update: decoder round 105528, completed instructions: 25/4997, actively running or decoding instructions: 3, waiting windows: 2940/5883. Max active instruction index: 22
2024-11-18 22:29:23 | Simulation update: decoder round 105705, completed instructions: 25/4997, actively running or decoding instructions: 3, waiting windows: 2948/5899. Max active instruction index: 22
2024-11-18 22:29:33 | Simulation update: decoder round 105882, completed instructions: 25/4997, actively running or decoding instructions: 3, waiting windows: 2958/5917. Max active instruction index: 22
2024-11-18 22:29:43 | Simulation update: decoder round 106074, completed instructions: 25/4997, actively running or decoding instructions: 3, waiting windows: 2966/5935. Max active instruction index: 22
2024-11-18 22:29:53 | Simulation update: decoder round 106272, completed instructions: 25/4997, actively running or decoding instructions: 3, waiting windows: 2975/5953. Max active instruction index: 22
2024-11-18 22:30:03 | Simulation update: decoder round 106473, completed instructions: 25/4997, actively running or decoding instructions: 3, waiting windows: 2985/5973. Max active instruction index: 22
2024-11-18 22:30:13 | Simulation update: decoder round 106671, completed instructions: 25/4997, actively running or decoding instructions: 3, waiting windows: 2994/5991. Max active instruction index: 22
2024-11-18 22:30:23 | Simulation update: decoder round 106871, completed instructions: 25/4997, actively running or decoding instructions: 3, waiting windows: 3004/6011. Max active instruction index: 22
2024-11-18 22:30:33 | Simulation update: decoder round 107066, completed instructions: 25/4997, actively running or decoding instructions: 3, waiting windows: 3013/6029. Max active instruction index: 22
2024-11-18 22:30:43 | Simulation update: decoder round 107259, completed instructions: 25/4997, actively running or decoding instructions: 3, waiting windows: 3022/6047. Max active instruction index: 22
2024-11-18 22:30:53 | Simulation update: decoder round 107455, completed instructions: 25/4997, actively running or decoding instructions: 3, waiting windows: 3033/6067. Max active instruction index: 22
2024-11-18 22:31:03 | Simulation update: decoder round 107651, completed instructions: 25/4997, actively running or decoding instructions: 3, waiting windows: 3041/6085. Max active instruction index: 22
2024-11-18 22:31:13 | Simulation update: decoder round 107845, completed instructions: 25/4997, actively running or decoding instructions: 3, waiting windows: 3050/6103. Max active instruction index: 22
2024-11-18 22:31:23 | Simulation update: decoder round 108033, completed instructions: 25/4997, actively running or decoding instructions: 3, waiting windows: 3059/6121. Max active instruction index: 22
2024-11-18 22:31:33 | Simulation update: decoder round 108218, completed instructions: 25/4997, actively running or decoding instructions: 3, waiting windows: 3068/6139. Max active instruction index: 22
2024-11-18 22:31:44 | Simulation update: decoder round 108411, completed instructions: 25/4997, actively running or decoding instructions: 3, waiting windows: 3077/6157. Max active instruction index: 22
2024-11-18 22:31:54 | Simulation update: decoder round 108596, completed instructions: 25/4997, actively running or decoding instructions: 3, waiting windows: 3086/6175. Max active instruction index: 22
2024-11-18 22:32:04 | Simulation update: decoder round 108785, completed instructions: 25/4997, actively running or decoding instructions: 3, waiting windows: 3095/6193. Max active instruction index: 22
2024-11-18 22:32:14 | Simulation update: decoder round 108974, completed instructions: 25/4997, actively running or decoding instructions: 3, waiting windows: 3104/6211. Max active instruction index: 22
2024-11-18 22:32:24 | Simulation update: decoder round 109160, completed instructions: 25/4997, actively running or decoding instructions: 3, waiting windows: 3113/6229. Max active instruction index: 22
2024-11-18 22:32:34 | Simulation update: decoder round 109342, completed instructions: 25/4997, actively running or decoding instructions: 3, waiting windows: 3123/6247. Max active instruction index: 22
2024-11-18 22:32:44 | Simulation update: decoder round 109523, completed instructions: 25/4997, actively running or decoding instructions: 3, waiting windows: 3130/6263. Max active instruction index: 22
2024-11-18 22:32:54 | Simulation update: decoder round 109702, completed instructions: 25/4997, actively running or decoding instructions: 3, waiting windows: 3140/6281. Max active instruction index: 22
2024-11-18 22:33:04 | Simulation update: decoder round 109867, completed instructions: 25/4997, actively running or decoding instructions: 3, waiting windows: 3148/6297. Max active instruction index: 22
2024-11-18 22:33:14 | Simulation update: decoder round 110031, completed instructions: 25/4997, actively running or decoding instructions: 3, waiting windows: 3154/6311. Max active instruction index: 22
2024-11-18 22:33:24 | Simulation update: decoder round 110192, completed instructions: 25/4997, actively running or decoding instructions: 3, waiting windows: 3162/6327. Max active instruction index: 22
2024-11-18 22:33:35 | Simulation update: decoder round 110353, completed instructions: 25/4997, actively running or decoding instructions: 3, waiting windows: 3171/6343. Max active instruction index: 22
2024-11-18 22:33:45 | Simulation update: decoder round 110512, completed instructions: 25/4997, actively running or decoding instructions: 3, waiting windows: 3177/6357. Max active instruction index: 22
2024-11-18 22:33:55 | Simulation update: decoder round 110673, completed instructions: 25/4997, actively running or decoding instructions: 3, waiting windows: 3185/6373. Max active instruction index: 22
2024-11-18 22:34:05 | Simulation update: decoder round 110843, completed instructions: 25/4997, actively running or decoding instructions: 3, waiting windows: 3193/6389. Max active instruction index: 22
2024-11-18 22:34:15 | Simulation update: decoder round 111025, completed instructions: 25/4997, actively running or decoding instructions: 3, waiting windows: 3203/6407. Max active instruction index: 22
2024-11-18 22:34:25 | Simulation update: decoder round 111207, completed instructions: 25/4997, actively running or decoding instructions: 3, waiting windows: 3210/6423. Max active instruction index: 22
2024-11-18 22:34:35 | Simulation update: decoder round 111389, completed instructions: 25/4997, actively running or decoding instructions: 3, waiting windows: 3219/6441. Max active instruction index: 22
2024-11-18 22:34:45 | Simulation update: decoder round 111571, completed instructions: 25/4997, actively running or decoding instructions: 3, waiting windows: 3229/6459. Max active instruction index: 22
2024-11-18 22:34:55 | Simulation update: decoder round 111752, completed instructions: 25/4997, actively running or decoding instructions: 3, waiting windows: 3236/6475. Max active instruction index: 22
2024-11-18 22:35:05 | Simulation update: decoder round 111926, completed instructions: 25/4997, actively running or decoding instructions: 3, waiting windows: 3246/6493. Max active instruction index: 22
2024-11-18 22:35:15 | Simulation update: decoder round 112100, completed instructions: 25/4997, actively running or decoding instructions: 3, waiting windows: 3253/6509. Max active instruction index: 22
2024-11-18 22:35:25 | Simulation update: decoder round 112275, completed instructions: 25/4997, actively running or decoding instructions: 3, waiting windows: 3261/6525. Max active instruction index: 22
2024-11-18 22:35:35 | Simulation update: decoder round 112443, completed instructions: 25/4997, actively running or decoding instructions: 3, waiting windows: 3269/6541. Max active instruction index: 22
2024-11-18 22:35:46 | Simulation update: decoder round 112607, completed instructions: 25/4997, actively running or decoding instructions: 3, waiting windows: 3277/6557. Max active instruction index: 22
2024-11-18 22:35:56 | Simulation update: decoder round 112768, completed instructions: 25/4997, actively running or decoding instructions: 3, waiting windows: 3286/6573. Max active instruction index: 22
2024-11-18 22:36:06 | Simulation update: decoder round 112929, completed instructions: 25/4997, actively running or decoding instructions: 3, waiting windows: 3292/6587. Max active instruction index: 22
2024-11-18 22:36:16 | Simulation update: decoder round 113100, completed instructions: 25/4997, actively running or decoding instructions: 3, waiting windows: 3301/6604. Max active instruction index: 22
2024-11-18 22:36:26 | Simulation update: decoder round 113271, completed instructions: 25/4997, actively running or decoding instructions: 3, waiting windows: 3310/6621. Max active instruction index: 22
2024-11-18 22:36:36 | Simulation update: decoder round 113440, completed instructions: 25/4997, actively running or decoding instructions: 3, waiting windows: 3318/6637. Max active instruction index: 22
2024-11-18 22:36:46 | Simulation update: decoder round 113608, completed instructions: 25/4997, actively running or decoding instructions: 3, waiting windows: 3326/6653. Max active instruction index: 22
2024-11-18 22:36:56 | Simulation update: decoder round 113774, completed instructions: 25/4997, actively running or decoding instructions: 3, waiting windows: 3334/6669. Max active instruction index: 22
2024-11-18 22:37:06 | Simulation update: decoder round 113937, completed instructions: 25/4997, actively running or decoding instructions: 3, waiting windows: 3340/6683. Max active instruction index: 22
2024-11-18 22:37:16 | Simulation update: decoder round 114102, completed instructions: 25/4997, actively running or decoding instructions: 3, waiting windows: 3348/6699. Max active instruction index: 22
2024-11-18 22:37:26 | Simulation update: decoder round 114264, completed instructions: 25/4997, actively running or decoding instructions: 3, waiting windows: 3356/6715. Max active instruction index: 22
2024-11-18 22:37:36 | Simulation update: decoder round 114425, completed instructions: 25/4997, actively running or decoding instructions: 3, waiting windows: 3365/6731. Max active instruction index: 22
2024-11-18 22:37:46 | Simulation update: decoder round 114588, completed instructions: 25/4997, actively running or decoding instructions: 3, waiting windows: 3371/6745. Max active instruction index: 22
2024-11-18 22:37:56 | Simulation update: decoder round 114756, completed instructions: 25/4997, actively running or decoding instructions: 3, waiting windows: 3379/6761. Max active instruction index: 22
2024-11-18 22:38:07 | Simulation update: decoder round 114924, completed instructions: 25/4997, actively running or decoding instructions: 3, waiting windows: 3387/6777. Max active instruction index: 22
2024-11-18 22:38:17 | Simulation update: decoder round 115091, completed instructions: 25/4997, actively running or decoding instructions: 3, waiting windows: 3395/6793. Max active instruction index: 22
2024-11-18 22:38:27 | Simulation update: decoder round 115253, completed instructions: 25/4997, actively running or decoding instructions: 3, waiting windows: 3403/6809. Max active instruction index: 22
2024-11-18 22:38:37 | Simulation update: decoder round 115414, completed instructions: 25/4997, actively running or decoding instructions: 3, waiting windows: 3412/6825. Max active instruction index: 22
2024-11-18 22:38:47 | Simulation update: decoder round 115572, completed instructions: 25/4997, actively running or decoding instructions: 3, waiting windows: 3418/6839. Max active instruction index: 22
2024-11-18 22:38:57 | Simulation update: decoder round 115736, completed instructions: 25/4997, actively running or decoding instructions: 3, waiting windows: 3426/6855. Max active instruction index: 22
2024-11-18 22:39:07 | Simulation update: decoder round 115901, completed instructions: 25/4997, actively running or decoding instructions: 3, waiting windows: 3434/6871. Max active instruction index: 22
2024-11-18 22:39:17 | Simulation update: decoder round 116065, completed instructions: 25/4997, actively running or decoding instructions: 3, waiting windows: 3443/6887. Max active instruction index: 22
2024-11-18 22:39:27 | Simulation update: decoder round 116230, completed instructions: 25/4997, actively running or decoding instructions: 3, waiting windows: 3451/6903. Max active instruction index: 22
2024-11-18 22:39:37 | Simulation update: decoder round 116393, completed instructions: 25/4997, actively running or decoding instructions: 3, waiting windows: 3457/6917. Max active instruction index: 22
2024-11-18 22:39:47 | Simulation update: decoder round 116548, completed instructions: 25/4997, actively running or decoding instructions: 3, waiting windows: 3466/6933. Max active instruction index: 22
2024-11-18 22:39:57 | Simulation update: decoder round 116706, completed instructions: 25/4997, actively running or decoding instructions: 3, waiting windows: 3472/6947. Max active instruction index: 22
2024-11-18 22:40:07 | Simulation update: decoder round 116860, completed instructions: 25/4997, actively running or decoding instructions: 3, waiting windows: 3481/6963. Max active instruction index: 22
2024-11-18 22:40:17 | Simulation update: decoder round 117014, completed instructions: 25/4997, actively running or decoding instructions: 3, waiting windows: 3487/6977. Max active instruction index: 22
2024-11-18 22:40:28 | Simulation update: decoder round 117168, completed instructions: 25/4997, actively running or decoding instructions: 3, waiting windows: 3494/6991. Max active instruction index: 22
2024-11-18 22:40:38 | Simulation update: decoder round 117322, completed instructions: 25/4997, actively running or decoding instructions: 3, waiting windows: 3503/7007. Max active instruction index: 22
2024-11-18 22:40:48 | Simulation update: decoder round 117479, completed instructions: 25/4997, actively running or decoding instructions: 3, waiting windows: 3509/7021. Max active instruction index: 22
2024-11-18 22:40:58 | Simulation update: decoder round 117638, completed instructions: 25/4997, actively running or decoding instructions: 3, waiting windows: 3518/7037. Max active instruction index: 22
2024-11-18 22:41:08 | Simulation update: decoder round 117794, completed instructions: 25/4997, actively running or decoding instructions: 3, waiting windows: 3524/7051. Max active instruction index: 22
2024-11-18 22:41:18 | Simulation update: decoder round 117952, completed instructions: 25/4997, actively running or decoding instructions: 3, waiting windows: 3533/7067. Max active instruction index: 22
2024-11-18 22:41:28 | Simulation update: decoder round 118109, completed instructions: 25/4997, actively running or decoding instructions: 3, waiting windows: 3539/7081. Max active instruction index: 22
2024-11-18 22:41:38 | Simulation update: decoder round 118263, completed instructions: 25/4997, actively running or decoding instructions: 3, waiting windows: 3546/7095. Max active instruction index: 22
2024-11-18 22:41:48 | Simulation update: decoder round 118416, completed instructions: 25/4997, actively running or decoding instructions: 3, waiting windows: 3555/7111. Max active instruction index: 22
2024-11-18 22:41:58 | Simulation update: decoder round 118565, completed instructions: 25/4997, actively running or decoding instructions: 3, waiting windows: 3562/7125. Max active instruction index: 22
2024-11-18 22:42:08 | Simulation update: decoder round 118715, completed instructions: 25/4997, actively running or decoding instructions: 3, waiting windows: 3568/7139. Max active instruction index: 22
2024-11-18 22:42:18 | Simulation update: decoder round 118865, completed instructions: 25/4997, actively running or decoding instructions: 3, waiting windows: 3575/7153. Max active instruction index: 22
2024-11-18 22:42:28 | Simulation update: decoder round 119010, completed instructions: 25/4997, actively running or decoding instructions: 3, waiting windows: 3582/7167. Max active instruction index: 22
2024-11-18 22:42:38 | Simulation update: decoder round 119165, completed instructions: 25/4997, actively running or decoding instructions: 3, waiting windows: 3589/7181. Max active instruction index: 22
2024-11-18 22:42:48 | Simulation update: decoder round 119317, completed instructions: 25/4997, actively running or decoding instructions: 3, waiting windows: 3598/7197. Max active instruction index: 22
2024-11-18 22:42:58 | Simulation update: decoder round 119471, completed instructions: 25/4997, actively running or decoding instructions: 3, waiting windows: 3604/7211. Max active instruction index: 22
2024-11-18 22:43:08 | Simulation update: decoder round 119625, completed instructions: 25/4997, actively running or decoding instructions: 3, waiting windows: 3611/7225. Max active instruction index: 22
2024-11-18 22:43:18 | Simulation update: decoder round 119774, completed instructions: 25/4997, actively running or decoding instructions: 3, waiting windows: 3618/7239. Max active instruction index: 22
2024-11-18 22:43:29 | Simulation update: decoder round 119921, completed instructions: 25/4997, actively running or decoding instructions: 3, waiting windows: 3625/7253. Max active instruction index: 22
2024-11-18 22:43:39 | Simulation update: decoder round 120066, completed instructions: 25/4997, actively running or decoding instructions: 3, waiting windows: 3632/7267. Max active instruction index: 22
2024-11-18 22:43:49 | Simulation update: decoder round 120212, completed instructions: 25/4997, actively running or decoding instructions: 3, waiting windows: 3639/7281. Max active instruction index: 22
2024-11-18 22:43:59 | Simulation update: decoder round 120356, completed instructions: 25/4997, actively running or decoding instructions: 3, waiting windows: 3646/7295. Max active instruction index: 22
2024-11-18 22:44:09 | Simulation update: decoder round 120506, completed instructions: 25/4997, actively running or decoding instructions: 3, waiting windows: 3653/7309. Max active instruction index: 22
2024-11-18 22:44:19 | Simulation update: decoder round 120655, completed instructions: 25/4997, actively running or decoding instructions: 3, waiting windows: 3660/7323. Max active instruction index: 22
2024-11-18 22:44:29 | Simulation update: decoder round 120804, completed instructions: 25/4997, actively running or decoding instructions: 3, waiting windows: 3667/7337. Max active instruction index: 22
2024-11-18 22:44:39 | Simulation update: decoder round 120955, completed instructions: 25/4997, actively running or decoding instructions: 3, waiting windows: 3676/7353. Max active instruction index: 22
2024-11-18 22:44:49 | Simulation update: decoder round 121103, completed instructions: 25/4997, actively running or decoding instructions: 3, waiting windows: 3683/7367. Max active instruction index: 22
2024-11-18 22:44:59 | Simulation update: decoder round 121247, completed instructions: 25/4997, actively running or decoding instructions: 3, waiting windows: 3688/7379. Max active instruction index: 22
2024-11-18 22:45:09 | Simulation update: decoder round 121391, completed instructions: 25/4997, actively running or decoding instructions: 3, waiting windows: 3695/7393. Max active instruction index: 22
2024-11-18 22:45:19 | Simulation update: decoder round 121530, completed instructions: 25/4997, actively running or decoding instructions: 3, waiting windows: 3702/7407. Max active instruction index: 22
2024-11-18 22:45:29 | Simulation update: decoder round 121678, completed instructions: 25/4997, actively running or decoding instructions: 3, waiting windows: 3709/7421. Max active instruction index: 22
2024-11-18 22:45:39 | Simulation update: decoder round 121824, completed instructions: 25/4997, actively running or decoding instructions: 3, waiting windows: 3716/7435. Max active instruction index: 22
2024-11-18 22:45:49 | Simulation update: decoder round 121970, completed instructions: 25/4997, actively running or decoding instructions: 3, waiting windows: 3723/7449. Max active instruction index: 22
2024-11-18 22:45:59 | Simulation update: decoder round 122115, completed instructions: 25/4997, actively running or decoding instructions: 3, waiting windows: 3731/7463. Max active instruction index: 22
2024-11-18 22:46:09 | Simulation update: decoder round 122257, completed instructions: 25/4997, actively running or decoding instructions: 3, waiting windows: 3738/7477. Max active instruction index: 22
2024-11-18 22:46:19 | Simulation update: decoder round 122398, completed instructions: 25/4997, actively running or decoding instructions: 3, waiting windows: 3743/7489. Max active instruction index: 22
2024-11-18 22:46:29 | Simulation update: decoder round 122539, completed instructions: 25/4997, actively running or decoding instructions: 3, waiting windows: 3750/7503. Max active instruction index: 22
2024-11-18 22:46:39 | Simulation update: decoder round 122679, completed instructions: 25/4997, actively running or decoding instructions: 3, waiting windows: 3758/7517. Max active instruction index: 22
2024-11-18 22:46:49 | Simulation update: decoder round 122823, completed instructions: 25/4997, actively running or decoding instructions: 3, waiting windows: 3764/7530. Max active instruction index: 22
2024-11-18 22:46:59 | Simulation update: decoder round 122967, completed instructions: 25/4997, actively running or decoding instructions: 3, waiting windows: 3770/7543. Max active instruction index: 22
2024-11-18 22:47:09 | Simulation update: decoder round 123111, completed instructions: 25/4997, actively running or decoding instructions: 3, waiting windows: 3777/7557. Max active instruction index: 22
2024-11-18 22:47:19 | Simulation update: decoder round 123251, completed instructions: 25/4997, actively running or decoding instructions: 3, waiting windows: 3784/7571. Max active instruction index: 22
2024-11-18 22:47:29 | Simulation update: decoder round 123389, completed instructions: 25/4997, actively running or decoding instructions: 3, waiting windows: 3790/7583. Max active instruction index: 22
2024-11-18 22:47:40 | Simulation update: decoder round 123527, completed instructions: 25/4997, actively running or decoding instructions: 3, waiting windows: 3797/7597. Max active instruction index: 22
2024-11-18 22:47:50 | Simulation update: decoder round 123667, completed instructions: 25/4997, actively running or decoding instructions: 3, waiting windows: 3805/7611. Max active instruction index: 22
2024-11-18 22:48:00 | Simulation update: decoder round 123807, completed instructions: 25/4997, actively running or decoding instructions: 3, waiting windows: 3810/7623. Max active instruction index: 22
2024-11-18 22:48:10 | Simulation update: decoder round 123947, completed instructions: 25/4997, actively running or decoding instructions: 3, waiting windows: 3817/7637. Max active instruction index: 22
2024-11-18 22:48:20 | Simulation update: decoder round 124087, completed instructions: 25/4997, actively running or decoding instructions: 3, waiting windows: 3825/7651. Max active instruction index: 22
2024-11-18 22:48:30 | Simulation update: decoder round 124227, completed instructions: 25/4997, actively running or decoding instructions: 3, waiting windows: 3830/7663. Max active instruction index: 22
2024-11-18 22:48:40 | Simulation update: decoder round 124371, completed instructions: 25/4997, actively running or decoding instructions: 3, waiting windows: 3837/7677. Max active instruction index: 22
2024-11-18 22:48:50 | Simulation update: decoder round 124512, completed instructions: 25/4997, actively running or decoding instructions: 3, waiting windows: 3844/7691. Max active instruction index: 22
2024-11-18 22:49:00 | Simulation update: decoder round 124654, completed instructions: 25/4997, actively running or decoding instructions: 3, waiting windows: 3852/7705. Max active instruction index: 22
2024-11-18 22:49:10 | Simulation update: decoder round 124796, completed instructions: 25/4997, actively running or decoding instructions: 3, waiting windows: 3857/7717. Max active instruction index: 22
2024-11-18 22:49:20 | Simulation update: decoder round 124937, completed instructions: 25/4997, actively running or decoding instructions: 3, waiting windows: 3864/7731. Max active instruction index: 22
2024-11-18 22:49:30 | Simulation update: decoder round 125077, completed instructions: 25/4997, actively running or decoding instructions: 3, waiting windows: 3871/7745. Max active instruction index: 22
2024-11-18 22:49:40 | Simulation update: decoder round 125217, completed instructions: 25/4997, actively running or decoding instructions: 3, waiting windows: 3878/7758. Max active instruction index: 22
2024-11-18 22:49:50 | Simulation update: decoder round 125354, completed instructions: 25/4997, actively running or decoding instructions: 3, waiting windows: 3884/7771. Max active instruction index: 22
2024-11-18 22:50:01 | Simulation update: decoder round 125494, completed instructions: 25/4997, actively running or decoding instructions: 3, waiting windows: 3892/7785. Max active instruction index: 22
2024-11-18 22:50:11 | Simulation update: decoder round 125634, completed instructions: 25/4997, actively running or decoding instructions: 3, waiting windows: 3897/7797. Max active instruction index: 22
2024-11-18 22:50:21 | Simulation update: decoder round 125774, completed instructions: 25/4997, actively running or decoding instructions: 3, waiting windows: 3904/7811. Max active instruction index: 22
2024-11-18 22:50:31 | Simulation update: decoder round 125912, completed instructions: 25/4997, actively running or decoding instructions: 3, waiting windows: 3912/7825. Max active instruction index: 22
2024-11-18 22:50:41 | Simulation update: decoder round 126047, completed instructions: 25/4997, actively running or decoding instructions: 3, waiting windows: 3917/7837. Max active instruction index: 22
2024-11-18 22:50:51 | Simulation update: decoder round 126185, completed instructions: 25/4997, actively running or decoding instructions: 3, waiting windows: 3925/7851. Max active instruction index: 22
2024-11-18 22:51:01 | Simulation update: decoder round 126320, completed instructions: 25/4997, actively running or decoding instructions: 3, waiting windows: 3930/7863. Max active instruction index: 22
2024-11-18 22:51:11 | Simulation update: decoder round 126459, completed instructions: 25/4997, actively running or decoding instructions: 3, waiting windows: 3938/7877. Max active instruction index: 22
2024-11-18 22:51:21 | Simulation update: decoder round 126596, completed instructions: 25/4997, actively running or decoding instructions: 3, waiting windows: 3943/7889. Max active instruction index: 22
2024-11-18 22:51:31 | Simulation update: decoder round 126733, completed instructions: 25/4997, actively running or decoding instructions: 3, waiting windows: 3951/7903. Max active instruction index: 22
2024-11-18 22:51:41 | Simulation update: decoder round 126870, completed instructions: 25/4997, actively running or decoding instructions: 3, waiting windows: 3956/7915. Max active instruction index: 22
2024-11-18 22:51:51 | Simulation update: decoder round 127006, completed instructions: 25/4997, actively running or decoding instructions: 3, waiting windows: 3964/7929. Max active instruction index: 22
2024-11-18 22:52:01 | Simulation update: decoder round 127143, completed instructions: 25/4997, actively running or decoding instructions: 3, waiting windows: 3969/7941. Max active instruction index: 22
2024-11-18 22:52:06 | Finished simulation
2024-11-18 22:52:07 | Finished saving output. Done! Total elapsed time: 0:55:00.655020
