CONFIG 8
benchmark_file: slurm/data/20241118_215701/benchmarks/random_t_1000_200_0.lss
decoder_latency_or_dist_filename: lambda volume: volume*5.994842503189409
distance: 21
lightweight_setting: 1
max_parallel_processes: None
missed_speculation_modifier: 1.4
poison_policy: successors
rng: 0
scheduling_method: sliding
speculation_accuracy: 0.0
speculation_latency: 1
speculation_mode: separate
2024-11-18 21:57:05 | Loading benchmark slurm/data/20241118_215701/benchmarks/random_t_1000_200_0.lss...
2024-11-18 21:57:06 | Starting simulation
Failed to get source of decoding_latency_fn: could not get source code
2024-11-18 21:57:06 | Simulation update: decoder round 1, completed instructions: 0/4997, actively running or decoding instructions: 1, waiting windows: 0/0. Max active instruction index: 0
2024-11-18 21:57:16 | Simulation update: decoder round 17213, completed instructions: 9/4997, actively running or decoding instructions: 4, waiting windows: 414/822. Max active instruction index: 7
2024-11-18 21:57:26 | Simulation update: decoder round 23794, completed instructions: 9/4997, actively running or decoding instructions: 4, waiting windows: 571/1136. Max active instruction index: 7
2024-11-18 21:57:36 | Simulation update: decoder round 28830, completed instructions: 9/4997, actively running or decoding instructions: 3, waiting windows: 691/1376. Max active instruction index: 7
2024-11-18 21:57:46 | Simulation update: decoder round 33029, completed instructions: 14/4997, actively running or decoding instructions: 3, waiting windows: 791/1577. Max active instruction index: 12
2024-11-18 21:57:56 | Simulation update: decoder round 36473, completed instructions: 14/4997, actively running or decoding instructions: 3, waiting windows: 873/1741. Max active instruction index: 12
2024-11-18 21:58:06 | Simulation update: decoder round 39455, completed instructions: 14/4997, actively running or decoding instructions: 3, waiting windows: 944/1883. Max active instruction index: 12
2024-11-18 21:58:16 | Simulation update: decoder round 42101, completed instructions: 14/4997, actively running or decoding instructions: 3, waiting windows: 1007/2009. Max active instruction index: 12
2024-11-18 21:58:26 | Simulation update: decoder round 44494, completed instructions: 14/4997, actively running or decoding instructions: 3, waiting windows: 1064/2123. Max active instruction index: 12
2024-11-18 21:58:36 | Simulation update: decoder round 46679, completed instructions: 14/4997, actively running or decoding instructions: 3, waiting windows: 1116/2227. Max active instruction index: 12
2024-11-18 21:58:46 | Simulation update: decoder round 48719, completed instructions: 14/4997, actively running or decoding instructions: 3, waiting windows: 1164/2324. Max active instruction index: 12
2024-11-18 21:58:56 | Simulation update: decoder round 50627, completed instructions: 14/4997, actively running or decoding instructions: 3, waiting windows: 1210/2415. Max active instruction index: 12
2024-11-18 21:59:06 | Simulation update: decoder round 52410, completed instructions: 14/4997, actively running or decoding instructions: 3, waiting windows: 1252/2500. Max active instruction index: 12
2024-11-18 21:59:16 | Simulation update: decoder round 54093, completed instructions: 14/4997, actively running or decoding instructions: 3, waiting windows: 1292/2580. Max active instruction index: 12
2024-11-18 21:59:26 | Simulation update: decoder round 55701, completed instructions: 14/4997, actively running or decoding instructions: 3, waiting windows: 1330/2656. Max active instruction index: 12
2024-11-18 21:59:36 | Simulation update: decoder round 57221, completed instructions: 14/4997, actively running or decoding instructions: 3, waiting windows: 1367/2729. Max active instruction index: 12
2024-11-18 21:59:47 | Simulation update: decoder round 58691, completed instructions: 14/4997, actively running or decoding instructions: 3, waiting windows: 1402/2799. Max active instruction index: 12
2024-11-18 21:59:57 | Simulation update: decoder round 60095, completed instructions: 14/4997, actively running or decoding instructions: 3, waiting windows: 1435/2866. Max active instruction index: 12
2024-11-18 22:00:07 | Simulation update: decoder round 61445, completed instructions: 14/4997, actively running or decoding instructions: 3, waiting windows: 1467/2930. Max active instruction index: 12
2024-11-18 22:00:17 | Simulation update: decoder round 62739, completed instructions: 14/4997, actively running or decoding instructions: 3, waiting windows: 1498/2991. Max active instruction index: 12
2024-11-18 22:00:27 | Simulation update: decoder round 63983, completed instructions: 14/4997, actively running or decoding instructions: 3, waiting windows: 1528/3051. Max active instruction index: 12
2024-11-18 22:00:37 | Simulation update: decoder round 65201, completed instructions: 14/4997, actively running or decoding instructions: 3, waiting windows: 1557/3109. Max active instruction index: 12
2024-11-18 22:00:47 | Simulation update: decoder round 66377, completed instructions: 14/4997, actively running or decoding instructions: 3, waiting windows: 1585/3165. Max active instruction index: 12
2024-11-18 22:00:57 | Simulation update: decoder round 67511, completed instructions: 14/4997, actively running or decoding instructions: 3, waiting windows: 1612/3219. Max active instruction index: 12
2024-11-18 22:01:07 | Simulation update: decoder round 68619, completed instructions: 14/4997, actively running or decoding instructions: 3, waiting windows: 1638/3271. Max active instruction index: 12
2024-11-18 22:01:17 | Simulation update: decoder round 69695, completed instructions: 14/4997, actively running or decoding instructions: 3, waiting windows: 1664/3323. Max active instruction index: 12
2024-11-18 22:01:27 | Simulation update: decoder round 70747, completed instructions: 14/4997, actively running or decoding instructions: 3, waiting windows: 1689/3373. Max active instruction index: 12
2024-11-18 22:01:37 | Simulation update: decoder round 71769, completed instructions: 14/4997, actively running or decoding instructions: 3, waiting windows: 1713/3421. Max active instruction index: 12
2024-11-18 22:01:47 | Simulation update: decoder round 72765, completed instructions: 14/4997, actively running or decoding instructions: 3, waiting windows: 1737/3469. Max active instruction index: 12
2024-11-18 22:01:57 | Simulation update: decoder round 73743, completed instructions: 14/4997, actively running or decoding instructions: 3, waiting windows: 1760/3515. Max active instruction index: 12
2024-11-18 22:02:07 | Simulation update: decoder round 74693, completed instructions: 14/4997, actively running or decoding instructions: 3, waiting windows: 1783/3561. Max active instruction index: 12
2024-11-18 22:02:17 | Simulation update: decoder round 75633, completed instructions: 14/4997, actively running or decoding instructions: 3, waiting windows: 1805/3605. Max active instruction index: 12
2024-11-18 22:02:27 | Simulation update: decoder round 76552, completed instructions: 14/4997, actively running or decoding instructions: 3, waiting windows: 1827/3649. Max active instruction index: 12
2024-11-18 22:02:37 | Simulation update: decoder round 77441, completed instructions: 14/4997, actively running or decoding instructions: 3, waiting windows: 1848/3692. Max active instruction index: 12
2024-11-18 22:02:47 | Simulation update: decoder round 78323, completed instructions: 14/4997, actively running or decoding instructions: 3, waiting windows: 1869/3734. Max active instruction index: 12
2024-11-18 22:02:57 | Simulation update: decoder round 79187, completed instructions: 14/4997, actively running or decoding instructions: 3, waiting windows: 1890/3775. Max active instruction index: 12
2024-11-18 22:03:07 | Simulation update: decoder round 80032, completed instructions: 14/4997, actively running or decoding instructions: 3, waiting windows: 1910/3815. Max active instruction index: 12
2024-11-18 22:03:17 | Simulation update: decoder round 80867, completed instructions: 14/4997, actively running or decoding instructions: 3, waiting windows: 1930/3855. Max active instruction index: 12
2024-11-18 22:03:27 | Simulation update: decoder round 81681, completed instructions: 14/4997, actively running or decoding instructions: 3, waiting windows: 1949/3893. Max active instruction index: 12
2024-11-18 22:03:37 | Simulation update: decoder round 82479, completed instructions: 14/4997, actively running or decoding instructions: 3, waiting windows: 1968/3931. Max active instruction index: 12
2024-11-18 22:03:47 | Simulation update: decoder round 83261, completed instructions: 14/4997, actively running or decoding instructions: 3, waiting windows: 1987/3969. Max active instruction index: 12
2024-11-18 22:03:57 | Simulation update: decoder round 84035, completed instructions: 14/4997, actively running or decoding instructions: 3, waiting windows: 2005/4006. Max active instruction index: 12
2024-11-18 22:04:07 | Simulation update: decoder round 84797, completed instructions: 14/4997, actively running or decoding instructions: 3, waiting windows: 2023/4042. Max active instruction index: 12
2024-11-18 22:04:17 | Simulation update: decoder round 85547, completed instructions: 14/4997, actively running or decoding instructions: 3, waiting windows: 2041/4078. Max active instruction index: 12
2024-11-18 22:04:27 | Simulation update: decoder round 86301, completed instructions: 14/4997, actively running or decoding instructions: 3, waiting windows: 2059/4113. Max active instruction index: 12
2024-11-18 22:04:38 | Simulation update: decoder round 87041, completed instructions: 14/4997, actively running or decoding instructions: 3, waiting windows: 2077/4149. Max active instruction index: 12
2024-11-18 22:04:48 | Simulation update: decoder round 87771, completed instructions: 14/4997, actively running or decoding instructions: 3, waiting windows: 2094/4183. Max active instruction index: 12
2024-11-18 22:04:58 | Simulation update: decoder round 88485, completed instructions: 14/4997, actively running or decoding instructions: 3, waiting windows: 2111/4217. Max active instruction index: 12
2024-11-18 22:05:08 | Simulation update: decoder round 89197, completed instructions: 14/4997, actively running or decoding instructions: 3, waiting windows: 2128/4251. Max active instruction index: 12
2024-11-18 22:05:18 | Simulation update: decoder round 89871, completed instructions: 14/4997, actively running or decoding instructions: 3, waiting windows: 2144/4283. Max active instruction index: 12
2024-11-18 22:05:28 | Simulation update: decoder round 90551, completed instructions: 14/4997, actively running or decoding instructions: 3, waiting windows: 2160/4316. Max active instruction index: 12
2024-11-18 22:05:38 | Simulation update: decoder round 91239, completed instructions: 14/4997, actively running or decoding instructions: 3, waiting windows: 2177/4349. Max active instruction index: 12
2024-11-18 22:05:48 | Simulation update: decoder round 91887, completed instructions: 14/4997, actively running or decoding instructions: 3, waiting windows: 2192/4379. Max active instruction index: 12
2024-11-18 22:05:58 | Simulation update: decoder round 92543, completed instructions: 14/4997, actively running or decoding instructions: 3, waiting windows: 2208/4411. Max active instruction index: 12
2024-11-18 22:06:08 | Simulation update: decoder round 93190, completed instructions: 14/4997, actively running or decoding instructions: 3, waiting windows: 2223/4442. Max active instruction index: 12
2024-11-18 22:06:18 | Simulation update: decoder round 93843, completed instructions: 14/4997, actively running or decoding instructions: 3, waiting windows: 2239/4473. Max active instruction index: 12
2024-11-18 22:06:28 | Simulation update: decoder round 94475, completed instructions: 14/4997, actively running or decoding instructions: 3, waiting windows: 2254/4503. Max active instruction index: 12
2024-11-18 22:06:38 | Simulation update: decoder round 95105, completed instructions: 14/4997, actively running or decoding instructions: 3, waiting windows: 2269/4533. Max active instruction index: 12
2024-11-18 22:06:48 | Simulation update: decoder round 95735, completed instructions: 14/4997, actively running or decoding instructions: 3, waiting windows: 2284/4563. Max active instruction index: 12
2024-11-18 22:06:58 | Simulation update: decoder round 96341, completed instructions: 14/4997, actively running or decoding instructions: 3, waiting windows: 2298/4592. Max active instruction index: 12
2024-11-18 22:07:09 | Simulation update: decoder round 96953, completed instructions: 14/4997, actively running or decoding instructions: 3, waiting windows: 2313/4621. Max active instruction index: 12
2024-11-18 22:07:19 | Simulation update: decoder round 97557, completed instructions: 14/4997, actively running or decoding instructions: 3, waiting windows: 2327/4649. Max active instruction index: 12
2024-11-18 22:07:29 | Simulation update: decoder round 98145, completed instructions: 14/4997, actively running or decoding instructions: 3, waiting windows: 2341/4677. Max active instruction index: 12
2024-11-18 22:07:39 | Simulation update: decoder round 98733, completed instructions: 14/4997, actively running or decoding instructions: 3, waiting windows: 2355/4705. Max active instruction index: 12
2024-11-18 22:07:49 | Simulation update: decoder round 99321, completed instructions: 14/4997, actively running or decoding instructions: 3, waiting windows: 2369/4733. Max active instruction index: 12
2024-11-18 22:07:59 | Simulation update: decoder round 99893, completed instructions: 14/4997, actively running or decoding instructions: 3, waiting windows: 2383/4761. Max active instruction index: 12
2024-11-18 22:08:09 | Simulation update: decoder round 100457, completed instructions: 14/4997, actively running or decoding instructions: 3, waiting windows: 2396/4788. Max active instruction index: 12
2024-11-18 22:08:19 | Simulation update: decoder round 101027, completed instructions: 14/4997, actively running or decoding instructions: 3, waiting windows: 2410/4815. Max active instruction index: 12
2024-11-18 22:08:29 | Simulation update: decoder round 101589, completed instructions: 14/4997, actively running or decoding instructions: 3, waiting windows: 2423/4841. Max active instruction index: 12
2024-11-18 22:08:39 | Simulation update: decoder round 102135, completed instructions: 14/4997, actively running or decoding instructions: 3, waiting windows: 2436/4867. Max active instruction index: 12
2024-11-18 22:08:49 | Simulation update: decoder round 102681, completed instructions: 14/4997, actively running or decoding instructions: 3, waiting windows: 2449/4893. Max active instruction index: 12
2024-11-18 22:08:59 | Simulation update: decoder round 103227, completed instructions: 14/4997, actively running or decoding instructions: 3, waiting windows: 2462/4919. Max active instruction index: 12
2024-11-18 22:09:10 | Simulation update: decoder round 103773, completed instructions: 14/4997, actively running or decoding instructions: 3, waiting windows: 2475/4945. Max active instruction index: 12
2024-11-18 22:09:20 | Simulation update: decoder round 104319, completed instructions: 14/4997, actively running or decoding instructions: 3, waiting windows: 2488/4971. Max active instruction index: 12
2024-11-18 22:09:30 | Simulation update: decoder round 104849, completed instructions: 14/4997, actively running or decoding instructions: 3, waiting windows: 2501/4997. Max active instruction index: 12
2024-11-18 22:09:40 | Simulation update: decoder round 105369, completed instructions: 14/4997, actively running or decoding instructions: 3, waiting windows: 2513/5021. Max active instruction index: 12
2024-11-18 22:09:50 | Simulation update: decoder round 105883, completed instructions: 14/4997, actively running or decoding instructions: 3, waiting windows: 2525/5046. Max active instruction index: 12
2024-11-18 22:10:00 | Simulation update: decoder round 106403, completed instructions: 14/4997, actively running or decoding instructions: 3, waiting windows: 2538/5071. Max active instruction index: 12
2024-11-18 22:10:10 | Simulation update: decoder round 106923, completed instructions: 14/4997, actively running or decoding instructions: 3, waiting windows: 2550/5095. Max active instruction index: 12
2024-11-18 22:10:20 | Simulation update: decoder round 107427, completed instructions: 14/4997, actively running or decoding instructions: 3, waiting windows: 2562/5119. Max active instruction index: 12
2024-11-18 22:10:31 | Simulation update: decoder round 107931, completed instructions: 14/4997, actively running or decoding instructions: 3, waiting windows: 2574/5143. Max active instruction index: 12
2024-11-18 22:10:41 | Simulation update: decoder round 108435, completed instructions: 14/4997, actively running or decoding instructions: 3, waiting windows: 2586/5167. Max active instruction index: 12
2024-11-18 22:10:51 | Simulation update: decoder round 108939, completed instructions: 14/4997, actively running or decoding instructions: 3, waiting windows: 2598/5191. Max active instruction index: 12
2024-11-18 22:11:01 | Simulation update: decoder round 109427, completed instructions: 14/4997, actively running or decoding instructions: 3, waiting windows: 2610/5215. Max active instruction index: 12
2024-11-18 22:11:11 | Simulation update: decoder round 109907, completed instructions: 14/4997, actively running or decoding instructions: 3, waiting windows: 2621/5238. Max active instruction index: 12
2024-11-18 22:11:21 | Simulation update: decoder round 110393, completed instructions: 14/4997, actively running or decoding instructions: 3, waiting windows: 2633/5261. Max active instruction index: 12
2024-11-18 22:11:31 | Simulation update: decoder round 110871, completed instructions: 14/4997, actively running or decoding instructions: 3, waiting windows: 2644/5283. Max active instruction index: 12
2024-11-18 22:11:41 | Simulation update: decoder round 111341, completed instructions: 14/4997, actively running or decoding instructions: 3, waiting windows: 2655/5306. Max active instruction index: 12
2024-11-18 22:11:51 | Simulation update: decoder round 111821, completed instructions: 14/4997, actively running or decoding instructions: 3, waiting windows: 2667/5329. Max active instruction index: 12
2024-11-18 22:12:01 | Simulation update: decoder round 112291, completed instructions: 14/4997, actively running or decoding instructions: 3, waiting windows: 2678/5351. Max active instruction index: 12
2024-11-18 22:12:12 | Simulation update: decoder round 112761, completed instructions: 14/4997, actively running or decoding instructions: 3, waiting windows: 2689/5373. Max active instruction index: 12
2024-11-18 22:12:22 | Simulation update: decoder round 113223, completed instructions: 14/4997, actively running or decoding instructions: 3, waiting windows: 2700/5395. Max active instruction index: 12
2024-11-18 22:12:32 | Simulation update: decoder round 113685, completed instructions: 14/4997, actively running or decoding instructions: 3, waiting windows: 2711/5417. Max active instruction index: 12
2024-11-18 22:12:42 | Simulation update: decoder round 114147, completed instructions: 14/4997, actively running or decoding instructions: 3, waiting windows: 2722/5439. Max active instruction index: 12
2024-11-18 22:12:53 | Simulation update: decoder round 114609, completed instructions: 14/4997, actively running or decoding instructions: 3, waiting windows: 2733/5461. Max active instruction index: 12
2024-11-18 22:13:03 | Simulation update: decoder round 115055, completed instructions: 14/4997, actively running or decoding instructions: 3, waiting windows: 2744/5483. Max active instruction index: 12
2024-11-18 22:13:13 | Simulation update: decoder round 115491, completed instructions: 14/4997, actively running or decoding instructions: 3, waiting windows: 2754/5503. Max active instruction index: 12
2024-11-18 22:13:23 | Simulation update: decoder round 115937, completed instructions: 14/4997, actively running or decoding instructions: 3, waiting windows: 2765/5525. Max active instruction index: 12
2024-11-18 22:13:33 | Simulation update: decoder round 116373, completed instructions: 14/4997, actively running or decoding instructions: 3, waiting windows: 2775/5545. Max active instruction index: 12
2024-11-18 22:13:43 | Simulation update: decoder round 116801, completed instructions: 14/4997, actively running or decoding instructions: 3, waiting windows: 2785/5566. Max active instruction index: 12
2024-11-18 22:13:53 | Simulation update: decoder round 117239, completed instructions: 14/4997, actively running or decoding instructions: 3, waiting windows: 2796/5587. Max active instruction index: 12
2024-11-18 22:14:04 | Simulation update: decoder round 117675, completed instructions: 14/4997, actively running or decoding instructions: 3, waiting windows: 2806/5607. Max active instruction index: 12
2024-11-18 22:14:14 | Simulation update: decoder round 118095, completed instructions: 14/4997, actively running or decoding instructions: 3, waiting windows: 2816/5627. Max active instruction index: 12
2024-11-18 22:14:24 | Simulation update: decoder round 118517, completed instructions: 14/4997, actively running or decoding instructions: 3, waiting windows: 2826/5648. Max active instruction index: 12
2024-11-18 22:14:34 | Simulation update: decoder round 118937, completed instructions: 14/4997, actively running or decoding instructions: 3, waiting windows: 2836/5668. Max active instruction index: 12
2024-11-18 22:14:44 | Simulation update: decoder round 119355, completed instructions: 14/4997, actively running or decoding instructions: 3, waiting windows: 2846/5687. Max active instruction index: 12
2024-11-18 22:14:54 | Simulation update: decoder round 119775, completed instructions: 14/4997, actively running or decoding instructions: 3, waiting windows: 2856/5707. Max active instruction index: 12
2024-11-18 22:15:04 | Simulation update: decoder round 120195, completed instructions: 14/4997, actively running or decoding instructions: 3, waiting windows: 2866/5727. Max active instruction index: 12
2024-11-18 22:15:15 | Simulation update: decoder round 120615, completed instructions: 14/4997, actively running or decoding instructions: 3, waiting windows: 2876/5747. Max active instruction index: 12
2024-11-18 22:15:25 | Simulation update: decoder round 121035, completed instructions: 14/4997, actively running or decoding instructions: 3, waiting windows: 2886/5767. Max active instruction index: 12
2024-11-18 22:15:35 | Simulation update: decoder round 121455, completed instructions: 14/4997, actively running or decoding instructions: 3, waiting windows: 2896/5787. Max active instruction index: 12
2024-11-18 22:15:46 | Simulation update: decoder round 121859, completed instructions: 14/4997, actively running or decoding instructions: 3, waiting windows: 2906/5807. Max active instruction index: 12
2024-11-18 22:15:56 | Simulation update: decoder round 122254, completed instructions: 14/4997, actively running or decoding instructions: 3, waiting windows: 2915/5826. Max active instruction index: 12
2024-11-18 22:16:06 | Simulation update: decoder round 122657, completed instructions: 14/4997, actively running or decoding instructions: 3, waiting windows: 2925/5845. Max active instruction index: 12
2024-11-18 22:16:16 | Simulation update: decoder round 123051, completed instructions: 14/4997, actively running or decoding instructions: 3, waiting windows: 2934/5863. Max active instruction index: 12
2024-11-18 22:16:26 | Simulation update: decoder round 123455, completed instructions: 14/4997, actively running or decoding instructions: 3, waiting windows: 2944/5883. Max active instruction index: 12
2024-11-18 22:16:37 | Simulation update: decoder round 123849, completed instructions: 14/4997, actively running or decoding instructions: 3, waiting windows: 2953/5901. Max active instruction index: 12
2024-11-18 22:16:47 | Simulation update: decoder round 124235, completed instructions: 14/4997, actively running or decoding instructions: 3, waiting windows: 2962/5920. Max active instruction index: 12
2024-11-18 22:16:57 | Simulation update: decoder round 124613, completed instructions: 14/4997, actively running or decoding instructions: 3, waiting windows: 2971/5938. Max active instruction index: 12
2024-11-18 22:17:07 | Simulation update: decoder round 125009, completed instructions: 14/4997, actively running or decoding instructions: 3, waiting windows: 2981/5957. Max active instruction index: 12
2024-11-18 22:17:17 | Simulation update: decoder round 125387, completed instructions: 14/4997, actively running or decoding instructions: 3, waiting windows: 2990/5975. Max active instruction index: 12
2024-11-18 22:17:27 | Simulation update: decoder round 125765, completed instructions: 14/4997, actively running or decoding instructions: 3, waiting windows: 2999/5993. Max active instruction index: 12
2024-11-18 22:17:37 | Simulation update: decoder round 126143, completed instructions: 14/4997, actively running or decoding instructions: 3, waiting windows: 3008/6011. Max active instruction index: 12
2024-11-18 22:17:48 | Simulation update: decoder round 126521, completed instructions: 14/4997, actively running or decoding instructions: 3, waiting windows: 3017/6029. Max active instruction index: 12
2024-11-18 22:17:58 | Simulation update: decoder round 126881, completed instructions: 14/4997, actively running or decoding instructions: 3, waiting windows: 3025/6046. Max active instruction index: 12
2024-11-18 22:18:08 | Simulation update: decoder round 127254, completed instructions: 14/4997, actively running or decoding instructions: 3, waiting windows: 3034/6064. Max active instruction index: 12
2024-11-18 22:18:18 | Simulation update: decoder round 127629, completed instructions: 14/4997, actively running or decoding instructions: 3, waiting windows: 3043/6081. Max active instruction index: 12
2024-11-18 22:18:28 | Simulation update: decoder round 128007, completed instructions: 14/4997, actively running or decoding instructions: 3, waiting windows: 3052/6099. Max active instruction index: 12
2024-11-18 22:18:39 | Simulation update: decoder round 128385, completed instructions: 14/4997, actively running or decoding instructions: 3, waiting windows: 3061/6117. Max active instruction index: 12
2024-11-18 22:18:49 | Simulation update: decoder round 128763, completed instructions: 14/4997, actively running or decoding instructions: 3, waiting windows: 3070/6135. Max active instruction index: 12
2024-11-18 22:18:59 | Simulation update: decoder round 129125, completed instructions: 14/4997, actively running or decoding instructions: 3, waiting windows: 3079/6153. Max active instruction index: 12
2024-11-18 22:19:09 | Simulation update: decoder round 129479, completed instructions: 14/4997, actively running or decoding instructions: 3, waiting windows: 3087/6170. Max active instruction index: 12
2024-11-18 22:19:19 | Simulation update: decoder round 129839, completed instructions: 14/4997, actively running or decoding instructions: 3, waiting windows: 3096/6187. Max active instruction index: 12
2024-11-18 22:19:29 | Simulation update: decoder round 130191, completed instructions: 14/4997, actively running or decoding instructions: 3, waiting windows: 3104/6203. Max active instruction index: 12
2024-11-18 22:19:40 | Simulation update: decoder round 130553, completed instructions: 14/4997, actively running or decoding instructions: 3, waiting windows: 3113/6221. Max active instruction index: 12
2024-11-18 22:19:50 | Simulation update: decoder round 130905, completed instructions: 14/4997, actively running or decoding instructions: 3, waiting windows: 3121/6237. Max active instruction index: 12
2024-11-18 22:20:00 | Simulation update: decoder round 131267, completed instructions: 14/4997, actively running or decoding instructions: 3, waiting windows: 3130/6255. Max active instruction index: 12
2024-11-18 22:20:10 | Simulation update: decoder round 131619, completed instructions: 14/4997, actively running or decoding instructions: 3, waiting windows: 3138/6271. Max active instruction index: 12
2024-11-18 22:20:20 | Simulation update: decoder round 131963, completed instructions: 14/4997, actively running or decoding instructions: 3, waiting windows: 3146/6288. Max active instruction index: 12
2024-11-18 22:20:31 | Simulation update: decoder round 132317, completed instructions: 14/4997, actively running or decoding instructions: 3, waiting windows: 3155/6305. Max active instruction index: 12
2024-11-18 22:20:41 | Simulation update: decoder round 132669, completed instructions: 14/4997, actively running or decoding instructions: 3, waiting windows: 3163/6321. Max active instruction index: 12
2024-11-18 22:20:51 | Simulation update: decoder round 133013, completed instructions: 14/4997, actively running or decoding instructions: 3, waiting windows: 3171/6338. Max active instruction index: 12
2024-11-18 22:21:01 | Simulation update: decoder round 133349, completed instructions: 14/4997, actively running or decoding instructions: 3, waiting windows: 3179/6354. Max active instruction index: 12
2024-11-18 22:21:11 | Simulation update: decoder round 133701, completed instructions: 14/4997, actively running or decoding instructions: 3, waiting windows: 3188/6371. Max active instruction index: 12
2024-11-18 22:21:21 | Simulation update: decoder round 134039, completed instructions: 14/4997, actively running or decoding instructions: 3, waiting windows: 3196/6387. Max active instruction index: 12
2024-11-18 22:21:32 | Simulation update: decoder round 134375, completed instructions: 14/4997, actively running or decoding instructions: 3, waiting windows: 3204/6403. Max active instruction index: 12
2024-11-18 22:21:42 | Simulation update: decoder round 134711, completed instructions: 14/4997, actively running or decoding instructions: 3, waiting windows: 3212/6419. Max active instruction index: 12
2024-11-18 22:21:52 | Simulation update: decoder round 135047, completed instructions: 14/4997, actively running or decoding instructions: 3, waiting windows: 3220/6435. Max active instruction index: 12
2024-11-18 22:22:02 | Simulation update: decoder round 135377, completed instructions: 14/4997, actively running or decoding instructions: 3, waiting windows: 3227/6450. Max active instruction index: 12
2024-11-18 22:22:12 | Simulation update: decoder round 135695, completed instructions: 14/4997, actively running or decoding instructions: 3, waiting windows: 3235/6466. Max active instruction index: 12
2024-11-18 22:22:22 | Simulation update: decoder round 136029, completed instructions: 14/4997, actively running or decoding instructions: 3, waiting windows: 3243/6481. Max active instruction index: 12
2024-11-18 22:22:32 | Simulation update: decoder round 136365, completed instructions: 14/4997, actively running or decoding instructions: 3, waiting windows: 3251/6497. Max active instruction index: 12
2024-11-18 22:22:43 | Simulation update: decoder round 136701, completed instructions: 14/4997, actively running or decoding instructions: 3, waiting windows: 3259/6513. Max active instruction index: 12
2024-11-18 22:22:53 | Simulation update: decoder round 137037, completed instructions: 14/4997, actively running or decoding instructions: 3, waiting windows: 3267/6529. Max active instruction index: 12
2024-11-18 22:23:04 | Simulation update: decoder round 137373, completed instructions: 14/4997, actively running or decoding instructions: 3, waiting windows: 3275/6545. Max active instruction index: 12
2024-11-18 22:23:14 | Simulation update: decoder round 137709, completed instructions: 14/4997, actively running or decoding instructions: 3, waiting windows: 3283/6561. Max active instruction index: 12
2024-11-18 22:23:25 | Simulation update: decoder round 138045, completed instructions: 14/4997, actively running or decoding instructions: 3, waiting windows: 3291/6577. Max active instruction index: 12
2024-11-18 22:23:35 | Simulation update: decoder round 138381, completed instructions: 14/4997, actively running or decoding instructions: 3, waiting windows: 3299/6593. Max active instruction index: 12
2024-11-18 22:23:46 | Simulation update: decoder round 138701, completed instructions: 14/4997, actively running or decoding instructions: 3, waiting windows: 3307/6609. Max active instruction index: 12
2024-11-18 22:23:56 | Simulation update: decoder round 139011, completed instructions: 14/4997, actively running or decoding instructions: 3, waiting windows: 3314/6623. Max active instruction index: 12
2024-11-18 22:24:06 | Simulation update: decoder round 139332, completed instructions: 14/4997, actively running or decoding instructions: 3, waiting windows: 3322/6639. Max active instruction index: 12
2024-11-18 22:24:16 | Simulation update: decoder round 139641, completed instructions: 14/4997, actively running or decoding instructions: 3, waiting windows: 3329/6653. Max active instruction index: 12
2024-11-18 22:24:26 | Simulation update: decoder round 139961, completed instructions: 14/4997, actively running or decoding instructions: 3, waiting windows: 3337/6669. Max active instruction index: 12
2024-11-18 22:24:36 | Simulation update: decoder round 140271, completed instructions: 14/4997, actively running or decoding instructions: 3, waiting windows: 3344/6683. Max active instruction index: 12
2024-11-18 22:24:47 | Simulation update: decoder round 140591, completed instructions: 14/4997, actively running or decoding instructions: 3, waiting windows: 3352/6699. Max active instruction index: 12
2024-11-18 22:24:57 | Simulation update: decoder round 140901, completed instructions: 14/4997, actively running or decoding instructions: 3, waiting windows: 3359/6713. Max active instruction index: 12
2024-11-18 22:25:07 | Simulation update: decoder round 141203, completed instructions: 14/4997, actively running or decoding instructions: 3, waiting windows: 3366/6728. Max active instruction index: 12
2024-11-18 22:25:17 | Simulation update: decoder round 141515, completed instructions: 14/4997, actively running or decoding instructions: 3, waiting windows: 3374/6743. Max active instruction index: 12
2024-11-18 22:25:28 | Simulation update: decoder round 141825, completed instructions: 14/4997, actively running or decoding instructions: 3, waiting windows: 3381/6757. Max active instruction index: 12
2024-11-18 22:25:38 | Simulation update: decoder round 142127, completed instructions: 14/4997, actively running or decoding instructions: 3, waiting windows: 3388/6772. Max active instruction index: 12
2024-11-18 22:25:48 | Simulation update: decoder round 142439, completed instructions: 14/4997, actively running or decoding instructions: 3, waiting windows: 3396/6787. Max active instruction index: 12
2024-11-18 22:25:59 | Simulation update: decoder round 142749, completed instructions: 14/4997, actively running or decoding instructions: 3, waiting windows: 3403/6801. Max active instruction index: 12
2024-11-18 22:26:09 | Simulation update: decoder round 143045, completed instructions: 14/4997, actively running or decoding instructions: 3, waiting windows: 3410/6816. Max active instruction index: 12
2024-11-18 22:26:19 | Simulation update: decoder round 143345, completed instructions: 14/4997, actively running or decoding instructions: 3, waiting windows: 3417/6830. Max active instruction index: 12
2024-11-18 22:26:29 | Simulation update: decoder round 143639, completed instructions: 14/4997, actively running or decoding instructions: 3, waiting windows: 3424/6844. Max active instruction index: 12
2024-11-18 22:26:39 | Simulation update: decoder round 143933, completed instructions: 14/4997, actively running or decoding instructions: 3, waiting windows: 3431/6858. Max active instruction index: 12
2024-11-18 22:26:49 | Simulation update: decoder round 144227, completed instructions: 14/4997, actively running or decoding instructions: 3, waiting windows: 3438/6872. Max active instruction index: 12
2024-11-18 22:26:59 | Simulation update: decoder round 144521, completed instructions: 14/4997, actively running or decoding instructions: 3, waiting windows: 3445/6886. Max active instruction index: 12
2024-11-18 22:27:10 | Simulation update: decoder round 144833, completed instructions: 14/4997, actively running or decoding instructions: 3, waiting windows: 3453/6901. Max active instruction index: 12
2024-11-18 22:27:20 | Simulation update: decoder round 145143, completed instructions: 14/4997, actively running or decoding instructions: 3, waiting windows: 3460/6915. Max active instruction index: 12
2024-11-18 22:27:30 | Simulation update: decoder round 145440, completed instructions: 14/4997, actively running or decoding instructions: 3, waiting windows: 3467/6930. Max active instruction index: 12
2024-11-18 22:27:40 | Simulation update: decoder round 145739, completed instructions: 14/4997, actively running or decoding instructions: 3, waiting windows: 3474/6944. Max active instruction index: 12
2024-11-18 22:27:50 | Simulation update: decoder round 146051, completed instructions: 14/4997, actively running or decoding instructions: 3, waiting windows: 3482/6959. Max active instruction index: 12
2024-11-18 22:28:01 | Simulation update: decoder round 146361, completed instructions: 14/4997, actively running or decoding instructions: 3, waiting windows: 3489/6973. Max active instruction index: 12
2024-11-18 22:28:11 | Simulation update: decoder round 146657, completed instructions: 14/4997, actively running or decoding instructions: 3, waiting windows: 3496/6988. Max active instruction index: 12
2024-11-18 22:28:21 | Simulation update: decoder round 146951, completed instructions: 14/4997, actively running or decoding instructions: 3, waiting windows: 3503/7002. Max active instruction index: 12
2024-11-18 22:28:31 | Simulation update: decoder round 147245, completed instructions: 14/4997, actively running or decoding instructions: 3, waiting windows: 3510/7016. Max active instruction index: 12
2024-11-18 22:28:41 | Simulation update: decoder round 147539, completed instructions: 14/4997, actively running or decoding instructions: 3, waiting windows: 3517/7030. Max active instruction index: 12
2024-11-18 22:28:51 | Simulation update: decoder round 147833, completed instructions: 14/4997, actively running or decoding instructions: 3, waiting windows: 3524/7044. Max active instruction index: 12
2024-11-18 22:29:01 | Simulation update: decoder round 148127, completed instructions: 14/4997, actively running or decoding instructions: 3, waiting windows: 3531/7058. Max active instruction index: 12
2024-11-18 22:29:11 | Simulation update: decoder round 148421, completed instructions: 14/4997, actively running or decoding instructions: 3, waiting windows: 3538/7072. Max active instruction index: 12
2024-11-18 22:29:22 | Simulation update: decoder round 148713, completed instructions: 14/4997, actively running or decoding instructions: 3, waiting windows: 3545/7085. Max active instruction index: 12
2024-11-18 22:29:32 | Simulation update: decoder round 149007, completed instructions: 14/4997, actively running or decoding instructions: 3, waiting windows: 3552/7099. Max active instruction index: 12
2024-11-18 22:29:42 | Simulation update: decoder round 149301, completed instructions: 14/4997, actively running or decoding instructions: 3, waiting windows: 3559/7113. Max active instruction index: 12
2024-11-18 22:29:52 | Simulation update: decoder round 149595, completed instructions: 14/4997, actively running or decoding instructions: 3, waiting windows: 3566/7127. Max active instruction index: 12
2024-11-18 22:30:03 | Simulation update: decoder round 149889, completed instructions: 14/4997, actively running or decoding instructions: 3, waiting windows: 3573/7141. Max active instruction index: 12
2024-11-18 22:30:13 | Simulation update: decoder round 150183, completed instructions: 14/4997, actively running or decoding instructions: 3, waiting windows: 3580/7155. Max active instruction index: 12
2024-11-18 22:30:24 | Simulation update: decoder round 150477, completed instructions: 14/4997, actively running or decoding instructions: 3, waiting windows: 3587/7169. Max active instruction index: 12
2024-11-18 22:30:34 | Simulation update: decoder round 150771, completed instructions: 14/4997, actively running or decoding instructions: 3, waiting windows: 3594/7183. Max active instruction index: 12
2024-11-18 22:30:44 | Simulation update: decoder round 151065, completed instructions: 14/4997, actively running or decoding instructions: 3, waiting windows: 3601/7197. Max active instruction index: 12
2024-11-18 22:30:55 | Simulation update: decoder round 151359, completed instructions: 14/4997, actively running or decoding instructions: 3, waiting windows: 3608/7211. Max active instruction index: 12
2024-11-18 22:31:06 | Simulation update: decoder round 151653, completed instructions: 14/4997, actively running or decoding instructions: 3, waiting windows: 3615/7225. Max active instruction index: 12
2024-11-18 22:31:16 | Simulation update: decoder round 151947, completed instructions: 14/4997, actively running or decoding instructions: 3, waiting windows: 3622/7239. Max active instruction index: 12
2024-11-18 22:31:27 | Simulation update: decoder round 152241, completed instructions: 14/4997, actively running or decoding instructions: 3, waiting windows: 3629/7253. Max active instruction index: 12
2024-11-18 22:31:37 | Simulation update: decoder round 152534, completed instructions: 14/4997, actively running or decoding instructions: 3, waiting windows: 3636/7267. Max active instruction index: 12
2024-11-18 22:31:47 | Simulation update: decoder round 152789, completed instructions: 14/4997, actively running or decoding instructions: 3, waiting windows: 3642/7280. Max active instruction index: 12
2024-11-18 22:31:58 | Simulation update: decoder round 153081, completed instructions: 14/4997, actively running or decoding instructions: 3, waiting windows: 3649/7293. Max active instruction index: 12
2024-11-18 22:32:08 | Simulation update: decoder round 153359, completed instructions: 14/4997, actively running or decoding instructions: 3, waiting windows: 3656/7307. Max active instruction index: 12
2024-11-18 22:32:18 | Simulation update: decoder round 153627, completed instructions: 14/4997, actively running or decoding instructions: 3, waiting windows: 3662/7319. Max active instruction index: 12
2024-11-18 22:32:28 | Simulation update: decoder round 153905, completed instructions: 14/4997, actively running or decoding instructions: 3, waiting windows: 3669/7333. Max active instruction index: 12
2024-11-18 22:32:38 | Simulation update: decoder round 154173, completed instructions: 14/4997, actively running or decoding instructions: 3, waiting windows: 3675/7345. Max active instruction index: 12
2024-11-18 22:32:48 | Simulation update: decoder round 154458, completed instructions: 14/4997, actively running or decoding instructions: 3, waiting windows: 3682/7359. Max active instruction index: 12
2024-11-18 22:32:58 | Simulation update: decoder round 154719, completed instructions: 14/4997, actively running or decoding instructions: 3, waiting windows: 3688/7371. Max active instruction index: 12
2024-11-18 22:33:08 | Simulation update: decoder round 154997, completed instructions: 14/4997, actively running or decoding instructions: 3, waiting windows: 3695/7385. Max active instruction index: 12
2024-11-18 22:33:18 | Simulation update: decoder round 155265, completed instructions: 14/4997, actively running or decoding instructions: 3, waiting windows: 3701/7397. Max active instruction index: 12
2024-11-18 22:33:28 | Simulation update: decoder round 155527, completed instructions: 14/4997, actively running or decoding instructions: 3, waiting windows: 3707/7410. Max active instruction index: 12
2024-11-18 22:33:39 | Simulation update: decoder round 155811, completed instructions: 14/4997, actively running or decoding instructions: 3, waiting windows: 3714/7423. Max active instruction index: 12
2024-11-18 22:33:49 | Simulation update: decoder round 156082, completed instructions: 14/4997, actively running or decoding instructions: 3, waiting windows: 3720/7436. Max active instruction index: 12
2024-11-18 22:34:00 | Simulation update: decoder round 156357, completed instructions: 14/4997, actively running or decoding instructions: 3, waiting windows: 3727/7449. Max active instruction index: 12
2024-11-18 22:34:10 | Simulation update: decoder round 156617, completed instructions: 14/4997, actively running or decoding instructions: 3, waiting windows: 3733/7462. Max active instruction index: 12
2024-11-18 22:34:20 | Simulation update: decoder round 156899, completed instructions: 14/4997, actively running or decoding instructions: 3, waiting windows: 3740/7475. Max active instruction index: 12
2024-11-18 22:34:30 | Simulation update: decoder round 157155, completed instructions: 14/4997, actively running or decoding instructions: 3, waiting windows: 3746/7487. Max active instruction index: 12
2024-11-18 22:34:40 | Simulation update: decoder round 157415, completed instructions: 14/4997, actively running or decoding instructions: 3, waiting windows: 3752/7500. Max active instruction index: 12
2024-11-18 22:34:51 | Simulation update: decoder round 157685, completed instructions: 14/4997, actively running or decoding instructions: 3, waiting windows: 3759/7513. Max active instruction index: 12
2024-11-18 22:35:01 | Simulation update: decoder round 157953, completed instructions: 14/4997, actively running or decoding instructions: 3, waiting windows: 3765/7525. Max active instruction index: 12
2024-11-18 22:35:11 | Simulation update: decoder round 158213, completed instructions: 14/4997, actively running or decoding instructions: 3, waiting windows: 3771/7538. Max active instruction index: 12
2024-11-18 22:35:22 | Simulation update: decoder round 158483, completed instructions: 14/4997, actively running or decoding instructions: 3, waiting windows: 3778/7551. Max active instruction index: 12
2024-11-18 22:35:32 | Simulation update: decoder round 158751, completed instructions: 14/4997, actively running or decoding instructions: 3, waiting windows: 3784/7563. Max active instruction index: 12
2024-11-18 22:35:42 | Simulation update: decoder round 159006, completed instructions: 14/4997, actively running or decoding instructions: 3, waiting windows: 3790/7576. Max active instruction index: 12
2024-11-18 22:35:53 | Simulation update: decoder round 159263, completed instructions: 14/4997, actively running or decoding instructions: 3, waiting windows: 3796/7588. Max active instruction index: 12
2024-11-18 22:36:03 | Simulation update: decoder round 159533, completed instructions: 14/4997, actively running or decoding instructions: 3, waiting windows: 3803/7601. Max active instruction index: 12
2024-11-18 22:36:13 | Simulation update: decoder round 159789, completed instructions: 14/4997, actively running or decoding instructions: 3, waiting windows: 3809/7613. Max active instruction index: 12
2024-11-18 22:36:24 | Simulation update: decoder round 160053, completed instructions: 14/4997, actively running or decoding instructions: 3, waiting windows: 3815/7625. Max active instruction index: 12
2024-11-18 22:36:34 | Simulation update: decoder round 160305, completed instructions: 14/4997, actively running or decoding instructions: 3, waiting windows: 3821/7637. Max active instruction index: 12
2024-11-18 22:36:44 | Simulation update: decoder round 160557, completed instructions: 14/4997, actively running or decoding instructions: 3, waiting windows: 3827/7649. Max active instruction index: 12
2024-11-18 22:36:54 | Simulation update: decoder round 160809, completed instructions: 14/4997, actively running or decoding instructions: 3, waiting windows: 3833/7661. Max active instruction index: 12
2024-11-18 22:37:04 | Simulation update: decoder round 161061, completed instructions: 14/4997, actively running or decoding instructions: 3, waiting windows: 3839/7673. Max active instruction index: 12
2024-11-18 22:37:14 | Simulation update: decoder round 161313, completed instructions: 14/4997, actively running or decoding instructions: 3, waiting windows: 3845/7685. Max active instruction index: 12
2024-11-18 22:37:24 | Simulation update: decoder round 161565, completed instructions: 14/4997, actively running or decoding instructions: 3, waiting windows: 3851/7697. Max active instruction index: 12
2024-11-18 22:37:34 | Simulation update: decoder round 161817, completed instructions: 14/4997, actively running or decoding instructions: 3, waiting windows: 3857/7709. Max active instruction index: 12
2024-11-18 22:37:45 | Simulation update: decoder round 162069, completed instructions: 14/4997, actively running or decoding instructions: 3, waiting windows: 3863/7721. Max active instruction index: 12
2024-11-18 22:37:55 | Simulation update: decoder round 162321, completed instructions: 14/4997, actively running or decoding instructions: 3, waiting windows: 3869/7733. Max active instruction index: 12
2024-11-18 22:38:05 | Simulation update: decoder round 162573, completed instructions: 14/4997, actively running or decoding instructions: 3, waiting windows: 3875/7745. Max active instruction index: 12
2024-11-18 22:38:16 | Simulation update: decoder round 162825, completed instructions: 14/4997, actively running or decoding instructions: 3, waiting windows: 3881/7757. Max active instruction index: 12
2024-11-18 22:38:26 | Simulation update: decoder round 163077, completed instructions: 14/4997, actively running or decoding instructions: 3, waiting windows: 3887/7769. Max active instruction index: 12
2024-11-18 22:38:36 | Simulation update: decoder round 163329, completed instructions: 14/4997, actively running or decoding instructions: 3, waiting windows: 3893/7781. Max active instruction index: 12
2024-11-18 22:38:47 | Simulation update: decoder round 163581, completed instructions: 14/4997, actively running or decoding instructions: 3, waiting windows: 3899/7793. Max active instruction index: 12
2024-11-18 22:38:57 | Simulation update: decoder round 163833, completed instructions: 14/4997, actively running or decoding instructions: 3, waiting windows: 3905/7805. Max active instruction index: 12
2024-11-18 22:39:08 | Simulation update: decoder round 164085, completed instructions: 14/4997, actively running or decoding instructions: 3, waiting windows: 3911/7817. Max active instruction index: 12
2024-11-18 22:39:18 | Simulation update: decoder round 164337, completed instructions: 14/4997, actively running or decoding instructions: 3, waiting windows: 3917/7829. Max active instruction index: 12
2024-11-18 22:39:29 | Simulation update: decoder round 164589, completed instructions: 14/4997, actively running or decoding instructions: 3, waiting windows: 3923/7841. Max active instruction index: 12
2024-11-18 22:39:40 | Simulation update: decoder round 164841, completed instructions: 14/4997, actively running or decoding instructions: 3, waiting windows: 3929/7853. Max active instruction index: 12
2024-11-18 22:39:50 | Simulation update: decoder round 165093, completed instructions: 14/4997, actively running or decoding instructions: 3, waiting windows: 3935/7865. Max active instruction index: 12
2024-11-18 22:40:01 | Simulation update: decoder round 165345, completed instructions: 14/4997, actively running or decoding instructions: 3, waiting windows: 3941/7877. Max active instruction index: 12
2024-11-18 22:40:11 | Simulation update: decoder round 165597, completed instructions: 14/4997, actively running or decoding instructions: 3, waiting windows: 3947/7889. Max active instruction index: 12
2024-11-18 22:40:22 | Simulation update: decoder round 165849, completed instructions: 14/4997, actively running or decoding instructions: 3, waiting windows: 3953/7901. Max active instruction index: 12
2024-11-18 22:40:33 | Simulation update: decoder round 166101, completed instructions: 14/4997, actively running or decoding instructions: 3, waiting windows: 3959/7913. Max active instruction index: 12
2024-11-18 22:40:44 | Simulation update: decoder round 166353, completed instructions: 14/4997, actively running or decoding instructions: 3, waiting windows: 3965/7925. Max active instruction index: 12
2024-11-18 22:40:54 | Simulation update: decoder round 166605, completed instructions: 14/4997, actively running or decoding instructions: 3, waiting windows: 3971/7937. Max active instruction index: 12
2024-11-18 22:41:05 | Simulation update: decoder round 166857, completed instructions: 14/4997, actively running or decoding instructions: 3, waiting windows: 3977/7949. Max active instruction index: 12
2024-11-18 22:41:16 | Simulation update: decoder round 167109, completed instructions: 14/4997, actively running or decoding instructions: 3, waiting windows: 3983/7961. Max active instruction index: 12
2024-11-18 22:41:27 | Simulation update: decoder round 167361, completed instructions: 14/4997, actively running or decoding instructions: 3, waiting windows: 3989/7973. Max active instruction index: 12
2024-11-18 22:41:38 | Simulation update: decoder round 167613, completed instructions: 14/4997, actively running or decoding instructions: 3, waiting windows: 3995/7985. Max active instruction index: 12
2024-11-18 22:41:49 | Simulation update: decoder round 167865, completed instructions: 14/4997, actively running or decoding instructions: 3, waiting windows: 4001/7997. Max active instruction index: 12
2024-11-18 22:41:59 | Simulation update: decoder round 168115, completed instructions: 14/4997, actively running or decoding instructions: 3, waiting windows: 4007/8009. Max active instruction index: 12
2024-11-18 22:42:09 | Simulation update: decoder round 168327, completed instructions: 14/4997, actively running or decoding instructions: 3, waiting windows: 4012/8019. Max active instruction index: 12
2024-11-18 22:42:19 | Simulation update: decoder round 168569, completed instructions: 14/4997, actively running or decoding instructions: 3, waiting windows: 4018/8031. Max active instruction index: 12
2024-11-18 22:42:29 | Simulation update: decoder round 168789, completed instructions: 14/4997, actively running or decoding instructions: 3, waiting windows: 4023/8041. Max active instruction index: 12
2024-11-18 22:42:39 | Simulation update: decoder round 169025, completed instructions: 14/4997, actively running or decoding instructions: 3, waiting windows: 4029/8053. Max active instruction index: 12
2024-11-18 22:42:50 | Simulation update: decoder round 169251, completed instructions: 14/4997, actively running or decoding instructions: 3, waiting windows: 4034/8063. Max active instruction index: 12
2024-11-18 22:43:00 | Simulation update: decoder round 169487, completed instructions: 14/4997, actively running or decoding instructions: 3, waiting windows: 4040/8075. Max active instruction index: 12
2024-11-18 22:43:10 | Simulation update: decoder round 169713, completed instructions: 14/4997, actively running or decoding instructions: 3, waiting windows: 4045/8085. Max active instruction index: 12
2024-11-18 22:43:20 | Simulation update: decoder round 169949, completed instructions: 14/4997, actively running or decoding instructions: 3, waiting windows: 4051/8097. Max active instruction index: 12
2024-11-18 22:43:31 | Simulation update: decoder round 170175, completed instructions: 14/4997, actively running or decoding instructions: 3, waiting windows: 4056/8107. Max active instruction index: 12
2024-11-18 22:43:41 | Simulation update: decoder round 170411, completed instructions: 14/4997, actively running or decoding instructions: 3, waiting windows: 4062/8119. Max active instruction index: 12
2024-11-18 22:43:51 | Simulation update: decoder round 170637, completed instructions: 14/4997, actively running or decoding instructions: 3, waiting windows: 4067/8129. Max active instruction index: 12
2024-11-18 22:44:01 | Simulation update: decoder round 170873, completed instructions: 14/4997, actively running or decoding instructions: 3, waiting windows: 4073/8141. Max active instruction index: 12
2024-11-18 22:44:12 | Simulation update: decoder round 171099, completed instructions: 14/4997, actively running or decoding instructions: 3, waiting windows: 4078/8151. Max active instruction index: 12
2024-11-18 22:44:22 | Simulation update: decoder round 171335, completed instructions: 14/4997, actively running or decoding instructions: 3, waiting windows: 4084/8163. Max active instruction index: 12
2024-11-18 22:44:33 | Simulation update: decoder round 171561, completed instructions: 14/4997, actively running or decoding instructions: 3, waiting windows: 4089/8173. Max active instruction index: 12
2024-11-18 22:44:43 | Simulation update: decoder round 171787, completed instructions: 14/4997, actively running or decoding instructions: 3, waiting windows: 4094/8184. Max active instruction index: 12
2024-11-18 22:44:54 | Simulation update: decoder round 172023, completed instructions: 14/4997, actively running or decoding instructions: 3, waiting windows: 4100/8195. Max active instruction index: 12
2024-11-18 22:45:04 | Simulation update: decoder round 172241, completed instructions: 14/4997, actively running or decoding instructions: 3, waiting windows: 4105/8206. Max active instruction index: 12
2024-11-18 22:45:15 | Simulation update: decoder round 172485, completed instructions: 14/4997, actively running or decoding instructions: 3, waiting windows: 4111/8217. Max active instruction index: 12
2024-11-18 22:45:25 | Simulation update: decoder round 172703, completed instructions: 14/4997, actively running or decoding instructions: 3, waiting windows: 4116/8228. Max active instruction index: 12
2024-11-18 22:45:35 | Simulation update: decoder round 172944, completed instructions: 14/4997, actively running or decoding instructions: 3, waiting windows: 4122/8239. Max active instruction index: 12
2024-11-18 22:45:46 | Simulation update: decoder round 173157, completed instructions: 14/4997, actively running or decoding instructions: 3, waiting windows: 4127/8249. Max active instruction index: 12
2024-11-18 22:45:56 | Simulation update: decoder round 173375, completed instructions: 14/4997, actively running or decoding instructions: 3, waiting windows: 4132/8260. Max active instruction index: 12
2024-11-18 22:46:06 | Simulation update: decoder round 173603, completed instructions: 14/4997, actively running or decoding instructions: 3, waiting windows: 4138/8271. Max active instruction index: 12
2024-11-18 22:46:17 | Simulation update: decoder round 173829, completed instructions: 14/4997, actively running or decoding instructions: 3, waiting windows: 4143/8281. Max active instruction index: 12
2024-11-18 22:46:27 | Simulation update: decoder round 174047, completed instructions: 14/4997, actively running or decoding instructions: 3, waiting windows: 4148/8292. Max active instruction index: 12
2024-11-18 22:46:37 | Simulation update: decoder round 174275, completed instructions: 14/4997, actively running or decoding instructions: 3, waiting windows: 4154/8303. Max active instruction index: 12
2024-11-18 22:46:48 | Simulation update: decoder round 174501, completed instructions: 14/4997, actively running or decoding instructions: 3, waiting windows: 4159/8313. Max active instruction index: 12
2024-11-18 22:46:58 | Simulation update: decoder round 174719, completed instructions: 14/4997, actively running or decoding instructions: 3, waiting windows: 4164/8324. Max active instruction index: 12
2024-11-18 22:47:09 | Simulation update: decoder round 174947, completed instructions: 14/4997, actively running or decoding instructions: 3, waiting windows: 4170/8335. Max active instruction index: 12
2024-11-18 22:47:19 | Simulation update: decoder round 175173, completed instructions: 14/4997, actively running or decoding instructions: 3, waiting windows: 4175/8345. Max active instruction index: 12
2024-11-18 22:47:29 | Simulation update: decoder round 175385, completed instructions: 14/4997, actively running or decoding instructions: 3, waiting windows: 4180/8356. Max active instruction index: 12
2024-11-18 22:47:40 | Simulation update: decoder round 175601, completed instructions: 14/4997, actively running or decoding instructions: 3, waiting windows: 4185/8366. Max active instruction index: 12
2024-11-18 22:47:50 | Simulation update: decoder round 175826, completed instructions: 14/4997, actively running or decoding instructions: 3, waiting windows: 4191/8377. Max active instruction index: 12
2024-11-18 22:48:00 | Simulation update: decoder round 176025, completed instructions: 14/4997, actively running or decoding instructions: 3, waiting windows: 4195/8386. Max active instruction index: 12
2024-11-18 22:48:10 | Simulation update: decoder round 176249, completed instructions: 14/4997, actively running or decoding instructions: 3, waiting windows: 4201/8397. Max active instruction index: 12
2024-11-18 22:48:20 | Simulation update: decoder round 176459, completed instructions: 14/4997, actively running or decoding instructions: 3, waiting windows: 4206/8407. Max active instruction index: 12
2024-11-18 22:48:31 | Simulation update: decoder round 176685, completed instructions: 14/4997, actively running or decoding instructions: 3, waiting windows: 4211/8417. Max active instruction index: 12
2024-11-18 22:48:41 | Simulation update: decoder round 176895, completed instructions: 14/4997, actively running or decoding instructions: 3, waiting windows: 4216/8427. Max active instruction index: 12
2024-11-18 22:48:51 | Simulation update: decoder round 177105, completed instructions: 14/4997, actively running or decoding instructions: 3, waiting windows: 4221/8437. Max active instruction index: 12
2024-11-18 22:49:01 | Simulation update: decoder round 177315, completed instructions: 14/4997, actively running or decoding instructions: 3, waiting windows: 4226/8447. Max active instruction index: 12
2024-11-18 22:49:11 | Simulation update: decoder round 177525, completed instructions: 14/4997, actively running or decoding instructions: 3, waiting windows: 4231/8457. Max active instruction index: 12
2024-11-18 22:49:22 | Simulation update: decoder round 177735, completed instructions: 14/4997, actively running or decoding instructions: 3, waiting windows: 4236/8467. Max active instruction index: 12
2024-11-18 22:49:32 | Simulation update: decoder round 177945, completed instructions: 14/4997, actively running or decoding instructions: 3, waiting windows: 4241/8477. Max active instruction index: 12
2024-11-18 22:49:42 | Simulation update: decoder round 178155, completed instructions: 14/4997, actively running or decoding instructions: 3, waiting windows: 4246/8487. Max active instruction index: 12
2024-11-18 22:49:52 | Simulation update: decoder round 178365, completed instructions: 14/4997, actively running or decoding instructions: 3, waiting windows: 4251/8497. Max active instruction index: 12
2024-11-18 22:50:03 | Simulation update: decoder round 178575, completed instructions: 14/4997, actively running or decoding instructions: 3, waiting windows: 4256/8507. Max active instruction index: 12
2024-11-18 22:50:13 | Simulation update: decoder round 178785, completed instructions: 14/4997, actively running or decoding instructions: 3, waiting windows: 4261/8517. Max active instruction index: 12
2024-11-18 22:50:23 | Simulation update: decoder round 178995, completed instructions: 14/4997, actively running or decoding instructions: 3, waiting windows: 4266/8527. Max active instruction index: 12
2024-11-18 22:50:34 | Simulation update: decoder round 179205, completed instructions: 14/4997, actively running or decoding instructions: 3, waiting windows: 4271/8537. Max active instruction index: 12
2024-11-18 22:50:44 | Simulation update: decoder round 179415, completed instructions: 14/4997, actively running or decoding instructions: 3, waiting windows: 4276/8547. Max active instruction index: 12
2024-11-18 22:50:54 | Simulation update: decoder round 179625, completed instructions: 14/4997, actively running or decoding instructions: 3, waiting windows: 4281/8557. Max active instruction index: 12
2024-11-18 22:51:05 | Simulation update: decoder round 179835, completed instructions: 14/4997, actively running or decoding instructions: 3, waiting windows: 4286/8567. Max active instruction index: 12
2024-11-18 22:51:15 | Simulation update: decoder round 180045, completed instructions: 14/4997, actively running or decoding instructions: 3, waiting windows: 4291/8577. Max active instruction index: 12
2024-11-18 22:51:26 | Simulation update: decoder round 180255, completed instructions: 14/4997, actively running or decoding instructions: 3, waiting windows: 4296/8587. Max active instruction index: 12
2024-11-18 22:51:36 | Simulation update: decoder round 180465, completed instructions: 14/4997, actively running or decoding instructions: 3, waiting windows: 4301/8597. Max active instruction index: 12
2024-11-18 22:51:47 | Simulation update: decoder round 180675, completed instructions: 14/4997, actively running or decoding instructions: 3, waiting windows: 4306/8607. Max active instruction index: 12
2024-11-18 22:51:57 | Simulation update: decoder round 180885, completed instructions: 14/4997, actively running or decoding instructions: 3, waiting windows: 4311/8617. Max active instruction index: 12
2024-11-18 22:52:06 | Finished simulation
2024-11-18 22:52:06 | Finished saving output. Done! Total elapsed time: 0:55:00.736983
