CONFIG 207
benchmark_file: slurm/data/20241114_111657/benchmarks/rz_seq_10.lss
decoder_latency_or_dist_filename: lambda volume: volume*3.593813663804626
distance: 21
lightweight_setting: 1
max_parallel_processes: None
missed_speculation_modifier: 1.4
poison_policy: successors
rng: 0
scheduling_method: aligned
speculation_accuracy: 0.6000000000000001
speculation_latency: 1
speculation_mode: separate
2024-11-14 11:17:23 | Loading benchmark slurm/data/20241114_111657/benchmarks/rz_seq_10.lss...
2024-11-14 11:17:23 | Starting simulation
2024-11-14 11:17:24 | Simulation update: decoder round 1, completed instructions: 0/5486, actively running or decoding instructions: 1, waiting windows: 0/0. Max active instruction index: 1
2024-11-14 11:17:34 | Simulation update: decoder round 55591, completed instructions: 843/5486, actively running or decoding instructions: 3, waiting windows: 2295/5154. Max active instruction index: 839
2024-11-14 11:17:44 | Simulation update: decoder round 112073, completed instructions: 1688/5486, actively running or decoding instructions: 2, waiting windows: 4562/10288. Max active instruction index: 1687
2024-11-14 11:17:54 | Simulation update: decoder round 167448, completed instructions: 2525/5486, actively running or decoding instructions: 3, waiting windows: 6819/15392. Max active instruction index: 2521
2024-11-14 11:18:04 | Simulation update: decoder round 223628, completed instructions: 3388/5486, actively running or decoding instructions: 2, waiting windows: 9090/20534. Max active instruction index: 3384
2024-11-14 11:18:14 | Simulation update: decoder round 279488, completed instructions: 4226/5486, actively running or decoding instructions: 3, waiting windows: 11375/25706. Max active instruction index: 4222
2024-11-14 11:18:24 | Simulation update: decoder round 334354, completed instructions: 5048/5486, actively running or decoding instructions: 3, waiting windows: 13632/30809. Max active instruction index: 5044
2024-11-14 11:18:29 | Finished simulation
2024-11-14 11:18:30 | Finished saving output. Done! Total elapsed time: 0:01:07.001330
