CONFIG 219
benchmark_file: slurm/data/20241114_111657/benchmarks/rz_seq_10.lss
decoder_latency_or_dist_filename: lambda volume: volume*10.0
distance: 21
lightweight_setting: 1
max_parallel_processes: None
missed_speculation_modifier: 1.4
poison_policy: successors
rng: 0
scheduling_method: sliding
speculation_accuracy: 0.7000000000000001
speculation_latency: 1
speculation_mode: separate
2024-11-14 11:17:23 | Loading benchmark slurm/data/20241114_111657/benchmarks/rz_seq_10.lss...
2024-11-14 11:17:23 | Starting simulation
2024-11-14 11:17:24 | Simulation update: decoder round 1, completed instructions: 0/5486, actively running or decoding instructions: 1, waiting windows: 0/0. Max active instruction index: 1
2024-11-14 11:17:34 | Simulation update: decoder round 12240, completed instructions: 46/5486, actively running or decoding instructions: 2, waiting windows: 50/990. Max active instruction index: 42
2024-11-14 11:17:44 | Simulation update: decoder round 24017, completed instructions: 92/5486, actively running or decoding instructions: 3, waiting windows: 54/2044. Max active instruction index: 88
2024-11-14 11:17:54 | Simulation update: decoder round 35636, completed instructions: 124/5486, actively running or decoding instructions: 2, waiting windows: 53/3030. Max active instruction index: 120
2024-11-14 11:18:04 | Simulation update: decoder round 45824, completed instructions: 157/5486, actively running or decoding instructions: 3, waiting windows: 57/4006. Max active instruction index: 153
2024-11-14 11:18:14 | Simulation update: decoder round 56297, completed instructions: 195/5486, actively running or decoding instructions: 3, waiting windows: 58/5010. Max active instruction index: 191
2024-11-14 11:18:24 | Simulation update: decoder round 67641, completed instructions: 238/5486, actively running or decoding instructions: 2, waiting windows: 54/6100. Max active instruction index: 234
2024-11-14 11:18:34 | Simulation update: decoder round 78107, completed instructions: 271/5486, actively running or decoding instructions: 2, waiting windows: 52/7102. Max active instruction index: 267
2024-11-14 11:18:44 | Simulation update: decoder round 89322, completed instructions: 305/5486, actively running or decoding instructions: 3, waiting windows: 57/8091. Max active instruction index: 301
2024-11-14 11:18:54 | Simulation update: decoder round 100892, completed instructions: 353/5486, actively running or decoding instructions: 3, waiting windows: 54/9142. Max active instruction index: 349
2024-11-14 11:19:04 | Simulation update: decoder round 111473, completed instructions: 386/5486, actively running or decoding instructions: 2, waiting windows: 54/10158. Max active instruction index: 382
2024-11-14 11:19:14 | Simulation update: decoder round 122739, completed instructions: 434/5486, actively running or decoding instructions: 3, waiting windows: 56/11171. Max active instruction index: 430
2024-11-14 11:19:24 | Simulation update: decoder round 134183, completed instructions: 475/5486, actively running or decoding instructions: 2, waiting windows: 56/12167. Max active instruction index: 471
2024-11-14 11:19:34 | Simulation update: decoder round 147231, completed instructions: 516/5486, actively running or decoding instructions: 2, waiting windows: 29/13170. Max active instruction index: 513
2024-11-14 11:19:44 | Simulation update: decoder round 158561, completed instructions: 563/5486, actively running or decoding instructions: 3, waiting windows: 53/14231. Max active instruction index: 559
2024-11-14 11:19:54 | Simulation update: decoder round 169038, completed instructions: 595/5486, actively running or decoding instructions: 2, waiting windows: 51/15233. Max active instruction index: 591
2024-11-14 11:20:04 | Simulation update: decoder round 180788, completed instructions: 645/5486, actively running or decoding instructions: 3, waiting windows: 56/16308. Max active instruction index: 641
2024-11-14 11:20:14 | Simulation update: decoder round 191946, completed instructions: 683/5486, actively running or decoding instructions: 3, waiting windows: 60/17294. Max active instruction index: 679
2024-11-14 11:20:24 | Simulation update: decoder round 202656, completed instructions: 723/5486, actively running or decoding instructions: 3, waiting windows: 54/18256. Max active instruction index: 719
2024-11-14 11:20:34 | Simulation update: decoder round 213423, completed instructions: 761/5486, actively running or decoding instructions: 3, waiting windows: 51/19292. Max active instruction index: 757
2024-11-14 11:20:44 | Simulation update: decoder round 224619, completed instructions: 800/5486, actively running or decoding instructions: 3, waiting windows: 56/20364. Max active instruction index: 796
2024-11-14 11:20:54 | Simulation update: decoder round 235397, completed instructions: 837/5486, actively running or decoding instructions: 2, waiting windows: 54/21396. Max active instruction index: 833
2024-11-14 11:21:04 | Simulation update: decoder round 245717, completed instructions: 871/5486, actively running or decoding instructions: 3, waiting windows: 56/22386. Max active instruction index: 867
2024-11-14 11:21:14 | Simulation update: decoder round 257679, completed instructions: 920/5486, actively running or decoding instructions: 2, waiting windows: 54/23402. Max active instruction index: 916
2024-11-14 11:21:24 | Simulation update: decoder round 268497, completed instructions: 956/5486, actively running or decoding instructions: 3, waiting windows: 61/24440. Max active instruction index: 952
2024-11-14 11:21:34 | Simulation update: decoder round 279171, completed instructions: 994/5486, actively running or decoding instructions: 2, waiting windows: 55/25460. Max active instruction index: 990
2024-11-14 11:21:44 | Simulation update: decoder round 290712, completed instructions: 1037/5486, actively running or decoding instructions: 4, waiting windows: 50/26435. Max active instruction index: 1033
2024-11-14 11:21:54 | Simulation update: decoder round 301786, completed instructions: 1079/5486, actively running or decoding instructions: 2, waiting windows: 57/27499. Max active instruction index: 1075
2024-11-14 11:22:04 | Simulation update: decoder round 312301, completed instructions: 1111/5486, actively running or decoding instructions: 3, waiting windows: 32/28457. Max active instruction index: 1108
2024-11-14 11:22:14 | Simulation update: decoder round 324787, completed instructions: 1157/5486, actively running or decoding instructions: 2, waiting windows: 56/29480. Max active instruction index: 1153
2024-11-14 11:22:24 | Simulation update: decoder round 335483, completed instructions: 1189/5486, actively running or decoding instructions: 3, waiting windows: 52/30506. Max active instruction index: 1185
2024-11-14 11:22:34 | Simulation update: decoder round 346168, completed instructions: 1231/5486, actively running or decoding instructions: 2, waiting windows: 55/31532. Max active instruction index: 1227
2024-11-14 11:22:44 | Simulation update: decoder round 356803, completed instructions: 1268/5486, actively running or decoding instructions: 2, waiting windows: 52/32494. Max active instruction index: 1264
2024-11-14 11:22:54 | Simulation update: decoder round 368531, completed instructions: 1308/5486, actively running or decoding instructions: 3, waiting windows: 56/33478. Max active instruction index: 1304
2024-11-14 11:23:04 | Simulation update: decoder round 379421, completed instructions: 1349/5486, actively running or decoding instructions: 2, waiting windows: 52/34520. Max active instruction index: 1345
2024-11-14 11:23:14 | Simulation update: decoder round 389753, completed instructions: 1381/5486, actively running or decoding instructions: 2, waiting windows: 58/35508. Max active instruction index: 1377
2024-11-14 11:23:24 | Simulation update: decoder round 401189, completed instructions: 1420/5486, actively running or decoding instructions: 3, waiting windows: 27/36469. Max active instruction index: 1417
2024-11-14 11:23:34 | Simulation update: decoder round 412921, completed instructions: 1466/5486, actively running or decoding instructions: 3, waiting windows: 59/37429. Max active instruction index: 1462
2024-11-14 11:23:44 | Simulation update: decoder round 423441, completed instructions: 1499/5486, actively running or decoding instructions: 3, waiting windows: 55/38437. Max active instruction index: 1495
2024-11-14 11:23:54 | Simulation update: decoder round 434885, completed instructions: 1530/5486, actively running or decoding instructions: 2, waiting windows: 27/39386. Max active instruction index: 1527
2024-11-14 11:24:04 | Simulation update: decoder round 447500, completed instructions: 1583/5486, actively running or decoding instructions: 3, waiting windows: 52/40472. Max active instruction index: 1579
2024-11-14 11:24:14 | Simulation update: decoder round 459177, completed instructions: 1621/5486, actively running or decoding instructions: 3, waiting windows: 55/41480. Max active instruction index: 1617
2024-11-14 11:24:24 | Simulation update: decoder round 471073, completed instructions: 1667/5486, actively running or decoding instructions: 3, waiting windows: 63/42469. Max active instruction index: 1663
2024-11-14 11:24:34 | Simulation update: decoder round 481260, completed instructions: 1699/5486, actively running or decoding instructions: 3, waiting windows: 56/43441. Max active instruction index: 1695
2024-11-14 11:24:44 | Simulation update: decoder round 494155, completed instructions: 1732/5486, actively running or decoding instructions: 2, waiting windows: 53/44435. Max active instruction index: 1728
2024-11-14 11:24:54 | Simulation update: decoder round 504602, completed instructions: 1765/5486, actively running or decoding instructions: 2, waiting windows: 29/45382. Max active instruction index: 1762
2024-11-14 11:25:04 | Simulation update: decoder round 516776, completed instructions: 1816/5486, actively running or decoding instructions: 3, waiting windows: 55/46454. Max active instruction index: 1812
2024-11-14 11:25:14 | Simulation update: decoder round 527890, completed instructions: 1858/5486, actively running or decoding instructions: 2, waiting windows: 57/47456. Max active instruction index: 1854
2024-11-14 11:25:24 | Simulation update: decoder round 541289, completed instructions: 1899/5486, actively running or decoding instructions: 3, waiting windows: 58/48411. Max active instruction index: 1895
2024-11-14 11:25:34 | Simulation update: decoder round 552619, completed instructions: 1939/5486, actively running or decoding instructions: 3, waiting windows: 54/49499. Max active instruction index: 1939
2024-11-14 11:25:44 | Simulation update: decoder round 563684, completed instructions: 1982/5486, actively running or decoding instructions: 3, waiting windows: 54/50502. Max active instruction index: 1978
2024-11-14 11:25:54 | Simulation update: decoder round 574666, completed instructions: 2024/5486, actively running or decoding instructions: 2, waiting windows: 54/51499. Max active instruction index: 2020
2024-11-14 11:26:04 | Simulation update: decoder round 586975, completed instructions: 2064/5486, actively running or decoding instructions: 2, waiting windows: 59/52555. Max active instruction index: 2060
2024-11-14 11:26:14 | Simulation update: decoder round 598086, completed instructions: 2101/5486, actively running or decoding instructions: 2, waiting windows: 55/53615. Max active instruction index: 2097
2024-11-14 11:26:24 | Simulation update: decoder round 608515, completed instructions: 2138/5486, actively running or decoding instructions: 3, waiting windows: 55/54613. Max active instruction index: 2134
2024-11-14 11:26:34 | Simulation update: decoder round 620120, completed instructions: 2170/5486, actively running or decoding instructions: 2, waiting windows: 53/55655. Max active instruction index: 2166
2024-11-14 11:26:44 | Simulation update: decoder round 631866, completed instructions: 2217/5486, actively running or decoding instructions: 4, waiting windows: 44/56627. Max active instruction index: 2213
2024-11-14 11:26:54 | Simulation update: decoder round 642608, completed instructions: 2256/5486, actively running or decoding instructions: 3, waiting windows: 54/57657. Max active instruction index: 2252
2024-11-14 11:27:04 | Simulation update: decoder round 653235, completed instructions: 2288/5486, actively running or decoding instructions: 2, waiting windows: 56/58675. Max active instruction index: 2284
2024-11-14 11:27:14 | Simulation update: decoder round 664459, completed instructions: 2333/5486, actively running or decoding instructions: 3, waiting windows: 56/59687. Max active instruction index: 2329
2024-11-14 11:27:24 | Simulation update: decoder round 676191, completed instructions: 2373/5486, actively running or decoding instructions: 3, waiting windows: 54/60701. Max active instruction index: 2369
2024-11-14 11:27:34 | Simulation update: decoder round 687110, completed instructions: 2425/5486, actively running or decoding instructions: 3, waiting windows: 57/61745. Max active instruction index: 2421
2024-11-14 11:27:44 | Simulation update: decoder round 698240, completed instructions: 2467/5486, actively running or decoding instructions: 2, waiting windows: 54/62807. Max active instruction index: 2463
2024-11-14 11:27:54 | Simulation update: decoder round 709478, completed instructions: 2510/5486, actively running or decoding instructions: 2, waiting windows: 53/63883. Max active instruction index: 2506
2024-11-14 11:28:04 | Simulation update: decoder round 719377, completed instructions: 2535/5486, actively running or decoding instructions: 3, waiting windows: 57/64827. Max active instruction index: 2531
2024-11-14 11:28:14 | Simulation update: decoder round 730597, completed instructions: 2576/5486, actively running or decoding instructions: 2, waiting windows: 55/65903. Max active instruction index: 2572
2024-11-14 11:28:24 | Simulation update: decoder round 740923, completed instructions: 2618/5486, actively running or decoding instructions: 3, waiting windows: 60/66895. Max active instruction index: 2614
2024-11-14 11:28:34 | Simulation update: decoder round 751890, completed instructions: 2656/5486, actively running or decoding instructions: 3, waiting windows: 53/67869. Max active instruction index: 2652
2024-11-14 11:28:44 | Simulation update: decoder round 762591, completed instructions: 2693/5486, actively running or decoding instructions: 3, waiting windows: 59/68895. Max active instruction index: 2690
2024-11-14 11:28:54 | Simulation update: decoder round 774405, completed instructions: 2728/5486, actively running or decoding instructions: 4, waiting windows: 51/69901. Max active instruction index: 2724
2024-11-14 11:29:04 | Simulation update: decoder round 786723, completed instructions: 2774/5486, actively running or decoding instructions: 3, waiting windows: 51/70935. Max active instruction index: 2770
2024-11-14 11:29:14 | Simulation update: decoder round 799108, completed instructions: 2822/5486, actively running or decoding instructions: 3, waiting windows: 60/71982. Max active instruction index: 2818
2024-11-14 11:29:24 | Simulation update: decoder round 810528, completed instructions: 2868/5486, actively running or decoding instructions: 3, waiting windows: 58/73078. Max active instruction index: 2864
2024-11-14 11:29:34 | Simulation update: decoder round 820857, completed instructions: 2900/5486, actively running or decoding instructions: 3, waiting windows: 54/74064. Max active instruction index: 2896
2024-11-14 11:29:44 | Simulation update: decoder round 831403, completed instructions: 2927/5486, actively running or decoding instructions: 2, waiting windows: 34/75055. Max active instruction index: 2924
2024-11-14 11:29:54 | Simulation update: decoder round 843442, completed instructions: 2971/5486, actively running or decoding instructions: 4, waiting windows: 45/76064. Max active instruction index: 2967
2024-11-14 11:30:04 | Simulation update: decoder round 855095, completed instructions: 3013/5486, actively running or decoding instructions: 3, waiting windows: 54/77178. Max active instruction index: 3009
2024-11-14 11:30:14 | Simulation update: decoder round 866180, completed instructions: 3052/5486, actively running or decoding instructions: 5, waiting windows: 29/78186. Max active instruction index: 3054
2024-11-14 11:30:24 | Simulation update: decoder round 876764, completed instructions: 3085/5486, actively running or decoding instructions: 3, waiting windows: 55/79199. Max active instruction index: 3081
2024-11-14 11:30:34 | Simulation update: decoder round 888120, completed instructions: 3124/5486, actively running or decoding instructions: 2, waiting windows: 58/80212. Max active instruction index: 3120
2024-11-14 11:30:44 | Simulation update: decoder round 897677, completed instructions: 3157/5486, actively running or decoding instructions: 3, waiting windows: 62/81126. Max active instruction index: 3153
2024-11-14 11:30:54 | Simulation update: decoder round 908582, completed instructions: 3189/5486, actively running or decoding instructions: 3, waiting windows: 52/82092. Max active instruction index: 3185
2024-11-14 11:31:04 | Simulation update: decoder round 920403, completed instructions: 3228/5486, actively running or decoding instructions: 4, waiting windows: 51/83081. Max active instruction index: 3224
2024-11-14 11:31:14 | Simulation update: decoder round 932916, completed instructions: 3278/5486, actively running or decoding instructions: 2, waiting windows: 49/84055. Max active instruction index: 3275
2024-11-14 11:31:24 | Simulation update: decoder round 945197, completed instructions: 3329/5486, actively running or decoding instructions: 2, waiting windows: 58/85040. Max active instruction index: 3325
2024-11-14 11:31:34 | Simulation update: decoder round 956726, completed instructions: 3361/5486, actively running or decoding instructions: 2, waiting windows: 55/86052. Max active instruction index: 3357
2024-11-14 11:31:44 | Simulation update: decoder round 967279, completed instructions: 3399/5486, actively running or decoding instructions: 2, waiting windows: 56/87060. Max active instruction index: 3395
2024-11-14 11:31:54 | Simulation update: decoder round 978061, completed instructions: 3442/5486, actively running or decoding instructions: 2, waiting windows: 52/88094. Max active instruction index: 3438
2024-11-14 11:32:04 | Simulation update: decoder round 988917, completed instructions: 3477/5486, actively running or decoding instructions: 4, waiting windows: 24/89048. Max active instruction index: 3477
2024-11-14 11:32:14 | Simulation update: decoder round 1000343, completed instructions: 3523/5486, actively running or decoding instructions: 4, waiting windows: 58/90145. Max active instruction index: 3524
2024-11-14 11:32:24 | Simulation update: decoder round 1012161, completed instructions: 3560/5486, actively running or decoding instructions: 3, waiting windows: 35/91131. Max active instruction index: 3557
2024-11-14 11:32:34 | Simulation update: decoder round 1023776, completed instructions: 3598/5486, actively running or decoding instructions: 3, waiting windows: 49/92159. Max active instruction index: 3594
2024-11-14 11:32:44 | Simulation update: decoder round 1035389, completed instructions: 3641/5486, actively running or decoding instructions: 2, waiting windows: 54/93218. Max active instruction index: 3637
2024-11-14 11:32:54 | Simulation update: decoder round 1046434, completed instructions: 3684/5486, actively running or decoding instructions: 2, waiting windows: 55/94274. Max active instruction index: 3680
2024-11-14 11:33:04 | Simulation update: decoder round 1057496, completed instructions: 3729/5486, actively running or decoding instructions: 2, waiting windows: 55/95283. Max active instruction index: 3725
2024-11-14 11:33:14 | Simulation update: decoder round 1068592, completed instructions: 3767/5486, actively running or decoding instructions: 2, waiting windows: 54/96278. Max active instruction index: 3763
2024-11-14 11:33:24 | Simulation update: decoder round 1080684, completed instructions: 3814/5486, actively running or decoding instructions: 2, waiting windows: 53/97295. Max active instruction index: 3814
2024-11-14 11:33:34 | Simulation update: decoder round 1091880, completed instructions: 3856/5486, actively running or decoding instructions: 2, waiting windows: 51/98307. Max active instruction index: 3852
2024-11-14 11:33:44 | Simulation update: decoder round 1102932, completed instructions: 3904/5486, actively running or decoding instructions: 2, waiting windows: 51/99369. Max active instruction index: 3900
2024-11-14 11:33:54 | Simulation update: decoder round 1113775, completed instructions: 3941/5486, actively running or decoding instructions: 2, waiting windows: 55/100368. Max active instruction index: 3937
2024-11-14 11:34:04 | Simulation update: decoder round 1124613, completed instructions: 3978/5486, actively running or decoding instructions: 2, waiting windows: 57/101406. Max active instruction index: 3974
2024-11-14 11:34:14 | Simulation update: decoder round 1135991, completed instructions: 4023/5486, actively running or decoding instructions: 3, waiting windows: 55/102434. Max active instruction index: 4019
2024-11-14 11:34:24 | Simulation update: decoder round 1146324, completed instructions: 4056/5486, actively running or decoding instructions: 2, waiting windows: 54/103426. Max active instruction index: 4056
2024-11-14 11:34:34 | Simulation update: decoder round 1157113, completed instructions: 4099/5486, actively running or decoding instructions: 2, waiting windows: 51/104456. Max active instruction index: 4095
2024-11-14 11:34:44 | Simulation update: decoder round 1168226, completed instructions: 4132/5486, actively running or decoding instructions: 2, waiting windows: 56/105449. Max active instruction index: 4128
2024-11-14 11:34:54 | Simulation update: decoder round 1179638, completed instructions: 4171/5486, actively running or decoding instructions: 3, waiting windows: 37/106384. Max active instruction index: 4168
2024-11-14 11:35:04 | Simulation update: decoder round 1191155, completed instructions: 4209/5486, actively running or decoding instructions: 3, waiting windows: 57/107362. Max active instruction index: 4205
2024-11-14 11:35:14 | Simulation update: decoder round 1201840, completed instructions: 4247/5486, actively running or decoding instructions: 2, waiting windows: 57/108344. Max active instruction index: 4243
2024-11-14 11:35:24 | Simulation update: decoder round 1212784, completed instructions: 4288/5486, actively running or decoding instructions: 3, waiting windows: 57/109319. Max active instruction index: 4284
2024-11-14 11:35:34 | Simulation update: decoder round 1225459, completed instructions: 4333/5486, actively running or decoding instructions: 3, waiting windows: 55/110335. Max active instruction index: 4329
2024-11-14 11:35:44 | Simulation update: decoder round 1236436, completed instructions: 4370/5486, actively running or decoding instructions: 3, waiting windows: 58/111383. Max active instruction index: 4366
2024-11-14 11:35:54 | Simulation update: decoder round 1247116, completed instructions: 4403/5486, actively running or decoding instructions: 3, waiting windows: 56/112407. Max active instruction index: 4399
2024-11-14 11:36:04 | Simulation update: decoder round 1257242, completed instructions: 4430/5486, actively running or decoding instructions: 2, waiting windows: 56/113377. Max active instruction index: 4426
2024-11-14 11:36:14 | Simulation update: decoder round 1269296, completed instructions: 4475/5486, actively running or decoding instructions: 2, waiting windows: 57/114379. Max active instruction index: 4471
2024-11-14 11:36:24 | Simulation update: decoder round 1280556, completed instructions: 4520/5486, actively running or decoding instructions: 3, waiting windows: 54/115457. Max active instruction index: 4516
2024-11-14 11:36:34 | Simulation update: decoder round 1292456, completed instructions: 4558/5486, actively running or decoding instructions: 2, waiting windows: 54/116456. Max active instruction index: 4554
2024-11-14 11:36:44 | Simulation update: decoder round 1303485, completed instructions: 4602/5486, actively running or decoding instructions: 2, waiting windows: 55/117508. Max active instruction index: 4598
2024-11-14 11:36:54 | Simulation update: decoder round 1314299, completed instructions: 4640/5486, actively running or decoding instructions: 3, waiting windows: 60/118546. Max active instruction index: 4640
2024-11-14 11:37:04 | Simulation update: decoder round 1326764, completed instructions: 4676/5486, actively running or decoding instructions: 4, waiting windows: 55/119543. Max active instruction index: 4672
2024-11-14 11:37:14 | Simulation update: decoder round 1337380, completed instructions: 4713/5486, actively running or decoding instructions: 3, waiting windows: 54/120557. Max active instruction index: 4709
2024-11-14 11:37:24 | Simulation update: decoder round 1348878, completed instructions: 4750/5486, actively running or decoding instructions: 2, waiting windows: 54/121575. Max active instruction index: 4746
2024-11-14 11:37:34 | Simulation update: decoder round 1360863, completed instructions: 4795/5486, actively running or decoding instructions: 4, waiting windows: 47/122593. Max active instruction index: 4791
2024-11-14 11:37:44 | Simulation update: decoder round 1372667, completed instructions: 4838/5486, actively running or decoding instructions: 2, waiting windows: 55/123654. Max active instruction index: 4834
2024-11-14 11:37:54 | Simulation update: decoder round 1382754, completed instructions: 4870/5486, actively running or decoding instructions: 2, waiting windows: 57/124622. Max active instruction index: 4866
2024-11-14 11:38:04 | Simulation update: decoder round 1392943, completed instructions: 4903/5486, actively running or decoding instructions: 2, waiting windows: 55/125592. Max active instruction index: 4899
2024-11-14 11:38:14 | Simulation update: decoder round 1403001, completed instructions: 4935/5486, actively running or decoding instructions: 3, waiting windows: 57/126552. Max active instruction index: 4931
2024-11-14 11:38:24 | Simulation update: decoder round 1413867, completed instructions: 4981/5486, actively running or decoding instructions: 3, waiting windows: 52/127592. Max active instruction index: 4977
2024-11-14 11:38:34 | Simulation update: decoder round 1424329, completed instructions: 5015/5486, actively running or decoding instructions: 3, waiting windows: 55/128590. Max active instruction index: 5011
2024-11-14 11:38:44 | Simulation update: decoder round 1435651, completed instructions: 5053/5486, actively running or decoding instructions: 2, waiting windows: 57/129562. Max active instruction index: 5049
2024-11-14 11:38:54 | Simulation update: decoder round 1447359, completed instructions: 5097/5486, actively running or decoding instructions: 2, waiting windows: 55/130576. Max active instruction index: 5093
2024-11-14 11:39:04 | Simulation update: decoder round 1458132, completed instructions: 5130/5486, actively running or decoding instructions: 3, waiting windows: 56/131606. Max active instruction index: 5126
2024-11-14 11:39:14 | Simulation update: decoder round 1469396, completed instructions: 5173/5486, actively running or decoding instructions: 3, waiting windows: 55/132621. Max active instruction index: 5169
2024-11-14 11:39:24 | Simulation update: decoder round 1480432, completed instructions: 5200/5486, actively running or decoding instructions: 3, waiting windows: 59/133587. Max active instruction index: 5196
2024-11-14 11:39:34 | Simulation update: decoder round 1492558, completed instructions: 5246/5486, actively running or decoding instructions: 3, waiting windows: 56/134564. Max active instruction index: 5242
2024-11-14 11:39:44 | Simulation update: decoder round 1504087, completed instructions: 5288/5486, actively running or decoding instructions: 2, waiting windows: 51/135582. Max active instruction index: 5284
2024-11-14 11:39:54 | Simulation update: decoder round 1514860, completed instructions: 5326/5486, actively running or decoding instructions: 3, waiting windows: 54/136614. Max active instruction index: 5322
2024-11-14 11:40:04 | Simulation update: decoder round 1526183, completed instructions: 5364/5486, actively running or decoding instructions: 4, waiting windows: 56/137632. Max active instruction index: 5360
2024-11-14 11:40:14 | Simulation update: decoder round 1537616, completed instructions: 5410/5486, actively running or decoding instructions: 2, waiting windows: 54/138634. Max active instruction index: 5406
2024-11-14 11:40:24 | Simulation update: decoder round 1547907, completed instructions: 5442/5486, actively running or decoding instructions: 2, waiting windows: 52/139618. Max active instruction index: 5438
2024-11-14 11:40:34 | Simulation update: decoder round 1560410, completed instructions: 5486/5486, actively running or decoding instructions: 1, waiting windows: 24/140606. Max active instruction index: -1
2024-11-14 11:40:34 | Finished simulation
2024-11-14 11:40:39 | Finished saving output. Done! Total elapsed time: 0:23:16.212245
