CONFIG 26
benchmark_file: slurm/data/20241114_111657/benchmarks/rz_seq_10.lss
decoder_latency_or_dist_filename: lambda volume: volume*2.1544346900318834
distance: 21
lightweight_setting: 1
max_parallel_processes: None
missed_speculation_modifier: 1.4
poison_policy: successors
rng: 0
scheduling_method: aligned
speculation_accuracy: 0.0
speculation_latency: 1
speculation_mode: separate
2024-11-14 11:17:07 | Loading benchmark slurm/data/20241114_111657/benchmarks/rz_seq_10.lss...
2024-11-14 11:17:07 | Starting simulation
2024-11-14 11:17:08 | Simulation update: decoder round 1, completed instructions: 0/5486, actively running or decoding instructions: 1, waiting windows: 0/0. Max active instruction index: 1
2024-11-14 11:17:18 | Simulation update: decoder round 60779, completed instructions: 1226/5486, actively running or decoding instructions: 2, waiting windows: 2432/5713. Max active instruction index: 1222
2024-11-14 11:17:28 | Simulation update: decoder round 122270, completed instructions: 2472/5486, actively running or decoding instructions: 2, waiting windows: 4834/11390. Max active instruction index: 2468
2024-11-14 11:17:38 | Simulation update: decoder round 182923, completed instructions: 3689/5486, actively running or decoding instructions: 2, waiting windows: 7234/17064. Max active instruction index: 3685
2024-11-14 11:17:48 | Simulation update: decoder round 244018, completed instructions: 4924/5486, actively running or decoding instructions: 3, waiting windows: 9663/22806. Max active instruction index: 4920
2024-11-14 11:17:52 | Finished simulation
2024-11-14 11:17:53 | Finished saving output. Done! Total elapsed time: 0:00:46.086856
