CONFIG 297
benchmark_file: slurm/data/20241114_111657/benchmarks/rz_seq_10.lss
decoder_latency_or_dist_filename: lambda volume: volume*3.593813663804626
distance: 21
lightweight_setting: 1
max_parallel_processes: None
missed_speculation_modifier: 1.4
poison_policy: successors
rng: 0
scheduling_method: aligned
speculation_accuracy: 0.9
speculation_latency: 1
speculation_mode: separate
2024-11-14 11:17:23 | Loading benchmark slurm/data/20241114_111657/benchmarks/rz_seq_10.lss...
2024-11-14 11:17:24 | Starting simulation
2024-11-14 11:17:24 | Simulation update: decoder round 1, completed instructions: 0/5486, actively running or decoding instructions: 1, waiting windows: 0/0. Max active instruction index: 1
2024-11-14 11:17:34 | Simulation update: decoder round 58005, completed instructions: 1097/5486, actively running or decoding instructions: 2, waiting windows: 2335/5433. Max active instruction index: 1095
2024-11-14 11:17:44 | Simulation update: decoder round 117063, completed instructions: 2244/5486, actively running or decoding instructions: 2, waiting windows: 4635/10838. Max active instruction index: 2240
2024-11-14 11:17:54 | Simulation update: decoder round 174682, completed instructions: 3328/5486, actively running or decoding instructions: 3, waiting windows: 6942/16220. Max active instruction index: 3329
2024-11-14 11:18:04 | Simulation update: decoder round 233070, completed instructions: 4430/5486, actively running or decoding instructions: 2, waiting windows: 9268/21659. Max active instruction index: 4426
2024-11-14 11:18:14 | Simulation update: decoder round 290635, completed instructions: 5469/5486, actively running or decoding instructions: 2, waiting windows: 11567/27013. Max active instruction index: 5465
2024-11-14 11:18:14 | Finished simulation
2024-11-14 11:18:15 | Finished saving output. Done! Total elapsed time: 0:00:51.744605
