CONFIG 307
benchmark_file: slurm/data/20241114_111657/benchmarks/rz_seq_10.lss
decoder_latency_or_dist_filename: lambda volume: volume*3.593813663804626
distance: 21
lightweight_setting: 1
max_parallel_processes: None
missed_speculation_modifier: 1.4
poison_policy: successors
rng: 0
scheduling_method: sliding
speculation_accuracy: 1.0
speculation_latency: 1
speculation_mode: separate
2024-11-14 11:17:23 | Loading benchmark slurm/data/20241114_111657/benchmarks/rz_seq_10.lss...
2024-11-14 11:17:24 | Starting simulation
2024-11-14 11:17:24 | Simulation update: decoder round 1, completed instructions: 0/5486, actively running or decoding instructions: 1, waiting windows: 0/0. Max active instruction index: 1
2024-11-14 11:17:34 | Simulation update: decoder round 48567, completed instructions: 960/5486, actively running or decoding instructions: 4, waiting windows: 19/4560. Max active instruction index: 962
2024-11-14 11:17:44 | Simulation update: decoder round 97783, completed instructions: 1931/5486, actively running or decoding instructions: 3, waiting windows: 13/9049. Max active instruction index: 1927
2024-11-14 11:17:54 | Simulation update: decoder round 146340, completed instructions: 2895/5486, actively running or decoding instructions: 2, waiting windows: 15/13635. Max active instruction index: 2891
2024-11-14 11:18:04 | Simulation update: decoder round 194920, completed instructions: 3849/5486, actively running or decoding instructions: 3, waiting windows: 18/18119. Max active instruction index: 3846
2024-11-14 11:18:14 | Simulation update: decoder round 243909, completed instructions: 4812/5486, actively running or decoding instructions: 3, waiting windows: 13/22671. Max active instruction index: 4808
2024-11-14 11:18:21 | Finished simulation
2024-11-14 11:18:22 | Finished saving output. Done! Total elapsed time: 0:00:58.893444
