CONFIG 4
benchmark_file: slurm/data/20241121_200739/benchmarks/random_t_10000_200_0.lss
decoder_latency_or_dist_filename: lambda volume: volume
distance: 13
lightweight_setting: 1
max_parallel_processes: None
missed_speculation_modifier: 1.4
poison_policy: successors
rng: 0
scheduling_method: aligned
speculation_accuracy: 0.9
speculation_latency: 1
speculation_mode: None
2024-11-21 20:07:58 | Loading benchmark slurm/data/20241121_200739/benchmarks/random_t_10000_200_0.lss...
2024-11-21 20:08:01 | Starting simulation
Failed to get source of decoding_latency_fn: could not get source code
2024-11-21 20:08:06 | Simulation update: decoder round 1, completed instructions: 0/49943, actively running or decoding instructions: 1, waiting windows: 0/0. Max active instruction index: 0
2024-11-21 20:08:16 | Simulation update: decoder round 104689, completed instructions: 2618/49943, actively running or decoding instructions: 3, waiting windows: 3980/9001. Max active instruction index: 2616
2024-11-21 20:08:26 | Simulation update: decoder round 204980, completed instructions: 5176/49943, actively running or decoding instructions: 2, waiting windows: 7771/17592. Max active instruction index: 5176
2024-11-21 20:08:36 | Simulation update: decoder round 310221, completed instructions: 7845/49943, actively running or decoding instructions: 1, waiting windows: 11727/26566. Max active instruction index: 7845
2024-11-21 20:08:46 | Simulation update: decoder round 414965, completed instructions: 10538/49943, actively running or decoding instructions: 2, waiting windows: 15736/35619. Max active instruction index: 10538
2024-11-21 20:08:56 | Simulation update: decoder round 519774, completed instructions: 13190/49943, actively running or decoding instructions: 3, waiting windows: 19740/44644. Max active instruction index: 13188
2024-11-21 20:09:06 | Simulation update: decoder round 624322, completed instructions: 15846/49943, actively running or decoding instructions: 1, waiting windows: 23760/53720. Max active instruction index: 15846
2024-11-21 20:09:16 | Simulation update: decoder round 728937, completed instructions: 18552/49943, actively running or decoding instructions: 1, waiting windows: 27767/62793. Max active instruction index: 18552
2024-11-21 20:09:26 | Simulation update: decoder round 833318, completed instructions: 21335/49943, actively running or decoding instructions: 2, waiting windows: 31739/71833. Max active instruction index: 21335
2024-11-21 20:09:36 | Simulation update: decoder round 938064, completed instructions: 24049/49943, actively running or decoding instructions: 1, waiting windows: 35704/80859. Max active instruction index: 24049
2024-11-21 20:09:46 | Simulation update: decoder round 1036336, completed instructions: 26590/49943, actively running or decoding instructions: 2, waiting windows: 39467/89369. Max active instruction index: 26590
2024-11-21 20:09:56 | Simulation update: decoder round 1141116, completed instructions: 29277/49943, actively running or decoding instructions: 2, waiting windows: 43465/98405. Max active instruction index: 29277
2024-11-21 20:10:06 | Simulation update: decoder round 1246009, completed instructions: 32020/49943, actively running or decoding instructions: 3, waiting windows: 47434/107417. Max active instruction index: 32020
2024-11-21 20:10:16 | Simulation update: decoder round 1350116, completed instructions: 34732/49943, actively running or decoding instructions: 3, waiting windows: 51451/116499. Max active instruction index: 34730
2024-11-21 20:10:26 | Simulation update: decoder round 1454823, completed instructions: 37405/49943, actively running or decoding instructions: 3, waiting windows: 55430/125518. Max active instruction index: 37403
2024-11-21 20:10:36 | Simulation update: decoder round 1559639, completed instructions: 40089/49943, actively running or decoding instructions: 1, waiting windows: 59401/134538. Max active instruction index: 40089
2024-11-21 20:10:46 | Simulation update: decoder round 1664362, completed instructions: 42775/49943, actively running or decoding instructions: 3, waiting windows: 63393/143552. Max active instruction index: 42773
2024-11-21 20:10:56 | Simulation update: decoder round 1769253, completed instructions: 45441/49943, actively running or decoding instructions: 3, waiting windows: 67376/152561. Max active instruction index: 45442
2024-11-21 20:11:06 | Simulation update: decoder round 1874423, completed instructions: 48111/49943, actively running or decoding instructions: 3, waiting windows: 71346/161575. Max active instruction index: 48109
2024-11-21 20:11:13 | Finished simulation
2024-11-21 20:11:19 | Finished saving output. Done! Total elapsed time: 0:03:20.446015
