CONFIG 1008
benchmark_file: slurm/data/20241115_113558/benchmarks/qpeexact_5.lss
decoder_latency_or_dist_filename: slurm/data/20241115_113558/decoder_dists.json
distance: 21
lightweight_setting: 2
max_parallel_processes: predict
missed_speculation_modifier: 1.4
poison_policy: successors
rng: 4
scheduling_method: parallel
speculation_accuracy: 0.9
speculation_latency: 1
speculation_mode: None
2024-11-15 12:06:29 | Loading benchmark slurm/data/20241115_113558/benchmarks/qpeexact_5.lss...
2024-11-15 12:06:29 | Starting simulation
PREDICTION STEP BEGIN---------------------------------
Predicted max parallel processes: 44

PREDICTION STEP END-----------------------------------

2024-11-15 13:03:53 | Simulation update: decoder round 1, completed instructions: 0/14570, actively running or decoding instructions: 1, waiting windows: 0/0. Max active instruction index: 0
2024-11-15 13:04:03 | Simulation update: decoder round 6101, completed instructions: 82/14570, actively running or decoding instructions: 3, waiting windows: 269/534. Max active instruction index: 79
2024-11-15 13:04:13 | Simulation update: decoder round 12684, completed instructions: 167/14570, actively running or decoding instructions: 3, waiting windows: 514/1057. Max active instruction index: 163
2024-11-15 13:04:23 | Simulation update: decoder round 19734, completed instructions: 261/14570, actively running or decoding instructions: 3, waiting windows: 812/1690. Max active instruction index: 257
2024-11-15 13:04:33 | Simulation update: decoder round 27118, completed instructions: 356/14570, actively running or decoding instructions: 4, waiting windows: 1104/2308. Max active instruction index: 355
2024-11-15 13:04:43 | Simulation update: decoder round 35914, completed instructions: 477/14570, actively running or decoding instructions: 4, waiting windows: 1466/3071. Max active instruction index: 478
2024-11-15 13:04:53 | Simulation update: decoder round 45531, completed instructions: 609/14570, actively running or decoding instructions: 3, waiting windows: 2052/4259. Max active instruction index: 603
2024-11-15 13:05:03 | Simulation update: decoder round 55990, completed instructions: 750/14570, actively running or decoding instructions: 3, waiting windows: 2998/6202. Max active instruction index: 741
2024-11-15 13:05:13 | Simulation update: decoder round 69486, completed instructions: 923/14570, actively running or decoding instructions: 2, waiting windows: 4129/8530. Max active instruction index: 914
2024-11-15 13:05:23 | Simulation update: decoder round 84333, completed instructions: 1130/14570, actively running or decoding instructions: 8, waiting windows: 5484/11292. Max active instruction index: 1667
2024-11-15 13:05:33 | Simulation update: decoder round 85216, completed instructions: 1171/14570, actively running or decoding instructions: 6, waiting windows: 5609/11550. Max active instruction index: 1711
2024-11-15 13:05:43 | Simulation update: decoder round 86094, completed instructions: 1197/14570, actively running or decoding instructions: 4, waiting windows: 5749/11832. Max active instruction index: 1737
2024-11-15 13:05:53 | Simulation update: decoder round 86972, completed instructions: 1224/14570, actively running or decoding instructions: 5, waiting windows: 5879/12112. Max active instruction index: 1763
2024-11-15 13:06:03 | Simulation update: decoder round 87860, completed instructions: 1254/14570, actively running or decoding instructions: 7, waiting windows: 5990/12355. Max active instruction index: 1789
2024-11-15 13:06:13 | Simulation update: decoder round 88745, completed instructions: 1282/14570, actively running or decoding instructions: 4, waiting windows: 6147/12659. Max active instruction index: 1815
2024-11-15 13:06:23 | Simulation update: decoder round 89626, completed instructions: 1303/14570, actively running or decoding instructions: 5, waiting windows: 6276/12938. Max active instruction index: 1842
2024-11-15 13:06:33 | Simulation update: decoder round 90518, completed instructions: 1333/14570, actively running or decoding instructions: 4, waiting windows: 6417/13234. Max active instruction index: 1869
2024-11-15 13:06:43 | Simulation update: decoder round 91410, completed instructions: 1358/14570, actively running or decoding instructions: 4, waiting windows: 6554/13517. Max active instruction index: 1895
2024-11-15 13:06:53 | Simulation update: decoder round 92314, completed instructions: 1387/14570, actively running or decoding instructions: 5, waiting windows: 6687/13784. Max active instruction index: 1923
2024-11-15 13:07:03 | Simulation update: decoder round 93217, completed instructions: 1418/14570, actively running or decoding instructions: 4, waiting windows: 6840/14095. Max active instruction index: 1955
2024-11-15 13:07:13 | Simulation update: decoder round 94120, completed instructions: 1442/14570, actively running or decoding instructions: 5, waiting windows: 6973/14396. Max active instruction index: 1980
2024-11-15 13:07:23 | Simulation update: decoder round 95029, completed instructions: 1468/14570, actively running or decoding instructions: 6, waiting windows: 7103/14669. Max active instruction index: 2008
2024-11-15 13:07:33 | Simulation update: decoder round 95936, completed instructions: 1494/14570, actively running or decoding instructions: 8, waiting windows: 7240/14945. Max active instruction index: 2044
2024-11-15 13:07:43 | Simulation update: decoder round 96840, completed instructions: 1522/14570, actively running or decoding instructions: 5, waiting windows: 7384/15244. Max active instruction index: 2063
2024-11-15 13:07:53 | Simulation update: decoder round 97753, completed instructions: 1547/14570, actively running or decoding instructions: 5, waiting windows: 7519/15532. Max active instruction index: 2085
2024-11-15 13:08:03 | Simulation update: decoder round 98664, completed instructions: 1573/14570, actively running or decoding instructions: 3, waiting windows: 7663/15825. Max active instruction index: 2115
2024-11-15 13:08:13 | Simulation update: decoder round 99576, completed instructions: 1598/14570, actively running or decoding instructions: 5, waiting windows: 7792/16117. Max active instruction index: 2137
2024-11-15 13:08:23 | Simulation update: decoder round 100485, completed instructions: 1626/14570, actively running or decoding instructions: 4, waiting windows: 7950/16426. Max active instruction index: 2163
2024-11-15 13:08:33 | Simulation update: decoder round 101402, completed instructions: 1655/14570, actively running or decoding instructions: 6, waiting windows: 8103/16740. Max active instruction index: 2189
2024-11-15 13:08:43 | Simulation update: decoder round 102323, completed instructions: 1674/14570, actively running or decoding instructions: 5, waiting windows: 8233/17030. Max active instruction index: 2211
2024-11-15 13:08:53 | Simulation update: decoder round 103248, completed instructions: 1708/14570, actively running or decoding instructions: 6, waiting windows: 8384/17330. Max active instruction index: 2237
2024-11-15 13:09:03 | Simulation update: decoder round 104177, completed instructions: 1733/14570, actively running or decoding instructions: 6, waiting windows: 8523/17626. Max active instruction index: 2267
2024-11-15 13:09:13 | Simulation update: decoder round 105105, completed instructions: 1765/14570, actively running or decoding instructions: 4, waiting windows: 8681/17949. Max active instruction index: 2307
2024-11-15 13:09:23 | Simulation update: decoder round 106040, completed instructions: 1790/14570, actively running or decoding instructions: 3, waiting windows: 8819/18245. Max active instruction index: 2329
2024-11-15 13:09:33 | Simulation update: decoder round 106975, completed instructions: 1816/14570, actively running or decoding instructions: 5, waiting windows: 8950/18525. Max active instruction index: 2359
2024-11-15 13:09:43 | Simulation update: decoder round 107915, completed instructions: 1849/14570, actively running or decoding instructions: 3, waiting windows: 9098/18825. Max active instruction index: 2385
2024-11-15 13:09:53 | Simulation update: decoder round 108860, completed instructions: 1880/14570, actively running or decoding instructions: 4, waiting windows: 9262/19150. Max active instruction index: 2418
2024-11-15 13:10:03 | Simulation update: decoder round 109807, completed instructions: 1904/14570, actively running or decoding instructions: 4, waiting windows: 9409/19473. Max active instruction index: 2443
2024-11-15 13:10:13 | Simulation update: decoder round 110748, completed instructions: 1932/14570, actively running or decoding instructions: 6, waiting windows: 9566/19798. Max active instruction index: 2469
2024-11-15 13:10:23 | Simulation update: decoder round 111700, completed instructions: 1958/14570, actively running or decoding instructions: 4, waiting windows: 9701/20097. Max active instruction index: 2493
2024-11-15 13:10:33 | Simulation update: decoder round 112660, completed instructions: 1995/14570, actively running or decoding instructions: 9, waiting windows: 9842/20374. Max active instruction index: 2545
2024-11-15 13:10:43 | Simulation update: decoder round 113619, completed instructions: 2022/14570, actively running or decoding instructions: 6, waiting windows: 9984/20678. Max active instruction index: 2559
2024-11-15 13:10:53 | Simulation update: decoder round 114585, completed instructions: 2049/14570, actively running or decoding instructions: 4, waiting windows: 10139/20996. Max active instruction index: 2585
2024-11-15 13:11:03 | Simulation update: decoder round 115559, completed instructions: 2075/14570, actively running or decoding instructions: 4, waiting windows: 10275/21292. Max active instruction index: 2613
2024-11-15 13:11:13 | Simulation update: decoder round 116538, completed instructions: 2115/14570, actively running or decoding instructions: 6, waiting windows: 10417/21589. Max active instruction index: 2651
2024-11-15 13:11:23 | Simulation update: decoder round 117518, completed instructions: 2140/14570, actively running or decoding instructions: 4, waiting windows: 10568/21898. Max active instruction index: 2676
2024-11-15 13:11:33 | Simulation update: decoder round 118503, completed instructions: 2167/14570, actively running or decoding instructions: 6, waiting windows: 10691/22170. Max active instruction index: 2703
2024-11-15 13:11:43 | Simulation update: decoder round 119488, completed instructions: 2198/14570, actively running or decoding instructions: 5, waiting windows: 10859/22501. Max active instruction index: 2727
2024-11-15 13:11:53 | Simulation update: decoder round 120467, completed instructions: 2231/14570, actively running or decoding instructions: 4, waiting windows: 11024/22841. Max active instruction index: 2767
2024-11-15 13:12:03 | Simulation update: decoder round 121454, completed instructions: 2256/14570, actively running or decoding instructions: 4, waiting windows: 11180/23178. Max active instruction index: 2787
