CONFIG 1145
benchmark_file: slurm/data/20241115_113558/benchmarks/adder_n18.lss
decoder_latency_or_dist_filename: slurm/data/20241115_113558/decoder_dists.json
distance: 21
lightweight_setting: 2
max_parallel_processes: predict
missed_speculation_modifier: 1.4
poison_policy: successors
rng: 9
scheduling_method: parallel
speculation_accuracy: 0.9
speculation_latency: 1
speculation_mode: None
2024-11-15 12:06:39 | Loading benchmark slurm/data/20241115_113558/benchmarks/adder_n18.lss...
2024-11-15 12:06:39 | Starting simulation
PREDICTION STEP BEGIN---------------------------------
Predicted max parallel processes: 120

PREDICTION STEP END-----------------------------------

2024-11-15 12:07:31 | Simulation update: decoder round 1, completed instructions: 0/2002, actively running or decoding instructions: 3, waiting windows: 0/0. Max active instruction index: 18
2024-11-15 12:07:41 | Simulation update: decoder round 2833, completed instructions: 345/2002, actively running or decoding instructions: 9, waiting windows: 1411/2738. Max active instruction index: 351
2024-11-15 12:07:51 | Simulation update: decoder round 5883, completed instructions: 540/2002, actively running or decoding instructions: 8, waiting windows: 2831/5679. Max active instruction index: 530
2024-11-15 12:08:01 | Simulation update: decoder round 8540, completed instructions: 863/2002, actively running or decoding instructions: 10, waiting windows: 4118/8400. Max active instruction index: 869
2024-11-15 12:08:11 | Simulation update: decoder round 11830, completed instructions: 1275/2002, actively running or decoding instructions: 13, waiting windows: 5438/11302. Max active instruction index: 1276
2024-11-15 12:08:21 | Simulation update: decoder round 17702, completed instructions: 1722/2002, actively running or decoding instructions: 5, waiting windows: 6858/14534. Max active instruction index: 1710
2024-11-15 12:08:24 | Finished simulation
2024-11-15 12:08:24 | Finished saving output. Done! Total elapsed time: 0:01:44.813033
