CONFIG 1300
benchmark_file: slurm/data/20241115_113558/benchmarks/qrom_15_15.lss
decoder_latency_or_dist_filename: slurm/data/20241115_113558/decoder_dists.json
distance: 21
lightweight_setting: 2
max_parallel_processes: predict
missed_speculation_modifier: 1.4
poison_policy: successors
rng: 4
scheduling_method: aligned
speculation_accuracy: 0.9
speculation_latency: 1
speculation_mode: None
2024-11-15 12:06:47 | Loading benchmark slurm/data/20241115_113558/benchmarks/qrom_15_15.lss...
2024-11-15 12:06:47 | Starting simulation
PREDICTION STEP BEGIN---------------------------------
Predicted max parallel processes: 136

PREDICTION STEP END-----------------------------------

2024-11-15 12:07:04 | Simulation update: decoder round 1, completed instructions: 0/1498, actively running or decoding instructions: 10, waiting windows: 0/0. Max active instruction index: 66
2024-11-15 12:07:14 | Simulation update: decoder round 3081, completed instructions: 713/1498, actively running or decoding instructions: 28, waiting windows: 1423/2967. Max active instruction index: 701
2024-11-15 12:07:19 | Finished simulation
2024-11-15 12:07:19 | Finished saving output. Done! Total elapsed time: 0:00:32.500700
