CONFIG 1334
benchmark_file: slurm/data/20241115_113558/benchmarks/fermi_hubbard_2_2.lss
decoder_latency_or_dist_filename: slurm/data/20241115_113558/decoder_dists.json
distance: 21
lightweight_setting: 2
max_parallel_processes: predict
missed_speculation_modifier: 1.4
poison_policy: successors
rng: 6
scheduling_method: aligned
speculation_accuracy: 0.9
speculation_latency: 1
speculation_mode: None
2024-11-15 12:06:48 | Loading benchmark slurm/data/20241115_113558/benchmarks/fermi_hubbard_2_2.lss...
2024-11-15 12:06:49 | Starting simulation
PREDICTION STEP BEGIN---------------------------------
Predicted max parallel processes: 126

PREDICTION STEP END-----------------------------------

2024-11-15 12:40:08 | Simulation update: decoder round 1, completed instructions: 0/14751, actively running or decoding instructions: 13, waiting windows: 0/0. Max active instruction index: 30
2024-11-15 12:40:18 | Simulation update: decoder round 905, completed instructions: 53/14751, actively running or decoding instructions: 3, waiting windows: 384/608. Max active instruction index: 50
2024-11-15 12:40:28 | Simulation update: decoder round 1808, completed instructions: 65/14751, actively running or decoding instructions: 3, waiting windows: 671/1188. Max active instruction index: 65
2024-11-15 12:40:38 | Simulation update: decoder round 2704, completed instructions: 83/14751, actively running or decoding instructions: 3, waiting windows: 966/1776. Max active instruction index: 79
2024-11-15 12:40:48 | Simulation update: decoder round 3598, completed instructions: 94/14751, actively running or decoding instructions: 3, waiting windows: 1259/2380. Max active instruction index: 90
2024-11-15 12:40:58 | Simulation update: decoder round 4500, completed instructions: 110/14751, actively running or decoding instructions: 3, waiting windows: 1545/2965. Max active instruction index: 106
2024-11-15 12:41:08 | Simulation update: decoder round 5399, completed instructions: 121/14751, actively running or decoding instructions: 2, waiting windows: 1856/3571. Max active instruction index: 117
2024-11-15 12:41:18 | Simulation update: decoder round 6297, completed instructions: 130/14751, actively running or decoding instructions: 2, waiting windows: 2117/4142. Max active instruction index: 127
2024-11-15 12:41:28 | Simulation update: decoder round 7196, completed instructions: 148/14751, actively running or decoding instructions: 3, waiting windows: 2425/4745. Max active instruction index: 144
2024-11-15 12:41:38 | Simulation update: decoder round 8102, completed instructions: 160/14751, actively running or decoding instructions: 4, waiting windows: 2711/5334. Max active instruction index: 156
2024-11-15 12:41:49 | Simulation update: decoder round 9007, completed instructions: 175/14751, actively running or decoding instructions: 3, waiting windows: 3016/5940. Max active instruction index: 171
2024-11-15 12:41:59 | Simulation update: decoder round 9914, completed instructions: 187/14751, actively running or decoding instructions: 3, waiting windows: 3321/6556. Max active instruction index: 183
2024-11-15 12:42:09 | Simulation update: decoder round 10820, completed instructions: 198/14751, actively running or decoding instructions: 3, waiting windows: 3613/7162. Max active instruction index: 194
2024-11-15 12:42:19 | Simulation update: decoder round 11732, completed instructions: 215/14751, actively running or decoding instructions: 3, waiting windows: 3900/7747. Max active instruction index: 211
2024-11-15 12:42:29 | Simulation update: decoder round 12571, completed instructions: 226/14751, actively running or decoding instructions: 3, waiting windows: 4168/8295. Max active instruction index: 222
2024-11-15 12:42:39 | Simulation update: decoder round 13482, completed instructions: 242/14751, actively running or decoding instructions: 4, waiting windows: 4474/8901. Max active instruction index: 238
2024-11-15 12:42:49 | Simulation update: decoder round 14406, completed instructions: 254/14751, actively running or decoding instructions: 4, waiting windows: 4758/9500. Max active instruction index: 250
2024-11-15 12:42:59 | Simulation update: decoder round 15330, completed instructions: 267/14751, actively running or decoding instructions: 5, waiting windows: 5050/10086. Max active instruction index: 267
2024-11-15 12:43:09 | Simulation update: decoder round 16256, completed instructions: 282/14751, actively running or decoding instructions: 2, waiting windows: 5365/10699. Max active instruction index: 278
2024-11-15 12:43:19 | Simulation update: decoder round 17181, completed instructions: 293/14751, actively running or decoding instructions: 3, waiting windows: 5666/11317. Max active instruction index: 289
2024-11-15 12:43:29 | Simulation update: decoder round 18110, completed instructions: 308/14751, actively running or decoding instructions: 3, waiting windows: 5972/11938. Max active instruction index: 305
2024-11-15 12:43:39 | Simulation update: decoder round 19036, completed instructions: 321/14751, actively running or decoding instructions: 6, waiting windows: 6248/12518. Max active instruction index: 317
2024-11-15 12:43:49 | Simulation update: decoder round 19967, completed instructions: 331/14751, actively running or decoding instructions: 2, waiting windows: 6544/13126. Max active instruction index: 328
2024-11-15 12:43:59 | Simulation update: decoder round 20902, completed instructions: 350/14751, actively running or decoding instructions: 4, waiting windows: 6862/13754. Max active instruction index: 346
2024-11-15 12:44:09 | Simulation update: decoder round 21837, completed instructions: 362/14751, actively running or decoding instructions: 3, waiting windows: 7163/14374. Max active instruction index: 358
2024-11-15 12:44:19 | Simulation update: decoder round 22776, completed instructions: 377/14751, actively running or decoding instructions: 3, waiting windows: 7461/14982. Max active instruction index: 374
2024-11-15 12:44:29 | Simulation update: decoder round 23718, completed instructions: 390/14751, actively running or decoding instructions: 4, waiting windows: 7771/15587. Max active instruction index: 386
2024-11-15 12:44:39 | Simulation update: decoder round 24655, completed instructions: 406/14751, actively running or decoding instructions: 4, waiting windows: 8075/16205. Max active instruction index: 402
2024-11-15 12:44:49 | Simulation update: decoder round 25599, completed instructions: 422/14751, actively running or decoding instructions: 4, waiting windows: 8361/16811. Max active instruction index: 418
2024-11-15 12:44:59 | Simulation update: decoder round 26539, completed instructions: 432/14751, actively running or decoding instructions: 3, waiting windows: 8677/17441. Max active instruction index: 428
2024-11-15 12:45:09 | Simulation update: decoder round 27487, completed instructions: 443/14751, actively running or decoding instructions: 4, waiting windows: 8978/18053. Max active instruction index: 439
2024-11-15 12:45:19 | Simulation update: decoder round 28433, completed instructions: 460/14751, actively running or decoding instructions: 3, waiting windows: 9278/18672. Max active instruction index: 456
2024-11-15 12:45:29 | Simulation update: decoder round 29377, completed instructions: 475/14751, actively running or decoding instructions: 5, waiting windows: 9580/19284. Max active instruction index: 472
2024-11-15 12:45:39 | Simulation update: decoder round 30326, completed instructions: 488/14751, actively running or decoding instructions: 3, waiting windows: 9900/19916. Max active instruction index: 484
2024-11-15 12:45:49 | Simulation update: decoder round 31270, completed instructions: 504/14751, actively running or decoding instructions: 4, waiting windows: 10201/20532. Max active instruction index: 500
2024-11-15 12:45:59 | Simulation update: decoder round 32215, completed instructions: 520/14751, actively running or decoding instructions: 3, waiting windows: 10516/21164. Max active instruction index: 516
2024-11-15 12:46:09 | Simulation update: decoder round 33163, completed instructions: 532/14751, actively running or decoding instructions: 4, waiting windows: 10809/21773. Max active instruction index: 528
2024-11-15 12:46:19 | Simulation update: decoder round 34032, completed instructions: 546/14751, actively running or decoding instructions: 4, waiting windows: 11093/22350. Max active instruction index: 547
2024-11-15 12:46:29 | Simulation update: decoder round 34980, completed instructions: 557/14751, actively running or decoding instructions: 2, waiting windows: 11405/22983. Max active instruction index: 553
2024-11-15 12:46:39 | Simulation update: decoder round 35932, completed instructions: 572/14751, actively running or decoding instructions: 3, waiting windows: 11710/23619. Max active instruction index: 569
2024-11-15 12:46:49 | Simulation update: decoder round 36887, completed instructions: 588/14751, actively running or decoding instructions: 2, waiting windows: 12026/24243. Max active instruction index: 585
2024-11-15 12:46:59 | Simulation update: decoder round 37844, completed instructions: 620/14751, actively running or decoding instructions: 3, waiting windows: 12357/24909. Max active instruction index: 615
2024-11-15 12:47:09 | Simulation update: decoder round 38804, completed instructions: 643/14751, actively running or decoding instructions: 5, waiting windows: 12672/25570. Max active instruction index: 645
2024-11-15 12:47:19 | Simulation update: decoder round 39767, completed instructions: 659/14751, actively running or decoding instructions: 2, waiting windows: 13019/26265. Max active instruction index: 653
2024-11-15 12:47:29 | Simulation update: decoder round 40731, completed instructions: 681/14751, actively running or decoding instructions: 3, waiting windows: 13347/26941. Max active instruction index: 676
2024-11-15 12:47:39 | Simulation update: decoder round 41701, completed instructions: 699/14751, actively running or decoding instructions: 4, waiting windows: 13672/27610. Max active instruction index: 699
2024-11-15 12:47:49 | Simulation update: decoder round 42667, completed instructions: 720/14751, actively running or decoding instructions: 3, waiting windows: 14022/28308. Max active instruction index: 714
2024-11-15 12:47:59 | Simulation update: decoder round 43634, completed instructions: 742/14751, actively running or decoding instructions: 5, waiting windows: 14354/28990. Max active instruction index: 736
2024-11-15 12:48:09 | Simulation update: decoder round 44608, completed instructions: 757/14751, actively running or decoding instructions: 3, waiting windows: 14701/29698. Max active instruction index: 751
2024-11-15 12:48:19 | Simulation update: decoder round 45582, completed instructions: 779/14751, actively running or decoding instructions: 5, waiting windows: 15015/30364. Max active instruction index: 780
2024-11-15 12:48:29 | Simulation update: decoder round 46555, completed instructions: 794/14751, actively running or decoding instructions: 2, waiting windows: 15364/31061. Max active instruction index: 788
2024-11-15 12:48:39 | Simulation update: decoder round 47540, completed instructions: 816/14751, actively running or decoding instructions: 2, waiting windows: 15701/31759. Max active instruction index: 810
2024-11-15 12:48:49 | Simulation update: decoder round 48525, completed instructions: 837/14751, actively running or decoding instructions: 2, waiting windows: 16053/32472. Max active instruction index: 831
2024-11-15 12:48:59 | Simulation update: decoder round 49517, completed instructions: 859/14751, actively running or decoding instructions: 5, waiting windows: 16391/33169. Max active instruction index: 854
2024-11-15 12:49:09 | Simulation update: decoder round 50505, completed instructions: 876/14751, actively running or decoding instructions: 4, waiting windows: 16725/33846. Max active instruction index: 870
2024-11-15 12:49:19 | Simulation update: decoder round 51499, completed instructions: 900/14751, actively running or decoding instructions: 3, waiting windows: 17086/34572. Max active instruction index: 894
2024-11-15 12:49:29 | Simulation update: decoder round 52491, completed instructions: 914/14751, actively running or decoding instructions: 4, waiting windows: 17416/35270. Max active instruction index: 915
2024-11-15 12:49:39 | Simulation update: decoder round 53488, completed instructions: 936/14751, actively running or decoding instructions: 3, waiting windows: 17778/35990. Max active instruction index: 931
2024-11-15 12:49:49 | Simulation update: decoder round 54490, completed instructions: 959/14751, actively running or decoding instructions: 5, waiting windows: 18122/36695. Max active instruction index: 961
2024-11-15 12:49:59 | Simulation update: decoder round 55497, completed instructions: 975/14751, actively running or decoding instructions: 2, waiting windows: 18481/37422. Max active instruction index: 969
2024-11-15 12:50:09 | Simulation update: decoder round 56502, completed instructions: 997/14751, actively running or decoding instructions: 2, waiting windows: 18831/38150. Max active instruction index: 991
2024-11-15 12:50:19 | Simulation update: decoder round 57420, completed instructions: 1012/14751, actively running or decoding instructions: 3, waiting windows: 19158/38816. Max active instruction index: 1006
2024-11-15 12:50:29 | Simulation update: decoder round 58438, completed instructions: 1035/14751, actively running or decoding instructions: 3, waiting windows: 19508/39528. Max active instruction index: 1029
2024-11-15 12:50:39 | Simulation update: decoder round 59451, completed instructions: 1057/14751, actively running or decoding instructions: 3, waiting windows: 19854/40239. Max active instruction index: 1051
2024-11-15 12:50:49 | Simulation update: decoder round 60473, completed instructions: 1078/14751, actively running or decoding instructions: 4, waiting windows: 20220/40984. Max active instruction index: 1072
2024-11-15 12:50:59 | Simulation update: decoder round 61496, completed instructions: 1099/14751, actively running or decoding instructions: 5, waiting windows: 20574/41713. Max active instruction index: 1100
2024-11-15 12:51:09 | Simulation update: decoder round 62528, completed instructions: 1114/14751, actively running or decoding instructions: 4, waiting windows: 20919/42421. Max active instruction index: 1109
2024-11-15 12:51:19 | Simulation update: decoder round 63556, completed instructions: 1137/14751, actively running or decoding instructions: 4, waiting windows: 21265/43132. Max active instruction index: 1132
2024-11-15 12:51:29 | Simulation update: decoder round 64587, completed instructions: 1161/14751, actively running or decoding instructions: 3, waiting windows: 21635/43873. Max active instruction index: 1155
2024-11-15 12:51:39 | Simulation update: decoder round 65621, completed instructions: 1184/14751, actively running or decoding instructions: 4, waiting windows: 21997/44618. Max active instruction index: 1178
2024-11-15 12:51:49 | Simulation update: decoder round 66654, completed instructions: 1206/14751, actively running or decoding instructions: 3, waiting windows: 22356/45359. Max active instruction index: 1201
2024-11-15 12:51:59 | Simulation update: decoder round 67695, completed instructions: 1222/14751, actively running or decoding instructions: 4, waiting windows: 22720/46099. Max active instruction index: 1216
2024-11-15 12:52:09 | Simulation update: decoder round 68733, completed instructions: 1243/14751, actively running or decoding instructions: 2, waiting windows: 23084/46844. Max active instruction index: 1237
2024-11-15 12:52:19 | Simulation update: decoder round 69780, completed instructions: 1263/14751, actively running or decoding instructions: 3, waiting windows: 23451/47600. Max active instruction index: 1258
2024-11-15 12:52:29 | Simulation update: decoder round 70833, completed instructions: 1288/14751, actively running or decoding instructions: 3, waiting windows: 23813/48331. Max active instruction index: 1282
2024-11-15 12:52:39 | Simulation update: decoder round 71884, completed instructions: 1310/14751, actively running or decoding instructions: 3, waiting windows: 24191/49103. Max active instruction index: 1304
2024-11-15 12:52:49 | Simulation update: decoder round 72943, completed instructions: 1332/14751, actively running or decoding instructions: 5, waiting windows: 24552/49846. Max active instruction index: 1327
2024-11-15 12:52:59 | Simulation update: decoder round 74000, completed instructions: 1348/14751, actively running or decoding instructions: 3, waiting windows: 24908/50586. Max active instruction index: 1342
2024-11-15 12:53:09 | Simulation update: decoder round 75048, completed instructions: 1429/14751, actively running or decoding instructions: 6, waiting windows: 25323/51419. Max active instruction index: 1429
2024-11-15 12:53:19 | Simulation update: decoder round 76104, completed instructions: 1479/14751, actively running or decoding instructions: 6, waiting windows: 25744/52281. Max active instruction index: 1489
2024-11-15 12:53:29 | Simulation update: decoder round 77163, completed instructions: 1520/14751, actively running or decoding instructions: 5, waiting windows: 26171/53154. Max active instruction index: 1514
2024-11-15 12:53:39 | Simulation update: decoder round 78233, completed instructions: 1572/14751, actively running or decoding instructions: 10, waiting windows: 26584/53998. Max active instruction index: 1583
2024-11-15 12:53:49 | Simulation update: decoder round 79202, completed instructions: 1617/14751, actively running or decoding instructions: 5, waiting windows: 26967/54799. Max active instruction index: 1609
2024-11-15 12:53:59 | Simulation update: decoder round 80279, completed instructions: 1657/14751, actively running or decoding instructions: 4, waiting windows: 27381/55673. Max active instruction index: 1652
2024-11-15 12:54:09 | Simulation update: decoder round 81364, completed instructions: 1707/14751, actively running or decoding instructions: 3, waiting windows: 27829/56576. Max active instruction index: 1701
2024-11-15 12:54:19 | Simulation update: decoder round 82463, completed instructions: 1756/14751, actively running or decoding instructions: 8, waiting windows: 28239/57438. Max active instruction index: 1752
2024-11-15 12:54:29 | Simulation update: decoder round 83572, completed instructions: 1799/14751, actively running or decoding instructions: 4, waiting windows: 28673/58332. Max active instruction index: 1810
2024-11-15 12:54:39 | Simulation update: decoder round 84688, completed instructions: 1849/14751, actively running or decoding instructions: 5, waiting windows: 29114/59244. Max active instruction index: 1876
2024-11-15 12:54:49 | Simulation update: decoder round 85809, completed instructions: 1903/14751, actively running or decoding instructions: 6, waiting windows: 29576/60181. Max active instruction index: 1916
2024-11-15 12:54:59 | Simulation update: decoder round 86950, completed instructions: 1954/14751, actively running or decoding instructions: 7, waiting windows: 29993/61063. Max active instruction index: 1978
2024-11-15 12:55:09 | Simulation update: decoder round 88100, completed instructions: 2008/14751, actively running or decoding instructions: 5, waiting windows: 30454/62002. Max active instruction index: 2038
2024-11-15 12:55:19 | Simulation update: decoder round 89251, completed instructions: 2056/14751, actively running or decoding instructions: 3, waiting windows: 30910/62951. Max active instruction index: 2088
2024-11-15 12:55:29 | Simulation update: decoder round 90415, completed instructions: 2107/14751, actively running or decoding instructions: 5, waiting windows: 31369/63894. Max active instruction index: 2140
2024-11-15 12:55:39 | Simulation update: decoder round 91590, completed instructions: 2160/14751, actively running or decoding instructions: 5, waiting windows: 31833/64864. Max active instruction index: 2192
2024-11-15 12:55:49 | Simulation update: decoder round 92772, completed instructions: 2219/14751, actively running or decoding instructions: 7, waiting windows: 32304/65828. Max active instruction index: 2260
2024-11-15 12:55:59 | Simulation update: decoder round 93966, completed instructions: 2269/14751, actively running or decoding instructions: 5, waiting windows: 32771/66803. Max active instruction index: 2309
2024-11-15 12:56:09 | Simulation update: decoder round 95167, completed instructions: 2320/14751, actively running or decoding instructions: 5, waiting windows: 33251/67779. Max active instruction index: 2368
2024-11-15 12:56:19 | Simulation update: decoder round 96374, completed instructions: 2376/14751, actively running or decoding instructions: 4, waiting windows: 33743/68789. Max active instruction index: 2434
2024-11-15 12:56:29 | Simulation update: decoder round 97598, completed instructions: 2425/14751, actively running or decoding instructions: 5, waiting windows: 34216/69785. Max active instruction index: 2482
2024-11-15 12:56:39 | Simulation update: decoder round 98759, completed instructions: 2482/14751, actively running or decoding instructions: 5, waiting windows: 34673/70742. Max active instruction index: 2532
2024-11-15 12:56:49 | Simulation update: decoder round 99991, completed instructions: 2541/14751, actively running or decoding instructions: 7, waiting windows: 35189/71778. Max active instruction index: 2602
2024-11-15 12:56:59 | Simulation update: decoder round 101248, completed instructions: 2593/14751, actively running or decoding instructions: 4, waiting windows: 35689/72804. Max active instruction index: 2654
2024-11-15 12:57:09 | Simulation update: decoder round 102526, completed instructions: 2653/14751, actively running or decoding instructions: 11, waiting windows: 36152/73790. Max active instruction index: 2739
2024-11-15 12:57:19 | Simulation update: decoder round 103806, completed instructions: 2702/14751, actively running or decoding instructions: 4, waiting windows: 36657/74819. Max active instruction index: 2774
2024-11-15 12:57:29 | Simulation update: decoder round 105110, completed instructions: 2761/14751, actively running or decoding instructions: 4, waiting windows: 37171/75858. Max active instruction index: 2840
2024-11-15 12:57:39 | Simulation update: decoder round 106425, completed instructions: 2811/14751, actively running or decoding instructions: 4, waiting windows: 37652/76893. Max active instruction index: 2881
2024-11-15 12:57:49 | Simulation update: decoder round 107743, completed instructions: 2871/14751, actively running or decoding instructions: 5, waiting windows: 38193/77983. Max active instruction index: 2958
2024-11-15 12:57:59 | Simulation update: decoder round 109083, completed instructions: 2930/14751, actively running or decoding instructions: 6, waiting windows: 38727/79082. Max active instruction index: 3010
2024-11-15 12:58:09 | Simulation update: decoder round 110442, completed instructions: 2990/14751, actively running or decoding instructions: 6, waiting windows: 39245/80164. Max active instruction index: 3043
2024-11-15 12:58:19 | Simulation update: decoder round 111686, completed instructions: 3035/14751, actively running or decoding instructions: 2, waiting windows: 39722/81147. Max active instruction index: 2966
2024-11-15 12:58:29 | Simulation update: decoder round 112904, completed instructions: 3073/14751, actively running or decoding instructions: 7, waiting windows: 40176/82062. Max active instruction index: 3065
2024-11-15 12:58:39 | Simulation update: decoder round 114133, completed instructions: 3100/14751, actively running or decoding instructions: 2, waiting windows: 40629/82999. Max active instruction index: 3093
2024-11-15 12:58:49 | Simulation update: decoder round 115369, completed instructions: 3130/14751, actively running or decoding instructions: 4, waiting windows: 41105/83943. Max active instruction index: 3122
2024-11-15 12:58:59 | Simulation update: decoder round 116614, completed instructions: 3158/14751, actively running or decoding instructions: 3, waiting windows: 41575/84899. Max active instruction index: 3150
2024-11-15 12:59:09 | Simulation update: decoder round 117859, completed instructions: 3187/14751, actively running or decoding instructions: 2, waiting windows: 42049/85860. Max active instruction index: 3179
2024-11-15 12:59:19 | Simulation update: decoder round 119113, completed instructions: 3214/14751, actively running or decoding instructions: 4, waiting windows: 42506/86803. Max active instruction index: 3207
2024-11-15 12:59:29 | Simulation update: decoder round 120245, completed instructions: 3244/14751, actively running or decoding instructions: 2, waiting windows: 42925/87649. Max active instruction index: 3236
2024-11-15 12:59:39 | Simulation update: decoder round 121506, completed instructions: 3272/14751, actively running or decoding instructions: 3, waiting windows: 43410/88625. Max active instruction index: 3264
2024-11-15 12:59:49 | Simulation update: decoder round 122775, completed instructions: 3310/14751, actively running or decoding instructions: 4, waiting windows: 43892/89600. Max active instruction index: 3302
2024-11-15 12:59:59 | Simulation update: decoder round 124056, completed instructions: 3338/14751, actively running or decoding instructions: 3, waiting windows: 44368/90584. Max active instruction index: 3331
2024-11-15 13:00:09 | Simulation update: decoder round 125349, completed instructions: 3367/14751, actively running or decoding instructions: 4, waiting windows: 44840/91536. Max active instruction index: 3360
2024-11-15 13:00:19 | Simulation update: decoder round 126652, completed instructions: 3396/14751, actively running or decoding instructions: 4, waiting windows: 45336/92524. Max active instruction index: 3389
2024-11-15 13:00:29 | Simulation update: decoder round 127959, completed instructions: 3426/14751, actively running or decoding instructions: 2, waiting windows: 45834/93523. Max active instruction index: 3425
2024-11-15 13:00:39 | Simulation update: decoder round 129268, completed instructions: 3465/14751, actively running or decoding instructions: 4, waiting windows: 46313/94502. Max active instruction index: 3457
2024-11-15 13:00:49 | Simulation update: decoder round 130586, completed instructions: 3493/14751, actively running or decoding instructions: 3, waiting windows: 46804/95510. Max active instruction index: 3486
2024-11-15 13:00:59 | Simulation update: decoder round 131915, completed instructions: 3532/14751, actively running or decoding instructions: 3, waiting windows: 47312/96515. Max active instruction index: 3524
2024-11-15 13:01:09 | Simulation update: decoder round 133247, completed instructions: 3558/14751, actively running or decoding instructions: 2, waiting windows: 47817/97542. Max active instruction index: 3551
2024-11-15 13:01:20 | Simulation update: decoder round 134592, completed instructions: 3598/14751, actively running or decoding instructions: 5, waiting windows: 48319/98545. Max active instruction index: 3590
2024-11-15 13:01:30 | Simulation update: decoder round 135936, completed instructions: 3626/14751, actively running or decoding instructions: 4, waiting windows: 48810/99565. Max active instruction index: 3618
2024-11-15 13:01:40 | Simulation update: decoder round 137289, completed instructions: 3655/14751, actively running or decoding instructions: 2, waiting windows: 49319/100587. Max active instruction index: 3654
2024-11-15 13:01:50 | Simulation update: decoder round 138650, completed instructions: 3691/14751, actively running or decoding instructions: 3, waiting windows: 49839/101642. Max active instruction index: 3684
2024-11-15 13:02:00 | Simulation update: decoder round 140029, completed instructions: 3729/14751, actively running or decoding instructions: 3, waiting windows: 50368/102708. Max active instruction index: 3722
2024-11-15 13:02:10 | Simulation update: decoder round 141411, completed instructions: 3759/14751, actively running or decoding instructions: 2, waiting windows: 50872/103729. Max active instruction index: 3751
2024-11-15 13:02:20 | Simulation update: decoder round 142649, completed instructions: 3786/14751, actively running or decoding instructions: 3, waiting windows: 51339/104685. Max active instruction index: 3778
2024-11-15 13:02:30 | Simulation update: decoder round 144053, completed instructions: 3824/14751, actively running or decoding instructions: 7, waiting windows: 51863/105744. Max active instruction index: 3825
2024-11-15 13:02:40 | Simulation update: decoder round 145454, completed instructions: 3853/14751, actively running or decoding instructions: 3, waiting windows: 52394/106813. Max active instruction index: 3845
2024-11-15 13:02:50 | Simulation update: decoder round 146874, completed instructions: 3891/14751, actively running or decoding instructions: 3, waiting windows: 52918/107896. Max active instruction index: 3884
2024-11-15 13:03:00 | Simulation update: decoder round 148305, completed instructions: 3920/14751, actively running or decoding instructions: 2, waiting windows: 53464/108986. Max active instruction index: 3913
2024-11-15 13:03:10 | Simulation update: decoder round 149739, completed instructions: 3957/14751, actively running or decoding instructions: 2, waiting windows: 54012/110086. Max active instruction index: 3950
2024-11-15 13:03:20 | Simulation update: decoder round 151192, completed instructions: 3996/14751, actively running or decoding instructions: 5, waiting windows: 54535/111164. Max active instruction index: 3997
2024-11-15 13:03:30 | Simulation update: decoder round 152639, completed instructions: 4047/14751, actively running or decoding instructions: 5, waiting windows: 55118/112329. Max active instruction index: 4039
2024-11-15 13:03:40 | Simulation update: decoder round 154093, completed instructions: 4085/14751, actively running or decoding instructions: 3, waiting windows: 55711/113522. Max active instruction index: 4077
2024-11-15 13:03:50 | Simulation update: decoder round 155568, completed instructions: 4112/14751, actively running or decoding instructions: 4, waiting windows: 56280/114695. Max active instruction index: 4114
2024-11-15 13:04:00 | Simulation update: decoder round 157062, completed instructions: 4152/14751, actively running or decoding instructions: 4, waiting windows: 56887/115899. Max active instruction index: 4144
2024-11-15 13:04:10 | Simulation update: decoder round 158549, completed instructions: 4188/14751, actively running or decoding instructions: 3, waiting windows: 57475/117106. Max active instruction index: 4181
2024-11-15 13:04:20 | Simulation update: decoder round 160049, completed instructions: 4228/14751, actively running or decoding instructions: 3, waiting windows: 58094/118339. Max active instruction index: 4220
2024-11-15 13:04:30 | Simulation update: decoder round 161563, completed instructions: 4265/14751, actively running or decoding instructions: 2, waiting windows: 58694/119568. Max active instruction index: 4257
2024-11-15 13:04:40 | Simulation update: decoder round 163083, completed instructions: 4303/14751, actively running or decoding instructions: 3, waiting windows: 59314/120814. Max active instruction index: 4295
2024-11-15 13:04:50 | Simulation update: decoder round 164617, completed instructions: 4341/14751, actively running or decoding instructions: 5, waiting windows: 59922/122057. Max active instruction index: 4343
2024-11-15 13:05:00 | Simulation update: decoder round 166165, completed instructions: 4380/14751, actively running or decoding instructions: 6, waiting windows: 60552/123318. Max active instruction index: 4381
2024-11-15 13:05:10 | Simulation update: decoder round 167717, completed instructions: 4411/14751, actively running or decoding instructions: 4, waiting windows: 61180/124591. Max active instruction index: 4411
2024-11-15 13:05:20 | Simulation update: decoder round 169293, completed instructions: 4457/14751, actively running or decoding instructions: 4, waiting windows: 61798/125838. Max active instruction index: 4450
2024-11-15 13:05:30 | Simulation update: decoder round 170688, completed instructions: 4487/14751, actively running or decoding instructions: 2, waiting windows: 62343/126958. Max active instruction index: 4479
2024-11-15 13:05:40 | Simulation update: decoder round 172257, completed instructions: 4524/14751, actively running or decoding instructions: 3, waiting windows: 62981/128253. Max active instruction index: 4523
2024-11-15 13:05:50 | Simulation update: decoder round 173810, completed instructions: 4563/14751, actively running or decoding instructions: 3, waiting windows: 63618/129531. Max active instruction index: 4555
2024-11-15 13:06:00 | Simulation update: decoder round 175359, completed instructions: 4600/14751, actively running or decoding instructions: 4, waiting windows: 64230/130783. Max active instruction index: 4592
2024-11-15 13:06:10 | Simulation update: decoder round 176921, completed instructions: 4638/14751, actively running or decoding instructions: 4, waiting windows: 64862/132048. Max active instruction index: 4630
2024-11-15 13:06:20 | Simulation update: decoder round 178494, completed instructions: 4676/14751, actively running or decoding instructions: 3, waiting windows: 65493/133325. Max active instruction index: 4668
2024-11-15 13:06:30 | Simulation update: decoder round 180080, completed instructions: 4713/14751, actively running or decoding instructions: 3, waiting windows: 66124/134620. Max active instruction index: 4706
2024-11-15 13:06:40 | Simulation update: decoder round 181683, completed instructions: 4751/14751, actively running or decoding instructions: 3, waiting windows: 66779/135931. Max active instruction index: 4743
2024-11-15 13:06:50 | Simulation update: decoder round 183285, completed instructions: 4789/14751, actively running or decoding instructions: 3, waiting windows: 67426/137245. Max active instruction index: 4781
2024-11-15 13:07:00 | Simulation update: decoder round 184904, completed instructions: 4827/14751, actively running or decoding instructions: 2, waiting windows: 68075/138554. Max active instruction index: 4819
2024-11-15 13:07:10 | Simulation update: decoder round 186611, completed instructions: 4876/14751, actively running or decoding instructions: 3, waiting windows: 68754/139916. Max active instruction index: 4868
2024-11-15 13:07:20 | Simulation update: decoder round 188355, completed instructions: 4914/14751, actively running or decoding instructions: 2, waiting windows: 69448/141328. Max active instruction index: 4906
2024-11-15 13:07:30 | Simulation update: decoder round 190099, completed instructions: 4961/14751, actively running or decoding instructions: 4, waiting windows: 70159/142765. Max active instruction index: 4953
2024-11-15 13:07:40 | Simulation update: decoder round 191857, completed instructions: 5014/14751, actively running or decoding instructions: 9, waiting windows: 70885/144221. Max active instruction index: 5940
2024-11-15 13:07:50 | Simulation update: decoder round 193614, completed instructions: 5052/14751, actively running or decoding instructions: 2, waiting windows: 71621/145724. Max active instruction index: 5037
2024-11-15 13:08:00 | Simulation update: decoder round 195394, completed instructions: 5099/14751, actively running or decoding instructions: 2, waiting windows: 72384/147258. Max active instruction index: 5084
2024-11-15 13:08:10 | Simulation update: decoder round 196976, completed instructions: 5138/14751, actively running or decoding instructions: 4, waiting windows: 73051/148614. Max active instruction index: 5123
2024-11-15 13:08:20 | Simulation update: decoder round 198794, completed instructions: 5184/14751, actively running or decoding instructions: 4, waiting windows: 73829/150179. Max active instruction index: 5170
2024-11-15 13:08:30 | Simulation update: decoder round 200645, completed instructions: 5224/14751, actively running or decoding instructions: 3, waiting windows: 74587/151730. Max active instruction index: 5209
2024-11-15 13:08:40 | Simulation update: decoder round 202514, completed instructions: 5272/14751, actively running or decoding instructions: 4, waiting windows: 75373/153319. Max active instruction index: 5257
2024-11-15 13:08:50 | Simulation update: decoder round 204402, completed instructions: 5320/14751, actively running or decoding instructions: 4, waiting windows: 76167/154912. Max active instruction index: 5305
2024-11-15 13:09:00 | Simulation update: decoder round 206310, completed instructions: 5368/14751, actively running or decoding instructions: 4, waiting windows: 76986/156556. Max active instruction index: 5353
2024-11-15 13:09:10 | Simulation update: decoder round 208245, completed instructions: 5416/14751, actively running or decoding instructions: 6, waiting windows: 77806/158222. Max active instruction index: 5410
2024-11-15 13:09:20 | Simulation update: decoder round 210204, completed instructions: 5454/14751, actively running or decoding instructions: 2, waiting windows: 78623/159887. Max active instruction index: 5440
2024-11-15 13:09:30 | Simulation update: decoder round 212197, completed instructions: 5503/14751, actively running or decoding instructions: 4, waiting windows: 79463/161577. Max active instruction index: 5488
2024-11-15 13:09:40 | Simulation update: decoder round 214211, completed instructions: 5550/14751, actively running or decoding instructions: 3, waiting windows: 80313/163294. Max active instruction index: 5535
2024-11-15 13:09:50 | Simulation update: decoder round 216248, completed instructions: 5600/14751, actively running or decoding instructions: 3, waiting windows: 81182/165048. Max active instruction index: 5585
2024-11-15 13:10:00 | Simulation update: decoder round 218052, completed instructions: 5646/14751, actively running or decoding instructions: 3, waiting windows: 81940/166595. Max active instruction index: 5632
2024-11-15 13:10:10 | Simulation update: decoder round 220149, completed instructions: 5697/14751, actively running or decoding instructions: 4, waiting windows: 82832/168390. Max active instruction index: 5682
2024-11-15 13:10:20 | Simulation update: decoder round 222272, completed instructions: 5753/14751, actively running or decoding instructions: 4, waiting windows: 83728/170211. Max active instruction index: 5739
2024-11-15 13:10:30 | Simulation update: decoder round 224418, completed instructions: 5802/14751, actively running or decoding instructions: 3, waiting windows: 84647/172046. Max active instruction index: 5787
2024-11-15 13:10:40 | Simulation update: decoder round 226598, completed instructions: 5859/14751, actively running or decoding instructions: 5, waiting windows: 85572/173928. Max active instruction index: 5844
2024-11-15 13:10:50 | Simulation update: decoder round 228806, completed instructions: 5908/14751, actively running or decoding instructions: 4, waiting windows: 86519/175846. Max active instruction index: 5901
2024-11-15 13:11:00 | Simulation update: decoder round 231016, completed instructions: 6150/14751, actively running or decoding instructions: 45, waiting windows: 87506/177887. Max active instruction index: 6223
2024-11-15 13:11:10 | Simulation update: decoder round 233445, completed instructions: 6427/14751, actively running or decoding instructions: 19, waiting windows: 88581/180231. Max active instruction index: 6422
2024-11-15 13:11:20 | Simulation update: decoder round 236170, completed instructions: 6737/14751, actively running or decoding instructions: 20, waiting windows: 89789/182860. Max active instruction index: 6746
2024-11-15 13:11:30 | Simulation update: decoder round 239300, completed instructions: 7210/14751, actively running or decoding instructions: 29, waiting windows: 91260/185962. Max active instruction index: 7264
2024-11-15 13:11:40 | Simulation update: decoder round 242002, completed instructions: 7586/14751, actively running or decoding instructions: 32, waiting windows: 92495/188661. Max active instruction index: 7653
2024-11-15 13:11:50 | Simulation update: decoder round 245160, completed instructions: 8009/14751, actively running or decoding instructions: 22, waiting windows: 93980/191866. Max active instruction index: 8126
2024-11-15 13:12:00 | Simulation update: decoder round 248110, completed instructions: 8388/14751, actively running or decoding instructions: 26, waiting windows: 95320/194805. Max active instruction index: 8561
2024-11-15 13:12:10 | Simulation update: decoder round 251170, completed instructions: 8901/14751, actively running or decoding instructions: 28, waiting windows: 96626/197692. Max active instruction index: 9153
2024-11-15 13:12:20 | Simulation update: decoder round 256260, completed instructions: 9311/14751, actively running or decoding instructions: 23, waiting windows: 98433/201575. Max active instruction index: 9400
2024-11-15 13:12:30 | Simulation update: decoder round 270289, completed instructions: 10337/14751, actively running or decoding instructions: 7, waiting windows: 100514/206505. Max active instruction index: 10317
2024-11-15 13:12:40 | Simulation update: decoder round 291176, completed instructions: 11407/14751, actively running or decoding instructions: 11, waiting windows: 102620/211385. Max active instruction index: 11414
2024-11-15 13:12:50 | Simulation update: decoder round 316645, completed instructions: 12539/14751, actively running or decoding instructions: 5, waiting windows: 104685/216118. Max active instruction index: 12585
2024-11-15 13:13:00 | Simulation update: decoder round 360088, completed instructions: 13608/14751, actively running or decoding instructions: 4, waiting windows: 106592/220389. Max active instruction index: 13584
2024-11-15 13:13:10 | Simulation update: decoder round 404147, completed instructions: 14653/14751, actively running or decoding instructions: 2, waiting windows: 108533/224681. Max active instruction index: 14629
2024-11-15 13:13:11 | Finished simulation
2024-11-15 13:13:13 | Finished saving output. Done! Total elapsed time: 1:06:24.950926
