CONFIG 288
benchmark_file: slurm/data/20241115_113558/benchmarks/carleman_encoding_2_4.lss
decoder_latency_or_dist_filename: slurm/data/20241115_113558/decoder_dists.json
distance: 21
lightweight_setting: 2
max_parallel_processes: predict
missed_speculation_modifier: 1.4
poison_policy: successors
rng: 9
scheduling_method: sliding
speculation_accuracy: 0.9
speculation_latency: 1
speculation_mode: separate
2024-11-15 11:36:23 | Loading benchmark slurm/data/20241115_113558/benchmarks/carleman_encoding_2_4.lss...
2024-11-15 11:36:24 | Starting simulation
PREDICTION STEP BEGIN---------------------------------
Predicted max parallel processes: 387

PREDICTION STEP END-----------------------------------

2024-11-15 11:42:44 | Simulation update: decoder round 1, completed instructions: 0/12153, actively running or decoding instructions: 21, waiting windows: 0/0. Max active instruction index: 191
2024-11-15 11:42:54 | Simulation update: decoder round 523, completed instructions: 406/12153, actively running or decoding instructions: 8, waiting windows: 198/1017. Max active instruction index: 403
2024-11-15 11:43:04 | Simulation update: decoder round 956, completed instructions: 567/12153, actively running or decoding instructions: 11, waiting windows: 226/1809. Max active instruction index: 558
2024-11-15 11:43:14 | Simulation update: decoder round 1394, completed instructions: 698/12153, actively running or decoding instructions: 19, waiting windows: 258/2587. Max active instruction index: 745
2024-11-15 11:43:24 | Simulation update: decoder round 1839, completed instructions: 859/12153, actively running or decoding instructions: 14, waiting windows: 243/3360. Max active instruction index: 899
2024-11-15 11:43:34 | Simulation update: decoder round 2294, completed instructions: 968/12153, actively running or decoding instructions: 8, waiting windows: 228/4125. Max active instruction index: 983
2024-11-15 11:43:44 | Simulation update: decoder round 2740, completed instructions: 1165/12153, actively running or decoding instructions: 10, waiting windows: 232/4966. Max active instruction index: 1192
2024-11-15 11:43:54 | Simulation update: decoder round 3172, completed instructions: 1355/12153, actively running or decoding instructions: 10, waiting windows: 239/5834. Max active instruction index: 1349
2024-11-15 11:44:04 | Simulation update: decoder round 3632, completed instructions: 1601/12153, actively running or decoding instructions: 30, waiting windows: 326/6767. Max active instruction index: 1663
2024-11-15 11:44:14 | Simulation update: decoder round 4102, completed instructions: 1797/12153, actively running or decoding instructions: 24, waiting windows: 328/7717. Max active instruction index: 1847
2024-11-15 11:44:24 | Simulation update: decoder round 4577, completed instructions: 2060/12153, actively running or decoding instructions: 33, waiting windows: 343/8716. Max active instruction index: 2098
2024-11-15 11:44:34 | Simulation update: decoder round 5071, completed instructions: 2245/12153, actively running or decoding instructions: 21, waiting windows: 248/9653. Max active instruction index: 2290
2024-11-15 11:44:45 | Simulation update: decoder round 5576, completed instructions: 2468/12153, actively running or decoding instructions: 12, waiting windows: 236/10662. Max active instruction index: 2510
2024-11-15 11:44:55 | Simulation update: decoder round 6070, completed instructions: 2633/12153, actively running or decoding instructions: 13, waiting windows: 234/11599. Max active instruction index: 2631
2024-11-15 11:45:05 | Simulation update: decoder round 6595, completed instructions: 2883/12153, actively running or decoding instructions: 22, waiting windows: 295/12660. Max active instruction index: 2912
2024-11-15 11:45:15 | Simulation update: decoder round 7139, completed instructions: 3054/12153, actively running or decoding instructions: 11, waiting windows: 257/13666. Max active instruction index: 3063
2024-11-15 11:45:25 | Simulation update: decoder round 7681, completed instructions: 3297/12153, actively running or decoding instructions: 24, waiting windows: 312/14779. Max active instruction index: 3820
2024-11-15 11:45:35 | Simulation update: decoder round 8235, completed instructions: 3481/12153, actively running or decoding instructions: 23, waiting windows: 325/15894. Max active instruction index: 3489
2024-11-15 11:45:45 | Simulation update: decoder round 8807, completed instructions: 3600/12153, actively running or decoding instructions: 15, waiting windows: 283/16956. Max active instruction index: 3583
2024-11-15 11:45:55 | Simulation update: decoder round 9354, completed instructions: 3765/12153, actively running or decoding instructions: 16, waiting windows: 255/18016. Max active instruction index: 3764
2024-11-15 11:46:05 | Simulation update: decoder round 9940, completed instructions: 3999/12153, actively running or decoding instructions: 13, waiting windows: 259/19172. Max active instruction index: 4047
2024-11-15 11:46:15 | Simulation update: decoder round 10545, completed instructions: 4259/12153, actively running or decoding instructions: 18, waiting windows: 257/20359. Max active instruction index: 4332
2024-11-15 11:46:25 | Simulation update: decoder round 11163, completed instructions: 4529/12153, actively running or decoding instructions: 24, waiting windows: 266/21583. Max active instruction index: 4696
2024-11-15 11:46:35 | Simulation update: decoder round 11811, completed instructions: 4693/12153, actively running or decoding instructions: 11, waiting windows: 250/22780. Max active instruction index: 4709
2024-11-15 11:46:45 | Simulation update: decoder round 12475, completed instructions: 4821/12153, actively running or decoding instructions: 9, waiting windows: 249/23970. Max active instruction index: 4817
2024-11-15 11:46:55 | Simulation update: decoder round 13141, completed instructions: 5056/12153, actively running or decoding instructions: 18, waiting windows: 248/25227. Max active instruction index: 5112
2024-11-15 11:47:05 | Simulation update: decoder round 13798, completed instructions: 5270/12153, actively running or decoding instructions: 12, waiting windows: 243/26420. Max active instruction index: 5254
2024-11-15 11:47:15 | Simulation update: decoder round 14514, completed instructions: 5437/12153, actively running or decoding instructions: 20, waiting windows: 251/27684. Max active instruction index: 5448
2024-11-15 11:47:25 | Simulation update: decoder round 15254, completed instructions: 5575/12153, actively running or decoding instructions: 11, waiting windows: 217/28910. Max active instruction index: 5652
2024-11-15 11:47:35 | Simulation update: decoder round 16016, completed instructions: 5747/12153, actively running or decoding instructions: 14, waiting windows: 230/30185. Max active instruction index: 5746
2024-11-15 11:47:45 | Simulation update: decoder round 16801, completed instructions: 5881/12153, actively running or decoding instructions: 13, waiting windows: 227/31427. Max active instruction index: 5869
2024-11-15 11:47:55 | Simulation update: decoder round 17594, completed instructions: 6038/12153, actively running or decoding instructions: 10, waiting windows: 226/32724. Max active instruction index: 6055
2024-11-15 11:48:05 | Simulation update: decoder round 18398, completed instructions: 6258/12153, actively running or decoding instructions: 13, waiting windows: 254/34131. Max active instruction index: 6289
2024-11-15 11:48:15 | Simulation update: decoder round 19176, completed instructions: 6451/12153, actively running or decoding instructions: 9, waiting windows: 262/35475. Max active instruction index: 6446
2024-11-15 11:48:25 | Simulation update: decoder round 20018, completed instructions: 6680/12153, actively running or decoding instructions: 17, waiting windows: 230/36931. Max active instruction index: 6670
2024-11-15 11:48:35 | Simulation update: decoder round 20898, completed instructions: 6859/12153, actively running or decoding instructions: 2, waiting windows: 218/38404. Max active instruction index: 6814
2024-11-15 11:48:45 | Simulation update: decoder round 21802, completed instructions: 7099/12153, actively running or decoding instructions: 13, waiting windows: 256/39927. Max active instruction index: 7120
