CONFIG 348
benchmark_file: slurm/data/20241115_113558/benchmarks/fermi_hubbard_2_2.lss
decoder_latency_or_dist_filename: slurm/data/20241115_113558/decoder_dists.json
distance: 21
lightweight_setting: 2
max_parallel_processes: predict
missed_speculation_modifier: 1.4
poison_policy: successors
rng: 2
scheduling_method: parallel
speculation_accuracy: 0.9
speculation_latency: 1
speculation_mode: separate
2024-11-15 11:36:24 | Loading benchmark slurm/data/20241115_113558/benchmarks/fermi_hubbard_2_2.lss...
2024-11-15 11:36:25 | Starting simulation
PREDICTION STEP BEGIN---------------------------------
Predicted max parallel processes: 144

PREDICTION STEP END-----------------------------------

2024-11-15 11:58:36 | Simulation update: decoder round 1, completed instructions: 0/14751, actively running or decoding instructions: 13, waiting windows: 0/0. Max active instruction index: 30
2024-11-15 11:58:46 | Simulation update: decoder round 872, completed instructions: 54/14751, actively running or decoding instructions: 2, waiting windows: 359/587. Max active instruction index: 50
2024-11-15 11:58:56 | Simulation update: decoder round 1792, completed instructions: 72/14751, actively running or decoding instructions: 3, waiting windows: 667/1205. Max active instruction index: 68
2024-11-15 11:59:06 | Simulation update: decoder round 2676, completed instructions: 88/14751, actively running or decoding instructions: 2, waiting windows: 944/1787. Max active instruction index: 84
2024-11-15 11:59:16 | Simulation update: decoder round 3588, completed instructions: 105/14751, actively running or decoding instructions: 2, waiting windows: 1245/2393. Max active instruction index: 101
2024-11-15 11:59:26 | Simulation update: decoder round 4422, completed instructions: 121/14751, actively running or decoding instructions: 3, waiting windows: 1524/2947. Max active instruction index: 117
2024-11-15 11:59:36 | Simulation update: decoder round 5318, completed instructions: 137/14751, actively running or decoding instructions: 3, waiting windows: 1822/3553. Max active instruction index: 133
2024-11-15 11:59:46 | Simulation update: decoder round 6230, completed instructions: 154/14751, actively running or decoding instructions: 4, waiting windows: 2106/4133. Max active instruction index: 150
2024-11-15 11:59:56 | Simulation update: decoder round 7126, completed instructions: 170/14751, actively running or decoding instructions: 2, waiting windows: 2410/4739. Max active instruction index: 166
2024-11-15 12:00:06 | Simulation update: decoder round 8041, completed instructions: 188/14751, actively running or decoding instructions: 3, waiting windows: 2703/5345. Max active instruction index: 188
2024-11-15 12:00:16 | Simulation update: decoder round 8937, completed instructions: 202/14751, actively running or decoding instructions: 3, waiting windows: 2997/5927. Max active instruction index: 199
2024-11-15 12:00:26 | Simulation update: decoder round 9878, completed instructions: 219/14751, actively running or decoding instructions: 2, waiting windows: 3293/6530. Max active instruction index: 216
2024-11-15 12:00:36 | Simulation update: decoder round 10755, completed instructions: 236/14751, actively running or decoding instructions: 3, waiting windows: 3582/7113. Max active instruction index: 232
2024-11-15 12:00:46 | Simulation update: decoder round 11721, completed instructions: 254/14751, actively running or decoding instructions: 4, waiting windows: 3892/7731. Max active instruction index: 250
2024-11-15 12:00:56 | Simulation update: decoder round 12591, completed instructions: 271/14751, actively running or decoding instructions: 4, waiting windows: 4168/8295. Max active instruction index: 267
2024-11-15 12:01:06 | Simulation update: decoder round 13558, completed instructions: 288/14751, actively running or decoding instructions: 3, waiting windows: 4491/8943. Max active instruction index: 284
2024-11-15 12:01:16 | Simulation update: decoder round 14440, completed instructions: 304/14751, actively running or decoding instructions: 3, waiting windows: 4782/9533. Max active instruction index: 300
2024-11-15 12:01:26 | Simulation update: decoder round 15420, completed instructions: 321/14751, actively running or decoding instructions: 4, waiting windows: 5094/10168. Max active instruction index: 317
2024-11-15 12:01:36 | Simulation update: decoder round 16307, completed instructions: 337/14751, actively running or decoding instructions: 4, waiting windows: 5379/10745. Max active instruction index: 334
2024-11-15 12:01:46 | Simulation update: decoder round 17283, completed instructions: 356/14751, actively running or decoding instructions: 3, waiting windows: 5693/11385. Max active instruction index: 352
2024-11-15 12:01:56 | Simulation update: decoder round 18174, completed instructions: 373/14751, actively running or decoding instructions: 4, waiting windows: 5989/11974. Max active instruction index: 369
2024-11-15 12:02:06 | Simulation update: decoder round 19153, completed instructions: 391/14751, actively running or decoding instructions: 2, waiting windows: 6309/12619. Max active instruction index: 391
2024-11-15 12:02:16 | Simulation update: decoder round 20065, completed instructions: 406/14751, actively running or decoding instructions: 3, waiting windows: 6601/13223. Max active instruction index: 402
2024-11-15 12:02:26 | Simulation update: decoder round 21031, completed instructions: 422/14751, actively running or decoding instructions: 2, waiting windows: 6926/13858. Max active instruction index: 418
2024-11-15 12:02:36 | Simulation update: decoder round 21949, completed instructions: 436/14751, actively running or decoding instructions: 3, waiting windows: 7219/14463. Max active instruction index: 433
2024-11-15 12:02:46 | Simulation update: decoder round 22920, completed instructions: 453/14751, actively running or decoding instructions: 3, waiting windows: 7525/15095. Max active instruction index: 450
2024-11-15 12:02:56 | Simulation update: decoder round 23806, completed instructions: 471/14751, actively running or decoding instructions: 3, waiting windows: 7830/15679. Max active instruction index: 467
2024-11-15 12:03:06 | Simulation update: decoder round 24755, completed instructions: 488/14751, actively running or decoding instructions: 4, waiting windows: 8121/16288. Max active instruction index: 484
2024-11-15 12:03:16 | Simulation update: decoder round 25699, completed instructions: 503/14751, actively running or decoding instructions: 3, waiting windows: 8434/16917. Max active instruction index: 500
2024-11-15 12:03:26 | Simulation update: decoder round 26644, completed instructions: 515/14751, actively running or decoding instructions: 2, waiting windows: 8740/17530. Max active instruction index: 511
2024-11-15 12:03:36 | Simulation update: decoder round 27615, completed instructions: 532/14751, actively running or decoding instructions: 3, waiting windows: 9045/18160. Max active instruction index: 528
2024-11-15 12:03:46 | Simulation update: decoder round 28543, completed instructions: 547/14751, actively running or decoding instructions: 2, waiting windows: 9363/18792. Max active instruction index: 543
2024-11-15 12:03:56 | Simulation update: decoder round 29512, completed instructions: 563/14751, actively running or decoding instructions: 2, waiting windows: 9689/19438. Max active instruction index: 563
2024-11-15 12:04:06 | Simulation update: decoder round 30439, completed instructions: 584/14751, actively running or decoding instructions: 2, waiting windows: 9990/20056. Max active instruction index: 580
2024-11-15 12:04:16 | Simulation update: decoder round 31432, completed instructions: 620/14751, actively running or decoding instructions: 4, waiting windows: 10316/20722. Max active instruction index: 615
2024-11-15 12:04:26 | Simulation update: decoder round 32344, completed instructions: 643/14751, actively running or decoding instructions: 3, waiting windows: 10646/21373. Max active instruction index: 638
2024-11-15 12:04:36 | Simulation update: decoder round 33339, completed instructions: 666/14751, actively running or decoding instructions: 2, waiting windows: 10975/22070. Max active instruction index: 660
2024-11-15 12:04:46 | Simulation update: decoder round 34259, completed instructions: 690/14751, actively running or decoding instructions: 4, waiting windows: 11299/22727. Max active instruction index: 684
2024-11-15 12:04:56 | Simulation update: decoder round 35270, completed instructions: 697/14751, actively running or decoding instructions: 4, waiting windows: 11645/23428. Max active instruction index: 698
2024-11-15 12:05:06 | Simulation update: decoder round 36193, completed instructions: 720/14751, actively running or decoding instructions: 2, waiting windows: 11968/24078. Max active instruction index: 714
2024-11-15 12:05:16 | Simulation update: decoder round 37205, completed instructions: 748/14751, actively running or decoding instructions: 2, waiting windows: 12317/24795. Max active instruction index: 743
2024-11-15 12:05:26 | Simulation update: decoder round 38125, completed instructions: 764/14751, actively running or decoding instructions: 2, waiting windows: 12640/25445. Max active instruction index: 758
2024-11-15 12:05:36 | Simulation update: decoder round 39145, completed instructions: 793/14751, actively running or decoding instructions: 4, waiting windows: 13003/26177. Max active instruction index: 794
2024-11-15 12:05:46 | Simulation update: decoder round 40088, completed instructions: 809/14751, actively running or decoding instructions: 2, waiting windows: 13330/26845. Max active instruction index: 803
2024-11-15 12:05:56 | Simulation update: decoder round 41101, completed instructions: 837/14751, actively running or decoding instructions: 2, waiting windows: 13702/27589. Max active instruction index: 831
2024-11-15 12:06:06 | Simulation update: decoder round 42060, completed instructions: 860/14751, actively running or decoding instructions: 4, waiting windows: 14019/28251. Max active instruction index: 854
2024-11-15 12:06:16 | Simulation update: decoder round 43010, completed instructions: 884/14751, actively running or decoding instructions: 3, waiting windows: 14358/28934. Max active instruction index: 878
2024-11-15 12:06:26 | Simulation update: decoder round 43991, completed instructions: 900/14751, actively running or decoding instructions: 3, waiting windows: 14700/29631. Max active instruction index: 894
2024-11-15 12:06:36 | Simulation update: decoder round 44997, completed instructions: 929/14751, actively running or decoding instructions: 2, waiting windows: 15056/30362. Max active instruction index: 923
2024-11-15 12:06:46 | Simulation update: decoder round 45990, completed instructions: 945/14751, actively running or decoding instructions: 4, waiting windows: 15396/31055. Max active instruction index: 939
2024-11-15 12:06:56 | Simulation update: decoder round 46995, completed instructions: 968/14751, actively running or decoding instructions: 4, waiting windows: 15749/31768. Max active instruction index: 962
2024-11-15 12:07:06 | Simulation update: decoder round 48005, completed instructions: 990/14751, actively running or decoding instructions: 2, waiting windows: 16105/32484. Max active instruction index: 984
2024-11-15 12:07:16 | Simulation update: decoder round 49002, completed instructions: 1011/14751, actively running or decoding instructions: 3, waiting windows: 16457/33207. Max active instruction index: 1006
2024-11-15 12:07:26 | Simulation update: decoder round 50029, completed instructions: 1035/14751, actively running or decoding instructions: 2, waiting windows: 16817/33930. Max active instruction index: 1034
2024-11-15 12:07:36 | Simulation update: decoder round 51069, completed instructions: 1058/14751, actively running or decoding instructions: 2, waiting windows: 17179/34676. Max active instruction index: 1058
2024-11-15 12:07:46 | Simulation update: decoder round 52117, completed instructions: 1091/14751, actively running or decoding instructions: 3, waiting windows: 17553/35437. Max active instruction index: 1086
2024-11-15 12:07:56 | Simulation update: decoder round 53111, completed instructions: 1115/14751, actively running or decoding instructions: 3, waiting windows: 17906/36152. Max active instruction index: 1109
2024-11-15 12:08:06 | Simulation update: decoder round 54170, completed instructions: 1137/14751, actively running or decoding instructions: 3, waiting windows: 18251/36880. Max active instruction index: 1132
2024-11-15 12:08:16 | Simulation update: decoder round 55177, completed instructions: 1160/14751, actively running or decoding instructions: 3, waiting windows: 18601/37589. Max active instruction index: 1155
2024-11-15 12:08:26 | Simulation update: decoder round 56253, completed instructions: 1192/14751, actively running or decoding instructions: 4, waiting windows: 18964/38332. Max active instruction index: 1186
2024-11-15 12:08:36 | Simulation update: decoder round 57245, completed instructions: 1214/14751, actively running or decoding instructions: 2, waiting windows: 19326/39048. Max active instruction index: 1208
2024-11-15 12:08:46 | Simulation update: decoder round 58319, completed instructions: 1243/14751, actively running or decoding instructions: 2, waiting windows: 19722/39837. Max active instruction index: 1237
2024-11-15 12:08:56 | Simulation update: decoder round 59325, completed instructions: 1271/14751, actively running or decoding instructions: 3, waiting windows: 20069/40560. Max active instruction index: 1266
2024-11-15 12:09:06 | Simulation update: decoder round 60418, completed instructions: 1296/14751, actively running or decoding instructions: 3, waiting windows: 20461/41351. Max active instruction index: 1296
2024-11-15 12:09:16 | Simulation update: decoder round 61375, completed instructions: 1318/14751, actively running or decoding instructions: 2, waiting windows: 20780/42019. Max active instruction index: 1312
2024-11-15 12:09:26 | Simulation update: decoder round 62438, completed instructions: 1341/14751, actively running or decoding instructions: 3, waiting windows: 21159/42777. Max active instruction index: 1335
2024-11-15 12:09:36 | Simulation update: decoder round 63448, completed instructions: 1402/14751, actively running or decoding instructions: 8, waiting windows: 21554/43576. Max active instruction index: 1393
2024-11-15 12:09:46 | Simulation update: decoder round 64545, completed instructions: 1471/14751, actively running or decoding instructions: 6, waiting windows: 21981/44464. Max active instruction index: 1463
2024-11-15 12:09:56 | Simulation update: decoder round 65600, completed instructions: 1537/14751, actively running or decoding instructions: 4, waiting windows: 22395/45334. Max active instruction index: 1532
2024-11-15 12:10:06 | Simulation update: decoder round 66668, completed instructions: 1607/14751, actively running or decoding instructions: 7, waiting windows: 22807/46185. Max active instruction index: 1618
2024-11-15 12:10:16 | Simulation update: decoder round 67750, completed instructions: 1666/14751, actively running or decoding instructions: 3, waiting windows: 23249/47089. Max active instruction index: 1659
2024-11-15 12:10:26 | Simulation update: decoder round 68861, completed instructions: 1724/14751, actively running or decoding instructions: 6, waiting windows: 23687/48003. Max active instruction index: 1718
2024-11-15 12:10:36 | Simulation update: decoder round 69960, completed instructions: 1783/14751, actively running or decoding instructions: 5, waiting windows: 24109/48883. Max active instruction index: 1794
2024-11-15 12:10:46 | Simulation update: decoder round 71069, completed instructions: 1842/14751, actively running or decoding instructions: 3, waiting windows: 24551/49812. Max active instruction index: 1860
2024-11-15 12:10:56 | Simulation update: decoder round 72230, completed instructions: 1906/14751, actively running or decoding instructions: 3, waiting windows: 25007/50767. Max active instruction index: 1908
2024-11-15 12:11:06 | Simulation update: decoder round 73358, completed instructions: 1975/14751, actively running or decoding instructions: 3, waiting windows: 25463/51686. Max active instruction index: 1978
2024-11-15 12:11:16 | Simulation update: decoder round 74518, completed instructions: 2035/14751, actively running or decoding instructions: 6, waiting windows: 25918/52641. Max active instruction index: 2055
2024-11-15 12:11:26 | Simulation update: decoder round 75657, completed instructions: 2093/14751, actively running or decoding instructions: 4, waiting windows: 26364/53567. Max active instruction index: 2106
2024-11-15 12:11:36 | Simulation update: decoder round 76875, completed instructions: 2161/14751, actively running or decoding instructions: 4, waiting windows: 26855/54580. Max active instruction index: 2176
2024-11-15 12:11:46 | Simulation update: decoder round 77941, completed instructions: 2213/14751, actively running or decoding instructions: 3, waiting windows: 27256/55436. Max active instruction index: 2226
2024-11-15 12:11:56 | Simulation update: decoder round 79167, completed instructions: 2271/14751, actively running or decoding instructions: 5, waiting windows: 27739/56427. Max active instruction index: 2292
2024-11-15 12:12:06 | Simulation update: decoder round 80354, completed instructions: 2338/14751, actively running or decoding instructions: 4, waiting windows: 28219/57389. Max active instruction index: 2368
2024-11-15 12:12:16 | Simulation update: decoder round 81600, completed instructions: 2404/14751, actively running or decoding instructions: 5, waiting windows: 28710/58422. Max active instruction index: 2434
2024-11-15 12:12:26 | Simulation update: decoder round 82805, completed instructions: 2466/14751, actively running or decoding instructions: 5, waiting windows: 29194/59434. Max active instruction index: 2515
2024-11-15 12:12:36 | Simulation update: decoder round 84088, completed instructions: 2536/14751, actively running or decoding instructions: 4, waiting windows: 29714/60497. Max active instruction index: 2568
2024-11-15 12:12:46 | Simulation update: decoder round 85355, completed instructions: 2604/14751, actively running or decoding instructions: 7, waiting windows: 30194/61503. Max active instruction index: 2638
2024-11-15 12:12:56 | Simulation update: decoder round 86632, completed instructions: 2665/14751, actively running or decoding instructions: 4, waiting windows: 30699/62534. Max active instruction index: 2706
2024-11-15 12:13:06 | Simulation update: decoder round 87907, completed instructions: 2731/14751, actively running or decoding instructions: 4, waiting windows: 31184/63544. Max active instruction index: 2774
2024-11-15 12:13:16 | Simulation update: decoder round 89254, completed instructions: 2817/14751, actively running or decoding instructions: 4, waiting windows: 31723/64646. Max active instruction index: 2856
2024-11-15 12:13:26 | Simulation update: decoder round 90596, completed instructions: 2884/14751, actively running or decoding instructions: 5, waiting windows: 32246/65745. Max active instruction index: 2924
2024-11-15 12:13:36 | Simulation update: decoder round 91944, completed instructions: 2968/14751, actively running or decoding instructions: 6, waiting windows: 32775/66838. Max active instruction index: 3010
2024-11-15 12:13:46 | Simulation update: decoder round 93334, completed instructions: 3047/14751, actively running or decoding instructions: 5, waiting windows: 33317/67960. Max active instruction index: 3050
2024-11-15 12:13:56 | Simulation update: decoder round 94566, completed instructions: 3092/14751, actively running or decoding instructions: 2, waiting windows: 33764/68889. Max active instruction index: 3084
2024-11-15 12:14:06 | Simulation update: decoder round 95802, completed instructions: 3120/14751, actively running or decoding instructions: 3, waiting windows: 34218/69817. Max active instruction index: 3112
2024-11-15 12:14:16 | Simulation update: decoder round 96935, completed instructions: 3158/14751, actively running or decoding instructions: 3, waiting windows: 34647/70703. Max active instruction index: 3150
2024-11-15 12:14:26 | Simulation update: decoder round 98228, completed instructions: 3204/14751, actively running or decoding instructions: 2, waiting windows: 35149/71719. Max active instruction index: 3197
2024-11-15 12:14:36 | Simulation update: decoder round 99462, completed instructions: 3235/14751, actively running or decoding instructions: 3, waiting windows: 35614/72658. Max active instruction index: 3227
2024-11-15 12:14:46 | Simulation update: decoder round 100750, completed instructions: 3271/14751, actively running or decoding instructions: 2, waiting windows: 36099/73651. Max active instruction index: 3264
2024-11-15 12:14:56 | Simulation update: decoder round 101988, completed instructions: 3318/14751, actively running or decoding instructions: 4, waiting windows: 36573/74615. Max active instruction index: 3320
2024-11-15 12:15:06 | Simulation update: decoder round 103312, completed instructions: 3349/14751, actively running or decoding instructions: 3, waiting windows: 37063/75636. Max active instruction index: 3341
2024-11-15 12:15:16 | Simulation update: decoder round 104573, completed instructions: 3386/14751, actively running or decoding instructions: 2, waiting windows: 37529/76575. Max active instruction index: 3379
2024-11-15 12:15:26 | Simulation update: decoder round 105923, completed instructions: 3425/14751, actively running or decoding instructions: 3, waiting windows: 38031/77594. Max active instruction index: 3417
2024-11-15 12:15:36 | Simulation update: decoder round 107195, completed instructions: 3455/14751, actively running or decoding instructions: 4, waiting windows: 38513/78561. Max active instruction index: 3447
2024-11-15 12:15:46 | Simulation update: decoder round 108532, completed instructions: 3504/14751, actively running or decoding instructions: 3, waiting windows: 39022/79609. Max active instruction index: 3496
2024-11-15 12:15:56 | Simulation update: decoder round 109819, completed instructions: 3541/14751, actively running or decoding instructions: 3, waiting windows: 39511/80607. Max active instruction index: 3533
2024-11-15 12:16:06 | Simulation update: decoder round 111207, completed instructions: 3581/14751, actively running or decoding instructions: 3, waiting windows: 40027/81660. Max active instruction index: 3581
2024-11-15 12:16:16 | Simulation update: decoder round 112540, completed instructions: 3626/14751, actively running or decoding instructions: 4, waiting windows: 40527/82692. Max active instruction index: 3618
2024-11-15 12:16:26 | Simulation update: decoder round 113895, completed instructions: 3664/14751, actively running or decoding instructions: 3, waiting windows: 41031/83725. Max active instruction index: 3656
2024-11-15 12:16:36 | Simulation update: decoder round 115238, completed instructions: 3701/14751, actively running or decoding instructions: 2, waiting windows: 41533/84747. Max active instruction index: 3694
2024-11-15 12:16:46 | Simulation update: decoder round 116649, completed instructions: 3758/14751, actively running or decoding instructions: 4, waiting windows: 42069/85838. Max active instruction index: 3759
2024-11-15 12:16:56 | Simulation update: decoder round 117919, completed instructions: 3804/14751, actively running or decoding instructions: 3, waiting windows: 42557/86829. Max active instruction index: 3806
2024-11-15 12:17:06 | Simulation update: decoder round 119322, completed instructions: 3844/14751, actively running or decoding instructions: 4, waiting windows: 43064/87878. Max active instruction index: 3836
2024-11-15 12:17:16 | Simulation update: decoder round 120752, completed instructions: 3892/14751, actively running or decoding instructions: 4, waiting windows: 43614/88980. Max active instruction index: 3884
2024-11-15 12:17:26 | Simulation update: decoder round 122173, completed instructions: 3940/14751, actively running or decoding instructions: 2, waiting windows: 44149/90069. Max active instruction index: 3932
2024-11-15 12:17:36 | Simulation update: decoder round 123608, completed instructions: 3978/14751, actively running or decoding instructions: 3, waiting windows: 44689/91175. Max active instruction index: 3970
2024-11-15 12:17:46 | Simulation update: decoder round 125058, completed instructions: 4033/14751, actively running or decoding instructions: 3, waiting windows: 45244/92311. Max active instruction index: 4026
2024-11-15 12:17:56 | Simulation update: decoder round 126551, completed instructions: 4085/14751, actively running or decoding instructions: 3, waiting windows: 45851/93541. Max active instruction index: 4077
2024-11-15 12:18:06 | Simulation update: decoder round 127997, completed instructions: 4132/14751, actively running or decoding instructions: 3, waiting windows: 46437/94729. Max active instruction index: 4124
2024-11-15 12:18:16 | Simulation update: decoder round 129518, completed instructions: 4170/14751, actively running or decoding instructions: 2, waiting windows: 47027/95948. Max active instruction index: 4162
2024-11-15 12:18:26 | Simulation update: decoder round 131014, completed instructions: 4209/14751, actively running or decoding instructions: 3, waiting windows: 47625/97161. Max active instruction index: 4201
2024-11-15 12:18:36 | Simulation update: decoder round 132546, completed instructions: 4265/14751, actively running or decoding instructions: 2, waiting windows: 48247/98419. Max active instruction index: 4257
2024-11-15 12:18:46 | Simulation update: decoder round 134016, completed instructions: 4303/14751, actively running or decoding instructions: 2, waiting windows: 48833/99617. Max active instruction index: 4295
2024-11-15 12:18:56 | Simulation update: decoder round 135466, completed instructions: 4341/14751, actively running or decoding instructions: 4, waiting windows: 49389/100768. Max active instruction index: 4334
2024-11-15 12:19:06 | Simulation update: decoder round 137027, completed instructions: 4391/14751, actively running or decoding instructions: 3, waiting windows: 50039/102059. Max active instruction index: 4391
2024-11-15 12:19:16 | Simulation update: decoder round 138603, completed instructions: 4438/14751, actively running or decoding instructions: 4, waiting windows: 50644/103306. Max active instruction index: 4431
2024-11-15 12:19:26 | Simulation update: decoder round 140145, completed instructions: 4497/14751, actively running or decoding instructions: 4, waiting windows: 51252/104536. Max active instruction index: 4489
2024-11-15 12:19:36 | Simulation update: decoder round 141798, completed instructions: 4535/14751, actively running or decoding instructions: 4, waiting windows: 51906/105883. Max active instruction index: 4535
2024-11-15 12:19:46 | Simulation update: decoder round 143421, completed instructions: 4582/14751, actively running or decoding instructions: 2, waiting windows: 52558/107195. Max active instruction index: 4582
2024-11-15 12:19:56 | Simulation update: decoder round 145041, completed instructions: 4638/14751, actively running or decoding instructions: 4, waiting windows: 53200/108520. Max active instruction index: 4630
2024-11-15 12:20:06 | Simulation update: decoder round 146658, completed instructions: 4686/14751, actively running or decoding instructions: 2, waiting windows: 53840/109828. Max active instruction index: 4678
2024-11-15 12:20:16 | Simulation update: decoder round 148374, completed instructions: 4734/14751, actively running or decoding instructions: 3, waiting windows: 54547/111236. Max active instruction index: 4734
2024-11-15 12:20:26 | Simulation update: decoder round 150080, completed instructions: 4799/14751, actively running or decoding instructions: 4, waiting windows: 55222/112636. Max active instruction index: 4791
2024-11-15 12:20:36 | Simulation update: decoder round 151797, completed instructions: 4848/14751, actively running or decoding instructions: 5, waiting windows: 55921/114044. Max active instruction index: 4848
2024-11-15 12:20:46 | Simulation update: decoder round 153567, completed instructions: 4913/14751, actively running or decoding instructions: 4, waiting windows: 56623/115467. Max active instruction index: 4914
2024-11-15 12:20:56 | Simulation update: decoder round 155343, completed instructions: 4961/14751, actively running or decoding instructions: 2, waiting windows: 57344/116919. Max active instruction index: 4953
2024-11-15 12:21:06 | Simulation update: decoder round 157124, completed instructions: 5032/14751, actively running or decoding instructions: 4, waiting windows: 58084/118435. Max active instruction index: 5018
2024-11-15 12:21:16 | Simulation update: decoder round 158930, completed instructions: 5090/14751, actively running or decoding instructions: 3, waiting windows: 58837/119980. Max active instruction index: 5075
2024-11-15 12:21:26 | Simulation update: decoder round 160790, completed instructions: 5147/14751, actively running or decoding instructions: 3, waiting windows: 59624/121574. Max active instruction index: 5132
2024-11-15 12:21:36 | Simulation update: decoder round 162612, completed instructions: 5194/14751, actively running or decoding instructions: 4, waiting windows: 60377/123129. Max active instruction index: 5180
2024-11-15 12:21:46 | Simulation update: decoder round 164330, completed instructions: 5242/14751, actively running or decoding instructions: 4, waiting windows: 61102/124588. Max active instruction index: 5228
2024-11-15 12:21:56 | Simulation update: decoder round 166280, completed instructions: 5320/14751, actively running or decoding instructions: 4, waiting windows: 61926/126257. Max active instruction index: 5305
2024-11-15 12:22:06 | Simulation update: decoder round 168243, completed instructions: 5378/14751, actively running or decoding instructions: 2, waiting windows: 62740/127922. Max active instruction index: 5370
2024-11-15 12:22:16 | Simulation update: decoder round 170221, completed instructions: 5446/14751, actively running or decoding instructions: 3, waiting windows: 63570/129612. Max active instruction index: 5431
2024-11-15 12:22:26 | Simulation update: decoder round 172289, completed instructions: 5512/14751, actively running or decoding instructions: 3, waiting windows: 64441/131390. Max active instruction index: 5497
2024-11-15 12:22:36 | Simulation update: decoder round 174364, completed instructions: 5590/14751, actively running or decoding instructions: 3, waiting windows: 65322/133177. Max active instruction index: 5575
2024-11-15 12:22:46 | Simulation update: decoder round 176461, completed instructions: 5656/14751, actively running or decoding instructions: 4, waiting windows: 66198/134988. Max active instruction index: 5642
2024-11-15 12:22:56 | Simulation update: decoder round 178545, completed instructions: 5724/14751, actively running or decoding instructions: 4, waiting windows: 67080/136774. Max active instruction index: 5710
2024-11-15 12:23:07 | Simulation update: decoder round 180787, completed instructions: 5802/14751, actively running or decoding instructions: 3, waiting windows: 68024/138695. Max active instruction index: 5787
2024-11-15 12:23:17 | Simulation update: decoder round 183042, completed instructions: 5879/14751, actively running or decoding instructions: 3, waiting windows: 68985/140638. Max active instruction index: 5864
2024-11-15 12:23:27 | Simulation update: decoder round 185090, completed instructions: 5934/14751, actively running or decoding instructions: 3, waiting windows: 69850/142418. Max active instruction index: 5919
2024-11-15 12:23:37 | Simulation update: decoder round 187428, completed instructions: 6263/14751, actively running or decoding instructions: 5, waiting windows: 70907/144700. Max active instruction index: 6267
2024-11-15 12:23:47 | Simulation update: decoder round 190156, completed instructions: 6607/14751, actively running or decoding instructions: 20, waiting windows: 72171/147344. Max active instruction index: 6638
2024-11-15 12:23:57 | Simulation update: decoder round 193409, completed instructions: 7121/14751, actively running or decoding instructions: 11, waiting windows: 73640/150593. Max active instruction index: 7198
2024-11-15 12:24:07 | Simulation update: decoder round 196222, completed instructions: 7583/14751, actively running or decoding instructions: 25, waiting windows: 75010/153470. Max active instruction index: 7642
2024-11-15 12:24:17 | Simulation update: decoder round 199425, completed instructions: 8088/14751, actively running or decoding instructions: 22, waiting windows: 76540/156796. Max active instruction index: 8136
2024-11-15 12:24:27 | Simulation update: decoder round 202621, completed instructions: 8593/14751, actively running or decoding instructions: 17, waiting windows: 78025/160032. Max active instruction index: 8683
2024-11-15 12:24:37 | Simulation update: decoder round 207600, completed instructions: 9132/14751, actively running or decoding instructions: 12, waiting windows: 79846/163980. Max active instruction index: 9151
2024-11-15 12:24:47 | Simulation update: decoder round 221740, completed instructions: 10504/14751, actively running or decoding instructions: 9, waiting windows: 82195/169458. Max active instruction index: 10502
2024-11-15 12:24:57 | Simulation update: decoder round 244709, completed instructions: 11858/14751, actively running or decoding instructions: 4, waiting windows: 84276/174322. Max active instruction index: 11874
2024-11-15 12:25:07 | Simulation update: decoder round 281742, completed instructions: 13359/14751, actively running or decoding instructions: 2, waiting windows: 86482/179488. Max active instruction index: 13336
2024-11-15 12:25:16 | Finished simulation
2024-11-15 12:25:16 | Finished saving output. Done! Total elapsed time: 0:48:52.624392
