CONFIG 428
benchmark_file: slurm/data/20241115_113558/benchmarks/qpeexact_5.lss
decoder_latency_or_dist_filename: slurm/data/20241115_113558/decoder_dists.json
distance: 21
lightweight_setting: 2
max_parallel_processes: predict
missed_speculation_modifier: 1.4
poison_policy: successors
rng: 4
scheduling_method: parallel
speculation_accuracy: 0.9
speculation_latency: 1
speculation_mode: separate
2024-11-15 11:36:36 | Loading benchmark slurm/data/20241115_113558/benchmarks/qpeexact_5.lss...
2024-11-15 11:36:37 | Starting simulation
PREDICTION STEP BEGIN---------------------------------
Predicted max parallel processes: 51

PREDICTION STEP END-----------------------------------

2024-11-15 12:10:50 | Simulation update: decoder round 1, completed instructions: 0/14570, actively running or decoding instructions: 1, waiting windows: 0/0. Max active instruction index: 0
2024-11-15 12:11:00 | Simulation update: decoder round 6345, completed instructions: 109/14570, actively running or decoding instructions: 3, waiting windows: 257/544. Max active instruction index: 111
2024-11-15 12:11:10 | Simulation update: decoder round 13360, completed instructions: 243/14570, actively running or decoding instructions: 3, waiting windows: 547/1156. Max active instruction index: 239
2024-11-15 12:11:20 | Simulation update: decoder round 21517, completed instructions: 412/14570, actively running or decoding instructions: 3, waiting windows: 875/1871. Max active instruction index: 408
2024-11-15 12:11:30 | Simulation update: decoder round 31206, completed instructions: 593/14570, actively running or decoding instructions: 3, waiting windows: 1358/2886. Max active instruction index: 584
2024-11-15 12:11:40 | Simulation update: decoder round 42418, completed instructions: 794/14570, actively running or decoding instructions: 2, waiting windows: 2348/4949. Max active instruction index: 786
2024-11-15 12:11:50 | Simulation update: decoder round 59703, completed instructions: 1126/14570, actively running or decoding instructions: 9, waiting windows: 3870/8087. Max active instruction index: 1667
2024-11-15 12:12:00 | Simulation update: decoder round 60594, completed instructions: 1171/14570, actively running or decoding instructions: 3, waiting windows: 3993/8351. Max active instruction index: 1711
2024-11-15 12:12:10 | Simulation update: decoder round 61480, completed instructions: 1205/14570, actively running or decoding instructions: 4, waiting windows: 4121/8630. Max active instruction index: 1750
2024-11-15 12:12:20 | Simulation update: decoder round 62372, completed instructions: 1258/14570, actively running or decoding instructions: 6, waiting windows: 4252/8910. Max active instruction index: 1802
2024-11-15 12:12:30 | Simulation update: decoder round 63268, completed instructions: 1297/14570, actively running or decoding instructions: 6, waiting windows: 4388/9196. Max active instruction index: 1842
2024-11-15 12:12:40 | Simulation update: decoder round 64165, completed instructions: 1342/14570, actively running or decoding instructions: 4, waiting windows: 4528/9495. Max active instruction index: 1895
2024-11-15 12:12:50 | Simulation update: decoder round 65067, completed instructions: 1375/14570, actively running or decoding instructions: 6, waiting windows: 4660/9774. Max active instruction index: 1923
2024-11-15 12:13:00 | Simulation update: decoder round 65969, completed instructions: 1408/14570, actively running or decoding instructions: 3, waiting windows: 4801/10068. Max active instruction index: 1955
2024-11-15 12:13:10 | Simulation update: decoder round 66879, completed instructions: 1453/14570, actively running or decoding instructions: 5, waiting windows: 4934/10375. Max active instruction index: 2008
2024-11-15 12:13:20 | Simulation update: decoder round 67798, completed instructions: 1497/14570, actively running or decoding instructions: 7, waiting windows: 5070/10659. Max active instruction index: 2062
2024-11-15 12:13:30 | Simulation update: decoder round 68720, completed instructions: 1531/14570, actively running or decoding instructions: 4, waiting windows: 5203/10945. Max active instruction index: 2085
2024-11-15 12:13:40 | Simulation update: decoder round 69644, completed instructions: 1575/14570, actively running or decoding instructions: 6, waiting windows: 5354/11264. Max active instruction index: 2129
2024-11-15 12:13:50 | Simulation update: decoder round 70574, completed instructions: 1613/14570, actively running or decoding instructions: 4, waiting windows: 5496/11577. Max active instruction index: 2163
2024-11-15 12:14:01 | Simulation update: decoder round 71511, completed instructions: 1652/14570, actively running or decoding instructions: 5, waiting windows: 5650/11886. Max active instruction index: 2203
2024-11-15 12:14:11 | Simulation update: decoder round 72454, completed instructions: 1689/14570, actively running or decoding instructions: 4, waiting windows: 5790/12200. Max active instruction index: 2237
2024-11-15 12:14:21 | Simulation update: decoder round 73397, completed instructions: 1730/14570, actively running or decoding instructions: 3, waiting windows: 5940/12504. Max active instruction index: 2275
