CONFIG 719
benchmark_file: slurm/data/20241115_113558/benchmarks/adder_n28.lss
decoder_latency_or_dist_filename: slurm/data/20241115_113558/decoder_dists.json
distance: 21
lightweight_setting: 2
max_parallel_processes: predict
missed_speculation_modifier: 1.4
poison_policy: successors
rng: 4
scheduling_method: aligned
speculation_accuracy: 0.9
speculation_latency: 1
speculation_mode: separate
2024-11-15 11:36:52 | Loading benchmark slurm/data/20241115_113558/benchmarks/adder_n28.lss...
2024-11-15 11:36:52 | Starting simulation
PREDICTION STEP BEGIN---------------------------------
Predicted max parallel processes: 178

PREDICTION STEP END-----------------------------------

2024-11-15 11:37:48 | Simulation update: decoder round 1, completed instructions: 0/2839, actively running or decoding instructions: 7, waiting windows: 0/0. Max active instruction index: 30
2024-11-15 11:37:58 | Simulation update: decoder round 1935, completed instructions: 284/2839, actively running or decoding instructions: 10, waiting windows: 1456/2740. Max active instruction index: 281
2024-11-15 11:38:08 | Simulation update: decoder round 3966, completed instructions: 474/2839, actively running or decoding instructions: 10, waiting windows: 2726/5414. Max active instruction index: 467
2024-11-15 11:38:18 | Simulation update: decoder round 5987, completed instructions: 836/2839, actively running or decoding instructions: 12, waiting windows: 4131/8370. Max active instruction index: 868
2024-11-15 11:38:28 | Simulation update: decoder round 8369, completed instructions: 1238/2839, actively running or decoding instructions: 10, waiting windows: 5564/11508. Max active instruction index: 1239
2024-11-15 11:38:38 | Simulation update: decoder round 11142, completed instructions: 1873/2839, actively running or decoding instructions: 13, waiting windows: 6955/14693. Max active instruction index: 1896
2024-11-15 11:38:48 | Simulation update: decoder round 15850, completed instructions: 2520/2839, actively running or decoding instructions: 9, waiting windows: 8407/18076. Max active instruction index: 2501
2024-11-15 11:38:51 | Finished simulation
2024-11-15 11:38:51 | Finished saving output. Done! Total elapsed time: 0:01:58.863775
