CONFIG 747
benchmark_file: slurm/data/20241115_113558/benchmarks/qpeexact_5.lss
decoder_latency_or_dist_filename: slurm/data/20241115_113558/decoder_dists.json
distance: 21
lightweight_setting: 2
max_parallel_processes: predict
missed_speculation_modifier: 1.4
poison_policy: successors
rng: 5
scheduling_method: aligned
speculation_accuracy: 0.9
speculation_latency: 1
speculation_mode: separate
2024-11-15 11:36:52 | Loading benchmark slurm/data/20241115_113558/benchmarks/qpeexact_5.lss...
2024-11-15 11:36:53 | Starting simulation
PREDICTION STEP BEGIN---------------------------------
Predicted max parallel processes: 53

PREDICTION STEP END-----------------------------------

2024-11-15 12:08:25 | Simulation update: decoder round 1, completed instructions: 0/14570, actively running or decoding instructions: 1, waiting windows: 0/0. Max active instruction index: 0
2024-11-15 12:08:35 | Simulation update: decoder round 6256, completed instructions: 137/14570, actively running or decoding instructions: 2, waiting windows: 243/566. Max active instruction index: 134
2024-11-15 12:08:45 | Simulation update: decoder round 13416, completed instructions: 289/14570, actively running or decoding instructions: 3, waiting windows: 482/1143. Max active instruction index: 291
2024-11-15 12:08:55 | Simulation update: decoder round 21557, completed instructions: 468/14570, actively running or decoding instructions: 4, waiting windows: 772/1844. Max active instruction index: 468
2024-11-15 12:09:05 | Simulation update: decoder round 31552, completed instructions: 691/14570, actively running or decoding instructions: 2, waiting windows: 1453/3317. Max active instruction index: 682
2024-11-15 12:09:15 | Simulation update: decoder round 45437, completed instructions: 977/14570, actively running or decoding instructions: 4, waiting windows: 2580/5765. Max active instruction index: 969
2024-11-15 12:09:25 | Simulation update: decoder round 52211, completed instructions: 1165/14570, actively running or decoding instructions: 9, waiting windows: 3206/7105. Max active instruction index: 1698
2024-11-15 12:09:35 | Simulation update: decoder round 53079, completed instructions: 1217/14570, actively running or decoding instructions: 4, waiting windows: 3339/7407. Max active instruction index: 1750
2024-11-15 12:09:45 | Simulation update: decoder round 53956, completed instructions: 1263/14570, actively running or decoding instructions: 6, waiting windows: 3472/7697. Max active instruction index: 1789
2024-11-15 12:09:55 | Simulation update: decoder round 54843, completed instructions: 1311/14570, actively running or decoding instructions: 6, waiting windows: 3604/8003. Max active instruction index: 1842
2024-11-15 12:10:05 | Simulation update: decoder round 55734, completed instructions: 1352/14570, actively running or decoding instructions: 6, waiting windows: 3730/8289. Max active instruction index: 1888
2024-11-15 12:10:15 | Simulation update: decoder round 56630, completed instructions: 1399/14570, actively running or decoding instructions: 4, waiting windows: 3873/8599. Max active instruction index: 1931
2024-11-15 12:10:25 | Simulation update: decoder round 57524, completed instructions: 1435/14570, actively running or decoding instructions: 5, waiting windows: 4005/8905. Max active instruction index: 1967
2024-11-15 12:10:35 | Simulation update: decoder round 58431, completed instructions: 1478/14570, actively running or decoding instructions: 5, waiting windows: 4127/9183. Max active instruction index: 2021
2024-11-15 12:10:45 | Simulation update: decoder round 59344, completed instructions: 1522/14570, actively running or decoding instructions: 7, waiting windows: 4263/9481. Max active instruction index: 2063
2024-11-15 12:10:55 | Simulation update: decoder round 60255, completed instructions: 1568/14570, actively running or decoding instructions: 5, waiting windows: 4402/9786. Max active instruction index: 2103
2024-11-15 12:11:05 | Simulation update: decoder round 61172, completed instructions: 1616/14570, actively running or decoding instructions: 6, waiting windows: 4547/10104. Max active instruction index: 2162
2024-11-15 12:11:15 | Simulation update: decoder round 62094, completed instructions: 1663/14570, actively running or decoding instructions: 5, waiting windows: 4680/10415. Max active instruction index: 2203
2024-11-15 12:11:25 | Simulation update: decoder round 63022, completed instructions: 1707/14570, actively running or decoding instructions: 8, waiting windows: 4824/10728. Max active instruction index: 2237
2024-11-15 12:11:35 | Simulation update: decoder round 63957, completed instructions: 1746/14570, actively running or decoding instructions: 4, waiting windows: 4959/11034. Max active instruction index: 2286
2024-11-15 12:11:45 | Simulation update: decoder round 64895, completed instructions: 1785/14570, actively running or decoding instructions: 6, waiting windows: 5093/11341. Max active instruction index: 2329
2024-11-15 12:11:55 | Simulation update: decoder round 65839, completed instructions: 1837/14570, actively running or decoding instructions: 5, waiting windows: 5238/11657. Max active instruction index: 2372
2024-11-15 12:12:05 | Simulation update: decoder round 66789, completed instructions: 1876/14570, actively running or decoding instructions: 7, waiting windows: 5391/11990. Max active instruction index: 2417
2024-11-15 12:12:15 | Simulation update: decoder round 67744, completed instructions: 1914/14570, actively running or decoding instructions: 6, waiting windows: 5519/12300. Max active instruction index: 2443
2024-11-15 12:12:25 | Simulation update: decoder round 68704, completed instructions: 1965/14570, actively running or decoding instructions: 5, waiting windows: 5675/12631. Max active instruction index: 2493
2024-11-15 12:12:35 | Simulation update: decoder round 69675, completed instructions: 2014/14570, actively running or decoding instructions: 5, waiting windows: 5811/12932. Max active instruction index: 2533
2024-11-15 12:12:45 | Simulation update: decoder round 70648, completed instructions: 2059/14570, actively running or decoding instructions: 4, waiting windows: 5946/13246. Max active instruction index: 2585
2024-11-15 12:12:55 | Simulation update: decoder round 71627, completed instructions: 2113/14570, actively running or decoding instructions: 5, waiting windows: 6082/13553. Max active instruction index: 2638
2024-11-15 12:13:05 | Simulation update: decoder round 72610, completed instructions: 2159/14570, actively running or decoding instructions: 4, waiting windows: 6233/13880. Max active instruction index: 2676
2024-11-15 12:13:15 | Simulation update: decoder round 73600, completed instructions: 2207/14570, actively running or decoding instructions: 4, waiting windows: 6379/14210. Max active instruction index: 2739
2024-11-15 12:13:25 | Simulation update: decoder round 74592, completed instructions: 2258/14570, actively running or decoding instructions: 4, waiting windows: 6527/14543. Max active instruction index: 2779
2024-11-15 12:13:35 | Simulation update: decoder round 75596, completed instructions: 2300/14570, actively running or decoding instructions: 4, waiting windows: 6672/14873. Max active instruction index: 2812
2024-11-15 12:13:45 | Simulation update: decoder round 76607, completed instructions: 2354/14570, actively running or decoding instructions: 5, waiting windows: 6811/15186. Max active instruction index: 2866
2024-11-15 12:13:55 | Simulation update: decoder round 77624, completed instructions: 2408/14570, actively running or decoding instructions: 5, waiting windows: 6948/15488. Max active instruction index: 2919
2024-11-15 12:14:05 | Simulation update: decoder round 78647, completed instructions: 2460/14570, actively running or decoding instructions: 5, waiting windows: 7085/15795. Max active instruction index: 2974
2024-11-15 12:14:15 | Simulation update: decoder round 79683, completed instructions: 2505/14570, actively running or decoding instructions: 4, waiting windows: 7203/16084. Max active instruction index: 1783
