CONFIG 776
benchmark_file: slurm/data/20241115_113558/benchmarks/qpeexact_5.lss
decoder_latency_or_dist_filename: slurm/data/20241115_113558/decoder_dists.json
distance: 21
lightweight_setting: 2
max_parallel_processes: predict
missed_speculation_modifier: 1.4
poison_policy: successors
rng: 6
scheduling_method: aligned
speculation_accuracy: 0.9
speculation_latency: 1
speculation_mode: separate
2024-11-15 11:36:52 | Loading benchmark slurm/data/20241115_113558/benchmarks/qpeexact_5.lss...
2024-11-15 11:36:53 | Starting simulation
PREDICTION STEP BEGIN---------------------------------
Predicted max parallel processes: 51

PREDICTION STEP END-----------------------------------

2024-11-15 12:07:09 | Simulation update: decoder round 1, completed instructions: 0/14570, actively running or decoding instructions: 1, waiting windows: 0/0. Max active instruction index: 0
2024-11-15 12:07:19 | Simulation update: decoder round 6345, completed instructions: 143/14570, actively running or decoding instructions: 4, waiting windows: 241/561. Max active instruction index: 140
2024-11-15 12:07:29 | Simulation update: decoder round 13598, completed instructions: 296/14570, actively running or decoding instructions: 2, waiting windows: 506/1184. Max active instruction index: 295
2024-11-15 12:07:39 | Simulation update: decoder round 22361, completed instructions: 483/14570, actively running or decoding instructions: 2, waiting windows: 812/1915. Max active instruction index: 479
2024-11-15 12:07:49 | Simulation update: decoder round 32622, completed instructions: 713/14570, actively running or decoding instructions: 3, waiting windows: 1538/3496. Max active instruction index: 704
2024-11-15 12:07:59 | Simulation update: decoder round 47911, completed instructions: 1056/14570, actively running or decoding instructions: 2, waiting windows: 2802/6258. Max active instruction index: 1048
2024-11-15 12:08:09 | Simulation update: decoder round 51195, completed instructions: 1178/14570, actively running or decoding instructions: 5, waiting windows: 3146/6980. Max active instruction index: 1711
2024-11-15 12:08:19 | Simulation update: decoder round 52117, completed instructions: 1215/14570, actively running or decoding instructions: 4, waiting windows: 3256/7259. Max active instruction index: 1750
2024-11-15 12:08:29 | Simulation update: decoder round 53045, completed instructions: 1270/14570, actively running or decoding instructions: 5, waiting windows: 3400/7553. Max active instruction index: 1802
2024-11-15 12:08:39 | Simulation update: decoder round 53977, completed instructions: 1311/14570, actively running or decoding instructions: 4, waiting windows: 3532/7860. Max active instruction index: 1842
2024-11-15 12:08:49 | Simulation update: decoder round 54911, completed instructions: 1359/14570, actively running or decoding instructions: 5, waiting windows: 3668/8160. Max active instruction index: 1883
2024-11-15 12:08:59 | Simulation update: decoder round 55853, completed instructions: 1396/14570, actively running or decoding instructions: 5, waiting windows: 3803/8458. Max active instruction index: 1923
2024-11-15 12:09:09 | Simulation update: decoder round 56798, completed instructions: 1442/14570, actively running or decoding instructions: 5, waiting windows: 3947/8779. Max active instruction index: 1967
2024-11-15 12:09:19 | Simulation update: decoder round 57749, completed instructions: 1488/14570, actively running or decoding instructions: 6, waiting windows: 4077/9087. Max active instruction index: 2021
2024-11-15 12:09:29 | Simulation update: decoder round 58704, completed instructions: 1537/14570, actively running or decoding instructions: 5, waiting windows: 4224/9403. Max active instruction index: 2063
2024-11-15 12:09:40 | Simulation update: decoder round 59670, completed instructions: 1583/14570, actively running or decoding instructions: 7, waiting windows: 4353/9699. Max active instruction index: 2103
2024-11-15 12:09:50 | Simulation update: decoder round 60638, completed instructions: 1632/14570, actively running or decoding instructions: 5, waiting windows: 4499/10024. Max active instruction index: 2149
2024-11-15 12:10:00 | Simulation update: decoder round 61615, completed instructions: 1686/14570, actively running or decoding instructions: 6, waiting windows: 4641/10345. Max active instruction index: 2203
2024-11-15 12:10:10 | Simulation update: decoder round 62595, completed instructions: 1724/14570, actively running or decoding instructions: 4, waiting windows: 4789/10675. Max active instruction index: 2237
2024-11-15 12:10:20 | Simulation update: decoder round 63582, completed instructions: 1772/14570, actively running or decoding instructions: 4, waiting windows: 4929/11002. Max active instruction index: 2289
2024-11-15 12:10:30 | Simulation update: decoder round 64578, completed instructions: 1833/14570, actively running or decoding instructions: 4, waiting windows: 5075/11321. Max active instruction index: 2359
2024-11-15 12:10:40 | Simulation update: decoder round 65570, completed instructions: 1880/14570, actively running or decoding instructions: 4, waiting windows: 5221/11656. Max active instruction index: 2402
2024-11-15 12:10:50 | Simulation update: decoder round 66574, completed instructions: 1930/14570, actively running or decoding instructions: 4, waiting windows: 5375/11988. Max active instruction index: 2443
2024-11-15 12:11:00 | Simulation update: decoder round 67587, completed instructions: 1982/14570, actively running or decoding instructions: 6, waiting windows: 5495/12280. Max active instruction index: 2493
2024-11-15 12:11:10 | Simulation update: decoder round 68582, completed instructions: 2030/14570, actively running or decoding instructions: 4, waiting windows: 5640/12607. Max active instruction index: 2546
2024-11-15 12:11:20 | Simulation update: decoder round 69589, completed instructions: 2084/14570, actively running or decoding instructions: 6, waiting windows: 5791/12940. Max active instruction index: 2599
2024-11-15 12:11:30 | Simulation update: decoder round 70609, completed instructions: 2137/14570, actively running or decoding instructions: 9, waiting windows: 5924/13242. Max active instruction index: 2663
2024-11-15 12:11:40 | Simulation update: decoder round 71627, completed instructions: 2180/14570, actively running or decoding instructions: 3, waiting windows: 6088/13588. Max active instruction index: 2689
2024-11-15 12:11:50 | Simulation update: decoder round 72604, completed instructions: 2230/14570, actively running or decoding instructions: 6, waiting windows: 6227/13907. Max active instruction index: 2752
2024-11-15 12:12:00 | Simulation update: decoder round 73642, completed instructions: 2281/14570, actively running or decoding instructions: 3, waiting windows: 6380/14245. Max active instruction index: 2787
2024-11-15 12:12:10 | Simulation update: decoder round 74681, completed instructions: 2341/14570, actively running or decoding instructions: 5, waiting windows: 6530/14586. Max active instruction index: 2852
2024-11-15 12:12:20 | Simulation update: decoder round 75734, completed instructions: 2396/14570, actively running or decoding instructions: 4, waiting windows: 6659/14899. Max active instruction index: 2906
2024-11-15 12:12:30 | Simulation update: decoder round 76803, completed instructions: 2447/14570, actively running or decoding instructions: 3, waiting windows: 6792/15205. Max active instruction index: 2959
2024-11-15 12:12:40 | Simulation update: decoder round 77874, completed instructions: 2499/14570, actively running or decoding instructions: 4, waiting windows: 6920/15506. Max active instruction index: 2996
2024-11-15 12:12:50 | Simulation update: decoder round 78960, completed instructions: 2557/14570, actively running or decoding instructions: 5, waiting windows: 7049/15801. Max active instruction index: 3021
2024-11-15 12:13:00 | Simulation update: decoder round 80056, completed instructions: 2612/14570, actively running or decoding instructions: 6, waiting windows: 7166/16078. Max active instruction index: 3053
2024-11-15 12:13:10 | Simulation update: decoder round 81157, completed instructions: 2665/14570, actively running or decoding instructions: 5, waiting windows: 7306/16395. Max active instruction index: 3082
2024-11-15 12:13:20 | Simulation update: decoder round 82264, completed instructions: 2711/14570, actively running or decoding instructions: 4, waiting windows: 7441/16698. Max active instruction index: 3105
2024-11-15 12:13:30 | Simulation update: decoder round 83382, completed instructions: 2773/14570, actively running or decoding instructions: 5, waiting windows: 7591/17021. Max active instruction index: 3143
2024-11-15 12:13:40 | Simulation update: decoder round 84513, completed instructions: 2825/14570, actively running or decoding instructions: 6, waiting windows: 7718/17332. Max active instruction index: 3173
2024-11-15 12:13:50 | Simulation update: decoder round 85638, completed instructions: 2892/14570, actively running or decoding instructions: 3, waiting windows: 7870/17653. Max active instruction index: 2184
2024-11-15 12:14:00 | Simulation update: decoder round 86764, completed instructions: 2921/14570, actively running or decoding instructions: 2, waiting windows: 8017/17971. Max active instruction index: 2255
2024-11-15 12:14:10 | Simulation update: decoder round 87889, completed instructions: 2949/14570, actively running or decoding instructions: 3, waiting windows: 8172/18290. Max active instruction index: 2315
2024-11-15 12:14:20 | Simulation update: decoder round 89019, completed instructions: 2975/14570, actively running or decoding instructions: 3, waiting windows: 8317/18610. Max active instruction index: 2380
2024-11-15 12:14:30 | Simulation update: decoder round 90159, completed instructions: 2999/14570, actively running or decoding instructions: 3, waiting windows: 8463/18918. Max active instruction index: 2438
2024-11-15 12:14:40 | Simulation update: decoder round 91294, completed instructions: 3024/14570, actively running or decoding instructions: 2, waiting windows: 8619/19245. Max active instruction index: 2500
2024-11-15 12:14:50 | Simulation update: decoder round 92440, completed instructions: 3047/14570, actively running or decoding instructions: 3, waiting windows: 8774/19565. Max active instruction index: 2553
2024-11-15 12:15:00 | Simulation update: decoder round 93597, completed instructions: 3076/14570, actively running or decoding instructions: 3, waiting windows: 8919/19875. Max active instruction index: 2621
2024-11-15 12:15:10 | Simulation update: decoder round 94747, completed instructions: 3097/14570, actively running or decoding instructions: 3, waiting windows: 9073/20206. Max active instruction index: 2671
2024-11-15 12:15:20 | Simulation update: decoder round 95893, completed instructions: 3120/14570, actively running or decoding instructions: 3, waiting windows: 9222/20520. Max active instruction index: 2734
2024-11-15 12:15:30 | Simulation update: decoder round 97056, completed instructions: 3149/14570, actively running or decoding instructions: 3, waiting windows: 9378/20839. Max active instruction index: 2807
2024-11-15 12:15:40 | Simulation update: decoder round 98224, completed instructions: 3182/14570, actively running or decoding instructions: 5, waiting windows: 9517/21149. Max active instruction index: 2874
2024-11-15 12:15:50 | Simulation update: decoder round 99391, completed instructions: 3203/14570, actively running or decoding instructions: 3, waiting windows: 9683/21488. Max active instruction index: 2925
2024-11-15 12:16:00 | Simulation update: decoder round 100406, completed instructions: 3294/14570, actively running or decoding instructions: 28, waiting windows: 9835/21810. Max active instruction index: 3354
2024-11-15 12:16:10 | Simulation update: decoder round 101119, completed instructions: 3354/14570, actively running or decoding instructions: 6, waiting windows: 9936/22072. Max active instruction index: 3398
2024-11-15 12:16:20 | Simulation update: decoder round 101851, completed instructions: 3417/14570, actively running or decoding instructions: 8, waiting windows: 10014/22306. Max active instruction index: 3445
2024-11-15 12:16:30 | Simulation update: decoder round 102585, completed instructions: 3465/14570, actively running or decoding instructions: 6, waiting windows: 10109/22536. Max active instruction index: 3492
2024-11-15 12:16:40 | Simulation update: decoder round 103326, completed instructions: 3541/14570, actively running or decoding instructions: 8, waiting windows: 10218/22776. Max active instruction index: 3560
2024-11-15 12:16:50 | Simulation update: decoder round 104070, completed instructions: 3605/14570, actively running or decoding instructions: 7, waiting windows: 10321/23029. Max active instruction index: 3629
2024-11-15 12:17:00 | Simulation update: decoder round 104818, completed instructions: 3657/14570, actively running or decoding instructions: 7, waiting windows: 10421/23282. Max active instruction index: 3673
2024-11-15 12:17:10 | Simulation update: decoder round 105569, completed instructions: 3721/14570, actively running or decoding instructions: 6, waiting windows: 10536/23546. Max active instruction index: 3738
2024-11-15 12:17:20 | Simulation update: decoder round 106324, completed instructions: 3781/14570, actively running or decoding instructions: 8, waiting windows: 10628/23788. Max active instruction index: 3812
2024-11-15 12:17:30 | Simulation update: decoder round 107086, completed instructions: 3839/14570, actively running or decoding instructions: 7, waiting windows: 10739/24051. Max active instruction index: 3858
2024-11-15 12:17:40 | Simulation update: decoder round 107846, completed instructions: 3907/14570, actively running or decoding instructions: 7, waiting windows: 10856/24322. Max active instruction index: 3926
2024-11-15 12:17:50 | Simulation update: decoder round 108620, completed instructions: 3967/14570, actively running or decoding instructions: 6, waiting windows: 10945/24561. Max active instruction index: 3974
2024-11-15 12:18:00 | Simulation update: decoder round 109401, completed instructions: 4034/14570, actively running or decoding instructions: 6, waiting windows: 11060/24814. Max active instruction index: 4041
2024-11-15 12:18:10 | Simulation update: decoder round 110183, completed instructions: 4095/14570, actively running or decoding instructions: 8, waiting windows: 11139/25044. Max active instruction index: 4097
2024-11-15 12:18:20 | Simulation update: decoder round 110970, completed instructions: 4163/14570, actively running or decoding instructions: 8, waiting windows: 11244/25305. Max active instruction index: 4186
2024-11-15 12:18:30 | Simulation update: decoder round 111764, completed instructions: 4232/14570, actively running or decoding instructions: 5, waiting windows: 11362/25586. Max active instruction index: 4252
2024-11-15 12:18:40 | Simulation update: decoder round 112561, completed instructions: 4304/14570, actively running or decoding instructions: 9, waiting windows: 11453/25839. Max active instruction index: 4326
2024-11-15 12:18:50 | Simulation update: decoder round 113370, completed instructions: 4375/14570, actively running or decoding instructions: 9, waiting windows: 11569/26099. Max active instruction index: 4395
2024-11-15 12:19:00 | Simulation update: decoder round 114181, completed instructions: 4441/14570, actively running or decoding instructions: 7, waiting windows: 11690/26378. Max active instruction index: 4477
2024-11-15 12:19:10 | Simulation update: decoder round 115007, completed instructions: 4502/14570, actively running or decoding instructions: 8, waiting windows: 11800/26659. Max active instruction index: 4564
2024-11-15 12:19:20 | Simulation update: decoder round 115835, completed instructions: 4573/14570, actively running or decoding instructions: 7, waiting windows: 11916/26954. Max active instruction index: 4630
2024-11-15 12:19:30 | Simulation update: decoder round 116668, completed instructions: 4639/14570, actively running or decoding instructions: 7, waiting windows: 12053/27265. Max active instruction index: 4699
2024-11-15 12:19:40 | Simulation update: decoder round 117510, completed instructions: 4705/14570, actively running or decoding instructions: 7, waiting windows: 12157/27545. Max active instruction index: 4767
2024-11-15 12:19:50 | Simulation update: decoder round 118360, completed instructions: 4765/14570, actively running or decoding instructions: 7, waiting windows: 12284/27845. Max active instruction index: 4850
2024-11-15 12:20:00 | Simulation update: decoder round 119214, completed instructions: 4844/14570, actively running or decoding instructions: 9, waiting windows: 12382/28113. Max active instruction index: 4916
2024-11-15 12:20:10 | Simulation update: decoder round 120073, completed instructions: 4928/14570, actively running or decoding instructions: 6, waiting windows: 12524/28423. Max active instruction index: 5005
2024-11-15 12:20:20 | Simulation update: decoder round 120941, completed instructions: 4984/14570, actively running or decoding instructions: 7, waiting windows: 12639/28720. Max active instruction index: 5072
2024-11-15 12:20:30 | Simulation update: decoder round 121812, completed instructions: 5058/14570, actively running or decoding instructions: 5, waiting windows: 12772/29030. Max active instruction index: 5140
2024-11-15 12:20:40 | Simulation update: decoder round 122696, completed instructions: 5141/14570, actively running or decoding instructions: 9, waiting windows: 12879/29324. Max active instruction index: 5262
2024-11-15 12:20:50 | Simulation update: decoder round 123587, completed instructions: 5203/14570, actively running or decoding instructions: 5, waiting windows: 13008/29622. Max active instruction index: 5278
2024-11-15 12:21:00 | Simulation update: decoder round 124483, completed instructions: 5272/14570, actively running or decoding instructions: 7, waiting windows: 13134/29928. Max active instruction index: 5342
2024-11-15 12:21:10 | Simulation update: decoder round 125382, completed instructions: 5343/14570, actively running or decoding instructions: 7, waiting windows: 13276/30251. Max active instruction index: 5415
2024-11-15 12:21:20 | Simulation update: decoder round 126299, completed instructions: 5418/14570, actively running or decoding instructions: 7, waiting windows: 13389/30553. Max active instruction index: 5489
2024-11-15 12:21:30 | Simulation update: decoder round 127226, completed instructions: 5485/14570, actively running or decoding instructions: 10, waiting windows: 13507/30845. Max active instruction index: 5546
2024-11-15 12:21:40 | Simulation update: decoder round 128162, completed instructions: 5530/14570, actively running or decoding instructions: 5, waiting windows: 13620/31112. Max active instruction index: 5559
2024-11-15 12:21:50 | Simulation update: decoder round 129113, completed instructions: 5581/14570, actively running or decoding instructions: 7, waiting windows: 13713/31345. Max active instruction index: 5585
2024-11-15 12:22:00 | Simulation update: decoder round 130066, completed instructions: 5612/14570, actively running or decoding instructions: 2, waiting windows: 13816/31565. Max active instruction index: 5607
2024-11-15 12:22:10 | Simulation update: decoder round 131017, completed instructions: 5630/14570, actively running or decoding instructions: 3, waiting windows: 13926/31794. Max active instruction index: 5629
2024-11-15 12:22:20 | Simulation update: decoder round 131973, completed instructions: 5654/14570, actively running or decoding instructions: 2, waiting windows: 14029/32025. Max active instruction index: 5649
2024-11-15 12:22:30 | Simulation update: decoder round 132932, completed instructions: 5685/14570, actively running or decoding instructions: 4, waiting windows: 14136/32256. Max active instruction index: 5679
2024-11-15 12:22:40 | Simulation update: decoder round 133892, completed instructions: 5718/14570, actively running or decoding instructions: 2, waiting windows: 14273/32533. Max active instruction index: 5710
2024-11-15 12:22:50 | Simulation update: decoder round 134854, completed instructions: 5739/14570, actively running or decoding instructions: 2, waiting windows: 14395/32797. Max active instruction index: 5732
2024-11-15 12:23:00 | Simulation update: decoder round 135822, completed instructions: 5761/14570, actively running or decoding instructions: 2, waiting windows: 14522/33068. Max active instruction index: 5754
2024-11-15 12:23:10 | Simulation update: decoder round 136796, completed instructions: 5780/14570, actively running or decoding instructions: 2, waiting windows: 14645/33327. Max active instruction index: 5775
2024-11-15 12:23:20 | Simulation update: decoder round 137775, completed instructions: 5803/14570, actively running or decoding instructions: 4, waiting windows: 14764/33582. Max active instruction index: 5795
2024-11-15 12:23:30 | Simulation update: decoder round 138752, completed instructions: 5820/14570, actively running or decoding instructions: 4, waiting windows: 14889/33847. Max active instruction index: 5817
2024-11-15 12:23:40 | Simulation update: decoder round 139729, completed instructions: 5847/14570, actively running or decoding instructions: 3, waiting windows: 15032/34130. Max active instruction index: 5839
2024-11-15 12:23:50 | Simulation update: decoder round 140713, completed instructions: 5869/14570, actively running or decoding instructions: 2, waiting windows: 15160/34412. Max active instruction index: 5861
2024-11-15 12:24:00 | Simulation update: decoder round 141702, completed instructions: 5885/14570, actively running or decoding instructions: 2, waiting windows: 15289/34682. Max active instruction index: 5877
2024-11-15 12:24:10 | Simulation update: decoder round 142687, completed instructions: 5906/14570, actively running or decoding instructions: 3, waiting windows: 15424/34966. Max active instruction index: 5898
2024-11-15 12:24:20 | Simulation update: decoder round 143678, completed instructions: 5929/14570, actively running or decoding instructions: 3, waiting windows: 15554/35241. Max active instruction index: 5921
2024-11-15 12:24:30 | Simulation update: decoder round 144671, completed instructions: 5951/14570, actively running or decoding instructions: 4, waiting windows: 15693/35529. Max active instruction index: 5949
2024-11-15 12:24:40 | Simulation update: decoder round 145667, completed instructions: 5968/14570, actively running or decoding instructions: 3, waiting windows: 15820/35807. Max active instruction index: 5961
2024-11-15 12:24:50 | Simulation update: decoder round 146669, completed instructions: 5990/14570, actively running or decoding instructions: 2, waiting windows: 15948/36074. Max active instruction index: 5983
2024-11-15 12:25:00 | Simulation update: decoder round 147670, completed instructions: 6013/14570, actively running or decoding instructions: 3, waiting windows: 16073/36342. Max active instruction index: 6006
2024-11-15 12:25:10 | Simulation update: decoder round 148676, completed instructions: 6036/14570, actively running or decoding instructions: 3, waiting windows: 16215/36629. Max active instruction index: 6028
2024-11-15 12:25:20 | Simulation update: decoder round 149682, completed instructions: 6056/14570, actively running or decoding instructions: 4, waiting windows: 16342/36908. Max active instruction index: 6049
2024-11-15 12:25:30 | Simulation update: decoder round 150694, completed instructions: 6080/14570, actively running or decoding instructions: 4, waiting windows: 16475/37180. Max active instruction index: 6072
2024-11-15 12:25:40 | Simulation update: decoder round 151707, completed instructions: 6097/14570, actively running or decoding instructions: 4, waiting windows: 16608/37455. Max active instruction index: 6089
2024-11-15 12:25:50 | Simulation update: decoder round 152726, completed instructions: 6121/14570, actively running or decoding instructions: 3, waiting windows: 16744/37741. Max active instruction index: 6113
2024-11-15 12:26:00 | Simulation update: decoder round 153748, completed instructions: 6142/14570, actively running or decoding instructions: 3, waiting windows: 16882/38029. Max active instruction index: 6134
2024-11-15 12:26:10 | Simulation update: decoder round 154777, completed instructions: 6165/14570, actively running or decoding instructions: 6, waiting windows: 17002/38299. Max active instruction index: 6162
2024-11-15 12:26:20 | Simulation update: decoder round 155803, completed instructions: 6188/14570, actively running or decoding instructions: 2, waiting windows: 17140/38579. Max active instruction index: 6180
2024-11-15 12:26:30 | Simulation update: decoder round 156835, completed instructions: 6210/14570, actively running or decoding instructions: 3, waiting windows: 17288/38879. Max active instruction index: 6202
2024-11-15 12:26:40 | Simulation update: decoder round 157869, completed instructions: 6232/14570, actively running or decoding instructions: 3, waiting windows: 17422/39168. Max active instruction index: 6224
2024-11-15 12:26:50 | Simulation update: decoder round 158903, completed instructions: 6252/14570, actively running or decoding instructions: 2, waiting windows: 17554/39461. Max active instruction index: 6248
2024-11-15 12:27:00 | Simulation update: decoder round 159944, completed instructions: 6282/14570, actively running or decoding instructions: 4, waiting windows: 17686/39731. Max active instruction index: 6274
2024-11-15 12:27:10 | Simulation update: decoder round 160992, completed instructions: 6302/14570, actively running or decoding instructions: 2, waiting windows: 17827/40022. Max active instruction index: 6295
2024-11-15 12:27:20 | Simulation update: decoder round 162028, completed instructions: 6326/14570, actively running or decoding instructions: 5, waiting windows: 17953/40288. Max active instruction index: 6324
2024-11-15 12:27:30 | Simulation update: decoder round 163026, completed instructions: 6346/14570, actively running or decoding instructions: 5, waiting windows: 18080/40556. Max active instruction index: 6342
2024-11-15 12:27:40 | Simulation update: decoder round 164021, completed instructions: 6370/14570, actively running or decoding instructions: 2, waiting windows: 18212/40830. Max active instruction index: 6363
2024-11-15 12:27:50 | Simulation update: decoder round 165023, completed instructions: 6393/14570, actively running or decoding instructions: 3, waiting windows: 18344/41108. Max active instruction index: 6385
2024-11-15 12:28:00 | Simulation update: decoder round 166026, completed instructions: 6424/14570, actively running or decoding instructions: 9, waiting windows: 18482/41396. Max active instruction index: 6965
2024-11-15 12:28:10 | Simulation update: decoder round 167026, completed instructions: 6468/14570, actively running or decoding instructions: 4, waiting windows: 18621/41726. Max active instruction index: 7011
2024-11-15 12:28:20 | Simulation update: decoder round 168036, completed instructions: 6515/14570, actively running or decoding instructions: 4, waiting windows: 18775/42047. Max active instruction index: 7057
2024-11-15 12:28:30 | Simulation update: decoder round 169052, completed instructions: 6566/14570, actively running or decoding instructions: 7, waiting windows: 18924/42382. Max active instruction index: 7102
2024-11-15 12:28:40 | Simulation update: decoder round 170075, completed instructions: 6608/14570, actively running or decoding instructions: 6, waiting windows: 19069/42715. Max active instruction index: 7138
2024-11-15 12:28:50 | Simulation update: decoder round 171109, completed instructions: 6662/14570, actively running or decoding instructions: 6, waiting windows: 19216/43035. Max active instruction index: 7190
2024-11-15 12:29:00 | Simulation update: decoder round 172143, completed instructions: 6714/14570, actively running or decoding instructions: 6, waiting windows: 19356/43364. Max active instruction index: 7241
2024-11-15 12:29:10 | Simulation update: decoder round 173190, completed instructions: 6767/14570, actively running or decoding instructions: 6, waiting windows: 19513/43696. Max active instruction index: 7295
2024-11-15 12:29:20 | Simulation update: decoder round 174241, completed instructions: 6818/14570, actively running or decoding instructions: 5, waiting windows: 19663/44050. Max active instruction index: 7347
2024-11-15 12:29:30 | Simulation update: decoder round 175303, completed instructions: 6876/14570, actively running or decoding instructions: 5, waiting windows: 19820/44384. Max active instruction index: 7409
2024-11-15 12:29:40 | Simulation update: decoder round 176377, completed instructions: 6932/14570, actively running or decoding instructions: 5, waiting windows: 19966/44715. Max active instruction index: 7467
2024-11-15 12:29:50 | Simulation update: decoder round 177392, completed instructions: 6983/14570, actively running or decoding instructions: 5, waiting windows: 20126/45072. Max active instruction index: 7511
2024-11-15 12:30:00 | Simulation update: decoder round 178474, completed instructions: 7032/14570, actively running or decoding instructions: 4, waiting windows: 20273/45421. Max active instruction index: 7561
2024-11-15 12:30:10 | Simulation update: decoder round 179563, completed instructions: 7093/14570, actively running or decoding instructions: 5, waiting windows: 20444/45792. Max active instruction index: 7623
2024-11-15 12:30:20 | Simulation update: decoder round 180665, completed instructions: 7134/14570, actively running or decoding instructions: 5, waiting windows: 20600/46140. Max active instruction index: 7657
2024-11-15 12:30:30 | Simulation update: decoder round 181778, completed instructions: 7191/14570, actively running or decoding instructions: 5, waiting windows: 20771/46513. Max active instruction index: 7705
2024-11-15 12:30:40 | Simulation update: decoder round 182906, completed instructions: 7247/14570, actively running or decoding instructions: 3, waiting windows: 20934/46886. Max active instruction index: 7757
2024-11-15 12:30:50 | Simulation update: decoder round 184041, completed instructions: 7298/14570, actively running or decoding instructions: 5, waiting windows: 21090/47246. Max active instruction index: 7815
2024-11-15 12:31:00 | Simulation update: decoder round 185188, completed instructions: 7356/14570, actively running or decoding instructions: 3, waiting windows: 21258/47610. Max active instruction index: 7862
2024-11-15 12:31:10 | Simulation update: decoder round 186344, completed instructions: 7417/14570, actively running or decoding instructions: 6, waiting windows: 21416/47981. Max active instruction index: 7927
2024-11-15 12:31:20 | Simulation update: decoder round 187516, completed instructions: 7477/14570, actively running or decoding instructions: 3, waiting windows: 21568/48332. Max active instruction index: 7975
2024-11-15 12:31:30 | Simulation update: decoder round 188695, completed instructions: 7544/14570, actively running or decoding instructions: 7, waiting windows: 21737/48695. Max active instruction index: 8056
2024-11-15 12:31:40 | Simulation update: decoder round 189897, completed instructions: 7592/14570, actively running or decoding instructions: 7, waiting windows: 21893/49046. Max active instruction index: 8083
2024-11-15 12:31:50 | Simulation update: decoder round 191101, completed instructions: 7637/14570, actively running or decoding instructions: 6, waiting windows: 22072/49440. Max active instruction index: 8127
2024-11-15 12:32:00 | Simulation update: decoder round 192321, completed instructions: 7713/14570, actively running or decoding instructions: 4, waiting windows: 22251/49830. Max active instruction index: 8200
2024-11-15 12:32:10 | Simulation update: decoder round 193565, completed instructions: 7774/14570, actively running or decoding instructions: 6, waiting windows: 22421/50222. Max active instruction index: 8245
2024-11-15 12:32:20 | Simulation update: decoder round 194808, completed instructions: 7824/14570, actively running or decoding instructions: 4, waiting windows: 22610/50641. Max active instruction index: 8298
2024-11-15 12:32:30 | Simulation update: decoder round 196067, completed instructions: 7883/14570, actively running or decoding instructions: 5, waiting windows: 22790/51051. Max active instruction index: 8353
2024-11-15 12:32:40 | Simulation update: decoder round 197338, completed instructions: 7951/14570, actively running or decoding instructions: 6, waiting windows: 22986/51485. Max active instruction index: 8423
2024-11-15 12:32:50 | Simulation update: decoder round 198632, completed instructions: 8011/14570, actively running or decoding instructions: 5, waiting windows: 23149/51865. Max active instruction index: 8483
2024-11-15 12:33:00 | Simulation update: decoder round 199934, completed instructions: 8064/14570, actively running or decoding instructions: 4, waiting windows: 23349/52304. Max active instruction index: 8527
2024-11-15 12:33:10 | Simulation update: decoder round 201260, completed instructions: 8150/14570, actively running or decoding instructions: 11, waiting windows: 23534/52719. Max active instruction index: 8638
2024-11-15 12:33:20 | Simulation update: decoder round 202607, completed instructions: 8213/14570, actively running or decoding instructions: 6, waiting windows: 23728/53158. Max active instruction index: 8696
2024-11-15 12:33:30 | Simulation update: decoder round 203963, completed instructions: 8265/14570, actively running or decoding instructions: 6, waiting windows: 23928/53593. Max active instruction index: 8750
2024-11-15 12:33:40 | Simulation update: decoder round 205348, completed instructions: 8323/14570, actively running or decoding instructions: 7, waiting windows: 24128/54010. Max active instruction index: 8820
2024-11-15 12:33:50 | Simulation update: decoder round 206740, completed instructions: 8383/14570, actively running or decoding instructions: 5, waiting windows: 24319/54446. Max active instruction index: 8891
2024-11-15 12:34:00 | Simulation update: decoder round 208154, completed instructions: 8447/14570, actively running or decoding instructions: 4, waiting windows: 24537/54895. Max active instruction index: 8946
2024-11-15 12:34:10 | Simulation update: decoder round 209589, completed instructions: 8514/14570, actively running or decoding instructions: 6, waiting windows: 24731/55346. Max active instruction index: 9012
2024-11-15 12:34:20 | Simulation update: decoder round 211054, completed instructions: 8583/14570, actively running or decoding instructions: 5, waiting windows: 24927/55774. Max active instruction index: 9080
2024-11-15 12:34:30 | Simulation update: decoder round 212520, completed instructions: 8638/14570, actively running or decoding instructions: 5, waiting windows: 25144/56252. Max active instruction index: 9136
2024-11-15 12:34:40 | Simulation update: decoder round 214011, completed instructions: 8702/14570, actively running or decoding instructions: 5, waiting windows: 25360/56721. Max active instruction index: 9203
2024-11-15 12:34:50 | Simulation update: decoder round 215535, completed instructions: 8771/14570, actively running or decoding instructions: 9, waiting windows: 25563/57165. Max active instruction index: 9281
2024-11-15 12:35:00 | Simulation update: decoder round 217084, completed instructions: 8842/14570, actively running or decoding instructions: 6, waiting windows: 25781/57655. Max active instruction index: 9336
2024-11-15 12:35:10 | Simulation update: decoder round 218663, completed instructions: 8916/14570, actively running or decoding instructions: 5, waiting windows: 26010/58148. Max active instruction index: 9404
2024-11-15 12:35:20 | Simulation update: decoder round 220251, completed instructions: 8980/14570, actively running or decoding instructions: 4, waiting windows: 26248/58665. Max active instruction index: 9515
2024-11-15 12:35:30 | Simulation update: decoder round 221864, completed instructions: 9054/14570, actively running or decoding instructions: 5, waiting windows: 26486/59187. Max active instruction index: 9675
2024-11-15 12:35:40 | Simulation update: decoder round 223508, completed instructions: 9119/14570, actively running or decoding instructions: 4, waiting windows: 26735/59734. Max active instruction index: 9768
2024-11-15 12:35:50 | Simulation update: decoder round 225177, completed instructions: 9193/14570, actively running or decoding instructions: 5, waiting windows: 26967/60275. Max active instruction index: 9891
2024-11-15 12:36:00 | Simulation update: decoder round 226873, completed instructions: 9269/14570, actively running or decoding instructions: 7, waiting windows: 27223/60817. Max active instruction index: 10031
2024-11-15 12:36:10 | Simulation update: decoder round 228602, completed instructions: 9334/14570, actively running or decoding instructions: 5, waiting windows: 27468/61363. Max active instruction index: 10176
2024-11-15 12:36:20 | Simulation update: decoder round 230367, completed instructions: 9411/14570, actively running or decoding instructions: 5, waiting windows: 27697/61875. Max active instruction index: 10306
2024-11-15 12:36:30 | Simulation update: decoder round 232179, completed instructions: 9493/14570, actively running or decoding instructions: 5, waiting windows: 27950/62433. Max active instruction index: 10491
2024-11-15 12:36:40 | Simulation update: decoder round 234017, completed instructions: 9567/14570, actively running or decoding instructions: 4, waiting windows: 28210/63015. Max active instruction index: 9051
2024-11-15 12:36:50 | Simulation update: decoder round 235904, completed instructions: 9607/14570, actively running or decoding instructions: 3, waiting windows: 28467/63543. Max active instruction index: 9130
2024-11-15 12:37:00 | Simulation update: decoder round 237812, completed instructions: 9646/14570, actively running or decoding instructions: 2, waiting windows: 28716/64074. Max active instruction index: 9209
2024-11-15 12:37:10 | Simulation update: decoder round 239743, completed instructions: 9690/14570, actively running or decoding instructions: 4, waiting windows: 28973/64610. Max active instruction index: 9293
2024-11-15 12:37:20 | Simulation update: decoder round 241704, completed instructions: 9728/14570, actively running or decoding instructions: 2, waiting windows: 29226/65146. Max active instruction index: 9370
2024-11-15 12:37:30 | Simulation update: decoder round 243694, completed instructions: 9822/14570, actively running or decoding instructions: 3, waiting windows: 29473/65681. Max active instruction index: 9519
2024-11-15 12:37:40 | Simulation update: decoder round 245772, completed instructions: 9940/14570, actively running or decoding instructions: 4, waiting windows: 29702/66215. Max active instruction index: 9682
2024-11-15 12:37:50 | Simulation update: decoder round 247906, completed instructions: 10076/14570, actively running or decoding instructions: 6, waiting windows: 29958/66799. Max active instruction index: 9872
2024-11-15 12:38:00 | Simulation update: decoder round 250154, completed instructions: 10191/14570, actively running or decoding instructions: 7, waiting windows: 30198/67355. Max active instruction index: 10038
2024-11-15 12:38:10 | Simulation update: decoder round 252495, completed instructions: 10334/14570, actively running or decoding instructions: 5, waiting windows: 30466/67963. Max active instruction index: 10235
2024-11-15 12:38:20 | Simulation update: decoder round 254932, completed instructions: 10467/14570, actively running or decoding instructions: 5, waiting windows: 30745/68603. Max active instruction index: 10411
2024-11-15 12:38:30 | Simulation update: decoder round 257502, completed instructions: 10619/14570, actively running or decoding instructions: 3, waiting windows: 31045/69297. Max active instruction index: 10586
2024-11-15 12:38:40 | Simulation update: decoder round 260236, completed instructions: 10803/14570, actively running or decoding instructions: 6, waiting windows: 31361/70015. Max active instruction index: 10796
2024-11-15 12:38:50 | Simulation update: decoder round 263148, completed instructions: 10955/14570, actively running or decoding instructions: 5, waiting windows: 31681/70740. Max active instruction index: 10952
2024-11-15 12:39:00 | Simulation update: decoder round 266238, completed instructions: 11123/14570, actively running or decoding instructions: 6, waiting windows: 32041/71555. Max active instruction index: 11123
2024-11-15 12:39:10 | Simulation update: decoder round 269591, completed instructions: 11298/14570, actively running or decoding instructions: 3, waiting windows: 32436/72449. Max active instruction index: 11289
2024-11-15 12:39:20 | Simulation update: decoder round 273242, completed instructions: 11384/14570, actively running or decoding instructions: 4, waiting windows: 32818/73272. Max active instruction index: 11374
2024-11-15 12:39:30 | Simulation update: decoder round 277051, completed instructions: 11471/14570, actively running or decoding instructions: 3, waiting windows: 33245/74177. Max active instruction index: 11461
2024-11-15 12:39:40 | Simulation update: decoder round 281068, completed instructions: 11560/14570, actively running or decoding instructions: 3, waiting windows: 33682/75116. Max active instruction index: 11550
2024-11-15 12:39:50 | Simulation update: decoder round 285313, completed instructions: 11655/14570, actively running or decoding instructions: 3, waiting windows: 34131/76066. Max active instruction index: 11645
2024-11-15 12:40:00 | Simulation update: decoder round 289793, completed instructions: 11757/14570, actively running or decoding instructions: 4, waiting windows: 34607/77084. Max active instruction index: 11747
2024-11-15 12:40:10 | Simulation update: decoder round 294527, completed instructions: 11920/14570, actively running or decoding instructions: 5, waiting windows: 35098/78187. Max active instruction index: 11911
2024-11-15 12:40:20 | Simulation update: decoder round 299746, completed instructions: 12223/14570, actively running or decoding instructions: 3, waiting windows: 35626/79460. Max active instruction index: 12217
2024-11-15 12:40:30 | Simulation update: decoder round 305397, completed instructions: 12527/14570, actively running or decoding instructions: 4, waiting windows: 36189/80830. Max active instruction index: 12521
2024-11-15 12:40:40 | Simulation update: decoder round 312861, completed instructions: 12944/14570, actively running or decoding instructions: 7, waiting windows: 36943/82658. Max active instruction index: 13002
2024-11-15 12:40:50 | Simulation update: decoder round 325839, completed instructions: 13487/14570, actively running or decoding instructions: 3, waiting windows: 37921/85046. Max active instruction index: 13476
2024-11-15 12:40:58 | Finished simulation
2024-11-15 12:40:59 | Finished saving output. Done! Total elapsed time: 1:04:06.981971
