CONFIG 792
benchmark_file: slurm/data/20241115_113558/benchmarks/H2.lss
decoder_latency_or_dist_filename: slurm/data/20241115_113558/decoder_dists.json
distance: 21
lightweight_setting: 2
max_parallel_processes: predict
missed_speculation_modifier: 1.4
poison_policy: successors
rng: 7
scheduling_method: aligned
speculation_accuracy: 0.9
speculation_latency: 1
speculation_mode: separate
2024-11-15 11:36:53 | Loading benchmark slurm/data/20241115_113558/benchmarks/H2.lss...
2024-11-15 11:36:55 | Starting simulation
PREDICTION STEP BEGIN---------------------------------
Predicted max parallel processes: 137

PREDICTION STEP END-----------------------------------

2024-11-15 14:25:51 | Simulation update: decoder round 1, completed instructions: 0/28635, actively running or decoding instructions: 11, waiting windows: 0/0. Max active instruction index: 32
2024-11-15 14:26:01 | Simulation update: decoder round 320, completed instructions: 58/28635, actively running or decoding instructions: 7, waiting windows: 142/201. Max active instruction index: 58
2024-11-15 14:26:11 | Simulation update: decoder round 598, completed instructions: 65/28635, actively running or decoding instructions: 3, waiting windows: 213/350. Max active instruction index: 60
2024-11-15 14:26:21 | Simulation update: decoder round 874, completed instructions: 76/28635, actively running or decoding instructions: 6, waiting windows: 286/498. Max active instruction index: 76
2024-11-15 14:26:31 | Simulation update: decoder round 1151, completed instructions: 89/28635, actively running or decoding instructions: 2, waiting windows: 366/658. Max active instruction index: 83
2024-11-15 14:26:41 | Simulation update: decoder round 1428, completed instructions: 97/28635, actively running or decoding instructions: 3, waiting windows: 441/818. Max active instruction index: 91
2024-11-15 14:26:51 | Simulation update: decoder round 1705, completed instructions: 105/28635, actively running or decoding instructions: 3, waiting windows: 523/986. Max active instruction index: 99
2024-11-15 14:27:01 | Simulation update: decoder round 1981, completed instructions: 120/28635, actively running or decoding instructions: 3, waiting windows: 602/1150. Max active instruction index: 114
2024-11-15 14:27:11 | Simulation update: decoder round 2257, completed instructions: 126/28635, actively running or decoding instructions: 3, waiting windows: 674/1306. Max active instruction index: 121
2024-11-15 14:27:21 | Simulation update: decoder round 2533, completed instructions: 134/28635, actively running or decoding instructions: 4, waiting windows: 743/1454. Max active instruction index: 129
2024-11-15 14:27:31 | Simulation update: decoder round 2810, completed instructions: 143/28635, actively running or decoding instructions: 4, waiting windows: 821/1609. Max active instruction index: 137
2024-11-15 14:27:41 | Simulation update: decoder round 3086, completed instructions: 150/28635, actively running or decoding instructions: 3, waiting windows: 891/1767. Max active instruction index: 144
2024-11-15 14:27:51 | Simulation update: decoder round 3363, completed instructions: 157/28635, actively running or decoding instructions: 3, waiting windows: 978/1937. Max active instruction index: 151
2024-11-15 14:28:01 | Simulation update: decoder round 3640, completed instructions: 164/28635, actively running or decoding instructions: 3, waiting windows: 1060/2097. Max active instruction index: 158
2024-11-15 14:28:11 | Simulation update: decoder round 3917, completed instructions: 171/28635, actively running or decoding instructions: 2, waiting windows: 1136/2255. Max active instruction index: 165
2024-11-15 14:28:21 | Simulation update: decoder round 4194, completed instructions: 177/28635, actively running or decoding instructions: 2, waiting windows: 1202/2408. Max active instruction index: 172
2024-11-15 14:28:31 | Simulation update: decoder round 4472, completed instructions: 186/28635, actively running or decoding instructions: 4, waiting windows: 1279/2559. Max active instruction index: 180
2024-11-15 14:28:41 | Simulation update: decoder round 4749, completed instructions: 193/28635, actively running or decoding instructions: 2, waiting windows: 1360/2727. Max active instruction index: 187
2024-11-15 14:28:51 | Simulation update: decoder round 5026, completed instructions: 200/28635, actively running or decoding instructions: 3, waiting windows: 1435/2883. Max active instruction index: 195
2024-11-15 14:29:01 | Simulation update: decoder round 5304, completed instructions: 208/28635, actively running or decoding instructions: 5, waiting windows: 1505/3031. Max active instruction index: 209
2024-11-15 14:29:11 | Simulation update: decoder round 5582, completed instructions: 216/28635, actively running or decoding instructions: 2, waiting windows: 1587/3190. Max active instruction index: 210
2024-11-15 14:29:21 | Simulation update: decoder round 5859, completed instructions: 223/28635, actively running or decoding instructions: 3, waiting windows: 1659/3350. Max active instruction index: 217
2024-11-15 14:29:31 | Simulation update: decoder round 6136, completed instructions: 229/28635, actively running or decoding instructions: 3, waiting windows: 1736/3512. Max active instruction index: 224
2024-11-15 14:29:41 | Simulation update: decoder round 6413, completed instructions: 238/28635, actively running or decoding instructions: 5, waiting windows: 1814/3661. Max active instruction index: 232
2024-11-15 14:29:51 | Simulation update: decoder round 6690, completed instructions: 240/28635, actively running or decoding instructions: 3, waiting windows: 1889/3819. Max active instruction index: 240
2024-11-15 14:30:01 | Simulation update: decoder round 6967, completed instructions: 247/28635, actively running or decoding instructions: 2, waiting windows: 1962/3979. Max active instruction index: 247
2024-11-15 14:30:11 | Simulation update: decoder round 7244, completed instructions: 260/28635, actively running or decoding instructions: 2, waiting windows: 2043/4141. Max active instruction index: 254
2024-11-15 14:30:21 | Simulation update: decoder round 7522, completed instructions: 267/28635, actively running or decoding instructions: 2, waiting windows: 2129/4309. Max active instruction index: 261
2024-11-15 14:30:31 | Simulation update: decoder round 7800, completed instructions: 274/28635, actively running or decoding instructions: 3, waiting windows: 2197/4471. Max active instruction index: 268
2024-11-15 14:30:41 | Simulation update: decoder round 8077, completed instructions: 282/28635, actively running or decoding instructions: 2, waiting windows: 2274/4629. Max active instruction index: 276
2024-11-15 14:30:51 | Simulation update: decoder round 8355, completed instructions: 289/28635, actively running or decoding instructions: 2, waiting windows: 2353/4791. Max active instruction index: 283
2024-11-15 14:31:01 | Simulation update: decoder round 8633, completed instructions: 296/28635, actively running or decoding instructions: 2, waiting windows: 2427/4950. Max active instruction index: 291
2024-11-15 14:31:11 | Simulation update: decoder round 8912, completed instructions: 311/28635, actively running or decoding instructions: 3, waiting windows: 2509/5110. Max active instruction index: 313
2024-11-15 14:31:21 | Simulation update: decoder round 9190, completed instructions: 320/28635, actively running or decoding instructions: 3, waiting windows: 2591/5269. Max active instruction index: 314
2024-11-15 14:31:31 | Simulation update: decoder round 9468, completed instructions: 326/28635, actively running or decoding instructions: 3, waiting windows: 2655/5426. Max active instruction index: 321
2024-11-15 14:31:41 | Simulation update: decoder round 9745, completed instructions: 334/28635, actively running or decoding instructions: 4, waiting windows: 2728/5584. Max active instruction index: 329
2024-11-15 14:31:51 | Simulation update: decoder round 10021, completed instructions: 343/28635, actively running or decoding instructions: 2, waiting windows: 2811/5740. Max active instruction index: 337
2024-11-15 14:32:01 | Simulation update: decoder round 10299, completed instructions: 350/28635, actively running or decoding instructions: 2, waiting windows: 2885/5900. Max active instruction index: 344
2024-11-15 14:32:11 | Simulation update: decoder round 10577, completed instructions: 357/28635, actively running or decoding instructions: 3, waiting windows: 2961/6060. Max active instruction index: 351
2024-11-15 14:32:21 | Simulation update: decoder round 10855, completed instructions: 365/28635, actively running or decoding instructions: 2, waiting windows: 3033/6218. Max active instruction index: 364
2024-11-15 14:32:31 | Simulation update: decoder round 11133, completed instructions: 379/28635, actively running or decoding instructions: 3, waiting windows: 3125/6392. Max active instruction index: 373
2024-11-15 14:32:41 | Simulation update: decoder round 11410, completed instructions: 386/28635, actively running or decoding instructions: 3, waiting windows: 3202/6552. Max active instruction index: 380
2024-11-15 14:32:51 | Simulation update: decoder round 11687, completed instructions: 393/28635, actively running or decoding instructions: 3, waiting windows: 3272/6707. Max active instruction index: 388
2024-11-15 14:33:01 | Simulation update: decoder round 11964, completed instructions: 402/28635, actively running or decoding instructions: 4, waiting windows: 3349/6860. Max active instruction index: 396
2024-11-15 14:33:11 | Simulation update: decoder round 12242, completed instructions: 409/28635, actively running or decoding instructions: 2, waiting windows: 3421/7020. Max active instruction index: 403
2024-11-15 14:33:21 | Simulation update: decoder round 12520, completed instructions: 418/28635, actively running or decoding instructions: 3, waiting windows: 3503/7190. Max active instruction index: 418
2024-11-15 14:33:31 | Simulation update: decoder round 12799, completed instructions: 424/28635, actively running or decoding instructions: 2, waiting windows: 3582/7348. Max active instruction index: 418
2024-11-15 14:33:41 | Simulation update: decoder round 13077, completed instructions: 438/28635, actively running or decoding instructions: 3, waiting windows: 3658/7512. Max active instruction index: 432
2024-11-15 14:33:51 | Simulation update: decoder round 13356, completed instructions: 438/28635, actively running or decoding instructions: 3, waiting windows: 3728/7668. Max active instruction index: 432
2024-11-15 14:34:01 | Simulation update: decoder round 13634, completed instructions: 446/28635, actively running or decoding instructions: 3, waiting windows: 3819/7838. Max active instruction index: 445
2024-11-15 14:34:11 | Simulation update: decoder round 13914, completed instructions: 460/28635, actively running or decoding instructions: 4, waiting windows: 3888/7991. Max active instruction index: 455
2024-11-15 14:34:21 | Simulation update: decoder round 14195, completed instructions: 460/28635, actively running or decoding instructions: 4, waiting windows: 3951/8134. Max active instruction index: 455
2024-11-15 14:34:31 | Simulation update: decoder round 14475, completed instructions: 469/28635, actively running or decoding instructions: 2, waiting windows: 4042/8299. Max active instruction index: 463
2024-11-15 14:34:41 | Simulation update: decoder round 14754, completed instructions: 475/28635, actively running or decoding instructions: 3, waiting windows: 4107/8452. Max active instruction index: 470
2024-11-15 14:34:51 | Simulation update: decoder round 15034, completed instructions: 484/28635, actively running or decoding instructions: 4, waiting windows: 4184/8606. Max active instruction index: 478
2024-11-15 14:35:02 | Simulation update: decoder round 15314, completed instructions: 491/28635, actively running or decoding instructions: 2, waiting windows: 4272/8776. Max active instruction index: 485
2024-11-15 14:35:12 | Simulation update: decoder round 15593, completed instructions: 500/28635, actively running or decoding instructions: 2, waiting windows: 4345/8938. Max active instruction index: 500
2024-11-15 14:35:22 | Simulation update: decoder round 15874, completed instructions: 514/28635, actively running or decoding instructions: 3, waiting windows: 4420/9100. Max active instruction index: 508
2024-11-15 14:35:32 | Simulation update: decoder round 16154, completed instructions: 521/28635, actively running or decoding instructions: 4, waiting windows: 4514/9271. Max active instruction index: 516
2024-11-15 14:35:42 | Simulation update: decoder round 16436, completed instructions: 521/28635, actively running or decoding instructions: 3, waiting windows: 4573/9414. Max active instruction index: 516
2024-11-15 14:35:52 | Simulation update: decoder round 16717, completed instructions: 530/28635, actively running or decoding instructions: 4, waiting windows: 4654/9579. Max active instruction index: 524
2024-11-15 14:36:02 | Simulation update: decoder round 16998, completed instructions: 537/28635, actively running or decoding instructions: 3, waiting windows: 4735/9734. Max active instruction index: 532
2024-11-15 14:36:12 | Simulation update: decoder round 17279, completed instructions: 546/28635, actively running or decoding instructions: 4, waiting windows: 4804/9884. Max active instruction index: 540
2024-11-15 14:36:22 | Simulation update: decoder round 17559, completed instructions: 554/28635, actively running or decoding instructions: 3, waiting windows: 4886/10052. Max active instruction index: 548
2024-11-15 14:36:32 | Simulation update: decoder round 17839, completed instructions: 560/28635, actively running or decoding instructions: 3, waiting windows: 4967/10210. Max active instruction index: 555
2024-11-15 14:36:42 | Simulation update: decoder round 18120, completed instructions: 569/28635, actively running or decoding instructions: 4, waiting windows: 5032/10363. Max active instruction index: 563
2024-11-15 14:36:52 | Simulation update: decoder round 18400, completed instructions: 582/28635, actively running or decoding instructions: 4, waiting windows: 5119/10536. Max active instruction index: 583
2024-11-15 14:37:02 | Simulation update: decoder round 18680, completed instructions: 583/28635, actively running or decoding instructions: 3, waiting windows: 5196/10691. Max active instruction index: 582
2024-11-15 14:37:12 | Simulation update: decoder round 18962, completed instructions: 597/28635, actively running or decoding instructions: 4, waiting windows: 5260/10844. Max active instruction index: 592
2024-11-15 14:37:22 | Simulation update: decoder round 19244, completed instructions: 606/28635, actively running or decoding instructions: 4, waiting windows: 5344/11004. Max active instruction index: 600
2024-11-15 14:37:32 | Simulation update: decoder round 19526, completed instructions: 614/28635, actively running or decoding instructions: 3, waiting windows: 5424/11164. Max active instruction index: 608
2024-11-15 14:37:42 | Simulation update: decoder round 19807, completed instructions: 620/28635, actively running or decoding instructions: 2, waiting windows: 5497/11328. Max active instruction index: 615
2024-11-15 14:37:52 | Simulation update: decoder round 20087, completed instructions: 629/28635, actively running or decoding instructions: 4, waiting windows: 5568/11482. Max active instruction index: 623
2024-11-15 14:38:02 | Simulation update: decoder round 20368, completed instructions: 636/28635, actively running or decoding instructions: 3, waiting windows: 5652/11644. Max active instruction index: 630
2024-11-15 14:38:12 | Simulation update: decoder round 20649, completed instructions: 643/28635, actively running or decoding instructions: 2, waiting windows: 5734/11812. Max active instruction index: 637
2024-11-15 14:38:22 | Simulation update: decoder round 20931, completed instructions: 649/28635, actively running or decoding instructions: 3, waiting windows: 5800/11966. Max active instruction index: 644
2024-11-15 14:38:32 | Simulation update: decoder round 21214, completed instructions: 658/28635, actively running or decoding instructions: 4, waiting windows: 5891/12133. Max active instruction index: 652
2024-11-15 14:38:42 | Simulation update: decoder round 21495, completed instructions: 665/28635, actively running or decoding instructions: 2, waiting windows: 5964/12293. Max active instruction index: 659
2024-11-15 14:38:52 | Simulation update: decoder round 21777, completed instructions: 672/28635, actively running or decoding instructions: 2, waiting windows: 6040/12453. Max active instruction index: 666
2024-11-15 14:39:02 | Simulation update: decoder round 22058, completed instructions: 680/28635, actively running or decoding instructions: 3, waiting windows: 6125/12621. Max active instruction index: 674
2024-11-15 14:39:12 | Simulation update: decoder round 22340, completed instructions: 688/28635, actively running or decoding instructions: 3, waiting windows: 6197/12781. Max active instruction index: 682
2024-11-15 14:39:22 | Simulation update: decoder round 22623, completed instructions: 696/28635, actively running or decoding instructions: 3, waiting windows: 6286/12951. Max active instruction index: 690
2024-11-15 14:39:32 | Simulation update: decoder round 22905, completed instructions: 704/28635, actively running or decoding instructions: 3, waiting windows: 6351/13111. Max active instruction index: 703
2024-11-15 14:39:42 | Simulation update: decoder round 23189, completed instructions: 713/28635, actively running or decoding instructions: 4, waiting windows: 6433/13272. Max active instruction index: 713
2024-11-15 14:39:52 | Simulation update: decoder round 23472, completed instructions: 726/28635, actively running or decoding instructions: 3, waiting windows: 6517/13433. Max active instruction index: 721
2024-11-15 14:40:02 | Simulation update: decoder round 23754, completed instructions: 734/28635, actively running or decoding instructions: 5, waiting windows: 6583/13591. Max active instruction index: 735
2024-11-15 14:40:12 | Simulation update: decoder round 24038, completed instructions: 736/28635, actively running or decoding instructions: 2, waiting windows: 6664/13748. Max active instruction index: 736
2024-11-15 14:40:22 | Simulation update: decoder round 24320, completed instructions: 742/28635, actively running or decoding instructions: 2, waiting windows: 6753/13918. Max active instruction index: 736
2024-11-15 14:40:32 | Simulation update: decoder round 24602, completed instructions: 749/28635, actively running or decoding instructions: 2, waiting windows: 6820/14076. Max active instruction index: 743
2024-11-15 14:40:42 | Simulation update: decoder round 24885, completed instructions: 757/28635, actively running or decoding instructions: 3, waiting windows: 6897/14236. Max active instruction index: 751
2024-11-15 14:40:52 | Simulation update: decoder round 25169, completed instructions: 764/28635, actively running or decoding instructions: 3, waiting windows: 6988/14409. Max active instruction index: 759
2024-11-15 14:41:02 | Simulation update: decoder round 25452, completed instructions: 767/28635, actively running or decoding instructions: 5, waiting windows: 7047/14553. Max active instruction index: 767
2024-11-15 14:41:12 | Simulation update: decoder round 25735, completed instructions: 780/28635, actively running or decoding instructions: 3, waiting windows: 7144/14725. Max active instruction index: 774
2024-11-15 14:41:22 | Simulation update: decoder round 26017, completed instructions: 787/28635, actively running or decoding instructions: 2, waiting windows: 7210/14885. Max active instruction index: 781
2024-11-15 14:41:32 | Simulation update: decoder round 26300, completed instructions: 800/28635, actively running or decoding instructions: 3, waiting windows: 7297/15060. Max active instruction index: 795
2024-11-15 14:41:42 | Simulation update: decoder round 26583, completed instructions: 800/28635, actively running or decoding instructions: 3, waiting windows: 7365/15203. Max active instruction index: 795
2024-11-15 14:41:52 | Simulation update: decoder round 26866, completed instructions: 822/28635, actively running or decoding instructions: 7, waiting windows: 7458/15386. Max active instruction index: 816
2024-11-15 14:42:02 | Simulation update: decoder round 27148, completed instructions: 835/28635, actively running or decoding instructions: 4, waiting windows: 7543/15563. Max active instruction index: 836
2024-11-15 14:42:12 | Simulation update: decoder round 27431, completed instructions: 842/28635, actively running or decoding instructions: 2, waiting windows: 7634/15742. Max active instruction index: 837
2024-11-15 14:42:22 | Simulation update: decoder round 27714, completed instructions: 842/28635, actively running or decoding instructions: 2, waiting windows: 7700/15899. Max active instruction index: 837
2024-11-15 14:42:32 | Simulation update: decoder round 27998, completed instructions: 851/28635, actively running or decoding instructions: 3, waiting windows: 7797/16079. Max active instruction index: 845
2024-11-15 14:42:42 | Simulation update: decoder round 28281, completed instructions: 858/28635, actively running or decoding instructions: 2, waiting windows: 7874/16253. Max active instruction index: 852
2024-11-15 14:42:52 | Simulation update: decoder round 28566, completed instructions: 865/28635, actively running or decoding instructions: 2, waiting windows: 7967/16436. Max active instruction index: 859
