CONFIG 971
benchmark_file: slurm/data/20241115_113558/benchmarks/adder_n18.lss
decoder_latency_or_dist_filename: slurm/data/20241115_113558/decoder_dists.json
distance: 21
lightweight_setting: 2
max_parallel_processes: predict
missed_speculation_modifier: 1.4
poison_policy: successors
rng: 3
scheduling_method: parallel
speculation_accuracy: 0.9
speculation_latency: 1
speculation_mode: None
2024-11-15 12:06:18 | Loading benchmark slurm/data/20241115_113558/benchmarks/adder_n18.lss...
2024-11-15 12:06:18 | Starting simulation
PREDICTION STEP BEGIN---------------------------------
Predicted max parallel processes: 120

PREDICTION STEP END-----------------------------------

2024-11-15 12:07:10 | Simulation update: decoder round 1, completed instructions: 0/2002, actively running or decoding instructions: 3, waiting windows: 0/0. Max active instruction index: 18
2024-11-15 12:07:20 | Simulation update: decoder round 2879, completed instructions: 336/2002, actively running or decoding instructions: 8, waiting windows: 1423/2768. Max active instruction index: 344
2024-11-15 12:07:30 | Simulation update: decoder round 5957, completed instructions: 540/2002, actively running or decoding instructions: 9, waiting windows: 2871/5751. Max active instruction index: 530
2024-11-15 12:07:40 | Simulation update: decoder round 8588, completed instructions: 864/2002, actively running or decoding instructions: 11, waiting windows: 4141/8442. Max active instruction index: 869
2024-11-15 12:07:50 | Simulation update: decoder round 11987, completed instructions: 1274/2002, actively running or decoding instructions: 10, waiting windows: 5428/11342. Max active instruction index: 1276
2024-11-15 12:08:00 | Simulation update: decoder round 18070, completed instructions: 1772/2002, actively running or decoding instructions: 7, waiting windows: 6879/14609. Max active instruction index: 1748
2024-11-15 12:08:02 | Finished simulation
2024-11-15 12:08:02 | Finished saving output. Done! Total elapsed time: 0:01:44.401336
