CONFIG 145
benchmark_file: slurm/data/20241113_124322/benchmarks/random_t_1000_200_0.lss
decoder_latency_or_dist_filename: lambda volume: volume*1.291549665014884
distance: 21
lightweight_setting: 1
max_parallel_processes: None
missed_speculation_modifier: 1.4
poison_policy: successors
rng: 0
scheduling_method: aligned
speculation_accuracy: 0.4
speculation_latency: 1
speculation_mode: separate
2024-11-13 12:44:47 | Loading benchmark slurm/data/20241113_124322/benchmarks/random_t_1000_200_0.lss...
2024-11-13 12:44:47 | Starting simulation
2024-11-13 12:44:48 | Simulation update: decoder round 1, completed instructions: 0/4997, actively running or decoding instructions: 1, waiting windows: 0/0. Max active instruction index: 0
2024-11-13 12:44:58 | Simulation update: decoder round 89620, completed instructions: 1819/4997, actively running or decoding instructions: 3, waiting windows: 2156/5004. Max active instruction index: 1820
2024-11-13 12:45:08 | Simulation update: decoder round 179141, completed instructions: 3667/4997, actively running or decoding instructions: 4, waiting windows: 4289/9979. Max active instruction index: 3668
2024-11-13 12:45:15 | Finished simulation
2024-11-13 12:45:15 | Finished saving output. Done! Total elapsed time: 0:00:28.294019
