CONFIG 167
benchmark_file: slurm/data/20241113_124322/benchmarks/random_t_1000_200_0.lss
decoder_latency_or_dist_filename: lambda volume: volume*3.593813663804626
distance: 21
lightweight_setting: 1
max_parallel_processes: None
missed_speculation_modifier: 1.4
poison_policy: successors
rng: 0
scheduling_method: parallel
speculation_accuracy: 0.5
speculation_latency: 1
speculation_mode: separate
2024-11-13 12:44:47 | Loading benchmark slurm/data/20241113_124322/benchmarks/random_t_1000_200_0.lss...
2024-11-13 12:44:47 | Starting simulation
2024-11-13 12:44:47 | Simulation update: decoder round 1, completed instructions: 0/4997, actively running or decoding instructions: 1, waiting windows: 0/0. Max active instruction index: 0
2024-11-13 12:44:57 | Simulation update: decoder round 71882, completed instructions: 673/4997, actively running or decoding instructions: 3, waiting windows: 1903/3910. Max active instruction index: 671
2024-11-13 12:45:07 | Simulation update: decoder round 145372, completed instructions: 1383/4997, actively running or decoding instructions: 3, waiting windows: 3776/7792. Max active instruction index: 1381
2024-11-13 12:45:17 | Simulation update: decoder round 217281, completed instructions: 2064/4997, actively running or decoding instructions: 3, waiting windows: 5659/11693. Max active instruction index: 2064
2024-11-13 12:45:27 | Simulation update: decoder round 290190, completed instructions: 2762/4997, actively running or decoding instructions: 3, waiting windows: 7542/15587. Max active instruction index: 2760
2024-11-13 12:45:37 | Simulation update: decoder round 363860, completed instructions: 3456/4997, actively running or decoding instructions: 3, waiting windows: 9406/19456. Max active instruction index: 3454
2024-11-13 12:45:47 | Simulation update: decoder round 436727, completed instructions: 4145/4997, actively running or decoding instructions: 4, waiting windows: 11260/23294. Max active instruction index: 4143
2024-11-13 12:45:57 | Simulation update: decoder round 510777, completed instructions: 4860/4997, actively running or decoding instructions: 3, waiting windows: 13105/27124. Max active instruction index: 4858
2024-11-13 12:45:59 | Finished simulation
2024-11-13 12:46:00 | Finished saving output. Done! Total elapsed time: 0:01:13.485331
