CONFIG 186
benchmark_file: slurm/data/20241113_124322/benchmarks/random_t_1000_200_0.lss
decoder_latency_or_dist_filename: lambda volume: volume*2.1544346900318834
distance: 21
lightweight_setting: 1
max_parallel_processes: None
missed_speculation_modifier: 1.4
poison_policy: successors
rng: 0
scheduling_method: sliding
speculation_accuracy: 0.6000000000000001
speculation_latency: 1
speculation_mode: separate
2024-11-13 12:45:02 | Loading benchmark slurm/data/20241113_124322/benchmarks/random_t_1000_200_0.lss...
2024-11-13 12:45:03 | Starting simulation
2024-11-13 12:45:03 | Simulation update: decoder round 1, completed instructions: 0/4997, actively running or decoding instructions: 1, waiting windows: 0/0. Max active instruction index: 0
2024-11-13 12:45:13 | Simulation update: decoder round 67153, completed instructions: 948/4997, actively running or decoding instructions: 3, waiting windows: 7/3687. Max active instruction index: 946
2024-11-13 12:45:23 | Simulation update: decoder round 134355, completed instructions: 1903/4997, actively running or decoding instructions: 3, waiting windows: 7/7359. Max active instruction index: 1901
2024-11-13 12:45:33 | Simulation update: decoder round 201995, completed instructions: 2846/4997, actively running or decoding instructions: 3, waiting windows: 8/11025. Max active instruction index: 2844
2024-11-13 12:45:43 | Simulation update: decoder round 269428, completed instructions: 3802/4997, actively running or decoding instructions: 3, waiting windows: 9/14615. Max active instruction index: 3799
2024-11-13 12:45:53 | Simulation update: decoder round 337185, completed instructions: 4735/4997, actively running or decoding instructions: 4, waiting windows: 8/18244. Max active instruction index: 4733
2024-11-13 12:45:55 | Finished simulation
2024-11-13 12:45:56 | Finished saving output. Done! Total elapsed time: 0:00:54.103292
