CONFIG 207
benchmark_file: slurm/data/20241113_124322/benchmarks/random_t_1000_200_0.lss
decoder_latency_or_dist_filename: lambda volume: volume*3.593813663804626
distance: 21
lightweight_setting: 1
max_parallel_processes: None
missed_speculation_modifier: 1.4
poison_policy: successors
rng: 0
scheduling_method: aligned
speculation_accuracy: 0.6000000000000001
speculation_latency: 1
speculation_mode: separate
2024-11-13 12:45:17 | Loading benchmark slurm/data/20241113_124322/benchmarks/random_t_1000_200_0.lss...
2024-11-13 12:45:17 | Starting simulation
2024-11-13 12:45:18 | Simulation update: decoder round 1, completed instructions: 0/4997, actively running or decoding instructions: 1, waiting windows: 0/0. Max active instruction index: 0
2024-11-13 12:45:28 | Simulation update: decoder round 72247, completed instructions: 891/4997, actively running or decoding instructions: 4, waiting windows: 1800/3931. Max active instruction index: 891
2024-11-13 12:45:38 | Simulation update: decoder round 145030, completed instructions: 1784/4997, actively running or decoding instructions: 4, waiting windows: 3607/7870. Max active instruction index: 1784
2024-11-13 12:45:48 | Simulation update: decoder round 217832, completed instructions: 2688/4997, actively running or decoding instructions: 3, waiting windows: 5385/11775. Max active instruction index: 2686
2024-11-13 12:45:58 | Simulation update: decoder round 291161, completed instructions: 3614/4997, actively running or decoding instructions: 3, waiting windows: 7160/15688. Max active instruction index: 3614
2024-11-13 12:46:08 | Simulation update: decoder round 364974, completed instructions: 4540/4997, actively running or decoding instructions: 3, waiting windows: 8915/19572. Max active instruction index: 4538
2024-11-13 12:46:13 | Finished simulation
2024-11-13 12:46:14 | Finished saving output. Done! Total elapsed time: 0:00:56.482976
