CONFIG 285
benchmark_file: slurm/data/20241113_124322/benchmarks/random_t_1000_200_0.lss
decoder_latency_or_dist_filename: lambda volume: volume*1.291549665014884
distance: 21
lightweight_setting: 1
max_parallel_processes: None
missed_speculation_modifier: 1.4
poison_policy: successors
rng: 0
scheduling_method: parallel
speculation_accuracy: 0.9
speculation_latency: 1
speculation_mode: separate
2024-11-13 12:45:35 | Loading benchmark slurm/data/20241113_124322/benchmarks/random_t_1000_200_0.lss...
2024-11-13 12:45:35 | Starting simulation
2024-11-13 12:45:35 | Simulation update: decoder round 1, completed instructions: 0/4997, actively running or decoding instructions: 1, waiting windows: 0/0. Max active instruction index: 0
2024-11-13 12:45:45 | Simulation update: decoder round 92039, completed instructions: 1699/4997, actively running or decoding instructions: 4, waiting windows: 2402/5101. Max active instruction index: 1700
2024-11-13 12:45:55 | Simulation update: decoder round 184287, completed instructions: 3427/4997, actively running or decoding instructions: 2, waiting windows: 4780/10172. Max active instruction index: 3427
2024-11-13 12:46:04 | Finished simulation
2024-11-13 12:46:05 | Finished saving output. Done! Total elapsed time: 0:00:30.113447
