CONFIG 35
benchmark_file: slurm/data/20241113_124322/benchmarks/random_t_1000_200_0.lss
decoder_latency_or_dist_filename: lambda volume: volume*1.291549665014884
distance: 21
lightweight_setting: 1
max_parallel_processes: None
missed_speculation_modifier: 1.4
poison_policy: successors
rng: 0
scheduling_method: sliding
speculation_accuracy: 0.1
speculation_latency: 1
speculation_mode: separate
2024-11-13 12:44:16 | Loading benchmark slurm/data/20241113_124322/benchmarks/random_t_1000_200_0.lss...
2024-11-13 12:44:17 | Starting simulation
2024-11-13 12:44:17 | Simulation update: decoder round 1, completed instructions: 0/4997, actively running or decoding instructions: 1, waiting windows: 0/0. Max active instruction index: 0
2024-11-13 12:44:27 | Simulation update: decoder round 27176, completed instructions: 128/4997, actively running or decoding instructions: 3, waiting windows: 14/1456. Max active instruction index: 126
2024-11-13 12:44:37 | Simulation update: decoder round 48940, completed instructions: 213/4997, actively running or decoding instructions: 3, waiting windows: 19/2863. Max active instruction index: 211
2024-11-13 12:44:47 | Simulation update: decoder round 74302, completed instructions: 323/4997, actively running or decoding instructions: 4, waiting windows: 17/4160. Max active instruction index: 321
2024-11-13 12:44:57 | Simulation update: decoder round 99544, completed instructions: 428/4997, actively running or decoding instructions: 3, waiting windows: 15/5466. Max active instruction index: 426
2024-11-13 12:45:07 | Simulation update: decoder round 126319, completed instructions: 543/4997, actively running or decoding instructions: 4, waiting windows: 15/6894. Max active instruction index: 541
2024-11-13 12:45:17 | Simulation update: decoder round 153184, completed instructions: 658/4997, actively running or decoding instructions: 3, waiting windows: 10/8247. Max active instruction index: 656
2024-11-13 12:45:27 | Simulation update: decoder round 180455, completed instructions: 783/4997, actively running or decoding instructions: 4, waiting windows: 15/9653. Max active instruction index: 781
2024-11-13 12:45:37 | Simulation update: decoder round 205540, completed instructions: 893/4997, actively running or decoding instructions: 4, waiting windows: 16/10930. Max active instruction index: 891
2024-11-13 12:45:47 | Simulation update: decoder round 231129, completed instructions: 993/4997, actively running or decoding instructions: 4, waiting windows: 13/12228. Max active instruction index: 991
2024-11-13 12:45:57 | Simulation update: decoder round 258271, completed instructions: 1118/4997, actively running or decoding instructions: 3, waiting windows: 25/13634. Max active instruction index: 1116
2024-11-13 12:46:07 | Simulation update: decoder round 280498, completed instructions: 1198/4997, actively running or decoding instructions: 3, waiting windows: 12/14944. Max active instruction index: 1196
2024-11-13 12:46:17 | Simulation update: decoder round 307354, completed instructions: 1308/4997, actively running or decoding instructions: 4, waiting windows: 15/16253. Max active instruction index: 1306
2024-11-13 12:46:27 | Simulation update: decoder round 333140, completed instructions: 1433/4997, actively running or decoding instructions: 4, waiting windows: 17/17640. Max active instruction index: 1431
2024-11-13 12:46:37 | Simulation update: decoder round 356101, completed instructions: 1518/4997, actively running or decoding instructions: 3, waiting windows: 12/18930. Max active instruction index: 1516
2024-11-13 12:46:47 | Simulation update: decoder round 382983, completed instructions: 1643/4997, actively running or decoding instructions: 3, waiting windows: 14/20383. Max active instruction index: 1641
2024-11-13 12:46:57 | Simulation update: decoder round 407875, completed instructions: 1758/4997, actively running or decoding instructions: 4, waiting windows: 15/21703. Max active instruction index: 1756
2024-11-13 12:47:07 | Simulation update: decoder round 434342, completed instructions: 1868/4997, actively running or decoding instructions: 3, waiting windows: 16/23073. Max active instruction index: 1866
2024-11-13 12:47:17 | Simulation update: decoder round 458999, completed instructions: 1973/4997, actively running or decoding instructions: 4, waiting windows: 16/24449. Max active instruction index: 1971
2024-11-13 12:47:27 | Simulation update: decoder round 486086, completed instructions: 2103/4997, actively running or decoding instructions: 3, waiting windows: 15/25776. Max active instruction index: 2101
2024-11-13 12:47:37 | Simulation update: decoder round 510774, completed instructions: 2198/4997, actively running or decoding instructions: 3, waiting windows: 17/27016. Max active instruction index: 2196
2024-11-13 12:47:47 | Simulation update: decoder round 536169, completed instructions: 2318/4997, actively running or decoding instructions: 3, waiting windows: 15/28395. Max active instruction index: 2316
2024-11-13 12:47:57 | Simulation update: decoder round 561749, completed instructions: 2408/4997, actively running or decoding instructions: 3, waiting windows: 19/29638. Max active instruction index: 2406
2024-11-13 12:48:07 | Simulation update: decoder round 585490, completed instructions: 2498/4997, actively running or decoding instructions: 3, waiting windows: 16/30892. Max active instruction index: 2496
2024-11-13 12:48:17 | Simulation update: decoder round 609900, completed instructions: 2598/4997, actively running or decoding instructions: 4, waiting windows: 22/32248. Max active instruction index: 2596
2024-11-13 12:48:27 | Simulation update: decoder round 634380, completed instructions: 2694/4997, actively running or decoding instructions: 4, waiting windows: 17/33443. Max active instruction index: 2691
2024-11-13 12:48:37 | Simulation update: decoder round 656952, completed instructions: 2781/4997, actively running or decoding instructions: 3, waiting windows: 11/34822. Max active instruction index: 2779
2024-11-13 12:48:47 | Simulation update: decoder round 685136, completed instructions: 2901/4997, actively running or decoding instructions: 2, waiting windows: 15/36230. Max active instruction index: 2899
2024-11-13 12:48:57 | Simulation update: decoder round 711538, completed instructions: 3022/4997, actively running or decoding instructions: 3, waiting windows: 26/37653. Max active instruction index: 3019
2024-11-13 12:49:07 | Simulation update: decoder round 738939, completed instructions: 3141/4997, actively running or decoding instructions: 3, waiting windows: 18/39000. Max active instruction index: 3139
2024-11-13 12:49:17 | Simulation update: decoder round 763605, completed instructions: 3231/4997, actively running or decoding instructions: 4, waiting windows: 16/40204. Max active instruction index: 3229
2024-11-13 12:49:27 | Simulation update: decoder round 789915, completed instructions: 3341/4997, actively running or decoding instructions: 3, waiting windows: 15/41537. Max active instruction index: 3339
2024-11-13 12:49:37 | Simulation update: decoder round 816552, completed instructions: 3446/4997, actively running or decoding instructions: 4, waiting windows: 16/42926. Max active instruction index: 3444
2024-11-13 12:49:47 | Simulation update: decoder round 842308, completed instructions: 3556/4997, actively running or decoding instructions: 4, waiting windows: 13/44225. Max active instruction index: 3554
2024-11-13 12:49:57 | Simulation update: decoder round 870046, completed instructions: 3696/4997, actively running or decoding instructions: 3, waiting windows: 20/45670. Max active instruction index: 3694
2024-11-13 12:50:07 | Simulation update: decoder round 895800, completed instructions: 3806/4997, actively running or decoding instructions: 3, waiting windows: 18/46967. Max active instruction index: 3804
2024-11-13 12:50:17 | Simulation update: decoder round 917602, completed instructions: 3896/4997, actively running or decoding instructions: 3, waiting windows: 16/48156. Max active instruction index: 3894
2024-11-13 12:50:27 | Simulation update: decoder round 944075, completed instructions: 4011/4997, actively running or decoding instructions: 4, waiting windows: 13/49486. Max active instruction index: 4009
2024-11-13 12:50:37 | Simulation update: decoder round 971513, completed instructions: 4130/4997, actively running or decoding instructions: 3, waiting windows: 15/50861. Max active instruction index: 4128
2024-11-13 12:50:47 | Simulation update: decoder round 999089, completed instructions: 4251/4997, actively running or decoding instructions: 2, waiting windows: 18/52210. Max active instruction index: 4251
2024-11-13 12:50:57 | Simulation update: decoder round 1026374, completed instructions: 4375/4997, actively running or decoding instructions: 4, waiting windows: 17/53582. Max active instruction index: 4373
2024-11-13 12:51:07 | Simulation update: decoder round 1052000, completed instructions: 4495/4997, actively running or decoding instructions: 4, waiting windows: 16/54895. Max active instruction index: 4493
2024-11-13 12:51:17 | Simulation update: decoder round 1079878, completed instructions: 4620/4997, actively running or decoding instructions: 4, waiting windows: 18/56326. Max active instruction index: 4618
2024-11-13 12:51:27 | Simulation update: decoder round 1105215, completed instructions: 4735/4997, actively running or decoding instructions: 4, waiting windows: 16/57634. Max active instruction index: 4733
2024-11-13 12:51:37 | Simulation update: decoder round 1132337, completed instructions: 4855/4997, actively running or decoding instructions: 4, waiting windows: 18/58961. Max active instruction index: 4853
2024-11-13 12:51:47 | Simulation update: decoder round 1160041, completed instructions: 4975/4997, actively running or decoding instructions: 4, waiting windows: 14/60315. Max active instruction index: 4973
2024-11-13 12:51:51 | Finished simulation
2024-11-13 12:51:54 | Finished saving output. Done! Total elapsed time: 0:07:37.923186
