CONFIG 257
benchmark_file: slurm/data/20241204_133912/benchmarks/adder_n18.lss
decoder_latency_or_dist_filename: slurm/data/20241204_133912/decoder_dists.json
distance: 21
lightweight_setting: 2
max_parallel_processes: predict
missed_speculation_modifier: 1.4
poison_policy: successors
rng: 4
scheduling_method: parallel
speculation_accuracy: 0.9
speculation_latency: 1
speculation_mode: separate
2024-12-04 13:39:42 | Loading benchmark slurm/data/20241204_133912/benchmarks/adder_n18.lss...
2024-12-04 13:39:43 | Starting simulation
PREDICTION STEP BEGIN---------------------------------
Predicted max parallel processes: 153

PREDICTION STEP END-----------------------------------

2024-12-04 13:40:22 | Simulation update: decoder round 1, completed instructions: 0/2338, actively running or decoding instructions: 3, waiting windows: 0/0. Max active instruction index: 18
2024-12-04 13:40:32 | Simulation update: decoder round 3025, completed instructions: 418/2338, actively running or decoding instructions: 12, waiting windows: 1434/2898. Max active instruction index: 625
2024-12-04 13:40:42 | Simulation update: decoder round 6218, completed instructions: 687/2338, actively running or decoding instructions: 9, waiting windows: 2948/6022. Max active instruction index: 693
2024-12-04 13:40:52 | Simulation update: decoder round 9114, completed instructions: 1100/2338, actively running or decoding instructions: 19, waiting windows: 4199/8793. Max active instruction index: 1098
2024-12-04 13:41:02 | Simulation update: decoder round 13249, completed instructions: 1762/2338, actively running or decoding instructions: 16, waiting windows: 5679/12128. Max active instruction index: 1753
2024-12-04 13:41:08 | Finished simulation
2024-12-04 13:41:13 | Finished saving output. Done! Total elapsed time: 0:01:30.704936
