CONFIG 461
benchmark_file: slurm/data/20241204_133912/benchmarks/adder_n18.lss
decoder_latency_or_dist_filename: slurm/data/20241204_133912/decoder_dists.json
distance: 21
lightweight_setting: 2
max_parallel_processes: predict
missed_speculation_modifier: 1.4
poison_policy: successors
rng: 6
scheduling_method: aligned
speculation_accuracy: 0.9
speculation_latency: 1
speculation_mode: separate
2024-12-04 13:40:28 | Loading benchmark slurm/data/20241204_133912/benchmarks/adder_n18.lss...
2024-12-04 13:40:29 | Starting simulation
PREDICTION STEP BEGIN---------------------------------
Predicted max parallel processes: 153

PREDICTION STEP END-----------------------------------

2024-12-04 13:41:07 | Simulation update: decoder round 1, completed instructions: 0/2338, actively running or decoding instructions: 3, waiting windows: 0/0. Max active instruction index: 18
2024-12-04 13:41:17 | Simulation update: decoder round 2964, completed instructions: 418/2338, actively running or decoding instructions: 9, waiting windows: 1430/2892. Max active instruction index: 625
2024-12-04 13:41:27 | Simulation update: decoder round 6095, completed instructions: 734/2338, actively running or decoding instructions: 10, waiting windows: 2912/6000. Max active instruction index: 748
2024-12-04 13:41:37 | Simulation update: decoder round 9213, completed instructions: 1271/2338, actively running or decoding instructions: 9, waiting windows: 4203/8907. Max active instruction index: 1293
2024-12-04 13:41:47 | Simulation update: decoder round 14781, completed instructions: 1953/2338, actively running or decoding instructions: 5, waiting windows: 5717/12436. Max active instruction index: 1932
2024-12-04 13:41:50 | Finished simulation
2024-12-04 13:41:50 | Finished saving output. Done! Total elapsed time: 0:01:21.287914
