CONFIG 76
benchmark_file: slurm/data/20241204_133912/benchmarks/fermi_hubbard_2_2.lss
decoder_latency_or_dist_filename: slurm/data/20241204_133912/decoder_dists.json
distance: 21
lightweight_setting: 2
max_parallel_processes: predict
missed_speculation_modifier: 1.4
poison_policy: successors
rng: 4
scheduling_method: sliding
speculation_accuracy: 0.9
speculation_latency: 1
speculation_mode: separate
2024-12-04 13:39:27 | Loading benchmark slurm/data/20241204_133912/benchmarks/fermi_hubbard_2_2.lss...
2024-12-04 13:39:29 | Starting simulation
PREDICTION STEP BEGIN---------------------------------
Predicted max parallel processes: 178

PREDICTION STEP END-----------------------------------

2024-12-04 14:10:23 | Simulation update: decoder round 1, completed instructions: 0/21751, actively running or decoding instructions: 14, waiting windows: 0/0. Max active instruction index: 50
2024-12-04 14:10:33 | Simulation update: decoder round 557, completed instructions: 62/21751, actively running or decoding instructions: 5, waiting windows: 91/366. Max active instruction index: 59
2024-12-04 14:10:43 | Simulation update: decoder round 1111, completed instructions: 83/21751, actively running or decoding instructions: 5, waiting windows: 89/719. Max active instruction index: 79
2024-12-04 14:10:53 | Simulation update: decoder round 1670, completed instructions: 98/21751, actively running or decoding instructions: 2, waiting windows: 87/1084. Max active instruction index: 95
2024-12-04 14:11:03 | Simulation update: decoder round 2230, completed instructions: 123/21751, actively running or decoding instructions: 8, waiting windows: 99/1449. Max active instruction index: 119
2024-12-04 14:11:13 | Simulation update: decoder round 2789, completed instructions: 142/21751, actively running or decoding instructions: 5, waiting windows: 83/1806. Max active instruction index: 139
2024-12-04 14:11:24 | Simulation update: decoder round 3347, completed instructions: 154/21751, actively running or decoding instructions: 2, waiting windows: 90/2163. Max active instruction index: 154
2024-12-04 14:11:34 | Simulation update: decoder round 3909, completed instructions: 182/21751, actively running or decoding instructions: 8, waiting windows: 97/2534. Max active instruction index: 179
2024-12-04 14:11:44 | Simulation update: decoder round 4468, completed instructions: 202/21751, actively running or decoding instructions: 2, waiting windows: 95/2893. Max active instruction index: 199
2024-12-04 14:11:54 | Simulation update: decoder round 5028, completed instructions: 219/21751, actively running or decoding instructions: 8, waiting windows: 92/3254. Max active instruction index: 222
2024-12-04 14:12:04 | Simulation update: decoder round 5591, completed instructions: 243/21751, actively running or decoding instructions: 5, waiting windows: 94/3618. Max active instruction index: 243
2024-12-04 14:12:14 | Simulation update: decoder round 6151, completed instructions: 267/21751, actively running or decoding instructions: 6, waiting windows: 88/3968. Max active instruction index: 267
2024-12-04 14:12:24 | Simulation update: decoder round 6713, completed instructions: 290/21751, actively running or decoding instructions: 8, waiting windows: 91/4338. Max active instruction index: 287
2024-12-04 14:12:34 | Simulation update: decoder round 7274, completed instructions: 310/21751, actively running or decoding instructions: 5, waiting windows: 94/4699. Max active instruction index: 307
2024-12-04 14:12:44 | Simulation update: decoder round 7833, completed instructions: 322/21751, actively running or decoding instructions: 5, waiting windows: 84/5043. Max active instruction index: 319
2024-12-04 14:12:54 | Simulation update: decoder round 8401, completed instructions: 335/21751, actively running or decoding instructions: 4, waiting windows: 89/5411. Max active instruction index: 336
2024-12-04 14:13:04 | Simulation update: decoder round 8969, completed instructions: 362/21751, actively running or decoding instructions: 5, waiting windows: 94/5777. Max active instruction index: 359
2024-12-04 14:13:14 | Simulation update: decoder round 9538, completed instructions: 379/21751, actively running or decoding instructions: 8, waiting windows: 94/6138. Max active instruction index: 382
2024-12-04 14:13:24 | Simulation update: decoder round 10103, completed instructions: 398/21751, actively running or decoding instructions: 5, waiting windows: 95/6497. Max active instruction index: 395
2024-12-04 14:13:34 | Simulation update: decoder round 10676, completed instructions: 414/21751, actively running or decoding instructions: 3, waiting windows: 84/6857. Max active instruction index: 418
2024-12-04 14:13:44 | Simulation update: decoder round 11249, completed instructions: 442/21751, actively running or decoding instructions: 5, waiting windows: 86/7222. Max active instruction index: 439
2024-12-04 14:13:54 | Simulation update: decoder round 11827, completed instructions: 458/21751, actively running or decoding instructions: 2, waiting windows: 94/7601. Max active instruction index: 455
2024-12-04 14:14:04 | Simulation update: decoder round 12405, completed instructions: 478/21751, actively running or decoding instructions: 2, waiting windows: 90/7975. Max active instruction index: 475
2024-12-04 14:14:14 | Simulation update: decoder round 12985, completed instructions: 502/21751, actively running or decoding instructions: 5, waiting windows: 94/8348. Max active instruction index: 499
2024-12-04 14:14:24 | Simulation update: decoder round 13567, completed instructions: 522/21751, actively running or decoding instructions: 6, waiting windows: 95/8723. Max active instruction index: 519
2024-12-04 14:14:34 | Simulation update: decoder round 14146, completed instructions: 547/21751, actively running or decoding instructions: 5, waiting windows: 97/9096. Max active instruction index: 543
2024-12-04 14:14:44 | Simulation update: decoder round 14729, completed instructions: 562/21751, actively running or decoding instructions: 2, waiting windows: 91/9470. Max active instruction index: 562
2024-12-04 14:14:54 | Simulation update: decoder round 15310, completed instructions: 586/21751, actively running or decoding instructions: 8, waiting windows: 92/9846. Max active instruction index: 583
2024-12-04 14:15:04 | Simulation update: decoder round 15895, completed instructions: 606/21751, actively running or decoding instructions: 2, waiting windows: 85/10219. Max active instruction index: 603
2024-12-04 14:15:14 | Simulation update: decoder round 16485, completed instructions: 630/21751, actively running or decoding instructions: 5, waiting windows: 90/10596. Max active instruction index: 627
2024-12-04 14:15:24 | Simulation update: decoder round 17068, completed instructions: 654/21751, actively running or decoding instructions: 5, waiting windows: 84/10968. Max active instruction index: 651
2024-12-04 14:15:34 | Simulation update: decoder round 17590, completed instructions: 674/21751, actively running or decoding instructions: 8, waiting windows: 97/11305. Max active instruction index: 671
2024-12-04 14:15:44 | Simulation update: decoder round 18180, completed instructions: 691/21751, actively running or decoding instructions: 2, waiting windows: 92/11688. Max active instruction index: 691
2024-12-04 14:15:54 | Simulation update: decoder round 18774, completed instructions: 714/21751, actively running or decoding instructions: 5, waiting windows: 90/12065. Max active instruction index: 711
2024-12-04 14:16:04 | Simulation update: decoder round 19373, completed instructions: 727/21751, actively running or decoding instructions: 5, waiting windows: 88/12448. Max active instruction index: 730
2024-12-04 14:16:14 | Simulation update: decoder round 19969, completed instructions: 750/21751, actively running or decoding instructions: 2, waiting windows: 88/12833. Max active instruction index: 747
2024-12-04 14:16:24 | Simulation update: decoder round 20560, completed instructions: 770/21751, actively running or decoding instructions: 5, waiting windows: 95/13216. Max active instruction index: 767
2024-12-04 14:16:34 | Simulation update: decoder round 21155, completed instructions: 786/21751, actively running or decoding instructions: 2, waiting windows: 84/13598. Max active instruction index: 786
2024-12-04 14:16:44 | Simulation update: decoder round 21753, completed instructions: 815/21751, actively running or decoding instructions: 8, waiting windows: 86/13986. Max active instruction index: 815
2024-12-04 14:16:54 | Simulation update: decoder round 22348, completed instructions: 830/21751, actively running or decoding instructions: 5, waiting windows: 94/14369. Max active instruction index: 827
2024-12-04 14:17:04 | Simulation update: decoder round 22949, completed instructions: 850/21751, actively running or decoding instructions: 2, waiting windows: 85/14747. Max active instruction index: 847
2024-12-04 14:17:14 | Simulation update: decoder round 23552, completed instructions: 875/21751, actively running or decoding instructions: 2, waiting windows: 96/15151. Max active instruction index: 871
2024-12-04 14:17:24 | Simulation update: decoder round 24156, completed instructions: 890/21751, actively running or decoding instructions: 5, waiting windows: 99/15540. Max active instruction index: 887
2024-12-04 14:17:34 | Simulation update: decoder round 24763, completed instructions: 910/21751, actively running or decoding instructions: 5, waiting windows: 87/15926. Max active instruction index: 907
2024-12-04 14:17:44 | Simulation update: decoder round 25368, completed instructions: 935/21751, actively running or decoding instructions: 3, waiting windows: 84/16316. Max active instruction index: 938
2024-12-04 14:17:54 | Simulation update: decoder round 25972, completed instructions: 959/21751, actively running or decoding instructions: 2, waiting windows: 91/16725. Max active instruction index: 955
2024-12-04 14:18:04 | Simulation update: decoder round 26581, completed instructions: 982/21751, actively running or decoding instructions: 2, waiting windows: 89/17119. Max active instruction index: 982
2024-12-04 14:18:14 | Simulation update: decoder round 27189, completed instructions: 1002/21751, actively running or decoding instructions: 3, waiting windows: 87/17508. Max active instruction index: 1006
2024-12-04 14:18:24 | Simulation update: decoder round 27798, completed instructions: 1034/21751, actively running or decoding instructions: 8, waiting windows: 88/17905. Max active instruction index: 1031
2024-12-04 14:18:34 | Simulation update: decoder round 28407, completed instructions: 1058/21751, actively running or decoding instructions: 5, waiting windows: 90/18291. Max active instruction index: 1055
2024-12-04 14:18:44 | Simulation update: decoder round 29022, completed instructions: 1091/21751, actively running or decoding instructions: 7, waiting windows: 101/18693. Max active instruction index: 1091
2024-12-04 14:18:54 | Simulation update: decoder round 29639, completed instructions: 1119/21751, actively running or decoding instructions: 3, waiting windows: 100/19128. Max active instruction index: 1114
2024-12-04 14:19:04 | Simulation update: decoder round 30258, completed instructions: 1143/21751, actively running or decoding instructions: 2, waiting windows: 95/19562. Max active instruction index: 1138
2024-12-04 14:19:14 | Simulation update: decoder round 30877, completed instructions: 1172/21751, actively running or decoding instructions: 5, waiting windows: 101/19998. Max active instruction index: 1166
2024-12-04 14:19:24 | Simulation update: decoder round 31499, completed instructions: 1196/21751, actively running or decoding instructions: 5, waiting windows: 96/20430. Max active instruction index: 1190
2024-12-04 14:19:34 | Simulation update: decoder round 32121, completed instructions: 1220/21751, actively running or decoding instructions: 6, waiting windows: 92/20867. Max active instruction index: 1220
2024-12-04 14:19:44 | Simulation update: decoder round 32746, completed instructions: 1253/21751, actively running or decoding instructions: 8, waiting windows: 108/21310. Max active instruction index: 1248
2024-12-04 14:19:54 | Simulation update: decoder round 33368, completed instructions: 1268/21751, actively running or decoding instructions: 5, waiting windows: 101/21737. Max active instruction index: 1262
2024-12-04 14:20:04 | Simulation update: decoder round 33990, completed instructions: 1286/21751, actively running or decoding instructions: 8, waiting windows: 100/22178. Max active instruction index: 1286
2024-12-04 14:20:14 | Simulation update: decoder round 34610, completed instructions: 1315/21751, actively running or decoding instructions: 2, waiting windows: 102/22625. Max active instruction index: 1310
2024-12-04 14:20:24 | Simulation update: decoder round 35240, completed instructions: 1339/21751, actively running or decoding instructions: 5, waiting windows: 94/23062. Max active instruction index: 1334
