CONFIG 101
benchmark_file: slurm/data/20241106_191145/benchmarks/regular_t_1000_0.lss
decoder_latency_or_dist_filename: slurm/data/20241106_191145/decoder_dists_nd.json
distance: 21
max_parallel_processes: None
rng: 1
scheduling_method: aligned
speculation_accuracy: 0.99
speculation_latency: 1
speculation_mode: separate
2024-11-06 19:12:02 | Loading benchmark slurm/data/20241106_191145/benchmarks/regular_t_1000_0.lss...
2024-11-06 19:12:02 | Starting simulation
2024-11-06 19:12:02 | Simulation update: decoder round 1, completed instructions: 0/4001, actively running or decoding instructions: 1, waiting windows: 0/0. Max active instruction index: 0
2024-11-06 19:12:12 | Simulation update: decoder round 53641, completed instructions: 760/4001, actively running or decoding instructions: 3, waiting windows: 2741/5836. Max active instruction index: 757
2024-11-06 19:12:22 | Simulation update: decoder round 99187, completed instructions: 1404/4001, actively running or decoding instructions: 3, waiting windows: 5146/10963. Max active instruction index: 1401
2024-11-06 19:12:32 | Simulation update: decoder round 139844, completed instructions: 1976/4001, actively running or decoding instructions: 2, waiting windows: 7244/15447. Max active instruction index: 1973
2024-11-06 19:12:42 | Simulation update: decoder round 178746, completed instructions: 2524/4001, actively running or decoding instructions: 3, waiting windows: 9241/19715. Max active instruction index: 2521
2024-11-06 19:12:52 | Simulation update: decoder round 216642, completed instructions: 3060/4001, actively running or decoding instructions: 4, waiting windows: 11157/23809. Max active instruction index: 3064
2024-11-06 19:13:02 | Simulation update: decoder round 250730, completed instructions: 3541/4001, actively running or decoding instructions: 3, waiting windows: 12940/27612. Max active instruction index: 3537
2024-11-06 19:13:11 | Finished simulation
2024-11-06 19:13:12 | Finished saving output. Done! Total elapsed time: 0:01:10.859463
